<?xml version="1.0" encoding="UTF-8"?>
<testsuite name="com.rbmhtechnology.solr.cmt.CollectionManagementServiceUtilsTest" tests="5" skipped="0" failures="1" errors="0" timestamp="2017-08-18T16:41:43" hostname="kang" time="0.917">
  <properties/>
  <testcase name="utilsNameToPathTest" classname="com.rbmhtechnology.solr.cmt.CollectionManagementServiceUtilsTest" time="0.197"/>
  <testcase name="downloadToTempDir" classname="com.rbmhtechnology.solr.cmt.CollectionManagementServiceUtilsTest" time="0.003"/>
  <testcase name="utilsNameToPathTest2" classname="com.rbmhtechnology.solr.cmt.CollectionManagementServiceUtilsTest" time="0.0"/>
  <testcase name="unzipJarTest" classname="com.rbmhtechnology.solr.cmt.CollectionManagementServiceUtilsTest" time="0.002"/>
  <testcase name="testDownloadConfiguration" classname="com.rbmhtechnology.solr.cmt.CollectionManagementServiceUtilsTest" time="0.714">
    <failure message="java.io.IOException: Cannot create temp folder for downloading com.rbmhtechnology.vind:solr:1.0.0" type="java.io.IOException">java.io.IOException: Cannot create temp folder for downloading com.rbmhtechnology.vind:solr:1.0.0
	at com.rbmhtechnology.solr.cmt.CollectionManagementService.downloadConfiguration(CollectionManagementService.java:400)
	at com.rbmhtechnology.solr.cmt.CollectionManagementServiceUtilsTest.testDownloadConfiguration(CollectionManagementServiceUtilsTest.java:58)
	at sun.reflect.NativeMethodAccessorImpl.invoke0(Native Method)
	at sun.reflect.NativeMethodAccessorImpl.invoke(NativeMethodAccessorImpl.java:62)
	at sun.reflect.DelegatingMethodAccessorImpl.invoke(DelegatingMethodAccessorImpl.java:43)
	at java.lang.reflect.Method.invoke(Method.java:498)
	at org.junit.runners.model.FrameworkMethod$1.runReflectiveCall(FrameworkMethod.java:50)
	at org.junit.internal.runners.model.ReflectiveCallable.run(ReflectiveCallable.java:12)
	at org.junit.runners.model.FrameworkMethod.invokeExplosively(FrameworkMethod.java:47)
	at org.junit.internal.runners.statements.InvokeMethod.evaluate(InvokeMethod.java:17)
	at org.junit.rules.ExternalResource$1.evaluate(ExternalResource.java:48)
	at org.junit.rules.RunRules.evaluate(RunRules.java:20)
	at org.junit.runners.ParentRunner.runLeaf(ParentRunner.java:325)
	at org.junit.runners.BlockJUnit4ClassRunner.runChild(BlockJUnit4ClassRunner.java:78)
	at org.junit.runners.BlockJUnit4ClassRunner.runChild(BlockJUnit4ClassRunner.java:57)
	at org.junit.runners.ParentRunner$3.run(ParentRunner.java:290)
	at org.junit.runners.ParentRunner$1.schedule(ParentRunner.java:71)
	at org.junit.runners.ParentRunner.runChildren(ParentRunner.java:288)
	at org.junit.runners.ParentRunner.access$000(ParentRunner.java:58)
	at org.junit.runners.ParentRunner$2.evaluate(ParentRunner.java:268)
	at org.junit.runners.ParentRunner.run(ParentRunner.java:363)
	at org.gradle.api.internal.tasks.testing.junit.JUnitTestClassExecuter.runTestClass(JUnitTestClassExecuter.java:114)
	at org.gradle.api.internal.tasks.testing.junit.JUnitTestClassExecuter.execute(JUnitTestClassExecuter.java:57)
	at org.gradle.api.internal.tasks.testing.junit.JUnitTestClassProcessor.processTestClass(JUnitTestClassProcessor.java:66)
	at org.gradle.api.internal.tasks.testing.SuiteTestClassProcessor.processTestClass(SuiteTestClassProcessor.java:51)
	at sun.reflect.NativeMethodAccessorImpl.invoke0(Native Method)
	at sun.reflect.NativeMethodAccessorImpl.invoke(NativeMethodAccessorImpl.java:62)
	at sun.reflect.DelegatingMethodAccessorImpl.invoke(DelegatingMethodAccessorImpl.java:43)
	at java.lang.reflect.Method.invoke(Method.java:498)
	at org.gradle.internal.dispatch.ReflectionDispatch.dispatch(ReflectionDispatch.java:35)
	at org.gradle.internal.dispatch.ReflectionDispatch.dispatch(ReflectionDispatch.java:24)
	at org.gradle.internal.dispatch.ContextClassLoaderDispatch.dispatch(ContextClassLoaderDispatch.java:32)
	at org.gradle.internal.dispatch.ProxyDispatchAdapter$DispatchingInvocationHandler.invoke(ProxyDispatchAdapter.java:93)
	at com.sun.proxy.$Proxy2.processTestClass(Unknown Source)
	at org.gradle.api.internal.tasks.testing.worker.TestWorker.processTestClass(TestWorker.java:109)
	at sun.reflect.NativeMethodAccessorImpl.invoke0(Native Method)
	at sun.reflect.NativeMethodAccessorImpl.invoke(NativeMethodAccessorImpl.java:62)
	at sun.reflect.DelegatingMethodAccessorImpl.invoke(DelegatingMethodAccessorImpl.java:43)
	at java.lang.reflect.Method.invoke(Method.java:498)
	at org.gradle.internal.dispatch.ReflectionDispatch.dispatch(ReflectionDispatch.java:35)
	at org.gradle.internal.dispatch.ReflectionDispatch.dispatch(ReflectionDispatch.java:24)
	at org.gradle.internal.remote.internal.hub.MessageHubBackedObjectConnection$DispatchWrapper.dispatch(MessageHubBackedObjectConnection.java:147)
	at org.gradle.internal.remote.internal.hub.MessageHubBackedObjectConnection$DispatchWrapper.dispatch(MessageHubBackedObjectConnection.java:129)
	at org.gradle.internal.remote.internal.hub.MessageHub$Handler.run(MessageHub.java:404)
	at org.gradle.internal.concurrent.ExecutorPolicy$CatchAndRecordFailures.onExecute(ExecutorPolicy.java:63)
	at org.gradle.internal.concurrent.StoppableExecutorImpl$1.run(StoppableExecutorImpl.java:46)
	at java.util.concurrent.ThreadPoolExecutor.runWorker(ThreadPoolExecutor.java:1149)
	at java.util.concurrent.ThreadPoolExecutor$Worker.run(ThreadPoolExecutor.java:624)
	at java.lang.Thread.run(Thread.java:748)
Caused by: java.io.IOException: Cannot get file for com.rbmhtechnology.vind:solr:1.0.0
	at com.rbmhtechnology.solr.cmt.CollectionManagementService$Utils.downloadToTempDir(CollectionManagementService.java:581)
	at com.rbmhtechnology.solr.cmt.CollectionManagementService.downloadConfiguration(CollectionManagementService.java:393)
	... 48 more
</failure>
  </testcase>
  <system-out><![CDATA[]]></system-out>
  <system-err><![CDATA[[Test worker] WARN com.rbmhtechnology.solr.cmt.CollectionManagementService - Unable to find artifact in repo http://central.maven.org/maven2/
[Test worker] WARN com.rbmhtechnology.solr.cmt.CollectionManagementService - com.rbmhtechnology.vind:solr:1.0.0 cannot be found in http://central.maven.org/maven2/
]]></system-err>
</testsuite>
