<?xml version="1.0" encoding="UTF-8"?>
<testsuite name="com.rbmhtechnology.solr.cmt.CollectionManagementServiceTest" tests="7" skipped="7" failures="0" errors="0" timestamp="2017-08-18T16:41:43" hostname="kang" time="0.002">
  <properties/>
  <testcase name="addOrUpdateRuntimeDependenciesTest" classname="com.rbmhtechnology.solr.cmt.CollectionManagementServiceTest" time="0.0">
    <skipped/>
  </testcase>
  <testcase name="getVersionAndInstallIfNecessaryTest" classname="com.rbmhtechnology.solr.cmt.CollectionManagementServiceTest" time="0.0">
    <skipped/>
  </testcase>
  <testcase name="getVersionAndInstallIfNecessaryTest2" classname="com.rbmhtechnology.solr.cmt.CollectionManagementServiceTest" time="0.0">
    <skipped/>
  </testcase>
  <testcase name="configurationIsDeployedTest" classname="com.rbmhtechnology.solr.cmt.CollectionManagementServiceTest" time="0.0">
    <skipped/>
  </testcase>
  <testcase name="listRuntimeDependenciesTest" classname="com.rbmhtechnology.solr.cmt.CollectionManagementServiceTest" time="0.0">
    <skipped/>
  </testcase>
  <testcase name="checkAndInstallRuntimeDependenciesTest" classname="com.rbmhtechnology.solr.cmt.CollectionManagementServiceTest" time="0.0">
    <skipped/>
  </testcase>
  <testcase name="checkAndInstallConfigurationTest" classname="com.rbmhtechnology.solr.cmt.CollectionManagementServiceTest" time="0.0">
    <skipped/>
  </testcase>
  <system-out><![CDATA[]]></system-out>
  <system-err><![CDATA[]]></system-err>
</testsuite>
