<?xml version="1.0" encoding="UTF-8"?>
<testsuite name="com.rbmhtechnology.vind.solr.SolrSearchServerTest" tests="2" skipped="0" failures="0" errors="0" timestamp="2017-08-18T16:41:37" hostname="kang" time="0.101">
  <properties/>
  <testcase name="testIndex" classname="com.rbmhtechnology.vind.solr.SolrSearchServerTest" time="0.092"/>
  <testcase name="testSearch" classname="com.rbmhtechnology.vind.solr.SolrSearchServerTest" time="0.009"/>
  <system-out><![CDATA[]]></system-out>
  <system-err><![CDATA[[Test worker] WARN com.rbmhtechnology.vind.solr.SolrSearchServer - Solr ping and schema validity check has been deactivated.
[Test worker] WARN com.rbmhtechnology.vind.solr.SolrSearchServer - Solr ping and schema validity check has been deactivated.
]]></system-err>
</testsuite>
