<?xml version="1.0" encoding="UTF-8"?>
<testsuite name="com.rbmhtechnology.vind.solr.SchemaValidationExceptionTest" tests="1" skipped="0" failures="0" errors="0" timestamp="2017-08-18T16:41:37" hostname="kang" time="0.059">
  <properties/>
  <testcase name="checkSchemaTest" classname="com.rbmhtechnology.vind.solr.SchemaValidationExceptionTest" time="0.059"/>
  <system-out><![CDATA[]]></system-out>
  <system-err><![CDATA[]]></system-err>
</testsuite>
