<?xml version="1.0" encoding="UTF-8"?>
<testsuite name="com.rbmhtechnology.vind.solr.SolrUtilsTest" tests="1" skipped="0" failures="0" errors="0" timestamp="2017-08-18T16:41:37" hostname="kang" time="0.006">
  <properties/>
  <testcase name="testFieldNameConfiguration" classname="com.rbmhtechnology.vind.solr.SolrUtilsTest" time="0.006"/>
  <system-out><![CDATA[]]></system-out>
  <system-err><![CDATA[]]></system-err>
</testsuite>
