<?xml version="1.0" encoding="UTF-8"?>
<testsuite name="com.rbmhtechnology.vind.configure.SearchConfigurationTest" tests="2" skipped="0" failures="0" errors="0" timestamp="2017-08-18T16:41:16" hostname="kang" time="0.011">
  <properties/>
  <testcase name="testSystemVarConfiguration" classname="com.rbmhtechnology.vind.configure.SearchConfigurationTest" time="0.009"/>
  <testcase name="testConfiguration" classname="com.rbmhtechnology.vind.configure.SearchConfigurationTest" time="0.002"/>
  <system-out><![CDATA[]]></system-out>
  <system-err><![CDATA[[Test worker] INFO com.rbmhtechnology.vind.configure.SearchConfiguration - Trying to load configurations file from System properties var 'vind.properties.file':...
[Test worker] INFO com.rbmhtechnology.vind.configure.SearchConfiguration - Found system var with properties file path '/home/fonso/projects/redbull/vind/api/build/resources/test/system.properties'
[Test worker] INFO com.rbmhtechnology.vind.configure.SearchConfiguration - Found system configuration in '/home/fonso/projects/redbull/vind/api/build/resources/test/system.properties'
[Test worker] INFO com.rbmhtechnology.vind.configure.SearchConfiguration - Trying to load custom configurations from file 'vind.properties':...
[Test worker] INFO com.rbmhtechnology.vind.configure.SearchConfiguration - Found custom configuration in '/home/fonso/projects/redbull/vind/api/build/resources/test/vind.properties'
[Test worker] INFO com.rbmhtechnology.vind.configure.SearchConfiguration - Trying to load configurations file from System properties var 'vind.properties.file':...
[Test worker] INFO com.rbmhtechnology.vind.configure.SearchConfiguration - Found system var with properties file path '/home/fonso/projects/redbull/vind/api/build/resources/test/system.properties'
[Test worker] INFO com.rbmhtechnology.vind.configure.SearchConfiguration - Found system configuration in '/home/fonso/projects/redbull/vind/api/build/resources/test/system.properties'
[Test worker] INFO com.rbmhtechnology.vind.configure.SearchConfiguration - Trying to load custom configurations from file 'vind.properties':...
[Test worker] INFO com.rbmhtechnology.vind.configure.SearchConfiguration - Found custom configuration in '/home/fonso/projects/redbull/vind/api/build/resources/test/vind.properties'
[Test worker] INFO com.rbmhtechnology.vind.configure.SearchConfiguration - Trying to load configurations file from System properties var 'vind.properties.file':...
[Test worker] INFO com.rbmhtechnology.vind.configure.SearchConfiguration - configurations file from System properties
[Test worker] INFO com.rbmhtechnology.vind.configure.SearchConfiguration - Trying to load custom configurations from file 'vind.properties':...
[Test worker] INFO com.rbmhtechnology.vind.configure.SearchConfiguration - Found custom configuration in '/home/fonso/projects/redbull/vind/api/build/resources/test/vind.properties'
[Test worker] INFO com.rbmhtechnology.vind.configure.SearchConfiguration - Trying to load configurations file from System properties var 'vind.properties.file':...
[Test worker] INFO com.rbmhtechnology.vind.configure.SearchConfiguration - configurations file from System properties
[Test worker] INFO com.rbmhtechnology.vind.configure.SearchConfiguration - Trying to load custom configurations from file 'vind.properties':...
[Test worker] INFO com.rbmhtechnology.vind.configure.SearchConfiguration - Found custom configuration in '/home/fonso/projects/redbull/vind/api/build/resources/test/vind.properties'
]]></system-err>
</testsuite>
