<?xml version="1.0" encoding="UTF-8"?>
<testsuite name="com.rbmhtechnology.vind.api.FilterTest" tests="1" skipped="0" failures="0" errors="0" timestamp="2017-08-18T16:41:16" hostname="kang" time="0.016">
  <properties/>
  <testcase name="testAndFilters" classname="com.rbmhtechnology.vind.api.FilterTest" time="0.016"/>
  <system-out><![CDATA[]]></system-out>
  <system-err><![CDATA[]]></system-err>
</testsuite>
