<?xml version="1.0" encoding="UTF-8"?>
<testsuite name="com.rbmhtechnology.vind.model.DocumentFactoryTest" tests="4" skipped="0" failures="0" errors="0" timestamp="2017-08-18T16:41:16" hostname="kang" time="0.003">
  <properties/>
  <testcase name="setValuesTest" classname="com.rbmhtechnology.vind.model.DocumentFactoryTest" time="0.002"/>
  <testcase name="addValueTest" classname="com.rbmhtechnology.vind.model.DocumentFactoryTest" time="0.0"/>
  <testcase name="getValueTest" classname="com.rbmhtechnology.vind.model.DocumentFactoryTest" time="0.001"/>
  <testcase name="removeValueTest" classname="com.rbmhtechnology.vind.model.DocumentFactoryTest" time="0.0"/>
  <system-out><![CDATA[]]></system-out>
  <system-err><![CDATA[[Test worker] ERROR com.rbmhtechnology.vind.model.DocumentFactory$DocumentImpl - Value: '7' of type [class java.lang.Integer] is not assignable to field descriptor 'multipleStringField' of type [class java.lang.String]
[Test worker] ERROR com.rbmhtechnology.vind.model.DocumentFactory$DocumentImpl - Invalid operation: The field singleStringField is not multivalued.
[Test worker] ERROR com.rbmhtechnology.vind.model.DocumentFactory$DocumentImpl - The field imaginaryField does not exist in this factory
[Test worker] ERROR com.rbmhtechnology.vind.model.DocumentFactory$DocumentImpl - Value: '1' of type [class java.lang.Integer] is not assignable to field descriptor 'multipleStringField' of type [class java.lang.String]
]]></system-err>
</testsuite>
