<?xml version="1.0" encoding="UTF-8"?>
<testsuite name="com.rbmhtechnology.vind.model.TextFieldDescriptorTest" tests="2" skipped="0" failures="0" errors="0" timestamp="2017-08-18T16:41:16" hostname="kang" time="0.001">
  <properties/>
  <testcase name="textPrefixTest" classname="com.rbmhtechnology.vind.model.TextFieldDescriptorTest" time="0.001"/>
  <testcase name="textEqualsTest" classname="com.rbmhtechnology.vind.model.TextFieldDescriptorTest" time="0.0"/>
  <system-out><![CDATA[]]></system-out>
  <system-err><![CDATA[]]></system-err>
</testsuite>
