<?xml version="1.0" encoding="UTF-8"?>
<testsuite name="com.rbmhtechnology.vind.model.DateFieldDescriptorTest" tests="3" skipped="0" failures="0" errors="0" timestamp="2017-08-18T16:41:16" hostname="kang" time="0.019">
  <properties/>
  <testcase name="dateBetweenTest" classname="com.rbmhtechnology.vind.model.DateFieldDescriptorTest" time="0.017"/>
  <testcase name="dateAfterTest" classname="com.rbmhtechnology.vind.model.DateFieldDescriptorTest" time="0.0"/>
  <testcase name="dateBeforeTest" classname="com.rbmhtechnology.vind.model.DateFieldDescriptorTest" time="0.0"/>
  <system-out><![CDATA[]]></system-out>
  <system-err><![CDATA[]]></system-err>
</testsuite>
