<?xml version="1.0" encoding="UTF-8"?>
<testsuite name="com.rbmhtechnology.vind.solr.server.SolrSearchServerTest" tests="6" skipped="5" failures="0" errors="0" timestamp="2017-08-18T16:41:41" hostname="kang" time="0.232">
  <properties/>
  <testcase name="testExecute" classname="com.rbmhtechnology.vind.solr.server.SolrSearchServerTest" time="0.23"/>
  <testcase name="testExecuteReal" classname="com.rbmhtechnology.vind.solr.server.SolrSearchServerTest" time="0.0">
    <skipped/>
  </testcase>
  <testcase name="testConfigureCloudCoreHostReal" classname="com.rbmhtechnology.vind.solr.server.SolrSearchServerTest" time="0.0">
    <skipped/>
  </testcase>
  <testcase name="testConfigureCoreReal" classname="com.rbmhtechnology.vind.solr.server.SolrSearchServerTest" time="0.0">
    <skipped/>
  </testcase>
  <testcase name="testConfigureProviderHostCoreReal" classname="com.rbmhtechnology.vind.solr.server.SolrSearchServerTest" time="0.0">
    <skipped/>
  </testcase>
  <testcase name="testConfigureCoreHostReal" classname="com.rbmhtechnology.vind.solr.server.SolrSearchServerTest" time="0.0">
    <skipped/>
  </testcase>
  <system-out><![CDATA[]]></system-out>
  <system-err><![CDATA[[Test worker] WARN com.rbmhtechnology.vind.solr.SolrSearchServer - Solr ping and schema validity check has been deactivated.
[Test worker] INFO com.rbmhtechnology.vind.configure.SearchConfiguration - Trying to load configurations file from System properties var 'vind.properties.file':...
[Test worker] INFO com.rbmhtechnology.vind.configure.SearchConfiguration - configurations file from System properties
[Test worker] INFO com.rbmhtechnology.vind.configure.SearchConfiguration - Trying to load custom configurations from file 'vind.properties':...
[Test worker] INFO com.rbmhtechnology.vind.configure.SearchConfiguration - Not found configurations file path in System properties, using default values
]]></system-err>
</testsuite>
