<?xml version="1.0" encoding="UTF-8"?>
<testsuite name="com.rbmhtechnology.vind.test.TestServerTest" tests="35" skipped="0" failures="0" errors="0" timestamp="2017-08-18T16:41:25" hostname="kang" time="9.52">
  <properties/>
  <testcase name="wildcardIntervalLimitTest" classname="com.rbmhtechnology.vind.test.TestServerTest" time="0.318"/>
  <testcase name="sliceResultTest" classname="com.rbmhtechnology.vind.test.TestServerTest" time="0.265"/>
  <testcase name="testLocationDescriptor" classname="com.rbmhtechnology.vind.test.TestServerTest" time="0.324"/>
  <testcase name="testSortableMultiValuedFields" classname="com.rbmhtechnology.vind.test.TestServerTest" time="0.298"/>
  <testcase name="testEmbeddedSolr" classname="com.rbmhtechnology.vind.test.TestServerTest" time="0.489"/>
  <testcase name="testClearIndex" classname="com.rbmhtechnology.vind.test.TestServerTest" time="0.219"/>
  <testcase name="scopedFilterTest" classname="com.rbmhtechnology.vind.test.TestServerTest" time="0.24"/>
  <testcase name="testSolrUtilDateMultivalueFields" classname="com.rbmhtechnology.vind.test.TestServerTest" time="0.205"/>
  <testcase name="testRuntimeLib" classname="com.rbmhtechnology.vind.test.TestServerTest" time="0.255"/>
  <testcase name="testSearchGetById" classname="com.rbmhtechnology.vind.test.TestServerTest" time="0.309"/>
  <testcase name="testPartialUpdate" classname="com.rbmhtechnology.vind.test.TestServerTest" time="0.37"/>
  <testcase name="testDoubleDependency" classname="com.rbmhtechnology.vind.test.TestServerTest" time="0.265"/>
  <testcase name="timeZoneSearchTest" classname="com.rbmhtechnology.vind.test.TestServerTest" time="0.216"/>
  <testcase name="prefixFilterTest" classname="com.rbmhtechnology.vind.test.TestServerTest" time="0.233"/>
  <testcase name="binaryFieldTest" classname="com.rbmhtechnology.vind.test.TestServerTest" time="0.205"/>
  <testcase name="complexFieldTest" classname="com.rbmhtechnology.vind.test.TestServerTest" time="0.282"/>
  <testcase name="testSuggestionFiltering" classname="com.rbmhtechnology.vind.test.TestServerTest" time="0.183"/>
  <testcase name="advanceFilterTest" classname="com.rbmhtechnology.vind.test.TestServerTest" time="0.219"/>
  <testcase name="testIndexMultipleDocuments" classname="com.rbmhtechnology.vind.test.TestServerTest" time="0.239"/>
  <testcase name="atomicUpdateComplexFieldsTest" classname="com.rbmhtechnology.vind.test.TestServerTest" time="0.318"/>
  <testcase name="complexFieldBooleanTest" classname="com.rbmhtechnology.vind.test.TestServerTest" time="0.193"/>
  <testcase name="testEmptyChildrenSearch" classname="com.rbmhtechnology.vind.test.TestServerTest" time="0.219"/>
  <testcase name="isNotEmptyFilterTest" classname="com.rbmhtechnology.vind.test.TestServerTest" time="0.231"/>
  <testcase name="supportUnderscoredFieldNamesTest" classname="com.rbmhtechnology.vind.test.TestServerTest" time="0.18"/>
  <testcase name="queryTermWithDashCharTest" classname="com.rbmhtechnology.vind.test.TestServerTest" time="0.224"/>
  <testcase name="testDateMathIntervals" classname="com.rbmhtechnology.vind.test.TestServerTest" time="0.263"/>
  <testcase name="testTypeIDScoreAsFieldname" classname="com.rbmhtechnology.vind.test.TestServerTest" time="0.198"/>
  <testcase name="testPartialUpdates" classname="com.rbmhtechnology.vind.test.TestServerTest" time="0.326"/>
  <testcase name="byQueryFacetConfigurationTest" classname="com.rbmhtechnology.vind.test.TestServerTest" time="0.202"/>
  <testcase name="testContextSearch" classname="com.rbmhtechnology.vind.test.TestServerTest" time="0.529"/>
  <testcase name="testSubdocumentFullReindex" classname="com.rbmhtechnology.vind.test.TestServerTest" time="0.585"/>
  <testcase name="string2FacetTest" classname="com.rbmhtechnology.vind.test.TestServerTest" time="0.205"/>
  <testcase name="testDeleteByQuery" classname="com.rbmhtechnology.vind.test.TestServerTest" time="0.295"/>
  <testcase name="testSubdocuments" classname="com.rbmhtechnology.vind.test.TestServerTest" time="0.204"/>
  <testcase name="testSuggestions" classname="com.rbmhtechnology.vind.test.TestServerTest" time="0.209"/>
  <system-out><![CDATA[SearchResult{numOfResults=2, results=[DocumentImpl{values={created={null=2017-08-18T16:41:27.188Z[UTC]}, modified={null=Fri Aug 18 18:41:27 CEST 2017}, title={null=Hello Friends}, category={null=[4]}}, id='2', type='asset'}, DocumentImpl{values={created={null=2017-08-17T16:41:27.188Z[UTC]}, modified={null=Fri Aug 18 18:41:27 CEST 2017}, title={null=Hello World}, category={null=[1, 2]}}, id='1', type='asset'}]}
SearchResult{numOfResults=2, results=[DocumentImpl{values={created={null=2017-08-18T16:41:32.464Z[UTC]}, modified={null=Fri Aug 18 18:41:32 CEST 2017}, title={null=Hello Friends}, category={null=[4]}}, id='2', type='asset'}, DocumentImpl{values={created={null=2017-08-17T16:41:32.464Z[UTC]}, modified={null=Fri Aug 18 18:41:32 CEST 2017}, title={null=Hello World}, category={null=[1, 2]}}, id='1', type='asset'}]}
]]></system-out>
  <system-err><![CDATA[[Test worker] INFO com.rbmhtechnology.vind.solr.SolrSearchServer - No server provider of type class com.rbmhtechnology.vind.solr.EmbeddedSolrServerProvider found in classpath for server com.rbmhtechnology.vind.solr.SolrSearchServer
[Test worker] INFO com.rbmhtechnology.vind.solr.SolrSearchServer - No server provider of type class com.rbmhtechnology.vind.solr.EmbeddedSolrServerProvider found in classpath for server com.rbmhtechnology.vind.solr.SolrSearchServer
[Test worker] INFO org.apache.solr.core.SolrResourceLoader - new SolrResourceLoader for directory: '/tmp/solr-home6154140409675109073'
[Test worker] INFO org.apache.solr.core.SolrResourceLoader - JNDI not configured for solr (NoInitialContextEx)
[Test worker] INFO org.apache.solr.core.SolrResourceLoader - solr home defaulted to 'solr/' (could not find system property or JNDI)
[Test worker] INFO org.apache.solr.core.SolrXmlConfig - Loading container configuration from /tmp/solr-home6154140409675109073/solr.xml
[Test worker] INFO org.apache.solr.core.CorePropertiesLocator - Config-defined core root directory: /tmp/solr-home6154140409675109073
[Test worker] INFO org.apache.solr.core.CoreContainer - New CoreContainer 1648255805
[Test worker] INFO org.apache.solr.core.CoreContainer - Loading cores into CoreContainer [instanceDir=/tmp/solr-home6154140409675109073]
[Test worker] WARN org.apache.solr.core.CoreContainer - Couldn't add files from /tmp/solr-home6154140409675109073/lib to classpath: /tmp/solr-home6154140409675109073/lib
[Test worker] INFO org.apache.solr.handler.component.HttpShardHandlerFactory - created with socketTimeout : 120000,connTimeout : 15000,maxConnectionsPerHost : 20,maxConnections : 10000,corePoolSize : 0,maximumPoolSize : 2147483647,maxThreadIdleTime : 5,sizeOfQueue : -1,fairnessPolicy : false,useRetries : false,
[Test worker] INFO org.apache.solr.update.UpdateShardHandler - Creating UpdateShardHandler HTTP client with params: socketTimeout=600000&connTimeout=60000&retry=true
[Test worker] INFO org.apache.solr.logging.LogWatcher - SLF4J impl is org.slf4j.impl.SimpleLoggerFactory
[Test worker] INFO org.apache.solr.logging.LogWatcher - No LogWatcher configured
[Test worker] INFO org.apache.solr.core.CoreContainer - Security conf doesn't exist. Skipping setup for authorization module.
[Test worker] INFO org.apache.solr.core.CoreContainer - No authentication plugin used.
[Test worker] INFO org.apache.solr.core.CorePropertiesLocator - Looking for core definitions underneath /tmp/solr-home6154140409675109073
[Test worker] INFO org.apache.solr.core.CoreDescriptor - Created CoreDescriptor: {runtimeLib=false, name=core, config=solrconfig.xml, loadOnStartup=true, schema=schema.xml, configSetProperties=configsetprops.json, transient=false, dataDir=data/}
[Test worker] INFO org.apache.solr.core.CorePropertiesLocator - Found core core in /tmp/solr-home6154140409675109073/core
[Test worker] INFO org.apache.solr.core.CorePropertiesLocator - Found 1 core definitions
[coreLoadExecutor-85-thread-1] INFO org.apache.solr.core.SolrResourceLoader - new SolrResourceLoader for directory: '/tmp/solr-home6154140409675109073/core'
[coreLoadExecutor-85-thread-1] INFO org.apache.solr.core.SolrResourceLoader - JNDI not configured for solr (NoInitialContextEx)
[coreLoadExecutor-85-thread-1] INFO org.apache.solr.core.SolrResourceLoader - solr home defaulted to 'solr/' (could not find system property or JNDI)
[coreLoadExecutor-85-thread-1] INFO org.apache.solr.core.SolrResourceLoader - Adding 'file:/tmp/solr-home6154140409675109073/core/lib/marker-search-handler-0.3.0.jar' to classloader
[coreLoadExecutor-85-thread-1] INFO org.apache.solr.core.SolrResourceLoader - Adding 'file:/tmp/solr-home6154140409675109073/core/lib/suggestion-request-handler-2.1.0.jar' to classloader
[coreLoadExecutor-85-thread-1] INFO org.apache.solr.core.SolrConfig - current version of requestparams : -1
[coreLoadExecutor-85-thread-1] INFO org.apache.solr.update.SolrIndexConfig - IndexWriter infoStream solr logging is enabled
[coreLoadExecutor-85-thread-1] INFO org.apache.solr.core.SolrConfig - Using Lucene MatchVersion: 5.5.0
[coreLoadExecutor-85-thread-1] INFO org.apache.solr.core.SolrConfig - Loaded SolrConfig: solrconfig.xml
[coreLoadExecutor-85-thread-1] INFO org.apache.solr.schema.ManagedIndexSchemaFactory - The schema is configured as managed, but managed schema resource managed-schema not found - loading non-managed schema schema.xml instead
[coreLoadExecutor-85-thread-1] INFO org.apache.solr.schema.IndexSchema - [core] Schema name=basic search lib core
[coreLoadExecutor-85-thread-1] INFO org.apache.solr.schema.IndexSchema - unique key field: _id_
[coreLoadExecutor-85-thread-1] INFO org.apache.solr.schema.ManagedIndexSchema - Upgraded to managed schema at /tmp/solr-home6154140409675109073/core/conf/managed-schema
[coreLoadExecutor-85-thread-1] INFO org.apache.solr.schema.ManagedIndexSchemaFactory - After upgrading to managed schema, renamed the non-managed schema /tmp/solr-home6154140409675109073/core/conf/schema.xml to /tmp/solr-home6154140409675109073/core/conf/schema.xml.bak
[coreLoadExecutor-85-thread-1] INFO org.apache.solr.core.ConfigSetProperties - Did not find ConfigSet properties, assuming default properties: Can't find resource 'configsetprops.json' in classpath or '/tmp/solr-home6154140409675109073/core'
[coreLoadExecutor-85-thread-1] INFO org.apache.solr.core.CoreContainer - Creating SolrCore 'core' using configuration from instancedir /tmp/solr-home6154140409675109073/core
[coreLoadExecutor-85-thread-1] INFO org.apache.solr.core.SolrCore - solr.NRTCachingDirectoryFactory
[coreLoadExecutor-85-thread-1] INFO org.apache.solr.core.SolrCore - [[core] ] Opening new SolrCore at [/tmp/solr-home6154140409675109073/core], dataDir=[/tmp/solr-home6154140409675109073/core/data/]
[coreLoadExecutor-85-thread-1] INFO org.apache.solr.core.JmxMonitoredMap - No JMX servers found, not exposing Solr information with JMX.
[coreLoadExecutor-85-thread-1] INFO org.apache.solr.core.SchemaCodecFactory - Using default compressionMode: BEST_SPEED
[coreLoadExecutor-85-thread-1] INFO org.apache.solr.core.CachingDirectoryFactory - return new directory for /tmp/solr-home6154140409675109073/core/data
[coreLoadExecutor-85-thread-1] INFO org.apache.solr.core.SolrCore - New index directory detected: old=null new=/tmp/solr-home6154140409675109073/core/data/index/
[coreLoadExecutor-85-thread-1] WARN org.apache.solr.core.SolrCore - [core] Solr index directory '/tmp/solr-home6154140409675109073/core/data/index' doesn't exist. Creating new index...
[coreLoadExecutor-85-thread-1] INFO org.apache.solr.core.CachingDirectoryFactory - return new directory for /tmp/solr-home6154140409675109073/core/data/index
[coreLoadExecutor-85-thread-1] INFO org.apache.solr.update.LoggingInfoStream - [IFD][coreLoadExecutor-85-thread-1]: init: current segments file is "segments"; deletionPolicy=org.apache.solr.core.IndexDeletionPolicyWrapper@4b8931a6
[coreLoadExecutor-85-thread-1] INFO org.apache.solr.update.LoggingInfoStream - [IFD][coreLoadExecutor-85-thread-1]: now checkpoint "" [0 segments ; isCommit = false]
[coreLoadExecutor-85-thread-1] INFO org.apache.solr.update.LoggingInfoStream - [IFD][coreLoadExecutor-85-thread-1]: 0 msec to checkpoint
[coreLoadExecutor-85-thread-1] INFO org.apache.solr.update.LoggingInfoStream - [IW][coreLoadExecutor-85-thread-1]: init: create=true
[coreLoadExecutor-85-thread-1] INFO org.apache.solr.update.LoggingInfoStream - [IW][coreLoadExecutor-85-thread-1]: 
dir=NRTCachingDirectory(MMapDirectory@/tmp/solr-home6154140409675109073/core/data/index lockFactory=org.apache.lucene.store.NativeFSLockFactory@2c3d74f6; maxCacheMB=48.0 maxMergeSizeMB=4.0)
index=
version=5.5.1
analyzer=org.apache.solr.update.SolrIndexConfig$DelayedSchemaAnalyzer
ramBufferSizeMB=100.0
maxBufferedDocs=-1
maxBufferedDeleteTerms=-1
mergedSegmentWarmer=null
delPolicy=org.apache.solr.core.IndexDeletionPolicyWrapper
commit=null
openMode=CREATE
similarity=org.apache.lucene.search.similarities.ClassicSimilarity
mergeScheduler=ConcurrentMergeScheduler: maxThreadCount=-1, maxMergeCount=-1, ioThrottle=true
default WRITE_LOCK_TIMEOUT=0
writeLockTimeout=0
codec=Lucene54
infoStream=org.apache.solr.update.LoggingInfoStream
mergePolicy=[TieredMergePolicy: maxMergeAtOnce=10, maxMergeAtOnceExplicit=30, maxMergedSegmentMB=5120.0, floorSegmentMB=2.0, forceMergeDeletesPctAllowed=10.0, segmentsPerTier=10.0, maxCFSSegmentSizeMB=8.796093022207999E12, noCFSRatio=0.1
indexerThreadPool=org.apache.lucene.index.DocumentsWriterPerThreadPool@143495ba
readerPooling=false
perThreadHardLimitMB=1945
useCompoundFile=false
commitOnClose=true
writer=org.apache.solr.update.SolrIndexWriter@67467bca

[coreLoadExecutor-85-thread-1] INFO org.apache.solr.update.LoggingInfoStream - [IW][coreLoadExecutor-85-thread-1]: MMapDirectory.UNMAP_SUPPORTED=true
[coreLoadExecutor-85-thread-1] INFO org.apache.solr.update.LoggingInfoStream - [IW][coreLoadExecutor-85-thread-1]: now flush at close
[coreLoadExecutor-85-thread-1] INFO org.apache.solr.update.LoggingInfoStream - [IW][coreLoadExecutor-85-thread-1]:   start flush: applyAllDeletes=true
[coreLoadExecutor-85-thread-1] INFO org.apache.solr.update.LoggingInfoStream - [IW][coreLoadExecutor-85-thread-1]:   index before flush 
[coreLoadExecutor-85-thread-1] INFO org.apache.solr.update.LoggingInfoStream - [DW][coreLoadExecutor-85-thread-1]: startFullFlush
[coreLoadExecutor-85-thread-1] INFO org.apache.solr.update.LoggingInfoStream - [DW][coreLoadExecutor-85-thread-1]: coreLoadExecutor-85-thread-1 finishFullFlush success=true
[coreLoadExecutor-85-thread-1] INFO org.apache.solr.update.LoggingInfoStream - [IW][coreLoadExecutor-85-thread-1]: apply all deletes during flush
[coreLoadExecutor-85-thread-1] INFO org.apache.solr.update.LoggingInfoStream - [IW][coreLoadExecutor-85-thread-1]: now apply all deletes for all segments maxDoc=0
[coreLoadExecutor-85-thread-1] INFO org.apache.solr.update.LoggingInfoStream - [BD][coreLoadExecutor-85-thread-1]: prune sis=segments:  minGen=9223372036854775807 packetCount=0
[coreLoadExecutor-85-thread-1] INFO org.apache.solr.update.LoggingInfoStream - [MS][coreLoadExecutor-85-thread-1]: initDynamicDefaults spins=false maxThreadCount=2 maxMergeCount=7
[coreLoadExecutor-85-thread-1] INFO org.apache.solr.update.LoggingInfoStream - [MS][coreLoadExecutor-85-thread-1]: updateMergeThreads ioThrottle=true targetMBPerSec=10240.0 MB/sec
[coreLoadExecutor-85-thread-1] INFO org.apache.solr.update.LoggingInfoStream - [MS][coreLoadExecutor-85-thread-1]: now merge
[coreLoadExecutor-85-thread-1] INFO org.apache.solr.update.LoggingInfoStream - [MS][coreLoadExecutor-85-thread-1]:   index: 
[coreLoadExecutor-85-thread-1] INFO org.apache.solr.update.LoggingInfoStream - [MS][coreLoadExecutor-85-thread-1]:   no more merges pending; now return
[coreLoadExecutor-85-thread-1] INFO org.apache.solr.update.LoggingInfoStream - [IW][coreLoadExecutor-85-thread-1]: waitForMerges
[coreLoadExecutor-85-thread-1] INFO org.apache.solr.update.LoggingInfoStream - [IW][coreLoadExecutor-85-thread-1]: waitForMerges done
[coreLoadExecutor-85-thread-1] INFO org.apache.solr.update.LoggingInfoStream - [IW][coreLoadExecutor-85-thread-1]: commit: start
[coreLoadExecutor-85-thread-1] INFO org.apache.solr.update.LoggingInfoStream - [IW][coreLoadExecutor-85-thread-1]: commit: enter lock
[coreLoadExecutor-85-thread-1] INFO org.apache.solr.update.LoggingInfoStream - [IW][coreLoadExecutor-85-thread-1]: commit: now prepare
[coreLoadExecutor-85-thread-1] INFO org.apache.solr.update.LoggingInfoStream - [IW][coreLoadExecutor-85-thread-1]: prepareCommit: flush
[coreLoadExecutor-85-thread-1] INFO org.apache.solr.update.LoggingInfoStream - [IW][coreLoadExecutor-85-thread-1]:   index before flush 
[coreLoadExecutor-85-thread-1] INFO org.apache.solr.update.LoggingInfoStream - [DW][coreLoadExecutor-85-thread-1]: startFullFlush
[coreLoadExecutor-85-thread-1] INFO org.apache.solr.update.LoggingInfoStream - [IW][coreLoadExecutor-85-thread-1]: apply all deletes during flush
[coreLoadExecutor-85-thread-1] INFO org.apache.solr.update.LoggingInfoStream - [IW][coreLoadExecutor-85-thread-1]: now apply all deletes for all segments maxDoc=0
[coreLoadExecutor-85-thread-1] INFO org.apache.solr.update.LoggingInfoStream - [BD][coreLoadExecutor-85-thread-1]: prune sis=segments:  minGen=9223372036854775807 packetCount=0
[coreLoadExecutor-85-thread-1] INFO org.apache.solr.update.LoggingInfoStream - [DW][coreLoadExecutor-85-thread-1]: coreLoadExecutor-85-thread-1 finishFullFlush success=true
[coreLoadExecutor-85-thread-1] INFO org.apache.solr.update.LoggingInfoStream - [IW][coreLoadExecutor-85-thread-1]: startCommit(): start
[coreLoadExecutor-85-thread-1] INFO org.apache.solr.update.LoggingInfoStream - [IW][coreLoadExecutor-85-thread-1]: startCommit index= changeCount=2
[coreLoadExecutor-85-thread-1] INFO org.apache.solr.update.LoggingInfoStream - [IW][coreLoadExecutor-85-thread-1]: startCommit: wrote pending segments file "pending_segments_1"
[coreLoadExecutor-85-thread-1] INFO org.apache.solr.update.LoggingInfoStream - [IW][coreLoadExecutor-85-thread-1]: done all syncs: []
[coreLoadExecutor-85-thread-1] INFO org.apache.solr.update.LoggingInfoStream - [IW][coreLoadExecutor-85-thread-1]: commit: pendingCommit != null
[coreLoadExecutor-85-thread-1] INFO org.apache.solr.update.LoggingInfoStream - [IW][coreLoadExecutor-85-thread-1]: commit: done writing segments file "segments_1"
[coreLoadExecutor-85-thread-1] INFO org.apache.solr.update.LoggingInfoStream - [IFD][coreLoadExecutor-85-thread-1]: now checkpoint "" [0 segments ; isCommit = true]
[coreLoadExecutor-85-thread-1] INFO org.apache.solr.core.SolrDeletionPolicy - SolrDeletionPolicy.onCommit: commits: num=1
	commit{dir=NRTCachingDirectory(MMapDirectory@/tmp/solr-home6154140409675109073/core/data/index lockFactory=org.apache.lucene.store.NativeFSLockFactory@2c3d74f6; maxCacheMB=48.0 maxMergeSizeMB=4.0),segFN=segments_1,generation=1}
[coreLoadExecutor-85-thread-1] INFO org.apache.solr.core.SolrDeletionPolicy - newest commit generation = 1
[coreLoadExecutor-85-thread-1] INFO org.apache.solr.update.LoggingInfoStream - [IFD][coreLoadExecutor-85-thread-1]: 0 msec to checkpoint
[coreLoadExecutor-85-thread-1] INFO org.apache.solr.update.LoggingInfoStream - [IW][coreLoadExecutor-85-thread-1]: commit: took 5.4 msec
[coreLoadExecutor-85-thread-1] INFO org.apache.solr.update.LoggingInfoStream - [IW][coreLoadExecutor-85-thread-1]: commit: done
[coreLoadExecutor-85-thread-1] INFO org.apache.solr.update.LoggingInfoStream - [IW][coreLoadExecutor-85-thread-1]: rollback
[coreLoadExecutor-85-thread-1] INFO org.apache.solr.update.LoggingInfoStream - [IW][coreLoadExecutor-85-thread-1]: all running merges have aborted
[coreLoadExecutor-85-thread-1] INFO org.apache.solr.update.LoggingInfoStream - [IW][coreLoadExecutor-85-thread-1]: rollback: done finish merges
[coreLoadExecutor-85-thread-1] INFO org.apache.solr.update.LoggingInfoStream - [DW][coreLoadExecutor-85-thread-1]: abort
[coreLoadExecutor-85-thread-1] INFO org.apache.solr.update.LoggingInfoStream - [DW][coreLoadExecutor-85-thread-1]: done abort success=true
[coreLoadExecutor-85-thread-1] INFO org.apache.solr.update.LoggingInfoStream - [IW][coreLoadExecutor-85-thread-1]: rollback: infos=
[coreLoadExecutor-85-thread-1] INFO org.apache.solr.update.LoggingInfoStream - [IFD][coreLoadExecutor-85-thread-1]: now checkpoint "" [0 segments ; isCommit = false]
[coreLoadExecutor-85-thread-1] INFO org.apache.solr.update.LoggingInfoStream - [IFD][coreLoadExecutor-85-thread-1]: 0 msec to checkpoint
[coreLoadExecutor-85-thread-1] INFO org.apache.solr.core.SolrCore - no updateRequestProcessorChain defined as default, creating implicit default
[coreLoadExecutor-85-thread-1] INFO org.apache.solr.handler.loader.XMLLoader - xsltCacheLifetimeSeconds=60
[coreLoadExecutor-85-thread-1] INFO org.apache.solr.handler.loader.XMLLoader - xsltCacheLifetimeSeconds=60
[coreLoadExecutor-85-thread-1] INFO org.apache.solr.handler.loader.XMLLoader - xsltCacheLifetimeSeconds=60
[coreLoadExecutor-85-thread-1] INFO org.apache.solr.handler.loader.XMLLoader - xsltCacheLifetimeSeconds=60
[coreLoadExecutor-85-thread-1] INFO org.apache.solr.core.RequestHandlers - Registered paths: /admin/mbeans,,/update/csv,/update/json/docs,/admin/luke,/select,/suggester,/admin/segments,/get,/admin/system,/replication,/admin/properties,/config,/schema,/admin/plugins,/admin/logging,/update/json,/admin/threads,/admin/ping,/update,/admin/file
[coreLoadExecutor-85-thread-1] INFO org.apache.solr.core.SolrCore - Using default statsCache cache: org.apache.solr.search.stats.LocalStatsCache
[OldIndexDirectoryCleanupThreadForCore-core] INFO org.apache.solr.core.SolrCore - Looking for old index directories to cleanup for core core in /tmp/solr-home6154140409675109073/core/data/
[coreLoadExecutor-85-thread-1] INFO org.apache.solr.update.UpdateHandler - Using UpdateLog implementation: org.apache.solr.update.UpdateLog
[coreLoadExecutor-85-thread-1] INFO org.apache.solr.update.UpdateLog - Initializing UpdateLog: dataDir= defaultSyncLevel=FLUSH numRecordsToKeep=100 maxNumLogsToKeep=10 numVersionBuckets=65536
[coreLoadExecutor-85-thread-1] INFO org.apache.solr.update.CommitTracker - Hard AutoCommit: if uncommited for 15000ms; 
[coreLoadExecutor-85-thread-1] INFO org.apache.solr.update.CommitTracker - Soft AutoCommit: disabled
[coreLoadExecutor-85-thread-1] INFO org.apache.solr.update.LoggingInfoStream - [IFD][coreLoadExecutor-85-thread-1]: init: current segments file is "segments_1"; deletionPolicy=org.apache.solr.core.IndexDeletionPolicyWrapper@4b8931a6
[coreLoadExecutor-85-thread-1] INFO org.apache.solr.update.LoggingInfoStream - [IFD][coreLoadExecutor-85-thread-1]: init: load commit "segments_1"
[coreLoadExecutor-85-thread-1] INFO org.apache.solr.core.SolrDeletionPolicy - SolrDeletionPolicy.onInit: commits: num=1
	commit{dir=NRTCachingDirectory(MMapDirectory@/tmp/solr-home6154140409675109073/core/data/index lockFactory=org.apache.lucene.store.NativeFSLockFactory@2c3d74f6; maxCacheMB=48.0 maxMergeSizeMB=4.0),segFN=segments_1,generation=1}
[coreLoadExecutor-85-thread-1] INFO org.apache.solr.core.SolrDeletionPolicy - newest commit generation = 1
[coreLoadExecutor-85-thread-1] INFO org.apache.solr.update.LoggingInfoStream - [IFD][coreLoadExecutor-85-thread-1]: now checkpoint "" [0 segments ; isCommit = false]
[coreLoadExecutor-85-thread-1] INFO org.apache.solr.update.LoggingInfoStream - [IFD][coreLoadExecutor-85-thread-1]: 0 msec to checkpoint
[coreLoadExecutor-85-thread-1] INFO org.apache.solr.update.LoggingInfoStream - [IW][coreLoadExecutor-85-thread-1]: init: create=false
[coreLoadExecutor-85-thread-1] INFO org.apache.solr.update.LoggingInfoStream - [IW][coreLoadExecutor-85-thread-1]: 
dir=NRTCachingDirectory(MMapDirectory@/tmp/solr-home6154140409675109073/core/data/index lockFactory=org.apache.lucene.store.NativeFSLockFactory@2c3d74f6; maxCacheMB=48.0 maxMergeSizeMB=4.0)
index=
version=5.5.1
analyzer=org.apache.solr.update.SolrIndexConfig$DelayedSchemaAnalyzer
ramBufferSizeMB=100.0
maxBufferedDocs=-1
maxBufferedDeleteTerms=-1
mergedSegmentWarmer=null
delPolicy=org.apache.solr.core.IndexDeletionPolicyWrapper
commit=null
openMode=APPEND
similarity=org.apache.lucene.search.similarities.ClassicSimilarity
mergeScheduler=ConcurrentMergeScheduler: maxThreadCount=-1, maxMergeCount=-1, ioThrottle=true
default WRITE_LOCK_TIMEOUT=0
writeLockTimeout=0
codec=Lucene54
infoStream=org.apache.solr.update.LoggingInfoStream
mergePolicy=[TieredMergePolicy: maxMergeAtOnce=10, maxMergeAtOnceExplicit=30, maxMergedSegmentMB=5120.0, floorSegmentMB=2.0, forceMergeDeletesPctAllowed=10.0, segmentsPerTier=10.0, maxCFSSegmentSizeMB=8.796093022207999E12, noCFSRatio=0.1
indexerThreadPool=org.apache.lucene.index.DocumentsWriterPerThreadPool@1f2c0ab6
readerPooling=false
perThreadHardLimitMB=1945
useCompoundFile=false
commitOnClose=true
writer=org.apache.solr.update.SolrIndexWriter@2a5f9262

[coreLoadExecutor-85-thread-1] INFO org.apache.solr.update.LoggingInfoStream - [IW][coreLoadExecutor-85-thread-1]: MMapDirectory.UNMAP_SUPPORTED=true
[coreLoadExecutor-85-thread-1] INFO org.apache.solr.update.LoggingInfoStream - [IW][coreLoadExecutor-85-thread-1]: flush at getReader
[coreLoadExecutor-85-thread-1] INFO org.apache.solr.update.LoggingInfoStream - [DW][coreLoadExecutor-85-thread-1]: startFullFlush
[coreLoadExecutor-85-thread-1] INFO org.apache.solr.update.LoggingInfoStream - [IW][coreLoadExecutor-85-thread-1]: apply all deletes during flush
[coreLoadExecutor-85-thread-1] INFO org.apache.solr.update.LoggingInfoStream - [IW][coreLoadExecutor-85-thread-1]: now apply all deletes for all segments maxDoc=0
[coreLoadExecutor-85-thread-1] INFO org.apache.solr.update.LoggingInfoStream - [BD][coreLoadExecutor-85-thread-1]: prune sis=segments_1:  minGen=9223372036854775807 packetCount=0
[coreLoadExecutor-85-thread-1] INFO org.apache.solr.update.LoggingInfoStream - [IW][coreLoadExecutor-85-thread-1]: incRefDeleter for NRT reader version=2 segments=
[coreLoadExecutor-85-thread-1] INFO org.apache.solr.update.LoggingInfoStream - [IW][coreLoadExecutor-85-thread-1]: return reader version=2 reader=StandardDirectoryReader(segments_1:2:nrt)
[coreLoadExecutor-85-thread-1] INFO org.apache.solr.update.LoggingInfoStream - [DW][coreLoadExecutor-85-thread-1]: coreLoadExecutor-85-thread-1 finishFullFlush success=true
[coreLoadExecutor-85-thread-1] INFO org.apache.solr.update.LoggingInfoStream - [IW][coreLoadExecutor-85-thread-1]: getReader took 0 msec
[coreLoadExecutor-85-thread-1] INFO org.apache.solr.search.SolrIndexSearcher - Opening Searcher@493ba2b0[core] main
[coreLoadExecutor-85-thread-1] INFO org.apache.solr.rest.ManagedResourceStorage - File-based storage initialized to use dir: /tmp/solr-home6154140409675109073/core/conf
[coreLoadExecutor-85-thread-1] INFO org.apache.solr.rest.RestManager - Initializing RestManager with initArgs: {storageDir=/tmp/solr-home6154140409675109073/core/conf}
[coreLoadExecutor-85-thread-1] INFO org.apache.solr.rest.ManagedResourceStorage - Reading _rest_managed.json using file:dir=/tmp/solr-home6154140409675109073/core/conf
[coreLoadExecutor-85-thread-1] INFO org.apache.solr.rest.RestManager - Initializing 0 registered ManagedResources
[coreLoadExecutor-85-thread-1] INFO org.apache.solr.handler.component.SpellCheckComponent - Initializing spell checkers
[coreLoadExecutor-85-thread-1] INFO org.apache.solr.handler.component.SpellCheckComponent - Registering newSearcher listener for spellchecker: default
[coreLoadExecutor-85-thread-1] INFO org.apache.solr.handler.component.SpellCheckComponent - No queryConverter defined, using default converter
[coreLoadExecutor-85-thread-1] INFO org.apache.solr.handler.ReplicationHandler - Commits will be reserved for  10000
[coreLoadExecutor-85-thread-1] INFO org.apache.solr.update.UpdateLog - Looking up max value of version field to seed version buckets
[searcherExecutor-86-thread-1] INFO org.apache.solr.handler.component.SpellCheckComponent - Loading spell index for spellchecker: default
[coreLoadExecutor-85-thread-1] INFO org.apache.solr.update.VersionInfo - Refreshing highest value of _version_ for 65536 version buckets from index
[coreLoadExecutor-85-thread-1] INFO org.apache.solr.update.VersionInfo - No terms found for _version_, cannot seed version bucket highest value from index
[coreLoadExecutor-85-thread-1] INFO org.apache.solr.update.UpdateLog - Could not find max version in index or recent updates, using new clock 1576087832205721600
[searcherExecutor-86-thread-1] INFO org.apache.solr.core.SolrCore - [core] Registered new searcher Searcher@493ba2b0[core] main{ExitableDirectoryReader(UninvertingDirectoryReader())}
[coreLoadExecutor-85-thread-1] INFO org.apache.solr.update.UpdateLog - Took 2.0ms to seed version buckets with highest version 1576087832205721600
[coreLoadExecutor-85-thread-1] INFO org.apache.solr.core.CoreContainer - registering core: core
[Test worker] INFO org.apache.solr.core.SolrCore.Request - [core]  webapp=null path=/admin/ping params={} hits=0 status=0 QTime=0
[Test worker] INFO org.apache.solr.core.SolrCore.Request - [core]  webapp=null path=/admin/ping params={} status=0 QTime=0
[Test worker] INFO com.rbmhtechnology.vind.solr.SolrSearchServer - Connection to solr server successful
[Test worker] INFO org.apache.solr.core.SolrCore.Request - [core]  webapp=null path=/schema params={} status=0 QTime=0
[Test worker] INFO com.rbmhtechnology.vind.solr.SolrSearchServer - No server provider of type class com.rbmhtechnology.vind.solr.EmbeddedSolrServerProvider found in classpath for server com.rbmhtechnology.vind.solr.SolrSearchServer
[Test worker] INFO org.apache.solr.update.processor.LogUpdateProcessorFactory - [core]  webapp=null path=/update params={}{add=[1 (1576087832219353088)]} 0 11
[Test worker] INFO org.apache.solr.update.processor.LogUpdateProcessorFactory - [core]  webapp=null path=/update params={}{add=[2 (1576087832235081728)]} 0 5
[Test worker] INFO org.apache.solr.update.DirectUpdateHandler2 - start commit{,optimize=false,openSearcher=true,waitSearcher=true,expungeDeletes=false,softCommit=false,prepareCommit=false}
[Test worker] INFO org.apache.solr.update.LoggingInfoStream - [IW][Test worker]: commit: start
[Test worker] INFO org.apache.solr.update.LoggingInfoStream - [IW][Test worker]: commit: enter lock
[Test worker] INFO org.apache.solr.update.LoggingInfoStream - [IW][Test worker]: commit: now prepare
[Test worker] INFO org.apache.solr.update.LoggingInfoStream - [IW][Test worker]: prepareCommit: flush
[Test worker] INFO org.apache.solr.update.LoggingInfoStream - [IW][Test worker]:   index before flush 
[Test worker] INFO org.apache.solr.update.LoggingInfoStream - [DW][Test worker]: startFullFlush
[Test worker] INFO org.apache.solr.update.LoggingInfoStream - [DW][Test worker]: anyChanges? numDocsInRam=2 deletes=true hasTickets:false pendingChangesInFullFlush: false
[Test worker] INFO org.apache.solr.update.LoggingInfoStream - [DWFC][Test worker]: addFlushableState DocumentsWriterPerThread [pendingDeletes=gen=0 1 deleted terms (unique count=1) bytesUsed=169, segment=_0, aborted=false, numDocsInRAM=2, deleteQueue=DWDQ: [ generation: 1 ]]
[Test worker] INFO org.apache.solr.update.LoggingInfoStream - [DWPT][Test worker]: flush postings as segment _0 numDocs=2
[Test worker] INFO org.apache.solr.update.LoggingInfoStream - [IW][Test worker]: 0 msec to write norms
[Test worker] INFO org.apache.solr.update.LoggingInfoStream - [IW][Test worker]: 2 msec to write docValues
[Test worker] INFO org.apache.solr.update.LoggingInfoStream - [IW][Test worker]: 0 msec to finish stored fields
[Test worker] INFO org.apache.solr.update.LoggingInfoStream - [IW][Test worker]: 7 msec to write postings and finish vectors
[Test worker] INFO org.apache.solr.update.LoggingInfoStream - [IW][Test worker]: 0 msec to write fieldInfos
[Test worker] INFO org.apache.solr.update.LoggingInfoStream - [DWPT][Test worker]: new segment has 0 deleted docs
[Test worker] INFO org.apache.solr.update.LoggingInfoStream - [DWPT][Test worker]: new segment has no vectors; norms; docValues; prox; freqs
[Test worker] INFO org.apache.solr.update.LoggingInfoStream - [DWPT][Test worker]: flushedFiles=[_0_Lucene54_0.dvm, _0_Lucene50_0.doc, _0_Lucene50_0.tim, _0_Lucene50_0.pos, _0.nvd, _0.fdx, _0_Lucene54_0.dvd, _0_Lucene50_0.tip, _0.fdt, _0.nvm, _0.fnm]
[Test worker] INFO org.apache.solr.update.LoggingInfoStream - [DWPT][Test worker]: flushed codec=Lucene54
[Test worker] INFO org.apache.solr.update.LoggingInfoStream - [DWPT][Test worker]: flushed: segment=_0 ramUsed=0.242 MB newFlushedSize=0.004 MB docs/MB=497.191
[Test worker] INFO org.apache.solr.update.LoggingInfoStream - [DW][Test worker]: publishFlushedSegment seg-private updates=null
[Test worker] INFO org.apache.solr.update.LoggingInfoStream - [IW][Test worker]: publishFlushedSegment
[Test worker] INFO org.apache.solr.update.LoggingInfoStream - [BD][Test worker]: push deletes  2 deleted terms (unique count=2) bytesUsed=1072 segmentPrivate?=false delGen=2 packetCount=1 totBytesUsed=1072
[Test worker] INFO org.apache.solr.update.LoggingInfoStream - [IW][Test worker]: publish sets newSegment delGen=3 seg=_0(5.5.1):C2
[Test worker] INFO org.apache.solr.update.LoggingInfoStream - [IFD][Test worker]: now checkpoint "_0(5.5.1):C2" [1 segments ; isCommit = false]
[Test worker] INFO org.apache.solr.update.LoggingInfoStream - [IFD][Test worker]: 0 msec to checkpoint
[Test worker] INFO org.apache.solr.update.LoggingInfoStream - [IW][Test worker]: apply all deletes during flush
[Test worker] INFO org.apache.solr.update.LoggingInfoStream - [IW][Test worker]: now apply all deletes for all segments maxDoc=2
[Test worker] INFO org.apache.solr.update.LoggingInfoStream - [BD][Test worker]: applyDeletes: open segment readers took 0 msec
[Test worker] INFO org.apache.solr.update.LoggingInfoStream - [BD][Test worker]: applyDeletes: infos=[_0(5.5.1):C2] packetCount=1
[Test worker] INFO org.apache.solr.update.LoggingInfoStream - [BD][Test worker]: applyDeletes took 0 msec for 1 segments, 0 newly deleted docs (query deletes), 0 visited terms, allDeleted=null
[Test worker] INFO org.apache.solr.update.LoggingInfoStream - [BD][Test worker]: prune sis=segments_1: _0(5.5.1):C2 minGen=3 packetCount=1
[Test worker] INFO org.apache.solr.update.LoggingInfoStream - [BD][Test worker]: pruneDeletes: prune 1 packets; 0 packets remain
[Test worker] INFO org.apache.solr.update.LoggingInfoStream - [DW][Test worker]: Test worker finishFullFlush success=true
[Test worker] INFO org.apache.solr.update.LoggingInfoStream - [TMP][Test worker]: findMerges: 1 segments
[Test worker] INFO org.apache.solr.update.LoggingInfoStream - [TMP][Test worker]:   seg=_0(5.5.1):C2 size=0.004 MB [floored]
[Test worker] INFO org.apache.solr.update.LoggingInfoStream - [TMP][Test worker]:   allowedSegmentCount=1 vs count=1 (eligible count=1) tooBigCount=0
[Test worker] INFO org.apache.solr.update.LoggingInfoStream - [MS][Test worker]: initDynamicDefaults spins=false maxThreadCount=2 maxMergeCount=7
[Test worker] INFO org.apache.solr.update.LoggingInfoStream - [MS][Test worker]: now merge
[Test worker] INFO org.apache.solr.update.LoggingInfoStream - [MS][Test worker]:   index: _0(5.5.1):C2
[Test worker] INFO org.apache.solr.update.LoggingInfoStream - [MS][Test worker]:   no more merges pending; now return
[Test worker] INFO org.apache.solr.update.LoggingInfoStream - [IW][Test worker]: startCommit(): start
[Test worker] INFO org.apache.solr.update.LoggingInfoStream - [IW][Test worker]: startCommit index=_0(5.5.1):C2 changeCount=4
[Test worker] INFO org.apache.solr.update.LoggingInfoStream - [IW][Test worker]: startCommit: wrote pending segments file "pending_segments_2"
[Test worker] INFO org.apache.solr.update.LoggingInfoStream - [IW][Test worker]: done all syncs: [_0.si, _0_Lucene50_0.doc, _0_Lucene50_0.tim, _0_Lucene54_0.dvm, _0_Lucene50_0.pos, _0.nvd, _0.fdx, _0_Lucene54_0.dvd, _0_Lucene50_0.tip, _0.fdt, _0.nvm, _0.fnm]
[Test worker] INFO org.apache.solr.update.LoggingInfoStream - [IW][Test worker]: commit: pendingCommit != null
[Test worker] INFO org.apache.solr.update.LoggingInfoStream - [IW][Test worker]: commit: done writing segments file "segments_2"
[Test worker] INFO org.apache.solr.update.LoggingInfoStream - [IFD][Test worker]: now checkpoint "_0(5.5.1):C2" [1 segments ; isCommit = true]
[Test worker] INFO org.apache.solr.core.SolrDeletionPolicy - SolrDeletionPolicy.onCommit: commits: num=2
	commit{dir=NRTCachingDirectory(MMapDirectory@/tmp/solr-home6154140409675109073/core/data/index lockFactory=org.apache.lucene.store.NativeFSLockFactory@2c3d74f6; maxCacheMB=48.0 maxMergeSizeMB=4.0),segFN=segments_1,generation=1}
	commit{dir=NRTCachingDirectory(MMapDirectory@/tmp/solr-home6154140409675109073/core/data/index lockFactory=org.apache.lucene.store.NativeFSLockFactory@2c3d74f6; maxCacheMB=48.0 maxMergeSizeMB=4.0),segFN=segments_2,generation=2}
[Test worker] INFO org.apache.solr.core.SolrDeletionPolicy - newest commit generation = 2
[Test worker] INFO org.apache.solr.update.LoggingInfoStream - [IFD][Test worker]: deleteCommits: now decRef commit "segments_1"
[Test worker] INFO org.apache.solr.update.LoggingInfoStream - [IFD][Test worker]: delete "segments_1"
[Test worker] INFO org.apache.solr.update.LoggingInfoStream - [IFD][Test worker]: 0 msec to checkpoint
[Test worker] INFO org.apache.solr.update.LoggingInfoStream - [IW][Test worker]: commit: took 67.0 msec
[Test worker] INFO org.apache.solr.update.LoggingInfoStream - [IW][Test worker]: commit: done
[Test worker] INFO org.apache.solr.update.LoggingInfoStream - [IW][Test worker]: nrtIsCurrent: infoVersion matches: false; DW changes: false; BD changes: false
[Test worker] INFO org.apache.solr.update.LoggingInfoStream - [IW][Test worker]: flush at getReader
[Test worker] INFO org.apache.solr.update.LoggingInfoStream - [DW][Test worker]: startFullFlush
[Test worker] INFO org.apache.solr.update.LoggingInfoStream - [IW][Test worker]: apply all deletes during flush
[Test worker] INFO org.apache.solr.update.LoggingInfoStream - [IW][Test worker]: now apply all deletes for all segments maxDoc=2
[Test worker] INFO org.apache.solr.update.LoggingInfoStream - [BD][Test worker]: applyDeletes: open segment readers took 0 msec
[Test worker] INFO org.apache.solr.update.LoggingInfoStream - [BD][Test worker]: applyDeletes: no segments; skipping
[Test worker] INFO org.apache.solr.update.LoggingInfoStream - [BD][Test worker]: prune sis=segments_2: _0(5.5.1):C2 minGen=3 packetCount=0
[Test worker] INFO org.apache.solr.update.LoggingInfoStream - [IW][Test worker]: incRefDeleter for NRT reader version=6 segments=_0(5.5.1):C2
[Test worker] INFO org.apache.solr.update.LoggingInfoStream - [IW][Test worker]: return reader version=6 reader=StandardDirectoryReader(segments_2:6:nrt _0(5.5.1):C2)
[Test worker] INFO org.apache.solr.update.LoggingInfoStream - [DW][Test worker]: Test worker finishFullFlush success=true
[Test worker] INFO org.apache.solr.update.LoggingInfoStream - [IW][Test worker]: getReader took 2 msec
[Test worker] INFO org.apache.solr.search.SolrIndexSearcher - Opening Searcher@43be4f0d[core] main
[Test worker] INFO org.apache.solr.update.DirectUpdateHandler2 - end_commit_flush
[searcherExecutor-86-thread-1] INFO org.apache.solr.handler.component.SpellCheckComponent - Building spell index for spell checker: default
[searcherExecutor-86-thread-1] INFO org.apache.solr.core.SolrCore - [core] Registered new searcher Searcher@43be4f0d[core] main{ExitableDirectoryReader(UninvertingDirectoryReader(Uninverting(_0(5.5.1):C2)))}
[searcherExecutor-86-thread-1] INFO org.apache.solr.update.LoggingInfoStream - [IW][searcherExecutor-86-thread-1]: decRefDeleter for NRT reader version=2 segments=
[Test worker] INFO org.apache.solr.update.processor.LogUpdateProcessorFactory - [core]  webapp=null path=/update params={commit=true&softCommit=false&waitSearcher=true}{commit=} 0 112
[Test worker] INFO org.apache.solr.core.SolrCore.Request - [core]  webapp=null path=/select params={q=*&fl=*,score&df=text&fq=_type_:asset&facet=true&facet.mincount=1&facet.limit=10&facet.interval={!key%3Dnumbers}dynamic_single_facet_float_number&facet.interval={!key%3Ddates}dynamic_single_facet_date_date&f.dynamic_single_facet_float_number.facet.interval.set={!key%3Dlow}[*,20.0]&f.dynamic_single_facet_float_number.facet.interval.set={!key%3Dhigh}[21.0,*]&f.dynamic_single_facet_date_date.facet.interval.set={!key%3Dbefore}[*,2017-08-18T16:41:26.124Z]&f.dynamic_single_facet_date_date.facet.interval.set={!key%3Dafter}[2017-08-18T16:41:26.124Z,*]&start=0&rows=10} hits=2 status=0 QTime=9
[Test worker] INFO org.apache.solr.core.CoreContainer - Shutting down CoreContainer instance=1648255805
[coreCloseExecutor-91-thread-1] INFO org.apache.solr.core.SolrCore - [core]  CLOSING SolrCore org.apache.solr.core.SolrCore@24697847
[coreCloseExecutor-91-thread-1] INFO org.apache.solr.update.DirectUpdateHandler2 - closing DirectUpdateHandler2{commits=1,autocommit maxTime=15000ms,autocommits=0,soft autocommits=0,optimizes=0,rollbacks=0,expungeDeletes=0,docsPending=0,adds=0,deletesById=0,deletesByQuery=0,errors=0,cumulative_adds=2,cumulative_deletesById=0,cumulative_deletesByQuery=0,cumulative_errors=0,transaction_logs_total_size=614,transaction_logs_total_number=1}
[coreCloseExecutor-91-thread-1] INFO org.apache.solr.update.SolrCoreState - Closing SolrCoreState
[coreCloseExecutor-91-thread-1] INFO org.apache.solr.update.DefaultSolrCoreState - SolrCoreState ref count has reached 0 - closing IndexWriter
[coreCloseExecutor-91-thread-1] INFO org.apache.solr.update.DefaultSolrCoreState - closing IndexWriter with IndexWriterCloser
[coreCloseExecutor-91-thread-1] INFO org.apache.solr.update.LoggingInfoStream - [IW][coreCloseExecutor-91-thread-1]: now flush at close
[coreCloseExecutor-91-thread-1] INFO org.apache.solr.update.LoggingInfoStream - [IW][coreCloseExecutor-91-thread-1]:   start flush: applyAllDeletes=true
[coreCloseExecutor-91-thread-1] INFO org.apache.solr.update.LoggingInfoStream - [IW][coreCloseExecutor-91-thread-1]:   index before flush _0(5.5.1):C2
[coreCloseExecutor-91-thread-1] INFO org.apache.solr.update.LoggingInfoStream - [DW][coreCloseExecutor-91-thread-1]: startFullFlush
[coreCloseExecutor-91-thread-1] INFO org.apache.solr.update.LoggingInfoStream - [DW][coreCloseExecutor-91-thread-1]: coreCloseExecutor-91-thread-1 finishFullFlush success=true
[coreCloseExecutor-91-thread-1] INFO org.apache.solr.update.LoggingInfoStream - [IW][coreCloseExecutor-91-thread-1]: apply all deletes during flush
[coreCloseExecutor-91-thread-1] INFO org.apache.solr.update.LoggingInfoStream - [IW][coreCloseExecutor-91-thread-1]: now apply all deletes for all segments maxDoc=2
[coreCloseExecutor-91-thread-1] INFO org.apache.solr.update.LoggingInfoStream - [BD][coreCloseExecutor-91-thread-1]: applyDeletes: open segment readers took 0 msec
[coreCloseExecutor-91-thread-1] INFO org.apache.solr.update.LoggingInfoStream - [BD][coreCloseExecutor-91-thread-1]: applyDeletes: no segments; skipping
[coreCloseExecutor-91-thread-1] INFO org.apache.solr.update.LoggingInfoStream - [BD][coreCloseExecutor-91-thread-1]: prune sis=segments_2: _0(5.5.1):C2 minGen=3 packetCount=0
[coreCloseExecutor-91-thread-1] INFO org.apache.solr.update.LoggingInfoStream - [MS][coreCloseExecutor-91-thread-1]: updateMergeThreads ioThrottle=true targetMBPerSec=10240.0 MB/sec
[coreCloseExecutor-91-thread-1] INFO org.apache.solr.update.LoggingInfoStream - [MS][coreCloseExecutor-91-thread-1]: now merge
[coreCloseExecutor-91-thread-1] INFO org.apache.solr.update.LoggingInfoStream - [MS][coreCloseExecutor-91-thread-1]:   index: _0(5.5.1):C2
[coreCloseExecutor-91-thread-1] INFO org.apache.solr.update.LoggingInfoStream - [MS][coreCloseExecutor-91-thread-1]:   no more merges pending; now return
[coreCloseExecutor-91-thread-1] INFO org.apache.solr.update.LoggingInfoStream - [IW][coreCloseExecutor-91-thread-1]: waitForMerges
[coreCloseExecutor-91-thread-1] INFO org.apache.solr.update.LoggingInfoStream - [IW][coreCloseExecutor-91-thread-1]: waitForMerges done
[coreCloseExecutor-91-thread-1] INFO org.apache.solr.update.LoggingInfoStream - [IW][coreCloseExecutor-91-thread-1]: commit: start
[coreCloseExecutor-91-thread-1] INFO org.apache.solr.update.LoggingInfoStream - [IW][coreCloseExecutor-91-thread-1]: commit: enter lock
[coreCloseExecutor-91-thread-1] INFO org.apache.solr.update.LoggingInfoStream - [IW][coreCloseExecutor-91-thread-1]: commit: now prepare
[coreCloseExecutor-91-thread-1] INFO org.apache.solr.update.LoggingInfoStream - [IW][coreCloseExecutor-91-thread-1]: prepareCommit: flush
[coreCloseExecutor-91-thread-1] INFO org.apache.solr.update.LoggingInfoStream - [IW][coreCloseExecutor-91-thread-1]:   index before flush _0(5.5.1):C2
[coreCloseExecutor-91-thread-1] INFO org.apache.solr.update.LoggingInfoStream - [DW][coreCloseExecutor-91-thread-1]: startFullFlush
[coreCloseExecutor-91-thread-1] INFO org.apache.solr.update.LoggingInfoStream - [IW][coreCloseExecutor-91-thread-1]: apply all deletes during flush
[coreCloseExecutor-91-thread-1] INFO org.apache.solr.update.LoggingInfoStream - [IW][coreCloseExecutor-91-thread-1]: now apply all deletes for all segments maxDoc=2
[coreCloseExecutor-91-thread-1] INFO org.apache.solr.update.LoggingInfoStream - [BD][coreCloseExecutor-91-thread-1]: applyDeletes: open segment readers took 0 msec
[coreCloseExecutor-91-thread-1] INFO org.apache.solr.update.LoggingInfoStream - [BD][coreCloseExecutor-91-thread-1]: applyDeletes: no segments; skipping
[coreCloseExecutor-91-thread-1] INFO org.apache.solr.update.LoggingInfoStream - [BD][coreCloseExecutor-91-thread-1]: prune sis=segments_2: _0(5.5.1):C2 minGen=3 packetCount=0
[coreCloseExecutor-91-thread-1] INFO org.apache.solr.update.LoggingInfoStream - [DW][coreCloseExecutor-91-thread-1]: coreCloseExecutor-91-thread-1 finishFullFlush success=true
[coreCloseExecutor-91-thread-1] INFO org.apache.solr.update.LoggingInfoStream - [IW][coreCloseExecutor-91-thread-1]: startCommit(): start
[coreCloseExecutor-91-thread-1] INFO org.apache.solr.update.LoggingInfoStream - [IW][coreCloseExecutor-91-thread-1]:   skip startCommit(): no changes pending
[coreCloseExecutor-91-thread-1] INFO org.apache.solr.update.LoggingInfoStream - [IW][coreCloseExecutor-91-thread-1]: commit: pendingCommit == null; skip
[coreCloseExecutor-91-thread-1] INFO org.apache.solr.update.LoggingInfoStream - [IW][coreCloseExecutor-91-thread-1]: commit: took 0.2 msec
[coreCloseExecutor-91-thread-1] INFO org.apache.solr.update.LoggingInfoStream - [IW][coreCloseExecutor-91-thread-1]: commit: done
[coreCloseExecutor-91-thread-1] INFO org.apache.solr.update.LoggingInfoStream - [IW][coreCloseExecutor-91-thread-1]: rollback
[coreCloseExecutor-91-thread-1] INFO org.apache.solr.update.LoggingInfoStream - [IW][coreCloseExecutor-91-thread-1]: all running merges have aborted
[coreCloseExecutor-91-thread-1] INFO org.apache.solr.update.LoggingInfoStream - [IW][coreCloseExecutor-91-thread-1]: rollback: done finish merges
[coreCloseExecutor-91-thread-1] INFO org.apache.solr.update.LoggingInfoStream - [DW][coreCloseExecutor-91-thread-1]: abort
[coreCloseExecutor-91-thread-1] INFO org.apache.solr.update.LoggingInfoStream - [DW][coreCloseExecutor-91-thread-1]: done abort success=true
[coreCloseExecutor-91-thread-1] INFO org.apache.solr.update.LoggingInfoStream - [IW][coreCloseExecutor-91-thread-1]: rollback: infos=_0(5.5.1):C2
[coreCloseExecutor-91-thread-1] INFO org.apache.solr.update.LoggingInfoStream - [IFD][coreCloseExecutor-91-thread-1]: now checkpoint "_0(5.5.1):C2" [1 segments ; isCommit = false]
[coreCloseExecutor-91-thread-1] INFO org.apache.solr.update.LoggingInfoStream - [IFD][coreCloseExecutor-91-thread-1]: 0 msec to checkpoint
[coreCloseExecutor-91-thread-1] INFO org.apache.solr.core.SolrCore - [core] Closing main searcher on request.
[coreCloseExecutor-91-thread-1] INFO org.apache.solr.core.CachingDirectoryFactory - Closing NRTCachingDirectoryFactory - 2 directories currently being tracked
[coreCloseExecutor-91-thread-1] INFO org.apache.solr.core.CachingDirectoryFactory - looking to close /tmp/solr-home6154140409675109073/core/data [CachedDir<<refCount=0;path=/tmp/solr-home6154140409675109073/core/data;done=false>>]
[coreCloseExecutor-91-thread-1] INFO org.apache.solr.core.CachingDirectoryFactory - Closing directory: /tmp/solr-home6154140409675109073/core/data
[coreCloseExecutor-91-thread-1] INFO org.apache.solr.core.CachingDirectoryFactory - looking to close /tmp/solr-home6154140409675109073/core/data/index [CachedDir<<refCount=0;path=/tmp/solr-home6154140409675109073/core/data/index;done=false>>]
[coreCloseExecutor-91-thread-1] INFO org.apache.solr.core.CachingDirectoryFactory - Closing directory: /tmp/solr-home6154140409675109073/core/data/index
[Test worker] INFO com.rbmhtechnology.vind.solr.SolrSearchServer - No server provider of type class com.rbmhtechnology.vind.solr.EmbeddedSolrServerProvider found in classpath for server com.rbmhtechnology.vind.solr.SolrSearchServer
[Test worker] INFO com.rbmhtechnology.vind.solr.SolrSearchServer - No server provider of type class com.rbmhtechnology.vind.solr.EmbeddedSolrServerProvider found in classpath for server com.rbmhtechnology.vind.solr.SolrSearchServer
[Test worker] INFO org.apache.solr.core.SolrResourceLoader - new SolrResourceLoader for directory: '/tmp/solr-home7497188349935628643'
[Test worker] INFO org.apache.solr.core.SolrResourceLoader - JNDI not configured for solr (NoInitialContextEx)
[Test worker] INFO org.apache.solr.core.SolrResourceLoader - solr home defaulted to 'solr/' (could not find system property or JNDI)
[Test worker] INFO org.apache.solr.core.SolrXmlConfig - Loading container configuration from /tmp/solr-home7497188349935628643/solr.xml
[Test worker] INFO org.apache.solr.core.CorePropertiesLocator - Config-defined core root directory: /tmp/solr-home7497188349935628643
[Test worker] INFO org.apache.solr.core.CoreContainer - New CoreContainer 2016991461
[Test worker] INFO org.apache.solr.core.CoreContainer - Loading cores into CoreContainer [instanceDir=/tmp/solr-home7497188349935628643]
[Test worker] WARN org.apache.solr.core.CoreContainer - Couldn't add files from /tmp/solr-home7497188349935628643/lib to classpath: /tmp/solr-home7497188349935628643/lib
[Test worker] INFO org.apache.solr.handler.component.HttpShardHandlerFactory - created with socketTimeout : 120000,connTimeout : 15000,maxConnectionsPerHost : 20,maxConnections : 10000,corePoolSize : 0,maximumPoolSize : 2147483647,maxThreadIdleTime : 5,sizeOfQueue : -1,fairnessPolicy : false,useRetries : false,
[Test worker] INFO org.apache.solr.update.UpdateShardHandler - Creating UpdateShardHandler HTTP client with params: socketTimeout=600000&connTimeout=60000&retry=true
[Test worker] INFO org.apache.solr.logging.LogWatcher - SLF4J impl is org.slf4j.impl.SimpleLoggerFactory
[Test worker] INFO org.apache.solr.logging.LogWatcher - No LogWatcher configured
[Test worker] INFO org.apache.solr.core.CoreContainer - Security conf doesn't exist. Skipping setup for authorization module.
[Test worker] INFO org.apache.solr.core.CoreContainer - No authentication plugin used.
[Test worker] INFO org.apache.solr.core.CorePropertiesLocator - Looking for core definitions underneath /tmp/solr-home7497188349935628643
[Test worker] INFO org.apache.solr.core.CoreDescriptor - Created CoreDescriptor: {runtimeLib=false, name=core, config=solrconfig.xml, loadOnStartup=true, schema=schema.xml, configSetProperties=configsetprops.json, transient=false, dataDir=data/}
[Test worker] INFO org.apache.solr.core.CorePropertiesLocator - Found core core in /tmp/solr-home7497188349935628643/core
[Test worker] INFO org.apache.solr.core.CorePropertiesLocator - Found 1 core definitions
[coreLoadExecutor-98-thread-1] INFO org.apache.solr.core.SolrResourceLoader - new SolrResourceLoader for directory: '/tmp/solr-home7497188349935628643/core'
[coreLoadExecutor-98-thread-1] INFO org.apache.solr.core.SolrResourceLoader - JNDI not configured for solr (NoInitialContextEx)
[coreLoadExecutor-98-thread-1] INFO org.apache.solr.core.SolrResourceLoader - solr home defaulted to 'solr/' (could not find system property or JNDI)
[coreLoadExecutor-98-thread-1] INFO org.apache.solr.core.SolrResourceLoader - Adding 'file:/tmp/solr-home7497188349935628643/core/lib/marker-search-handler-0.3.0.jar' to classloader
[coreLoadExecutor-98-thread-1] INFO org.apache.solr.core.SolrResourceLoader - Adding 'file:/tmp/solr-home7497188349935628643/core/lib/suggestion-request-handler-2.1.0.jar' to classloader
[coreLoadExecutor-98-thread-1] INFO org.apache.solr.core.SolrConfig - current version of requestparams : -1
[coreLoadExecutor-98-thread-1] INFO org.apache.solr.update.SolrIndexConfig - IndexWriter infoStream solr logging is enabled
[coreLoadExecutor-98-thread-1] INFO org.apache.solr.core.SolrConfig - Using Lucene MatchVersion: 5.5.0
[coreLoadExecutor-98-thread-1] INFO org.apache.solr.core.SolrConfig - Loaded SolrConfig: solrconfig.xml
[coreLoadExecutor-98-thread-1] INFO org.apache.solr.schema.ManagedIndexSchemaFactory - The schema is configured as managed, but managed schema resource managed-schema not found - loading non-managed schema schema.xml instead
[coreLoadExecutor-98-thread-1] INFO org.apache.solr.schema.IndexSchema - [core] Schema name=basic search lib core
[coreLoadExecutor-98-thread-1] INFO org.apache.solr.schema.IndexSchema - unique key field: _id_
[coreLoadExecutor-98-thread-1] INFO org.apache.solr.schema.ManagedIndexSchema - Upgraded to managed schema at /tmp/solr-home7497188349935628643/core/conf/managed-schema
[coreLoadExecutor-98-thread-1] INFO org.apache.solr.schema.ManagedIndexSchemaFactory - After upgrading to managed schema, renamed the non-managed schema /tmp/solr-home7497188349935628643/core/conf/schema.xml to /tmp/solr-home7497188349935628643/core/conf/schema.xml.bak
[coreLoadExecutor-98-thread-1] INFO org.apache.solr.core.ConfigSetProperties - Did not find ConfigSet properties, assuming default properties: Can't find resource 'configsetprops.json' in classpath or '/tmp/solr-home7497188349935628643/core'
[coreLoadExecutor-98-thread-1] INFO org.apache.solr.core.CoreContainer - Creating SolrCore 'core' using configuration from instancedir /tmp/solr-home7497188349935628643/core
[coreLoadExecutor-98-thread-1] INFO org.apache.solr.core.SolrCore - solr.NRTCachingDirectoryFactory
[coreLoadExecutor-98-thread-1] INFO org.apache.solr.core.SolrCore - [[core] ] Opening new SolrCore at [/tmp/solr-home7497188349935628643/core], dataDir=[/tmp/solr-home7497188349935628643/core/data/]
[coreLoadExecutor-98-thread-1] INFO org.apache.solr.core.JmxMonitoredMap - No JMX servers found, not exposing Solr information with JMX.
[coreLoadExecutor-98-thread-1] INFO org.apache.solr.core.SchemaCodecFactory - Using default compressionMode: BEST_SPEED
[coreLoadExecutor-98-thread-1] INFO org.apache.solr.core.CachingDirectoryFactory - return new directory for /tmp/solr-home7497188349935628643/core/data
[coreLoadExecutor-98-thread-1] INFO org.apache.solr.core.SolrCore - New index directory detected: old=null new=/tmp/solr-home7497188349935628643/core/data/index/
[coreLoadExecutor-98-thread-1] WARN org.apache.solr.core.SolrCore - [core] Solr index directory '/tmp/solr-home7497188349935628643/core/data/index' doesn't exist. Creating new index...
[coreLoadExecutor-98-thread-1] INFO org.apache.solr.core.CachingDirectoryFactory - return new directory for /tmp/solr-home7497188349935628643/core/data/index
[coreLoadExecutor-98-thread-1] INFO org.apache.solr.update.LoggingInfoStream - [IFD][coreLoadExecutor-98-thread-1]: init: current segments file is "segments"; deletionPolicy=org.apache.solr.core.IndexDeletionPolicyWrapper@1b9fe588
[coreLoadExecutor-98-thread-1] INFO org.apache.solr.update.LoggingInfoStream - [IFD][coreLoadExecutor-98-thread-1]: now checkpoint "" [0 segments ; isCommit = false]
[coreLoadExecutor-98-thread-1] INFO org.apache.solr.update.LoggingInfoStream - [IFD][coreLoadExecutor-98-thread-1]: 0 msec to checkpoint
[coreLoadExecutor-98-thread-1] INFO org.apache.solr.update.LoggingInfoStream - [IW][coreLoadExecutor-98-thread-1]: init: create=true
[coreLoadExecutor-98-thread-1] INFO org.apache.solr.update.LoggingInfoStream - [IW][coreLoadExecutor-98-thread-1]: 
dir=NRTCachingDirectory(MMapDirectory@/tmp/solr-home7497188349935628643/core/data/index lockFactory=org.apache.lucene.store.NativeFSLockFactory@2c3d74f6; maxCacheMB=48.0 maxMergeSizeMB=4.0)
index=
version=5.5.1
analyzer=org.apache.solr.update.SolrIndexConfig$DelayedSchemaAnalyzer
ramBufferSizeMB=100.0
maxBufferedDocs=-1
maxBufferedDeleteTerms=-1
mergedSegmentWarmer=null
delPolicy=org.apache.solr.core.IndexDeletionPolicyWrapper
commit=null
openMode=CREATE
similarity=org.apache.lucene.search.similarities.ClassicSimilarity
mergeScheduler=ConcurrentMergeScheduler: maxThreadCount=-1, maxMergeCount=-1, ioThrottle=true
default WRITE_LOCK_TIMEOUT=0
writeLockTimeout=0
codec=Lucene54
infoStream=org.apache.solr.update.LoggingInfoStream
mergePolicy=[TieredMergePolicy: maxMergeAtOnce=10, maxMergeAtOnceExplicit=30, maxMergedSegmentMB=5120.0, floorSegmentMB=2.0, forceMergeDeletesPctAllowed=10.0, segmentsPerTier=10.0, maxCFSSegmentSizeMB=8.796093022207999E12, noCFSRatio=0.1
indexerThreadPool=org.apache.lucene.index.DocumentsWriterPerThreadPool@147104e8
readerPooling=false
perThreadHardLimitMB=1945
useCompoundFile=false
commitOnClose=true
writer=org.apache.solr.update.SolrIndexWriter@f53784e

[coreLoadExecutor-98-thread-1] INFO org.apache.solr.update.LoggingInfoStream - [IW][coreLoadExecutor-98-thread-1]: MMapDirectory.UNMAP_SUPPORTED=true
[coreLoadExecutor-98-thread-1] INFO org.apache.solr.update.LoggingInfoStream - [IW][coreLoadExecutor-98-thread-1]: now flush at close
[coreLoadExecutor-98-thread-1] INFO org.apache.solr.update.LoggingInfoStream - [IW][coreLoadExecutor-98-thread-1]:   start flush: applyAllDeletes=true
[coreLoadExecutor-98-thread-1] INFO org.apache.solr.update.LoggingInfoStream - [IW][coreLoadExecutor-98-thread-1]:   index before flush 
[coreLoadExecutor-98-thread-1] INFO org.apache.solr.update.LoggingInfoStream - [DW][coreLoadExecutor-98-thread-1]: startFullFlush
[coreLoadExecutor-98-thread-1] INFO org.apache.solr.update.LoggingInfoStream - [DW][coreLoadExecutor-98-thread-1]: coreLoadExecutor-98-thread-1 finishFullFlush success=true
[coreLoadExecutor-98-thread-1] INFO org.apache.solr.update.LoggingInfoStream - [IW][coreLoadExecutor-98-thread-1]: apply all deletes during flush
[coreLoadExecutor-98-thread-1] INFO org.apache.solr.update.LoggingInfoStream - [IW][coreLoadExecutor-98-thread-1]: now apply all deletes for all segments maxDoc=0
[coreLoadExecutor-98-thread-1] INFO org.apache.solr.update.LoggingInfoStream - [BD][coreLoadExecutor-98-thread-1]: prune sis=segments:  minGen=9223372036854775807 packetCount=0
[coreLoadExecutor-98-thread-1] INFO org.apache.solr.update.LoggingInfoStream - [MS][coreLoadExecutor-98-thread-1]: initDynamicDefaults spins=false maxThreadCount=2 maxMergeCount=7
[coreLoadExecutor-98-thread-1] INFO org.apache.solr.update.LoggingInfoStream - [MS][coreLoadExecutor-98-thread-1]: updateMergeThreads ioThrottle=true targetMBPerSec=10240.0 MB/sec
[coreLoadExecutor-98-thread-1] INFO org.apache.solr.update.LoggingInfoStream - [MS][coreLoadExecutor-98-thread-1]: now merge
[coreLoadExecutor-98-thread-1] INFO org.apache.solr.update.LoggingInfoStream - [MS][coreLoadExecutor-98-thread-1]:   index: 
[coreLoadExecutor-98-thread-1] INFO org.apache.solr.update.LoggingInfoStream - [MS][coreLoadExecutor-98-thread-1]:   no more merges pending; now return
[coreLoadExecutor-98-thread-1] INFO org.apache.solr.update.LoggingInfoStream - [IW][coreLoadExecutor-98-thread-1]: waitForMerges
[coreLoadExecutor-98-thread-1] INFO org.apache.solr.update.LoggingInfoStream - [IW][coreLoadExecutor-98-thread-1]: waitForMerges done
[coreLoadExecutor-98-thread-1] INFO org.apache.solr.update.LoggingInfoStream - [IW][coreLoadExecutor-98-thread-1]: commit: start
[coreLoadExecutor-98-thread-1] INFO org.apache.solr.update.LoggingInfoStream - [IW][coreLoadExecutor-98-thread-1]: commit: enter lock
[coreLoadExecutor-98-thread-1] INFO org.apache.solr.update.LoggingInfoStream - [IW][coreLoadExecutor-98-thread-1]: commit: now prepare
[coreLoadExecutor-98-thread-1] INFO org.apache.solr.update.LoggingInfoStream - [IW][coreLoadExecutor-98-thread-1]: prepareCommit: flush
[coreLoadExecutor-98-thread-1] INFO org.apache.solr.update.LoggingInfoStream - [IW][coreLoadExecutor-98-thread-1]:   index before flush 
[coreLoadExecutor-98-thread-1] INFO org.apache.solr.update.LoggingInfoStream - [DW][coreLoadExecutor-98-thread-1]: startFullFlush
[coreLoadExecutor-98-thread-1] INFO org.apache.solr.update.LoggingInfoStream - [IW][coreLoadExecutor-98-thread-1]: apply all deletes during flush
[coreLoadExecutor-98-thread-1] INFO org.apache.solr.update.LoggingInfoStream - [IW][coreLoadExecutor-98-thread-1]: now apply all deletes for all segments maxDoc=0
[coreLoadExecutor-98-thread-1] INFO org.apache.solr.update.LoggingInfoStream - [BD][coreLoadExecutor-98-thread-1]: prune sis=segments:  minGen=9223372036854775807 packetCount=0
[coreLoadExecutor-98-thread-1] INFO org.apache.solr.update.LoggingInfoStream - [DW][coreLoadExecutor-98-thread-1]: coreLoadExecutor-98-thread-1 finishFullFlush success=true
[coreLoadExecutor-98-thread-1] INFO org.apache.solr.update.LoggingInfoStream - [IW][coreLoadExecutor-98-thread-1]: startCommit(): start
[coreLoadExecutor-98-thread-1] INFO org.apache.solr.update.LoggingInfoStream - [IW][coreLoadExecutor-98-thread-1]: startCommit index= changeCount=2
[coreLoadExecutor-98-thread-1] INFO org.apache.solr.update.LoggingInfoStream - [IW][coreLoadExecutor-98-thread-1]: startCommit: wrote pending segments file "pending_segments_1"
[coreLoadExecutor-98-thread-1] INFO org.apache.solr.update.LoggingInfoStream - [IW][coreLoadExecutor-98-thread-1]: done all syncs: []
[coreLoadExecutor-98-thread-1] INFO org.apache.solr.update.LoggingInfoStream - [IW][coreLoadExecutor-98-thread-1]: commit: pendingCommit != null
[coreLoadExecutor-98-thread-1] INFO org.apache.solr.update.LoggingInfoStream - [IW][coreLoadExecutor-98-thread-1]: commit: done writing segments file "segments_1"
[coreLoadExecutor-98-thread-1] INFO org.apache.solr.update.LoggingInfoStream - [IFD][coreLoadExecutor-98-thread-1]: now checkpoint "" [0 segments ; isCommit = true]
[coreLoadExecutor-98-thread-1] INFO org.apache.solr.core.SolrDeletionPolicy - SolrDeletionPolicy.onCommit: commits: num=1
	commit{dir=NRTCachingDirectory(MMapDirectory@/tmp/solr-home7497188349935628643/core/data/index lockFactory=org.apache.lucene.store.NativeFSLockFactory@2c3d74f6; maxCacheMB=48.0 maxMergeSizeMB=4.0),segFN=segments_1,generation=1}
[coreLoadExecutor-98-thread-1] INFO org.apache.solr.core.SolrDeletionPolicy - newest commit generation = 1
[coreLoadExecutor-98-thread-1] INFO org.apache.solr.update.LoggingInfoStream - [IFD][coreLoadExecutor-98-thread-1]: 0 msec to checkpoint
[coreLoadExecutor-98-thread-1] INFO org.apache.solr.update.LoggingInfoStream - [IW][coreLoadExecutor-98-thread-1]: commit: took 5.2 msec
[coreLoadExecutor-98-thread-1] INFO org.apache.solr.update.LoggingInfoStream - [IW][coreLoadExecutor-98-thread-1]: commit: done
[coreLoadExecutor-98-thread-1] INFO org.apache.solr.update.LoggingInfoStream - [IW][coreLoadExecutor-98-thread-1]: rollback
[coreLoadExecutor-98-thread-1] INFO org.apache.solr.update.LoggingInfoStream - [IW][coreLoadExecutor-98-thread-1]: all running merges have aborted
[coreLoadExecutor-98-thread-1] INFO org.apache.solr.update.LoggingInfoStream - [IW][coreLoadExecutor-98-thread-1]: rollback: done finish merges
[coreLoadExecutor-98-thread-1] INFO org.apache.solr.update.LoggingInfoStream - [DW][coreLoadExecutor-98-thread-1]: abort
[coreLoadExecutor-98-thread-1] INFO org.apache.solr.update.LoggingInfoStream - [DW][coreLoadExecutor-98-thread-1]: done abort success=true
[coreLoadExecutor-98-thread-1] INFO org.apache.solr.update.LoggingInfoStream - [IW][coreLoadExecutor-98-thread-1]: rollback: infos=
[coreLoadExecutor-98-thread-1] INFO org.apache.solr.update.LoggingInfoStream - [IFD][coreLoadExecutor-98-thread-1]: now checkpoint "" [0 segments ; isCommit = false]
[coreLoadExecutor-98-thread-1] INFO org.apache.solr.update.LoggingInfoStream - [IFD][coreLoadExecutor-98-thread-1]: 0 msec to checkpoint
[OldIndexDirectoryCleanupThreadForCore-core] INFO org.apache.solr.core.SolrCore - Looking for old index directories to cleanup for core core in /tmp/solr-home7497188349935628643/core/data/
[coreLoadExecutor-98-thread-1] INFO org.apache.solr.core.SolrCore - no updateRequestProcessorChain defined as default, creating implicit default
[coreLoadExecutor-98-thread-1] INFO org.apache.solr.handler.loader.XMLLoader - xsltCacheLifetimeSeconds=60
[coreLoadExecutor-98-thread-1] INFO org.apache.solr.handler.loader.XMLLoader - xsltCacheLifetimeSeconds=60
[coreLoadExecutor-98-thread-1] INFO org.apache.solr.handler.loader.XMLLoader - xsltCacheLifetimeSeconds=60
[coreLoadExecutor-98-thread-1] INFO org.apache.solr.handler.loader.XMLLoader - xsltCacheLifetimeSeconds=60
[coreLoadExecutor-98-thread-1] INFO org.apache.solr.core.RequestHandlers - Registered paths: /admin/mbeans,,/update/csv,/update/json/docs,/admin/luke,/select,/suggester,/admin/segments,/get,/admin/system,/replication,/admin/properties,/config,/schema,/admin/plugins,/admin/logging,/update/json,/admin/threads,/admin/ping,/update,/admin/file
[coreLoadExecutor-98-thread-1] INFO org.apache.solr.core.SolrCore - Using default statsCache cache: org.apache.solr.search.stats.LocalStatsCache
[coreLoadExecutor-98-thread-1] INFO org.apache.solr.update.UpdateHandler - Using UpdateLog implementation: org.apache.solr.update.UpdateLog
[coreLoadExecutor-98-thread-1] INFO org.apache.solr.update.UpdateLog - Initializing UpdateLog: dataDir= defaultSyncLevel=FLUSH numRecordsToKeep=100 maxNumLogsToKeep=10 numVersionBuckets=65536
[coreLoadExecutor-98-thread-1] INFO org.apache.solr.update.CommitTracker - Hard AutoCommit: if uncommited for 15000ms; 
[coreLoadExecutor-98-thread-1] INFO org.apache.solr.update.CommitTracker - Soft AutoCommit: disabled
[coreLoadExecutor-98-thread-1] INFO org.apache.solr.update.LoggingInfoStream - [IFD][coreLoadExecutor-98-thread-1]: init: current segments file is "segments_1"; deletionPolicy=org.apache.solr.core.IndexDeletionPolicyWrapper@1b9fe588
[coreLoadExecutor-98-thread-1] INFO org.apache.solr.update.LoggingInfoStream - [IFD][coreLoadExecutor-98-thread-1]: init: load commit "segments_1"
[coreLoadExecutor-98-thread-1] INFO org.apache.solr.core.SolrDeletionPolicy - SolrDeletionPolicy.onInit: commits: num=1
	commit{dir=NRTCachingDirectory(MMapDirectory@/tmp/solr-home7497188349935628643/core/data/index lockFactory=org.apache.lucene.store.NativeFSLockFactory@2c3d74f6; maxCacheMB=48.0 maxMergeSizeMB=4.0),segFN=segments_1,generation=1}
[coreLoadExecutor-98-thread-1] INFO org.apache.solr.core.SolrDeletionPolicy - newest commit generation = 1
[coreLoadExecutor-98-thread-1] INFO org.apache.solr.update.LoggingInfoStream - [IFD][coreLoadExecutor-98-thread-1]: now checkpoint "" [0 segments ; isCommit = false]
[coreLoadExecutor-98-thread-1] INFO org.apache.solr.update.LoggingInfoStream - [IFD][coreLoadExecutor-98-thread-1]: 0 msec to checkpoint
[coreLoadExecutor-98-thread-1] INFO org.apache.solr.update.LoggingInfoStream - [IW][coreLoadExecutor-98-thread-1]: init: create=false
[coreLoadExecutor-98-thread-1] INFO org.apache.solr.update.LoggingInfoStream - [IW][coreLoadExecutor-98-thread-1]: 
dir=NRTCachingDirectory(MMapDirectory@/tmp/solr-home7497188349935628643/core/data/index lockFactory=org.apache.lucene.store.NativeFSLockFactory@2c3d74f6; maxCacheMB=48.0 maxMergeSizeMB=4.0)
index=
version=5.5.1
analyzer=org.apache.solr.update.SolrIndexConfig$DelayedSchemaAnalyzer
ramBufferSizeMB=100.0
maxBufferedDocs=-1
maxBufferedDeleteTerms=-1
mergedSegmentWarmer=null
delPolicy=org.apache.solr.core.IndexDeletionPolicyWrapper
commit=null
openMode=APPEND
similarity=org.apache.lucene.search.similarities.ClassicSimilarity
mergeScheduler=ConcurrentMergeScheduler: maxThreadCount=-1, maxMergeCount=-1, ioThrottle=true
default WRITE_LOCK_TIMEOUT=0
writeLockTimeout=0
codec=Lucene54
infoStream=org.apache.solr.update.LoggingInfoStream
mergePolicy=[TieredMergePolicy: maxMergeAtOnce=10, maxMergeAtOnceExplicit=30, maxMergedSegmentMB=5120.0, floorSegmentMB=2.0, forceMergeDeletesPctAllowed=10.0, segmentsPerTier=10.0, maxCFSSegmentSizeMB=8.796093022207999E12, noCFSRatio=0.1
indexerThreadPool=org.apache.lucene.index.DocumentsWriterPerThreadPool@2ac0f189
readerPooling=false
perThreadHardLimitMB=1945
useCompoundFile=false
commitOnClose=true
writer=org.apache.solr.update.SolrIndexWriter@3c24719b

[coreLoadExecutor-98-thread-1] INFO org.apache.solr.update.LoggingInfoStream - [IW][coreLoadExecutor-98-thread-1]: MMapDirectory.UNMAP_SUPPORTED=true
[coreLoadExecutor-98-thread-1] INFO org.apache.solr.update.LoggingInfoStream - [IW][coreLoadExecutor-98-thread-1]: flush at getReader
[coreLoadExecutor-98-thread-1] INFO org.apache.solr.update.LoggingInfoStream - [DW][coreLoadExecutor-98-thread-1]: startFullFlush
[coreLoadExecutor-98-thread-1] INFO org.apache.solr.update.LoggingInfoStream - [IW][coreLoadExecutor-98-thread-1]: apply all deletes during flush
[coreLoadExecutor-98-thread-1] INFO org.apache.solr.update.LoggingInfoStream - [IW][coreLoadExecutor-98-thread-1]: now apply all deletes for all segments maxDoc=0
[coreLoadExecutor-98-thread-1] INFO org.apache.solr.update.LoggingInfoStream - [BD][coreLoadExecutor-98-thread-1]: prune sis=segments_1:  minGen=9223372036854775807 packetCount=0
[coreLoadExecutor-98-thread-1] INFO org.apache.solr.update.LoggingInfoStream - [IW][coreLoadExecutor-98-thread-1]: incRefDeleter for NRT reader version=2 segments=
[coreLoadExecutor-98-thread-1] INFO org.apache.solr.update.LoggingInfoStream - [IW][coreLoadExecutor-98-thread-1]: return reader version=2 reader=StandardDirectoryReader(segments_1:2:nrt)
[coreLoadExecutor-98-thread-1] INFO org.apache.solr.update.LoggingInfoStream - [DW][coreLoadExecutor-98-thread-1]: coreLoadExecutor-98-thread-1 finishFullFlush success=true
[coreLoadExecutor-98-thread-1] INFO org.apache.solr.update.LoggingInfoStream - [IW][coreLoadExecutor-98-thread-1]: getReader took 0 msec
[coreLoadExecutor-98-thread-1] INFO org.apache.solr.search.SolrIndexSearcher - Opening Searcher@17a2ba80[core] main
[coreLoadExecutor-98-thread-1] INFO org.apache.solr.rest.ManagedResourceStorage - File-based storage initialized to use dir: /tmp/solr-home7497188349935628643/core/conf
[coreLoadExecutor-98-thread-1] INFO org.apache.solr.rest.RestManager - Initializing RestManager with initArgs: {storageDir=/tmp/solr-home7497188349935628643/core/conf}
[coreLoadExecutor-98-thread-1] INFO org.apache.solr.rest.ManagedResourceStorage - Reading _rest_managed.json using file:dir=/tmp/solr-home7497188349935628643/core/conf
[coreLoadExecutor-98-thread-1] INFO org.apache.solr.rest.RestManager - Initializing 0 registered ManagedResources
[coreLoadExecutor-98-thread-1] INFO org.apache.solr.handler.component.SpellCheckComponent - Initializing spell checkers
[coreLoadExecutor-98-thread-1] INFO org.apache.solr.handler.component.SpellCheckComponent - Registering newSearcher listener for spellchecker: default
[coreLoadExecutor-98-thread-1] INFO org.apache.solr.handler.component.SpellCheckComponent - No queryConverter defined, using default converter
[coreLoadExecutor-98-thread-1] INFO org.apache.solr.handler.ReplicationHandler - Commits will be reserved for  10000
[coreLoadExecutor-98-thread-1] INFO org.apache.solr.update.UpdateLog - Looking up max value of version field to seed version buckets
[coreLoadExecutor-98-thread-1] INFO org.apache.solr.update.VersionInfo - Refreshing highest value of _version_ for 65536 version buckets from index
[coreLoadExecutor-98-thread-1] INFO org.apache.solr.update.VersionInfo - No terms found for _version_, cannot seed version bucket highest value from index
[coreLoadExecutor-98-thread-1] INFO org.apache.solr.update.UpdateLog - Could not find max version in index or recent updates, using new clock 1576087832528683008
[searcherExecutor-99-thread-1] INFO org.apache.solr.handler.component.SpellCheckComponent - Loading spell index for spellchecker: default
[coreLoadExecutor-98-thread-1] INFO org.apache.solr.update.UpdateLog - Took 1.0ms to seed version buckets with highest version 1576087832528683008
[coreLoadExecutor-98-thread-1] INFO org.apache.solr.core.CoreContainer - registering core: core
[searcherExecutor-99-thread-1] INFO org.apache.solr.core.SolrCore - [core] Registered new searcher Searcher@17a2ba80[core] main{ExitableDirectoryReader(UninvertingDirectoryReader())}
[Test worker] INFO org.apache.solr.core.SolrCore.Request - [core]  webapp=null path=/admin/ping params={} hits=0 status=0 QTime=0
[Test worker] INFO org.apache.solr.core.SolrCore.Request - [core]  webapp=null path=/admin/ping params={} status=0 QTime=0
[Test worker] INFO com.rbmhtechnology.vind.solr.SolrSearchServer - Connection to solr server successful
[Test worker] INFO org.apache.solr.core.SolrCore.Request - [core]  webapp=null path=/schema params={} status=0 QTime=0
[Test worker] INFO com.rbmhtechnology.vind.solr.SolrSearchServer - No server provider of type class com.rbmhtechnology.vind.solr.EmbeddedSolrServerProvider found in classpath for server com.rbmhtechnology.vind.solr.SolrSearchServer
[Test worker] INFO org.apache.solr.update.processor.LogUpdateProcessorFactory - [core]  webapp=null path=/update params={}{add=[1 (1576087832556994560)]} 0 6
[Test worker] INFO org.apache.solr.update.processor.LogUpdateProcessorFactory - [core]  webapp=null path=/update params={}{add=[2 (1576087832564334592)]} 0 2
[Test worker] INFO org.apache.solr.update.processor.LogUpdateProcessorFactory - [core]  webapp=null path=/update params={}{add=[3 (1576087832566431744)]} 0 0
[Test worker] INFO org.apache.solr.update.DirectUpdateHandler2 - start commit{,optimize=false,openSearcher=true,waitSearcher=true,expungeDeletes=false,softCommit=false,prepareCommit=false}
[Test worker] INFO org.apache.solr.update.LoggingInfoStream - [IW][Test worker]: commit: start
[Test worker] INFO org.apache.solr.update.LoggingInfoStream - [IW][Test worker]: commit: enter lock
[Test worker] INFO org.apache.solr.update.LoggingInfoStream - [IW][Test worker]: commit: now prepare
[Test worker] INFO org.apache.solr.update.LoggingInfoStream - [IW][Test worker]: prepareCommit: flush
[Test worker] INFO org.apache.solr.update.LoggingInfoStream - [IW][Test worker]:   index before flush 
[Test worker] INFO org.apache.solr.update.LoggingInfoStream - [DW][Test worker]: startFullFlush
[Test worker] INFO org.apache.solr.update.LoggingInfoStream - [DW][Test worker]: anyChanges? numDocsInRam=3 deletes=true hasTickets:false pendingChangesInFullFlush: false
[Test worker] INFO org.apache.solr.update.LoggingInfoStream - [DWFC][Test worker]: addFlushableState DocumentsWriterPerThread [pendingDeletes=gen=0 2 deleted terms (unique count=2) bytesUsed=338, segment=_0, aborted=false, numDocsInRAM=3, deleteQueue=DWDQ: [ generation: 1 ]]
[Test worker] INFO org.apache.solr.update.LoggingInfoStream - [DWPT][Test worker]: flush postings as segment _0 numDocs=3
[Test worker] INFO org.apache.solr.update.LoggingInfoStream - [IW][Test worker]: 0 msec to write norms
[Test worker] INFO org.apache.solr.update.LoggingInfoStream - [IW][Test worker]: 0 msec to write docValues
[Test worker] INFO org.apache.solr.update.LoggingInfoStream - [IW][Test worker]: 0 msec to finish stored fields
[Test worker] INFO org.apache.solr.update.LoggingInfoStream - [IW][Test worker]: 1 msec to write postings and finish vectors
[Test worker] INFO org.apache.solr.update.LoggingInfoStream - [IW][Test worker]: 0 msec to write fieldInfos
[Test worker] INFO org.apache.solr.update.LoggingInfoStream - [DWPT][Test worker]: new segment has 0 deleted docs
[Test worker] INFO org.apache.solr.update.LoggingInfoStream - [DWPT][Test worker]: new segment has no vectors; norms; docValues; prox; freqs
[Test worker] INFO org.apache.solr.update.LoggingInfoStream - [DWPT][Test worker]: flushedFiles=[_0_Lucene54_0.dvm, _0_Lucene50_0.doc, _0_Lucene50_0.tim, _0_Lucene50_0.pos, _0.nvd, _0.fdx, _0_Lucene54_0.dvd, _0_Lucene50_0.tip, _0.fdt, _0.nvm, _0.fnm]
[Test worker] INFO org.apache.solr.update.LoggingInfoStream - [DWPT][Test worker]: flushed codec=Lucene54
[Test worker] INFO org.apache.solr.update.LoggingInfoStream - [DWPT][Test worker]: flushed: segment=_0 ramUsed=0.251 MB newFlushedSize=0.005 MB docs/MB=630.28
[Test worker] INFO org.apache.solr.update.LoggingInfoStream - [DW][Test worker]: publishFlushedSegment seg-private updates=null
[Test worker] INFO org.apache.solr.update.LoggingInfoStream - [IW][Test worker]: publishFlushedSegment
[Test worker] INFO org.apache.solr.update.LoggingInfoStream - [BD][Test worker]: push deletes  3 deleted terms (unique count=3) bytesUsed=1072 segmentPrivate?=false delGen=2 packetCount=1 totBytesUsed=1072
[Test worker] INFO org.apache.solr.update.LoggingInfoStream - [IW][Test worker]: publish sets newSegment delGen=3 seg=_0(5.5.1):C3
[Test worker] INFO org.apache.solr.update.LoggingInfoStream - [IFD][Test worker]: now checkpoint "_0(5.5.1):C3" [1 segments ; isCommit = false]
[Test worker] INFO org.apache.solr.update.LoggingInfoStream - [IFD][Test worker]: 0 msec to checkpoint
[Test worker] INFO org.apache.solr.update.LoggingInfoStream - [IW][Test worker]: apply all deletes during flush
[Test worker] INFO org.apache.solr.update.LoggingInfoStream - [IW][Test worker]: now apply all deletes for all segments maxDoc=3
[Test worker] INFO org.apache.solr.update.LoggingInfoStream - [BD][Test worker]: applyDeletes: open segment readers took 0 msec
[Test worker] INFO org.apache.solr.update.LoggingInfoStream - [BD][Test worker]: applyDeletes: infos=[_0(5.5.1):C3] packetCount=1
[Test worker] INFO org.apache.solr.update.LoggingInfoStream - [BD][Test worker]: applyDeletes took 1 msec for 1 segments, 0 newly deleted docs (query deletes), 0 visited terms, allDeleted=null
[Test worker] INFO org.apache.solr.update.LoggingInfoStream - [BD][Test worker]: prune sis=segments_1: _0(5.5.1):C3 minGen=3 packetCount=1
[Test worker] INFO org.apache.solr.update.LoggingInfoStream - [BD][Test worker]: pruneDeletes: prune 1 packets; 0 packets remain
[Test worker] INFO org.apache.solr.update.LoggingInfoStream - [DW][Test worker]: Test worker finishFullFlush success=true
[Test worker] INFO org.apache.solr.update.LoggingInfoStream - [TMP][Test worker]: findMerges: 1 segments
[Test worker] INFO org.apache.solr.update.LoggingInfoStream - [TMP][Test worker]:   seg=_0(5.5.1):C3 size=0.005 MB [floored]
[Test worker] INFO org.apache.solr.update.LoggingInfoStream - [TMP][Test worker]:   allowedSegmentCount=1 vs count=1 (eligible count=1) tooBigCount=0
[Test worker] INFO org.apache.solr.update.LoggingInfoStream - [MS][Test worker]: initDynamicDefaults spins=false maxThreadCount=2 maxMergeCount=7
[Test worker] INFO org.apache.solr.update.LoggingInfoStream - [MS][Test worker]: now merge
[Test worker] INFO org.apache.solr.update.LoggingInfoStream - [MS][Test worker]:   index: _0(5.5.1):C3
[Test worker] INFO org.apache.solr.update.LoggingInfoStream - [MS][Test worker]:   no more merges pending; now return
[Test worker] INFO org.apache.solr.update.LoggingInfoStream - [IW][Test worker]: startCommit(): start
[Test worker] INFO org.apache.solr.update.LoggingInfoStream - [IW][Test worker]: startCommit index=_0(5.5.1):C3 changeCount=4
[Test worker] INFO org.apache.solr.update.LoggingInfoStream - [IW][Test worker]: startCommit: wrote pending segments file "pending_segments_2"
[Test worker] INFO org.apache.solr.update.LoggingInfoStream - [IW][Test worker]: done all syncs: [_0.si, _0_Lucene50_0.doc, _0_Lucene50_0.tim, _0_Lucene54_0.dvm, _0_Lucene50_0.pos, _0.nvd, _0.fdx, _0_Lucene54_0.dvd, _0_Lucene50_0.tip, _0.fdt, _0.nvm, _0.fnm]
[Test worker] INFO org.apache.solr.update.LoggingInfoStream - [IW][Test worker]: commit: pendingCommit != null
[Test worker] INFO org.apache.solr.update.LoggingInfoStream - [IW][Test worker]: commit: done writing segments file "segments_2"
[Test worker] INFO org.apache.solr.update.LoggingInfoStream - [IFD][Test worker]: now checkpoint "_0(5.5.1):C3" [1 segments ; isCommit = true]
[Test worker] INFO org.apache.solr.core.SolrDeletionPolicy - SolrDeletionPolicy.onCommit: commits: num=2
	commit{dir=NRTCachingDirectory(MMapDirectory@/tmp/solr-home7497188349935628643/core/data/index lockFactory=org.apache.lucene.store.NativeFSLockFactory@2c3d74f6; maxCacheMB=48.0 maxMergeSizeMB=4.0),segFN=segments_1,generation=1}
	commit{dir=NRTCachingDirectory(MMapDirectory@/tmp/solr-home7497188349935628643/core/data/index lockFactory=org.apache.lucene.store.NativeFSLockFactory@2c3d74f6; maxCacheMB=48.0 maxMergeSizeMB=4.0),segFN=segments_2,generation=2}
[Test worker] INFO org.apache.solr.core.SolrDeletionPolicy - newest commit generation = 2
[Test worker] INFO org.apache.solr.update.LoggingInfoStream - [IFD][Test worker]: deleteCommits: now decRef commit "segments_1"
[Test worker] INFO org.apache.solr.update.LoggingInfoStream - [IFD][Test worker]: delete "segments_1"
[Test worker] INFO org.apache.solr.update.LoggingInfoStream - [IFD][Test worker]: 1 msec to checkpoint
[Test worker] INFO org.apache.solr.update.LoggingInfoStream - [IW][Test worker]: commit: took 57.5 msec
[Test worker] INFO org.apache.solr.update.LoggingInfoStream - [IW][Test worker]: commit: done
[Test worker] INFO org.apache.solr.update.LoggingInfoStream - [IW][Test worker]: nrtIsCurrent: infoVersion matches: false; DW changes: false; BD changes: false
[Test worker] INFO org.apache.solr.update.LoggingInfoStream - [IW][Test worker]: flush at getReader
[Test worker] INFO org.apache.solr.update.LoggingInfoStream - [DW][Test worker]: startFullFlush
[Test worker] INFO org.apache.solr.update.LoggingInfoStream - [IW][Test worker]: apply all deletes during flush
[Test worker] INFO org.apache.solr.update.LoggingInfoStream - [IW][Test worker]: now apply all deletes for all segments maxDoc=3
[Test worker] INFO org.apache.solr.update.LoggingInfoStream - [BD][Test worker]: applyDeletes: open segment readers took 0 msec
[Test worker] INFO org.apache.solr.update.LoggingInfoStream - [BD][Test worker]: applyDeletes: no segments; skipping
[Test worker] INFO org.apache.solr.update.LoggingInfoStream - [BD][Test worker]: prune sis=segments_2: _0(5.5.1):C3 minGen=3 packetCount=0
[Test worker] INFO org.apache.solr.update.LoggingInfoStream - [IW][Test worker]: incRefDeleter for NRT reader version=6 segments=_0(5.5.1):C3
[Test worker] INFO org.apache.solr.update.LoggingInfoStream - [IW][Test worker]: return reader version=6 reader=StandardDirectoryReader(segments_2:6:nrt _0(5.5.1):C3)
[Test worker] INFO org.apache.solr.update.LoggingInfoStream - [DW][Test worker]: Test worker finishFullFlush success=true
[Test worker] INFO org.apache.solr.update.LoggingInfoStream - [IW][Test worker]: getReader took 1 msec
[Test worker] INFO org.apache.solr.search.SolrIndexSearcher - Opening Searcher@39180a6c[core] main
[Test worker] INFO org.apache.solr.update.DirectUpdateHandler2 - end_commit_flush
[searcherExecutor-99-thread-1] INFO org.apache.solr.handler.component.SpellCheckComponent - Building spell index for spell checker: default
[searcherExecutor-99-thread-1] INFO org.apache.solr.core.SolrCore - [core] Registered new searcher Searcher@39180a6c[core] main{ExitableDirectoryReader(UninvertingDirectoryReader(Uninverting(_0(5.5.1):C3)))}
[searcherExecutor-99-thread-1] INFO org.apache.solr.update.LoggingInfoStream - [IW][searcherExecutor-99-thread-1]: decRefDeleter for NRT reader version=2 segments=
[Test worker] INFO org.apache.solr.update.processor.LogUpdateProcessorFactory - [core]  webapp=null path=/update params={commit=true&softCommit=false&waitSearcher=true}{commit=} 0 73
[Test worker] INFO org.apache.solr.core.SolrCore.Request - [core]  webapp=null path=/select params={q=*&fl=*,score&df=text&fq=_type_:asset&sort=dynamic_single_sort_string_textMulti+Asc&bf=&start=1&rows=10} hits=3 status=0 QTime=6
[Test worker] INFO com.rbmhtechnology.vind.api.result.SliceResult - SearchResult{numOfResults=3, results=[DocumentImpl{values={textMulti={null=[text 2.1, text 2.2]}, dateMulti={null=[2017-09-18T16:41:26.306Z[UTC]]}, singleDate={null=Fri Aug 18 18:41:26 CEST 2017}, numMulti={null=[1, 2, 3]}, dateComplexMulti={null=[2017-08-20T16:41:26.306Z[UTC], 2017-08-17T16:41:26.306Z[UTC]]}}, id='2', type='asset'}, DocumentImpl{values={}, id='3', type='asset'}]}
[Test worker] INFO org.apache.solr.core.CoreContainer - Shutting down CoreContainer instance=2016991461
[coreCloseExecutor-104-thread-1] INFO org.apache.solr.core.SolrCore - [core]  CLOSING SolrCore org.apache.solr.core.SolrCore@2595bab9
[coreCloseExecutor-104-thread-1] INFO org.apache.solr.update.DirectUpdateHandler2 - closing DirectUpdateHandler2{commits=1,autocommit maxTime=15000ms,autocommits=0,soft autocommits=0,optimizes=0,rollbacks=0,expungeDeletes=0,docsPending=0,adds=0,deletesById=0,deletesByQuery=0,errors=0,cumulative_adds=3,cumulative_deletesById=0,cumulative_deletesByQuery=0,cumulative_errors=0,transaction_logs_total_size=985,transaction_logs_total_number=1}
[coreCloseExecutor-104-thread-1] INFO org.apache.solr.update.SolrCoreState - Closing SolrCoreState
[coreCloseExecutor-104-thread-1] INFO org.apache.solr.update.DefaultSolrCoreState - SolrCoreState ref count has reached 0 - closing IndexWriter
[coreCloseExecutor-104-thread-1] INFO org.apache.solr.update.DefaultSolrCoreState - closing IndexWriter with IndexWriterCloser
[coreCloseExecutor-104-thread-1] INFO org.apache.solr.update.LoggingInfoStream - [IW][coreCloseExecutor-104-thread-1]: now flush at close
[coreCloseExecutor-104-thread-1] INFO org.apache.solr.update.LoggingInfoStream - [IW][coreCloseExecutor-104-thread-1]:   start flush: applyAllDeletes=true
[coreCloseExecutor-104-thread-1] INFO org.apache.solr.update.LoggingInfoStream - [IW][coreCloseExecutor-104-thread-1]:   index before flush _0(5.5.1):C3
[coreCloseExecutor-104-thread-1] INFO org.apache.solr.update.LoggingInfoStream - [DW][coreCloseExecutor-104-thread-1]: startFullFlush
[coreCloseExecutor-104-thread-1] INFO org.apache.solr.update.LoggingInfoStream - [DW][coreCloseExecutor-104-thread-1]: coreCloseExecutor-104-thread-1 finishFullFlush success=true
[coreCloseExecutor-104-thread-1] INFO org.apache.solr.update.LoggingInfoStream - [IW][coreCloseExecutor-104-thread-1]: apply all deletes during flush
[coreCloseExecutor-104-thread-1] INFO org.apache.solr.update.LoggingInfoStream - [IW][coreCloseExecutor-104-thread-1]: now apply all deletes for all segments maxDoc=3
[coreCloseExecutor-104-thread-1] INFO org.apache.solr.update.LoggingInfoStream - [BD][coreCloseExecutor-104-thread-1]: applyDeletes: open segment readers took 0 msec
[coreCloseExecutor-104-thread-1] INFO org.apache.solr.update.LoggingInfoStream - [BD][coreCloseExecutor-104-thread-1]: applyDeletes: no segments; skipping
[coreCloseExecutor-104-thread-1] INFO org.apache.solr.update.LoggingInfoStream - [BD][coreCloseExecutor-104-thread-1]: prune sis=segments_2: _0(5.5.1):C3 minGen=3 packetCount=0
[coreCloseExecutor-104-thread-1] INFO org.apache.solr.update.LoggingInfoStream - [MS][coreCloseExecutor-104-thread-1]: updateMergeThreads ioThrottle=true targetMBPerSec=10240.0 MB/sec
[coreCloseExecutor-104-thread-1] INFO org.apache.solr.update.LoggingInfoStream - [MS][coreCloseExecutor-104-thread-1]: now merge
[coreCloseExecutor-104-thread-1] INFO org.apache.solr.update.LoggingInfoStream - [MS][coreCloseExecutor-104-thread-1]:   index: _0(5.5.1):C3
[coreCloseExecutor-104-thread-1] INFO org.apache.solr.update.LoggingInfoStream - [MS][coreCloseExecutor-104-thread-1]:   no more merges pending; now return
[coreCloseExecutor-104-thread-1] INFO org.apache.solr.update.LoggingInfoStream - [IW][coreCloseExecutor-104-thread-1]: waitForMerges
[coreCloseExecutor-104-thread-1] INFO org.apache.solr.update.LoggingInfoStream - [IW][coreCloseExecutor-104-thread-1]: waitForMerges done
[coreCloseExecutor-104-thread-1] INFO org.apache.solr.update.LoggingInfoStream - [IW][coreCloseExecutor-104-thread-1]: commit: start
[coreCloseExecutor-104-thread-1] INFO org.apache.solr.update.LoggingInfoStream - [IW][coreCloseExecutor-104-thread-1]: commit: enter lock
[coreCloseExecutor-104-thread-1] INFO org.apache.solr.update.LoggingInfoStream - [IW][coreCloseExecutor-104-thread-1]: commit: now prepare
[coreCloseExecutor-104-thread-1] INFO org.apache.solr.update.LoggingInfoStream - [IW][coreCloseExecutor-104-thread-1]: prepareCommit: flush
[coreCloseExecutor-104-thread-1] INFO org.apache.solr.update.LoggingInfoStream - [IW][coreCloseExecutor-104-thread-1]:   index before flush _0(5.5.1):C3
[coreCloseExecutor-104-thread-1] INFO org.apache.solr.update.LoggingInfoStream - [DW][coreCloseExecutor-104-thread-1]: startFullFlush
[coreCloseExecutor-104-thread-1] INFO org.apache.solr.update.LoggingInfoStream - [IW][coreCloseExecutor-104-thread-1]: apply all deletes during flush
[coreCloseExecutor-104-thread-1] INFO org.apache.solr.update.LoggingInfoStream - [IW][coreCloseExecutor-104-thread-1]: now apply all deletes for all segments maxDoc=3
[coreCloseExecutor-104-thread-1] INFO org.apache.solr.update.LoggingInfoStream - [BD][coreCloseExecutor-104-thread-1]: applyDeletes: open segment readers took 0 msec
[coreCloseExecutor-104-thread-1] INFO org.apache.solr.update.LoggingInfoStream - [BD][coreCloseExecutor-104-thread-1]: applyDeletes: no segments; skipping
[coreCloseExecutor-104-thread-1] INFO org.apache.solr.update.LoggingInfoStream - [BD][coreCloseExecutor-104-thread-1]: prune sis=segments_2: _0(5.5.1):C3 minGen=3 packetCount=0
[coreCloseExecutor-104-thread-1] INFO org.apache.solr.update.LoggingInfoStream - [DW][coreCloseExecutor-104-thread-1]: coreCloseExecutor-104-thread-1 finishFullFlush success=true
[coreCloseExecutor-104-thread-1] INFO org.apache.solr.update.LoggingInfoStream - [IW][coreCloseExecutor-104-thread-1]: startCommit(): start
[coreCloseExecutor-104-thread-1] INFO org.apache.solr.update.LoggingInfoStream - [IW][coreCloseExecutor-104-thread-1]:   skip startCommit(): no changes pending
[coreCloseExecutor-104-thread-1] INFO org.apache.solr.update.LoggingInfoStream - [IW][coreCloseExecutor-104-thread-1]: commit: pendingCommit == null; skip
[coreCloseExecutor-104-thread-1] INFO org.apache.solr.update.LoggingInfoStream - [IW][coreCloseExecutor-104-thread-1]: commit: took 0.3 msec
[coreCloseExecutor-104-thread-1] INFO org.apache.solr.update.LoggingInfoStream - [IW][coreCloseExecutor-104-thread-1]: commit: done
[coreCloseExecutor-104-thread-1] INFO org.apache.solr.update.LoggingInfoStream - [IW][coreCloseExecutor-104-thread-1]: rollback
[coreCloseExecutor-104-thread-1] INFO org.apache.solr.update.LoggingInfoStream - [IW][coreCloseExecutor-104-thread-1]: all running merges have aborted
[coreCloseExecutor-104-thread-1] INFO org.apache.solr.update.LoggingInfoStream - [IW][coreCloseExecutor-104-thread-1]: rollback: done finish merges
[coreCloseExecutor-104-thread-1] INFO org.apache.solr.update.LoggingInfoStream - [DW][coreCloseExecutor-104-thread-1]: abort
[coreCloseExecutor-104-thread-1] INFO org.apache.solr.update.LoggingInfoStream - [DW][coreCloseExecutor-104-thread-1]: done abort success=true
[coreCloseExecutor-104-thread-1] INFO org.apache.solr.update.LoggingInfoStream - [IW][coreCloseExecutor-104-thread-1]: rollback: infos=_0(5.5.1):C3
[coreCloseExecutor-104-thread-1] INFO org.apache.solr.update.LoggingInfoStream - [IFD][coreCloseExecutor-104-thread-1]: now checkpoint "_0(5.5.1):C3" [1 segments ; isCommit = false]
[coreCloseExecutor-104-thread-1] INFO org.apache.solr.update.LoggingInfoStream - [IFD][coreCloseExecutor-104-thread-1]: 0 msec to checkpoint
[coreCloseExecutor-104-thread-1] INFO org.apache.solr.core.SolrCore - [core] Closing main searcher on request.
[coreCloseExecutor-104-thread-1] INFO org.apache.solr.core.CachingDirectoryFactory - Closing NRTCachingDirectoryFactory - 2 directories currently being tracked
[coreCloseExecutor-104-thread-1] INFO org.apache.solr.core.CachingDirectoryFactory - looking to close /tmp/solr-home7497188349935628643/core/data [CachedDir<<refCount=0;path=/tmp/solr-home7497188349935628643/core/data;done=false>>]
[coreCloseExecutor-104-thread-1] INFO org.apache.solr.core.CachingDirectoryFactory - Closing directory: /tmp/solr-home7497188349935628643/core/data
[coreCloseExecutor-104-thread-1] INFO org.apache.solr.core.CachingDirectoryFactory - looking to close /tmp/solr-home7497188349935628643/core/data/index [CachedDir<<refCount=0;path=/tmp/solr-home7497188349935628643/core/data/index;done=false>>]
[coreCloseExecutor-104-thread-1] INFO org.apache.solr.core.CachingDirectoryFactory - Closing directory: /tmp/solr-home7497188349935628643/core/data/index
[Test worker] INFO com.rbmhtechnology.vind.solr.SolrSearchServer - No server provider of type class com.rbmhtechnology.vind.solr.EmbeddedSolrServerProvider found in classpath for server com.rbmhtechnology.vind.solr.SolrSearchServer
[Test worker] INFO com.rbmhtechnology.vind.solr.SolrSearchServer - No server provider of type class com.rbmhtechnology.vind.solr.EmbeddedSolrServerProvider found in classpath for server com.rbmhtechnology.vind.solr.SolrSearchServer
[Test worker] INFO org.apache.solr.core.SolrResourceLoader - new SolrResourceLoader for directory: '/tmp/solr-home4638874431839849994'
[Test worker] INFO org.apache.solr.core.SolrResourceLoader - JNDI not configured for solr (NoInitialContextEx)
[Test worker] INFO org.apache.solr.core.SolrResourceLoader - solr home defaulted to 'solr/' (could not find system property or JNDI)
[Test worker] INFO org.apache.solr.core.SolrXmlConfig - Loading container configuration from /tmp/solr-home4638874431839849994/solr.xml
[Test worker] INFO org.apache.solr.core.CorePropertiesLocator - Config-defined core root directory: /tmp/solr-home4638874431839849994
[Test worker] INFO org.apache.solr.core.CoreContainer - New CoreContainer 631782887
[Test worker] INFO org.apache.solr.core.CoreContainer - Loading cores into CoreContainer [instanceDir=/tmp/solr-home4638874431839849994]
[Test worker] WARN org.apache.solr.core.CoreContainer - Couldn't add files from /tmp/solr-home4638874431839849994/lib to classpath: /tmp/solr-home4638874431839849994/lib
[Test worker] INFO org.apache.solr.handler.component.HttpShardHandlerFactory - created with socketTimeout : 120000,connTimeout : 15000,maxConnectionsPerHost : 20,maxConnections : 10000,corePoolSize : 0,maximumPoolSize : 2147483647,maxThreadIdleTime : 5,sizeOfQueue : -1,fairnessPolicy : false,useRetries : false,
[Test worker] INFO org.apache.solr.update.UpdateShardHandler - Creating UpdateShardHandler HTTP client with params: socketTimeout=600000&connTimeout=60000&retry=true
[Test worker] INFO org.apache.solr.logging.LogWatcher - SLF4J impl is org.slf4j.impl.SimpleLoggerFactory
[Test worker] INFO org.apache.solr.logging.LogWatcher - No LogWatcher configured
[Test worker] INFO org.apache.solr.core.CoreContainer - Security conf doesn't exist. Skipping setup for authorization module.
[Test worker] INFO org.apache.solr.core.CoreContainer - No authentication plugin used.
[Test worker] INFO org.apache.solr.core.CorePropertiesLocator - Looking for core definitions underneath /tmp/solr-home4638874431839849994
[Test worker] INFO org.apache.solr.core.CoreDescriptor - Created CoreDescriptor: {runtimeLib=false, name=core, config=solrconfig.xml, loadOnStartup=true, schema=schema.xml, configSetProperties=configsetprops.json, transient=false, dataDir=data/}
[Test worker] INFO org.apache.solr.core.CorePropertiesLocator - Found core core in /tmp/solr-home4638874431839849994/core
[Test worker] INFO org.apache.solr.core.CorePropertiesLocator - Found 1 core definitions
[coreLoadExecutor-111-thread-1] INFO org.apache.solr.core.SolrResourceLoader - new SolrResourceLoader for directory: '/tmp/solr-home4638874431839849994/core'
[coreLoadExecutor-111-thread-1] INFO org.apache.solr.core.SolrResourceLoader - JNDI not configured for solr (NoInitialContextEx)
[coreLoadExecutor-111-thread-1] INFO org.apache.solr.core.SolrResourceLoader - solr home defaulted to 'solr/' (could not find system property or JNDI)
[coreLoadExecutor-111-thread-1] INFO org.apache.solr.core.SolrResourceLoader - Adding 'file:/tmp/solr-home4638874431839849994/core/lib/marker-search-handler-0.3.0.jar' to classloader
[coreLoadExecutor-111-thread-1] INFO org.apache.solr.core.SolrResourceLoader - Adding 'file:/tmp/solr-home4638874431839849994/core/lib/suggestion-request-handler-2.1.0.jar' to classloader
[coreLoadExecutor-111-thread-1] INFO org.apache.solr.core.SolrConfig - current version of requestparams : -1
[coreLoadExecutor-111-thread-1] INFO org.apache.solr.update.SolrIndexConfig - IndexWriter infoStream solr logging is enabled
[coreLoadExecutor-111-thread-1] INFO org.apache.solr.core.SolrConfig - Using Lucene MatchVersion: 5.5.0
[coreLoadExecutor-111-thread-1] INFO org.apache.solr.core.SolrConfig - Loaded SolrConfig: solrconfig.xml
[coreLoadExecutor-111-thread-1] INFO org.apache.solr.schema.ManagedIndexSchemaFactory - The schema is configured as managed, but managed schema resource managed-schema not found - loading non-managed schema schema.xml instead
[coreLoadExecutor-111-thread-1] INFO org.apache.solr.schema.IndexSchema - [core] Schema name=basic search lib core
[coreLoadExecutor-111-thread-1] INFO org.apache.solr.schema.IndexSchema - unique key field: _id_
[coreLoadExecutor-111-thread-1] INFO org.apache.solr.schema.ManagedIndexSchema - Upgraded to managed schema at /tmp/solr-home4638874431839849994/core/conf/managed-schema
[coreLoadExecutor-111-thread-1] INFO org.apache.solr.schema.ManagedIndexSchemaFactory - After upgrading to managed schema, renamed the non-managed schema /tmp/solr-home4638874431839849994/core/conf/schema.xml to /tmp/solr-home4638874431839849994/core/conf/schema.xml.bak
[coreLoadExecutor-111-thread-1] INFO org.apache.solr.core.ConfigSetProperties - Did not find ConfigSet properties, assuming default properties: Can't find resource 'configsetprops.json' in classpath or '/tmp/solr-home4638874431839849994/core'
[coreLoadExecutor-111-thread-1] INFO org.apache.solr.core.CoreContainer - Creating SolrCore 'core' using configuration from instancedir /tmp/solr-home4638874431839849994/core
[coreLoadExecutor-111-thread-1] INFO org.apache.solr.core.SolrCore - solr.NRTCachingDirectoryFactory
[coreLoadExecutor-111-thread-1] INFO org.apache.solr.core.SolrCore - [[core] ] Opening new SolrCore at [/tmp/solr-home4638874431839849994/core], dataDir=[/tmp/solr-home4638874431839849994/core/data/]
[coreLoadExecutor-111-thread-1] INFO org.apache.solr.core.JmxMonitoredMap - No JMX servers found, not exposing Solr information with JMX.
[coreLoadExecutor-111-thread-1] INFO org.apache.solr.core.SchemaCodecFactory - Using default compressionMode: BEST_SPEED
[coreLoadExecutor-111-thread-1] INFO org.apache.solr.core.CachingDirectoryFactory - return new directory for /tmp/solr-home4638874431839849994/core/data
[coreLoadExecutor-111-thread-1] INFO org.apache.solr.core.SolrCore - New index directory detected: old=null new=/tmp/solr-home4638874431839849994/core/data/index/
[coreLoadExecutor-111-thread-1] WARN org.apache.solr.core.SolrCore - [core] Solr index directory '/tmp/solr-home4638874431839849994/core/data/index' doesn't exist. Creating new index...
[coreLoadExecutor-111-thread-1] INFO org.apache.solr.core.CachingDirectoryFactory - return new directory for /tmp/solr-home4638874431839849994/core/data/index
[coreLoadExecutor-111-thread-1] INFO org.apache.solr.update.LoggingInfoStream - [IFD][coreLoadExecutor-111-thread-1]: init: current segments file is "segments"; deletionPolicy=org.apache.solr.core.IndexDeletionPolicyWrapper@5d801c59
[coreLoadExecutor-111-thread-1] INFO org.apache.solr.update.LoggingInfoStream - [IFD][coreLoadExecutor-111-thread-1]: now checkpoint "" [0 segments ; isCommit = false]
[coreLoadExecutor-111-thread-1] INFO org.apache.solr.update.LoggingInfoStream - [IFD][coreLoadExecutor-111-thread-1]: 0 msec to checkpoint
[coreLoadExecutor-111-thread-1] INFO org.apache.solr.update.LoggingInfoStream - [IW][coreLoadExecutor-111-thread-1]: init: create=true
[coreLoadExecutor-111-thread-1] INFO org.apache.solr.update.LoggingInfoStream - [IW][coreLoadExecutor-111-thread-1]: 
dir=NRTCachingDirectory(MMapDirectory@/tmp/solr-home4638874431839849994/core/data/index lockFactory=org.apache.lucene.store.NativeFSLockFactory@2c3d74f6; maxCacheMB=48.0 maxMergeSizeMB=4.0)
index=
version=5.5.1
analyzer=org.apache.solr.update.SolrIndexConfig$DelayedSchemaAnalyzer
ramBufferSizeMB=100.0
maxBufferedDocs=-1
maxBufferedDeleteTerms=-1
mergedSegmentWarmer=null
delPolicy=org.apache.solr.core.IndexDeletionPolicyWrapper
commit=null
openMode=CREATE
similarity=org.apache.lucene.search.similarities.ClassicSimilarity
mergeScheduler=ConcurrentMergeScheduler: maxThreadCount=-1, maxMergeCount=-1, ioThrottle=true
default WRITE_LOCK_TIMEOUT=0
writeLockTimeout=0
codec=Lucene54
infoStream=org.apache.solr.update.LoggingInfoStream
mergePolicy=[TieredMergePolicy: maxMergeAtOnce=10, maxMergeAtOnceExplicit=30, maxMergedSegmentMB=5120.0, floorSegmentMB=2.0, forceMergeDeletesPctAllowed=10.0, segmentsPerTier=10.0, maxCFSSegmentSizeMB=8.796093022207999E12, noCFSRatio=0.1
indexerThreadPool=org.apache.lucene.index.DocumentsWriterPerThreadPool@59ef398f
readerPooling=false
perThreadHardLimitMB=1945
useCompoundFile=false
commitOnClose=true
writer=org.apache.solr.update.SolrIndexWriter@467761de

[coreLoadExecutor-111-thread-1] INFO org.apache.solr.update.LoggingInfoStream - [IW][coreLoadExecutor-111-thread-1]: MMapDirectory.UNMAP_SUPPORTED=true
[coreLoadExecutor-111-thread-1] INFO org.apache.solr.update.LoggingInfoStream - [IW][coreLoadExecutor-111-thread-1]: now flush at close
[coreLoadExecutor-111-thread-1] INFO org.apache.solr.update.LoggingInfoStream - [IW][coreLoadExecutor-111-thread-1]:   start flush: applyAllDeletes=true
[coreLoadExecutor-111-thread-1] INFO org.apache.solr.update.LoggingInfoStream - [IW][coreLoadExecutor-111-thread-1]:   index before flush 
[coreLoadExecutor-111-thread-1] INFO org.apache.solr.update.LoggingInfoStream - [DW][coreLoadExecutor-111-thread-1]: startFullFlush
[coreLoadExecutor-111-thread-1] INFO org.apache.solr.update.LoggingInfoStream - [DW][coreLoadExecutor-111-thread-1]: coreLoadExecutor-111-thread-1 finishFullFlush success=true
[coreLoadExecutor-111-thread-1] INFO org.apache.solr.update.LoggingInfoStream - [IW][coreLoadExecutor-111-thread-1]: apply all deletes during flush
[coreLoadExecutor-111-thread-1] INFO org.apache.solr.update.LoggingInfoStream - [IW][coreLoadExecutor-111-thread-1]: now apply all deletes for all segments maxDoc=0
[coreLoadExecutor-111-thread-1] INFO org.apache.solr.update.LoggingInfoStream - [BD][coreLoadExecutor-111-thread-1]: prune sis=segments:  minGen=9223372036854775807 packetCount=0
[coreLoadExecutor-111-thread-1] INFO org.apache.solr.update.LoggingInfoStream - [MS][coreLoadExecutor-111-thread-1]: initDynamicDefaults spins=false maxThreadCount=2 maxMergeCount=7
[coreLoadExecutor-111-thread-1] INFO org.apache.solr.update.LoggingInfoStream - [MS][coreLoadExecutor-111-thread-1]: updateMergeThreads ioThrottle=true targetMBPerSec=10240.0 MB/sec
[coreLoadExecutor-111-thread-1] INFO org.apache.solr.update.LoggingInfoStream - [MS][coreLoadExecutor-111-thread-1]: now merge
[coreLoadExecutor-111-thread-1] INFO org.apache.solr.update.LoggingInfoStream - [MS][coreLoadExecutor-111-thread-1]:   index: 
[coreLoadExecutor-111-thread-1] INFO org.apache.solr.update.LoggingInfoStream - [MS][coreLoadExecutor-111-thread-1]:   no more merges pending; now return
[coreLoadExecutor-111-thread-1] INFO org.apache.solr.update.LoggingInfoStream - [IW][coreLoadExecutor-111-thread-1]: waitForMerges
[coreLoadExecutor-111-thread-1] INFO org.apache.solr.update.LoggingInfoStream - [IW][coreLoadExecutor-111-thread-1]: waitForMerges done
[coreLoadExecutor-111-thread-1] INFO org.apache.solr.update.LoggingInfoStream - [IW][coreLoadExecutor-111-thread-1]: commit: start
[coreLoadExecutor-111-thread-1] INFO org.apache.solr.update.LoggingInfoStream - [IW][coreLoadExecutor-111-thread-1]: commit: enter lock
[coreLoadExecutor-111-thread-1] INFO org.apache.solr.update.LoggingInfoStream - [IW][coreLoadExecutor-111-thread-1]: commit: now prepare
[coreLoadExecutor-111-thread-1] INFO org.apache.solr.update.LoggingInfoStream - [IW][coreLoadExecutor-111-thread-1]: prepareCommit: flush
[coreLoadExecutor-111-thread-1] INFO org.apache.solr.update.LoggingInfoStream - [IW][coreLoadExecutor-111-thread-1]:   index before flush 
[coreLoadExecutor-111-thread-1] INFO org.apache.solr.update.LoggingInfoStream - [DW][coreLoadExecutor-111-thread-1]: startFullFlush
[coreLoadExecutor-111-thread-1] INFO org.apache.solr.update.LoggingInfoStream - [IW][coreLoadExecutor-111-thread-1]: apply all deletes during flush
[coreLoadExecutor-111-thread-1] INFO org.apache.solr.update.LoggingInfoStream - [IW][coreLoadExecutor-111-thread-1]: now apply all deletes for all segments maxDoc=0
[coreLoadExecutor-111-thread-1] INFO org.apache.solr.update.LoggingInfoStream - [BD][coreLoadExecutor-111-thread-1]: prune sis=segments:  minGen=9223372036854775807 packetCount=0
[coreLoadExecutor-111-thread-1] INFO org.apache.solr.update.LoggingInfoStream - [DW][coreLoadExecutor-111-thread-1]: coreLoadExecutor-111-thread-1 finishFullFlush success=true
[coreLoadExecutor-111-thread-1] INFO org.apache.solr.update.LoggingInfoStream - [IW][coreLoadExecutor-111-thread-1]: startCommit(): start
[coreLoadExecutor-111-thread-1] INFO org.apache.solr.update.LoggingInfoStream - [IW][coreLoadExecutor-111-thread-1]: startCommit index= changeCount=2
[coreLoadExecutor-111-thread-1] INFO org.apache.solr.update.LoggingInfoStream - [IW][coreLoadExecutor-111-thread-1]: startCommit: wrote pending segments file "pending_segments_1"
[coreLoadExecutor-111-thread-1] INFO org.apache.solr.update.LoggingInfoStream - [IW][coreLoadExecutor-111-thread-1]: done all syncs: []
[coreLoadExecutor-111-thread-1] INFO org.apache.solr.update.LoggingInfoStream - [IW][coreLoadExecutor-111-thread-1]: commit: pendingCommit != null
[coreLoadExecutor-111-thread-1] INFO org.apache.solr.update.LoggingInfoStream - [IW][coreLoadExecutor-111-thread-1]: commit: done writing segments file "segments_1"
[coreLoadExecutor-111-thread-1] INFO org.apache.solr.update.LoggingInfoStream - [IFD][coreLoadExecutor-111-thread-1]: now checkpoint "" [0 segments ; isCommit = true]
[coreLoadExecutor-111-thread-1] INFO org.apache.solr.core.SolrDeletionPolicy - SolrDeletionPolicy.onCommit: commits: num=1
	commit{dir=NRTCachingDirectory(MMapDirectory@/tmp/solr-home4638874431839849994/core/data/index lockFactory=org.apache.lucene.store.NativeFSLockFactory@2c3d74f6; maxCacheMB=48.0 maxMergeSizeMB=4.0),segFN=segments_1,generation=1}
[coreLoadExecutor-111-thread-1] INFO org.apache.solr.core.SolrDeletionPolicy - newest commit generation = 1
[coreLoadExecutor-111-thread-1] INFO org.apache.solr.update.LoggingInfoStream - [IFD][coreLoadExecutor-111-thread-1]: 1 msec to checkpoint
[coreLoadExecutor-111-thread-1] INFO org.apache.solr.update.LoggingInfoStream - [IW][coreLoadExecutor-111-thread-1]: commit: took 11.4 msec
[coreLoadExecutor-111-thread-1] INFO org.apache.solr.update.LoggingInfoStream - [IW][coreLoadExecutor-111-thread-1]: commit: done
[coreLoadExecutor-111-thread-1] INFO org.apache.solr.update.LoggingInfoStream - [IW][coreLoadExecutor-111-thread-1]: rollback
[coreLoadExecutor-111-thread-1] INFO org.apache.solr.update.LoggingInfoStream - [IW][coreLoadExecutor-111-thread-1]: all running merges have aborted
[coreLoadExecutor-111-thread-1] INFO org.apache.solr.update.LoggingInfoStream - [IW][coreLoadExecutor-111-thread-1]: rollback: done finish merges
[coreLoadExecutor-111-thread-1] INFO org.apache.solr.update.LoggingInfoStream - [DW][coreLoadExecutor-111-thread-1]: abort
[coreLoadExecutor-111-thread-1] INFO org.apache.solr.update.LoggingInfoStream - [DW][coreLoadExecutor-111-thread-1]: done abort success=true
[coreLoadExecutor-111-thread-1] INFO org.apache.solr.update.LoggingInfoStream - [IW][coreLoadExecutor-111-thread-1]: rollback: infos=
[coreLoadExecutor-111-thread-1] INFO org.apache.solr.update.LoggingInfoStream - [IFD][coreLoadExecutor-111-thread-1]: now checkpoint "" [0 segments ; isCommit = false]
[coreLoadExecutor-111-thread-1] INFO org.apache.solr.update.LoggingInfoStream - [IFD][coreLoadExecutor-111-thread-1]: 0 msec to checkpoint
[OldIndexDirectoryCleanupThreadForCore-core] INFO org.apache.solr.core.SolrCore - Looking for old index directories to cleanup for core core in /tmp/solr-home4638874431839849994/core/data/
[coreLoadExecutor-111-thread-1] INFO org.apache.solr.core.SolrCore - no updateRequestProcessorChain defined as default, creating implicit default
[coreLoadExecutor-111-thread-1] INFO org.apache.solr.handler.loader.XMLLoader - xsltCacheLifetimeSeconds=60
[coreLoadExecutor-111-thread-1] INFO org.apache.solr.handler.loader.XMLLoader - xsltCacheLifetimeSeconds=60
[coreLoadExecutor-111-thread-1] INFO org.apache.solr.handler.loader.XMLLoader - xsltCacheLifetimeSeconds=60
[coreLoadExecutor-111-thread-1] INFO org.apache.solr.handler.loader.XMLLoader - xsltCacheLifetimeSeconds=60
[coreLoadExecutor-111-thread-1] INFO org.apache.solr.core.RequestHandlers - Registered paths: /admin/mbeans,,/update/csv,/update/json/docs,/admin/luke,/select,/suggester,/admin/segments,/get,/admin/system,/replication,/admin/properties,/config,/schema,/admin/plugins,/admin/logging,/update/json,/admin/threads,/admin/ping,/update,/admin/file
[coreLoadExecutor-111-thread-1] INFO org.apache.solr.core.SolrCore - Using default statsCache cache: org.apache.solr.search.stats.LocalStatsCache
[coreLoadExecutor-111-thread-1] INFO org.apache.solr.update.UpdateHandler - Using UpdateLog implementation: org.apache.solr.update.UpdateLog
[coreLoadExecutor-111-thread-1] INFO org.apache.solr.update.UpdateLog - Initializing UpdateLog: dataDir= defaultSyncLevel=FLUSH numRecordsToKeep=100 maxNumLogsToKeep=10 numVersionBuckets=65536
[coreLoadExecutor-111-thread-1] INFO org.apache.solr.update.CommitTracker - Hard AutoCommit: if uncommited for 15000ms; 
[coreLoadExecutor-111-thread-1] INFO org.apache.solr.update.CommitTracker - Soft AutoCommit: disabled
[coreLoadExecutor-111-thread-1] INFO org.apache.solr.update.LoggingInfoStream - [IFD][coreLoadExecutor-111-thread-1]: init: current segments file is "segments_1"; deletionPolicy=org.apache.solr.core.IndexDeletionPolicyWrapper@5d801c59
[coreLoadExecutor-111-thread-1] INFO org.apache.solr.update.LoggingInfoStream - [IFD][coreLoadExecutor-111-thread-1]: init: load commit "segments_1"
[coreLoadExecutor-111-thread-1] INFO org.apache.solr.core.SolrDeletionPolicy - SolrDeletionPolicy.onInit: commits: num=1
	commit{dir=NRTCachingDirectory(MMapDirectory@/tmp/solr-home4638874431839849994/core/data/index lockFactory=org.apache.lucene.store.NativeFSLockFactory@2c3d74f6; maxCacheMB=48.0 maxMergeSizeMB=4.0),segFN=segments_1,generation=1}
[coreLoadExecutor-111-thread-1] INFO org.apache.solr.core.SolrDeletionPolicy - newest commit generation = 1
[coreLoadExecutor-111-thread-1] INFO org.apache.solr.update.LoggingInfoStream - [IFD][coreLoadExecutor-111-thread-1]: now checkpoint "" [0 segments ; isCommit = false]
[coreLoadExecutor-111-thread-1] INFO org.apache.solr.update.LoggingInfoStream - [IFD][coreLoadExecutor-111-thread-1]: 0 msec to checkpoint
[coreLoadExecutor-111-thread-1] INFO org.apache.solr.update.LoggingInfoStream - [IW][coreLoadExecutor-111-thread-1]: init: create=false
[coreLoadExecutor-111-thread-1] INFO org.apache.solr.update.LoggingInfoStream - [IW][coreLoadExecutor-111-thread-1]: 
dir=NRTCachingDirectory(MMapDirectory@/tmp/solr-home4638874431839849994/core/data/index lockFactory=org.apache.lucene.store.NativeFSLockFactory@2c3d74f6; maxCacheMB=48.0 maxMergeSizeMB=4.0)
index=
version=5.5.1
analyzer=org.apache.solr.update.SolrIndexConfig$DelayedSchemaAnalyzer
ramBufferSizeMB=100.0
maxBufferedDocs=-1
maxBufferedDeleteTerms=-1
mergedSegmentWarmer=null
delPolicy=org.apache.solr.core.IndexDeletionPolicyWrapper
commit=null
openMode=APPEND
similarity=org.apache.lucene.search.similarities.ClassicSimilarity
mergeScheduler=ConcurrentMergeScheduler: maxThreadCount=-1, maxMergeCount=-1, ioThrottle=true
default WRITE_LOCK_TIMEOUT=0
writeLockTimeout=0
codec=Lucene54
infoStream=org.apache.solr.update.LoggingInfoStream
mergePolicy=[TieredMergePolicy: maxMergeAtOnce=10, maxMergeAtOnceExplicit=30, maxMergedSegmentMB=5120.0, floorSegmentMB=2.0, forceMergeDeletesPctAllowed=10.0, segmentsPerTier=10.0, maxCFSSegmentSizeMB=8.796093022207999E12, noCFSRatio=0.1
indexerThreadPool=org.apache.lucene.index.DocumentsWriterPerThreadPool@7cccad3b
readerPooling=false
perThreadHardLimitMB=1945
useCompoundFile=false
commitOnClose=true
writer=org.apache.solr.update.SolrIndexWriter@538e7090

[coreLoadExecutor-111-thread-1] INFO org.apache.solr.update.LoggingInfoStream - [IW][coreLoadExecutor-111-thread-1]: MMapDirectory.UNMAP_SUPPORTED=true
[coreLoadExecutor-111-thread-1] INFO org.apache.solr.update.LoggingInfoStream - [IW][coreLoadExecutor-111-thread-1]: flush at getReader
[coreLoadExecutor-111-thread-1] INFO org.apache.solr.update.LoggingInfoStream - [DW][coreLoadExecutor-111-thread-1]: startFullFlush
[coreLoadExecutor-111-thread-1] INFO org.apache.solr.update.LoggingInfoStream - [IW][coreLoadExecutor-111-thread-1]: apply all deletes during flush
[coreLoadExecutor-111-thread-1] INFO org.apache.solr.update.LoggingInfoStream - [IW][coreLoadExecutor-111-thread-1]: now apply all deletes for all segments maxDoc=0
[coreLoadExecutor-111-thread-1] INFO org.apache.solr.update.LoggingInfoStream - [BD][coreLoadExecutor-111-thread-1]: prune sis=segments_1:  minGen=9223372036854775807 packetCount=0
[coreLoadExecutor-111-thread-1] INFO org.apache.solr.update.LoggingInfoStream - [IW][coreLoadExecutor-111-thread-1]: incRefDeleter for NRT reader version=2 segments=
[coreLoadExecutor-111-thread-1] INFO org.apache.solr.update.LoggingInfoStream - [IW][coreLoadExecutor-111-thread-1]: return reader version=2 reader=StandardDirectoryReader(segments_1:2:nrt)
[coreLoadExecutor-111-thread-1] INFO org.apache.solr.update.LoggingInfoStream - [DW][coreLoadExecutor-111-thread-1]: coreLoadExecutor-111-thread-1 finishFullFlush success=true
[coreLoadExecutor-111-thread-1] INFO org.apache.solr.update.LoggingInfoStream - [IW][coreLoadExecutor-111-thread-1]: getReader took 0 msec
[coreLoadExecutor-111-thread-1] INFO org.apache.solr.search.SolrIndexSearcher - Opening Searcher@1446e20d[core] main
[coreLoadExecutor-111-thread-1] INFO org.apache.solr.rest.ManagedResourceStorage - File-based storage initialized to use dir: /tmp/solr-home4638874431839849994/core/conf
[coreLoadExecutor-111-thread-1] INFO org.apache.solr.rest.RestManager - Initializing RestManager with initArgs: {storageDir=/tmp/solr-home4638874431839849994/core/conf}
[coreLoadExecutor-111-thread-1] INFO org.apache.solr.rest.ManagedResourceStorage - Reading _rest_managed.json using file:dir=/tmp/solr-home4638874431839849994/core/conf
[coreLoadExecutor-111-thread-1] INFO org.apache.solr.rest.RestManager - Initializing 0 registered ManagedResources
[coreLoadExecutor-111-thread-1] INFO org.apache.solr.handler.component.SpellCheckComponent - Initializing spell checkers
[coreLoadExecutor-111-thread-1] INFO org.apache.solr.handler.component.SpellCheckComponent - Registering newSearcher listener for spellchecker: default
[coreLoadExecutor-111-thread-1] INFO org.apache.solr.handler.component.SpellCheckComponent - No queryConverter defined, using default converter
[coreLoadExecutor-111-thread-1] INFO org.apache.solr.handler.ReplicationHandler - Commits will be reserved for  10000
[coreLoadExecutor-111-thread-1] INFO org.apache.solr.update.UpdateLog - Looking up max value of version field to seed version buckets
[coreLoadExecutor-111-thread-1] INFO org.apache.solr.update.VersionInfo - Refreshing highest value of _version_ for 65536 version buckets from index
[coreLoadExecutor-111-thread-1] INFO org.apache.solr.update.VersionInfo - No terms found for _version_, cannot seed version bucket highest value from index
[coreLoadExecutor-111-thread-1] INFO org.apache.solr.update.UpdateLog - Could not find max version in index or recent updates, using new clock 1576087832834867200
[searcherExecutor-112-thread-1] INFO org.apache.solr.handler.component.SpellCheckComponent - Loading spell index for spellchecker: default
[searcherExecutor-112-thread-1] INFO org.apache.solr.core.SolrCore - [core] Registered new searcher Searcher@1446e20d[core] main{ExitableDirectoryReader(UninvertingDirectoryReader())}
[coreLoadExecutor-111-thread-1] INFO org.apache.solr.update.UpdateLog - Took 1.0ms to seed version buckets with highest version 1576087832834867200
[coreLoadExecutor-111-thread-1] INFO org.apache.solr.core.CoreContainer - registering core: core
[Test worker] INFO org.apache.solr.core.SolrCore.Request - [core]  webapp=null path=/admin/ping params={} hits=0 status=0 QTime=0
[Test worker] INFO org.apache.solr.core.SolrCore.Request - [core]  webapp=null path=/admin/ping params={} status=0 QTime=0
[Test worker] INFO com.rbmhtechnology.vind.solr.SolrSearchServer - Connection to solr server successful
[Test worker] INFO org.apache.solr.core.SolrCore.Request - [core]  webapp=null path=/schema params={} status=0 QTime=0
[Test worker] INFO com.rbmhtechnology.vind.solr.SolrSearchServer - No server provider of type class com.rbmhtechnology.vind.solr.EmbeddedSolrServerProvider found in classpath for server com.rbmhtechnology.vind.solr.SolrSearchServer
[Test worker] INFO org.apache.solr.schema.AbstractSpatialPrefixTreeFieldType - location{class=org.apache.solr.schema.SpatialRecursivePrefixTreeFieldType,analyzer=org.apache.solr.schema.FieldType$DefaultAnalyzer,args={maxDistErr=0.000009, distErrPct=0.025, distanceUnits=kilometers, class=solr.SpatialRecursivePrefixTreeFieldType}} strat: RecursivePrefixTreeStrategy(SPG:(GeohashPrefixTree(maxLevels:13,ctx:SpatialContext{geo=true, calculator=Haversine, worldBounds=Rect(minX=-180.0,maxX=180.0,minY=-90.0,maxY=90.0)})),pruneLeafyBranches) maxLevels: 13
[Test worker] INFO org.apache.solr.schema.AbstractSpatialPrefixTreeFieldType - location{class=org.apache.solr.schema.SpatialRecursivePrefixTreeFieldType,analyzer=org.apache.solr.schema.FieldType$DefaultAnalyzer,args={maxDistErr=0.000009, distErrPct=0.025, distanceUnits=kilometers, class=solr.SpatialRecursivePrefixTreeFieldType}} strat: RecursivePrefixTreeStrategy(SPG:(GeohashPrefixTree(maxLevels:13,ctx:SpatialContext{geo=true, calculator=Haversine, worldBounds=Rect(minX=-180.0,maxX=180.0,minY=-90.0,maxY=90.0)})),pruneLeafyBranches) maxLevels: 13
[Test worker] INFO org.apache.solr.schema.AbstractSpatialPrefixTreeFieldType - location{class=org.apache.solr.schema.SpatialRecursivePrefixTreeFieldType,analyzer=org.apache.solr.schema.FieldType$DefaultAnalyzer,args={maxDistErr=0.000009, distErrPct=0.025, distanceUnits=kilometers, class=solr.SpatialRecursivePrefixTreeFieldType}} strat: RecursivePrefixTreeStrategy(SPG:(GeohashPrefixTree(maxLevels:13,ctx:SpatialContext{geo=true, calculator=Haversine, worldBounds=Rect(minX=-180.0,maxX=180.0,minY=-90.0,maxY=90.0)})),pruneLeafyBranches) maxLevels: 13
[Test worker] INFO org.apache.solr.schema.AbstractSpatialPrefixTreeFieldType - location{class=org.apache.solr.schema.SpatialRecursivePrefixTreeFieldType,analyzer=org.apache.solr.schema.FieldType$DefaultAnalyzer,args={maxDistErr=0.000009, distErrPct=0.025, distanceUnits=kilometers, class=solr.SpatialRecursivePrefixTreeFieldType}} strat: RecursivePrefixTreeStrategy(SPG:(GeohashPrefixTree(maxLevels:13,ctx:SpatialContext{geo=true, calculator=Haversine, worldBounds=Rect(minX=-180.0,maxX=180.0,minY=-90.0,maxY=90.0)})),pruneLeafyBranches) maxLevels: 13
[Test worker] INFO org.apache.solr.schema.AbstractSpatialPrefixTreeFieldType - location{class=org.apache.solr.schema.SpatialRecursivePrefixTreeFieldType,analyzer=org.apache.solr.schema.FieldType$DefaultAnalyzer,args={maxDistErr=0.000009, distErrPct=0.025, distanceUnits=kilometers, class=solr.SpatialRecursivePrefixTreeFieldType}} strat: RecursivePrefixTreeStrategy(SPG:(GeohashPrefixTree(maxLevels:13,ctx:SpatialContext{geo=true, calculator=Haversine, worldBounds=Rect(minX=-180.0,maxX=180.0,minY=-90.0,maxY=90.0)})),pruneLeafyBranches) maxLevels: 13
[Test worker] INFO org.apache.solr.update.processor.LogUpdateProcessorFactory - [core]  webapp=null path=/update params={}{add=[1 (1576087832842207232)]} 0 19
[Test worker] INFO org.apache.solr.update.processor.LogUpdateProcessorFactory - [core]  webapp=null path=/update params={}{add=[2 (1576087832863178752)]} 0 2
[Test worker] INFO org.apache.solr.update.processor.LogUpdateProcessorFactory - [core]  webapp=null path=/update params={}{add=[3 (1576087832865275904)]} 0 0
[Test worker] INFO org.apache.solr.update.DirectUpdateHandler2 - start commit{,optimize=false,openSearcher=true,waitSearcher=true,expungeDeletes=false,softCommit=false,prepareCommit=false}
[Test worker] INFO org.apache.solr.update.LoggingInfoStream - [IW][Test worker]: commit: start
[Test worker] INFO org.apache.solr.update.LoggingInfoStream - [IW][Test worker]: commit: enter lock
[Test worker] INFO org.apache.solr.update.LoggingInfoStream - [IW][Test worker]: commit: now prepare
[Test worker] INFO org.apache.solr.update.LoggingInfoStream - [IW][Test worker]: prepareCommit: flush
[Test worker] INFO org.apache.solr.update.LoggingInfoStream - [IW][Test worker]:   index before flush 
[Test worker] INFO org.apache.solr.update.LoggingInfoStream - [DW][Test worker]: startFullFlush
[Test worker] INFO org.apache.solr.update.LoggingInfoStream - [DW][Test worker]: anyChanges? numDocsInRam=3 deletes=true hasTickets:false pendingChangesInFullFlush: false
[Test worker] INFO org.apache.solr.update.LoggingInfoStream - [DWFC][Test worker]: addFlushableState DocumentsWriterPerThread [pendingDeletes=gen=0 2 deleted terms (unique count=2) bytesUsed=338, segment=_0, aborted=false, numDocsInRAM=3, deleteQueue=DWDQ: [ generation: 1 ]]
[Test worker] INFO org.apache.solr.update.LoggingInfoStream - [DWPT][Test worker]: flush postings as segment _0 numDocs=3
[Test worker] INFO org.apache.solr.update.LoggingInfoStream - [IW][Test worker]: 0 msec to write norms
[Test worker] INFO org.apache.solr.update.LoggingInfoStream - [IW][Test worker]: 0 msec to write docValues
[Test worker] INFO org.apache.solr.update.LoggingInfoStream - [IW][Test worker]: 0 msec to finish stored fields
[Test worker] INFO org.apache.solr.update.LoggingInfoStream - [IW][Test worker]: 2 msec to write postings and finish vectors
[Test worker] INFO org.apache.solr.update.LoggingInfoStream - [IW][Test worker]: 0 msec to write fieldInfos
[Test worker] INFO org.apache.solr.update.LoggingInfoStream - [DWPT][Test worker]: new segment has 0 deleted docs
[Test worker] INFO org.apache.solr.update.LoggingInfoStream - [DWPT][Test worker]: new segment has no vectors; norms; no docValues; prox; freqs
[Test worker] INFO org.apache.solr.update.LoggingInfoStream - [DWPT][Test worker]: flushedFiles=[_0_Lucene50_0.doc, _0_Lucene50_0.tim, _0_Lucene50_0.pos, _0.nvd, _0.fdx, _0_Lucene50_0.tip, _0.fdt, _0.nvm, _0.fnm]
[Test worker] INFO org.apache.solr.update.LoggingInfoStream - [DWPT][Test worker]: flushed codec=Lucene54
[Test worker] INFO org.apache.solr.update.LoggingInfoStream - [DWPT][Test worker]: flushed: segment=_0 ramUsed=0.15 MB newFlushedSize=0.004 MB docs/MB=671.59
[Test worker] INFO org.apache.solr.update.LoggingInfoStream - [DW][Test worker]: publishFlushedSegment seg-private updates=null
[Test worker] INFO org.apache.solr.update.LoggingInfoStream - [IW][Test worker]: publishFlushedSegment
[Test worker] INFO org.apache.solr.update.LoggingInfoStream - [BD][Test worker]: push deletes  3 deleted terms (unique count=3) bytesUsed=1072 segmentPrivate?=false delGen=2 packetCount=1 totBytesUsed=1072
[Test worker] INFO org.apache.solr.update.LoggingInfoStream - [IW][Test worker]: publish sets newSegment delGen=3 seg=_0(5.5.1):C3
[Test worker] INFO org.apache.solr.update.LoggingInfoStream - [IFD][Test worker]: now checkpoint "_0(5.5.1):C3" [1 segments ; isCommit = false]
[Test worker] INFO org.apache.solr.update.LoggingInfoStream - [IFD][Test worker]: 0 msec to checkpoint
[Test worker] INFO org.apache.solr.update.LoggingInfoStream - [IW][Test worker]: apply all deletes during flush
[Test worker] INFO org.apache.solr.update.LoggingInfoStream - [IW][Test worker]: now apply all deletes for all segments maxDoc=3
[Test worker] INFO org.apache.solr.update.LoggingInfoStream - [BD][Test worker]: applyDeletes: open segment readers took 0 msec
[Test worker] INFO org.apache.solr.update.LoggingInfoStream - [BD][Test worker]: applyDeletes: infos=[_0(5.5.1):C3] packetCount=1
[Test worker] INFO org.apache.solr.update.LoggingInfoStream - [BD][Test worker]: applyDeletes took 0 msec for 1 segments, 0 newly deleted docs (query deletes), 0 visited terms, allDeleted=null
[Test worker] INFO org.apache.solr.update.LoggingInfoStream - [BD][Test worker]: prune sis=segments_1: _0(5.5.1):C3 minGen=3 packetCount=1
[Test worker] INFO org.apache.solr.update.LoggingInfoStream - [BD][Test worker]: pruneDeletes: prune 1 packets; 0 packets remain
[Test worker] INFO org.apache.solr.update.LoggingInfoStream - [DW][Test worker]: Test worker finishFullFlush success=true
[Test worker] INFO org.apache.solr.update.LoggingInfoStream - [TMP][Test worker]: findMerges: 1 segments
[Test worker] INFO org.apache.solr.update.LoggingInfoStream - [TMP][Test worker]:   seg=_0(5.5.1):C3 size=0.005 MB [floored]
[Test worker] INFO org.apache.solr.update.LoggingInfoStream - [TMP][Test worker]:   allowedSegmentCount=1 vs count=1 (eligible count=1) tooBigCount=0
[Test worker] INFO org.apache.solr.update.LoggingInfoStream - [MS][Test worker]: initDynamicDefaults spins=false maxThreadCount=2 maxMergeCount=7
[Test worker] INFO org.apache.solr.update.LoggingInfoStream - [MS][Test worker]: now merge
[Test worker] INFO org.apache.solr.update.LoggingInfoStream - [MS][Test worker]:   index: _0(5.5.1):C3
[Test worker] INFO org.apache.solr.update.LoggingInfoStream - [MS][Test worker]:   no more merges pending; now return
[Test worker] INFO org.apache.solr.update.LoggingInfoStream - [IW][Test worker]: startCommit(): start
[Test worker] INFO org.apache.solr.update.LoggingInfoStream - [IW][Test worker]: startCommit index=_0(5.5.1):C3 changeCount=4
[Test worker] INFO org.apache.solr.update.LoggingInfoStream - [IW][Test worker]: startCommit: wrote pending segments file "pending_segments_2"
[Test worker] INFO org.apache.solr.update.LoggingInfoStream - [IW][Test worker]: done all syncs: [_0.si, _0_Lucene50_0.doc, _0_Lucene50_0.tim, _0_Lucene50_0.pos, _0.nvd, _0.fdx, _0_Lucene50_0.tip, _0.fdt, _0.nvm, _0.fnm]
[Test worker] INFO org.apache.solr.update.LoggingInfoStream - [IW][Test worker]: commit: pendingCommit != null
[Test worker] INFO org.apache.solr.update.LoggingInfoStream - [IW][Test worker]: commit: done writing segments file "segments_2"
[Test worker] INFO org.apache.solr.update.LoggingInfoStream - [IFD][Test worker]: now checkpoint "_0(5.5.1):C3" [1 segments ; isCommit = true]
[Test worker] INFO org.apache.solr.core.SolrDeletionPolicy - SolrDeletionPolicy.onCommit: commits: num=2
	commit{dir=NRTCachingDirectory(MMapDirectory@/tmp/solr-home4638874431839849994/core/data/index lockFactory=org.apache.lucene.store.NativeFSLockFactory@2c3d74f6; maxCacheMB=48.0 maxMergeSizeMB=4.0),segFN=segments_1,generation=1}
	commit{dir=NRTCachingDirectory(MMapDirectory@/tmp/solr-home4638874431839849994/core/data/index lockFactory=org.apache.lucene.store.NativeFSLockFactory@2c3d74f6; maxCacheMB=48.0 maxMergeSizeMB=4.0),segFN=segments_2,generation=2}
[Test worker] INFO org.apache.solr.core.SolrDeletionPolicy - newest commit generation = 2
[Test worker] INFO org.apache.solr.update.LoggingInfoStream - [IFD][Test worker]: deleteCommits: now decRef commit "segments_1"
[Test worker] INFO org.apache.solr.update.LoggingInfoStream - [IFD][Test worker]: delete "segments_1"
[Test worker] INFO org.apache.solr.update.LoggingInfoStream - [IFD][Test worker]: 0 msec to checkpoint
[Test worker] INFO org.apache.solr.update.LoggingInfoStream - [IW][Test worker]: commit: took 59.1 msec
[Test worker] INFO org.apache.solr.update.LoggingInfoStream - [IW][Test worker]: commit: done
[Test worker] INFO org.apache.solr.update.LoggingInfoStream - [IW][Test worker]: nrtIsCurrent: infoVersion matches: false; DW changes: false; BD changes: false
[Test worker] INFO org.apache.solr.update.LoggingInfoStream - [IW][Test worker]: flush at getReader
[Test worker] INFO org.apache.solr.update.LoggingInfoStream - [DW][Test worker]: startFullFlush
[Test worker] INFO org.apache.solr.update.LoggingInfoStream - [IW][Test worker]: apply all deletes during flush
[Test worker] INFO org.apache.solr.update.LoggingInfoStream - [IW][Test worker]: now apply all deletes for all segments maxDoc=3
[Test worker] INFO org.apache.solr.update.LoggingInfoStream - [BD][Test worker]: applyDeletes: open segment readers took 0 msec
[Test worker] INFO org.apache.solr.update.LoggingInfoStream - [BD][Test worker]: applyDeletes: no segments; skipping
[Test worker] INFO org.apache.solr.update.LoggingInfoStream - [BD][Test worker]: prune sis=segments_2: _0(5.5.1):C3 minGen=3 packetCount=0
[Test worker] INFO org.apache.solr.update.LoggingInfoStream - [IW][Test worker]: incRefDeleter for NRT reader version=6 segments=_0(5.5.1):C3
[Test worker] INFO org.apache.solr.update.LoggingInfoStream - [IW][Test worker]: return reader version=6 reader=StandardDirectoryReader(segments_2:6:nrt _0(5.5.1):C3)
[Test worker] INFO org.apache.solr.update.LoggingInfoStream - [DW][Test worker]: Test worker finishFullFlush success=true
[Test worker] INFO org.apache.solr.update.LoggingInfoStream - [IW][Test worker]: getReader took 1 msec
[Test worker] INFO org.apache.solr.search.SolrIndexSearcher - Opening Searcher@15a483a0[core] main
[searcherExecutor-112-thread-1] INFO org.apache.solr.handler.component.SpellCheckComponent - Building spell index for spell checker: default
[Test worker] INFO org.apache.solr.update.DirectUpdateHandler2 - end_commit_flush
[searcherExecutor-112-thread-1] INFO org.apache.solr.core.SolrCore - [core] Registered new searcher Searcher@15a483a0[core] main{ExitableDirectoryReader(UninvertingDirectoryReader(Uninverting(_0(5.5.1):C3)))}
[searcherExecutor-112-thread-1] INFO org.apache.solr.update.LoggingInfoStream - [IW][searcherExecutor-112-thread-1]: decRefDeleter for NRT reader version=2 segments=
[Test worker] INFO org.apache.solr.update.processor.LogUpdateProcessorFactory - [core]  webapp=null path=/update params={commit=true&softCommit=false&waitSearcher=true}{commit=} 0 91
[Test worker] INFO org.apache.solr.core.SolrCore.Request - [core]  webapp=null path=/select params={q=*&fl=*,score&df=text&fq=_type_:asset&fq=dynamic_single_facet_location_locationSingle:[10.0,10.0+TO+11.0,1.0]&start=0&rows=10} hits=1 status=0 QTime=7
[Test worker] INFO com.rbmhtechnology.vind.api.result.PageResult - SearchResult{numOfResults=1, results=[DocumentImpl{values={locationMulti={null=[15.0,15.0]}, locationSingle={null=10.0,10.0}}, id='1', type='asset'}]}
[Test worker] INFO org.apache.solr.core.SolrCore.Request - [core]  webapp=null path=/select params={q=*&fl=*,score&df=text&fq=_type_:asset&fq=dynamic_multi_facet_location_locationMulti:[10.0,10.0+TO+12.0,12.0]&start=0&rows=10} hits=2 status=0 QTime=2
[Test worker] INFO com.rbmhtechnology.vind.api.result.PageResult - SearchResult{numOfResults=2, results=[DocumentImpl{values={locationMulti={null=[11.0,11.0]}, locationSingle={null=20.0,20.0}}, id='2', type='asset'}, DocumentImpl{values={locationMulti={null=[10.0,10.0, 20.0,20.0]}}, id='3', type='asset'}]}
[Test worker] INFO org.apache.solr.core.SolrCore.Request - [core]  webapp=null path=/select params={q=*&fl=*,score&df=text&fq=_type_:asset&fq={!geofilt+sfield%3Ddynamic_single_facet_location_locationSingle+pt%3D10.0,10.0+d%3D1.0}&start=0&rows=10} hits=1 status=0 QTime=4
[Test worker] INFO com.rbmhtechnology.vind.api.result.PageResult - SearchResult{numOfResults=1, results=[DocumentImpl{values={locationMulti={null=[15.0,15.0]}, locationSingle={null=10.0,10.0}}, id='1', type='asset'}]}
[Test worker] INFO org.apache.solr.core.SolrCore.Request - [core]  webapp=null path=/select params={q=*&fl=*,score&df=text&fq=_type_:asset&fq={!geofilt+sfield%3Ddynamic_multi_facet_location_locationMulti+pt%3D10.0,10.0+d%3D160.0}&start=0&rows=10} hits=2 status=0 QTime=2
[Test worker] INFO com.rbmhtechnology.vind.api.result.PageResult - SearchResult{numOfResults=2, results=[DocumentImpl{values={locationMulti={null=[11.0,11.0]}, locationSingle={null=20.0,20.0}}, id='2', type='asset'}, DocumentImpl{values={locationMulti={null=[10.0,10.0, 20.0,20.0]}}, id='3', type='asset'}]}
[Test worker] INFO org.apache.solr.core.SolrCore.Request - [core]  webapp=null path=/select params={q=*&fl=*,score,_distance_:geodist()&pt=5.0,5.0&sfield=dynamic_single_facet_location_locationSingle&df=text&fq=_type_:asset&start=0&rows=10} hits=3 status=0 QTime=7
[Test worker] INFO com.rbmhtechnology.vind.api.result.PageResult - SearchResult{numOfResults=3, results=[DocumentImpl{values={locationMulti={null=[15.0,15.0]}, locationSingle={null=10.0,10.0}}, id='1', type='asset'}, DocumentImpl{values={locationMulti={null=[11.0,11.0]}, locationSingle={null=20.0,20.0}}, id='2', type='asset'}, DocumentImpl{values={locationMulti={null=[10.0,10.0, 20.0,20.0]}}, id='3', type='asset'}]}
[Test worker] INFO org.apache.solr.core.SolrCore.Request - [core]  webapp=null path=/select params={q=*&fl=*,score,_distance_:geodist()&pt=30.0,30.0&sfield=dynamic_single_facet_location_locationSingle&df=text&fq=_type_:asset&sort=geodist()+Asc&bf=&start=0&rows=10} hits=3 status=0 QTime=2
[Test worker] INFO com.rbmhtechnology.vind.api.result.PageResult - SearchResult{numOfResults=3, results=[DocumentImpl{values={locationMulti={null=[11.0,11.0]}, locationSingle={null=20.0,20.0}}, id='2', type='asset'}, DocumentImpl{values={locationMulti={null=[15.0,15.0]}, locationSingle={null=10.0,10.0}}, id='1', type='asset'}, DocumentImpl{values={locationMulti={null=[10.0,10.0, 20.0,20.0]}}, id='3', type='asset'}]}
[Test worker] INFO org.apache.solr.core.CoreContainer - Shutting down CoreContainer instance=631782887
[coreCloseExecutor-117-thread-1] INFO org.apache.solr.core.SolrCore - [core]  CLOSING SolrCore org.apache.solr.core.SolrCore@6859a93d
[coreCloseExecutor-117-thread-1] INFO org.apache.solr.update.DirectUpdateHandler2 - closing DirectUpdateHandler2{commits=1,autocommit maxTime=15000ms,autocommits=0,soft autocommits=0,optimizes=0,rollbacks=0,expungeDeletes=0,docsPending=0,adds=0,deletesById=0,deletesByQuery=0,errors=0,cumulative_adds=3,cumulative_deletesById=0,cumulative_deletesByQuery=0,cumulative_errors=0,transaction_logs_total_size=563,transaction_logs_total_number=1}
[coreCloseExecutor-117-thread-1] INFO org.apache.solr.update.SolrCoreState - Closing SolrCoreState
[coreCloseExecutor-117-thread-1] INFO org.apache.solr.update.DefaultSolrCoreState - SolrCoreState ref count has reached 0 - closing IndexWriter
[coreCloseExecutor-117-thread-1] INFO org.apache.solr.update.DefaultSolrCoreState - closing IndexWriter with IndexWriterCloser
[coreCloseExecutor-117-thread-1] INFO org.apache.solr.update.LoggingInfoStream - [IW][coreCloseExecutor-117-thread-1]: now flush at close
[coreCloseExecutor-117-thread-1] INFO org.apache.solr.update.LoggingInfoStream - [IW][coreCloseExecutor-117-thread-1]:   start flush: applyAllDeletes=true
[coreCloseExecutor-117-thread-1] INFO org.apache.solr.update.LoggingInfoStream - [IW][coreCloseExecutor-117-thread-1]:   index before flush _0(5.5.1):C3
[coreCloseExecutor-117-thread-1] INFO org.apache.solr.update.LoggingInfoStream - [DW][coreCloseExecutor-117-thread-1]: startFullFlush
[coreCloseExecutor-117-thread-1] INFO org.apache.solr.update.LoggingInfoStream - [DW][coreCloseExecutor-117-thread-1]: coreCloseExecutor-117-thread-1 finishFullFlush success=true
[coreCloseExecutor-117-thread-1] INFO org.apache.solr.update.LoggingInfoStream - [IW][coreCloseExecutor-117-thread-1]: apply all deletes during flush
[coreCloseExecutor-117-thread-1] INFO org.apache.solr.update.LoggingInfoStream - [IW][coreCloseExecutor-117-thread-1]: now apply all deletes for all segments maxDoc=3
[coreCloseExecutor-117-thread-1] INFO org.apache.solr.update.LoggingInfoStream - [BD][coreCloseExecutor-117-thread-1]: applyDeletes: open segment readers took 0 msec
[coreCloseExecutor-117-thread-1] INFO org.apache.solr.update.LoggingInfoStream - [BD][coreCloseExecutor-117-thread-1]: applyDeletes: no segments; skipping
[coreCloseExecutor-117-thread-1] INFO org.apache.solr.update.LoggingInfoStream - [BD][coreCloseExecutor-117-thread-1]: prune sis=segments_2: _0(5.5.1):C3 minGen=3 packetCount=0
[coreCloseExecutor-117-thread-1] INFO org.apache.solr.update.LoggingInfoStream - [MS][coreCloseExecutor-117-thread-1]: updateMergeThreads ioThrottle=true targetMBPerSec=10240.0 MB/sec
[coreCloseExecutor-117-thread-1] INFO org.apache.solr.update.LoggingInfoStream - [MS][coreCloseExecutor-117-thread-1]: now merge
[coreCloseExecutor-117-thread-1] INFO org.apache.solr.update.LoggingInfoStream - [MS][coreCloseExecutor-117-thread-1]:   index: _0(5.5.1):C3
[coreCloseExecutor-117-thread-1] INFO org.apache.solr.update.LoggingInfoStream - [MS][coreCloseExecutor-117-thread-1]:   no more merges pending; now return
[coreCloseExecutor-117-thread-1] INFO org.apache.solr.update.LoggingInfoStream - [IW][coreCloseExecutor-117-thread-1]: waitForMerges
[coreCloseExecutor-117-thread-1] INFO org.apache.solr.update.LoggingInfoStream - [IW][coreCloseExecutor-117-thread-1]: waitForMerges done
[coreCloseExecutor-117-thread-1] INFO org.apache.solr.update.LoggingInfoStream - [IW][coreCloseExecutor-117-thread-1]: commit: start
[coreCloseExecutor-117-thread-1] INFO org.apache.solr.update.LoggingInfoStream - [IW][coreCloseExecutor-117-thread-1]: commit: enter lock
[coreCloseExecutor-117-thread-1] INFO org.apache.solr.update.LoggingInfoStream - [IW][coreCloseExecutor-117-thread-1]: commit: now prepare
[coreCloseExecutor-117-thread-1] INFO org.apache.solr.update.LoggingInfoStream - [IW][coreCloseExecutor-117-thread-1]: prepareCommit: flush
[coreCloseExecutor-117-thread-1] INFO org.apache.solr.update.LoggingInfoStream - [IW][coreCloseExecutor-117-thread-1]:   index before flush _0(5.5.1):C3
[coreCloseExecutor-117-thread-1] INFO org.apache.solr.update.LoggingInfoStream - [DW][coreCloseExecutor-117-thread-1]: startFullFlush
[coreCloseExecutor-117-thread-1] INFO org.apache.solr.update.LoggingInfoStream - [IW][coreCloseExecutor-117-thread-1]: apply all deletes during flush
[coreCloseExecutor-117-thread-1] INFO org.apache.solr.update.LoggingInfoStream - [IW][coreCloseExecutor-117-thread-1]: now apply all deletes for all segments maxDoc=3
[coreCloseExecutor-117-thread-1] INFO org.apache.solr.update.LoggingInfoStream - [BD][coreCloseExecutor-117-thread-1]: applyDeletes: open segment readers took 0 msec
[coreCloseExecutor-117-thread-1] INFO org.apache.solr.update.LoggingInfoStream - [BD][coreCloseExecutor-117-thread-1]: applyDeletes: no segments; skipping
[coreCloseExecutor-117-thread-1] INFO org.apache.solr.update.LoggingInfoStream - [BD][coreCloseExecutor-117-thread-1]: prune sis=segments_2: _0(5.5.1):C3 minGen=3 packetCount=0
[coreCloseExecutor-117-thread-1] INFO org.apache.solr.update.LoggingInfoStream - [DW][coreCloseExecutor-117-thread-1]: coreCloseExecutor-117-thread-1 finishFullFlush success=true
[coreCloseExecutor-117-thread-1] INFO org.apache.solr.update.LoggingInfoStream - [IW][coreCloseExecutor-117-thread-1]: startCommit(): start
[coreCloseExecutor-117-thread-1] INFO org.apache.solr.update.LoggingInfoStream - [IW][coreCloseExecutor-117-thread-1]:   skip startCommit(): no changes pending
[coreCloseExecutor-117-thread-1] INFO org.apache.solr.update.LoggingInfoStream - [IW][coreCloseExecutor-117-thread-1]: commit: pendingCommit == null; skip
[coreCloseExecutor-117-thread-1] INFO org.apache.solr.update.LoggingInfoStream - [IW][coreCloseExecutor-117-thread-1]: commit: took 1.0 msec
[coreCloseExecutor-117-thread-1] INFO org.apache.solr.update.LoggingInfoStream - [IW][coreCloseExecutor-117-thread-1]: commit: done
[coreCloseExecutor-117-thread-1] INFO org.apache.solr.update.LoggingInfoStream - [IW][coreCloseExecutor-117-thread-1]: rollback
[coreCloseExecutor-117-thread-1] INFO org.apache.solr.update.LoggingInfoStream - [IW][coreCloseExecutor-117-thread-1]: all running merges have aborted
[coreCloseExecutor-117-thread-1] INFO org.apache.solr.update.LoggingInfoStream - [IW][coreCloseExecutor-117-thread-1]: rollback: done finish merges
[coreCloseExecutor-117-thread-1] INFO org.apache.solr.update.LoggingInfoStream - [DW][coreCloseExecutor-117-thread-1]: abort
[coreCloseExecutor-117-thread-1] INFO org.apache.solr.update.LoggingInfoStream - [DW][coreCloseExecutor-117-thread-1]: done abort success=true
[coreCloseExecutor-117-thread-1] INFO org.apache.solr.update.LoggingInfoStream - [IW][coreCloseExecutor-117-thread-1]: rollback: infos=_0(5.5.1):C3
[coreCloseExecutor-117-thread-1] INFO org.apache.solr.update.LoggingInfoStream - [IFD][coreCloseExecutor-117-thread-1]: now checkpoint "_0(5.5.1):C3" [1 segments ; isCommit = false]
[coreCloseExecutor-117-thread-1] INFO org.apache.solr.update.LoggingInfoStream - [IFD][coreCloseExecutor-117-thread-1]: 0 msec to checkpoint
[coreCloseExecutor-117-thread-1] INFO org.apache.solr.core.SolrCore - [core] Closing main searcher on request.
[coreCloseExecutor-117-thread-1] INFO org.apache.solr.core.CachingDirectoryFactory - Closing NRTCachingDirectoryFactory - 2 directories currently being tracked
[coreCloseExecutor-117-thread-1] INFO org.apache.solr.core.CachingDirectoryFactory - looking to close /tmp/solr-home4638874431839849994/core/data [CachedDir<<refCount=0;path=/tmp/solr-home4638874431839849994/core/data;done=false>>]
[coreCloseExecutor-117-thread-1] INFO org.apache.solr.core.CachingDirectoryFactory - Closing directory: /tmp/solr-home4638874431839849994/core/data
[coreCloseExecutor-117-thread-1] INFO org.apache.solr.core.CachingDirectoryFactory - looking to close /tmp/solr-home4638874431839849994/core/data/index [CachedDir<<refCount=0;path=/tmp/solr-home4638874431839849994/core/data/index;done=false>>]
[coreCloseExecutor-117-thread-1] INFO org.apache.solr.core.CachingDirectoryFactory - Closing directory: /tmp/solr-home4638874431839849994/core/data/index
[Test worker] INFO com.rbmhtechnology.vind.solr.SolrSearchServer - No server provider of type class com.rbmhtechnology.vind.solr.EmbeddedSolrServerProvider found in classpath for server com.rbmhtechnology.vind.solr.SolrSearchServer
[Test worker] INFO com.rbmhtechnology.vind.solr.SolrSearchServer - No server provider of type class com.rbmhtechnology.vind.solr.EmbeddedSolrServerProvider found in classpath for server com.rbmhtechnology.vind.solr.SolrSearchServer
[Test worker] INFO org.apache.solr.core.SolrResourceLoader - new SolrResourceLoader for directory: '/tmp/solr-home1124196902340693311'
[Test worker] INFO org.apache.solr.core.SolrResourceLoader - JNDI not configured for solr (NoInitialContextEx)
[Test worker] INFO org.apache.solr.core.SolrResourceLoader - solr home defaulted to 'solr/' (could not find system property or JNDI)
[Test worker] INFO org.apache.solr.core.SolrXmlConfig - Loading container configuration from /tmp/solr-home1124196902340693311/solr.xml
[Test worker] INFO org.apache.solr.core.CorePropertiesLocator - Config-defined core root directory: /tmp/solr-home1124196902340693311
[Test worker] INFO org.apache.solr.core.CoreContainer - New CoreContainer 902255034
[Test worker] INFO org.apache.solr.core.CoreContainer - Loading cores into CoreContainer [instanceDir=/tmp/solr-home1124196902340693311]
[Test worker] WARN org.apache.solr.core.CoreContainer - Couldn't add files from /tmp/solr-home1124196902340693311/lib to classpath: /tmp/solr-home1124196902340693311/lib
[Test worker] INFO org.apache.solr.handler.component.HttpShardHandlerFactory - created with socketTimeout : 120000,connTimeout : 15000,maxConnectionsPerHost : 20,maxConnections : 10000,corePoolSize : 0,maximumPoolSize : 2147483647,maxThreadIdleTime : 5,sizeOfQueue : -1,fairnessPolicy : false,useRetries : false,
[Test worker] INFO org.apache.solr.update.UpdateShardHandler - Creating UpdateShardHandler HTTP client with params: socketTimeout=600000&connTimeout=60000&retry=true
[Test worker] INFO org.apache.solr.logging.LogWatcher - SLF4J impl is org.slf4j.impl.SimpleLoggerFactory
[Test worker] INFO org.apache.solr.logging.LogWatcher - No LogWatcher configured
[Test worker] INFO org.apache.solr.core.CoreContainer - Security conf doesn't exist. Skipping setup for authorization module.
[Test worker] INFO org.apache.solr.core.CoreContainer - No authentication plugin used.
[Test worker] INFO org.apache.solr.core.CorePropertiesLocator - Looking for core definitions underneath /tmp/solr-home1124196902340693311
[Test worker] INFO org.apache.solr.core.CoreDescriptor - Created CoreDescriptor: {runtimeLib=false, name=core, config=solrconfig.xml, loadOnStartup=true, schema=schema.xml, configSetProperties=configsetprops.json, transient=false, dataDir=data/}
[Test worker] INFO org.apache.solr.core.CorePropertiesLocator - Found core core in /tmp/solr-home1124196902340693311/core
[Test worker] INFO org.apache.solr.core.CorePropertiesLocator - Found 1 core definitions
[coreLoadExecutor-124-thread-1] INFO org.apache.solr.core.SolrResourceLoader - new SolrResourceLoader for directory: '/tmp/solr-home1124196902340693311/core'
[coreLoadExecutor-124-thread-1] INFO org.apache.solr.core.SolrResourceLoader - JNDI not configured for solr (NoInitialContextEx)
[coreLoadExecutor-124-thread-1] INFO org.apache.solr.core.SolrResourceLoader - solr home defaulted to 'solr/' (could not find system property or JNDI)
[coreLoadExecutor-124-thread-1] INFO org.apache.solr.core.SolrResourceLoader - Adding 'file:/tmp/solr-home1124196902340693311/core/lib/marker-search-handler-0.3.0.jar' to classloader
[coreLoadExecutor-124-thread-1] INFO org.apache.solr.core.SolrResourceLoader - Adding 'file:/tmp/solr-home1124196902340693311/core/lib/suggestion-request-handler-2.1.0.jar' to classloader
[coreLoadExecutor-124-thread-1] INFO org.apache.solr.core.SolrConfig - current version of requestparams : -1
[coreLoadExecutor-124-thread-1] INFO org.apache.solr.update.SolrIndexConfig - IndexWriter infoStream solr logging is enabled
[coreLoadExecutor-124-thread-1] INFO org.apache.solr.core.SolrConfig - Using Lucene MatchVersion: 5.5.0
[coreLoadExecutor-124-thread-1] INFO org.apache.solr.core.SolrConfig - Loaded SolrConfig: solrconfig.xml
[coreLoadExecutor-124-thread-1] INFO org.apache.solr.schema.ManagedIndexSchemaFactory - The schema is configured as managed, but managed schema resource managed-schema not found - loading non-managed schema schema.xml instead
[coreLoadExecutor-124-thread-1] INFO org.apache.solr.schema.IndexSchema - [core] Schema name=basic search lib core
[coreLoadExecutor-124-thread-1] INFO org.apache.solr.schema.IndexSchema - unique key field: _id_
[coreLoadExecutor-124-thread-1] INFO org.apache.solr.schema.ManagedIndexSchema - Upgraded to managed schema at /tmp/solr-home1124196902340693311/core/conf/managed-schema
[coreLoadExecutor-124-thread-1] INFO org.apache.solr.schema.ManagedIndexSchemaFactory - After upgrading to managed schema, renamed the non-managed schema /tmp/solr-home1124196902340693311/core/conf/schema.xml to /tmp/solr-home1124196902340693311/core/conf/schema.xml.bak
[coreLoadExecutor-124-thread-1] INFO org.apache.solr.core.ConfigSetProperties - Did not find ConfigSet properties, assuming default properties: Can't find resource 'configsetprops.json' in classpath or '/tmp/solr-home1124196902340693311/core'
[coreLoadExecutor-124-thread-1] INFO org.apache.solr.core.CoreContainer - Creating SolrCore 'core' using configuration from instancedir /tmp/solr-home1124196902340693311/core
[coreLoadExecutor-124-thread-1] INFO org.apache.solr.core.SolrCore - solr.NRTCachingDirectoryFactory
[coreLoadExecutor-124-thread-1] INFO org.apache.solr.core.SolrCore - [[core] ] Opening new SolrCore at [/tmp/solr-home1124196902340693311/core], dataDir=[/tmp/solr-home1124196902340693311/core/data/]
[coreLoadExecutor-124-thread-1] INFO org.apache.solr.core.JmxMonitoredMap - No JMX servers found, not exposing Solr information with JMX.
[coreLoadExecutor-124-thread-1] INFO org.apache.solr.core.SchemaCodecFactory - Using default compressionMode: BEST_SPEED
[coreLoadExecutor-124-thread-1] INFO org.apache.solr.core.CachingDirectoryFactory - return new directory for /tmp/solr-home1124196902340693311/core/data
[coreLoadExecutor-124-thread-1] INFO org.apache.solr.core.SolrCore - New index directory detected: old=null new=/tmp/solr-home1124196902340693311/core/data/index/
[coreLoadExecutor-124-thread-1] WARN org.apache.solr.core.SolrCore - [core] Solr index directory '/tmp/solr-home1124196902340693311/core/data/index' doesn't exist. Creating new index...
[coreLoadExecutor-124-thread-1] INFO org.apache.solr.core.CachingDirectoryFactory - return new directory for /tmp/solr-home1124196902340693311/core/data/index
[coreLoadExecutor-124-thread-1] INFO org.apache.solr.update.LoggingInfoStream - [IFD][coreLoadExecutor-124-thread-1]: init: current segments file is "segments"; deletionPolicy=org.apache.solr.core.IndexDeletionPolicyWrapper@36ffd670
[coreLoadExecutor-124-thread-1] INFO org.apache.solr.update.LoggingInfoStream - [IFD][coreLoadExecutor-124-thread-1]: now checkpoint "" [0 segments ; isCommit = false]
[coreLoadExecutor-124-thread-1] INFO org.apache.solr.update.LoggingInfoStream - [IFD][coreLoadExecutor-124-thread-1]: 0 msec to checkpoint
[coreLoadExecutor-124-thread-1] INFO org.apache.solr.update.LoggingInfoStream - [IW][coreLoadExecutor-124-thread-1]: init: create=true
[coreLoadExecutor-124-thread-1] INFO org.apache.solr.update.LoggingInfoStream - [IW][coreLoadExecutor-124-thread-1]: 
dir=NRTCachingDirectory(MMapDirectory@/tmp/solr-home1124196902340693311/core/data/index lockFactory=org.apache.lucene.store.NativeFSLockFactory@2c3d74f6; maxCacheMB=48.0 maxMergeSizeMB=4.0)
index=
version=5.5.1
analyzer=org.apache.solr.update.SolrIndexConfig$DelayedSchemaAnalyzer
ramBufferSizeMB=100.0
maxBufferedDocs=-1
maxBufferedDeleteTerms=-1
mergedSegmentWarmer=null
delPolicy=org.apache.solr.core.IndexDeletionPolicyWrapper
commit=null
openMode=CREATE
similarity=org.apache.lucene.search.similarities.ClassicSimilarity
mergeScheduler=ConcurrentMergeScheduler: maxThreadCount=-1, maxMergeCount=-1, ioThrottle=true
default WRITE_LOCK_TIMEOUT=0
writeLockTimeout=0
codec=Lucene54
infoStream=org.apache.solr.update.LoggingInfoStream
mergePolicy=[TieredMergePolicy: maxMergeAtOnce=10, maxMergeAtOnceExplicit=30, maxMergedSegmentMB=5120.0, floorSegmentMB=2.0, forceMergeDeletesPctAllowed=10.0, segmentsPerTier=10.0, maxCFSSegmentSizeMB=8.796093022207999E12, noCFSRatio=0.1
indexerThreadPool=org.apache.lucene.index.DocumentsWriterPerThreadPool@24acb861
readerPooling=false
perThreadHardLimitMB=1945
useCompoundFile=false
commitOnClose=true
writer=org.apache.solr.update.SolrIndexWriter@752ccebb

[coreLoadExecutor-124-thread-1] INFO org.apache.solr.update.LoggingInfoStream - [IW][coreLoadExecutor-124-thread-1]: MMapDirectory.UNMAP_SUPPORTED=true
[coreLoadExecutor-124-thread-1] INFO org.apache.solr.update.LoggingInfoStream - [IW][coreLoadExecutor-124-thread-1]: now flush at close
[coreLoadExecutor-124-thread-1] INFO org.apache.solr.update.LoggingInfoStream - [IW][coreLoadExecutor-124-thread-1]:   start flush: applyAllDeletes=true
[coreLoadExecutor-124-thread-1] INFO org.apache.solr.update.LoggingInfoStream - [IW][coreLoadExecutor-124-thread-1]:   index before flush 
[coreLoadExecutor-124-thread-1] INFO org.apache.solr.update.LoggingInfoStream - [DW][coreLoadExecutor-124-thread-1]: startFullFlush
[coreLoadExecutor-124-thread-1] INFO org.apache.solr.update.LoggingInfoStream - [DW][coreLoadExecutor-124-thread-1]: coreLoadExecutor-124-thread-1 finishFullFlush success=true
[coreLoadExecutor-124-thread-1] INFO org.apache.solr.update.LoggingInfoStream - [IW][coreLoadExecutor-124-thread-1]: apply all deletes during flush
[coreLoadExecutor-124-thread-1] INFO org.apache.solr.update.LoggingInfoStream - [IW][coreLoadExecutor-124-thread-1]: now apply all deletes for all segments maxDoc=0
[coreLoadExecutor-124-thread-1] INFO org.apache.solr.update.LoggingInfoStream - [BD][coreLoadExecutor-124-thread-1]: prune sis=segments:  minGen=9223372036854775807 packetCount=0
[coreLoadExecutor-124-thread-1] INFO org.apache.solr.update.LoggingInfoStream - [MS][coreLoadExecutor-124-thread-1]: initDynamicDefaults spins=false maxThreadCount=2 maxMergeCount=7
[coreLoadExecutor-124-thread-1] INFO org.apache.solr.update.LoggingInfoStream - [MS][coreLoadExecutor-124-thread-1]: updateMergeThreads ioThrottle=true targetMBPerSec=10240.0 MB/sec
[coreLoadExecutor-124-thread-1] INFO org.apache.solr.update.LoggingInfoStream - [MS][coreLoadExecutor-124-thread-1]: now merge
[coreLoadExecutor-124-thread-1] INFO org.apache.solr.update.LoggingInfoStream - [MS][coreLoadExecutor-124-thread-1]:   index: 
[coreLoadExecutor-124-thread-1] INFO org.apache.solr.update.LoggingInfoStream - [MS][coreLoadExecutor-124-thread-1]:   no more merges pending; now return
[coreLoadExecutor-124-thread-1] INFO org.apache.solr.update.LoggingInfoStream - [IW][coreLoadExecutor-124-thread-1]: waitForMerges
[coreLoadExecutor-124-thread-1] INFO org.apache.solr.update.LoggingInfoStream - [IW][coreLoadExecutor-124-thread-1]: waitForMerges done
[coreLoadExecutor-124-thread-1] INFO org.apache.solr.update.LoggingInfoStream - [IW][coreLoadExecutor-124-thread-1]: commit: start
[coreLoadExecutor-124-thread-1] INFO org.apache.solr.update.LoggingInfoStream - [IW][coreLoadExecutor-124-thread-1]: commit: enter lock
[coreLoadExecutor-124-thread-1] INFO org.apache.solr.update.LoggingInfoStream - [IW][coreLoadExecutor-124-thread-1]: commit: now prepare
[coreLoadExecutor-124-thread-1] INFO org.apache.solr.update.LoggingInfoStream - [IW][coreLoadExecutor-124-thread-1]: prepareCommit: flush
[coreLoadExecutor-124-thread-1] INFO org.apache.solr.update.LoggingInfoStream - [IW][coreLoadExecutor-124-thread-1]:   index before flush 
[coreLoadExecutor-124-thread-1] INFO org.apache.solr.update.LoggingInfoStream - [DW][coreLoadExecutor-124-thread-1]: startFullFlush
[coreLoadExecutor-124-thread-1] INFO org.apache.solr.update.LoggingInfoStream - [IW][coreLoadExecutor-124-thread-1]: apply all deletes during flush
[coreLoadExecutor-124-thread-1] INFO org.apache.solr.update.LoggingInfoStream - [IW][coreLoadExecutor-124-thread-1]: now apply all deletes for all segments maxDoc=0
[coreLoadExecutor-124-thread-1] INFO org.apache.solr.update.LoggingInfoStream - [BD][coreLoadExecutor-124-thread-1]: prune sis=segments:  minGen=9223372036854775807 packetCount=0
[coreLoadExecutor-124-thread-1] INFO org.apache.solr.update.LoggingInfoStream - [DW][coreLoadExecutor-124-thread-1]: coreLoadExecutor-124-thread-1 finishFullFlush success=true
[coreLoadExecutor-124-thread-1] INFO org.apache.solr.update.LoggingInfoStream - [IW][coreLoadExecutor-124-thread-1]: startCommit(): start
[coreLoadExecutor-124-thread-1] INFO org.apache.solr.update.LoggingInfoStream - [IW][coreLoadExecutor-124-thread-1]: startCommit index= changeCount=2
[coreLoadExecutor-124-thread-1] INFO org.apache.solr.update.LoggingInfoStream - [IW][coreLoadExecutor-124-thread-1]: startCommit: wrote pending segments file "pending_segments_1"
[coreLoadExecutor-124-thread-1] INFO org.apache.solr.update.LoggingInfoStream - [IW][coreLoadExecutor-124-thread-1]: done all syncs: []
[coreLoadExecutor-124-thread-1] INFO org.apache.solr.update.LoggingInfoStream - [IW][coreLoadExecutor-124-thread-1]: commit: pendingCommit != null
[coreLoadExecutor-124-thread-1] INFO org.apache.solr.update.LoggingInfoStream - [IW][coreLoadExecutor-124-thread-1]: commit: done writing segments file "segments_1"
[coreLoadExecutor-124-thread-1] INFO org.apache.solr.update.LoggingInfoStream - [IFD][coreLoadExecutor-124-thread-1]: now checkpoint "" [0 segments ; isCommit = true]
[coreLoadExecutor-124-thread-1] INFO org.apache.solr.core.SolrDeletionPolicy - SolrDeletionPolicy.onCommit: commits: num=1
	commit{dir=NRTCachingDirectory(MMapDirectory@/tmp/solr-home1124196902340693311/core/data/index lockFactory=org.apache.lucene.store.NativeFSLockFactory@2c3d74f6; maxCacheMB=48.0 maxMergeSizeMB=4.0),segFN=segments_1,generation=1}
[coreLoadExecutor-124-thread-1] INFO org.apache.solr.core.SolrDeletionPolicy - newest commit generation = 1
[coreLoadExecutor-124-thread-1] INFO org.apache.solr.update.LoggingInfoStream - [IFD][coreLoadExecutor-124-thread-1]: 0 msec to checkpoint
[coreLoadExecutor-124-thread-1] INFO org.apache.solr.update.LoggingInfoStream - [IW][coreLoadExecutor-124-thread-1]: commit: took 11.6 msec
[coreLoadExecutor-124-thread-1] INFO org.apache.solr.update.LoggingInfoStream - [IW][coreLoadExecutor-124-thread-1]: commit: done
[coreLoadExecutor-124-thread-1] INFO org.apache.solr.update.LoggingInfoStream - [IW][coreLoadExecutor-124-thread-1]: rollback
[coreLoadExecutor-124-thread-1] INFO org.apache.solr.update.LoggingInfoStream - [IW][coreLoadExecutor-124-thread-1]: all running merges have aborted
[coreLoadExecutor-124-thread-1] INFO org.apache.solr.update.LoggingInfoStream - [IW][coreLoadExecutor-124-thread-1]: rollback: done finish merges
[coreLoadExecutor-124-thread-1] INFO org.apache.solr.update.LoggingInfoStream - [DW][coreLoadExecutor-124-thread-1]: abort
[coreLoadExecutor-124-thread-1] INFO org.apache.solr.update.LoggingInfoStream - [DW][coreLoadExecutor-124-thread-1]: done abort success=true
[coreLoadExecutor-124-thread-1] INFO org.apache.solr.update.LoggingInfoStream - [IW][coreLoadExecutor-124-thread-1]: rollback: infos=
[coreLoadExecutor-124-thread-1] INFO org.apache.solr.update.LoggingInfoStream - [IFD][coreLoadExecutor-124-thread-1]: now checkpoint "" [0 segments ; isCommit = false]
[coreLoadExecutor-124-thread-1] INFO org.apache.solr.update.LoggingInfoStream - [IFD][coreLoadExecutor-124-thread-1]: 0 msec to checkpoint
[OldIndexDirectoryCleanupThreadForCore-core] INFO org.apache.solr.core.SolrCore - Looking for old index directories to cleanup for core core in /tmp/solr-home1124196902340693311/core/data/
[coreLoadExecutor-124-thread-1] INFO org.apache.solr.core.SolrCore - no updateRequestProcessorChain defined as default, creating implicit default
[coreLoadExecutor-124-thread-1] INFO org.apache.solr.handler.loader.XMLLoader - xsltCacheLifetimeSeconds=60
[coreLoadExecutor-124-thread-1] INFO org.apache.solr.handler.loader.XMLLoader - xsltCacheLifetimeSeconds=60
[coreLoadExecutor-124-thread-1] INFO org.apache.solr.handler.loader.XMLLoader - xsltCacheLifetimeSeconds=60
[coreLoadExecutor-124-thread-1] INFO org.apache.solr.handler.loader.XMLLoader - xsltCacheLifetimeSeconds=60
[coreLoadExecutor-124-thread-1] INFO org.apache.solr.core.RequestHandlers - Registered paths: /admin/mbeans,,/update/csv,/update/json/docs,/admin/luke,/select,/suggester,/admin/segments,/get,/admin/system,/replication,/admin/properties,/config,/schema,/admin/plugins,/admin/logging,/update/json,/admin/threads,/admin/ping,/update,/admin/file
[coreLoadExecutor-124-thread-1] INFO org.apache.solr.core.SolrCore - Using default statsCache cache: org.apache.solr.search.stats.LocalStatsCache
[coreLoadExecutor-124-thread-1] INFO org.apache.solr.update.UpdateHandler - Using UpdateLog implementation: org.apache.solr.update.UpdateLog
[coreLoadExecutor-124-thread-1] INFO org.apache.solr.update.UpdateLog - Initializing UpdateLog: dataDir= defaultSyncLevel=FLUSH numRecordsToKeep=100 maxNumLogsToKeep=10 numVersionBuckets=65536
[coreLoadExecutor-124-thread-1] INFO org.apache.solr.update.CommitTracker - Hard AutoCommit: if uncommited for 15000ms; 
[coreLoadExecutor-124-thread-1] INFO org.apache.solr.update.CommitTracker - Soft AutoCommit: disabled
[coreLoadExecutor-124-thread-1] INFO org.apache.solr.update.LoggingInfoStream - [IFD][coreLoadExecutor-124-thread-1]: init: current segments file is "segments_1"; deletionPolicy=org.apache.solr.core.IndexDeletionPolicyWrapper@36ffd670
[coreLoadExecutor-124-thread-1] INFO org.apache.solr.update.LoggingInfoStream - [IFD][coreLoadExecutor-124-thread-1]: init: load commit "segments_1"
[coreLoadExecutor-124-thread-1] INFO org.apache.solr.core.SolrDeletionPolicy - SolrDeletionPolicy.onInit: commits: num=1
	commit{dir=NRTCachingDirectory(MMapDirectory@/tmp/solr-home1124196902340693311/core/data/index lockFactory=org.apache.lucene.store.NativeFSLockFactory@2c3d74f6; maxCacheMB=48.0 maxMergeSizeMB=4.0),segFN=segments_1,generation=1}
[coreLoadExecutor-124-thread-1] INFO org.apache.solr.core.SolrDeletionPolicy - newest commit generation = 1
[coreLoadExecutor-124-thread-1] INFO org.apache.solr.update.LoggingInfoStream - [IFD][coreLoadExecutor-124-thread-1]: now checkpoint "" [0 segments ; isCommit = false]
[coreLoadExecutor-124-thread-1] INFO org.apache.solr.update.LoggingInfoStream - [IFD][coreLoadExecutor-124-thread-1]: 0 msec to checkpoint
[coreLoadExecutor-124-thread-1] INFO org.apache.solr.update.LoggingInfoStream - [IW][coreLoadExecutor-124-thread-1]: init: create=false
[coreLoadExecutor-124-thread-1] INFO org.apache.solr.update.LoggingInfoStream - [IW][coreLoadExecutor-124-thread-1]: 
dir=NRTCachingDirectory(MMapDirectory@/tmp/solr-home1124196902340693311/core/data/index lockFactory=org.apache.lucene.store.NativeFSLockFactory@2c3d74f6; maxCacheMB=48.0 maxMergeSizeMB=4.0)
index=
version=5.5.1
analyzer=org.apache.solr.update.SolrIndexConfig$DelayedSchemaAnalyzer
ramBufferSizeMB=100.0
maxBufferedDocs=-1
maxBufferedDeleteTerms=-1
mergedSegmentWarmer=null
delPolicy=org.apache.solr.core.IndexDeletionPolicyWrapper
commit=null
openMode=APPEND
similarity=org.apache.lucene.search.similarities.ClassicSimilarity
mergeScheduler=ConcurrentMergeScheduler: maxThreadCount=-1, maxMergeCount=-1, ioThrottle=true
default WRITE_LOCK_TIMEOUT=0
writeLockTimeout=0
codec=Lucene54
infoStream=org.apache.solr.update.LoggingInfoStream
mergePolicy=[TieredMergePolicy: maxMergeAtOnce=10, maxMergeAtOnceExplicit=30, maxMergedSegmentMB=5120.0, floorSegmentMB=2.0, forceMergeDeletesPctAllowed=10.0, segmentsPerTier=10.0, maxCFSSegmentSizeMB=8.796093022207999E12, noCFSRatio=0.1
indexerThreadPool=org.apache.lucene.index.DocumentsWriterPerThreadPool@3f16d6f1
readerPooling=false
perThreadHardLimitMB=1945
useCompoundFile=false
commitOnClose=true
writer=org.apache.solr.update.SolrIndexWriter@7caaa686

[coreLoadExecutor-124-thread-1] INFO org.apache.solr.update.LoggingInfoStream - [IW][coreLoadExecutor-124-thread-1]: MMapDirectory.UNMAP_SUPPORTED=true
[coreLoadExecutor-124-thread-1] INFO org.apache.solr.update.LoggingInfoStream - [IW][coreLoadExecutor-124-thread-1]: flush at getReader
[coreLoadExecutor-124-thread-1] INFO org.apache.solr.update.LoggingInfoStream - [DW][coreLoadExecutor-124-thread-1]: startFullFlush
[coreLoadExecutor-124-thread-1] INFO org.apache.solr.update.LoggingInfoStream - [IW][coreLoadExecutor-124-thread-1]: apply all deletes during flush
[coreLoadExecutor-124-thread-1] INFO org.apache.solr.update.LoggingInfoStream - [IW][coreLoadExecutor-124-thread-1]: now apply all deletes for all segments maxDoc=0
[coreLoadExecutor-124-thread-1] INFO org.apache.solr.update.LoggingInfoStream - [BD][coreLoadExecutor-124-thread-1]: prune sis=segments_1:  minGen=9223372036854775807 packetCount=0
[coreLoadExecutor-124-thread-1] INFO org.apache.solr.update.LoggingInfoStream - [IW][coreLoadExecutor-124-thread-1]: incRefDeleter for NRT reader version=2 segments=
[coreLoadExecutor-124-thread-1] INFO org.apache.solr.update.LoggingInfoStream - [IW][coreLoadExecutor-124-thread-1]: return reader version=2 reader=StandardDirectoryReader(segments_1:2:nrt)
[coreLoadExecutor-124-thread-1] INFO org.apache.solr.update.LoggingInfoStream - [DW][coreLoadExecutor-124-thread-1]: coreLoadExecutor-124-thread-1 finishFullFlush success=true
[coreLoadExecutor-124-thread-1] INFO org.apache.solr.update.LoggingInfoStream - [IW][coreLoadExecutor-124-thread-1]: getReader took 1 msec
[coreLoadExecutor-124-thread-1] INFO org.apache.solr.search.SolrIndexSearcher - Opening Searcher@163ca2e0[core] main
[coreLoadExecutor-124-thread-1] INFO org.apache.solr.rest.ManagedResourceStorage - File-based storage initialized to use dir: /tmp/solr-home1124196902340693311/core/conf
[coreLoadExecutor-124-thread-1] INFO org.apache.solr.rest.RestManager - Initializing RestManager with initArgs: {storageDir=/tmp/solr-home1124196902340693311/core/conf}
[coreLoadExecutor-124-thread-1] INFO org.apache.solr.rest.ManagedResourceStorage - Reading _rest_managed.json using file:dir=/tmp/solr-home1124196902340693311/core/conf
[coreLoadExecutor-124-thread-1] INFO org.apache.solr.rest.RestManager - Initializing 0 registered ManagedResources
[coreLoadExecutor-124-thread-1] INFO org.apache.solr.handler.component.SpellCheckComponent - Initializing spell checkers
[coreLoadExecutor-124-thread-1] INFO org.apache.solr.handler.component.SpellCheckComponent - Registering newSearcher listener for spellchecker: default
[coreLoadExecutor-124-thread-1] INFO org.apache.solr.handler.component.SpellCheckComponent - No queryConverter defined, using default converter
[coreLoadExecutor-124-thread-1] INFO org.apache.solr.handler.ReplicationHandler - Commits will be reserved for  10000
[coreLoadExecutor-124-thread-1] INFO org.apache.solr.update.UpdateLog - Looking up max value of version field to seed version buckets
[coreLoadExecutor-124-thread-1] INFO org.apache.solr.update.VersionInfo - Refreshing highest value of _version_ for 65536 version buckets from index
[coreLoadExecutor-124-thread-1] INFO org.apache.solr.update.VersionInfo - No terms found for _version_, cannot seed version bucket highest value from index
[coreLoadExecutor-124-thread-1] INFO org.apache.solr.update.UpdateLog - Could not find max version in index or recent updates, using new clock 1576087833207111680
[coreLoadExecutor-124-thread-1] INFO org.apache.solr.update.UpdateLog - Took 1.0ms to seed version buckets with highest version 1576087833207111680
[coreLoadExecutor-124-thread-1] INFO org.apache.solr.core.CoreContainer - registering core: core
[searcherExecutor-125-thread-1] INFO org.apache.solr.handler.component.SpellCheckComponent - Loading spell index for spellchecker: default
[searcherExecutor-125-thread-1] INFO org.apache.solr.core.SolrCore - [core] Registered new searcher Searcher@163ca2e0[core] main{ExitableDirectoryReader(UninvertingDirectoryReader())}
[Test worker] INFO org.apache.solr.core.SolrCore.Request - [core]  webapp=null path=/admin/ping params={} hits=0 status=0 QTime=1
[Test worker] INFO org.apache.solr.core.SolrCore.Request - [core]  webapp=null path=/admin/ping params={} status=0 QTime=1
[Test worker] INFO com.rbmhtechnology.vind.solr.SolrSearchServer - Connection to solr server successful
[Test worker] INFO org.apache.solr.core.SolrCore.Request - [core]  webapp=null path=/schema params={} status=0 QTime=0
[Test worker] INFO com.rbmhtechnology.vind.solr.SolrSearchServer - No server provider of type class com.rbmhtechnology.vind.solr.EmbeddedSolrServerProvider found in classpath for server com.rbmhtechnology.vind.solr.SolrSearchServer
[Test worker] INFO org.apache.solr.update.processor.LogUpdateProcessorFactory - [core]  webapp=null path=/update params={}{add=[1 (1576087833217597440)]} 0 5
[Test worker] INFO org.apache.solr.update.processor.LogUpdateProcessorFactory - [core]  webapp=null path=/update params={}{add=[2 (1576087833227034624)]} 0 4
[Test worker] INFO org.apache.solr.update.processor.LogUpdateProcessorFactory - [core]  webapp=null path=/update params={}{add=[3 (1576087833230180352)]} 0 0
[Test worker] INFO org.apache.solr.update.DirectUpdateHandler2 - start commit{,optimize=false,openSearcher=true,waitSearcher=true,expungeDeletes=false,softCommit=false,prepareCommit=false}
[Test worker] INFO org.apache.solr.update.LoggingInfoStream - [IW][Test worker]: commit: start
[Test worker] INFO org.apache.solr.update.LoggingInfoStream - [IW][Test worker]: commit: enter lock
[Test worker] INFO org.apache.solr.update.LoggingInfoStream - [IW][Test worker]: commit: now prepare
[Test worker] INFO org.apache.solr.update.LoggingInfoStream - [IW][Test worker]: prepareCommit: flush
[Test worker] INFO org.apache.solr.update.LoggingInfoStream - [IW][Test worker]:   index before flush 
[Test worker] INFO org.apache.solr.update.LoggingInfoStream - [DW][Test worker]: startFullFlush
[Test worker] INFO org.apache.solr.update.LoggingInfoStream - [DW][Test worker]: anyChanges? numDocsInRam=3 deletes=true hasTickets:false pendingChangesInFullFlush: false
[Test worker] INFO org.apache.solr.update.LoggingInfoStream - [DWFC][Test worker]: addFlushableState DocumentsWriterPerThread [pendingDeletes=gen=0 2 deleted terms (unique count=2) bytesUsed=338, segment=_0, aborted=false, numDocsInRAM=3, deleteQueue=DWDQ: [ generation: 1 ]]
[Test worker] INFO org.apache.solr.update.LoggingInfoStream - [DWPT][Test worker]: flush postings as segment _0 numDocs=3
[Test worker] INFO org.apache.solr.update.LoggingInfoStream - [IW][Test worker]: 0 msec to write norms
[Test worker] INFO org.apache.solr.update.LoggingInfoStream - [IW][Test worker]: 0 msec to write docValues
[Test worker] INFO org.apache.solr.update.LoggingInfoStream - [IW][Test worker]: 0 msec to finish stored fields
[Test worker] INFO org.apache.solr.update.LoggingInfoStream - [IW][Test worker]: 1 msec to write postings and finish vectors
[Test worker] INFO org.apache.solr.update.LoggingInfoStream - [IW][Test worker]: 0 msec to write fieldInfos
[Test worker] INFO org.apache.solr.update.LoggingInfoStream - [DWPT][Test worker]: new segment has 0 deleted docs
[Test worker] INFO org.apache.solr.update.LoggingInfoStream - [DWPT][Test worker]: new segment has no vectors; norms; docValues; prox; freqs
[Test worker] INFO org.apache.solr.update.LoggingInfoStream - [DWPT][Test worker]: flushedFiles=[_0_Lucene54_0.dvm, _0_Lucene50_0.doc, _0_Lucene50_0.tim, _0_Lucene50_0.pos, _0.nvd, _0.fdx, _0_Lucene54_0.dvd, _0_Lucene50_0.tip, _0.fdt, _0.nvm, _0.fnm]
[Test worker] INFO org.apache.solr.update.LoggingInfoStream - [DWPT][Test worker]: flushed codec=Lucene54
[Test worker] INFO org.apache.solr.update.LoggingInfoStream - [DWPT][Test worker]: flushed: segment=_0 ramUsed=0.251 MB newFlushedSize=0.005 MB docs/MB=632.18
[Test worker] INFO org.apache.solr.update.LoggingInfoStream - [DW][Test worker]: publishFlushedSegment seg-private updates=null
[Test worker] INFO org.apache.solr.update.LoggingInfoStream - [IW][Test worker]: publishFlushedSegment
[Test worker] INFO org.apache.solr.update.LoggingInfoStream - [BD][Test worker]: push deletes  3 deleted terms (unique count=3) bytesUsed=1072 segmentPrivate?=false delGen=2 packetCount=1 totBytesUsed=1072
[Test worker] INFO org.apache.solr.update.LoggingInfoStream - [IW][Test worker]: publish sets newSegment delGen=3 seg=_0(5.5.1):C3
[Test worker] INFO org.apache.solr.update.LoggingInfoStream - [IFD][Test worker]: now checkpoint "_0(5.5.1):C3" [1 segments ; isCommit = false]
[Test worker] INFO org.apache.solr.update.LoggingInfoStream - [IFD][Test worker]: 0 msec to checkpoint
[Test worker] INFO org.apache.solr.update.LoggingInfoStream - [IW][Test worker]: apply all deletes during flush
[Test worker] INFO org.apache.solr.update.LoggingInfoStream - [IW][Test worker]: now apply all deletes for all segments maxDoc=3
[Test worker] INFO org.apache.solr.update.LoggingInfoStream - [BD][Test worker]: applyDeletes: open segment readers took 0 msec
[Test worker] INFO org.apache.solr.update.LoggingInfoStream - [BD][Test worker]: applyDeletes: infos=[_0(5.5.1):C3] packetCount=1
[Test worker] INFO org.apache.solr.update.LoggingInfoStream - [BD][Test worker]: applyDeletes took 1 msec for 1 segments, 0 newly deleted docs (query deletes), 0 visited terms, allDeleted=null
[Test worker] INFO org.apache.solr.update.LoggingInfoStream - [BD][Test worker]: prune sis=segments_1: _0(5.5.1):C3 minGen=3 packetCount=1
[Test worker] INFO org.apache.solr.update.LoggingInfoStream - [BD][Test worker]: pruneDeletes: prune 1 packets; 0 packets remain
[Test worker] INFO org.apache.solr.update.LoggingInfoStream - [DW][Test worker]: Test worker finishFullFlush success=true
[Test worker] INFO org.apache.solr.update.LoggingInfoStream - [TMP][Test worker]: findMerges: 1 segments
[Test worker] INFO org.apache.solr.update.LoggingInfoStream - [TMP][Test worker]:   seg=_0(5.5.1):C3 size=0.005 MB [floored]
[Test worker] INFO org.apache.solr.update.LoggingInfoStream - [TMP][Test worker]:   allowedSegmentCount=1 vs count=1 (eligible count=1) tooBigCount=0
[Test worker] INFO org.apache.solr.update.LoggingInfoStream - [MS][Test worker]: initDynamicDefaults spins=false maxThreadCount=2 maxMergeCount=7
[Test worker] INFO org.apache.solr.update.LoggingInfoStream - [MS][Test worker]: now merge
[Test worker] INFO org.apache.solr.update.LoggingInfoStream - [MS][Test worker]:   index: _0(5.5.1):C3
[Test worker] INFO org.apache.solr.update.LoggingInfoStream - [MS][Test worker]:   no more merges pending; now return
[Test worker] INFO org.apache.solr.update.LoggingInfoStream - [IW][Test worker]: startCommit(): start
[Test worker] INFO org.apache.solr.update.LoggingInfoStream - [IW][Test worker]: startCommit index=_0(5.5.1):C3 changeCount=4
[Test worker] INFO org.apache.solr.update.LoggingInfoStream - [IW][Test worker]: startCommit: wrote pending segments file "pending_segments_2"
[Test worker] INFO org.apache.solr.update.LoggingInfoStream - [IW][Test worker]: done all syncs: [_0.si, _0_Lucene50_0.doc, _0_Lucene50_0.tim, _0_Lucene54_0.dvm, _0_Lucene50_0.pos, _0.nvd, _0.fdx, _0_Lucene54_0.dvd, _0_Lucene50_0.tip, _0.fdt, _0.nvm, _0.fnm]
[Test worker] INFO org.apache.solr.update.LoggingInfoStream - [IW][Test worker]: commit: pendingCommit != null
[Test worker] INFO org.apache.solr.update.LoggingInfoStream - [IW][Test worker]: commit: done writing segments file "segments_2"
[Test worker] INFO org.apache.solr.update.LoggingInfoStream - [IFD][Test worker]: now checkpoint "_0(5.5.1):C3" [1 segments ; isCommit = true]
[Test worker] INFO org.apache.solr.core.SolrDeletionPolicy - SolrDeletionPolicy.onCommit: commits: num=2
	commit{dir=NRTCachingDirectory(MMapDirectory@/tmp/solr-home1124196902340693311/core/data/index lockFactory=org.apache.lucene.store.NativeFSLockFactory@2c3d74f6; maxCacheMB=48.0 maxMergeSizeMB=4.0),segFN=segments_1,generation=1}
	commit{dir=NRTCachingDirectory(MMapDirectory@/tmp/solr-home1124196902340693311/core/data/index lockFactory=org.apache.lucene.store.NativeFSLockFactory@2c3d74f6; maxCacheMB=48.0 maxMergeSizeMB=4.0),segFN=segments_2,generation=2}
[Test worker] INFO org.apache.solr.core.SolrDeletionPolicy - newest commit generation = 2
[Test worker] INFO org.apache.solr.update.LoggingInfoStream - [IFD][Test worker]: deleteCommits: now decRef commit "segments_1"
[Test worker] INFO org.apache.solr.update.LoggingInfoStream - [IFD][Test worker]: delete "segments_1"
[Test worker] INFO org.apache.solr.update.LoggingInfoStream - [IFD][Test worker]: 0 msec to checkpoint
[Test worker] INFO org.apache.solr.update.LoggingInfoStream - [IW][Test worker]: commit: took 58.8 msec
[Test worker] INFO org.apache.solr.update.LoggingInfoStream - [IW][Test worker]: commit: done
[Test worker] INFO org.apache.solr.update.LoggingInfoStream - [IW][Test worker]: nrtIsCurrent: infoVersion matches: false; DW changes: false; BD changes: false
[Test worker] INFO org.apache.solr.update.LoggingInfoStream - [IW][Test worker]: flush at getReader
[Test worker] INFO org.apache.solr.update.LoggingInfoStream - [DW][Test worker]: startFullFlush
[Test worker] INFO org.apache.solr.update.LoggingInfoStream - [IW][Test worker]: apply all deletes during flush
[Test worker] INFO org.apache.solr.update.LoggingInfoStream - [IW][Test worker]: now apply all deletes for all segments maxDoc=3
[Test worker] INFO org.apache.solr.update.LoggingInfoStream - [BD][Test worker]: applyDeletes: open segment readers took 0 msec
[Test worker] INFO org.apache.solr.update.LoggingInfoStream - [BD][Test worker]: applyDeletes: no segments; skipping
[Test worker] INFO org.apache.solr.update.LoggingInfoStream - [BD][Test worker]: prune sis=segments_2: _0(5.5.1):C3 minGen=3 packetCount=0
[Test worker] INFO org.apache.solr.update.LoggingInfoStream - [IW][Test worker]: incRefDeleter for NRT reader version=6 segments=_0(5.5.1):C3
[Test worker] INFO org.apache.solr.update.LoggingInfoStream - [IW][Test worker]: return reader version=6 reader=StandardDirectoryReader(segments_2:6:nrt _0(5.5.1):C3)
[Test worker] INFO org.apache.solr.update.LoggingInfoStream - [DW][Test worker]: Test worker finishFullFlush success=true
[Test worker] INFO org.apache.solr.update.LoggingInfoStream - [IW][Test worker]: getReader took 2 msec
[Test worker] INFO org.apache.solr.search.SolrIndexSearcher - Opening Searcher@370a8aaf[core] main
[searcherExecutor-125-thread-1] INFO org.apache.solr.handler.component.SpellCheckComponent - Building spell index for spell checker: default
[Test worker] INFO org.apache.solr.update.DirectUpdateHandler2 - end_commit_flush
[searcherExecutor-125-thread-1] INFO org.apache.solr.core.SolrCore - [core] Registered new searcher Searcher@370a8aaf[core] main{ExitableDirectoryReader(UninvertingDirectoryReader(Uninverting(_0(5.5.1):C3)))}
[searcherExecutor-125-thread-1] INFO org.apache.solr.update.LoggingInfoStream - [IW][searcherExecutor-125-thread-1]: decRefDeleter for NRT reader version=2 segments=
[Test worker] INFO org.apache.solr.update.processor.LogUpdateProcessorFactory - [core]  webapp=null path=/update params={commit=true&softCommit=false&waitSearcher=true}{commit=} 0 69
[Test worker] INFO org.apache.solr.core.SolrCore.Request - [core]  webapp=null path=/select params={q=*&fl=*,score&df=text&fq=_type_:asset&sort=dynamic_single_sort_string_textMulti+Asc&bf=&start=0&rows=10} hits=3 status=0 QTime=0
[Test worker] INFO com.rbmhtechnology.vind.api.result.PageResult - SearchResult{numOfResults=3, results=[DocumentImpl{values={textMulti={null=[text 1.1, text 1.2]}, dateMulti={null=[2017-05-18T16:41:26.939Z[UTC]]}, singleDate={null=Fri Aug 18 18:41:26 CEST 2017}, numMulti={null=[6, 7, 8]}, dateComplexMulti={null=[2017-08-18T16:41:26.939Z[UTC], 2017-08-17T16:41:26.939Z[UTC]]}}, id='1', type='asset'}, DocumentImpl{values={textMulti={null=[text 2.1, text 2.2]}, dateMulti={null=[2017-09-18T16:41:26.939Z[UTC]]}, singleDate={null=Sat Aug 19 18:41:26 CEST 2017}, numMulti={null=[1, 2, 3]}, dateComplexMulti={null=[2017-08-20T16:41:26.939Z[UTC], 2017-08-17T16:41:26.939Z[UTC]]}}, id='2', type='asset'}, DocumentImpl{values={}, id='3', type='asset'}]}
[Test worker] INFO org.apache.solr.core.SolrCore.Request - [core]  webapp=null path=/select params={q=*&fl=*,score&df=text&fq=_type_:asset&sort=dynamic_single_sort_int_numMulti+Desc&bf=&start=0&rows=10} hits=3 status=0 QTime=0
[Test worker] INFO com.rbmhtechnology.vind.api.result.PageResult - SearchResult{numOfResults=3, results=[DocumentImpl{values={textMulti={null=[text 1.1, text 1.2]}, dateMulti={null=[2017-05-18T16:41:26.939Z[UTC]]}, singleDate={null=Fri Aug 18 18:41:26 CEST 2017}, numMulti={null=[6, 7, 8]}, dateComplexMulti={null=[2017-08-18T16:41:26.939Z[UTC], 2017-08-17T16:41:26.939Z[UTC]]}}, id='1', type='asset'}, DocumentImpl{values={textMulti={null=[text 2.1, text 2.2]}, dateMulti={null=[2017-09-18T16:41:26.939Z[UTC]]}, singleDate={null=Sat Aug 19 18:41:26 CEST 2017}, numMulti={null=[1, 2, 3]}, dateComplexMulti={null=[2017-08-20T16:41:26.939Z[UTC], 2017-08-17T16:41:26.939Z[UTC]]}}, id='2', type='asset'}, DocumentImpl{values={}, id='3', type='asset'}]}
[Test worker] INFO org.apache.solr.core.SolrCore.Request - [core]  webapp=null path=/select params={q=*&fl=*,score&df=text&fq=_type_:asset&sort=dynamic_single_sort_date_dateMulti+Desc&bf=&start=0&rows=10} hits=3 status=0 QTime=0
[Test worker] INFO com.rbmhtechnology.vind.api.result.PageResult - SearchResult{numOfResults=3, results=[DocumentImpl{values={textMulti={null=[text 2.1, text 2.2]}, dateMulti={null=[2017-09-18T16:41:26.939Z[UTC]]}, singleDate={null=Sat Aug 19 18:41:26 CEST 2017}, numMulti={null=[1, 2, 3]}, dateComplexMulti={null=[2017-08-20T16:41:26.939Z[UTC], 2017-08-17T16:41:26.939Z[UTC]]}}, id='2', type='asset'}, DocumentImpl{values={textMulti={null=[text 1.1, text 1.2]}, dateMulti={null=[2017-05-18T16:41:26.939Z[UTC]]}, singleDate={null=Fri Aug 18 18:41:26 CEST 2017}, numMulti={null=[6, 7, 8]}, dateComplexMulti={null=[2017-08-18T16:41:26.939Z[UTC], 2017-08-17T16:41:26.939Z[UTC]]}}, id='1', type='asset'}, DocumentImpl{values={}, id='3', type='asset'}]}
[Test worker] INFO org.apache.solr.core.SolrCore.Request - [core]  webapp=null path=/select params={q=*&fl=*,score&df=text&fq=_type_:asset&sort=dynamic_single_sort_date_singleDate+Desc&bf=&start=0&rows=10} hits=3 status=0 QTime=0
[Test worker] INFO com.rbmhtechnology.vind.api.result.PageResult - SearchResult{numOfResults=3, results=[DocumentImpl{values={textMulti={null=[text 2.1, text 2.2]}, dateMulti={null=[2017-09-18T16:41:26.939Z[UTC]]}, singleDate={null=Sat Aug 19 18:41:26 CEST 2017}, numMulti={null=[1, 2, 3]}, dateComplexMulti={null=[2017-08-20T16:41:26.939Z[UTC], 2017-08-17T16:41:26.939Z[UTC]]}}, id='2', type='asset'}, DocumentImpl{values={textMulti={null=[text 1.1, text 1.2]}, dateMulti={null=[2017-05-18T16:41:26.939Z[UTC]]}, singleDate={null=Fri Aug 18 18:41:26 CEST 2017}, numMulti={null=[6, 7, 8]}, dateComplexMulti={null=[2017-08-18T16:41:26.939Z[UTC], 2017-08-17T16:41:26.939Z[UTC]]}}, id='1', type='asset'}, DocumentImpl{values={}, id='3', type='asset'}]}
[Test worker] INFO org.apache.solr.core.SolrCore.Request - [core]  webapp=null path=/select params={q=*&fl=*,score&df=text&fq=_type_:asset&sort=dynamic_single_sort_date_dateComplexMulti+Desc&bf=&start=0&rows=10} hits=3 status=0 QTime=0
[Test worker] INFO com.rbmhtechnology.vind.api.result.PageResult - SearchResult{numOfResults=3, results=[DocumentImpl{values={textMulti={null=[text 2.1, text 2.2]}, dateMulti={null=[2017-09-18T16:41:26.939Z[UTC]]}, singleDate={null=Sat Aug 19 18:41:26 CEST 2017}, numMulti={null=[1, 2, 3]}, dateComplexMulti={null=[2017-08-20T16:41:26.939Z[UTC], 2017-08-17T16:41:26.939Z[UTC]]}}, id='2', type='asset'}, DocumentImpl{values={textMulti={null=[text 1.1, text 1.2]}, dateMulti={null=[2017-05-18T16:41:26.939Z[UTC]]}, singleDate={null=Fri Aug 18 18:41:26 CEST 2017}, numMulti={null=[6, 7, 8]}, dateComplexMulti={null=[2017-08-18T16:41:26.939Z[UTC], 2017-08-17T16:41:26.939Z[UTC]]}}, id='1', type='asset'}, DocumentImpl{values={}, id='3', type='asset'}]}
[Test worker] INFO org.apache.solr.core.CoreContainer - Shutting down CoreContainer instance=902255034
[coreCloseExecutor-130-thread-1] INFO org.apache.solr.core.SolrCore - [core]  CLOSING SolrCore org.apache.solr.core.SolrCore@49c5c2e3
[coreCloseExecutor-130-thread-1] INFO org.apache.solr.update.DirectUpdateHandler2 - closing DirectUpdateHandler2{commits=1,autocommit maxTime=15000ms,autocommits=0,soft autocommits=0,optimizes=0,rollbacks=0,expungeDeletes=0,docsPending=0,adds=0,deletesById=0,deletesByQuery=0,errors=0,cumulative_adds=3,cumulative_deletesById=0,cumulative_deletesByQuery=0,cumulative_errors=0,transaction_logs_total_size=985,transaction_logs_total_number=1}
[coreCloseExecutor-130-thread-1] INFO org.apache.solr.update.SolrCoreState - Closing SolrCoreState
[coreCloseExecutor-130-thread-1] INFO org.apache.solr.update.DefaultSolrCoreState - SolrCoreState ref count has reached 0 - closing IndexWriter
[coreCloseExecutor-130-thread-1] INFO org.apache.solr.update.DefaultSolrCoreState - closing IndexWriter with IndexWriterCloser
[coreCloseExecutor-130-thread-1] INFO org.apache.solr.update.LoggingInfoStream - [IW][coreCloseExecutor-130-thread-1]: now flush at close
[coreCloseExecutor-130-thread-1] INFO org.apache.solr.update.LoggingInfoStream - [IW][coreCloseExecutor-130-thread-1]:   start flush: applyAllDeletes=true
[coreCloseExecutor-130-thread-1] INFO org.apache.solr.update.LoggingInfoStream - [IW][coreCloseExecutor-130-thread-1]:   index before flush _0(5.5.1):C3
[coreCloseExecutor-130-thread-1] INFO org.apache.solr.update.LoggingInfoStream - [DW][coreCloseExecutor-130-thread-1]: startFullFlush
[coreCloseExecutor-130-thread-1] INFO org.apache.solr.update.LoggingInfoStream - [DW][coreCloseExecutor-130-thread-1]: coreCloseExecutor-130-thread-1 finishFullFlush success=true
[coreCloseExecutor-130-thread-1] INFO org.apache.solr.update.LoggingInfoStream - [IW][coreCloseExecutor-130-thread-1]: apply all deletes during flush
[coreCloseExecutor-130-thread-1] INFO org.apache.solr.update.LoggingInfoStream - [IW][coreCloseExecutor-130-thread-1]: now apply all deletes for all segments maxDoc=3
[coreCloseExecutor-130-thread-1] INFO org.apache.solr.update.LoggingInfoStream - [BD][coreCloseExecutor-130-thread-1]: applyDeletes: open segment readers took 0 msec
[coreCloseExecutor-130-thread-1] INFO org.apache.solr.update.LoggingInfoStream - [BD][coreCloseExecutor-130-thread-1]: applyDeletes: no segments; skipping
[coreCloseExecutor-130-thread-1] INFO org.apache.solr.update.LoggingInfoStream - [BD][coreCloseExecutor-130-thread-1]: prune sis=segments_2: _0(5.5.1):C3 minGen=3 packetCount=0
[coreCloseExecutor-130-thread-1] INFO org.apache.solr.update.LoggingInfoStream - [MS][coreCloseExecutor-130-thread-1]: updateMergeThreads ioThrottle=true targetMBPerSec=10240.0 MB/sec
[coreCloseExecutor-130-thread-1] INFO org.apache.solr.update.LoggingInfoStream - [MS][coreCloseExecutor-130-thread-1]: now merge
[coreCloseExecutor-130-thread-1] INFO org.apache.solr.update.LoggingInfoStream - [MS][coreCloseExecutor-130-thread-1]:   index: _0(5.5.1):C3
[coreCloseExecutor-130-thread-1] INFO org.apache.solr.update.LoggingInfoStream - [MS][coreCloseExecutor-130-thread-1]:   no more merges pending; now return
[coreCloseExecutor-130-thread-1] INFO org.apache.solr.update.LoggingInfoStream - [IW][coreCloseExecutor-130-thread-1]: waitForMerges
[coreCloseExecutor-130-thread-1] INFO org.apache.solr.update.LoggingInfoStream - [IW][coreCloseExecutor-130-thread-1]: waitForMerges done
[coreCloseExecutor-130-thread-1] INFO org.apache.solr.update.LoggingInfoStream - [IW][coreCloseExecutor-130-thread-1]: commit: start
[coreCloseExecutor-130-thread-1] INFO org.apache.solr.update.LoggingInfoStream - [IW][coreCloseExecutor-130-thread-1]: commit: enter lock
[coreCloseExecutor-130-thread-1] INFO org.apache.solr.update.LoggingInfoStream - [IW][coreCloseExecutor-130-thread-1]: commit: now prepare
[coreCloseExecutor-130-thread-1] INFO org.apache.solr.update.LoggingInfoStream - [IW][coreCloseExecutor-130-thread-1]: prepareCommit: flush
[coreCloseExecutor-130-thread-1] INFO org.apache.solr.update.LoggingInfoStream - [IW][coreCloseExecutor-130-thread-1]:   index before flush _0(5.5.1):C3
[coreCloseExecutor-130-thread-1] INFO org.apache.solr.update.LoggingInfoStream - [DW][coreCloseExecutor-130-thread-1]: startFullFlush
[coreCloseExecutor-130-thread-1] INFO org.apache.solr.update.LoggingInfoStream - [IW][coreCloseExecutor-130-thread-1]: apply all deletes during flush
[coreCloseExecutor-130-thread-1] INFO org.apache.solr.update.LoggingInfoStream - [IW][coreCloseExecutor-130-thread-1]: now apply all deletes for all segments maxDoc=3
[coreCloseExecutor-130-thread-1] INFO org.apache.solr.update.LoggingInfoStream - [BD][coreCloseExecutor-130-thread-1]: applyDeletes: open segment readers took 0 msec
[coreCloseExecutor-130-thread-1] INFO org.apache.solr.update.LoggingInfoStream - [BD][coreCloseExecutor-130-thread-1]: applyDeletes: no segments; skipping
[coreCloseExecutor-130-thread-1] INFO org.apache.solr.update.LoggingInfoStream - [BD][coreCloseExecutor-130-thread-1]: prune sis=segments_2: _0(5.5.1):C3 minGen=3 packetCount=0
[coreCloseExecutor-130-thread-1] INFO org.apache.solr.update.LoggingInfoStream - [DW][coreCloseExecutor-130-thread-1]: coreCloseExecutor-130-thread-1 finishFullFlush success=true
[coreCloseExecutor-130-thread-1] INFO org.apache.solr.update.LoggingInfoStream - [IW][coreCloseExecutor-130-thread-1]: startCommit(): start
[coreCloseExecutor-130-thread-1] INFO org.apache.solr.update.LoggingInfoStream - [IW][coreCloseExecutor-130-thread-1]:   skip startCommit(): no changes pending
[coreCloseExecutor-130-thread-1] INFO org.apache.solr.update.LoggingInfoStream - [IW][coreCloseExecutor-130-thread-1]: commit: pendingCommit == null; skip
[coreCloseExecutor-130-thread-1] INFO org.apache.solr.update.LoggingInfoStream - [IW][coreCloseExecutor-130-thread-1]: commit: took 0.5 msec
[coreCloseExecutor-130-thread-1] INFO org.apache.solr.update.LoggingInfoStream - [IW][coreCloseExecutor-130-thread-1]: commit: done
[coreCloseExecutor-130-thread-1] INFO org.apache.solr.update.LoggingInfoStream - [IW][coreCloseExecutor-130-thread-1]: rollback
[coreCloseExecutor-130-thread-1] INFO org.apache.solr.update.LoggingInfoStream - [IW][coreCloseExecutor-130-thread-1]: all running merges have aborted
[coreCloseExecutor-130-thread-1] INFO org.apache.solr.update.LoggingInfoStream - [IW][coreCloseExecutor-130-thread-1]: rollback: done finish merges
[coreCloseExecutor-130-thread-1] INFO org.apache.solr.update.LoggingInfoStream - [DW][coreCloseExecutor-130-thread-1]: abort
[coreCloseExecutor-130-thread-1] INFO org.apache.solr.update.LoggingInfoStream - [DW][coreCloseExecutor-130-thread-1]: done abort success=true
[coreCloseExecutor-130-thread-1] INFO org.apache.solr.update.LoggingInfoStream - [IW][coreCloseExecutor-130-thread-1]: rollback: infos=_0(5.5.1):C3
[coreCloseExecutor-130-thread-1] INFO org.apache.solr.update.LoggingInfoStream - [IFD][coreCloseExecutor-130-thread-1]: now checkpoint "_0(5.5.1):C3" [1 segments ; isCommit = false]
[coreCloseExecutor-130-thread-1] INFO org.apache.solr.update.LoggingInfoStream - [IFD][coreCloseExecutor-130-thread-1]: 0 msec to checkpoint
[coreCloseExecutor-130-thread-1] INFO org.apache.solr.core.SolrCore - [core] Closing main searcher on request.
[coreCloseExecutor-130-thread-1] INFO org.apache.solr.core.CachingDirectoryFactory - Closing NRTCachingDirectoryFactory - 2 directories currently being tracked
[coreCloseExecutor-130-thread-1] INFO org.apache.solr.core.CachingDirectoryFactory - looking to close /tmp/solr-home1124196902340693311/core/data [CachedDir<<refCount=0;path=/tmp/solr-home1124196902340693311/core/data;done=false>>]
[coreCloseExecutor-130-thread-1] INFO org.apache.solr.core.CachingDirectoryFactory - Closing directory: /tmp/solr-home1124196902340693311/core/data
[coreCloseExecutor-130-thread-1] INFO org.apache.solr.core.CachingDirectoryFactory - looking to close /tmp/solr-home1124196902340693311/core/data/index [CachedDir<<refCount=0;path=/tmp/solr-home1124196902340693311/core/data/index;done=false>>]
[coreCloseExecutor-130-thread-1] INFO org.apache.solr.core.CachingDirectoryFactory - Closing directory: /tmp/solr-home1124196902340693311/core/data/index
[Test worker] INFO com.rbmhtechnology.vind.solr.SolrSearchServer - No server provider of type class com.rbmhtechnology.vind.solr.EmbeddedSolrServerProvider found in classpath for server com.rbmhtechnology.vind.solr.SolrSearchServer
[Test worker] INFO com.rbmhtechnology.vind.solr.SolrSearchServer - No server provider of type class com.rbmhtechnology.vind.solr.EmbeddedSolrServerProvider found in classpath for server com.rbmhtechnology.vind.solr.SolrSearchServer
[Test worker] INFO org.apache.solr.core.SolrResourceLoader - new SolrResourceLoader for directory: '/tmp/solr-home4599716651564563373'
[Test worker] INFO org.apache.solr.core.SolrResourceLoader - JNDI not configured for solr (NoInitialContextEx)
[Test worker] INFO org.apache.solr.core.SolrResourceLoader - solr home defaulted to 'solr/' (could not find system property or JNDI)
[Test worker] INFO org.apache.solr.core.SolrXmlConfig - Loading container configuration from /tmp/solr-home4599716651564563373/solr.xml
[Test worker] INFO org.apache.solr.core.CorePropertiesLocator - Config-defined core root directory: /tmp/solr-home4599716651564563373
[Test worker] INFO org.apache.solr.core.CoreContainer - New CoreContainer 690957127
[Test worker] INFO org.apache.solr.core.CoreContainer - Loading cores into CoreContainer [instanceDir=/tmp/solr-home4599716651564563373]
[Test worker] WARN org.apache.solr.core.CoreContainer - Couldn't add files from /tmp/solr-home4599716651564563373/lib to classpath: /tmp/solr-home4599716651564563373/lib
[Test worker] INFO org.apache.solr.handler.component.HttpShardHandlerFactory - created with socketTimeout : 120000,connTimeout : 15000,maxConnectionsPerHost : 20,maxConnections : 10000,corePoolSize : 0,maximumPoolSize : 2147483647,maxThreadIdleTime : 5,sizeOfQueue : -1,fairnessPolicy : false,useRetries : false,
[Test worker] INFO org.apache.solr.update.UpdateShardHandler - Creating UpdateShardHandler HTTP client with params: socketTimeout=600000&connTimeout=60000&retry=true
[Test worker] INFO org.apache.solr.logging.LogWatcher - SLF4J impl is org.slf4j.impl.SimpleLoggerFactory
[Test worker] INFO org.apache.solr.logging.LogWatcher - No LogWatcher configured
[Test worker] INFO org.apache.solr.core.CoreContainer - Security conf doesn't exist. Skipping setup for authorization module.
[Test worker] INFO org.apache.solr.core.CoreContainer - No authentication plugin used.
[Test worker] INFO org.apache.solr.core.CorePropertiesLocator - Looking for core definitions underneath /tmp/solr-home4599716651564563373
[Test worker] INFO org.apache.solr.core.CoreDescriptor - Created CoreDescriptor: {runtimeLib=false, name=core, config=solrconfig.xml, loadOnStartup=true, schema=schema.xml, configSetProperties=configsetprops.json, transient=false, dataDir=data/}
[Test worker] INFO org.apache.solr.core.CorePropertiesLocator - Found core core in /tmp/solr-home4599716651564563373/core
[Test worker] INFO org.apache.solr.core.CorePropertiesLocator - Found 1 core definitions
[coreLoadExecutor-137-thread-1] INFO org.apache.solr.core.SolrResourceLoader - new SolrResourceLoader for directory: '/tmp/solr-home4599716651564563373/core'
[coreLoadExecutor-137-thread-1] INFO org.apache.solr.core.SolrResourceLoader - JNDI not configured for solr (NoInitialContextEx)
[coreLoadExecutor-137-thread-1] INFO org.apache.solr.core.SolrResourceLoader - solr home defaulted to 'solr/' (could not find system property or JNDI)
[coreLoadExecutor-137-thread-1] INFO org.apache.solr.core.SolrResourceLoader - Adding 'file:/tmp/solr-home4599716651564563373/core/lib/marker-search-handler-0.3.0.jar' to classloader
[coreLoadExecutor-137-thread-1] INFO org.apache.solr.core.SolrResourceLoader - Adding 'file:/tmp/solr-home4599716651564563373/core/lib/suggestion-request-handler-2.1.0.jar' to classloader
[coreLoadExecutor-137-thread-1] INFO org.apache.solr.core.SolrConfig - current version of requestparams : -1
[coreLoadExecutor-137-thread-1] INFO org.apache.solr.update.SolrIndexConfig - IndexWriter infoStream solr logging is enabled
[coreLoadExecutor-137-thread-1] INFO org.apache.solr.core.SolrConfig - Using Lucene MatchVersion: 5.5.0
[coreLoadExecutor-137-thread-1] INFO org.apache.solr.core.SolrConfig - Loaded SolrConfig: solrconfig.xml
[coreLoadExecutor-137-thread-1] INFO org.apache.solr.schema.ManagedIndexSchemaFactory - The schema is configured as managed, but managed schema resource managed-schema not found - loading non-managed schema schema.xml instead
[coreLoadExecutor-137-thread-1] INFO org.apache.solr.schema.IndexSchema - [core] Schema name=basic search lib core
[coreLoadExecutor-137-thread-1] INFO org.apache.solr.schema.IndexSchema - unique key field: _id_
[coreLoadExecutor-137-thread-1] INFO org.apache.solr.schema.ManagedIndexSchema - Upgraded to managed schema at /tmp/solr-home4599716651564563373/core/conf/managed-schema
[coreLoadExecutor-137-thread-1] INFO org.apache.solr.schema.ManagedIndexSchemaFactory - After upgrading to managed schema, renamed the non-managed schema /tmp/solr-home4599716651564563373/core/conf/schema.xml to /tmp/solr-home4599716651564563373/core/conf/schema.xml.bak
[coreLoadExecutor-137-thread-1] INFO org.apache.solr.core.ConfigSetProperties - Did not find ConfigSet properties, assuming default properties: Can't find resource 'configsetprops.json' in classpath or '/tmp/solr-home4599716651564563373/core'
[coreLoadExecutor-137-thread-1] INFO org.apache.solr.core.CoreContainer - Creating SolrCore 'core' using configuration from instancedir /tmp/solr-home4599716651564563373/core
[coreLoadExecutor-137-thread-1] INFO org.apache.solr.core.SolrCore - solr.NRTCachingDirectoryFactory
[coreLoadExecutor-137-thread-1] INFO org.apache.solr.core.SolrCore - [[core] ] Opening new SolrCore at [/tmp/solr-home4599716651564563373/core], dataDir=[/tmp/solr-home4599716651564563373/core/data/]
[coreLoadExecutor-137-thread-1] INFO org.apache.solr.core.JmxMonitoredMap - No JMX servers found, not exposing Solr information with JMX.
[coreLoadExecutor-137-thread-1] INFO org.apache.solr.core.SchemaCodecFactory - Using default compressionMode: BEST_SPEED
[coreLoadExecutor-137-thread-1] INFO org.apache.solr.core.CachingDirectoryFactory - return new directory for /tmp/solr-home4599716651564563373/core/data
[coreLoadExecutor-137-thread-1] INFO org.apache.solr.core.SolrCore - New index directory detected: old=null new=/tmp/solr-home4599716651564563373/core/data/index/
[coreLoadExecutor-137-thread-1] WARN org.apache.solr.core.SolrCore - [core] Solr index directory '/tmp/solr-home4599716651564563373/core/data/index' doesn't exist. Creating new index...
[coreLoadExecutor-137-thread-1] INFO org.apache.solr.core.CachingDirectoryFactory - return new directory for /tmp/solr-home4599716651564563373/core/data/index
[coreLoadExecutor-137-thread-1] INFO org.apache.solr.update.LoggingInfoStream - [IFD][coreLoadExecutor-137-thread-1]: init: current segments file is "segments"; deletionPolicy=org.apache.solr.core.IndexDeletionPolicyWrapper@287c67e2
[coreLoadExecutor-137-thread-1] INFO org.apache.solr.update.LoggingInfoStream - [IFD][coreLoadExecutor-137-thread-1]: now checkpoint "" [0 segments ; isCommit = false]
[coreLoadExecutor-137-thread-1] INFO org.apache.solr.update.LoggingInfoStream - [IFD][coreLoadExecutor-137-thread-1]: 0 msec to checkpoint
[coreLoadExecutor-137-thread-1] INFO org.apache.solr.update.LoggingInfoStream - [IW][coreLoadExecutor-137-thread-1]: init: create=true
[coreLoadExecutor-137-thread-1] INFO org.apache.solr.update.LoggingInfoStream - [IW][coreLoadExecutor-137-thread-1]: 
dir=NRTCachingDirectory(MMapDirectory@/tmp/solr-home4599716651564563373/core/data/index lockFactory=org.apache.lucene.store.NativeFSLockFactory@2c3d74f6; maxCacheMB=48.0 maxMergeSizeMB=4.0)
index=
version=5.5.1
analyzer=org.apache.solr.update.SolrIndexConfig$DelayedSchemaAnalyzer
ramBufferSizeMB=100.0
maxBufferedDocs=-1
maxBufferedDeleteTerms=-1
mergedSegmentWarmer=null
delPolicy=org.apache.solr.core.IndexDeletionPolicyWrapper
commit=null
openMode=CREATE
similarity=org.apache.lucene.search.similarities.ClassicSimilarity
mergeScheduler=ConcurrentMergeScheduler: maxThreadCount=-1, maxMergeCount=-1, ioThrottle=true
default WRITE_LOCK_TIMEOUT=0
writeLockTimeout=0
codec=Lucene54
infoStream=org.apache.solr.update.LoggingInfoStream
mergePolicy=[TieredMergePolicy: maxMergeAtOnce=10, maxMergeAtOnceExplicit=30, maxMergedSegmentMB=5120.0, floorSegmentMB=2.0, forceMergeDeletesPctAllowed=10.0, segmentsPerTier=10.0, maxCFSSegmentSizeMB=8.796093022207999E12, noCFSRatio=0.1
indexerThreadPool=org.apache.lucene.index.DocumentsWriterPerThreadPool@3db77f1a
readerPooling=false
perThreadHardLimitMB=1945
useCompoundFile=false
commitOnClose=true
writer=org.apache.solr.update.SolrIndexWriter@7b31328b

[coreLoadExecutor-137-thread-1] INFO org.apache.solr.update.LoggingInfoStream - [IW][coreLoadExecutor-137-thread-1]: MMapDirectory.UNMAP_SUPPORTED=true
[coreLoadExecutor-137-thread-1] INFO org.apache.solr.update.LoggingInfoStream - [IW][coreLoadExecutor-137-thread-1]: now flush at close
[coreLoadExecutor-137-thread-1] INFO org.apache.solr.update.LoggingInfoStream - [IW][coreLoadExecutor-137-thread-1]:   start flush: applyAllDeletes=true
[coreLoadExecutor-137-thread-1] INFO org.apache.solr.update.LoggingInfoStream - [IW][coreLoadExecutor-137-thread-1]:   index before flush 
[coreLoadExecutor-137-thread-1] INFO org.apache.solr.update.LoggingInfoStream - [DW][coreLoadExecutor-137-thread-1]: startFullFlush
[coreLoadExecutor-137-thread-1] INFO org.apache.solr.update.LoggingInfoStream - [DW][coreLoadExecutor-137-thread-1]: coreLoadExecutor-137-thread-1 finishFullFlush success=true
[coreLoadExecutor-137-thread-1] INFO org.apache.solr.update.LoggingInfoStream - [IW][coreLoadExecutor-137-thread-1]: apply all deletes during flush
[coreLoadExecutor-137-thread-1] INFO org.apache.solr.update.LoggingInfoStream - [IW][coreLoadExecutor-137-thread-1]: now apply all deletes for all segments maxDoc=0
[coreLoadExecutor-137-thread-1] INFO org.apache.solr.update.LoggingInfoStream - [BD][coreLoadExecutor-137-thread-1]: prune sis=segments:  minGen=9223372036854775807 packetCount=0
[coreLoadExecutor-137-thread-1] INFO org.apache.solr.update.LoggingInfoStream - [MS][coreLoadExecutor-137-thread-1]: initDynamicDefaults spins=false maxThreadCount=2 maxMergeCount=7
[coreLoadExecutor-137-thread-1] INFO org.apache.solr.update.LoggingInfoStream - [MS][coreLoadExecutor-137-thread-1]: updateMergeThreads ioThrottle=true targetMBPerSec=10240.0 MB/sec
[coreLoadExecutor-137-thread-1] INFO org.apache.solr.update.LoggingInfoStream - [MS][coreLoadExecutor-137-thread-1]: now merge
[coreLoadExecutor-137-thread-1] INFO org.apache.solr.update.LoggingInfoStream - [MS][coreLoadExecutor-137-thread-1]:   index: 
[coreLoadExecutor-137-thread-1] INFO org.apache.solr.update.LoggingInfoStream - [MS][coreLoadExecutor-137-thread-1]:   no more merges pending; now return
[coreLoadExecutor-137-thread-1] INFO org.apache.solr.update.LoggingInfoStream - [IW][coreLoadExecutor-137-thread-1]: waitForMerges
[coreLoadExecutor-137-thread-1] INFO org.apache.solr.update.LoggingInfoStream - [IW][coreLoadExecutor-137-thread-1]: waitForMerges done
[coreLoadExecutor-137-thread-1] INFO org.apache.solr.update.LoggingInfoStream - [IW][coreLoadExecutor-137-thread-1]: commit: start
[coreLoadExecutor-137-thread-1] INFO org.apache.solr.update.LoggingInfoStream - [IW][coreLoadExecutor-137-thread-1]: commit: enter lock
[coreLoadExecutor-137-thread-1] INFO org.apache.solr.update.LoggingInfoStream - [IW][coreLoadExecutor-137-thread-1]: commit: now prepare
[coreLoadExecutor-137-thread-1] INFO org.apache.solr.update.LoggingInfoStream - [IW][coreLoadExecutor-137-thread-1]: prepareCommit: flush
[coreLoadExecutor-137-thread-1] INFO org.apache.solr.update.LoggingInfoStream - [IW][coreLoadExecutor-137-thread-1]:   index before flush 
[coreLoadExecutor-137-thread-1] INFO org.apache.solr.update.LoggingInfoStream - [DW][coreLoadExecutor-137-thread-1]: startFullFlush
[coreLoadExecutor-137-thread-1] INFO org.apache.solr.update.LoggingInfoStream - [IW][coreLoadExecutor-137-thread-1]: apply all deletes during flush
[coreLoadExecutor-137-thread-1] INFO org.apache.solr.update.LoggingInfoStream - [IW][coreLoadExecutor-137-thread-1]: now apply all deletes for all segments maxDoc=0
[coreLoadExecutor-137-thread-1] INFO org.apache.solr.update.LoggingInfoStream - [BD][coreLoadExecutor-137-thread-1]: prune sis=segments:  minGen=9223372036854775807 packetCount=0
[coreLoadExecutor-137-thread-1] INFO org.apache.solr.update.LoggingInfoStream - [DW][coreLoadExecutor-137-thread-1]: coreLoadExecutor-137-thread-1 finishFullFlush success=true
[coreLoadExecutor-137-thread-1] INFO org.apache.solr.update.LoggingInfoStream - [IW][coreLoadExecutor-137-thread-1]: startCommit(): start
[coreLoadExecutor-137-thread-1] INFO org.apache.solr.update.LoggingInfoStream - [IW][coreLoadExecutor-137-thread-1]: startCommit index= changeCount=2
[coreLoadExecutor-137-thread-1] INFO org.apache.solr.update.LoggingInfoStream - [IW][coreLoadExecutor-137-thread-1]: startCommit: wrote pending segments file "pending_segments_1"
[coreLoadExecutor-137-thread-1] INFO org.apache.solr.update.LoggingInfoStream - [IW][coreLoadExecutor-137-thread-1]: done all syncs: []
[coreLoadExecutor-137-thread-1] INFO org.apache.solr.update.LoggingInfoStream - [IW][coreLoadExecutor-137-thread-1]: commit: pendingCommit != null
[coreLoadExecutor-137-thread-1] INFO org.apache.solr.update.LoggingInfoStream - [IW][coreLoadExecutor-137-thread-1]: commit: done writing segments file "segments_1"
[coreLoadExecutor-137-thread-1] INFO org.apache.solr.update.LoggingInfoStream - [IFD][coreLoadExecutor-137-thread-1]: now checkpoint "" [0 segments ; isCommit = true]
[coreLoadExecutor-137-thread-1] INFO org.apache.solr.core.SolrDeletionPolicy - SolrDeletionPolicy.onCommit: commits: num=1
	commit{dir=NRTCachingDirectory(MMapDirectory@/tmp/solr-home4599716651564563373/core/data/index lockFactory=org.apache.lucene.store.NativeFSLockFactory@2c3d74f6; maxCacheMB=48.0 maxMergeSizeMB=4.0),segFN=segments_1,generation=1}
[coreLoadExecutor-137-thread-1] INFO org.apache.solr.core.SolrDeletionPolicy - newest commit generation = 1
[coreLoadExecutor-137-thread-1] INFO org.apache.solr.update.LoggingInfoStream - [IFD][coreLoadExecutor-137-thread-1]: 0 msec to checkpoint
[coreLoadExecutor-137-thread-1] INFO org.apache.solr.update.LoggingInfoStream - [IW][coreLoadExecutor-137-thread-1]: commit: took 10.3 msec
[coreLoadExecutor-137-thread-1] INFO org.apache.solr.update.LoggingInfoStream - [IW][coreLoadExecutor-137-thread-1]: commit: done
[coreLoadExecutor-137-thread-1] INFO org.apache.solr.update.LoggingInfoStream - [IW][coreLoadExecutor-137-thread-1]: rollback
[coreLoadExecutor-137-thread-1] INFO org.apache.solr.update.LoggingInfoStream - [IW][coreLoadExecutor-137-thread-1]: all running merges have aborted
[coreLoadExecutor-137-thread-1] INFO org.apache.solr.update.LoggingInfoStream - [IW][coreLoadExecutor-137-thread-1]: rollback: done finish merges
[coreLoadExecutor-137-thread-1] INFO org.apache.solr.update.LoggingInfoStream - [DW][coreLoadExecutor-137-thread-1]: abort
[coreLoadExecutor-137-thread-1] INFO org.apache.solr.update.LoggingInfoStream - [DW][coreLoadExecutor-137-thread-1]: done abort success=true
[coreLoadExecutor-137-thread-1] INFO org.apache.solr.update.LoggingInfoStream - [IW][coreLoadExecutor-137-thread-1]: rollback: infos=
[coreLoadExecutor-137-thread-1] INFO org.apache.solr.update.LoggingInfoStream - [IFD][coreLoadExecutor-137-thread-1]: now checkpoint "" [0 segments ; isCommit = false]
[coreLoadExecutor-137-thread-1] INFO org.apache.solr.update.LoggingInfoStream - [IFD][coreLoadExecutor-137-thread-1]: 0 msec to checkpoint
[OldIndexDirectoryCleanupThreadForCore-core] INFO org.apache.solr.core.SolrCore - Looking for old index directories to cleanup for core core in /tmp/solr-home4599716651564563373/core/data/
[coreLoadExecutor-137-thread-1] INFO org.apache.solr.core.SolrCore - no updateRequestProcessorChain defined as default, creating implicit default
[coreLoadExecutor-137-thread-1] INFO org.apache.solr.handler.loader.XMLLoader - xsltCacheLifetimeSeconds=60
[coreLoadExecutor-137-thread-1] INFO org.apache.solr.handler.loader.XMLLoader - xsltCacheLifetimeSeconds=60
[coreLoadExecutor-137-thread-1] INFO org.apache.solr.handler.loader.XMLLoader - xsltCacheLifetimeSeconds=60
[coreLoadExecutor-137-thread-1] INFO org.apache.solr.handler.loader.XMLLoader - xsltCacheLifetimeSeconds=60
[coreLoadExecutor-137-thread-1] INFO org.apache.solr.core.RequestHandlers - Registered paths: /admin/mbeans,,/update/csv,/update/json/docs,/admin/luke,/select,/suggester,/admin/segments,/get,/admin/system,/replication,/admin/properties,/config,/schema,/admin/plugins,/admin/logging,/update/json,/admin/threads,/admin/ping,/update,/admin/file
[coreLoadExecutor-137-thread-1] INFO org.apache.solr.core.SolrCore - Using default statsCache cache: org.apache.solr.search.stats.LocalStatsCache
[coreLoadExecutor-137-thread-1] INFO org.apache.solr.update.UpdateHandler - Using UpdateLog implementation: org.apache.solr.update.UpdateLog
[coreLoadExecutor-137-thread-1] INFO org.apache.solr.update.UpdateLog - Initializing UpdateLog: dataDir= defaultSyncLevel=FLUSH numRecordsToKeep=100 maxNumLogsToKeep=10 numVersionBuckets=65536
[coreLoadExecutor-137-thread-1] INFO org.apache.solr.update.CommitTracker - Hard AutoCommit: if uncommited for 15000ms; 
[coreLoadExecutor-137-thread-1] INFO org.apache.solr.update.CommitTracker - Soft AutoCommit: disabled
[coreLoadExecutor-137-thread-1] INFO org.apache.solr.update.LoggingInfoStream - [IFD][coreLoadExecutor-137-thread-1]: init: current segments file is "segments_1"; deletionPolicy=org.apache.solr.core.IndexDeletionPolicyWrapper@287c67e2
[coreLoadExecutor-137-thread-1] INFO org.apache.solr.update.LoggingInfoStream - [IFD][coreLoadExecutor-137-thread-1]: init: load commit "segments_1"
[coreLoadExecutor-137-thread-1] INFO org.apache.solr.core.SolrDeletionPolicy - SolrDeletionPolicy.onInit: commits: num=1
	commit{dir=NRTCachingDirectory(MMapDirectory@/tmp/solr-home4599716651564563373/core/data/index lockFactory=org.apache.lucene.store.NativeFSLockFactory@2c3d74f6; maxCacheMB=48.0 maxMergeSizeMB=4.0),segFN=segments_1,generation=1}
[coreLoadExecutor-137-thread-1] INFO org.apache.solr.core.SolrDeletionPolicy - newest commit generation = 1
[coreLoadExecutor-137-thread-1] INFO org.apache.solr.update.LoggingInfoStream - [IFD][coreLoadExecutor-137-thread-1]: now checkpoint "" [0 segments ; isCommit = false]
[coreLoadExecutor-137-thread-1] INFO org.apache.solr.update.LoggingInfoStream - [IFD][coreLoadExecutor-137-thread-1]: 0 msec to checkpoint
[coreLoadExecutor-137-thread-1] INFO org.apache.solr.update.LoggingInfoStream - [IW][coreLoadExecutor-137-thread-1]: init: create=false
[coreLoadExecutor-137-thread-1] INFO org.apache.solr.update.LoggingInfoStream - [IW][coreLoadExecutor-137-thread-1]: 
dir=NRTCachingDirectory(MMapDirectory@/tmp/solr-home4599716651564563373/core/data/index lockFactory=org.apache.lucene.store.NativeFSLockFactory@2c3d74f6; maxCacheMB=48.0 maxMergeSizeMB=4.0)
index=
version=5.5.1
analyzer=org.apache.solr.update.SolrIndexConfig$DelayedSchemaAnalyzer
ramBufferSizeMB=100.0
maxBufferedDocs=-1
maxBufferedDeleteTerms=-1
mergedSegmentWarmer=null
delPolicy=org.apache.solr.core.IndexDeletionPolicyWrapper
commit=null
openMode=APPEND
similarity=org.apache.lucene.search.similarities.ClassicSimilarity
mergeScheduler=ConcurrentMergeScheduler: maxThreadCount=-1, maxMergeCount=-1, ioThrottle=true
default WRITE_LOCK_TIMEOUT=0
writeLockTimeout=0
codec=Lucene54
infoStream=org.apache.solr.update.LoggingInfoStream
mergePolicy=[TieredMergePolicy: maxMergeAtOnce=10, maxMergeAtOnceExplicit=30, maxMergedSegmentMB=5120.0, floorSegmentMB=2.0, forceMergeDeletesPctAllowed=10.0, segmentsPerTier=10.0, maxCFSSegmentSizeMB=8.796093022207999E12, noCFSRatio=0.1
indexerThreadPool=org.apache.lucene.index.DocumentsWriterPerThreadPool@11c319d8
readerPooling=false
perThreadHardLimitMB=1945
useCompoundFile=false
commitOnClose=true
writer=org.apache.solr.update.SolrIndexWriter@653a5f8

[coreLoadExecutor-137-thread-1] INFO org.apache.solr.update.LoggingInfoStream - [IW][coreLoadExecutor-137-thread-1]: MMapDirectory.UNMAP_SUPPORTED=true
[coreLoadExecutor-137-thread-1] INFO org.apache.solr.update.LoggingInfoStream - [IW][coreLoadExecutor-137-thread-1]: flush at getReader
[coreLoadExecutor-137-thread-1] INFO org.apache.solr.update.LoggingInfoStream - [DW][coreLoadExecutor-137-thread-1]: startFullFlush
[coreLoadExecutor-137-thread-1] INFO org.apache.solr.update.LoggingInfoStream - [IW][coreLoadExecutor-137-thread-1]: apply all deletes during flush
[coreLoadExecutor-137-thread-1] INFO org.apache.solr.update.LoggingInfoStream - [IW][coreLoadExecutor-137-thread-1]: now apply all deletes for all segments maxDoc=0
[coreLoadExecutor-137-thread-1] INFO org.apache.solr.update.LoggingInfoStream - [BD][coreLoadExecutor-137-thread-1]: prune sis=segments_1:  minGen=9223372036854775807 packetCount=0
[coreLoadExecutor-137-thread-1] INFO org.apache.solr.update.LoggingInfoStream - [IW][coreLoadExecutor-137-thread-1]: incRefDeleter for NRT reader version=2 segments=
[coreLoadExecutor-137-thread-1] INFO org.apache.solr.update.LoggingInfoStream - [IW][coreLoadExecutor-137-thread-1]: return reader version=2 reader=StandardDirectoryReader(segments_1:2:nrt)
[coreLoadExecutor-137-thread-1] INFO org.apache.solr.update.LoggingInfoStream - [DW][coreLoadExecutor-137-thread-1]: coreLoadExecutor-137-thread-1 finishFullFlush success=true
[coreLoadExecutor-137-thread-1] INFO org.apache.solr.update.LoggingInfoStream - [IW][coreLoadExecutor-137-thread-1]: getReader took 0 msec
[coreLoadExecutor-137-thread-1] INFO org.apache.solr.search.SolrIndexSearcher - Opening Searcher@25900898[core] main
[coreLoadExecutor-137-thread-1] INFO org.apache.solr.rest.ManagedResourceStorage - File-based storage initialized to use dir: /tmp/solr-home4599716651564563373/core/conf
[coreLoadExecutor-137-thread-1] INFO org.apache.solr.rest.RestManager - Initializing RestManager with initArgs: {storageDir=/tmp/solr-home4599716651564563373/core/conf}
[coreLoadExecutor-137-thread-1] INFO org.apache.solr.rest.ManagedResourceStorage - Reading _rest_managed.json using file:dir=/tmp/solr-home4599716651564563373/core/conf
[coreLoadExecutor-137-thread-1] INFO org.apache.solr.rest.RestManager - Initializing 0 registered ManagedResources
[coreLoadExecutor-137-thread-1] INFO org.apache.solr.handler.component.SpellCheckComponent - Initializing spell checkers
[coreLoadExecutor-137-thread-1] INFO org.apache.solr.handler.component.SpellCheckComponent - Registering newSearcher listener for spellchecker: default
[coreLoadExecutor-137-thread-1] INFO org.apache.solr.handler.component.SpellCheckComponent - No queryConverter defined, using default converter
[coreLoadExecutor-137-thread-1] INFO org.apache.solr.handler.ReplicationHandler - Commits will be reserved for  10000
[coreLoadExecutor-137-thread-1] INFO org.apache.solr.update.UpdateLog - Looking up max value of version field to seed version buckets
[coreLoadExecutor-137-thread-1] INFO org.apache.solr.update.VersionInfo - Refreshing highest value of _version_ for 65536 version buckets from index
[coreLoadExecutor-137-thread-1] INFO org.apache.solr.update.VersionInfo - No terms found for _version_, cannot seed version bucket highest value from index
[coreLoadExecutor-137-thread-1] INFO org.apache.solr.update.UpdateLog - Could not find max version in index or recent updates, using new clock 1576087833471352832
[searcherExecutor-138-thread-1] INFO org.apache.solr.handler.component.SpellCheckComponent - Loading spell index for spellchecker: default
[searcherExecutor-138-thread-1] INFO org.apache.solr.core.SolrCore - [core] Registered new searcher Searcher@25900898[core] main{ExitableDirectoryReader(UninvertingDirectoryReader())}
[coreLoadExecutor-137-thread-1] INFO org.apache.solr.update.UpdateLog - Took 0.0ms to seed version buckets with highest version 1576087833471352832
[coreLoadExecutor-137-thread-1] INFO org.apache.solr.core.CoreContainer - registering core: core
[Test worker] INFO org.apache.solr.core.SolrCore.Request - [core]  webapp=null path=/admin/ping params={} hits=0 status=0 QTime=0
[Test worker] INFO org.apache.solr.core.SolrCore.Request - [core]  webapp=null path=/admin/ping params={} status=0 QTime=0
[Test worker] INFO com.rbmhtechnology.vind.solr.SolrSearchServer - Connection to solr server successful
[Test worker] INFO org.apache.solr.core.SolrCore.Request - [core]  webapp=null path=/schema params={} status=0 QTime=0
[Test worker] INFO com.rbmhtechnology.vind.solr.SolrSearchServer - No server provider of type class com.rbmhtechnology.vind.solr.EmbeddedSolrServerProvider found in classpath for server com.rbmhtechnology.vind.solr.SolrSearchServer
[Test worker] INFO org.apache.solr.update.processor.LogUpdateProcessorFactory - [core]  webapp=null path=/update params={}{add=[1 (1576087833478692864)]} 0 7
[Test worker] INFO org.apache.solr.update.processor.LogUpdateProcessorFactory - [core]  webapp=null path=/update params={}{add=[2 (1576087833487081472)]} 0 2
[Test worker] INFO org.apache.solr.update.DirectUpdateHandler2 - start commit{,optimize=false,openSearcher=true,waitSearcher=true,expungeDeletes=false,softCommit=false,prepareCommit=false}
[Test worker] INFO org.apache.solr.update.LoggingInfoStream - [IW][Test worker]: commit: start
[Test worker] INFO org.apache.solr.update.LoggingInfoStream - [IW][Test worker]: commit: enter lock
[Test worker] INFO org.apache.solr.update.LoggingInfoStream - [IW][Test worker]: commit: now prepare
[Test worker] INFO org.apache.solr.update.LoggingInfoStream - [IW][Test worker]: prepareCommit: flush
[Test worker] INFO org.apache.solr.update.LoggingInfoStream - [IW][Test worker]:   index before flush 
[Test worker] INFO org.apache.solr.update.LoggingInfoStream - [DW][Test worker]: startFullFlush
[Test worker] INFO org.apache.solr.update.LoggingInfoStream - [DW][Test worker]: anyChanges? numDocsInRam=2 deletes=true hasTickets:false pendingChangesInFullFlush: false
[Test worker] INFO org.apache.solr.update.LoggingInfoStream - [DWFC][Test worker]: addFlushableState DocumentsWriterPerThread [pendingDeletes=gen=0 1 deleted terms (unique count=1) bytesUsed=169, segment=_0, aborted=false, numDocsInRAM=2, deleteQueue=DWDQ: [ generation: 1 ]]
[Test worker] INFO org.apache.solr.update.LoggingInfoStream - [DWPT][Test worker]: flush postings as segment _0 numDocs=2
[Test worker] INFO org.apache.solr.update.LoggingInfoStream - [IW][Test worker]: 0 msec to write norms
[Test worker] INFO org.apache.solr.update.LoggingInfoStream - [IW][Test worker]: 3 msec to write docValues
[Test worker] INFO org.apache.solr.update.LoggingInfoStream - [IW][Test worker]: 0 msec to finish stored fields
[Test worker] INFO org.apache.solr.update.LoggingInfoStream - [IW][Test worker]: 1 msec to write postings and finish vectors
[Test worker] INFO org.apache.solr.update.LoggingInfoStream - [IW][Test worker]: 0 msec to write fieldInfos
[Test worker] INFO org.apache.solr.update.LoggingInfoStream - [DWPT][Test worker]: new segment has 0 deleted docs
[Test worker] INFO org.apache.solr.update.LoggingInfoStream - [DWPT][Test worker]: new segment has no vectors; norms; docValues; prox; freqs
[Test worker] INFO org.apache.solr.update.LoggingInfoStream - [DWPT][Test worker]: flushedFiles=[_0_Lucene54_0.dvm, _0_Lucene50_0.doc, _0_Lucene50_0.tim, _0_Lucene50_0.pos, _0.nvd, _0.fdx, _0_Lucene54_0.dvd, _0_Lucene50_0.tip, _0.fdt, _0.nvm, _0.fnm]
[Test worker] INFO org.apache.solr.update.LoggingInfoStream - [DWPT][Test worker]: flushed codec=Lucene54
[Test worker] INFO org.apache.solr.update.LoggingInfoStream - [DWPT][Test worker]: flushed: segment=_0 ramUsed=0.379 MB newFlushedSize=0.006 MB docs/MB=331.566
[Test worker] INFO org.apache.solr.update.LoggingInfoStream - [DW][Test worker]: publishFlushedSegment seg-private updates=null
[Test worker] INFO org.apache.solr.update.LoggingInfoStream - [IW][Test worker]: publishFlushedSegment
[Test worker] INFO org.apache.solr.update.LoggingInfoStream - [BD][Test worker]: push deletes  2 deleted terms (unique count=2) bytesUsed=1072 segmentPrivate?=false delGen=2 packetCount=1 totBytesUsed=1072
[Test worker] INFO org.apache.solr.update.LoggingInfoStream - [IW][Test worker]: publish sets newSegment delGen=3 seg=_0(5.5.1):C2
[Test worker] INFO org.apache.solr.update.LoggingInfoStream - [IFD][Test worker]: now checkpoint "_0(5.5.1):C2" [1 segments ; isCommit = false]
[Test worker] INFO org.apache.solr.update.LoggingInfoStream - [IFD][Test worker]: 0 msec to checkpoint
[Test worker] INFO org.apache.solr.update.LoggingInfoStream - [IW][Test worker]: apply all deletes during flush
[Test worker] INFO org.apache.solr.update.LoggingInfoStream - [IW][Test worker]: now apply all deletes for all segments maxDoc=2
[Test worker] INFO org.apache.solr.update.LoggingInfoStream - [BD][Test worker]: applyDeletes: open segment readers took 0 msec
[Test worker] INFO org.apache.solr.update.LoggingInfoStream - [BD][Test worker]: applyDeletes: infos=[_0(5.5.1):C2] packetCount=1
[Test worker] INFO org.apache.solr.update.LoggingInfoStream - [BD][Test worker]: applyDeletes took 0 msec for 1 segments, 0 newly deleted docs (query deletes), 0 visited terms, allDeleted=null
[Test worker] INFO org.apache.solr.update.LoggingInfoStream - [BD][Test worker]: prune sis=segments_1: _0(5.5.1):C2 minGen=3 packetCount=1
[Test worker] INFO org.apache.solr.update.LoggingInfoStream - [BD][Test worker]: pruneDeletes: prune 1 packets; 0 packets remain
[Test worker] INFO org.apache.solr.update.LoggingInfoStream - [DW][Test worker]: Test worker finishFullFlush success=true
[Test worker] INFO org.apache.solr.update.LoggingInfoStream - [TMP][Test worker]: findMerges: 1 segments
[Test worker] INFO org.apache.solr.update.LoggingInfoStream - [TMP][Test worker]:   seg=_0(5.5.1):C2 size=0.006 MB [floored]
[Test worker] INFO org.apache.solr.update.LoggingInfoStream - [TMP][Test worker]:   allowedSegmentCount=1 vs count=1 (eligible count=1) tooBigCount=0
[Test worker] INFO org.apache.solr.update.LoggingInfoStream - [MS][Test worker]: initDynamicDefaults spins=false maxThreadCount=2 maxMergeCount=7
[Test worker] INFO org.apache.solr.update.LoggingInfoStream - [MS][Test worker]: now merge
[Test worker] INFO org.apache.solr.update.LoggingInfoStream - [MS][Test worker]:   index: _0(5.5.1):C2
[Test worker] INFO org.apache.solr.update.LoggingInfoStream - [MS][Test worker]:   no more merges pending; now return
[Test worker] INFO org.apache.solr.update.LoggingInfoStream - [IW][Test worker]: startCommit(): start
[Test worker] INFO org.apache.solr.update.LoggingInfoStream - [IW][Test worker]: startCommit index=_0(5.5.1):C2 changeCount=4
[Test worker] INFO org.apache.solr.update.LoggingInfoStream - [IW][Test worker]: startCommit: wrote pending segments file "pending_segments_2"
[Test worker] INFO org.apache.solr.update.LoggingInfoStream - [IW][Test worker]: done all syncs: [_0.si, _0_Lucene50_0.doc, _0_Lucene50_0.tim, _0_Lucene54_0.dvm, _0_Lucene50_0.pos, _0.nvd, _0.fdx, _0_Lucene54_0.dvd, _0_Lucene50_0.tip, _0.fdt, _0.nvm, _0.fnm]
[Test worker] INFO org.apache.solr.update.LoggingInfoStream - [IW][Test worker]: commit: pendingCommit != null
[Test worker] INFO org.apache.solr.update.LoggingInfoStream - [IW][Test worker]: commit: done writing segments file "segments_2"
[Test worker] INFO org.apache.solr.update.LoggingInfoStream - [IFD][Test worker]: now checkpoint "_0(5.5.1):C2" [1 segments ; isCommit = true]
[Test worker] INFO org.apache.solr.core.SolrDeletionPolicy - SolrDeletionPolicy.onCommit: commits: num=2
	commit{dir=NRTCachingDirectory(MMapDirectory@/tmp/solr-home4599716651564563373/core/data/index lockFactory=org.apache.lucene.store.NativeFSLockFactory@2c3d74f6; maxCacheMB=48.0 maxMergeSizeMB=4.0),segFN=segments_1,generation=1}
	commit{dir=NRTCachingDirectory(MMapDirectory@/tmp/solr-home4599716651564563373/core/data/index lockFactory=org.apache.lucene.store.NativeFSLockFactory@2c3d74f6; maxCacheMB=48.0 maxMergeSizeMB=4.0),segFN=segments_2,generation=2}
[Test worker] INFO org.apache.solr.core.SolrDeletionPolicy - newest commit generation = 2
[Test worker] INFO org.apache.solr.update.LoggingInfoStream - [IFD][Test worker]: deleteCommits: now decRef commit "segments_1"
[Test worker] INFO org.apache.solr.update.LoggingInfoStream - [IFD][Test worker]: delete "segments_1"
[Test worker] INFO org.apache.solr.update.LoggingInfoStream - [IFD][Test worker]: 0 msec to checkpoint
[Test worker] INFO org.apache.solr.update.LoggingInfoStream - [IW][Test worker]: commit: took 65.0 msec
[Test worker] INFO org.apache.solr.update.LoggingInfoStream - [IW][Test worker]: commit: done
[Test worker] INFO org.apache.solr.update.LoggingInfoStream - [IW][Test worker]: nrtIsCurrent: infoVersion matches: false; DW changes: false; BD changes: false
[Test worker] INFO org.apache.solr.update.LoggingInfoStream - [IW][Test worker]: flush at getReader
[Test worker] INFO org.apache.solr.update.LoggingInfoStream - [DW][Test worker]: startFullFlush
[Test worker] INFO org.apache.solr.update.LoggingInfoStream - [IW][Test worker]: apply all deletes during flush
[Test worker] INFO org.apache.solr.update.LoggingInfoStream - [IW][Test worker]: now apply all deletes for all segments maxDoc=2
[Test worker] INFO org.apache.solr.update.LoggingInfoStream - [BD][Test worker]: applyDeletes: open segment readers took 0 msec
[Test worker] INFO org.apache.solr.update.LoggingInfoStream - [BD][Test worker]: applyDeletes: no segments; skipping
[Test worker] INFO org.apache.solr.update.LoggingInfoStream - [BD][Test worker]: prune sis=segments_2: _0(5.5.1):C2 minGen=3 packetCount=0
[Test worker] INFO org.apache.solr.update.LoggingInfoStream - [IW][Test worker]: incRefDeleter for NRT reader version=6 segments=_0(5.5.1):C2
[Test worker] INFO org.apache.solr.update.LoggingInfoStream - [IW][Test worker]: return reader version=6 reader=StandardDirectoryReader(segments_2:6:nrt _0(5.5.1):C2)
[Test worker] INFO org.apache.solr.update.LoggingInfoStream - [DW][Test worker]: Test worker finishFullFlush success=true
[Test worker] INFO org.apache.solr.update.LoggingInfoStream - [IW][Test worker]: getReader took 2 msec
[Test worker] INFO org.apache.solr.search.SolrIndexSearcher - Opening Searcher@70d9d126[core] main
[Test worker] INFO org.apache.solr.update.DirectUpdateHandler2 - end_commit_flush
[searcherExecutor-138-thread-1] INFO org.apache.solr.handler.component.SpellCheckComponent - Building spell index for spell checker: default
[searcherExecutor-138-thread-1] INFO org.apache.solr.core.SolrCore - [core] Registered new searcher Searcher@70d9d126[core] main{ExitableDirectoryReader(UninvertingDirectoryReader(Uninverting(_0(5.5.1):C2)))}
[searcherExecutor-138-thread-1] INFO org.apache.solr.update.LoggingInfoStream - [IW][searcherExecutor-138-thread-1]: decRefDeleter for NRT reader version=2 segments=
[Test worker] INFO org.apache.solr.update.processor.LogUpdateProcessorFactory - [core]  webapp=null path=/update params={commit=true&softCommit=false&waitSearcher=true}{commit=} 0 98
[Test worker] INFO org.apache.solr.core.SolrCore.Request - [core]  webapp=null path=/select params={q=hello&fl=*,score&qf=dynamic_single_none_title^1.0&defType=edismax&fq=_type_:asset&fq=((dynamic_multi_facet_long_category:[0+TO+10]+AND+dynamic_single_facet_date_created:[*+TO+2017-08-18T16:41:27.298Z])+AND+dynamic_multi_facet_long_category:[0+TO+10]+AND+dynamic_single_facet_date_created:[*+TO+2017-08-18T16:41:27.298Z]+AND+dynamic_single_facet_date_modified:[*+TO+2017-08-18T16:41:27.299Z])&facet=true&facet.mincount=1&facet.limit=10&facet.query={!tag%3D'cats'+ex%3Ddt+key%3D'new+An+dHot'}%2B_type_:asset+%2Bdynamic_multi_facet_long_category:[0+TO+5]&facet.query={!tag%3D''+ex%3Ddt+key%3D'anotherQuery'}%2B_type_:asset+%2B(dynamic_multi_facet_long_category:[7+TO+10]+AND+dynamic_single_facet_date_created:[2017-08-17T16:41:27.300Z+TO+*])&facet.interval={!key%3Dquality}dynamic_multi_facet_long_category&facet.interval={!key%3Dtime2}dynamic_single_facet_date_modified&facet.interval={!key%3Dtime}dynamic_single_facet_date_created&f.dynamic_multi_facet_long_category.facet.interval.set={!key%3Dlow}[0,2]&f.dynamic_multi_facet_long_category.facet.interval.set={!key%3Dhigh}[3,4]&f.dynamic_single_facet_date_modified.facet.interval.set={!key%3Dearly}[1970-01-01T00:00:00.000Z,1970-01-01T00:00:10.000Z]&f.dynamic_single_facet_date_modified.facet.interval.set={!key%3Dlate}[1970-01-01T00:00:10.000Z,1970-01-01T00:00:20.000Z]&f.dynamic_single_facet_date_created.facet.interval.set={!key%3Dpast_24_hours}[2017-08-17T16:41:27.298Z,2017-08-18T16:41:27.298Z]&f.dynamic_single_facet_date_created.facet.interval.set={!key%3Dpast_week}[2017-08-11T16:41:27.298Z,2017-08-18T16:41:27.298Z]&facet.range={!tag%3D''+ex%3Ddt+key%3D'dates'}dynamic_single_facet_date_created&facet.range={!tag%3D'cats'+ex%3Ddt+key%3D'mod+a'}dynamic_single_facet_date_modified&f.dynamic_single_facet_date_created.facet.range.start=2017-08-17T16:41:27.300Z&f.dynamic_single_facet_date_created.facet.range.end=2017-08-18T16:41:27.300Z&f.dynamic_single_facet_date_created.facet.range.gap=%2B3600000MILLISECOND&f.dynamic_single_facet_date_modified.facet.range.start=2017-08-18T16:41:27.301Z&f.dynamic_single_facet_date_modified.facet.range.end=2017-08-18T16:41:27.301Z&f.dynamic_single_facet_date_modified.facet.range.gap=%2B3600000MILLISECOND&stats=true&stats=true&stats.field={!sum%3Dtrue+count%3Dtrue+mean%3Dtrue+tag%3D''+ex%3Ddt+key%3D'countDate'}dynamic_single_facet_date_created&stats.field={!sum%3Dtrue+count%3Dtrue+mean%3Dtrue+percentiles%3D'9.9,1.0'+tag%3D'cats,catVStitle'+ex%3Ddt+key%3D'avg+Cat'}dynamic_multi_facet_long_category&facet.pivot={!query%3D'catVStitle'+stats%3D'catVStitle'+range%3D'catVStitle'+ex%3Ddt+key%3D'catVStitle'}dynamic_multi_facet_long_category,dynamic_single_facet_string_title&facet.pivot={!query%3D'cats'+stats%3D'cats'+range%3D'cats'+ex%3Ddt+key%3D'cats'}dynamic_multi_facet_long_category,dynamic_single_facet_date_created&facet.field=dynamic_single_facet_date_created&facet.field=dynamic_single_facet_date_modified&facet.field=dynamic_multi_facet_long_category&sort=dynamic_single_sort_date_created+Desc&bf=&start=0&rows=25} hits=2 status=0 QTime=39
[Test worker] INFO org.apache.solr.core.SolrCore.Request - [core]  webapp=null path=/select params={q=hello&fl=*,score&qf=dynamic_single_none_title^1.0&defType=edismax&fq=_type_:asset&fq=((dynamic_multi_facet_long_category:[0+TO+10]+AND+dynamic_single_facet_date_created:[*+TO+2017-08-18T16:41:27.298Z])+AND+dynamic_multi_facet_long_category:[0+TO+10]+AND+dynamic_single_facet_date_created:[*+TO+2017-08-18T16:41:27.298Z]+AND+dynamic_single_facet_date_modified:[*+TO+2017-08-18T16:41:27.299Z])&facet=true&facet.mincount=1&facet.limit=10&facet.query={!tag%3D'cats'+ex%3Ddt+key%3D'new+An+dHot'}%2B_type_:asset+%2Bdynamic_multi_facet_long_category:[0+TO+5]&facet.query={!tag%3D''+ex%3Ddt+key%3D'anotherQuery'}%2B_type_:asset+%2B(dynamic_multi_facet_long_category:[7+TO+10]+AND+dynamic_single_facet_date_created:[2017-08-17T16:41:27.300Z+TO+*])&facet.interval={!key%3Dquality}dynamic_multi_facet_long_category&facet.interval={!key%3Dtime2}dynamic_single_facet_date_modified&facet.interval={!key%3Dtime}dynamic_single_facet_date_created&f.dynamic_multi_facet_long_category.facet.interval.set={!key%3Dlow}[0,2]&f.dynamic_multi_facet_long_category.facet.interval.set={!key%3Dhigh}[3,4]&f.dynamic_single_facet_date_modified.facet.interval.set={!key%3Dearly}[1970-01-01T00:00:00.000Z,1970-01-01T00:00:10.000Z]&f.dynamic_single_facet_date_modified.facet.interval.set={!key%3Dlate}[1970-01-01T00:00:10.000Z,1970-01-01T00:00:20.000Z]&f.dynamic_single_facet_date_created.facet.interval.set={!key%3Dpast_24_hours}[2017-08-17T16:41:27.298Z,2017-08-18T16:41:27.298Z]&f.dynamic_single_facet_date_created.facet.interval.set={!key%3Dpast_week}[2017-08-11T16:41:27.298Z,2017-08-18T16:41:27.298Z]&facet.range={!tag%3D''+ex%3Ddt+key%3D'dates'}dynamic_single_facet_date_created&facet.range={!tag%3D'cats'+ex%3Ddt+key%3D'mod+a'}dynamic_single_facet_date_modified&f.dynamic_single_facet_date_created.facet.range.start=2017-08-17T16:41:27.300Z&f.dynamic_single_facet_date_created.facet.range.end=2017-08-18T16:41:27.300Z&f.dynamic_single_facet_date_created.facet.range.gap=%2B3600000MILLISECOND&f.dynamic_single_facet_date_modified.facet.range.start=2017-08-18T16:41:27.301Z&f.dynamic_single_facet_date_modified.facet.range.end=2017-08-18T16:41:27.301Z&f.dynamic_single_facet_date_modified.facet.range.gap=%2B3600000MILLISECOND&stats=true&stats=true&stats.field={!sum%3Dtrue+count%3Dtrue+mean%3Dtrue+tag%3D''+ex%3Ddt+key%3D'countDate'}dynamic_single_facet_date_created&stats.field={!sum%3Dtrue+count%3Dtrue+mean%3Dtrue+percentiles%3D'9.9,1.0'+tag%3D'cats,catVStitle'+ex%3Ddt+key%3D'avg+Cat'}dynamic_multi_facet_long_category&facet.pivot={!query%3D'catVStitle'+stats%3D'catVStitle'+range%3D'catVStitle'+ex%3Ddt+key%3D'catVStitle'}dynamic_multi_facet_long_category,dynamic_single_facet_string_title&facet.pivot={!query%3D'cats'+stats%3D'cats'+range%3D'cats'+ex%3Ddt+key%3D'cats'}dynamic_multi_facet_long_category,dynamic_single_facet_date_created&facet.field=dynamic_single_facet_date_created&facet.field=dynamic_single_facet_date_modified&facet.field=dynamic_multi_facet_long_category&sort=dynamic_single_sort_date_created+Desc&bf=&start=25&rows=25} hits=2 status=0 QTime=14
[Test worker] INFO org.apache.solr.core.SolrCore.Request - [core]  webapp=null path=/select params={q=hello&fl=*,score&qf=dynamic_single_none_title^1.0&defType=edismax&fq=_type_:asset&fq=((dynamic_multi_facet_long_category:[0+TO+10]+AND+dynamic_single_facet_date_created:[*+TO+2017-08-18T16:41:27.298Z])+AND+dynamic_multi_facet_long_category:[0+TO+10]+AND+dynamic_single_facet_date_created:[*+TO+2017-08-18T16:41:27.298Z]+AND+dynamic_single_facet_date_modified:[*+TO+2017-08-18T16:41:27.299Z])&facet=true&facet.mincount=1&facet.limit=10&facet.query={!tag%3D'cats'+ex%3Ddt+key%3D'new+An+dHot'}%2B_type_:asset+%2Bdynamic_multi_facet_long_category:[0+TO+5]&facet.query={!tag%3D''+ex%3Ddt+key%3D'anotherQuery'}%2B_type_:asset+%2B(dynamic_multi_facet_long_category:[7+TO+10]+AND+dynamic_single_facet_date_created:[2017-08-17T16:41:27.300Z+TO+*])&facet.interval={!key%3Dquality}dynamic_multi_facet_long_category&facet.interval={!key%3Dtime2}dynamic_single_facet_date_modified&facet.interval={!key%3Dtime}dynamic_single_facet_date_created&f.dynamic_multi_facet_long_category.facet.interval.set={!key%3Dlow}[0,2]&f.dynamic_multi_facet_long_category.facet.interval.set={!key%3Dhigh}[3,4]&f.dynamic_single_facet_date_modified.facet.interval.set={!key%3Dearly}[1970-01-01T00:00:00.000Z,1970-01-01T00:00:10.000Z]&f.dynamic_single_facet_date_modified.facet.interval.set={!key%3Dlate}[1970-01-01T00:00:10.000Z,1970-01-01T00:00:20.000Z]&f.dynamic_single_facet_date_created.facet.interval.set={!key%3Dpast_24_hours}[2017-08-17T16:41:27.298Z,2017-08-18T16:41:27.298Z]&f.dynamic_single_facet_date_created.facet.interval.set={!key%3Dpast_week}[2017-08-11T16:41:27.298Z,2017-08-18T16:41:27.298Z]&facet.range={!tag%3D''+ex%3Ddt+key%3D'dates'}dynamic_single_facet_date_created&facet.range={!tag%3D'cats'+ex%3Ddt+key%3D'mod+a'}dynamic_single_facet_date_modified&f.dynamic_single_facet_date_created.facet.range.start=2017-08-17T16:41:27.300Z&f.dynamic_single_facet_date_created.facet.range.end=2017-08-18T16:41:27.300Z&f.dynamic_single_facet_date_created.facet.range.gap=%2B3600000MILLISECOND&f.dynamic_single_facet_date_modified.facet.range.start=2017-08-18T16:41:27.301Z&f.dynamic_single_facet_date_modified.facet.range.end=2017-08-18T16:41:27.301Z&f.dynamic_single_facet_date_modified.facet.range.gap=%2B3600000MILLISECOND&stats=true&stats=true&stats.field={!sum%3Dtrue+count%3Dtrue+mean%3Dtrue+tag%3D''+ex%3Ddt+key%3D'countDate'}dynamic_single_facet_date_created&stats.field={!sum%3Dtrue+count%3Dtrue+mean%3Dtrue+percentiles%3D'9.9,1.0'+tag%3D'cats,catVStitle'+ex%3Ddt+key%3D'avg+Cat'}dynamic_multi_facet_long_category&facet.pivot={!query%3D'catVStitle'+stats%3D'catVStitle'+range%3D'catVStitle'+ex%3Ddt+key%3D'catVStitle'}dynamic_multi_facet_long_category,dynamic_single_facet_string_title&facet.pivot={!query%3D'cats'+stats%3D'cats'+range%3D'cats'+ex%3Ddt+key%3D'cats'}dynamic_multi_facet_long_category,dynamic_single_facet_date_created&facet.field=dynamic_single_facet_date_created&facet.field=dynamic_single_facet_date_modified&facet.field=dynamic_multi_facet_long_category&sort=dynamic_single_sort_date_created+Desc&bf=&start=0&rows=25} hits=2 status=0 QTime=12
[Test worker] INFO org.apache.solr.core.CoreContainer - Shutting down CoreContainer instance=690957127
[coreCloseExecutor-143-thread-1] INFO org.apache.solr.core.SolrCore - [core]  CLOSING SolrCore org.apache.solr.core.SolrCore@4df51511
[coreCloseExecutor-143-thread-1] INFO org.apache.solr.update.DirectUpdateHandler2 - closing DirectUpdateHandler2{commits=1,autocommit maxTime=15000ms,autocommits=0,soft autocommits=0,optimizes=0,rollbacks=0,expungeDeletes=0,docsPending=0,adds=0,deletesById=0,deletesByQuery=0,errors=0,cumulative_adds=2,cumulative_deletesById=0,cumulative_deletesByQuery=0,cumulative_errors=0,transaction_logs_total_size=1020,transaction_logs_total_number=1}
[coreCloseExecutor-143-thread-1] INFO org.apache.solr.update.SolrCoreState - Closing SolrCoreState
[coreCloseExecutor-143-thread-1] INFO org.apache.solr.update.DefaultSolrCoreState - SolrCoreState ref count has reached 0 - closing IndexWriter
[coreCloseExecutor-143-thread-1] INFO org.apache.solr.update.DefaultSolrCoreState - closing IndexWriter with IndexWriterCloser
[coreCloseExecutor-143-thread-1] INFO org.apache.solr.update.LoggingInfoStream - [IW][coreCloseExecutor-143-thread-1]: now flush at close
[coreCloseExecutor-143-thread-1] INFO org.apache.solr.update.LoggingInfoStream - [IW][coreCloseExecutor-143-thread-1]:   start flush: applyAllDeletes=true
[coreCloseExecutor-143-thread-1] INFO org.apache.solr.update.LoggingInfoStream - [IW][coreCloseExecutor-143-thread-1]:   index before flush _0(5.5.1):C2
[coreCloseExecutor-143-thread-1] INFO org.apache.solr.update.LoggingInfoStream - [DW][coreCloseExecutor-143-thread-1]: startFullFlush
[coreCloseExecutor-143-thread-1] INFO org.apache.solr.update.LoggingInfoStream - [DW][coreCloseExecutor-143-thread-1]: coreCloseExecutor-143-thread-1 finishFullFlush success=true
[coreCloseExecutor-143-thread-1] INFO org.apache.solr.update.LoggingInfoStream - [IW][coreCloseExecutor-143-thread-1]: apply all deletes during flush
[coreCloseExecutor-143-thread-1] INFO org.apache.solr.update.LoggingInfoStream - [IW][coreCloseExecutor-143-thread-1]: now apply all deletes for all segments maxDoc=2
[coreCloseExecutor-143-thread-1] INFO org.apache.solr.update.LoggingInfoStream - [BD][coreCloseExecutor-143-thread-1]: applyDeletes: open segment readers took 0 msec
[coreCloseExecutor-143-thread-1] INFO org.apache.solr.update.LoggingInfoStream - [BD][coreCloseExecutor-143-thread-1]: applyDeletes: no segments; skipping
[coreCloseExecutor-143-thread-1] INFO org.apache.solr.update.LoggingInfoStream - [BD][coreCloseExecutor-143-thread-1]: prune sis=segments_2: _0(5.5.1):C2 minGen=3 packetCount=0
[coreCloseExecutor-143-thread-1] INFO org.apache.solr.update.LoggingInfoStream - [MS][coreCloseExecutor-143-thread-1]: updateMergeThreads ioThrottle=true targetMBPerSec=10240.0 MB/sec
[coreCloseExecutor-143-thread-1] INFO org.apache.solr.update.LoggingInfoStream - [MS][coreCloseExecutor-143-thread-1]: now merge
[coreCloseExecutor-143-thread-1] INFO org.apache.solr.update.LoggingInfoStream - [MS][coreCloseExecutor-143-thread-1]:   index: _0(5.5.1):C2
[coreCloseExecutor-143-thread-1] INFO org.apache.solr.update.LoggingInfoStream - [MS][coreCloseExecutor-143-thread-1]:   no more merges pending; now return
[coreCloseExecutor-143-thread-1] INFO org.apache.solr.update.LoggingInfoStream - [IW][coreCloseExecutor-143-thread-1]: waitForMerges
[coreCloseExecutor-143-thread-1] INFO org.apache.solr.update.LoggingInfoStream - [IW][coreCloseExecutor-143-thread-1]: waitForMerges done
[coreCloseExecutor-143-thread-1] INFO org.apache.solr.update.LoggingInfoStream - [IW][coreCloseExecutor-143-thread-1]: commit: start
[coreCloseExecutor-143-thread-1] INFO org.apache.solr.update.LoggingInfoStream - [IW][coreCloseExecutor-143-thread-1]: commit: enter lock
[coreCloseExecutor-143-thread-1] INFO org.apache.solr.update.LoggingInfoStream - [IW][coreCloseExecutor-143-thread-1]: commit: now prepare
[coreCloseExecutor-143-thread-1] INFO org.apache.solr.update.LoggingInfoStream - [IW][coreCloseExecutor-143-thread-1]: prepareCommit: flush
[coreCloseExecutor-143-thread-1] INFO org.apache.solr.update.LoggingInfoStream - [IW][coreCloseExecutor-143-thread-1]:   index before flush _0(5.5.1):C2
[coreCloseExecutor-143-thread-1] INFO org.apache.solr.update.LoggingInfoStream - [DW][coreCloseExecutor-143-thread-1]: startFullFlush
[coreCloseExecutor-143-thread-1] INFO org.apache.solr.update.LoggingInfoStream - [IW][coreCloseExecutor-143-thread-1]: apply all deletes during flush
[coreCloseExecutor-143-thread-1] INFO org.apache.solr.update.LoggingInfoStream - [IW][coreCloseExecutor-143-thread-1]: now apply all deletes for all segments maxDoc=2
[coreCloseExecutor-143-thread-1] INFO org.apache.solr.update.LoggingInfoStream - [BD][coreCloseExecutor-143-thread-1]: applyDeletes: open segment readers took 0 msec
[coreCloseExecutor-143-thread-1] INFO org.apache.solr.update.LoggingInfoStream - [BD][coreCloseExecutor-143-thread-1]: applyDeletes: no segments; skipping
[coreCloseExecutor-143-thread-1] INFO org.apache.solr.update.LoggingInfoStream - [BD][coreCloseExecutor-143-thread-1]: prune sis=segments_2: _0(5.5.1):C2 minGen=3 packetCount=0
[coreCloseExecutor-143-thread-1] INFO org.apache.solr.update.LoggingInfoStream - [DW][coreCloseExecutor-143-thread-1]: coreCloseExecutor-143-thread-1 finishFullFlush success=true
[coreCloseExecutor-143-thread-1] INFO org.apache.solr.update.LoggingInfoStream - [IW][coreCloseExecutor-143-thread-1]: startCommit(): start
[coreCloseExecutor-143-thread-1] INFO org.apache.solr.update.LoggingInfoStream - [IW][coreCloseExecutor-143-thread-1]:   skip startCommit(): no changes pending
[coreCloseExecutor-143-thread-1] INFO org.apache.solr.update.LoggingInfoStream - [IW][coreCloseExecutor-143-thread-1]: commit: pendingCommit == null; skip
[coreCloseExecutor-143-thread-1] INFO org.apache.solr.update.LoggingInfoStream - [IW][coreCloseExecutor-143-thread-1]: commit: took 0.4 msec
[coreCloseExecutor-143-thread-1] INFO org.apache.solr.update.LoggingInfoStream - [IW][coreCloseExecutor-143-thread-1]: commit: done
[coreCloseExecutor-143-thread-1] INFO org.apache.solr.update.LoggingInfoStream - [IW][coreCloseExecutor-143-thread-1]: rollback
[coreCloseExecutor-143-thread-1] INFO org.apache.solr.update.LoggingInfoStream - [IW][coreCloseExecutor-143-thread-1]: all running merges have aborted
[coreCloseExecutor-143-thread-1] INFO org.apache.solr.update.LoggingInfoStream - [IW][coreCloseExecutor-143-thread-1]: rollback: done finish merges
[coreCloseExecutor-143-thread-1] INFO org.apache.solr.update.LoggingInfoStream - [DW][coreCloseExecutor-143-thread-1]: abort
[coreCloseExecutor-143-thread-1] INFO org.apache.solr.update.LoggingInfoStream - [DW][coreCloseExecutor-143-thread-1]: done abort success=true
[coreCloseExecutor-143-thread-1] INFO org.apache.solr.update.LoggingInfoStream - [IW][coreCloseExecutor-143-thread-1]: rollback: infos=_0(5.5.1):C2
[coreCloseExecutor-143-thread-1] INFO org.apache.solr.update.LoggingInfoStream - [IFD][coreCloseExecutor-143-thread-1]: now checkpoint "_0(5.5.1):C2" [1 segments ; isCommit = false]
[coreCloseExecutor-143-thread-1] INFO org.apache.solr.update.LoggingInfoStream - [IFD][coreCloseExecutor-143-thread-1]: 0 msec to checkpoint
[coreCloseExecutor-143-thread-1] INFO org.apache.solr.core.SolrCore - [core] Closing main searcher on request.
[coreCloseExecutor-143-thread-1] INFO org.apache.solr.core.CachingDirectoryFactory - Closing NRTCachingDirectoryFactory - 2 directories currently being tracked
[coreCloseExecutor-143-thread-1] INFO org.apache.solr.core.CachingDirectoryFactory - looking to close /tmp/solr-home4599716651564563373/core/data [CachedDir<<refCount=0;path=/tmp/solr-home4599716651564563373/core/data;done=false>>]
[coreCloseExecutor-143-thread-1] INFO org.apache.solr.core.CachingDirectoryFactory - Closing directory: /tmp/solr-home4599716651564563373/core/data
[coreCloseExecutor-143-thread-1] INFO org.apache.solr.core.CachingDirectoryFactory - looking to close /tmp/solr-home4599716651564563373/core/data/index [CachedDir<<refCount=0;path=/tmp/solr-home4599716651564563373/core/data/index;done=false>>]
[coreCloseExecutor-143-thread-1] INFO org.apache.solr.core.CachingDirectoryFactory - Closing directory: /tmp/solr-home4599716651564563373/core/data/index
[Test worker] INFO com.rbmhtechnology.vind.solr.SolrSearchServer - No server provider of type class com.rbmhtechnology.vind.solr.EmbeddedSolrServerProvider found in classpath for server com.rbmhtechnology.vind.solr.SolrSearchServer
[Test worker] INFO com.rbmhtechnology.vind.solr.SolrSearchServer - No server provider of type class com.rbmhtechnology.vind.solr.EmbeddedSolrServerProvider found in classpath for server com.rbmhtechnology.vind.solr.SolrSearchServer
[Test worker] INFO org.apache.solr.core.SolrResourceLoader - new SolrResourceLoader for directory: '/tmp/solr-home2594518890104179358'
[Test worker] INFO org.apache.solr.core.SolrResourceLoader - JNDI not configured for solr (NoInitialContextEx)
[Test worker] INFO org.apache.solr.core.SolrResourceLoader - solr home defaulted to 'solr/' (could not find system property or JNDI)
[Test worker] INFO org.apache.solr.core.SolrXmlConfig - Loading container configuration from /tmp/solr-home2594518890104179358/solr.xml
[Test worker] INFO org.apache.solr.core.CorePropertiesLocator - Config-defined core root directory: /tmp/solr-home2594518890104179358
[Test worker] INFO org.apache.solr.core.CoreContainer - New CoreContainer 1753155460
[Test worker] INFO org.apache.solr.core.CoreContainer - Loading cores into CoreContainer [instanceDir=/tmp/solr-home2594518890104179358]
[Test worker] WARN org.apache.solr.core.CoreContainer - Couldn't add files from /tmp/solr-home2594518890104179358/lib to classpath: /tmp/solr-home2594518890104179358/lib
[Test worker] INFO org.apache.solr.handler.component.HttpShardHandlerFactory - created with socketTimeout : 120000,connTimeout : 15000,maxConnectionsPerHost : 20,maxConnections : 10000,corePoolSize : 0,maximumPoolSize : 2147483647,maxThreadIdleTime : 5,sizeOfQueue : -1,fairnessPolicy : false,useRetries : false,
[Test worker] INFO org.apache.solr.update.UpdateShardHandler - Creating UpdateShardHandler HTTP client with params: socketTimeout=600000&connTimeout=60000&retry=true
[Test worker] INFO org.apache.solr.logging.LogWatcher - SLF4J impl is org.slf4j.impl.SimpleLoggerFactory
[Test worker] INFO org.apache.solr.logging.LogWatcher - No LogWatcher configured
[Test worker] INFO org.apache.solr.core.CoreContainer - Security conf doesn't exist. Skipping setup for authorization module.
[Test worker] INFO org.apache.solr.core.CoreContainer - No authentication plugin used.
[Test worker] INFO org.apache.solr.core.CorePropertiesLocator - Looking for core definitions underneath /tmp/solr-home2594518890104179358
[Test worker] INFO org.apache.solr.core.CoreDescriptor - Created CoreDescriptor: {runtimeLib=false, name=core, config=solrconfig.xml, loadOnStartup=true, schema=schema.xml, configSetProperties=configsetprops.json, transient=false, dataDir=data/}
[Test worker] INFO org.apache.solr.core.CorePropertiesLocator - Found core core in /tmp/solr-home2594518890104179358/core
[Test worker] INFO org.apache.solr.core.CorePropertiesLocator - Found 1 core definitions
[coreLoadExecutor-150-thread-1] INFO org.apache.solr.core.SolrResourceLoader - new SolrResourceLoader for directory: '/tmp/solr-home2594518890104179358/core'
[coreLoadExecutor-150-thread-1] INFO org.apache.solr.core.SolrResourceLoader - JNDI not configured for solr (NoInitialContextEx)
[coreLoadExecutor-150-thread-1] INFO org.apache.solr.core.SolrResourceLoader - solr home defaulted to 'solr/' (could not find system property or JNDI)
[coreLoadExecutor-150-thread-1] INFO org.apache.solr.core.SolrResourceLoader - Adding 'file:/tmp/solr-home2594518890104179358/core/lib/marker-search-handler-0.3.0.jar' to classloader
[coreLoadExecutor-150-thread-1] INFO org.apache.solr.core.SolrResourceLoader - Adding 'file:/tmp/solr-home2594518890104179358/core/lib/suggestion-request-handler-2.1.0.jar' to classloader
[coreLoadExecutor-150-thread-1] INFO org.apache.solr.core.SolrConfig - current version of requestparams : -1
[coreLoadExecutor-150-thread-1] INFO org.apache.solr.update.SolrIndexConfig - IndexWriter infoStream solr logging is enabled
[coreLoadExecutor-150-thread-1] INFO org.apache.solr.core.SolrConfig - Using Lucene MatchVersion: 5.5.0
[coreLoadExecutor-150-thread-1] INFO org.apache.solr.core.SolrConfig - Loaded SolrConfig: solrconfig.xml
[coreLoadExecutor-150-thread-1] INFO org.apache.solr.schema.ManagedIndexSchemaFactory - The schema is configured as managed, but managed schema resource managed-schema not found - loading non-managed schema schema.xml instead
[coreLoadExecutor-150-thread-1] INFO org.apache.solr.schema.IndexSchema - [core] Schema name=basic search lib core
[coreLoadExecutor-150-thread-1] INFO org.apache.solr.schema.IndexSchema - unique key field: _id_
[coreLoadExecutor-150-thread-1] INFO org.apache.solr.schema.ManagedIndexSchema - Upgraded to managed schema at /tmp/solr-home2594518890104179358/core/conf/managed-schema
[coreLoadExecutor-150-thread-1] INFO org.apache.solr.schema.ManagedIndexSchemaFactory - After upgrading to managed schema, renamed the non-managed schema /tmp/solr-home2594518890104179358/core/conf/schema.xml to /tmp/solr-home2594518890104179358/core/conf/schema.xml.bak
[coreLoadExecutor-150-thread-1] INFO org.apache.solr.core.ConfigSetProperties - Did not find ConfigSet properties, assuming default properties: Can't find resource 'configsetprops.json' in classpath or '/tmp/solr-home2594518890104179358/core'
[coreLoadExecutor-150-thread-1] INFO org.apache.solr.core.CoreContainer - Creating SolrCore 'core' using configuration from instancedir /tmp/solr-home2594518890104179358/core
[coreLoadExecutor-150-thread-1] INFO org.apache.solr.core.SolrCore - solr.NRTCachingDirectoryFactory
[coreLoadExecutor-150-thread-1] INFO org.apache.solr.core.SolrCore - [[core] ] Opening new SolrCore at [/tmp/solr-home2594518890104179358/core], dataDir=[/tmp/solr-home2594518890104179358/core/data/]
[coreLoadExecutor-150-thread-1] INFO org.apache.solr.core.JmxMonitoredMap - No JMX servers found, not exposing Solr information with JMX.
[coreLoadExecutor-150-thread-1] INFO org.apache.solr.core.SchemaCodecFactory - Using default compressionMode: BEST_SPEED
[coreLoadExecutor-150-thread-1] INFO org.apache.solr.core.CachingDirectoryFactory - return new directory for /tmp/solr-home2594518890104179358/core/data
[coreLoadExecutor-150-thread-1] INFO org.apache.solr.core.SolrCore - New index directory detected: old=null new=/tmp/solr-home2594518890104179358/core/data/index/
[coreLoadExecutor-150-thread-1] WARN org.apache.solr.core.SolrCore - [core] Solr index directory '/tmp/solr-home2594518890104179358/core/data/index' doesn't exist. Creating new index...
[coreLoadExecutor-150-thread-1] INFO org.apache.solr.core.CachingDirectoryFactory - return new directory for /tmp/solr-home2594518890104179358/core/data/index
[coreLoadExecutor-150-thread-1] INFO org.apache.solr.update.LoggingInfoStream - [IFD][coreLoadExecutor-150-thread-1]: init: current segments file is "segments"; deletionPolicy=org.apache.solr.core.IndexDeletionPolicyWrapper@62bce497
[coreLoadExecutor-150-thread-1] INFO org.apache.solr.update.LoggingInfoStream - [IFD][coreLoadExecutor-150-thread-1]: now checkpoint "" [0 segments ; isCommit = false]
[coreLoadExecutor-150-thread-1] INFO org.apache.solr.update.LoggingInfoStream - [IFD][coreLoadExecutor-150-thread-1]: 0 msec to checkpoint
[coreLoadExecutor-150-thread-1] INFO org.apache.solr.update.LoggingInfoStream - [IW][coreLoadExecutor-150-thread-1]: init: create=true
[coreLoadExecutor-150-thread-1] INFO org.apache.solr.update.LoggingInfoStream - [IW][coreLoadExecutor-150-thread-1]: 
dir=NRTCachingDirectory(MMapDirectory@/tmp/solr-home2594518890104179358/core/data/index lockFactory=org.apache.lucene.store.NativeFSLockFactory@2c3d74f6; maxCacheMB=48.0 maxMergeSizeMB=4.0)
index=
version=5.5.1
analyzer=org.apache.solr.update.SolrIndexConfig$DelayedSchemaAnalyzer
ramBufferSizeMB=100.0
maxBufferedDocs=-1
maxBufferedDeleteTerms=-1
mergedSegmentWarmer=null
delPolicy=org.apache.solr.core.IndexDeletionPolicyWrapper
commit=null
openMode=CREATE
similarity=org.apache.lucene.search.similarities.ClassicSimilarity
mergeScheduler=ConcurrentMergeScheduler: maxThreadCount=-1, maxMergeCount=-1, ioThrottle=true
default WRITE_LOCK_TIMEOUT=0
writeLockTimeout=0
codec=Lucene54
infoStream=org.apache.solr.update.LoggingInfoStream
mergePolicy=[TieredMergePolicy: maxMergeAtOnce=10, maxMergeAtOnceExplicit=30, maxMergedSegmentMB=5120.0, floorSegmentMB=2.0, forceMergeDeletesPctAllowed=10.0, segmentsPerTier=10.0, maxCFSSegmentSizeMB=8.796093022207999E12, noCFSRatio=0.1
indexerThreadPool=org.apache.lucene.index.DocumentsWriterPerThreadPool@15015521
readerPooling=false
perThreadHardLimitMB=1945
useCompoundFile=false
commitOnClose=true
writer=org.apache.solr.update.SolrIndexWriter@13b114b

[coreLoadExecutor-150-thread-1] INFO org.apache.solr.update.LoggingInfoStream - [IW][coreLoadExecutor-150-thread-1]: MMapDirectory.UNMAP_SUPPORTED=true
[coreLoadExecutor-150-thread-1] INFO org.apache.solr.update.LoggingInfoStream - [IW][coreLoadExecutor-150-thread-1]: now flush at close
[coreLoadExecutor-150-thread-1] INFO org.apache.solr.update.LoggingInfoStream - [IW][coreLoadExecutor-150-thread-1]:   start flush: applyAllDeletes=true
[coreLoadExecutor-150-thread-1] INFO org.apache.solr.update.LoggingInfoStream - [IW][coreLoadExecutor-150-thread-1]:   index before flush 
[coreLoadExecutor-150-thread-1] INFO org.apache.solr.update.LoggingInfoStream - [DW][coreLoadExecutor-150-thread-1]: startFullFlush
[coreLoadExecutor-150-thread-1] INFO org.apache.solr.update.LoggingInfoStream - [DW][coreLoadExecutor-150-thread-1]: coreLoadExecutor-150-thread-1 finishFullFlush success=true
[coreLoadExecutor-150-thread-1] INFO org.apache.solr.update.LoggingInfoStream - [IW][coreLoadExecutor-150-thread-1]: apply all deletes during flush
[coreLoadExecutor-150-thread-1] INFO org.apache.solr.update.LoggingInfoStream - [IW][coreLoadExecutor-150-thread-1]: now apply all deletes for all segments maxDoc=0
[coreLoadExecutor-150-thread-1] INFO org.apache.solr.update.LoggingInfoStream - [BD][coreLoadExecutor-150-thread-1]: prune sis=segments:  minGen=9223372036854775807 packetCount=0
[coreLoadExecutor-150-thread-1] INFO org.apache.solr.update.LoggingInfoStream - [MS][coreLoadExecutor-150-thread-1]: initDynamicDefaults spins=false maxThreadCount=2 maxMergeCount=7
[coreLoadExecutor-150-thread-1] INFO org.apache.solr.update.LoggingInfoStream - [MS][coreLoadExecutor-150-thread-1]: updateMergeThreads ioThrottle=true targetMBPerSec=10240.0 MB/sec
[coreLoadExecutor-150-thread-1] INFO org.apache.solr.update.LoggingInfoStream - [MS][coreLoadExecutor-150-thread-1]: now merge
[coreLoadExecutor-150-thread-1] INFO org.apache.solr.update.LoggingInfoStream - [MS][coreLoadExecutor-150-thread-1]:   index: 
[coreLoadExecutor-150-thread-1] INFO org.apache.solr.update.LoggingInfoStream - [MS][coreLoadExecutor-150-thread-1]:   no more merges pending; now return
[coreLoadExecutor-150-thread-1] INFO org.apache.solr.update.LoggingInfoStream - [IW][coreLoadExecutor-150-thread-1]: waitForMerges
[coreLoadExecutor-150-thread-1] INFO org.apache.solr.update.LoggingInfoStream - [IW][coreLoadExecutor-150-thread-1]: waitForMerges done
[coreLoadExecutor-150-thread-1] INFO org.apache.solr.update.LoggingInfoStream - [IW][coreLoadExecutor-150-thread-1]: commit: start
[coreLoadExecutor-150-thread-1] INFO org.apache.solr.update.LoggingInfoStream - [IW][coreLoadExecutor-150-thread-1]: commit: enter lock
[coreLoadExecutor-150-thread-1] INFO org.apache.solr.update.LoggingInfoStream - [IW][coreLoadExecutor-150-thread-1]: commit: now prepare
[coreLoadExecutor-150-thread-1] INFO org.apache.solr.update.LoggingInfoStream - [IW][coreLoadExecutor-150-thread-1]: prepareCommit: flush
[coreLoadExecutor-150-thread-1] INFO org.apache.solr.update.LoggingInfoStream - [IW][coreLoadExecutor-150-thread-1]:   index before flush 
[coreLoadExecutor-150-thread-1] INFO org.apache.solr.update.LoggingInfoStream - [DW][coreLoadExecutor-150-thread-1]: startFullFlush
[coreLoadExecutor-150-thread-1] INFO org.apache.solr.update.LoggingInfoStream - [IW][coreLoadExecutor-150-thread-1]: apply all deletes during flush
[coreLoadExecutor-150-thread-1] INFO org.apache.solr.update.LoggingInfoStream - [IW][coreLoadExecutor-150-thread-1]: now apply all deletes for all segments maxDoc=0
[coreLoadExecutor-150-thread-1] INFO org.apache.solr.update.LoggingInfoStream - [BD][coreLoadExecutor-150-thread-1]: prune sis=segments:  minGen=9223372036854775807 packetCount=0
[coreLoadExecutor-150-thread-1] INFO org.apache.solr.update.LoggingInfoStream - [DW][coreLoadExecutor-150-thread-1]: coreLoadExecutor-150-thread-1 finishFullFlush success=true
[coreLoadExecutor-150-thread-1] INFO org.apache.solr.update.LoggingInfoStream - [IW][coreLoadExecutor-150-thread-1]: startCommit(): start
[coreLoadExecutor-150-thread-1] INFO org.apache.solr.update.LoggingInfoStream - [IW][coreLoadExecutor-150-thread-1]: startCommit index= changeCount=2
[coreLoadExecutor-150-thread-1] INFO org.apache.solr.update.LoggingInfoStream - [IW][coreLoadExecutor-150-thread-1]: startCommit: wrote pending segments file "pending_segments_1"
[coreLoadExecutor-150-thread-1] INFO org.apache.solr.update.LoggingInfoStream - [IW][coreLoadExecutor-150-thread-1]: done all syncs: []
[coreLoadExecutor-150-thread-1] INFO org.apache.solr.update.LoggingInfoStream - [IW][coreLoadExecutor-150-thread-1]: commit: pendingCommit != null
[coreLoadExecutor-150-thread-1] INFO org.apache.solr.update.LoggingInfoStream - [IW][coreLoadExecutor-150-thread-1]: commit: done writing segments file "segments_1"
[coreLoadExecutor-150-thread-1] INFO org.apache.solr.update.LoggingInfoStream - [IFD][coreLoadExecutor-150-thread-1]: now checkpoint "" [0 segments ; isCommit = true]
[coreLoadExecutor-150-thread-1] INFO org.apache.solr.core.SolrDeletionPolicy - SolrDeletionPolicy.onCommit: commits: num=1
	commit{dir=NRTCachingDirectory(MMapDirectory@/tmp/solr-home2594518890104179358/core/data/index lockFactory=org.apache.lucene.store.NativeFSLockFactory@2c3d74f6; maxCacheMB=48.0 maxMergeSizeMB=4.0),segFN=segments_1,generation=1}
[coreLoadExecutor-150-thread-1] INFO org.apache.solr.core.SolrDeletionPolicy - newest commit generation = 1
[coreLoadExecutor-150-thread-1] INFO org.apache.solr.update.LoggingInfoStream - [IFD][coreLoadExecutor-150-thread-1]: 0 msec to checkpoint
[coreLoadExecutor-150-thread-1] INFO org.apache.solr.update.LoggingInfoStream - [IW][coreLoadExecutor-150-thread-1]: commit: took 10.2 msec
[coreLoadExecutor-150-thread-1] INFO org.apache.solr.update.LoggingInfoStream - [IW][coreLoadExecutor-150-thread-1]: commit: done
[coreLoadExecutor-150-thread-1] INFO org.apache.solr.update.LoggingInfoStream - [IW][coreLoadExecutor-150-thread-1]: rollback
[coreLoadExecutor-150-thread-1] INFO org.apache.solr.update.LoggingInfoStream - [IW][coreLoadExecutor-150-thread-1]: all running merges have aborted
[coreLoadExecutor-150-thread-1] INFO org.apache.solr.update.LoggingInfoStream - [IW][coreLoadExecutor-150-thread-1]: rollback: done finish merges
[coreLoadExecutor-150-thread-1] INFO org.apache.solr.update.LoggingInfoStream - [DW][coreLoadExecutor-150-thread-1]: abort
[coreLoadExecutor-150-thread-1] INFO org.apache.solr.update.LoggingInfoStream - [DW][coreLoadExecutor-150-thread-1]: done abort success=true
[coreLoadExecutor-150-thread-1] INFO org.apache.solr.update.LoggingInfoStream - [IW][coreLoadExecutor-150-thread-1]: rollback: infos=
[coreLoadExecutor-150-thread-1] INFO org.apache.solr.update.LoggingInfoStream - [IFD][coreLoadExecutor-150-thread-1]: now checkpoint "" [0 segments ; isCommit = false]
[coreLoadExecutor-150-thread-1] INFO org.apache.solr.update.LoggingInfoStream - [IFD][coreLoadExecutor-150-thread-1]: 0 msec to checkpoint
[OldIndexDirectoryCleanupThreadForCore-core] INFO org.apache.solr.core.SolrCore - Looking for old index directories to cleanup for core core in /tmp/solr-home2594518890104179358/core/data/
[coreLoadExecutor-150-thread-1] INFO org.apache.solr.core.SolrCore - no updateRequestProcessorChain defined as default, creating implicit default
[coreLoadExecutor-150-thread-1] INFO org.apache.solr.handler.loader.XMLLoader - xsltCacheLifetimeSeconds=60
[coreLoadExecutor-150-thread-1] INFO org.apache.solr.handler.loader.XMLLoader - xsltCacheLifetimeSeconds=60
[coreLoadExecutor-150-thread-1] INFO org.apache.solr.handler.loader.XMLLoader - xsltCacheLifetimeSeconds=60
[coreLoadExecutor-150-thread-1] INFO org.apache.solr.handler.loader.XMLLoader - xsltCacheLifetimeSeconds=60
[coreLoadExecutor-150-thread-1] INFO org.apache.solr.core.RequestHandlers - Registered paths: /admin/mbeans,,/update/csv,/update/json/docs,/admin/luke,/select,/suggester,/admin/segments,/get,/admin/system,/replication,/admin/properties,/config,/schema,/admin/plugins,/admin/logging,/update/json,/admin/threads,/admin/ping,/update,/admin/file
[coreLoadExecutor-150-thread-1] INFO org.apache.solr.core.SolrCore - Using default statsCache cache: org.apache.solr.search.stats.LocalStatsCache
[coreLoadExecutor-150-thread-1] INFO org.apache.solr.update.UpdateHandler - Using UpdateLog implementation: org.apache.solr.update.UpdateLog
[coreLoadExecutor-150-thread-1] INFO org.apache.solr.update.UpdateLog - Initializing UpdateLog: dataDir= defaultSyncLevel=FLUSH numRecordsToKeep=100 maxNumLogsToKeep=10 numVersionBuckets=65536
[coreLoadExecutor-150-thread-1] INFO org.apache.solr.update.CommitTracker - Hard AutoCommit: if uncommited for 15000ms; 
[coreLoadExecutor-150-thread-1] INFO org.apache.solr.update.CommitTracker - Soft AutoCommit: disabled
[coreLoadExecutor-150-thread-1] INFO org.apache.solr.update.LoggingInfoStream - [IFD][coreLoadExecutor-150-thread-1]: init: current segments file is "segments_1"; deletionPolicy=org.apache.solr.core.IndexDeletionPolicyWrapper@62bce497
[coreLoadExecutor-150-thread-1] INFO org.apache.solr.update.LoggingInfoStream - [IFD][coreLoadExecutor-150-thread-1]: init: load commit "segments_1"
[coreLoadExecutor-150-thread-1] INFO org.apache.solr.core.SolrDeletionPolicy - SolrDeletionPolicy.onInit: commits: num=1
	commit{dir=NRTCachingDirectory(MMapDirectory@/tmp/solr-home2594518890104179358/core/data/index lockFactory=org.apache.lucene.store.NativeFSLockFactory@2c3d74f6; maxCacheMB=48.0 maxMergeSizeMB=4.0),segFN=segments_1,generation=1}
[coreLoadExecutor-150-thread-1] INFO org.apache.solr.core.SolrDeletionPolicy - newest commit generation = 1
[coreLoadExecutor-150-thread-1] INFO org.apache.solr.update.LoggingInfoStream - [IFD][coreLoadExecutor-150-thread-1]: now checkpoint "" [0 segments ; isCommit = false]
[coreLoadExecutor-150-thread-1] INFO org.apache.solr.update.LoggingInfoStream - [IFD][coreLoadExecutor-150-thread-1]: 0 msec to checkpoint
[coreLoadExecutor-150-thread-1] INFO org.apache.solr.update.LoggingInfoStream - [IW][coreLoadExecutor-150-thread-1]: init: create=false
[coreLoadExecutor-150-thread-1] INFO org.apache.solr.update.LoggingInfoStream - [IW][coreLoadExecutor-150-thread-1]: 
dir=NRTCachingDirectory(MMapDirectory@/tmp/solr-home2594518890104179358/core/data/index lockFactory=org.apache.lucene.store.NativeFSLockFactory@2c3d74f6; maxCacheMB=48.0 maxMergeSizeMB=4.0)
index=
version=5.5.1
analyzer=org.apache.solr.update.SolrIndexConfig$DelayedSchemaAnalyzer
ramBufferSizeMB=100.0
maxBufferedDocs=-1
maxBufferedDeleteTerms=-1
mergedSegmentWarmer=null
delPolicy=org.apache.solr.core.IndexDeletionPolicyWrapper
commit=null
openMode=APPEND
similarity=org.apache.lucene.search.similarities.ClassicSimilarity
mergeScheduler=ConcurrentMergeScheduler: maxThreadCount=-1, maxMergeCount=-1, ioThrottle=true
default WRITE_LOCK_TIMEOUT=0
writeLockTimeout=0
codec=Lucene54
infoStream=org.apache.solr.update.LoggingInfoStream
mergePolicy=[TieredMergePolicy: maxMergeAtOnce=10, maxMergeAtOnceExplicit=30, maxMergedSegmentMB=5120.0, floorSegmentMB=2.0, forceMergeDeletesPctAllowed=10.0, segmentsPerTier=10.0, maxCFSSegmentSizeMB=8.796093022207999E12, noCFSRatio=0.1
indexerThreadPool=org.apache.lucene.index.DocumentsWriterPerThreadPool@32c8d9b1
readerPooling=false
perThreadHardLimitMB=1945
useCompoundFile=false
commitOnClose=true
writer=org.apache.solr.update.SolrIndexWriter@5f44b579

[coreLoadExecutor-150-thread-1] INFO org.apache.solr.update.LoggingInfoStream - [IW][coreLoadExecutor-150-thread-1]: MMapDirectory.UNMAP_SUPPORTED=true
[coreLoadExecutor-150-thread-1] INFO org.apache.solr.update.LoggingInfoStream - [IW][coreLoadExecutor-150-thread-1]: flush at getReader
[coreLoadExecutor-150-thread-1] INFO org.apache.solr.update.LoggingInfoStream - [DW][coreLoadExecutor-150-thread-1]: startFullFlush
[coreLoadExecutor-150-thread-1] INFO org.apache.solr.update.LoggingInfoStream - [IW][coreLoadExecutor-150-thread-1]: apply all deletes during flush
[coreLoadExecutor-150-thread-1] INFO org.apache.solr.update.LoggingInfoStream - [IW][coreLoadExecutor-150-thread-1]: now apply all deletes for all segments maxDoc=0
[coreLoadExecutor-150-thread-1] INFO org.apache.solr.update.LoggingInfoStream - [BD][coreLoadExecutor-150-thread-1]: prune sis=segments_1:  minGen=9223372036854775807 packetCount=0
[coreLoadExecutor-150-thread-1] INFO org.apache.solr.update.LoggingInfoStream - [IW][coreLoadExecutor-150-thread-1]: incRefDeleter for NRT reader version=2 segments=
[coreLoadExecutor-150-thread-1] INFO org.apache.solr.update.LoggingInfoStream - [IW][coreLoadExecutor-150-thread-1]: return reader version=2 reader=StandardDirectoryReader(segments_1:2:nrt)
[coreLoadExecutor-150-thread-1] INFO org.apache.solr.update.LoggingInfoStream - [DW][coreLoadExecutor-150-thread-1]: coreLoadExecutor-150-thread-1 finishFullFlush success=true
[coreLoadExecutor-150-thread-1] INFO org.apache.solr.update.LoggingInfoStream - [IW][coreLoadExecutor-150-thread-1]: getReader took 0 msec
[coreLoadExecutor-150-thread-1] INFO org.apache.solr.search.SolrIndexSearcher - Opening Searcher@55281376[core] main
[coreLoadExecutor-150-thread-1] INFO org.apache.solr.rest.ManagedResourceStorage - File-based storage initialized to use dir: /tmp/solr-home2594518890104179358/core/conf
[coreLoadExecutor-150-thread-1] INFO org.apache.solr.rest.RestManager - Initializing RestManager with initArgs: {storageDir=/tmp/solr-home2594518890104179358/core/conf}
[coreLoadExecutor-150-thread-1] INFO org.apache.solr.rest.ManagedResourceStorage - Reading _rest_managed.json using file:dir=/tmp/solr-home2594518890104179358/core/conf
[coreLoadExecutor-150-thread-1] INFO org.apache.solr.rest.RestManager - Initializing 0 registered ManagedResources
[coreLoadExecutor-150-thread-1] INFO org.apache.solr.handler.component.SpellCheckComponent - Initializing spell checkers
[coreLoadExecutor-150-thread-1] INFO org.apache.solr.handler.component.SpellCheckComponent - Registering newSearcher listener for spellchecker: default
[coreLoadExecutor-150-thread-1] INFO org.apache.solr.handler.component.SpellCheckComponent - No queryConverter defined, using default converter
[coreLoadExecutor-150-thread-1] INFO org.apache.solr.handler.ReplicationHandler - Commits will be reserved for  10000
[coreLoadExecutor-150-thread-1] INFO org.apache.solr.update.UpdateLog - Looking up max value of version field to seed version buckets
[searcherExecutor-151-thread-1] INFO org.apache.solr.handler.component.SpellCheckComponent - Loading spell index for spellchecker: default
[coreLoadExecutor-150-thread-1] INFO org.apache.solr.update.VersionInfo - Refreshing highest value of _version_ for 65536 version buckets from index
[coreLoadExecutor-150-thread-1] INFO org.apache.solr.update.VersionInfo - No terms found for _version_, cannot seed version bucket highest value from index
[coreLoadExecutor-150-thread-1] INFO org.apache.solr.update.UpdateLog - Could not find max version in index or recent updates, using new clock 1576087833965232128
[searcherExecutor-151-thread-1] INFO org.apache.solr.core.SolrCore - [core] Registered new searcher Searcher@55281376[core] main{ExitableDirectoryReader(UninvertingDirectoryReader())}
[coreLoadExecutor-150-thread-1] INFO org.apache.solr.update.UpdateLog - Took 1.0ms to seed version buckets with highest version 1576087833965232128
[coreLoadExecutor-150-thread-1] INFO org.apache.solr.core.CoreContainer - registering core: core
[Test worker] INFO org.apache.solr.core.SolrCore.Request - [core]  webapp=null path=/admin/ping params={} hits=0 status=0 QTime=0
[Test worker] INFO org.apache.solr.core.SolrCore.Request - [core]  webapp=null path=/admin/ping params={} status=0 QTime=0
[Test worker] INFO com.rbmhtechnology.vind.solr.SolrSearchServer - Connection to solr server successful
[Test worker] INFO org.apache.solr.core.SolrCore.Request - [core]  webapp=null path=/schema params={} status=0 QTime=0
[Test worker] INFO com.rbmhtechnology.vind.solr.SolrSearchServer - No server provider of type class com.rbmhtechnology.vind.solr.EmbeddedSolrServerProvider found in classpath for server com.rbmhtechnology.vind.solr.SolrSearchServer
[Test worker] INFO org.apache.solr.update.processor.LogUpdateProcessorFactory - [core]  webapp=null path=/update params={}{add=[1 (1576087833969426432)]} 0 2
[Test worker] INFO org.apache.solr.update.processor.LogUpdateProcessorFactory - [core]  webapp=null path=/update params={}{add=[2 (1576087833972572160)]} 0 0
[Test worker] INFO org.apache.solr.update.DirectUpdateHandler2 - start commit{,optimize=false,openSearcher=true,waitSearcher=true,expungeDeletes=false,softCommit=false,prepareCommit=false}
[Test worker] INFO org.apache.solr.update.LoggingInfoStream - [IW][Test worker]: commit: start
[Test worker] INFO org.apache.solr.update.LoggingInfoStream - [IW][Test worker]: commit: enter lock
[Test worker] INFO org.apache.solr.update.LoggingInfoStream - [IW][Test worker]: commit: now prepare
[Test worker] INFO org.apache.solr.update.LoggingInfoStream - [IW][Test worker]: prepareCommit: flush
[Test worker] INFO org.apache.solr.update.LoggingInfoStream - [IW][Test worker]:   index before flush 
[Test worker] INFO org.apache.solr.update.LoggingInfoStream - [DW][Test worker]: startFullFlush
[Test worker] INFO org.apache.solr.update.LoggingInfoStream - [DW][Test worker]: anyChanges? numDocsInRam=2 deletes=true hasTickets:false pendingChangesInFullFlush: false
[Test worker] INFO org.apache.solr.update.LoggingInfoStream - [DWFC][Test worker]: addFlushableState DocumentsWriterPerThread [pendingDeletes=gen=0 1 deleted terms (unique count=1) bytesUsed=169, segment=_0, aborted=false, numDocsInRAM=2, deleteQueue=DWDQ: [ generation: 1 ]]
[Test worker] INFO org.apache.solr.update.LoggingInfoStream - [DWPT][Test worker]: flush postings as segment _0 numDocs=2
[Test worker] INFO org.apache.solr.update.LoggingInfoStream - [IW][Test worker]: 0 msec to write norms
[Test worker] INFO org.apache.solr.update.LoggingInfoStream - [IW][Test worker]: 0 msec to write docValues
[Test worker] INFO org.apache.solr.update.LoggingInfoStream - [IW][Test worker]: 0 msec to finish stored fields
[Test worker] INFO org.apache.solr.update.LoggingInfoStream - [IW][Test worker]: 0 msec to write postings and finish vectors
[Test worker] INFO org.apache.solr.update.LoggingInfoStream - [IW][Test worker]: 0 msec to write fieldInfos
[Test worker] INFO org.apache.solr.update.LoggingInfoStream - [DWPT][Test worker]: new segment has 0 deleted docs
[Test worker] INFO org.apache.solr.update.LoggingInfoStream - [DWPT][Test worker]: new segment has no vectors; norms; docValues; prox; freqs
[Test worker] INFO org.apache.solr.update.LoggingInfoStream - [DWPT][Test worker]: flushedFiles=[_0_Lucene54_0.dvm, _0_Lucene50_0.doc, _0_Lucene50_0.tim, _0_Lucene50_0.pos, _0.nvd, _0.fdx, _0_Lucene54_0.dvd, _0_Lucene50_0.tip, _0.fdt, _0.nvm, _0.fnm]
[Test worker] INFO org.apache.solr.update.LoggingInfoStream - [DWPT][Test worker]: flushed codec=Lucene54
[Test worker] INFO org.apache.solr.update.LoggingInfoStream - [DWPT][Test worker]: flushed: segment=_0 ramUsed=0.272 MB newFlushedSize=0.004 MB docs/MB=522.329
[Test worker] INFO org.apache.solr.update.LoggingInfoStream - [DW][Test worker]: publishFlushedSegment seg-private updates=null
[Test worker] INFO org.apache.solr.update.LoggingInfoStream - [IW][Test worker]: publishFlushedSegment
[Test worker] INFO org.apache.solr.update.LoggingInfoStream - [BD][Test worker]: push deletes  2 deleted terms (unique count=2) bytesUsed=1072 segmentPrivate?=false delGen=2 packetCount=1 totBytesUsed=1072
[Test worker] INFO org.apache.solr.update.LoggingInfoStream - [IW][Test worker]: publish sets newSegment delGen=3 seg=_0(5.5.1):C2
[Test worker] INFO org.apache.solr.update.LoggingInfoStream - [IFD][Test worker]: now checkpoint "_0(5.5.1):C2" [1 segments ; isCommit = false]
[Test worker] INFO org.apache.solr.update.LoggingInfoStream - [IFD][Test worker]: 0 msec to checkpoint
[Test worker] INFO org.apache.solr.update.LoggingInfoStream - [IW][Test worker]: apply all deletes during flush
[Test worker] INFO org.apache.solr.update.LoggingInfoStream - [IW][Test worker]: now apply all deletes for all segments maxDoc=2
[Test worker] INFO org.apache.solr.update.LoggingInfoStream - [BD][Test worker]: applyDeletes: open segment readers took 0 msec
[Test worker] INFO org.apache.solr.update.LoggingInfoStream - [BD][Test worker]: applyDeletes: infos=[_0(5.5.1):C2] packetCount=1
[Test worker] INFO org.apache.solr.update.LoggingInfoStream - [BD][Test worker]: applyDeletes took 0 msec for 1 segments, 0 newly deleted docs (query deletes), 0 visited terms, allDeleted=null
[Test worker] INFO org.apache.solr.update.LoggingInfoStream - [BD][Test worker]: prune sis=segments_1: _0(5.5.1):C2 minGen=3 packetCount=1
[Test worker] INFO org.apache.solr.update.LoggingInfoStream - [BD][Test worker]: pruneDeletes: prune 1 packets; 0 packets remain
[Test worker] INFO org.apache.solr.update.LoggingInfoStream - [DW][Test worker]: Test worker finishFullFlush success=true
[Test worker] INFO org.apache.solr.update.LoggingInfoStream - [TMP][Test worker]: findMerges: 1 segments
[Test worker] INFO org.apache.solr.update.LoggingInfoStream - [TMP][Test worker]:   seg=_0(5.5.1):C2 size=0.004 MB [floored]
[Test worker] INFO org.apache.solr.update.LoggingInfoStream - [TMP][Test worker]:   allowedSegmentCount=1 vs count=1 (eligible count=1) tooBigCount=0
[Test worker] INFO org.apache.solr.update.LoggingInfoStream - [MS][Test worker]: initDynamicDefaults spins=false maxThreadCount=2 maxMergeCount=7
[Test worker] INFO org.apache.solr.update.LoggingInfoStream - [MS][Test worker]: now merge
[Test worker] INFO org.apache.solr.update.LoggingInfoStream - [MS][Test worker]:   index: _0(5.5.1):C2
[Test worker] INFO org.apache.solr.update.LoggingInfoStream - [MS][Test worker]:   no more merges pending; now return
[Test worker] INFO org.apache.solr.update.LoggingInfoStream - [IW][Test worker]: startCommit(): start
[Test worker] INFO org.apache.solr.update.LoggingInfoStream - [IW][Test worker]: startCommit index=_0(5.5.1):C2 changeCount=4
[Test worker] INFO org.apache.solr.update.LoggingInfoStream - [IW][Test worker]: startCommit: wrote pending segments file "pending_segments_2"
[Test worker] INFO org.apache.solr.update.LoggingInfoStream - [IW][Test worker]: done all syncs: [_0.si, _0_Lucene50_0.doc, _0_Lucene50_0.tim, _0_Lucene54_0.dvm, _0_Lucene50_0.pos, _0.nvd, _0.fdx, _0_Lucene54_0.dvd, _0_Lucene50_0.tip, _0.fdt, _0.nvm, _0.fnm]
[Test worker] INFO org.apache.solr.update.LoggingInfoStream - [IW][Test worker]: commit: pendingCommit != null
[Test worker] INFO org.apache.solr.update.LoggingInfoStream - [IW][Test worker]: commit: done writing segments file "segments_2"
[Test worker] INFO org.apache.solr.update.LoggingInfoStream - [IFD][Test worker]: now checkpoint "_0(5.5.1):C2" [1 segments ; isCommit = true]
[Test worker] INFO org.apache.solr.core.SolrDeletionPolicy - SolrDeletionPolicy.onCommit: commits: num=2
	commit{dir=NRTCachingDirectory(MMapDirectory@/tmp/solr-home2594518890104179358/core/data/index lockFactory=org.apache.lucene.store.NativeFSLockFactory@2c3d74f6; maxCacheMB=48.0 maxMergeSizeMB=4.0),segFN=segments_1,generation=1}
	commit{dir=NRTCachingDirectory(MMapDirectory@/tmp/solr-home2594518890104179358/core/data/index lockFactory=org.apache.lucene.store.NativeFSLockFactory@2c3d74f6; maxCacheMB=48.0 maxMergeSizeMB=4.0),segFN=segments_2,generation=2}
[Test worker] INFO org.apache.solr.core.SolrDeletionPolicy - newest commit generation = 2
[Test worker] INFO org.apache.solr.update.LoggingInfoStream - [IFD][Test worker]: deleteCommits: now decRef commit "segments_1"
[Test worker] INFO org.apache.solr.update.LoggingInfoStream - [IFD][Test worker]: delete "segments_1"
[Test worker] INFO org.apache.solr.update.LoggingInfoStream - [IFD][Test worker]: 0 msec to checkpoint
[Test worker] INFO org.apache.solr.update.LoggingInfoStream - [IW][Test worker]: commit: took 54.8 msec
[Test worker] INFO org.apache.solr.update.LoggingInfoStream - [IW][Test worker]: commit: done
[Test worker] INFO org.apache.solr.update.LoggingInfoStream - [IW][Test worker]: nrtIsCurrent: infoVersion matches: false; DW changes: false; BD changes: false
[Test worker] INFO org.apache.solr.update.LoggingInfoStream - [IW][Test worker]: flush at getReader
[Test worker] INFO org.apache.solr.update.LoggingInfoStream - [DW][Test worker]: startFullFlush
[Test worker] INFO org.apache.solr.update.LoggingInfoStream - [IW][Test worker]: apply all deletes during flush
[Test worker] INFO org.apache.solr.update.LoggingInfoStream - [IW][Test worker]: now apply all deletes for all segments maxDoc=2
[Test worker] INFO org.apache.solr.update.LoggingInfoStream - [BD][Test worker]: applyDeletes: open segment readers took 0 msec
[Test worker] INFO org.apache.solr.update.LoggingInfoStream - [BD][Test worker]: applyDeletes: no segments; skipping
[Test worker] INFO org.apache.solr.update.LoggingInfoStream - [BD][Test worker]: prune sis=segments_2: _0(5.5.1):C2 minGen=3 packetCount=0
[Test worker] INFO org.apache.solr.update.LoggingInfoStream - [IW][Test worker]: incRefDeleter for NRT reader version=6 segments=_0(5.5.1):C2
[Test worker] INFO org.apache.solr.update.LoggingInfoStream - [IW][Test worker]: return reader version=6 reader=StandardDirectoryReader(segments_2:6:nrt _0(5.5.1):C2)
[Test worker] INFO org.apache.solr.update.LoggingInfoStream - [DW][Test worker]: Test worker finishFullFlush success=true
[Test worker] INFO org.apache.solr.update.LoggingInfoStream - [IW][Test worker]: getReader took 2 msec
[Test worker] INFO org.apache.solr.search.SolrIndexSearcher - Opening Searcher@6593ccb3[core] main
[Test worker] INFO org.apache.solr.update.DirectUpdateHandler2 - end_commit_flush
[searcherExecutor-151-thread-1] INFO org.apache.solr.handler.component.SpellCheckComponent - Building spell index for spell checker: default
[searcherExecutor-151-thread-1] INFO org.apache.solr.core.SolrCore - [core] Registered new searcher Searcher@6593ccb3[core] main{ExitableDirectoryReader(UninvertingDirectoryReader(Uninverting(_0(5.5.1):C2)))}
[searcherExecutor-151-thread-1] INFO org.apache.solr.update.LoggingInfoStream - [IW][searcherExecutor-151-thread-1]: decRefDeleter for NRT reader version=2 segments=
[Test worker] INFO org.apache.solr.update.processor.LogUpdateProcessorFactory - [core]  webapp=null path=/update params={commit=true&softCommit=false&waitSearcher=true}{commit=} 0 65
[Test worker] INFO org.apache.solr.core.SolrCore.Request - [core]  webapp=null path=/select params={q=*&fl=*,score&qf=dynamic_single_none_title^1.0&defType=edismax&fq=_type_:asset&start=0&rows=10} hits=2 status=0 QTime=0
[Test worker] INFO org.apache.solr.update.LoggingInfoStream - [DW][Test worker]: anyChanges? numDocsInRam=0 deletes=true hasTickets:false pendingChangesInFullFlush: false
[Test worker] INFO org.apache.solr.update.LoggingInfoStream - [DW][Test worker]: anyChanges? numDocsInRam=0 deletes=true hasTickets:false pendingChangesInFullFlush: false
[Test worker] INFO org.apache.solr.update.LoggingInfoStream - [IW][Test worker]: nrtIsCurrent: infoVersion matches: true; DW changes: true; BD changes: false
[Test worker] INFO org.apache.solr.update.LoggingInfoStream - [IW][Test worker]: flush at getReader
[Test worker] INFO org.apache.solr.update.LoggingInfoStream - [DW][Test worker]: startFullFlush
[Test worker] INFO org.apache.solr.update.LoggingInfoStream - [DW][Test worker]: anyChanges? numDocsInRam=0 deletes=true hasTickets:false pendingChangesInFullFlush: false
[Test worker] INFO org.apache.solr.update.LoggingInfoStream - [DW][Test worker]: Test worker: flush naked frozen global deletes
[Test worker] INFO org.apache.solr.update.LoggingInfoStream - [BD][Test worker]: push deletes  1 deleted queries bytesUsed=80 segmentPrivate?=false delGen=6 packetCount=1 totBytesUsed=80
[Test worker] INFO org.apache.solr.update.LoggingInfoStream - [DW][Test worker]: flush: push buffered updates:  1 deleted queries bytesUsed=80
[Test worker] INFO org.apache.solr.update.LoggingInfoStream - [IW][Test worker]: apply all deletes during flush
[Test worker] INFO org.apache.solr.update.LoggingInfoStream - [IW][Test worker]: now apply all deletes for all segments maxDoc=2
[Test worker] INFO org.apache.solr.update.LoggingInfoStream - [BD][Test worker]: applyDeletes: open segment readers took 0 msec
[Test worker] INFO org.apache.solr.update.LoggingInfoStream - [BD][Test worker]: applyDeletes: infos=[_0(5.5.1):C2] packetCount=1
[Test worker] INFO org.apache.solr.update.LoggingInfoStream - [BD][Test worker]: applyDeletes: 2 new deleted documents
[Test worker] INFO org.apache.solr.update.LoggingInfoStream - [BD][Test worker]: applyDeletes took 1 msec for 1 segments, 2 newly deleted docs (query deletes), 0 visited terms, allDeleted=[_0(5.5.1):C2]
[Test worker] INFO org.apache.solr.update.LoggingInfoStream - [IFD][Test worker]: now checkpoint "_0(5.5.1):C2/2" [1 segments ; isCommit = false]
[Test worker] INFO org.apache.solr.update.LoggingInfoStream - [IFD][Test worker]: 0 msec to checkpoint
[Test worker] INFO org.apache.solr.update.LoggingInfoStream - [IW][Test worker]: drop 100% deleted segments: _0(5.5.1):C2/2
[Test worker] INFO org.apache.solr.update.LoggingInfoStream - [IFD][Test worker]: now checkpoint "" [0 segments ; isCommit = false]
[Test worker] INFO org.apache.solr.update.LoggingInfoStream - [IFD][Test worker]: 0 msec to checkpoint
[Test worker] INFO org.apache.solr.update.LoggingInfoStream - [BD][Test worker]: prune sis=segments_2:  minGen=9223372036854775807 packetCount=1
[Test worker] INFO org.apache.solr.update.LoggingInfoStream - [BD][Test worker]: pruneDeletes: prune 1 packets; 0 packets remain
[Test worker] INFO org.apache.solr.update.LoggingInfoStream - [IW][Test worker]: incRefDeleter for NRT reader version=8 segments=
[Test worker] INFO org.apache.solr.update.LoggingInfoStream - [IW][Test worker]: return reader version=8 reader=StandardDirectoryReader(segments_2:8:nrt)
[Test worker] INFO org.apache.solr.update.LoggingInfoStream - [DW][Test worker]: Test worker finishFullFlush success=true
[Test worker] INFO org.apache.solr.update.LoggingInfoStream - [TMP][Test worker]: findMerges: 0 segments
[Test worker] INFO org.apache.solr.update.LoggingInfoStream - [MS][Test worker]: now merge
[Test worker] INFO org.apache.solr.update.LoggingInfoStream - [MS][Test worker]:   index: 
[Test worker] INFO org.apache.solr.update.LoggingInfoStream - [MS][Test worker]:   no more merges pending; now return
[Test worker] INFO org.apache.solr.update.LoggingInfoStream - [IW][Test worker]: getReader took 1 msec
[Test worker] INFO org.apache.solr.search.SolrIndexSearcher - Opening Searcher@587c8dfb[core] realtime
[Test worker] INFO org.apache.solr.update.processor.LogUpdateProcessorFactory - [core]  webapp=null path=/update params={}{deleteByQuery=*:* (-1576087834044923904)} 0 2
[Test worker] INFO org.apache.solr.update.DirectUpdateHandler2 - start commit{,optimize=false,openSearcher=true,waitSearcher=true,expungeDeletes=false,softCommit=false,prepareCommit=false}
[Test worker] INFO org.apache.solr.update.LoggingInfoStream - [IW][Test worker]: commit: start
[Test worker] INFO org.apache.solr.update.LoggingInfoStream - [IW][Test worker]: commit: enter lock
[Test worker] INFO org.apache.solr.update.LoggingInfoStream - [IW][Test worker]: commit: now prepare
[Test worker] INFO org.apache.solr.update.LoggingInfoStream - [IW][Test worker]: prepareCommit: flush
[Test worker] INFO org.apache.solr.update.LoggingInfoStream - [IW][Test worker]:   index before flush 
[Test worker] INFO org.apache.solr.update.LoggingInfoStream - [DW][Test worker]: startFullFlush
[Test worker] INFO org.apache.solr.update.LoggingInfoStream - [IW][Test worker]: apply all deletes during flush
[Test worker] INFO org.apache.solr.update.LoggingInfoStream - [IW][Test worker]: now apply all deletes for all segments maxDoc=0
[Test worker] INFO org.apache.solr.update.LoggingInfoStream - [BD][Test worker]: prune sis=segments_2:  minGen=9223372036854775807 packetCount=0
[Test worker] INFO org.apache.solr.update.LoggingInfoStream - [DW][Test worker]: Test worker finishFullFlush success=true
[Test worker] INFO org.apache.solr.update.LoggingInfoStream - [IW][Test worker]: startCommit(): start
[Test worker] INFO org.apache.solr.update.LoggingInfoStream - [IW][Test worker]: startCommit index= changeCount=8
[Test worker] INFO org.apache.solr.update.LoggingInfoStream - [IW][Test worker]: startCommit: wrote pending segments file "pending_segments_3"
[Test worker] INFO org.apache.solr.update.LoggingInfoStream - [IW][Test worker]: done all syncs: []
[Test worker] INFO org.apache.solr.update.LoggingInfoStream - [IW][Test worker]: commit: pendingCommit != null
[Test worker] INFO org.apache.solr.update.LoggingInfoStream - [IW][Test worker]: commit: done writing segments file "segments_3"
[Test worker] INFO org.apache.solr.update.LoggingInfoStream - [IFD][Test worker]: now checkpoint "" [0 segments ; isCommit = true]
[Test worker] INFO org.apache.solr.core.SolrDeletionPolicy - SolrDeletionPolicy.onCommit: commits: num=2
	commit{dir=NRTCachingDirectory(MMapDirectory@/tmp/solr-home2594518890104179358/core/data/index lockFactory=org.apache.lucene.store.NativeFSLockFactory@2c3d74f6; maxCacheMB=48.0 maxMergeSizeMB=4.0),segFN=segments_2,generation=2}
	commit{dir=NRTCachingDirectory(MMapDirectory@/tmp/solr-home2594518890104179358/core/data/index lockFactory=org.apache.lucene.store.NativeFSLockFactory@2c3d74f6; maxCacheMB=48.0 maxMergeSizeMB=4.0),segFN=segments_3,generation=3}
[Test worker] INFO org.apache.solr.core.SolrDeletionPolicy - newest commit generation = 3
[Test worker] INFO org.apache.solr.update.LoggingInfoStream - [IFD][Test worker]: deleteCommits: now decRef commit "segments_2"
[Test worker] INFO org.apache.solr.update.LoggingInfoStream - [IFD][Test worker]: delete "segments_2"
[Test worker] INFO org.apache.solr.update.LoggingInfoStream - [IFD][Test worker]: 0 msec to checkpoint
[Test worker] INFO org.apache.solr.update.LoggingInfoStream - [IW][Test worker]: commit: took 5.2 msec
[Test worker] INFO org.apache.solr.update.LoggingInfoStream - [IW][Test worker]: commit: done
[Test worker] INFO org.apache.solr.update.LoggingInfoStream - [IW][Test worker]: nrtIsCurrent: infoVersion matches: false; DW changes: false; BD changes: false
[Test worker] INFO org.apache.solr.update.LoggingInfoStream - [IW][Test worker]: flush at getReader
[Test worker] INFO org.apache.solr.update.LoggingInfoStream - [DW][Test worker]: startFullFlush
[Test worker] INFO org.apache.solr.update.LoggingInfoStream - [IW][Test worker]: apply all deletes during flush
[Test worker] INFO org.apache.solr.update.LoggingInfoStream - [IW][Test worker]: now apply all deletes for all segments maxDoc=0
[Test worker] INFO org.apache.solr.update.LoggingInfoStream - [BD][Test worker]: prune sis=segments_3:  minGen=9223372036854775807 packetCount=0
[Test worker] INFO org.apache.solr.update.LoggingInfoStream - [IW][Test worker]: incRefDeleter for NRT reader version=10 segments=
[Test worker] INFO org.apache.solr.update.LoggingInfoStream - [IW][Test worker]: return reader version=10 reader=StandardDirectoryReader(segments_3:10:nrt)
[Test worker] INFO org.apache.solr.update.LoggingInfoStream - [DW][Test worker]: Test worker finishFullFlush success=true
[Test worker] INFO org.apache.solr.update.LoggingInfoStream - [IW][Test worker]: getReader took 0 msec
[Test worker] INFO org.apache.solr.search.SolrIndexSearcher - Opening Searcher@7f2b8d2b[core] main
[Test worker] INFO org.apache.solr.update.LoggingInfoStream - [IW][Test worker]: decRefDeleter for NRT reader version=8 segments=
[Test worker] INFO org.apache.solr.update.DirectUpdateHandler2 - end_commit_flush
[searcherExecutor-151-thread-1] INFO org.apache.solr.handler.component.SpellCheckComponent - Index is not optimized therefore skipping building spell check index for: default
[searcherExecutor-151-thread-1] INFO org.apache.solr.core.SolrCore - [core] Registered new searcher Searcher@7f2b8d2b[core] main{ExitableDirectoryReader(UninvertingDirectoryReader())}
[searcherExecutor-151-thread-1] INFO org.apache.solr.update.LoggingInfoStream - [IFD][searcherExecutor-151-thread-1]: delete "_0.si"
[searcherExecutor-151-thread-1] INFO org.apache.solr.update.LoggingInfoStream - [IFD][searcherExecutor-151-thread-1]: delete "_0_Lucene50_0.doc"
[searcherExecutor-151-thread-1] INFO org.apache.solr.update.LoggingInfoStream - [IFD][searcherExecutor-151-thread-1]: delete "_0_Lucene50_0.tim"
[searcherExecutor-151-thread-1] INFO org.apache.solr.update.LoggingInfoStream - [IFD][searcherExecutor-151-thread-1]: delete "_0_Lucene54_0.dvm"
[searcherExecutor-151-thread-1] INFO org.apache.solr.update.LoggingInfoStream - [IFD][searcherExecutor-151-thread-1]: delete "_0_Lucene50_0.pos"
[searcherExecutor-151-thread-1] INFO org.apache.solr.update.LoggingInfoStream - [IFD][searcherExecutor-151-thread-1]: delete "_0.nvd"
[searcherExecutor-151-thread-1] INFO org.apache.solr.update.LoggingInfoStream - [IFD][searcherExecutor-151-thread-1]: delete "_0.fdx"
[searcherExecutor-151-thread-1] INFO org.apache.solr.update.LoggingInfoStream - [IFD][searcherExecutor-151-thread-1]: delete "_0_Lucene54_0.dvd"
[searcherExecutor-151-thread-1] INFO org.apache.solr.update.LoggingInfoStream - [IFD][searcherExecutor-151-thread-1]: delete "_0_Lucene50_0.tip"
[searcherExecutor-151-thread-1] INFO org.apache.solr.update.LoggingInfoStream - [IFD][searcherExecutor-151-thread-1]: delete "_0.fdt"
[searcherExecutor-151-thread-1] INFO org.apache.solr.update.LoggingInfoStream - [IFD][searcherExecutor-151-thread-1]: delete "_0.nvm"
[searcherExecutor-151-thread-1] INFO org.apache.solr.update.LoggingInfoStream - [IFD][searcherExecutor-151-thread-1]: delete "_0.fnm"
[searcherExecutor-151-thread-1] INFO org.apache.solr.update.LoggingInfoStream - [IW][searcherExecutor-151-thread-1]: decRefDeleter for NRT reader version=6 segments=_0(5.5.1):C2
[Test worker] INFO org.apache.solr.update.processor.LogUpdateProcessorFactory - [core]  webapp=null path=/update params={commit=true&softCommit=false&waitSearcher=true}{commit=} 0 8
[Test worker] INFO org.apache.solr.core.SolrCore.Request - [core]  webapp=null path=/select params={q=*&fl=*,score&qf=dynamic_single_none_title^1.0&defType=edismax&fq=_type_:asset&start=0&rows=10} hits=0 status=0 QTime=1
[Test worker] INFO org.apache.solr.core.CoreContainer - Shutting down CoreContainer instance=1753155460
[coreCloseExecutor-156-thread-1] INFO org.apache.solr.core.SolrCore - [core]  CLOSING SolrCore org.apache.solr.core.SolrCore@4961f777
[coreCloseExecutor-156-thread-1] INFO org.apache.solr.update.DirectUpdateHandler2 - closing DirectUpdateHandler2{commits=2,autocommit maxTime=15000ms,autocommits=0,soft autocommits=0,optimizes=0,rollbacks=0,expungeDeletes=0,docsPending=0,adds=0,deletesById=0,deletesByQuery=0,errors=0,cumulative_adds=2,cumulative_deletesById=0,cumulative_deletesByQuery=1,cumulative_errors=0,transaction_logs_total_size=670,transaction_logs_total_number=2}
[coreCloseExecutor-156-thread-1] INFO org.apache.solr.update.SolrCoreState - Closing SolrCoreState
[coreCloseExecutor-156-thread-1] INFO org.apache.solr.update.DefaultSolrCoreState - SolrCoreState ref count has reached 0 - closing IndexWriter
[coreCloseExecutor-156-thread-1] INFO org.apache.solr.update.DefaultSolrCoreState - closing IndexWriter with IndexWriterCloser
[coreCloseExecutor-156-thread-1] INFO org.apache.solr.update.LoggingInfoStream - [IW][coreCloseExecutor-156-thread-1]: now flush at close
[coreCloseExecutor-156-thread-1] INFO org.apache.solr.update.LoggingInfoStream - [IW][coreCloseExecutor-156-thread-1]:   start flush: applyAllDeletes=true
[coreCloseExecutor-156-thread-1] INFO org.apache.solr.update.LoggingInfoStream - [IW][coreCloseExecutor-156-thread-1]:   index before flush 
[coreCloseExecutor-156-thread-1] INFO org.apache.solr.update.LoggingInfoStream - [DW][coreCloseExecutor-156-thread-1]: startFullFlush
[coreCloseExecutor-156-thread-1] INFO org.apache.solr.update.LoggingInfoStream - [DW][coreCloseExecutor-156-thread-1]: coreCloseExecutor-156-thread-1 finishFullFlush success=true
[coreCloseExecutor-156-thread-1] INFO org.apache.solr.update.LoggingInfoStream - [IW][coreCloseExecutor-156-thread-1]: apply all deletes during flush
[coreCloseExecutor-156-thread-1] INFO org.apache.solr.update.LoggingInfoStream - [IW][coreCloseExecutor-156-thread-1]: now apply all deletes for all segments maxDoc=0
[coreCloseExecutor-156-thread-1] INFO org.apache.solr.update.LoggingInfoStream - [BD][coreCloseExecutor-156-thread-1]: prune sis=segments_3:  minGen=9223372036854775807 packetCount=0
[coreCloseExecutor-156-thread-1] INFO org.apache.solr.update.LoggingInfoStream - [MS][coreCloseExecutor-156-thread-1]: updateMergeThreads ioThrottle=true targetMBPerSec=10240.0 MB/sec
[coreCloseExecutor-156-thread-1] INFO org.apache.solr.update.LoggingInfoStream - [MS][coreCloseExecutor-156-thread-1]: now merge
[coreCloseExecutor-156-thread-1] INFO org.apache.solr.update.LoggingInfoStream - [MS][coreCloseExecutor-156-thread-1]:   index: 
[coreCloseExecutor-156-thread-1] INFO org.apache.solr.update.LoggingInfoStream - [MS][coreCloseExecutor-156-thread-1]:   no more merges pending; now return
[coreCloseExecutor-156-thread-1] INFO org.apache.solr.update.LoggingInfoStream - [IW][coreCloseExecutor-156-thread-1]: waitForMerges
[coreCloseExecutor-156-thread-1] INFO org.apache.solr.update.LoggingInfoStream - [IW][coreCloseExecutor-156-thread-1]: waitForMerges done
[coreCloseExecutor-156-thread-1] INFO org.apache.solr.update.LoggingInfoStream - [IW][coreCloseExecutor-156-thread-1]: commit: start
[coreCloseExecutor-156-thread-1] INFO org.apache.solr.update.LoggingInfoStream - [IW][coreCloseExecutor-156-thread-1]: commit: enter lock
[coreCloseExecutor-156-thread-1] INFO org.apache.solr.update.LoggingInfoStream - [IW][coreCloseExecutor-156-thread-1]: commit: now prepare
[coreCloseExecutor-156-thread-1] INFO org.apache.solr.update.LoggingInfoStream - [IW][coreCloseExecutor-156-thread-1]: prepareCommit: flush
[coreCloseExecutor-156-thread-1] INFO org.apache.solr.update.LoggingInfoStream - [IW][coreCloseExecutor-156-thread-1]:   index before flush 
[coreCloseExecutor-156-thread-1] INFO org.apache.solr.update.LoggingInfoStream - [DW][coreCloseExecutor-156-thread-1]: startFullFlush
[coreCloseExecutor-156-thread-1] INFO org.apache.solr.update.LoggingInfoStream - [IW][coreCloseExecutor-156-thread-1]: apply all deletes during flush
[coreCloseExecutor-156-thread-1] INFO org.apache.solr.update.LoggingInfoStream - [IW][coreCloseExecutor-156-thread-1]: now apply all deletes for all segments maxDoc=0
[coreCloseExecutor-156-thread-1] INFO org.apache.solr.update.LoggingInfoStream - [BD][coreCloseExecutor-156-thread-1]: prune sis=segments_3:  minGen=9223372036854775807 packetCount=0
[coreCloseExecutor-156-thread-1] INFO org.apache.solr.update.LoggingInfoStream - [DW][coreCloseExecutor-156-thread-1]: coreCloseExecutor-156-thread-1 finishFullFlush success=true
[coreCloseExecutor-156-thread-1] INFO org.apache.solr.update.LoggingInfoStream - [IW][coreCloseExecutor-156-thread-1]: startCommit(): start
[coreCloseExecutor-156-thread-1] INFO org.apache.solr.update.LoggingInfoStream - [IW][coreCloseExecutor-156-thread-1]:   skip startCommit(): no changes pending
[coreCloseExecutor-156-thread-1] INFO org.apache.solr.update.LoggingInfoStream - [IW][coreCloseExecutor-156-thread-1]: commit: pendingCommit == null; skip
[coreCloseExecutor-156-thread-1] INFO org.apache.solr.update.LoggingInfoStream - [IW][coreCloseExecutor-156-thread-1]: commit: took 0.2 msec
[coreCloseExecutor-156-thread-1] INFO org.apache.solr.update.LoggingInfoStream - [IW][coreCloseExecutor-156-thread-1]: commit: done
[coreCloseExecutor-156-thread-1] INFO org.apache.solr.update.LoggingInfoStream - [IW][coreCloseExecutor-156-thread-1]: rollback
[coreCloseExecutor-156-thread-1] INFO org.apache.solr.update.LoggingInfoStream - [IW][coreCloseExecutor-156-thread-1]: all running merges have aborted
[coreCloseExecutor-156-thread-1] INFO org.apache.solr.update.LoggingInfoStream - [IW][coreCloseExecutor-156-thread-1]: rollback: done finish merges
[coreCloseExecutor-156-thread-1] INFO org.apache.solr.update.LoggingInfoStream - [DW][coreCloseExecutor-156-thread-1]: abort
[coreCloseExecutor-156-thread-1] INFO org.apache.solr.update.LoggingInfoStream - [DW][coreCloseExecutor-156-thread-1]: done abort success=true
[coreCloseExecutor-156-thread-1] INFO org.apache.solr.update.LoggingInfoStream - [IW][coreCloseExecutor-156-thread-1]: rollback: infos=
[coreCloseExecutor-156-thread-1] INFO org.apache.solr.update.LoggingInfoStream - [IFD][coreCloseExecutor-156-thread-1]: now checkpoint "" [0 segments ; isCommit = false]
[coreCloseExecutor-156-thread-1] INFO org.apache.solr.update.LoggingInfoStream - [IFD][coreCloseExecutor-156-thread-1]: 0 msec to checkpoint
[coreCloseExecutor-156-thread-1] INFO org.apache.solr.core.SolrCore - [core] Closing main searcher on request.
[coreCloseExecutor-156-thread-1] INFO org.apache.solr.core.CachingDirectoryFactory - Closing NRTCachingDirectoryFactory - 2 directories currently being tracked
[coreCloseExecutor-156-thread-1] INFO org.apache.solr.core.CachingDirectoryFactory - looking to close /tmp/solr-home2594518890104179358/core/data [CachedDir<<refCount=0;path=/tmp/solr-home2594518890104179358/core/data;done=false>>]
[coreCloseExecutor-156-thread-1] INFO org.apache.solr.core.CachingDirectoryFactory - Closing directory: /tmp/solr-home2594518890104179358/core/data
[coreCloseExecutor-156-thread-1] INFO org.apache.solr.core.CachingDirectoryFactory - looking to close /tmp/solr-home2594518890104179358/core/data/index [CachedDir<<refCount=0;path=/tmp/solr-home2594518890104179358/core/data/index;done=false>>]
[coreCloseExecutor-156-thread-1] INFO org.apache.solr.core.CachingDirectoryFactory - Closing directory: /tmp/solr-home2594518890104179358/core/data/index
[Test worker] INFO com.rbmhtechnology.vind.solr.SolrSearchServer - No server provider of type class com.rbmhtechnology.vind.solr.EmbeddedSolrServerProvider found in classpath for server com.rbmhtechnology.vind.solr.SolrSearchServer
[Test worker] INFO com.rbmhtechnology.vind.solr.SolrSearchServer - No server provider of type class com.rbmhtechnology.vind.solr.EmbeddedSolrServerProvider found in classpath for server com.rbmhtechnology.vind.solr.SolrSearchServer
[Test worker] INFO org.apache.solr.core.SolrResourceLoader - new SolrResourceLoader for directory: '/tmp/solr-home6268105612367190015'
[Test worker] INFO org.apache.solr.core.SolrResourceLoader - JNDI not configured for solr (NoInitialContextEx)
[Test worker] INFO org.apache.solr.core.SolrResourceLoader - solr home defaulted to 'solr/' (could not find system property or JNDI)
[Test worker] INFO org.apache.solr.core.SolrXmlConfig - Loading container configuration from /tmp/solr-home6268105612367190015/solr.xml
[Test worker] INFO org.apache.solr.core.CorePropertiesLocator - Config-defined core root directory: /tmp/solr-home6268105612367190015
[Test worker] INFO org.apache.solr.core.CoreContainer - New CoreContainer 1959812416
[Test worker] INFO org.apache.solr.core.CoreContainer - Loading cores into CoreContainer [instanceDir=/tmp/solr-home6268105612367190015]
[Test worker] WARN org.apache.solr.core.CoreContainer - Couldn't add files from /tmp/solr-home6268105612367190015/lib to classpath: /tmp/solr-home6268105612367190015/lib
[Test worker] INFO org.apache.solr.handler.component.HttpShardHandlerFactory - created with socketTimeout : 120000,connTimeout : 15000,maxConnectionsPerHost : 20,maxConnections : 10000,corePoolSize : 0,maximumPoolSize : 2147483647,maxThreadIdleTime : 5,sizeOfQueue : -1,fairnessPolicy : false,useRetries : false,
[Test worker] INFO org.apache.solr.update.UpdateShardHandler - Creating UpdateShardHandler HTTP client with params: socketTimeout=600000&connTimeout=60000&retry=true
[Test worker] INFO org.apache.solr.logging.LogWatcher - SLF4J impl is org.slf4j.impl.SimpleLoggerFactory
[Test worker] INFO org.apache.solr.logging.LogWatcher - No LogWatcher configured
[Test worker] INFO org.apache.solr.core.CoreContainer - Security conf doesn't exist. Skipping setup for authorization module.
[Test worker] INFO org.apache.solr.core.CoreContainer - No authentication plugin used.
[Test worker] INFO org.apache.solr.core.CorePropertiesLocator - Looking for core definitions underneath /tmp/solr-home6268105612367190015
[Test worker] INFO org.apache.solr.core.CoreDescriptor - Created CoreDescriptor: {runtimeLib=false, name=core, config=solrconfig.xml, loadOnStartup=true, schema=schema.xml, configSetProperties=configsetprops.json, transient=false, dataDir=data/}
[Test worker] INFO org.apache.solr.core.CorePropertiesLocator - Found core core in /tmp/solr-home6268105612367190015/core
[Test worker] INFO org.apache.solr.core.CorePropertiesLocator - Found 1 core definitions
[coreLoadExecutor-163-thread-1] INFO org.apache.solr.core.SolrResourceLoader - new SolrResourceLoader for directory: '/tmp/solr-home6268105612367190015/core'
[coreLoadExecutor-163-thread-1] INFO org.apache.solr.core.SolrResourceLoader - JNDI not configured for solr (NoInitialContextEx)
[coreLoadExecutor-163-thread-1] INFO org.apache.solr.core.SolrResourceLoader - solr home defaulted to 'solr/' (could not find system property or JNDI)
[coreLoadExecutor-163-thread-1] INFO org.apache.solr.core.SolrResourceLoader - Adding 'file:/tmp/solr-home6268105612367190015/core/lib/marker-search-handler-0.3.0.jar' to classloader
[coreLoadExecutor-163-thread-1] INFO org.apache.solr.core.SolrResourceLoader - Adding 'file:/tmp/solr-home6268105612367190015/core/lib/suggestion-request-handler-2.1.0.jar' to classloader
[coreLoadExecutor-163-thread-1] INFO org.apache.solr.core.SolrConfig - current version of requestparams : -1
[coreLoadExecutor-163-thread-1] INFO org.apache.solr.update.SolrIndexConfig - IndexWriter infoStream solr logging is enabled
[coreLoadExecutor-163-thread-1] INFO org.apache.solr.core.SolrConfig - Using Lucene MatchVersion: 5.5.0
[coreLoadExecutor-163-thread-1] INFO org.apache.solr.core.SolrConfig - Loaded SolrConfig: solrconfig.xml
[coreLoadExecutor-163-thread-1] INFO org.apache.solr.schema.ManagedIndexSchemaFactory - The schema is configured as managed, but managed schema resource managed-schema not found - loading non-managed schema schema.xml instead
[coreLoadExecutor-163-thread-1] INFO org.apache.solr.schema.IndexSchema - [core] Schema name=basic search lib core
[coreLoadExecutor-163-thread-1] INFO org.apache.solr.schema.IndexSchema - unique key field: _id_
[coreLoadExecutor-163-thread-1] INFO org.apache.solr.schema.ManagedIndexSchema - Upgraded to managed schema at /tmp/solr-home6268105612367190015/core/conf/managed-schema
[coreLoadExecutor-163-thread-1] INFO org.apache.solr.schema.ManagedIndexSchemaFactory - After upgrading to managed schema, renamed the non-managed schema /tmp/solr-home6268105612367190015/core/conf/schema.xml to /tmp/solr-home6268105612367190015/core/conf/schema.xml.bak
[coreLoadExecutor-163-thread-1] INFO org.apache.solr.core.ConfigSetProperties - Did not find ConfigSet properties, assuming default properties: Can't find resource 'configsetprops.json' in classpath or '/tmp/solr-home6268105612367190015/core'
[coreLoadExecutor-163-thread-1] INFO org.apache.solr.core.CoreContainer - Creating SolrCore 'core' using configuration from instancedir /tmp/solr-home6268105612367190015/core
[coreLoadExecutor-163-thread-1] INFO org.apache.solr.core.SolrCore - solr.NRTCachingDirectoryFactory
[coreLoadExecutor-163-thread-1] INFO org.apache.solr.core.SolrCore - [[core] ] Opening new SolrCore at [/tmp/solr-home6268105612367190015/core], dataDir=[/tmp/solr-home6268105612367190015/core/data/]
[coreLoadExecutor-163-thread-1] INFO org.apache.solr.core.JmxMonitoredMap - No JMX servers found, not exposing Solr information with JMX.
[coreLoadExecutor-163-thread-1] INFO org.apache.solr.core.SchemaCodecFactory - Using default compressionMode: BEST_SPEED
[coreLoadExecutor-163-thread-1] INFO org.apache.solr.core.CachingDirectoryFactory - return new directory for /tmp/solr-home6268105612367190015/core/data
[coreLoadExecutor-163-thread-1] INFO org.apache.solr.core.SolrCore - New index directory detected: old=null new=/tmp/solr-home6268105612367190015/core/data/index/
[coreLoadExecutor-163-thread-1] WARN org.apache.solr.core.SolrCore - [core] Solr index directory '/tmp/solr-home6268105612367190015/core/data/index' doesn't exist. Creating new index...
[coreLoadExecutor-163-thread-1] INFO org.apache.solr.core.CachingDirectoryFactory - return new directory for /tmp/solr-home6268105612367190015/core/data/index
[coreLoadExecutor-163-thread-1] INFO org.apache.solr.update.LoggingInfoStream - [IFD][coreLoadExecutor-163-thread-1]: init: current segments file is "segments"; deletionPolicy=org.apache.solr.core.IndexDeletionPolicyWrapper@5025da05
[coreLoadExecutor-163-thread-1] INFO org.apache.solr.update.LoggingInfoStream - [IFD][coreLoadExecutor-163-thread-1]: now checkpoint "" [0 segments ; isCommit = false]
[coreLoadExecutor-163-thread-1] INFO org.apache.solr.update.LoggingInfoStream - [IFD][coreLoadExecutor-163-thread-1]: 0 msec to checkpoint
[coreLoadExecutor-163-thread-1] INFO org.apache.solr.update.LoggingInfoStream - [IW][coreLoadExecutor-163-thread-1]: init: create=true
[coreLoadExecutor-163-thread-1] INFO org.apache.solr.update.LoggingInfoStream - [IW][coreLoadExecutor-163-thread-1]: 
dir=NRTCachingDirectory(MMapDirectory@/tmp/solr-home6268105612367190015/core/data/index lockFactory=org.apache.lucene.store.NativeFSLockFactory@2c3d74f6; maxCacheMB=48.0 maxMergeSizeMB=4.0)
index=
version=5.5.1
analyzer=org.apache.solr.update.SolrIndexConfig$DelayedSchemaAnalyzer
ramBufferSizeMB=100.0
maxBufferedDocs=-1
maxBufferedDeleteTerms=-1
mergedSegmentWarmer=null
delPolicy=org.apache.solr.core.IndexDeletionPolicyWrapper
commit=null
openMode=CREATE
similarity=org.apache.lucene.search.similarities.ClassicSimilarity
mergeScheduler=ConcurrentMergeScheduler: maxThreadCount=-1, maxMergeCount=-1, ioThrottle=true
default WRITE_LOCK_TIMEOUT=0
writeLockTimeout=0
codec=Lucene54
infoStream=org.apache.solr.update.LoggingInfoStream
mergePolicy=[TieredMergePolicy: maxMergeAtOnce=10, maxMergeAtOnceExplicit=30, maxMergedSegmentMB=5120.0, floorSegmentMB=2.0, forceMergeDeletesPctAllowed=10.0, segmentsPerTier=10.0, maxCFSSegmentSizeMB=8.796093022207999E12, noCFSRatio=0.1
indexerThreadPool=org.apache.lucene.index.DocumentsWriterPerThreadPool@41fa801a
readerPooling=false
perThreadHardLimitMB=1945
useCompoundFile=false
commitOnClose=true
writer=org.apache.solr.update.SolrIndexWriter@1c11cedc

[coreLoadExecutor-163-thread-1] INFO org.apache.solr.update.LoggingInfoStream - [IW][coreLoadExecutor-163-thread-1]: MMapDirectory.UNMAP_SUPPORTED=true
[coreLoadExecutor-163-thread-1] INFO org.apache.solr.update.LoggingInfoStream - [IW][coreLoadExecutor-163-thread-1]: now flush at close
[coreLoadExecutor-163-thread-1] INFO org.apache.solr.update.LoggingInfoStream - [IW][coreLoadExecutor-163-thread-1]:   start flush: applyAllDeletes=true
[coreLoadExecutor-163-thread-1] INFO org.apache.solr.update.LoggingInfoStream - [IW][coreLoadExecutor-163-thread-1]:   index before flush 
[coreLoadExecutor-163-thread-1] INFO org.apache.solr.update.LoggingInfoStream - [DW][coreLoadExecutor-163-thread-1]: startFullFlush
[coreLoadExecutor-163-thread-1] INFO org.apache.solr.update.LoggingInfoStream - [DW][coreLoadExecutor-163-thread-1]: coreLoadExecutor-163-thread-1 finishFullFlush success=true
[coreLoadExecutor-163-thread-1] INFO org.apache.solr.update.LoggingInfoStream - [IW][coreLoadExecutor-163-thread-1]: apply all deletes during flush
[coreLoadExecutor-163-thread-1] INFO org.apache.solr.update.LoggingInfoStream - [IW][coreLoadExecutor-163-thread-1]: now apply all deletes for all segments maxDoc=0
[coreLoadExecutor-163-thread-1] INFO org.apache.solr.update.LoggingInfoStream - [BD][coreLoadExecutor-163-thread-1]: prune sis=segments:  minGen=9223372036854775807 packetCount=0
[coreLoadExecutor-163-thread-1] INFO org.apache.solr.update.LoggingInfoStream - [MS][coreLoadExecutor-163-thread-1]: initDynamicDefaults spins=false maxThreadCount=2 maxMergeCount=7
[coreLoadExecutor-163-thread-1] INFO org.apache.solr.update.LoggingInfoStream - [MS][coreLoadExecutor-163-thread-1]: updateMergeThreads ioThrottle=true targetMBPerSec=10240.0 MB/sec
[coreLoadExecutor-163-thread-1] INFO org.apache.solr.update.LoggingInfoStream - [MS][coreLoadExecutor-163-thread-1]: now merge
[coreLoadExecutor-163-thread-1] INFO org.apache.solr.update.LoggingInfoStream - [MS][coreLoadExecutor-163-thread-1]:   index: 
[coreLoadExecutor-163-thread-1] INFO org.apache.solr.update.LoggingInfoStream - [MS][coreLoadExecutor-163-thread-1]:   no more merges pending; now return
[coreLoadExecutor-163-thread-1] INFO org.apache.solr.update.LoggingInfoStream - [IW][coreLoadExecutor-163-thread-1]: waitForMerges
[coreLoadExecutor-163-thread-1] INFO org.apache.solr.update.LoggingInfoStream - [IW][coreLoadExecutor-163-thread-1]: waitForMerges done
[coreLoadExecutor-163-thread-1] INFO org.apache.solr.update.LoggingInfoStream - [IW][coreLoadExecutor-163-thread-1]: commit: start
[coreLoadExecutor-163-thread-1] INFO org.apache.solr.update.LoggingInfoStream - [IW][coreLoadExecutor-163-thread-1]: commit: enter lock
[coreLoadExecutor-163-thread-1] INFO org.apache.solr.update.LoggingInfoStream - [IW][coreLoadExecutor-163-thread-1]: commit: now prepare
[coreLoadExecutor-163-thread-1] INFO org.apache.solr.update.LoggingInfoStream - [IW][coreLoadExecutor-163-thread-1]: prepareCommit: flush
[coreLoadExecutor-163-thread-1] INFO org.apache.solr.update.LoggingInfoStream - [IW][coreLoadExecutor-163-thread-1]:   index before flush 
[coreLoadExecutor-163-thread-1] INFO org.apache.solr.update.LoggingInfoStream - [DW][coreLoadExecutor-163-thread-1]: startFullFlush
[coreLoadExecutor-163-thread-1] INFO org.apache.solr.update.LoggingInfoStream - [IW][coreLoadExecutor-163-thread-1]: apply all deletes during flush
[coreLoadExecutor-163-thread-1] INFO org.apache.solr.update.LoggingInfoStream - [IW][coreLoadExecutor-163-thread-1]: now apply all deletes for all segments maxDoc=0
[coreLoadExecutor-163-thread-1] INFO org.apache.solr.update.LoggingInfoStream - [BD][coreLoadExecutor-163-thread-1]: prune sis=segments:  minGen=9223372036854775807 packetCount=0
[coreLoadExecutor-163-thread-1] INFO org.apache.solr.update.LoggingInfoStream - [DW][coreLoadExecutor-163-thread-1]: coreLoadExecutor-163-thread-1 finishFullFlush success=true
[coreLoadExecutor-163-thread-1] INFO org.apache.solr.update.LoggingInfoStream - [IW][coreLoadExecutor-163-thread-1]: startCommit(): start
[coreLoadExecutor-163-thread-1] INFO org.apache.solr.update.LoggingInfoStream - [IW][coreLoadExecutor-163-thread-1]: startCommit index= changeCount=2
[coreLoadExecutor-163-thread-1] INFO org.apache.solr.update.LoggingInfoStream - [IW][coreLoadExecutor-163-thread-1]: startCommit: wrote pending segments file "pending_segments_1"
[coreLoadExecutor-163-thread-1] INFO org.apache.solr.update.LoggingInfoStream - [IW][coreLoadExecutor-163-thread-1]: done all syncs: []
[coreLoadExecutor-163-thread-1] INFO org.apache.solr.update.LoggingInfoStream - [IW][coreLoadExecutor-163-thread-1]: commit: pendingCommit != null
[coreLoadExecutor-163-thread-1] INFO org.apache.solr.update.LoggingInfoStream - [IW][coreLoadExecutor-163-thread-1]: commit: done writing segments file "segments_1"
[coreLoadExecutor-163-thread-1] INFO org.apache.solr.update.LoggingInfoStream - [IFD][coreLoadExecutor-163-thread-1]: now checkpoint "" [0 segments ; isCommit = true]
[coreLoadExecutor-163-thread-1] INFO org.apache.solr.core.SolrDeletionPolicy - SolrDeletionPolicy.onCommit: commits: num=1
	commit{dir=NRTCachingDirectory(MMapDirectory@/tmp/solr-home6268105612367190015/core/data/index lockFactory=org.apache.lucene.store.NativeFSLockFactory@2c3d74f6; maxCacheMB=48.0 maxMergeSizeMB=4.0),segFN=segments_1,generation=1}
[coreLoadExecutor-163-thread-1] INFO org.apache.solr.core.SolrDeletionPolicy - newest commit generation = 1
[coreLoadExecutor-163-thread-1] INFO org.apache.solr.update.LoggingInfoStream - [IFD][coreLoadExecutor-163-thread-1]: 0 msec to checkpoint
[coreLoadExecutor-163-thread-1] INFO org.apache.solr.update.LoggingInfoStream - [IW][coreLoadExecutor-163-thread-1]: commit: took 10.5 msec
[coreLoadExecutor-163-thread-1] INFO org.apache.solr.update.LoggingInfoStream - [IW][coreLoadExecutor-163-thread-1]: commit: done
[coreLoadExecutor-163-thread-1] INFO org.apache.solr.update.LoggingInfoStream - [IW][coreLoadExecutor-163-thread-1]: rollback
[coreLoadExecutor-163-thread-1] INFO org.apache.solr.update.LoggingInfoStream - [IW][coreLoadExecutor-163-thread-1]: all running merges have aborted
[coreLoadExecutor-163-thread-1] INFO org.apache.solr.update.LoggingInfoStream - [IW][coreLoadExecutor-163-thread-1]: rollback: done finish merges
[coreLoadExecutor-163-thread-1] INFO org.apache.solr.update.LoggingInfoStream - [DW][coreLoadExecutor-163-thread-1]: abort
[coreLoadExecutor-163-thread-1] INFO org.apache.solr.update.LoggingInfoStream - [DW][coreLoadExecutor-163-thread-1]: done abort success=true
[coreLoadExecutor-163-thread-1] INFO org.apache.solr.update.LoggingInfoStream - [IW][coreLoadExecutor-163-thread-1]: rollback: infos=
[coreLoadExecutor-163-thread-1] INFO org.apache.solr.update.LoggingInfoStream - [IFD][coreLoadExecutor-163-thread-1]: now checkpoint "" [0 segments ; isCommit = false]
[coreLoadExecutor-163-thread-1] INFO org.apache.solr.update.LoggingInfoStream - [IFD][coreLoadExecutor-163-thread-1]: 0 msec to checkpoint
[OldIndexDirectoryCleanupThreadForCore-core] INFO org.apache.solr.core.SolrCore - Looking for old index directories to cleanup for core core in /tmp/solr-home6268105612367190015/core/data/
[coreLoadExecutor-163-thread-1] INFO org.apache.solr.core.SolrCore - no updateRequestProcessorChain defined as default, creating implicit default
[coreLoadExecutor-163-thread-1] INFO org.apache.solr.handler.loader.XMLLoader - xsltCacheLifetimeSeconds=60
[coreLoadExecutor-163-thread-1] INFO org.apache.solr.handler.loader.XMLLoader - xsltCacheLifetimeSeconds=60
[coreLoadExecutor-163-thread-1] INFO org.apache.solr.handler.loader.XMLLoader - xsltCacheLifetimeSeconds=60
[coreLoadExecutor-163-thread-1] INFO org.apache.solr.handler.loader.XMLLoader - xsltCacheLifetimeSeconds=60
[coreLoadExecutor-163-thread-1] INFO org.apache.solr.core.RequestHandlers - Registered paths: /admin/mbeans,,/update/csv,/update/json/docs,/admin/luke,/select,/suggester,/admin/segments,/get,/admin/system,/replication,/admin/properties,/config,/schema,/admin/plugins,/admin/logging,/update/json,/admin/threads,/admin/ping,/update,/admin/file
[coreLoadExecutor-163-thread-1] INFO org.apache.solr.core.SolrCore - Using default statsCache cache: org.apache.solr.search.stats.LocalStatsCache
[coreLoadExecutor-163-thread-1] INFO org.apache.solr.update.UpdateHandler - Using UpdateLog implementation: org.apache.solr.update.UpdateLog
[coreLoadExecutor-163-thread-1] INFO org.apache.solr.update.UpdateLog - Initializing UpdateLog: dataDir= defaultSyncLevel=FLUSH numRecordsToKeep=100 maxNumLogsToKeep=10 numVersionBuckets=65536
[coreLoadExecutor-163-thread-1] INFO org.apache.solr.update.CommitTracker - Hard AutoCommit: if uncommited for 15000ms; 
[coreLoadExecutor-163-thread-1] INFO org.apache.solr.update.CommitTracker - Soft AutoCommit: disabled
[coreLoadExecutor-163-thread-1] INFO org.apache.solr.update.LoggingInfoStream - [IFD][coreLoadExecutor-163-thread-1]: init: current segments file is "segments_1"; deletionPolicy=org.apache.solr.core.IndexDeletionPolicyWrapper@5025da05
[coreLoadExecutor-163-thread-1] INFO org.apache.solr.update.LoggingInfoStream - [IFD][coreLoadExecutor-163-thread-1]: init: load commit "segments_1"
[coreLoadExecutor-163-thread-1] INFO org.apache.solr.core.SolrDeletionPolicy - SolrDeletionPolicy.onInit: commits: num=1
	commit{dir=NRTCachingDirectory(MMapDirectory@/tmp/solr-home6268105612367190015/core/data/index lockFactory=org.apache.lucene.store.NativeFSLockFactory@2c3d74f6; maxCacheMB=48.0 maxMergeSizeMB=4.0),segFN=segments_1,generation=1}
[coreLoadExecutor-163-thread-1] INFO org.apache.solr.core.SolrDeletionPolicy - newest commit generation = 1
[coreLoadExecutor-163-thread-1] INFO org.apache.solr.update.LoggingInfoStream - [IFD][coreLoadExecutor-163-thread-1]: now checkpoint "" [0 segments ; isCommit = false]
[coreLoadExecutor-163-thread-1] INFO org.apache.solr.update.LoggingInfoStream - [IFD][coreLoadExecutor-163-thread-1]: 0 msec to checkpoint
[coreLoadExecutor-163-thread-1] INFO org.apache.solr.update.LoggingInfoStream - [IW][coreLoadExecutor-163-thread-1]: init: create=false
[coreLoadExecutor-163-thread-1] INFO org.apache.solr.update.LoggingInfoStream - [IW][coreLoadExecutor-163-thread-1]: 
dir=NRTCachingDirectory(MMapDirectory@/tmp/solr-home6268105612367190015/core/data/index lockFactory=org.apache.lucene.store.NativeFSLockFactory@2c3d74f6; maxCacheMB=48.0 maxMergeSizeMB=4.0)
index=
version=5.5.1
analyzer=org.apache.solr.update.SolrIndexConfig$DelayedSchemaAnalyzer
ramBufferSizeMB=100.0
maxBufferedDocs=-1
maxBufferedDeleteTerms=-1
mergedSegmentWarmer=null
delPolicy=org.apache.solr.core.IndexDeletionPolicyWrapper
commit=null
openMode=APPEND
similarity=org.apache.lucene.search.similarities.ClassicSimilarity
mergeScheduler=ConcurrentMergeScheduler: maxThreadCount=-1, maxMergeCount=-1, ioThrottle=true
default WRITE_LOCK_TIMEOUT=0
writeLockTimeout=0
codec=Lucene54
infoStream=org.apache.solr.update.LoggingInfoStream
mergePolicy=[TieredMergePolicy: maxMergeAtOnce=10, maxMergeAtOnceExplicit=30, maxMergedSegmentMB=5120.0, floorSegmentMB=2.0, forceMergeDeletesPctAllowed=10.0, segmentsPerTier=10.0, maxCFSSegmentSizeMB=8.796093022207999E12, noCFSRatio=0.1
indexerThreadPool=org.apache.lucene.index.DocumentsWriterPerThreadPool@1d65edc8
readerPooling=false
perThreadHardLimitMB=1945
useCompoundFile=false
commitOnClose=true
writer=org.apache.solr.update.SolrIndexWriter@77c808eb

[coreLoadExecutor-163-thread-1] INFO org.apache.solr.update.LoggingInfoStream - [IW][coreLoadExecutor-163-thread-1]: MMapDirectory.UNMAP_SUPPORTED=true
[coreLoadExecutor-163-thread-1] INFO org.apache.solr.update.LoggingInfoStream - [IW][coreLoadExecutor-163-thread-1]: flush at getReader
[coreLoadExecutor-163-thread-1] INFO org.apache.solr.update.LoggingInfoStream - [DW][coreLoadExecutor-163-thread-1]: startFullFlush
[coreLoadExecutor-163-thread-1] INFO org.apache.solr.update.LoggingInfoStream - [IW][coreLoadExecutor-163-thread-1]: apply all deletes during flush
[coreLoadExecutor-163-thread-1] INFO org.apache.solr.update.LoggingInfoStream - [IW][coreLoadExecutor-163-thread-1]: now apply all deletes for all segments maxDoc=0
[coreLoadExecutor-163-thread-1] INFO org.apache.solr.update.LoggingInfoStream - [BD][coreLoadExecutor-163-thread-1]: prune sis=segments_1:  minGen=9223372036854775807 packetCount=0
[coreLoadExecutor-163-thread-1] INFO org.apache.solr.update.LoggingInfoStream - [IW][coreLoadExecutor-163-thread-1]: incRefDeleter for NRT reader version=2 segments=
[coreLoadExecutor-163-thread-1] INFO org.apache.solr.update.LoggingInfoStream - [IW][coreLoadExecutor-163-thread-1]: return reader version=2 reader=StandardDirectoryReader(segments_1:2:nrt)
[coreLoadExecutor-163-thread-1] INFO org.apache.solr.update.LoggingInfoStream - [DW][coreLoadExecutor-163-thread-1]: coreLoadExecutor-163-thread-1 finishFullFlush success=true
[coreLoadExecutor-163-thread-1] INFO org.apache.solr.update.LoggingInfoStream - [IW][coreLoadExecutor-163-thread-1]: getReader took 0 msec
[coreLoadExecutor-163-thread-1] INFO org.apache.solr.search.SolrIndexSearcher - Opening Searcher@533f12dd[core] main
[coreLoadExecutor-163-thread-1] INFO org.apache.solr.rest.ManagedResourceStorage - File-based storage initialized to use dir: /tmp/solr-home6268105612367190015/core/conf
[coreLoadExecutor-163-thread-1] INFO org.apache.solr.rest.RestManager - Initializing RestManager with initArgs: {storageDir=/tmp/solr-home6268105612367190015/core/conf}
[coreLoadExecutor-163-thread-1] INFO org.apache.solr.rest.ManagedResourceStorage - Reading _rest_managed.json using file:dir=/tmp/solr-home6268105612367190015/core/conf
[coreLoadExecutor-163-thread-1] INFO org.apache.solr.rest.RestManager - Initializing 0 registered ManagedResources
[coreLoadExecutor-163-thread-1] INFO org.apache.solr.handler.component.SpellCheckComponent - Initializing spell checkers
[coreLoadExecutor-163-thread-1] INFO org.apache.solr.handler.component.SpellCheckComponent - Registering newSearcher listener for spellchecker: default
[coreLoadExecutor-163-thread-1] INFO org.apache.solr.handler.component.SpellCheckComponent - No queryConverter defined, using default converter
[coreLoadExecutor-163-thread-1] INFO org.apache.solr.handler.ReplicationHandler - Commits will be reserved for  10000
[coreLoadExecutor-163-thread-1] INFO org.apache.solr.update.UpdateLog - Looking up max value of version field to seed version buckets
[searcherExecutor-164-thread-1] INFO org.apache.solr.handler.component.SpellCheckComponent - Loading spell index for spellchecker: default
[coreLoadExecutor-163-thread-1] INFO org.apache.solr.update.VersionInfo - Refreshing highest value of _version_ for 65536 version buckets from index
[coreLoadExecutor-163-thread-1] INFO org.apache.solr.update.VersionInfo - No terms found for _version_, cannot seed version bucket highest value from index
[coreLoadExecutor-163-thread-1] INFO org.apache.solr.update.UpdateLog - Could not find max version in index or recent updates, using new clock 1576087834206404608
[searcherExecutor-164-thread-1] INFO org.apache.solr.core.SolrCore - [core] Registered new searcher Searcher@533f12dd[core] main{ExitableDirectoryReader(UninvertingDirectoryReader())}
[coreLoadExecutor-163-thread-1] INFO org.apache.solr.update.UpdateLog - Took 1.0ms to seed version buckets with highest version 1576087834206404608
[coreLoadExecutor-163-thread-1] INFO org.apache.solr.core.CoreContainer - registering core: core
[Test worker] INFO org.apache.solr.core.SolrCore.Request - [core]  webapp=null path=/admin/ping params={} hits=0 status=0 QTime=0
[Test worker] INFO org.apache.solr.core.SolrCore.Request - [core]  webapp=null path=/admin/ping params={} status=0 QTime=0
[Test worker] INFO com.rbmhtechnology.vind.solr.SolrSearchServer - Connection to solr server successful
[Test worker] INFO org.apache.solr.core.SolrCore.Request - [core]  webapp=null path=/schema params={} status=0 QTime=0
[Test worker] INFO com.rbmhtechnology.vind.solr.SolrSearchServer - No server provider of type class com.rbmhtechnology.vind.solr.EmbeddedSolrServerProvider found in classpath for server com.rbmhtechnology.vind.solr.SolrSearchServer
[Test worker] INFO org.apache.solr.update.processor.LogUpdateProcessorFactory - [core]  webapp=null path=/update params={}{add=[1 (1576087834215841792)]} 0 2
[Test worker] INFO org.apache.solr.update.processor.LogUpdateProcessorFactory - [core]  webapp=null path=/update params={}{add=[2 (1576087834217938944)]} 0 0
[Test worker] INFO org.apache.solr.update.DirectUpdateHandler2 - start commit{,optimize=false,openSearcher=true,waitSearcher=true,expungeDeletes=false,softCommit=false,prepareCommit=false}
[Test worker] INFO org.apache.solr.update.LoggingInfoStream - [IW][Test worker]: commit: start
[Test worker] INFO org.apache.solr.update.LoggingInfoStream - [IW][Test worker]: commit: enter lock
[Test worker] INFO org.apache.solr.update.LoggingInfoStream - [IW][Test worker]: commit: now prepare
[Test worker] INFO org.apache.solr.update.LoggingInfoStream - [IW][Test worker]: prepareCommit: flush
[Test worker] INFO org.apache.solr.update.LoggingInfoStream - [IW][Test worker]:   index before flush 
[Test worker] INFO org.apache.solr.update.LoggingInfoStream - [DW][Test worker]: startFullFlush
[Test worker] INFO org.apache.solr.update.LoggingInfoStream - [DW][Test worker]: anyChanges? numDocsInRam=2 deletes=true hasTickets:false pendingChangesInFullFlush: false
[Test worker] INFO org.apache.solr.update.LoggingInfoStream - [DWFC][Test worker]: addFlushableState DocumentsWriterPerThread [pendingDeletes=gen=0 1 deleted terms (unique count=1) bytesUsed=169, segment=_0, aborted=false, numDocsInRAM=2, deleteQueue=DWDQ: [ generation: 1 ]]
[Test worker] INFO org.apache.solr.update.LoggingInfoStream - [DWPT][Test worker]: flush postings as segment _0 numDocs=2
[Test worker] INFO org.apache.solr.update.LoggingInfoStream - [IW][Test worker]: 0 msec to write norms
[Test worker] INFO org.apache.solr.update.LoggingInfoStream - [IW][Test worker]: 1 msec to write docValues
[Test worker] INFO org.apache.solr.update.LoggingInfoStream - [IW][Test worker]: 0 msec to finish stored fields
[Test worker] INFO org.apache.solr.update.LoggingInfoStream - [IW][Test worker]: 1 msec to write postings and finish vectors
[Test worker] INFO org.apache.solr.update.LoggingInfoStream - [IW][Test worker]: 0 msec to write fieldInfos
[Test worker] INFO org.apache.solr.update.LoggingInfoStream - [DWPT][Test worker]: new segment has 0 deleted docs
[Test worker] INFO org.apache.solr.update.LoggingInfoStream - [DWPT][Test worker]: new segment has no vectors; norms; docValues; prox; freqs
[Test worker] INFO org.apache.solr.update.LoggingInfoStream - [DWPT][Test worker]: flushedFiles=[_0_Lucene54_0.dvm, _0_Lucene50_0.doc, _0_Lucene50_0.tim, _0_Lucene50_0.pos, _0.nvd, _0.fdx, _0_Lucene54_0.dvd, _0_Lucene50_0.tip, _0.fdt, _0.nvm, _0.fnm]
[Test worker] INFO org.apache.solr.update.LoggingInfoStream - [DWPT][Test worker]: flushed codec=Lucene54
[Test worker] INFO org.apache.solr.update.LoggingInfoStream - [DWPT][Test worker]: flushed: segment=_0 ramUsed=0.382 MB newFlushedSize=0.004 MB docs/MB=509.884
[Test worker] INFO org.apache.solr.update.LoggingInfoStream - [DW][Test worker]: publishFlushedSegment seg-private updates=null
[Test worker] INFO org.apache.solr.update.LoggingInfoStream - [IW][Test worker]: publishFlushedSegment
[Test worker] INFO org.apache.solr.update.LoggingInfoStream - [BD][Test worker]: push deletes  2 deleted terms (unique count=2) bytesUsed=1072 segmentPrivate?=false delGen=2 packetCount=1 totBytesUsed=1072
[Test worker] INFO org.apache.solr.update.LoggingInfoStream - [IW][Test worker]: publish sets newSegment delGen=3 seg=_0(5.5.1):C2
[Test worker] INFO org.apache.solr.update.LoggingInfoStream - [IFD][Test worker]: now checkpoint "_0(5.5.1):C2" [1 segments ; isCommit = false]
[Test worker] INFO org.apache.solr.update.LoggingInfoStream - [IFD][Test worker]: 0 msec to checkpoint
[Test worker] INFO org.apache.solr.update.LoggingInfoStream - [IW][Test worker]: apply all deletes during flush
[Test worker] INFO org.apache.solr.update.LoggingInfoStream - [IW][Test worker]: now apply all deletes for all segments maxDoc=2
[Test worker] INFO org.apache.solr.update.LoggingInfoStream - [BD][Test worker]: applyDeletes: open segment readers took 0 msec
[Test worker] INFO org.apache.solr.update.LoggingInfoStream - [BD][Test worker]: applyDeletes: infos=[_0(5.5.1):C2] packetCount=1
[Test worker] INFO org.apache.solr.update.LoggingInfoStream - [BD][Test worker]: applyDeletes took 0 msec for 1 segments, 0 newly deleted docs (query deletes), 0 visited terms, allDeleted=null
[Test worker] INFO org.apache.solr.update.LoggingInfoStream - [BD][Test worker]: prune sis=segments_1: _0(5.5.1):C2 minGen=3 packetCount=1
[Test worker] INFO org.apache.solr.update.LoggingInfoStream - [BD][Test worker]: pruneDeletes: prune 1 packets; 0 packets remain
[Test worker] INFO org.apache.solr.update.LoggingInfoStream - [DW][Test worker]: Test worker finishFullFlush success=true
[Test worker] INFO org.apache.solr.update.LoggingInfoStream - [TMP][Test worker]: findMerges: 1 segments
[Test worker] INFO org.apache.solr.update.LoggingInfoStream - [TMP][Test worker]:   seg=_0(5.5.1):C2 size=0.004 MB [floored]
[Test worker] INFO org.apache.solr.update.LoggingInfoStream - [TMP][Test worker]:   allowedSegmentCount=1 vs count=1 (eligible count=1) tooBigCount=0
[Test worker] INFO org.apache.solr.update.LoggingInfoStream - [MS][Test worker]: initDynamicDefaults spins=false maxThreadCount=2 maxMergeCount=7
[Test worker] INFO org.apache.solr.update.LoggingInfoStream - [MS][Test worker]: now merge
[Test worker] INFO org.apache.solr.update.LoggingInfoStream - [MS][Test worker]:   index: _0(5.5.1):C2
[Test worker] INFO org.apache.solr.update.LoggingInfoStream - [MS][Test worker]:   no more merges pending; now return
[Test worker] INFO org.apache.solr.update.LoggingInfoStream - [IW][Test worker]: startCommit(): start
[Test worker] INFO org.apache.solr.update.LoggingInfoStream - [IW][Test worker]: startCommit index=_0(5.5.1):C2 changeCount=4
[Test worker] INFO org.apache.solr.update.LoggingInfoStream - [IW][Test worker]: startCommit: wrote pending segments file "pending_segments_2"
[Test worker] INFO org.apache.solr.update.LoggingInfoStream - [IW][Test worker]: done all syncs: [_0.si, _0_Lucene50_0.doc, _0_Lucene50_0.tim, _0_Lucene54_0.dvm, _0_Lucene50_0.pos, _0.nvd, _0.fdx, _0_Lucene54_0.dvd, _0_Lucene50_0.tip, _0.fdt, _0.nvm, _0.fnm]
[Test worker] INFO org.apache.solr.update.LoggingInfoStream - [IW][Test worker]: commit: pendingCommit != null
[Test worker] INFO org.apache.solr.update.LoggingInfoStream - [IW][Test worker]: commit: done writing segments file "segments_2"
[Test worker] INFO org.apache.solr.update.LoggingInfoStream - [IFD][Test worker]: now checkpoint "_0(5.5.1):C2" [1 segments ; isCommit = true]
[Test worker] INFO org.apache.solr.core.SolrDeletionPolicy - SolrDeletionPolicy.onCommit: commits: num=2
	commit{dir=NRTCachingDirectory(MMapDirectory@/tmp/solr-home6268105612367190015/core/data/index lockFactory=org.apache.lucene.store.NativeFSLockFactory@2c3d74f6; maxCacheMB=48.0 maxMergeSizeMB=4.0),segFN=segments_1,generation=1}
	commit{dir=NRTCachingDirectory(MMapDirectory@/tmp/solr-home6268105612367190015/core/data/index lockFactory=org.apache.lucene.store.NativeFSLockFactory@2c3d74f6; maxCacheMB=48.0 maxMergeSizeMB=4.0),segFN=segments_2,generation=2}
[Test worker] INFO org.apache.solr.core.SolrDeletionPolicy - newest commit generation = 2
[Test worker] INFO org.apache.solr.update.LoggingInfoStream - [IFD][Test worker]: deleteCommits: now decRef commit "segments_1"
[Test worker] INFO org.apache.solr.update.LoggingInfoStream - [IFD][Test worker]: delete "segments_1"
[Test worker] INFO org.apache.solr.update.LoggingInfoStream - [IFD][Test worker]: 0 msec to checkpoint
[Test worker] INFO org.apache.solr.update.LoggingInfoStream - [IW][Test worker]: commit: took 53.4 msec
[Test worker] INFO org.apache.solr.update.LoggingInfoStream - [IW][Test worker]: commit: done
[Test worker] INFO org.apache.solr.update.LoggingInfoStream - [IW][Test worker]: nrtIsCurrent: infoVersion matches: false; DW changes: false; BD changes: false
[Test worker] INFO org.apache.solr.update.LoggingInfoStream - [IW][Test worker]: flush at getReader
[Test worker] INFO org.apache.solr.update.LoggingInfoStream - [DW][Test worker]: startFullFlush
[Test worker] INFO org.apache.solr.update.LoggingInfoStream - [IW][Test worker]: apply all deletes during flush
[Test worker] INFO org.apache.solr.update.LoggingInfoStream - [IW][Test worker]: now apply all deletes for all segments maxDoc=2
[Test worker] INFO org.apache.solr.update.LoggingInfoStream - [BD][Test worker]: applyDeletes: open segment readers took 0 msec
[Test worker] INFO org.apache.solr.update.LoggingInfoStream - [BD][Test worker]: applyDeletes: no segments; skipping
[Test worker] INFO org.apache.solr.update.LoggingInfoStream - [BD][Test worker]: prune sis=segments_2: _0(5.5.1):C2 minGen=3 packetCount=0
[Test worker] INFO org.apache.solr.update.LoggingInfoStream - [IW][Test worker]: incRefDeleter for NRT reader version=6 segments=_0(5.5.1):C2
[Test worker] INFO org.apache.solr.update.LoggingInfoStream - [IW][Test worker]: return reader version=6 reader=StandardDirectoryReader(segments_2:6:nrt _0(5.5.1):C2)
[Test worker] INFO org.apache.solr.update.LoggingInfoStream - [DW][Test worker]: Test worker finishFullFlush success=true
[Test worker] INFO org.apache.solr.update.LoggingInfoStream - [IW][Test worker]: getReader took 1 msec
[Test worker] INFO org.apache.solr.search.SolrIndexSearcher - Opening Searcher@2b5f5283[core] main
[searcherExecutor-164-thread-1] INFO org.apache.solr.handler.component.SpellCheckComponent - Building spell index for spell checker: default
[Test worker] INFO org.apache.solr.update.DirectUpdateHandler2 - end_commit_flush
[searcherExecutor-164-thread-1] INFO org.apache.solr.core.SolrCore - [core] Registered new searcher Searcher@2b5f5283[core] main{ExitableDirectoryReader(UninvertingDirectoryReader(Uninverting(_0(5.5.1):C2)))}
[searcherExecutor-164-thread-1] INFO org.apache.solr.update.LoggingInfoStream - [IW][searcherExecutor-164-thread-1]: decRefDeleter for NRT reader version=2 segments=
[Test worker] INFO org.apache.solr.update.processor.LogUpdateProcessorFactory - [core]  webapp=null path=/update params={commit=true&softCommit=false&waitSearcher=true}{commit=} 0 85
[Test worker] INFO org.apache.solr.core.SolrCore.Request - [core]  webapp=null path=/select params={q=*&fl=*,score&df=text&fq=_type_:asset&fq=dynamic_multi_filter_string_textFacetTaxonomy:"uno"&start=0&rows=10} hits=1 status=0 QTime=0
[Test worker] INFO org.apache.solr.core.SolrCore.Request - [core]  webapp=null path=/select params={q=*&fl=*,score&df=text&fq=_type_:asset&fq=dynamic_multi_filter_string_multiTextTaxonomy:"uno"&start=0&rows=10} hits=1 status=0 QTime=0
[Test worker] INFO org.apache.solr.core.CoreContainer - Shutting down CoreContainer instance=1959812416
[coreCloseExecutor-169-thread-1] INFO org.apache.solr.core.SolrCore - [core]  CLOSING SolrCore org.apache.solr.core.SolrCore@2aa50a8b
[coreCloseExecutor-169-thread-1] INFO org.apache.solr.update.DirectUpdateHandler2 - closing DirectUpdateHandler2{commits=1,autocommit maxTime=15000ms,autocommits=0,soft autocommits=0,optimizes=0,rollbacks=0,expungeDeletes=0,docsPending=0,adds=0,deletesById=0,deletesByQuery=0,errors=0,cumulative_adds=2,cumulative_deletesById=0,cumulative_deletesByQuery=0,cumulative_errors=0,transaction_logs_total_size=562,transaction_logs_total_number=1}
[coreCloseExecutor-169-thread-1] INFO org.apache.solr.update.SolrCoreState - Closing SolrCoreState
[coreCloseExecutor-169-thread-1] INFO org.apache.solr.update.DefaultSolrCoreState - SolrCoreState ref count has reached 0 - closing IndexWriter
[coreCloseExecutor-169-thread-1] INFO org.apache.solr.update.DefaultSolrCoreState - closing IndexWriter with IndexWriterCloser
[coreCloseExecutor-169-thread-1] INFO org.apache.solr.update.LoggingInfoStream - [IW][coreCloseExecutor-169-thread-1]: now flush at close
[coreCloseExecutor-169-thread-1] INFO org.apache.solr.update.LoggingInfoStream - [IW][coreCloseExecutor-169-thread-1]:   start flush: applyAllDeletes=true
[coreCloseExecutor-169-thread-1] INFO org.apache.solr.update.LoggingInfoStream - [IW][coreCloseExecutor-169-thread-1]:   index before flush _0(5.5.1):C2
[coreCloseExecutor-169-thread-1] INFO org.apache.solr.update.LoggingInfoStream - [DW][coreCloseExecutor-169-thread-1]: startFullFlush
[coreCloseExecutor-169-thread-1] INFO org.apache.solr.update.LoggingInfoStream - [DW][coreCloseExecutor-169-thread-1]: coreCloseExecutor-169-thread-1 finishFullFlush success=true
[coreCloseExecutor-169-thread-1] INFO org.apache.solr.update.LoggingInfoStream - [IW][coreCloseExecutor-169-thread-1]: apply all deletes during flush
[coreCloseExecutor-169-thread-1] INFO org.apache.solr.update.LoggingInfoStream - [IW][coreCloseExecutor-169-thread-1]: now apply all deletes for all segments maxDoc=2
[coreCloseExecutor-169-thread-1] INFO org.apache.solr.update.LoggingInfoStream - [BD][coreCloseExecutor-169-thread-1]: applyDeletes: open segment readers took 0 msec
[coreCloseExecutor-169-thread-1] INFO org.apache.solr.update.LoggingInfoStream - [BD][coreCloseExecutor-169-thread-1]: applyDeletes: no segments; skipping
[coreCloseExecutor-169-thread-1] INFO org.apache.solr.update.LoggingInfoStream - [BD][coreCloseExecutor-169-thread-1]: prune sis=segments_2: _0(5.5.1):C2 minGen=3 packetCount=0
[coreCloseExecutor-169-thread-1] INFO org.apache.solr.update.LoggingInfoStream - [MS][coreCloseExecutor-169-thread-1]: updateMergeThreads ioThrottle=true targetMBPerSec=10240.0 MB/sec
[coreCloseExecutor-169-thread-1] INFO org.apache.solr.update.LoggingInfoStream - [MS][coreCloseExecutor-169-thread-1]: now merge
[coreCloseExecutor-169-thread-1] INFO org.apache.solr.update.LoggingInfoStream - [MS][coreCloseExecutor-169-thread-1]:   index: _0(5.5.1):C2
[coreCloseExecutor-169-thread-1] INFO org.apache.solr.update.LoggingInfoStream - [MS][coreCloseExecutor-169-thread-1]:   no more merges pending; now return
[coreCloseExecutor-169-thread-1] INFO org.apache.solr.update.LoggingInfoStream - [IW][coreCloseExecutor-169-thread-1]: waitForMerges
[coreCloseExecutor-169-thread-1] INFO org.apache.solr.update.LoggingInfoStream - [IW][coreCloseExecutor-169-thread-1]: waitForMerges done
[coreCloseExecutor-169-thread-1] INFO org.apache.solr.update.LoggingInfoStream - [IW][coreCloseExecutor-169-thread-1]: commit: start
[coreCloseExecutor-169-thread-1] INFO org.apache.solr.update.LoggingInfoStream - [IW][coreCloseExecutor-169-thread-1]: commit: enter lock
[coreCloseExecutor-169-thread-1] INFO org.apache.solr.update.LoggingInfoStream - [IW][coreCloseExecutor-169-thread-1]: commit: now prepare
[coreCloseExecutor-169-thread-1] INFO org.apache.solr.update.LoggingInfoStream - [IW][coreCloseExecutor-169-thread-1]: prepareCommit: flush
[coreCloseExecutor-169-thread-1] INFO org.apache.solr.update.LoggingInfoStream - [IW][coreCloseExecutor-169-thread-1]:   index before flush _0(5.5.1):C2
[coreCloseExecutor-169-thread-1] INFO org.apache.solr.update.LoggingInfoStream - [DW][coreCloseExecutor-169-thread-1]: startFullFlush
[coreCloseExecutor-169-thread-1] INFO org.apache.solr.update.LoggingInfoStream - [IW][coreCloseExecutor-169-thread-1]: apply all deletes during flush
[coreCloseExecutor-169-thread-1] INFO org.apache.solr.update.LoggingInfoStream - [IW][coreCloseExecutor-169-thread-1]: now apply all deletes for all segments maxDoc=2
[coreCloseExecutor-169-thread-1] INFO org.apache.solr.update.LoggingInfoStream - [BD][coreCloseExecutor-169-thread-1]: applyDeletes: open segment readers took 0 msec
[coreCloseExecutor-169-thread-1] INFO org.apache.solr.update.LoggingInfoStream - [BD][coreCloseExecutor-169-thread-1]: applyDeletes: no segments; skipping
[coreCloseExecutor-169-thread-1] INFO org.apache.solr.update.LoggingInfoStream - [BD][coreCloseExecutor-169-thread-1]: prune sis=segments_2: _0(5.5.1):C2 minGen=3 packetCount=0
[coreCloseExecutor-169-thread-1] INFO org.apache.solr.update.LoggingInfoStream - [DW][coreCloseExecutor-169-thread-1]: coreCloseExecutor-169-thread-1 finishFullFlush success=true
[coreCloseExecutor-169-thread-1] INFO org.apache.solr.update.LoggingInfoStream - [IW][coreCloseExecutor-169-thread-1]: startCommit(): start
[coreCloseExecutor-169-thread-1] INFO org.apache.solr.update.LoggingInfoStream - [IW][coreCloseExecutor-169-thread-1]:   skip startCommit(): no changes pending
[coreCloseExecutor-169-thread-1] INFO org.apache.solr.update.LoggingInfoStream - [IW][coreCloseExecutor-169-thread-1]: commit: pendingCommit == null; skip
[coreCloseExecutor-169-thread-1] INFO org.apache.solr.update.LoggingInfoStream - [IW][coreCloseExecutor-169-thread-1]: commit: took 0.2 msec
[coreCloseExecutor-169-thread-1] INFO org.apache.solr.update.LoggingInfoStream - [IW][coreCloseExecutor-169-thread-1]: commit: done
[coreCloseExecutor-169-thread-1] INFO org.apache.solr.update.LoggingInfoStream - [IW][coreCloseExecutor-169-thread-1]: rollback
[coreCloseExecutor-169-thread-1] INFO org.apache.solr.update.LoggingInfoStream - [IW][coreCloseExecutor-169-thread-1]: all running merges have aborted
[coreCloseExecutor-169-thread-1] INFO org.apache.solr.update.LoggingInfoStream - [IW][coreCloseExecutor-169-thread-1]: rollback: done finish merges
[coreCloseExecutor-169-thread-1] INFO org.apache.solr.update.LoggingInfoStream - [DW][coreCloseExecutor-169-thread-1]: abort
[coreCloseExecutor-169-thread-1] INFO org.apache.solr.update.LoggingInfoStream - [DW][coreCloseExecutor-169-thread-1]: done abort success=true
[coreCloseExecutor-169-thread-1] INFO org.apache.solr.update.LoggingInfoStream - [IW][coreCloseExecutor-169-thread-1]: rollback: infos=_0(5.5.1):C2
[coreCloseExecutor-169-thread-1] INFO org.apache.solr.update.LoggingInfoStream - [IFD][coreCloseExecutor-169-thread-1]: now checkpoint "_0(5.5.1):C2" [1 segments ; isCommit = false]
[coreCloseExecutor-169-thread-1] INFO org.apache.solr.update.LoggingInfoStream - [IFD][coreCloseExecutor-169-thread-1]: 0 msec to checkpoint
[coreCloseExecutor-169-thread-1] INFO org.apache.solr.core.SolrCore - [core] Closing main searcher on request.
[coreCloseExecutor-169-thread-1] INFO org.apache.solr.core.CachingDirectoryFactory - Closing NRTCachingDirectoryFactory - 2 directories currently being tracked
[coreCloseExecutor-169-thread-1] INFO org.apache.solr.core.CachingDirectoryFactory - looking to close /tmp/solr-home6268105612367190015/core/data [CachedDir<<refCount=0;path=/tmp/solr-home6268105612367190015/core/data;done=false>>]
[coreCloseExecutor-169-thread-1] INFO org.apache.solr.core.CachingDirectoryFactory - Closing directory: /tmp/solr-home6268105612367190015/core/data
[coreCloseExecutor-169-thread-1] INFO org.apache.solr.core.CachingDirectoryFactory - looking to close /tmp/solr-home6268105612367190015/core/data/index [CachedDir<<refCount=0;path=/tmp/solr-home6268105612367190015/core/data/index;done=false>>]
[coreCloseExecutor-169-thread-1] INFO org.apache.solr.core.CachingDirectoryFactory - Closing directory: /tmp/solr-home6268105612367190015/core/data/index
[Test worker] INFO com.rbmhtechnology.vind.solr.SolrSearchServer - No server provider of type class com.rbmhtechnology.vind.solr.EmbeddedSolrServerProvider found in classpath for server com.rbmhtechnology.vind.solr.SolrSearchServer
[Test worker] INFO com.rbmhtechnology.vind.solr.SolrSearchServer - No server provider of type class com.rbmhtechnology.vind.solr.EmbeddedSolrServerProvider found in classpath for server com.rbmhtechnology.vind.solr.SolrSearchServer
[Test worker] INFO org.apache.solr.core.SolrResourceLoader - new SolrResourceLoader for directory: '/tmp/solr-home6642683088949122377'
[Test worker] INFO org.apache.solr.core.SolrResourceLoader - JNDI not configured for solr (NoInitialContextEx)
[Test worker] INFO org.apache.solr.core.SolrResourceLoader - solr home defaulted to 'solr/' (could not find system property or JNDI)
[Test worker] INFO org.apache.solr.core.SolrXmlConfig - Loading container configuration from /tmp/solr-home6642683088949122377/solr.xml
[Test worker] INFO org.apache.solr.core.CorePropertiesLocator - Config-defined core root directory: /tmp/solr-home6642683088949122377
[Test worker] INFO org.apache.solr.core.CoreContainer - New CoreContainer 142642876
[Test worker] INFO org.apache.solr.core.CoreContainer - Loading cores into CoreContainer [instanceDir=/tmp/solr-home6642683088949122377]
[Test worker] WARN org.apache.solr.core.CoreContainer - Couldn't add files from /tmp/solr-home6642683088949122377/lib to classpath: /tmp/solr-home6642683088949122377/lib
[Test worker] INFO org.apache.solr.handler.component.HttpShardHandlerFactory - created with socketTimeout : 120000,connTimeout : 15000,maxConnectionsPerHost : 20,maxConnections : 10000,corePoolSize : 0,maximumPoolSize : 2147483647,maxThreadIdleTime : 5,sizeOfQueue : -1,fairnessPolicy : false,useRetries : false,
[Test worker] INFO org.apache.solr.update.UpdateShardHandler - Creating UpdateShardHandler HTTP client with params: socketTimeout=600000&connTimeout=60000&retry=true
[Test worker] INFO org.apache.solr.logging.LogWatcher - SLF4J impl is org.slf4j.impl.SimpleLoggerFactory
[Test worker] INFO org.apache.solr.logging.LogWatcher - No LogWatcher configured
[Test worker] INFO org.apache.solr.core.CoreContainer - Security conf doesn't exist. Skipping setup for authorization module.
[Test worker] INFO org.apache.solr.core.CoreContainer - No authentication plugin used.
[Test worker] INFO org.apache.solr.core.CorePropertiesLocator - Looking for core definitions underneath /tmp/solr-home6642683088949122377
[Test worker] INFO org.apache.solr.core.CoreDescriptor - Created CoreDescriptor: {runtimeLib=false, name=core, config=solrconfig.xml, loadOnStartup=true, schema=schema.xml, configSetProperties=configsetprops.json, transient=false, dataDir=data/}
[Test worker] INFO org.apache.solr.core.CorePropertiesLocator - Found core core in /tmp/solr-home6642683088949122377/core
[Test worker] INFO org.apache.solr.core.CorePropertiesLocator - Found 1 core definitions
[coreLoadExecutor-176-thread-1] INFO org.apache.solr.core.SolrResourceLoader - new SolrResourceLoader for directory: '/tmp/solr-home6642683088949122377/core'
[coreLoadExecutor-176-thread-1] INFO org.apache.solr.core.SolrResourceLoader - JNDI not configured for solr (NoInitialContextEx)
[coreLoadExecutor-176-thread-1] INFO org.apache.solr.core.SolrResourceLoader - solr home defaulted to 'solr/' (could not find system property or JNDI)
[coreLoadExecutor-176-thread-1] INFO org.apache.solr.core.SolrResourceLoader - Adding 'file:/tmp/solr-home6642683088949122377/core/lib/marker-search-handler-0.3.0.jar' to classloader
[coreLoadExecutor-176-thread-1] INFO org.apache.solr.core.SolrResourceLoader - Adding 'file:/tmp/solr-home6642683088949122377/core/lib/suggestion-request-handler-2.1.0.jar' to classloader
[coreLoadExecutor-176-thread-1] INFO org.apache.solr.core.SolrConfig - current version of requestparams : -1
[coreLoadExecutor-176-thread-1] INFO org.apache.solr.update.SolrIndexConfig - IndexWriter infoStream solr logging is enabled
[coreLoadExecutor-176-thread-1] INFO org.apache.solr.core.SolrConfig - Using Lucene MatchVersion: 5.5.0
[coreLoadExecutor-176-thread-1] INFO org.apache.solr.core.SolrConfig - Loaded SolrConfig: solrconfig.xml
[coreLoadExecutor-176-thread-1] INFO org.apache.solr.schema.ManagedIndexSchemaFactory - The schema is configured as managed, but managed schema resource managed-schema not found - loading non-managed schema schema.xml instead
[coreLoadExecutor-176-thread-1] INFO org.apache.solr.schema.IndexSchema - [core] Schema name=basic search lib core
[coreLoadExecutor-176-thread-1] INFO org.apache.solr.schema.IndexSchema - unique key field: _id_
[coreLoadExecutor-176-thread-1] INFO org.apache.solr.schema.ManagedIndexSchema - Upgraded to managed schema at /tmp/solr-home6642683088949122377/core/conf/managed-schema
[coreLoadExecutor-176-thread-1] INFO org.apache.solr.schema.ManagedIndexSchemaFactory - After upgrading to managed schema, renamed the non-managed schema /tmp/solr-home6642683088949122377/core/conf/schema.xml to /tmp/solr-home6642683088949122377/core/conf/schema.xml.bak
[coreLoadExecutor-176-thread-1] INFO org.apache.solr.core.ConfigSetProperties - Did not find ConfigSet properties, assuming default properties: Can't find resource 'configsetprops.json' in classpath or '/tmp/solr-home6642683088949122377/core'
[coreLoadExecutor-176-thread-1] INFO org.apache.solr.core.CoreContainer - Creating SolrCore 'core' using configuration from instancedir /tmp/solr-home6642683088949122377/core
[coreLoadExecutor-176-thread-1] INFO org.apache.solr.core.SolrCore - solr.NRTCachingDirectoryFactory
[coreLoadExecutor-176-thread-1] INFO org.apache.solr.core.SolrCore - [[core] ] Opening new SolrCore at [/tmp/solr-home6642683088949122377/core], dataDir=[/tmp/solr-home6642683088949122377/core/data/]
[coreLoadExecutor-176-thread-1] INFO org.apache.solr.core.JmxMonitoredMap - No JMX servers found, not exposing Solr information with JMX.
[coreLoadExecutor-176-thread-1] INFO org.apache.solr.core.SchemaCodecFactory - Using default compressionMode: BEST_SPEED
[coreLoadExecutor-176-thread-1] INFO org.apache.solr.core.CachingDirectoryFactory - return new directory for /tmp/solr-home6642683088949122377/core/data
[coreLoadExecutor-176-thread-1] INFO org.apache.solr.core.SolrCore - New index directory detected: old=null new=/tmp/solr-home6642683088949122377/core/data/index/
[coreLoadExecutor-176-thread-1] WARN org.apache.solr.core.SolrCore - [core] Solr index directory '/tmp/solr-home6642683088949122377/core/data/index' doesn't exist. Creating new index...
[coreLoadExecutor-176-thread-1] INFO org.apache.solr.core.CachingDirectoryFactory - return new directory for /tmp/solr-home6642683088949122377/core/data/index
[coreLoadExecutor-176-thread-1] INFO org.apache.solr.update.LoggingInfoStream - [IFD][coreLoadExecutor-176-thread-1]: init: current segments file is "segments"; deletionPolicy=org.apache.solr.core.IndexDeletionPolicyWrapper@34f4adda
[coreLoadExecutor-176-thread-1] INFO org.apache.solr.update.LoggingInfoStream - [IFD][coreLoadExecutor-176-thread-1]: now checkpoint "" [0 segments ; isCommit = false]
[coreLoadExecutor-176-thread-1] INFO org.apache.solr.update.LoggingInfoStream - [IFD][coreLoadExecutor-176-thread-1]: 0 msec to checkpoint
[coreLoadExecutor-176-thread-1] INFO org.apache.solr.update.LoggingInfoStream - [IW][coreLoadExecutor-176-thread-1]: init: create=true
[coreLoadExecutor-176-thread-1] INFO org.apache.solr.update.LoggingInfoStream - [IW][coreLoadExecutor-176-thread-1]: 
dir=NRTCachingDirectory(MMapDirectory@/tmp/solr-home6642683088949122377/core/data/index lockFactory=org.apache.lucene.store.NativeFSLockFactory@2c3d74f6; maxCacheMB=48.0 maxMergeSizeMB=4.0)
index=
version=5.5.1
analyzer=org.apache.solr.update.SolrIndexConfig$DelayedSchemaAnalyzer
ramBufferSizeMB=100.0
maxBufferedDocs=-1
maxBufferedDeleteTerms=-1
mergedSegmentWarmer=null
delPolicy=org.apache.solr.core.IndexDeletionPolicyWrapper
commit=null
openMode=CREATE
similarity=org.apache.lucene.search.similarities.ClassicSimilarity
mergeScheduler=ConcurrentMergeScheduler: maxThreadCount=-1, maxMergeCount=-1, ioThrottle=true
default WRITE_LOCK_TIMEOUT=0
writeLockTimeout=0
codec=Lucene54
infoStream=org.apache.solr.update.LoggingInfoStream
mergePolicy=[TieredMergePolicy: maxMergeAtOnce=10, maxMergeAtOnceExplicit=30, maxMergedSegmentMB=5120.0, floorSegmentMB=2.0, forceMergeDeletesPctAllowed=10.0, segmentsPerTier=10.0, maxCFSSegmentSizeMB=8.796093022207999E12, noCFSRatio=0.1
indexerThreadPool=org.apache.lucene.index.DocumentsWriterPerThreadPool@11fac3c4
readerPooling=false
perThreadHardLimitMB=1945
useCompoundFile=false
commitOnClose=true
writer=org.apache.solr.update.SolrIndexWriter@14dbd5bc

[coreLoadExecutor-176-thread-1] INFO org.apache.solr.update.LoggingInfoStream - [IW][coreLoadExecutor-176-thread-1]: MMapDirectory.UNMAP_SUPPORTED=true
[coreLoadExecutor-176-thread-1] INFO org.apache.solr.update.LoggingInfoStream - [IW][coreLoadExecutor-176-thread-1]: now flush at close
[coreLoadExecutor-176-thread-1] INFO org.apache.solr.update.LoggingInfoStream - [IW][coreLoadExecutor-176-thread-1]:   start flush: applyAllDeletes=true
[coreLoadExecutor-176-thread-1] INFO org.apache.solr.update.LoggingInfoStream - [IW][coreLoadExecutor-176-thread-1]:   index before flush 
[coreLoadExecutor-176-thread-1] INFO org.apache.solr.update.LoggingInfoStream - [DW][coreLoadExecutor-176-thread-1]: startFullFlush
[coreLoadExecutor-176-thread-1] INFO org.apache.solr.update.LoggingInfoStream - [DW][coreLoadExecutor-176-thread-1]: coreLoadExecutor-176-thread-1 finishFullFlush success=true
[coreLoadExecutor-176-thread-1] INFO org.apache.solr.update.LoggingInfoStream - [IW][coreLoadExecutor-176-thread-1]: apply all deletes during flush
[coreLoadExecutor-176-thread-1] INFO org.apache.solr.update.LoggingInfoStream - [IW][coreLoadExecutor-176-thread-1]: now apply all deletes for all segments maxDoc=0
[coreLoadExecutor-176-thread-1] INFO org.apache.solr.update.LoggingInfoStream - [BD][coreLoadExecutor-176-thread-1]: prune sis=segments:  minGen=9223372036854775807 packetCount=0
[coreLoadExecutor-176-thread-1] INFO org.apache.solr.update.LoggingInfoStream - [MS][coreLoadExecutor-176-thread-1]: initDynamicDefaults spins=false maxThreadCount=2 maxMergeCount=7
[coreLoadExecutor-176-thread-1] INFO org.apache.solr.update.LoggingInfoStream - [MS][coreLoadExecutor-176-thread-1]: updateMergeThreads ioThrottle=true targetMBPerSec=10240.0 MB/sec
[coreLoadExecutor-176-thread-1] INFO org.apache.solr.update.LoggingInfoStream - [MS][coreLoadExecutor-176-thread-1]: now merge
[coreLoadExecutor-176-thread-1] INFO org.apache.solr.update.LoggingInfoStream - [MS][coreLoadExecutor-176-thread-1]:   index: 
[coreLoadExecutor-176-thread-1] INFO org.apache.solr.update.LoggingInfoStream - [MS][coreLoadExecutor-176-thread-1]:   no more merges pending; now return
[coreLoadExecutor-176-thread-1] INFO org.apache.solr.update.LoggingInfoStream - [IW][coreLoadExecutor-176-thread-1]: waitForMerges
[coreLoadExecutor-176-thread-1] INFO org.apache.solr.update.LoggingInfoStream - [IW][coreLoadExecutor-176-thread-1]: waitForMerges done
[coreLoadExecutor-176-thread-1] INFO org.apache.solr.update.LoggingInfoStream - [IW][coreLoadExecutor-176-thread-1]: commit: start
[coreLoadExecutor-176-thread-1] INFO org.apache.solr.update.LoggingInfoStream - [IW][coreLoadExecutor-176-thread-1]: commit: enter lock
[coreLoadExecutor-176-thread-1] INFO org.apache.solr.update.LoggingInfoStream - [IW][coreLoadExecutor-176-thread-1]: commit: now prepare
[coreLoadExecutor-176-thread-1] INFO org.apache.solr.update.LoggingInfoStream - [IW][coreLoadExecutor-176-thread-1]: prepareCommit: flush
[coreLoadExecutor-176-thread-1] INFO org.apache.solr.update.LoggingInfoStream - [IW][coreLoadExecutor-176-thread-1]:   index before flush 
[coreLoadExecutor-176-thread-1] INFO org.apache.solr.update.LoggingInfoStream - [DW][coreLoadExecutor-176-thread-1]: startFullFlush
[coreLoadExecutor-176-thread-1] INFO org.apache.solr.update.LoggingInfoStream - [IW][coreLoadExecutor-176-thread-1]: apply all deletes during flush
[coreLoadExecutor-176-thread-1] INFO org.apache.solr.update.LoggingInfoStream - [IW][coreLoadExecutor-176-thread-1]: now apply all deletes for all segments maxDoc=0
[coreLoadExecutor-176-thread-1] INFO org.apache.solr.update.LoggingInfoStream - [BD][coreLoadExecutor-176-thread-1]: prune sis=segments:  minGen=9223372036854775807 packetCount=0
[coreLoadExecutor-176-thread-1] INFO org.apache.solr.update.LoggingInfoStream - [DW][coreLoadExecutor-176-thread-1]: coreLoadExecutor-176-thread-1 finishFullFlush success=true
[coreLoadExecutor-176-thread-1] INFO org.apache.solr.update.LoggingInfoStream - [IW][coreLoadExecutor-176-thread-1]: startCommit(): start
[coreLoadExecutor-176-thread-1] INFO org.apache.solr.update.LoggingInfoStream - [IW][coreLoadExecutor-176-thread-1]: startCommit index= changeCount=2
[coreLoadExecutor-176-thread-1] INFO org.apache.solr.update.LoggingInfoStream - [IW][coreLoadExecutor-176-thread-1]: startCommit: wrote pending segments file "pending_segments_1"
[coreLoadExecutor-176-thread-1] INFO org.apache.solr.update.LoggingInfoStream - [IW][coreLoadExecutor-176-thread-1]: done all syncs: []
[coreLoadExecutor-176-thread-1] INFO org.apache.solr.update.LoggingInfoStream - [IW][coreLoadExecutor-176-thread-1]: commit: pendingCommit != null
[coreLoadExecutor-176-thread-1] INFO org.apache.solr.update.LoggingInfoStream - [IW][coreLoadExecutor-176-thread-1]: commit: done writing segments file "segments_1"
[coreLoadExecutor-176-thread-1] INFO org.apache.solr.update.LoggingInfoStream - [IFD][coreLoadExecutor-176-thread-1]: now checkpoint "" [0 segments ; isCommit = true]
[coreLoadExecutor-176-thread-1] INFO org.apache.solr.core.SolrDeletionPolicy - SolrDeletionPolicy.onCommit: commits: num=1
	commit{dir=NRTCachingDirectory(MMapDirectory@/tmp/solr-home6642683088949122377/core/data/index lockFactory=org.apache.lucene.store.NativeFSLockFactory@2c3d74f6; maxCacheMB=48.0 maxMergeSizeMB=4.0),segFN=segments_1,generation=1}
[coreLoadExecutor-176-thread-1] INFO org.apache.solr.core.SolrDeletionPolicy - newest commit generation = 1
[coreLoadExecutor-176-thread-1] INFO org.apache.solr.update.LoggingInfoStream - [IFD][coreLoadExecutor-176-thread-1]: 0 msec to checkpoint
[coreLoadExecutor-176-thread-1] INFO org.apache.solr.update.LoggingInfoStream - [IW][coreLoadExecutor-176-thread-1]: commit: took 9.9 msec
[coreLoadExecutor-176-thread-1] INFO org.apache.solr.update.LoggingInfoStream - [IW][coreLoadExecutor-176-thread-1]: commit: done
[coreLoadExecutor-176-thread-1] INFO org.apache.solr.update.LoggingInfoStream - [IW][coreLoadExecutor-176-thread-1]: rollback
[coreLoadExecutor-176-thread-1] INFO org.apache.solr.update.LoggingInfoStream - [IW][coreLoadExecutor-176-thread-1]: all running merges have aborted
[coreLoadExecutor-176-thread-1] INFO org.apache.solr.update.LoggingInfoStream - [IW][coreLoadExecutor-176-thread-1]: rollback: done finish merges
[coreLoadExecutor-176-thread-1] INFO org.apache.solr.update.LoggingInfoStream - [DW][coreLoadExecutor-176-thread-1]: abort
[coreLoadExecutor-176-thread-1] INFO org.apache.solr.update.LoggingInfoStream - [DW][coreLoadExecutor-176-thread-1]: done abort success=true
[coreLoadExecutor-176-thread-1] INFO org.apache.solr.update.LoggingInfoStream - [IW][coreLoadExecutor-176-thread-1]: rollback: infos=
[coreLoadExecutor-176-thread-1] INFO org.apache.solr.update.LoggingInfoStream - [IFD][coreLoadExecutor-176-thread-1]: now checkpoint "" [0 segments ; isCommit = false]
[coreLoadExecutor-176-thread-1] INFO org.apache.solr.update.LoggingInfoStream - [IFD][coreLoadExecutor-176-thread-1]: 0 msec to checkpoint
[OldIndexDirectoryCleanupThreadForCore-core] INFO org.apache.solr.core.SolrCore - Looking for old index directories to cleanup for core core in /tmp/solr-home6642683088949122377/core/data/
[coreLoadExecutor-176-thread-1] INFO org.apache.solr.core.SolrCore - no updateRequestProcessorChain defined as default, creating implicit default
[coreLoadExecutor-176-thread-1] INFO org.apache.solr.handler.loader.XMLLoader - xsltCacheLifetimeSeconds=60
[coreLoadExecutor-176-thread-1] INFO org.apache.solr.handler.loader.XMLLoader - xsltCacheLifetimeSeconds=60
[coreLoadExecutor-176-thread-1] INFO org.apache.solr.handler.loader.XMLLoader - xsltCacheLifetimeSeconds=60
[coreLoadExecutor-176-thread-1] INFO org.apache.solr.handler.loader.XMLLoader - xsltCacheLifetimeSeconds=60
[coreLoadExecutor-176-thread-1] INFO org.apache.solr.core.RequestHandlers - Registered paths: /admin/mbeans,,/update/csv,/update/json/docs,/admin/luke,/select,/suggester,/admin/segments,/get,/admin/system,/replication,/admin/properties,/config,/schema,/admin/plugins,/admin/logging,/update/json,/admin/threads,/admin/ping,/update,/admin/file
[coreLoadExecutor-176-thread-1] INFO org.apache.solr.core.SolrCore - Using default statsCache cache: org.apache.solr.search.stats.LocalStatsCache
[coreLoadExecutor-176-thread-1] INFO org.apache.solr.update.UpdateHandler - Using UpdateLog implementation: org.apache.solr.update.UpdateLog
[coreLoadExecutor-176-thread-1] INFO org.apache.solr.update.UpdateLog - Initializing UpdateLog: dataDir= defaultSyncLevel=FLUSH numRecordsToKeep=100 maxNumLogsToKeep=10 numVersionBuckets=65536
[coreLoadExecutor-176-thread-1] INFO org.apache.solr.update.CommitTracker - Hard AutoCommit: if uncommited for 15000ms; 
[coreLoadExecutor-176-thread-1] INFO org.apache.solr.update.CommitTracker - Soft AutoCommit: disabled
[coreLoadExecutor-176-thread-1] INFO org.apache.solr.update.LoggingInfoStream - [IFD][coreLoadExecutor-176-thread-1]: init: current segments file is "segments_1"; deletionPolicy=org.apache.solr.core.IndexDeletionPolicyWrapper@34f4adda
[coreLoadExecutor-176-thread-1] INFO org.apache.solr.update.LoggingInfoStream - [IFD][coreLoadExecutor-176-thread-1]: init: load commit "segments_1"
[coreLoadExecutor-176-thread-1] INFO org.apache.solr.core.SolrDeletionPolicy - SolrDeletionPolicy.onInit: commits: num=1
	commit{dir=NRTCachingDirectory(MMapDirectory@/tmp/solr-home6642683088949122377/core/data/index lockFactory=org.apache.lucene.store.NativeFSLockFactory@2c3d74f6; maxCacheMB=48.0 maxMergeSizeMB=4.0),segFN=segments_1,generation=1}
[coreLoadExecutor-176-thread-1] INFO org.apache.solr.core.SolrDeletionPolicy - newest commit generation = 1
[coreLoadExecutor-176-thread-1] INFO org.apache.solr.update.LoggingInfoStream - [IFD][coreLoadExecutor-176-thread-1]: now checkpoint "" [0 segments ; isCommit = false]
[coreLoadExecutor-176-thread-1] INFO org.apache.solr.update.LoggingInfoStream - [IFD][coreLoadExecutor-176-thread-1]: 0 msec to checkpoint
[coreLoadExecutor-176-thread-1] INFO org.apache.solr.update.LoggingInfoStream - [IW][coreLoadExecutor-176-thread-1]: init: create=false
[coreLoadExecutor-176-thread-1] INFO org.apache.solr.update.LoggingInfoStream - [IW][coreLoadExecutor-176-thread-1]: 
dir=NRTCachingDirectory(MMapDirectory@/tmp/solr-home6642683088949122377/core/data/index lockFactory=org.apache.lucene.store.NativeFSLockFactory@2c3d74f6; maxCacheMB=48.0 maxMergeSizeMB=4.0)
index=
version=5.5.1
analyzer=org.apache.solr.update.SolrIndexConfig$DelayedSchemaAnalyzer
ramBufferSizeMB=100.0
maxBufferedDocs=-1
maxBufferedDeleteTerms=-1
mergedSegmentWarmer=null
delPolicy=org.apache.solr.core.IndexDeletionPolicyWrapper
commit=null
openMode=APPEND
similarity=org.apache.lucene.search.similarities.ClassicSimilarity
mergeScheduler=ConcurrentMergeScheduler: maxThreadCount=-1, maxMergeCount=-1, ioThrottle=true
default WRITE_LOCK_TIMEOUT=0
writeLockTimeout=0
codec=Lucene54
infoStream=org.apache.solr.update.LoggingInfoStream
mergePolicy=[TieredMergePolicy: maxMergeAtOnce=10, maxMergeAtOnceExplicit=30, maxMergedSegmentMB=5120.0, floorSegmentMB=2.0, forceMergeDeletesPctAllowed=10.0, segmentsPerTier=10.0, maxCFSSegmentSizeMB=8.796093022207999E12, noCFSRatio=0.1
indexerThreadPool=org.apache.lucene.index.DocumentsWriterPerThreadPool@75b0e655
readerPooling=false
perThreadHardLimitMB=1945
useCompoundFile=false
commitOnClose=true
writer=org.apache.solr.update.SolrIndexWriter@5c78e17e

[coreLoadExecutor-176-thread-1] INFO org.apache.solr.update.LoggingInfoStream - [IW][coreLoadExecutor-176-thread-1]: MMapDirectory.UNMAP_SUPPORTED=true
[coreLoadExecutor-176-thread-1] INFO org.apache.solr.update.LoggingInfoStream - [IW][coreLoadExecutor-176-thread-1]: flush at getReader
[coreLoadExecutor-176-thread-1] INFO org.apache.solr.update.LoggingInfoStream - [DW][coreLoadExecutor-176-thread-1]: startFullFlush
[coreLoadExecutor-176-thread-1] INFO org.apache.solr.update.LoggingInfoStream - [IW][coreLoadExecutor-176-thread-1]: apply all deletes during flush
[coreLoadExecutor-176-thread-1] INFO org.apache.solr.update.LoggingInfoStream - [IW][coreLoadExecutor-176-thread-1]: now apply all deletes for all segments maxDoc=0
[coreLoadExecutor-176-thread-1] INFO org.apache.solr.update.LoggingInfoStream - [BD][coreLoadExecutor-176-thread-1]: prune sis=segments_1:  minGen=9223372036854775807 packetCount=0
[coreLoadExecutor-176-thread-1] INFO org.apache.solr.update.LoggingInfoStream - [IW][coreLoadExecutor-176-thread-1]: incRefDeleter for NRT reader version=2 segments=
[coreLoadExecutor-176-thread-1] INFO org.apache.solr.update.LoggingInfoStream - [IW][coreLoadExecutor-176-thread-1]: return reader version=2 reader=StandardDirectoryReader(segments_1:2:nrt)
[coreLoadExecutor-176-thread-1] INFO org.apache.solr.update.LoggingInfoStream - [DW][coreLoadExecutor-176-thread-1]: coreLoadExecutor-176-thread-1 finishFullFlush success=true
[coreLoadExecutor-176-thread-1] INFO org.apache.solr.update.LoggingInfoStream - [IW][coreLoadExecutor-176-thread-1]: getReader took 0 msec
[coreLoadExecutor-176-thread-1] INFO org.apache.solr.search.SolrIndexSearcher - Opening Searcher@60f9c9e2[core] main
[coreLoadExecutor-176-thread-1] INFO org.apache.solr.rest.ManagedResourceStorage - File-based storage initialized to use dir: /tmp/solr-home6642683088949122377/core/conf
[coreLoadExecutor-176-thread-1] INFO org.apache.solr.rest.RestManager - Initializing RestManager with initArgs: {storageDir=/tmp/solr-home6642683088949122377/core/conf}
[coreLoadExecutor-176-thread-1] INFO org.apache.solr.rest.ManagedResourceStorage - Reading _rest_managed.json using file:dir=/tmp/solr-home6642683088949122377/core/conf
[coreLoadExecutor-176-thread-1] INFO org.apache.solr.rest.RestManager - Initializing 0 registered ManagedResources
[coreLoadExecutor-176-thread-1] INFO org.apache.solr.handler.component.SpellCheckComponent - Initializing spell checkers
[coreLoadExecutor-176-thread-1] INFO org.apache.solr.handler.component.SpellCheckComponent - Registering newSearcher listener for spellchecker: default
[coreLoadExecutor-176-thread-1] INFO org.apache.solr.handler.component.SpellCheckComponent - No queryConverter defined, using default converter
[coreLoadExecutor-176-thread-1] INFO org.apache.solr.handler.ReplicationHandler - Commits will be reserved for  10000
[coreLoadExecutor-176-thread-1] INFO org.apache.solr.update.UpdateLog - Looking up max value of version field to seed version buckets
[coreLoadExecutor-176-thread-1] INFO org.apache.solr.update.VersionInfo - Refreshing highest value of _version_ for 65536 version buckets from index
[coreLoadExecutor-176-thread-1] INFO org.apache.solr.update.VersionInfo - No terms found for _version_, cannot seed version bucket highest value from index
[coreLoadExecutor-176-thread-1] INFO org.apache.solr.update.UpdateLog - Could not find max version in index or recent updates, using new clock 1576087834431848448
[coreLoadExecutor-176-thread-1] INFO org.apache.solr.update.UpdateLog - Took 1.0ms to seed version buckets with highest version 1576087834431848448
[coreLoadExecutor-176-thread-1] INFO org.apache.solr.core.CoreContainer - registering core: core
[searcherExecutor-177-thread-1] INFO org.apache.solr.handler.component.SpellCheckComponent - Loading spell index for spellchecker: default
[searcherExecutor-177-thread-1] INFO org.apache.solr.core.SolrCore - [core] Registered new searcher Searcher@60f9c9e2[core] main{ExitableDirectoryReader(UninvertingDirectoryReader())}
[Test worker] INFO org.apache.solr.core.SolrCore.Request - [core]  webapp=null path=/admin/ping params={} hits=0 status=0 QTime=0
[Test worker] INFO org.apache.solr.core.SolrCore.Request - [core]  webapp=null path=/admin/ping params={} status=0 QTime=0
[Test worker] INFO com.rbmhtechnology.vind.solr.SolrSearchServer - Connection to solr server successful
[Test worker] INFO org.apache.solr.core.SolrCore.Request - [core]  webapp=null path=/schema params={} status=0 QTime=0
[Test worker] INFO com.rbmhtechnology.vind.solr.SolrSearchServer - No server provider of type class com.rbmhtechnology.vind.solr.EmbeddedSolrServerProvider found in classpath for server com.rbmhtechnology.vind.solr.SolrSearchServer
[Test worker] INFO org.apache.solr.update.processor.LogUpdateProcessorFactory - [core]  webapp=null path=/update params={}{add=[1 (1576087834439188480)]} 0 4
[Test worker] INFO org.apache.solr.update.DirectUpdateHandler2 - start commit{,optimize=false,openSearcher=true,waitSearcher=true,expungeDeletes=false,softCommit=false,prepareCommit=false}
[Test worker] INFO org.apache.solr.update.LoggingInfoStream - [IW][Test worker]: commit: start
[Test worker] INFO org.apache.solr.update.LoggingInfoStream - [IW][Test worker]: commit: enter lock
[Test worker] INFO org.apache.solr.update.LoggingInfoStream - [IW][Test worker]: commit: now prepare
[Test worker] INFO org.apache.solr.update.LoggingInfoStream - [IW][Test worker]: prepareCommit: flush
[Test worker] INFO org.apache.solr.update.LoggingInfoStream - [IW][Test worker]:   index before flush 
[Test worker] INFO org.apache.solr.update.LoggingInfoStream - [DW][Test worker]: startFullFlush
[Test worker] INFO org.apache.solr.update.LoggingInfoStream - [DW][Test worker]: anyChanges? numDocsInRam=1 deletes=true hasTickets:false pendingChangesInFullFlush: false
[Test worker] INFO org.apache.solr.update.LoggingInfoStream - [DWFC][Test worker]: addFlushableState DocumentsWriterPerThread [pendingDeletes=gen=0, segment=_0, aborted=false, numDocsInRAM=1, deleteQueue=DWDQ: [ generation: 1 ]]
[Test worker] INFO org.apache.solr.update.LoggingInfoStream - [DWPT][Test worker]: flush postings as segment _0 numDocs=1
[Test worker] INFO org.apache.solr.update.LoggingInfoStream - [IW][Test worker]: 0 msec to write norms
[Test worker] INFO org.apache.solr.update.LoggingInfoStream - [IW][Test worker]: 0 msec to write docValues
[Test worker] INFO org.apache.solr.update.LoggingInfoStream - [IW][Test worker]: 0 msec to finish stored fields
[Test worker] INFO org.apache.solr.update.LoggingInfoStream - [IW][Test worker]: 0 msec to write postings and finish vectors
[Test worker] INFO org.apache.solr.update.LoggingInfoStream - [IW][Test worker]: 0 msec to write fieldInfos
[Test worker] INFO org.apache.solr.update.LoggingInfoStream - [DWPT][Test worker]: new segment has 0 deleted docs
[Test worker] INFO org.apache.solr.update.LoggingInfoStream - [DWPT][Test worker]: new segment has no vectors; norms; docValues; prox; freqs
[Test worker] INFO org.apache.solr.update.LoggingInfoStream - [DWPT][Test worker]: flushedFiles=[_0_Lucene54_0.dvm, _0_Lucene50_0.doc, _0_Lucene50_0.tim, _0_Lucene50_0.pos, _0.nvd, _0.fdx, _0_Lucene54_0.dvd, _0_Lucene50_0.tip, _0.fdt, _0.nvm, _0.fnm]
[Test worker] INFO org.apache.solr.update.LoggingInfoStream - [DWPT][Test worker]: flushed codec=Lucene54
[Test worker] INFO org.apache.solr.update.LoggingInfoStream - [DWPT][Test worker]: flushed: segment=_0 ramUsed=0.12 MB newFlushedSize=0.002 MB docs/MB=492.52
[Test worker] INFO org.apache.solr.update.LoggingInfoStream - [DW][Test worker]: publishFlushedSegment seg-private updates=null
[Test worker] INFO org.apache.solr.update.LoggingInfoStream - [IW][Test worker]: publishFlushedSegment
[Test worker] INFO org.apache.solr.update.LoggingInfoStream - [BD][Test worker]: push deletes  1 deleted terms (unique count=1) bytesUsed=1072 segmentPrivate?=false delGen=2 packetCount=1 totBytesUsed=1072
[Test worker] INFO org.apache.solr.update.LoggingInfoStream - [IW][Test worker]: publish sets newSegment delGen=3 seg=_0(5.5.1):C1
[Test worker] INFO org.apache.solr.update.LoggingInfoStream - [IFD][Test worker]: now checkpoint "_0(5.5.1):C1" [1 segments ; isCommit = false]
[Test worker] INFO org.apache.solr.update.LoggingInfoStream - [IFD][Test worker]: 0 msec to checkpoint
[Test worker] INFO org.apache.solr.update.LoggingInfoStream - [IW][Test worker]: apply all deletes during flush
[Test worker] INFO org.apache.solr.update.LoggingInfoStream - [IW][Test worker]: now apply all deletes for all segments maxDoc=1
[Test worker] INFO org.apache.solr.update.LoggingInfoStream - [BD][Test worker]: applyDeletes: open segment readers took 0 msec
[Test worker] INFO org.apache.solr.update.LoggingInfoStream - [BD][Test worker]: applyDeletes: infos=[_0(5.5.1):C1] packetCount=1
[Test worker] INFO org.apache.solr.update.LoggingInfoStream - [BD][Test worker]: applyDeletes took 0 msec for 1 segments, 0 newly deleted docs (query deletes), 0 visited terms, allDeleted=null
[Test worker] INFO org.apache.solr.update.LoggingInfoStream - [BD][Test worker]: prune sis=segments_1: _0(5.5.1):C1 minGen=3 packetCount=1
[Test worker] INFO org.apache.solr.update.LoggingInfoStream - [BD][Test worker]: pruneDeletes: prune 1 packets; 0 packets remain
[Test worker] INFO org.apache.solr.update.LoggingInfoStream - [DW][Test worker]: Test worker finishFullFlush success=true
[Test worker] INFO org.apache.solr.update.LoggingInfoStream - [TMP][Test worker]: findMerges: 1 segments
[Test worker] INFO org.apache.solr.update.LoggingInfoStream - [TMP][Test worker]:   seg=_0(5.5.1):C1 size=0.002 MB [floored]
[Test worker] INFO org.apache.solr.update.LoggingInfoStream - [TMP][Test worker]:   allowedSegmentCount=1 vs count=1 (eligible count=1) tooBigCount=0
[Test worker] INFO org.apache.solr.update.LoggingInfoStream - [MS][Test worker]: initDynamicDefaults spins=false maxThreadCount=2 maxMergeCount=7
[Test worker] INFO org.apache.solr.update.LoggingInfoStream - [MS][Test worker]: now merge
[Test worker] INFO org.apache.solr.update.LoggingInfoStream - [MS][Test worker]:   index: _0(5.5.1):C1
[Test worker] INFO org.apache.solr.update.LoggingInfoStream - [MS][Test worker]:   no more merges pending; now return
[Test worker] INFO org.apache.solr.update.LoggingInfoStream - [IW][Test worker]: startCommit(): start
[Test worker] INFO org.apache.solr.update.LoggingInfoStream - [IW][Test worker]: startCommit index=_0(5.5.1):C1 changeCount=4
[Test worker] INFO org.apache.solr.update.LoggingInfoStream - [IW][Test worker]: startCommit: wrote pending segments file "pending_segments_2"
[Test worker] INFO org.apache.solr.update.LoggingInfoStream - [IW][Test worker]: done all syncs: [_0.si, _0_Lucene50_0.doc, _0_Lucene50_0.tim, _0_Lucene54_0.dvm, _0_Lucene50_0.pos, _0.nvd, _0.fdx, _0_Lucene54_0.dvd, _0_Lucene50_0.tip, _0.fdt, _0.nvm, _0.fnm]
[Test worker] INFO org.apache.solr.update.LoggingInfoStream - [IW][Test worker]: commit: pendingCommit != null
[Test worker] INFO org.apache.solr.update.LoggingInfoStream - [IW][Test worker]: commit: done writing segments file "segments_2"
[Test worker] INFO org.apache.solr.update.LoggingInfoStream - [IFD][Test worker]: now checkpoint "_0(5.5.1):C1" [1 segments ; isCommit = true]
[Test worker] INFO org.apache.solr.core.SolrDeletionPolicy - SolrDeletionPolicy.onCommit: commits: num=2
	commit{dir=NRTCachingDirectory(MMapDirectory@/tmp/solr-home6642683088949122377/core/data/index lockFactory=org.apache.lucene.store.NativeFSLockFactory@2c3d74f6; maxCacheMB=48.0 maxMergeSizeMB=4.0),segFN=segments_1,generation=1}
	commit{dir=NRTCachingDirectory(MMapDirectory@/tmp/solr-home6642683088949122377/core/data/index lockFactory=org.apache.lucene.store.NativeFSLockFactory@2c3d74f6; maxCacheMB=48.0 maxMergeSizeMB=4.0),segFN=segments_2,generation=2}
[Test worker] INFO org.apache.solr.core.SolrDeletionPolicy - newest commit generation = 2
[Test worker] INFO org.apache.solr.update.LoggingInfoStream - [IFD][Test worker]: deleteCommits: now decRef commit "segments_1"
[Test worker] INFO org.apache.solr.update.LoggingInfoStream - [IFD][Test worker]: delete "segments_1"
[Test worker] INFO org.apache.solr.update.LoggingInfoStream - [IFD][Test worker]: 0 msec to checkpoint
[Test worker] INFO org.apache.solr.update.LoggingInfoStream - [IW][Test worker]: commit: took 53.7 msec
[Test worker] INFO org.apache.solr.update.LoggingInfoStream - [IW][Test worker]: commit: done
[Test worker] INFO org.apache.solr.update.LoggingInfoStream - [IW][Test worker]: nrtIsCurrent: infoVersion matches: false; DW changes: false; BD changes: false
[Test worker] INFO org.apache.solr.update.LoggingInfoStream - [IW][Test worker]: flush at getReader
[Test worker] INFO org.apache.solr.update.LoggingInfoStream - [DW][Test worker]: startFullFlush
[Test worker] INFO org.apache.solr.update.LoggingInfoStream - [IW][Test worker]: apply all deletes during flush
[Test worker] INFO org.apache.solr.update.LoggingInfoStream - [IW][Test worker]: now apply all deletes for all segments maxDoc=1
[Test worker] INFO org.apache.solr.update.LoggingInfoStream - [BD][Test worker]: applyDeletes: open segment readers took 0 msec
[Test worker] INFO org.apache.solr.update.LoggingInfoStream - [BD][Test worker]: applyDeletes: no segments; skipping
[Test worker] INFO org.apache.solr.update.LoggingInfoStream - [BD][Test worker]: prune sis=segments_2: _0(5.5.1):C1 minGen=3 packetCount=0
[Test worker] INFO org.apache.solr.update.LoggingInfoStream - [IW][Test worker]: incRefDeleter for NRT reader version=6 segments=_0(5.5.1):C1
[Test worker] INFO org.apache.solr.update.LoggingInfoStream - [IW][Test worker]: return reader version=6 reader=StandardDirectoryReader(segments_2:6:nrt _0(5.5.1):C1)
[Test worker] INFO org.apache.solr.update.LoggingInfoStream - [DW][Test worker]: Test worker finishFullFlush success=true
[Test worker] INFO org.apache.solr.update.LoggingInfoStream - [IW][Test worker]: getReader took 1 msec
[Test worker] INFO org.apache.solr.search.SolrIndexSearcher - Opening Searcher@5a577808[core] main
[Test worker] INFO org.apache.solr.update.DirectUpdateHandler2 - end_commit_flush
[searcherExecutor-177-thread-1] INFO org.apache.solr.handler.component.SpellCheckComponent - Building spell index for spell checker: default
[searcherExecutor-177-thread-1] INFO org.apache.solr.core.SolrCore - [core] Registered new searcher Searcher@5a577808[core] main{ExitableDirectoryReader(UninvertingDirectoryReader(Uninverting(_0(5.5.1):C1)))}
[searcherExecutor-177-thread-1] INFO org.apache.solr.update.LoggingInfoStream - [IW][searcherExecutor-177-thread-1]: decRefDeleter for NRT reader version=2 segments=
[Test worker] INFO org.apache.solr.update.processor.LogUpdateProcessorFactory - [core]  webapp=null path=/update params={commit=true&softCommit=false&waitSearcher=true}{commit=} 0 68
[Test worker] INFO org.apache.solr.core.CoreContainer - Shutting down CoreContainer instance=142642876
[coreCloseExecutor-182-thread-1] INFO org.apache.solr.core.SolrCore - [core]  CLOSING SolrCore org.apache.solr.core.SolrCore@563ebe07
[coreCloseExecutor-182-thread-1] INFO org.apache.solr.update.DirectUpdateHandler2 - closing DirectUpdateHandler2{commits=1,autocommit maxTime=15000ms,autocommits=0,soft autocommits=0,optimizes=0,rollbacks=0,expungeDeletes=0,docsPending=0,adds=0,deletesById=0,deletesByQuery=0,errors=0,cumulative_adds=1,cumulative_deletesById=0,cumulative_deletesByQuery=0,cumulative_errors=0,transaction_logs_total_size=216,transaction_logs_total_number=1}
[coreCloseExecutor-182-thread-1] INFO org.apache.solr.update.SolrCoreState - Closing SolrCoreState
[coreCloseExecutor-182-thread-1] INFO org.apache.solr.update.DefaultSolrCoreState - SolrCoreState ref count has reached 0 - closing IndexWriter
[coreCloseExecutor-182-thread-1] INFO org.apache.solr.update.DefaultSolrCoreState - closing IndexWriter with IndexWriterCloser
[coreCloseExecutor-182-thread-1] INFO org.apache.solr.update.LoggingInfoStream - [IW][coreCloseExecutor-182-thread-1]: now flush at close
[coreCloseExecutor-182-thread-1] INFO org.apache.solr.update.LoggingInfoStream - [IW][coreCloseExecutor-182-thread-1]:   start flush: applyAllDeletes=true
[coreCloseExecutor-182-thread-1] INFO org.apache.solr.update.LoggingInfoStream - [IW][coreCloseExecutor-182-thread-1]:   index before flush _0(5.5.1):C1
[coreCloseExecutor-182-thread-1] INFO org.apache.solr.update.LoggingInfoStream - [DW][coreCloseExecutor-182-thread-1]: startFullFlush
[coreCloseExecutor-182-thread-1] INFO org.apache.solr.update.LoggingInfoStream - [DW][coreCloseExecutor-182-thread-1]: coreCloseExecutor-182-thread-1 finishFullFlush success=true
[coreCloseExecutor-182-thread-1] INFO org.apache.solr.update.LoggingInfoStream - [IW][coreCloseExecutor-182-thread-1]: apply all deletes during flush
[coreCloseExecutor-182-thread-1] INFO org.apache.solr.update.LoggingInfoStream - [IW][coreCloseExecutor-182-thread-1]: now apply all deletes for all segments maxDoc=1
[coreCloseExecutor-182-thread-1] INFO org.apache.solr.update.LoggingInfoStream - [BD][coreCloseExecutor-182-thread-1]: applyDeletes: open segment readers took 0 msec
[coreCloseExecutor-182-thread-1] INFO org.apache.solr.update.LoggingInfoStream - [BD][coreCloseExecutor-182-thread-1]: applyDeletes: no segments; skipping
[coreCloseExecutor-182-thread-1] INFO org.apache.solr.update.LoggingInfoStream - [BD][coreCloseExecutor-182-thread-1]: prune sis=segments_2: _0(5.5.1):C1 minGen=3 packetCount=0
[coreCloseExecutor-182-thread-1] INFO org.apache.solr.update.LoggingInfoStream - [MS][coreCloseExecutor-182-thread-1]: updateMergeThreads ioThrottle=true targetMBPerSec=10240.0 MB/sec
[coreCloseExecutor-182-thread-1] INFO org.apache.solr.update.LoggingInfoStream - [MS][coreCloseExecutor-182-thread-1]: now merge
[coreCloseExecutor-182-thread-1] INFO org.apache.solr.update.LoggingInfoStream - [MS][coreCloseExecutor-182-thread-1]:   index: _0(5.5.1):C1
[coreCloseExecutor-182-thread-1] INFO org.apache.solr.update.LoggingInfoStream - [MS][coreCloseExecutor-182-thread-1]:   no more merges pending; now return
[coreCloseExecutor-182-thread-1] INFO org.apache.solr.update.LoggingInfoStream - [IW][coreCloseExecutor-182-thread-1]: waitForMerges
[coreCloseExecutor-182-thread-1] INFO org.apache.solr.update.LoggingInfoStream - [IW][coreCloseExecutor-182-thread-1]: waitForMerges done
[coreCloseExecutor-182-thread-1] INFO org.apache.solr.update.LoggingInfoStream - [IW][coreCloseExecutor-182-thread-1]: commit: start
[coreCloseExecutor-182-thread-1] INFO org.apache.solr.update.LoggingInfoStream - [IW][coreCloseExecutor-182-thread-1]: commit: enter lock
[coreCloseExecutor-182-thread-1] INFO org.apache.solr.update.LoggingInfoStream - [IW][coreCloseExecutor-182-thread-1]: commit: now prepare
[coreCloseExecutor-182-thread-1] INFO org.apache.solr.update.LoggingInfoStream - [IW][coreCloseExecutor-182-thread-1]: prepareCommit: flush
[coreCloseExecutor-182-thread-1] INFO org.apache.solr.update.LoggingInfoStream - [IW][coreCloseExecutor-182-thread-1]:   index before flush _0(5.5.1):C1
[coreCloseExecutor-182-thread-1] INFO org.apache.solr.update.LoggingInfoStream - [DW][coreCloseExecutor-182-thread-1]: startFullFlush
[coreCloseExecutor-182-thread-1] INFO org.apache.solr.update.LoggingInfoStream - [IW][coreCloseExecutor-182-thread-1]: apply all deletes during flush
[coreCloseExecutor-182-thread-1] INFO org.apache.solr.update.LoggingInfoStream - [IW][coreCloseExecutor-182-thread-1]: now apply all deletes for all segments maxDoc=1
[coreCloseExecutor-182-thread-1] INFO org.apache.solr.update.LoggingInfoStream - [BD][coreCloseExecutor-182-thread-1]: applyDeletes: open segment readers took 0 msec
[coreCloseExecutor-182-thread-1] INFO org.apache.solr.update.LoggingInfoStream - [BD][coreCloseExecutor-182-thread-1]: applyDeletes: no segments; skipping
[coreCloseExecutor-182-thread-1] INFO org.apache.solr.update.LoggingInfoStream - [BD][coreCloseExecutor-182-thread-1]: prune sis=segments_2: _0(5.5.1):C1 minGen=3 packetCount=0
[coreCloseExecutor-182-thread-1] INFO org.apache.solr.update.LoggingInfoStream - [DW][coreCloseExecutor-182-thread-1]: coreCloseExecutor-182-thread-1 finishFullFlush success=true
[coreCloseExecutor-182-thread-1] INFO org.apache.solr.update.LoggingInfoStream - [IW][coreCloseExecutor-182-thread-1]: startCommit(): start
[coreCloseExecutor-182-thread-1] INFO org.apache.solr.update.LoggingInfoStream - [IW][coreCloseExecutor-182-thread-1]:   skip startCommit(): no changes pending
[coreCloseExecutor-182-thread-1] INFO org.apache.solr.update.LoggingInfoStream - [IW][coreCloseExecutor-182-thread-1]: commit: pendingCommit == null; skip
[coreCloseExecutor-182-thread-1] INFO org.apache.solr.update.LoggingInfoStream - [IW][coreCloseExecutor-182-thread-1]: commit: took 0.2 msec
[coreCloseExecutor-182-thread-1] INFO org.apache.solr.update.LoggingInfoStream - [IW][coreCloseExecutor-182-thread-1]: commit: done
[coreCloseExecutor-182-thread-1] INFO org.apache.solr.update.LoggingInfoStream - [IW][coreCloseExecutor-182-thread-1]: rollback
[coreCloseExecutor-182-thread-1] INFO org.apache.solr.update.LoggingInfoStream - [IW][coreCloseExecutor-182-thread-1]: all running merges have aborted
[coreCloseExecutor-182-thread-1] INFO org.apache.solr.update.LoggingInfoStream - [IW][coreCloseExecutor-182-thread-1]: rollback: done finish merges
[coreCloseExecutor-182-thread-1] INFO org.apache.solr.update.LoggingInfoStream - [DW][coreCloseExecutor-182-thread-1]: abort
[coreCloseExecutor-182-thread-1] INFO org.apache.solr.update.LoggingInfoStream - [DW][coreCloseExecutor-182-thread-1]: done abort success=true
[coreCloseExecutor-182-thread-1] INFO org.apache.solr.update.LoggingInfoStream - [IW][coreCloseExecutor-182-thread-1]: rollback: infos=_0(5.5.1):C1
[coreCloseExecutor-182-thread-1] INFO org.apache.solr.update.LoggingInfoStream - [IFD][coreCloseExecutor-182-thread-1]: now checkpoint "_0(5.5.1):C1" [1 segments ; isCommit = false]
[coreCloseExecutor-182-thread-1] INFO org.apache.solr.update.LoggingInfoStream - [IFD][coreCloseExecutor-182-thread-1]: 0 msec to checkpoint
[coreCloseExecutor-182-thread-1] INFO org.apache.solr.core.SolrCore - [core] Closing main searcher on request.
[coreCloseExecutor-182-thread-1] INFO org.apache.solr.core.CachingDirectoryFactory - Closing NRTCachingDirectoryFactory - 2 directories currently being tracked
[coreCloseExecutor-182-thread-1] INFO org.apache.solr.core.CachingDirectoryFactory - looking to close /tmp/solr-home6642683088949122377/core/data [CachedDir<<refCount=0;path=/tmp/solr-home6642683088949122377/core/data;done=false>>]
[coreCloseExecutor-182-thread-1] INFO org.apache.solr.core.CachingDirectoryFactory - Closing directory: /tmp/solr-home6642683088949122377/core/data
[coreCloseExecutor-182-thread-1] INFO org.apache.solr.core.CachingDirectoryFactory - looking to close /tmp/solr-home6642683088949122377/core/data/index [CachedDir<<refCount=0;path=/tmp/solr-home6642683088949122377/core/data/index;done=false>>]
[coreCloseExecutor-182-thread-1] INFO org.apache.solr.core.CachingDirectoryFactory - Closing directory: /tmp/solr-home6642683088949122377/core/data/index
[Test worker] INFO com.rbmhtechnology.vind.solr.SolrSearchServer - No server provider of type class com.rbmhtechnology.vind.solr.EmbeddedSolrServerProvider found in classpath for server com.rbmhtechnology.vind.solr.SolrSearchServer
[Test worker] INFO com.rbmhtechnology.vind.solr.SolrSearchServer - No server provider of type class com.rbmhtechnology.vind.solr.EmbeddedSolrServerProvider found in classpath for server com.rbmhtechnology.vind.solr.SolrSearchServer
[Test worker] INFO org.apache.solr.core.SolrResourceLoader - new SolrResourceLoader for directory: '/tmp/solr-home770586652367974117'
[Test worker] INFO org.apache.solr.core.SolrResourceLoader - JNDI not configured for solr (NoInitialContextEx)
[Test worker] INFO org.apache.solr.core.SolrResourceLoader - solr home defaulted to 'solr/' (could not find system property or JNDI)
[Test worker] INFO org.apache.solr.core.SolrXmlConfig - Loading container configuration from /tmp/solr-home770586652367974117/solr.xml
[Test worker] INFO org.apache.solr.core.CorePropertiesLocator - Config-defined core root directory: /tmp/solr-home770586652367974117
[Test worker] INFO org.apache.solr.core.CoreContainer - New CoreContainer 474337492
[Test worker] INFO org.apache.solr.core.CoreContainer - Loading cores into CoreContainer [instanceDir=/tmp/solr-home770586652367974117]
[Test worker] WARN org.apache.solr.core.CoreContainer - Couldn't add files from /tmp/solr-home770586652367974117/lib to classpath: /tmp/solr-home770586652367974117/lib
[Test worker] INFO org.apache.solr.handler.component.HttpShardHandlerFactory - created with socketTimeout : 120000,connTimeout : 15000,maxConnectionsPerHost : 20,maxConnections : 10000,corePoolSize : 0,maximumPoolSize : 2147483647,maxThreadIdleTime : 5,sizeOfQueue : -1,fairnessPolicy : false,useRetries : false,
[Test worker] INFO org.apache.solr.update.UpdateShardHandler - Creating UpdateShardHandler HTTP client with params: socketTimeout=600000&connTimeout=60000&retry=true
[Test worker] INFO org.apache.solr.logging.LogWatcher - SLF4J impl is org.slf4j.impl.SimpleLoggerFactory
[Test worker] INFO org.apache.solr.logging.LogWatcher - No LogWatcher configured
[Test worker] INFO org.apache.solr.core.CoreContainer - Security conf doesn't exist. Skipping setup for authorization module.
[Test worker] INFO org.apache.solr.core.CoreContainer - No authentication plugin used.
[Test worker] INFO org.apache.solr.core.CorePropertiesLocator - Looking for core definitions underneath /tmp/solr-home770586652367974117
[Test worker] INFO org.apache.solr.core.CoreDescriptor - Created CoreDescriptor: {runtimeLib=false, name=core, config=solrconfig.xml, loadOnStartup=true, schema=schema.xml, configSetProperties=configsetprops.json, transient=false, dataDir=data/}
[Test worker] INFO org.apache.solr.core.CorePropertiesLocator - Found core core in /tmp/solr-home770586652367974117/core
[Test worker] INFO org.apache.solr.core.CorePropertiesLocator - Found 1 core definitions
[coreLoadExecutor-189-thread-1] INFO org.apache.solr.core.SolrResourceLoader - new SolrResourceLoader for directory: '/tmp/solr-home770586652367974117/core'
[coreLoadExecutor-189-thread-1] INFO org.apache.solr.core.SolrResourceLoader - JNDI not configured for solr (NoInitialContextEx)
[coreLoadExecutor-189-thread-1] INFO org.apache.solr.core.SolrResourceLoader - solr home defaulted to 'solr/' (could not find system property or JNDI)
[coreLoadExecutor-189-thread-1] INFO org.apache.solr.core.SolrResourceLoader - Adding 'file:/tmp/solr-home770586652367974117/core/lib/marker-search-handler-0.3.0.jar' to classloader
[coreLoadExecutor-189-thread-1] INFO org.apache.solr.core.SolrResourceLoader - Adding 'file:/tmp/solr-home770586652367974117/core/lib/suggestion-request-handler-2.1.0.jar' to classloader
[coreLoadExecutor-189-thread-1] INFO org.apache.solr.core.SolrConfig - current version of requestparams : -1
[coreLoadExecutor-189-thread-1] INFO org.apache.solr.update.SolrIndexConfig - IndexWriter infoStream solr logging is enabled
[coreLoadExecutor-189-thread-1] INFO org.apache.solr.core.SolrConfig - Using Lucene MatchVersion: 5.5.0
[coreLoadExecutor-189-thread-1] INFO org.apache.solr.core.SolrConfig - Loaded SolrConfig: solrconfig.xml
[coreLoadExecutor-189-thread-1] INFO org.apache.solr.schema.ManagedIndexSchemaFactory - The schema is configured as managed, but managed schema resource managed-schema not found - loading non-managed schema schema.xml instead
[coreLoadExecutor-189-thread-1] INFO org.apache.solr.schema.IndexSchema - [core] Schema name=basic search lib core
[coreLoadExecutor-189-thread-1] INFO org.apache.solr.schema.IndexSchema - unique key field: _id_
[coreLoadExecutor-189-thread-1] INFO org.apache.solr.schema.ManagedIndexSchema - Upgraded to managed schema at /tmp/solr-home770586652367974117/core/conf/managed-schema
[coreLoadExecutor-189-thread-1] INFO org.apache.solr.schema.ManagedIndexSchemaFactory - After upgrading to managed schema, renamed the non-managed schema /tmp/solr-home770586652367974117/core/conf/schema.xml to /tmp/solr-home770586652367974117/core/conf/schema.xml.bak
[coreLoadExecutor-189-thread-1] INFO org.apache.solr.core.ConfigSetProperties - Did not find ConfigSet properties, assuming default properties: Can't find resource 'configsetprops.json' in classpath or '/tmp/solr-home770586652367974117/core'
[coreLoadExecutor-189-thread-1] INFO org.apache.solr.core.CoreContainer - Creating SolrCore 'core' using configuration from instancedir /tmp/solr-home770586652367974117/core
[coreLoadExecutor-189-thread-1] INFO org.apache.solr.core.SolrCore - solr.NRTCachingDirectoryFactory
[coreLoadExecutor-189-thread-1] INFO org.apache.solr.core.SolrCore - [[core] ] Opening new SolrCore at [/tmp/solr-home770586652367974117/core], dataDir=[/tmp/solr-home770586652367974117/core/data/]
[coreLoadExecutor-189-thread-1] INFO org.apache.solr.core.JmxMonitoredMap - No JMX servers found, not exposing Solr information with JMX.
[coreLoadExecutor-189-thread-1] INFO org.apache.solr.core.SchemaCodecFactory - Using default compressionMode: BEST_SPEED
[coreLoadExecutor-189-thread-1] INFO org.apache.solr.core.CachingDirectoryFactory - return new directory for /tmp/solr-home770586652367974117/core/data
[coreLoadExecutor-189-thread-1] INFO org.apache.solr.core.SolrCore - New index directory detected: old=null new=/tmp/solr-home770586652367974117/core/data/index/
[coreLoadExecutor-189-thread-1] WARN org.apache.solr.core.SolrCore - [core] Solr index directory '/tmp/solr-home770586652367974117/core/data/index' doesn't exist. Creating new index...
[coreLoadExecutor-189-thread-1] INFO org.apache.solr.core.CachingDirectoryFactory - return new directory for /tmp/solr-home770586652367974117/core/data/index
[coreLoadExecutor-189-thread-1] INFO org.apache.solr.update.LoggingInfoStream - [IFD][coreLoadExecutor-189-thread-1]: init: current segments file is "segments"; deletionPolicy=org.apache.solr.core.IndexDeletionPolicyWrapper@59baaf4d
[coreLoadExecutor-189-thread-1] INFO org.apache.solr.update.LoggingInfoStream - [IFD][coreLoadExecutor-189-thread-1]: now checkpoint "" [0 segments ; isCommit = false]
[coreLoadExecutor-189-thread-1] INFO org.apache.solr.update.LoggingInfoStream - [IFD][coreLoadExecutor-189-thread-1]: 0 msec to checkpoint
[coreLoadExecutor-189-thread-1] INFO org.apache.solr.update.LoggingInfoStream - [IW][coreLoadExecutor-189-thread-1]: init: create=true
[coreLoadExecutor-189-thread-1] INFO org.apache.solr.update.LoggingInfoStream - [IW][coreLoadExecutor-189-thread-1]: 
dir=NRTCachingDirectory(MMapDirectory@/tmp/solr-home770586652367974117/core/data/index lockFactory=org.apache.lucene.store.NativeFSLockFactory@2c3d74f6; maxCacheMB=48.0 maxMergeSizeMB=4.0)
index=
version=5.5.1
analyzer=org.apache.solr.update.SolrIndexConfig$DelayedSchemaAnalyzer
ramBufferSizeMB=100.0
maxBufferedDocs=-1
maxBufferedDeleteTerms=-1
mergedSegmentWarmer=null
delPolicy=org.apache.solr.core.IndexDeletionPolicyWrapper
commit=null
openMode=CREATE
similarity=org.apache.lucene.search.similarities.ClassicSimilarity
mergeScheduler=ConcurrentMergeScheduler: maxThreadCount=-1, maxMergeCount=-1, ioThrottle=true
default WRITE_LOCK_TIMEOUT=0
writeLockTimeout=0
codec=Lucene54
infoStream=org.apache.solr.update.LoggingInfoStream
mergePolicy=[TieredMergePolicy: maxMergeAtOnce=10, maxMergeAtOnceExplicit=30, maxMergedSegmentMB=5120.0, floorSegmentMB=2.0, forceMergeDeletesPctAllowed=10.0, segmentsPerTier=10.0, maxCFSSegmentSizeMB=8.796093022207999E12, noCFSRatio=0.1
indexerThreadPool=org.apache.lucene.index.DocumentsWriterPerThreadPool@3f6fc5ce
readerPooling=false
perThreadHardLimitMB=1945
useCompoundFile=false
commitOnClose=true
writer=org.apache.solr.update.SolrIndexWriter@6545fcac

[coreLoadExecutor-189-thread-1] INFO org.apache.solr.update.LoggingInfoStream - [IW][coreLoadExecutor-189-thread-1]: MMapDirectory.UNMAP_SUPPORTED=true
[coreLoadExecutor-189-thread-1] INFO org.apache.solr.update.LoggingInfoStream - [IW][coreLoadExecutor-189-thread-1]: now flush at close
[coreLoadExecutor-189-thread-1] INFO org.apache.solr.update.LoggingInfoStream - [IW][coreLoadExecutor-189-thread-1]:   start flush: applyAllDeletes=true
[coreLoadExecutor-189-thread-1] INFO org.apache.solr.update.LoggingInfoStream - [IW][coreLoadExecutor-189-thread-1]:   index before flush 
[coreLoadExecutor-189-thread-1] INFO org.apache.solr.update.LoggingInfoStream - [DW][coreLoadExecutor-189-thread-1]: startFullFlush
[coreLoadExecutor-189-thread-1] INFO org.apache.solr.update.LoggingInfoStream - [DW][coreLoadExecutor-189-thread-1]: coreLoadExecutor-189-thread-1 finishFullFlush success=true
[coreLoadExecutor-189-thread-1] INFO org.apache.solr.update.LoggingInfoStream - [IW][coreLoadExecutor-189-thread-1]: apply all deletes during flush
[coreLoadExecutor-189-thread-1] INFO org.apache.solr.update.LoggingInfoStream - [IW][coreLoadExecutor-189-thread-1]: now apply all deletes for all segments maxDoc=0
[coreLoadExecutor-189-thread-1] INFO org.apache.solr.update.LoggingInfoStream - [BD][coreLoadExecutor-189-thread-1]: prune sis=segments:  minGen=9223372036854775807 packetCount=0
[coreLoadExecutor-189-thread-1] INFO org.apache.solr.update.LoggingInfoStream - [MS][coreLoadExecutor-189-thread-1]: initDynamicDefaults spins=false maxThreadCount=2 maxMergeCount=7
[coreLoadExecutor-189-thread-1] INFO org.apache.solr.update.LoggingInfoStream - [MS][coreLoadExecutor-189-thread-1]: updateMergeThreads ioThrottle=true targetMBPerSec=10240.0 MB/sec
[coreLoadExecutor-189-thread-1] INFO org.apache.solr.update.LoggingInfoStream - [MS][coreLoadExecutor-189-thread-1]: now merge
[coreLoadExecutor-189-thread-1] INFO org.apache.solr.update.LoggingInfoStream - [MS][coreLoadExecutor-189-thread-1]:   index: 
[coreLoadExecutor-189-thread-1] INFO org.apache.solr.update.LoggingInfoStream - [MS][coreLoadExecutor-189-thread-1]:   no more merges pending; now return
[coreLoadExecutor-189-thread-1] INFO org.apache.solr.update.LoggingInfoStream - [IW][coreLoadExecutor-189-thread-1]: waitForMerges
[coreLoadExecutor-189-thread-1] INFO org.apache.solr.update.LoggingInfoStream - [IW][coreLoadExecutor-189-thread-1]: waitForMerges done
[coreLoadExecutor-189-thread-1] INFO org.apache.solr.update.LoggingInfoStream - [IW][coreLoadExecutor-189-thread-1]: commit: start
[coreLoadExecutor-189-thread-1] INFO org.apache.solr.update.LoggingInfoStream - [IW][coreLoadExecutor-189-thread-1]: commit: enter lock
[coreLoadExecutor-189-thread-1] INFO org.apache.solr.update.LoggingInfoStream - [IW][coreLoadExecutor-189-thread-1]: commit: now prepare
[coreLoadExecutor-189-thread-1] INFO org.apache.solr.update.LoggingInfoStream - [IW][coreLoadExecutor-189-thread-1]: prepareCommit: flush
[coreLoadExecutor-189-thread-1] INFO org.apache.solr.update.LoggingInfoStream - [IW][coreLoadExecutor-189-thread-1]:   index before flush 
[coreLoadExecutor-189-thread-1] INFO org.apache.solr.update.LoggingInfoStream - [DW][coreLoadExecutor-189-thread-1]: startFullFlush
[coreLoadExecutor-189-thread-1] INFO org.apache.solr.update.LoggingInfoStream - [IW][coreLoadExecutor-189-thread-1]: apply all deletes during flush
[coreLoadExecutor-189-thread-1] INFO org.apache.solr.update.LoggingInfoStream - [IW][coreLoadExecutor-189-thread-1]: now apply all deletes for all segments maxDoc=0
[coreLoadExecutor-189-thread-1] INFO org.apache.solr.update.LoggingInfoStream - [BD][coreLoadExecutor-189-thread-1]: prune sis=segments:  minGen=9223372036854775807 packetCount=0
[coreLoadExecutor-189-thread-1] INFO org.apache.solr.update.LoggingInfoStream - [DW][coreLoadExecutor-189-thread-1]: coreLoadExecutor-189-thread-1 finishFullFlush success=true
[coreLoadExecutor-189-thread-1] INFO org.apache.solr.update.LoggingInfoStream - [IW][coreLoadExecutor-189-thread-1]: startCommit(): start
[coreLoadExecutor-189-thread-1] INFO org.apache.solr.update.LoggingInfoStream - [IW][coreLoadExecutor-189-thread-1]: startCommit index= changeCount=2
[coreLoadExecutor-189-thread-1] INFO org.apache.solr.update.LoggingInfoStream - [IW][coreLoadExecutor-189-thread-1]: startCommit: wrote pending segments file "pending_segments_1"
[coreLoadExecutor-189-thread-1] INFO org.apache.solr.update.LoggingInfoStream - [IW][coreLoadExecutor-189-thread-1]: done all syncs: []
[coreLoadExecutor-189-thread-1] INFO org.apache.solr.update.LoggingInfoStream - [IW][coreLoadExecutor-189-thread-1]: commit: pendingCommit != null
[coreLoadExecutor-189-thread-1] INFO org.apache.solr.update.LoggingInfoStream - [IW][coreLoadExecutor-189-thread-1]: commit: done writing segments file "segments_1"
[coreLoadExecutor-189-thread-1] INFO org.apache.solr.update.LoggingInfoStream - [IFD][coreLoadExecutor-189-thread-1]: now checkpoint "" [0 segments ; isCommit = true]
[coreLoadExecutor-189-thread-1] INFO org.apache.solr.core.SolrDeletionPolicy - SolrDeletionPolicy.onCommit: commits: num=1
	commit{dir=NRTCachingDirectory(MMapDirectory@/tmp/solr-home770586652367974117/core/data/index lockFactory=org.apache.lucene.store.NativeFSLockFactory@2c3d74f6; maxCacheMB=48.0 maxMergeSizeMB=4.0),segFN=segments_1,generation=1}
[coreLoadExecutor-189-thread-1] INFO org.apache.solr.core.SolrDeletionPolicy - newest commit generation = 1
[coreLoadExecutor-189-thread-1] INFO org.apache.solr.update.LoggingInfoStream - [IFD][coreLoadExecutor-189-thread-1]: 0 msec to checkpoint
[coreLoadExecutor-189-thread-1] INFO org.apache.solr.update.LoggingInfoStream - [IW][coreLoadExecutor-189-thread-1]: commit: took 17.8 msec
[coreLoadExecutor-189-thread-1] INFO org.apache.solr.update.LoggingInfoStream - [IW][coreLoadExecutor-189-thread-1]: commit: done
[coreLoadExecutor-189-thread-1] INFO org.apache.solr.update.LoggingInfoStream - [IW][coreLoadExecutor-189-thread-1]: rollback
[coreLoadExecutor-189-thread-1] INFO org.apache.solr.update.LoggingInfoStream - [IW][coreLoadExecutor-189-thread-1]: all running merges have aborted
[coreLoadExecutor-189-thread-1] INFO org.apache.solr.update.LoggingInfoStream - [IW][coreLoadExecutor-189-thread-1]: rollback: done finish merges
[coreLoadExecutor-189-thread-1] INFO org.apache.solr.update.LoggingInfoStream - [DW][coreLoadExecutor-189-thread-1]: abort
[coreLoadExecutor-189-thread-1] INFO org.apache.solr.update.LoggingInfoStream - [DW][coreLoadExecutor-189-thread-1]: done abort success=true
[coreLoadExecutor-189-thread-1] INFO org.apache.solr.update.LoggingInfoStream - [IW][coreLoadExecutor-189-thread-1]: rollback: infos=
[coreLoadExecutor-189-thread-1] INFO org.apache.solr.update.LoggingInfoStream - [IFD][coreLoadExecutor-189-thread-1]: now checkpoint "" [0 segments ; isCommit = false]
[coreLoadExecutor-189-thread-1] INFO org.apache.solr.update.LoggingInfoStream - [IFD][coreLoadExecutor-189-thread-1]: 0 msec to checkpoint
[OldIndexDirectoryCleanupThreadForCore-core] INFO org.apache.solr.core.SolrCore - Looking for old index directories to cleanup for core core in /tmp/solr-home770586652367974117/core/data/
[coreLoadExecutor-189-thread-1] INFO org.apache.solr.core.SolrCore - no updateRequestProcessorChain defined as default, creating implicit default
[coreLoadExecutor-189-thread-1] INFO org.apache.solr.handler.loader.XMLLoader - xsltCacheLifetimeSeconds=60
[coreLoadExecutor-189-thread-1] INFO org.apache.solr.handler.loader.XMLLoader - xsltCacheLifetimeSeconds=60
[coreLoadExecutor-189-thread-1] INFO org.apache.solr.handler.loader.XMLLoader - xsltCacheLifetimeSeconds=60
[coreLoadExecutor-189-thread-1] INFO org.apache.solr.handler.loader.XMLLoader - xsltCacheLifetimeSeconds=60
[coreLoadExecutor-189-thread-1] INFO org.apache.solr.core.RequestHandlers - Registered paths: /admin/mbeans,,/update/csv,/update/json/docs,/admin/luke,/select,/suggester,/admin/segments,/get,/admin/system,/replication,/admin/properties,/config,/schema,/admin/plugins,/admin/logging,/update/json,/admin/threads,/admin/ping,/update,/admin/file
[coreLoadExecutor-189-thread-1] INFO org.apache.solr.core.SolrCore - Using default statsCache cache: org.apache.solr.search.stats.LocalStatsCache
[coreLoadExecutor-189-thread-1] INFO org.apache.solr.update.UpdateHandler - Using UpdateLog implementation: org.apache.solr.update.UpdateLog
[coreLoadExecutor-189-thread-1] INFO org.apache.solr.update.UpdateLog - Initializing UpdateLog: dataDir= defaultSyncLevel=FLUSH numRecordsToKeep=100 maxNumLogsToKeep=10 numVersionBuckets=65536
[coreLoadExecutor-189-thread-1] INFO org.apache.solr.update.CommitTracker - Hard AutoCommit: if uncommited for 15000ms; 
[coreLoadExecutor-189-thread-1] INFO org.apache.solr.update.CommitTracker - Soft AutoCommit: disabled
[coreLoadExecutor-189-thread-1] INFO org.apache.solr.update.LoggingInfoStream - [IFD][coreLoadExecutor-189-thread-1]: init: current segments file is "segments_1"; deletionPolicy=org.apache.solr.core.IndexDeletionPolicyWrapper@59baaf4d
[coreLoadExecutor-189-thread-1] INFO org.apache.solr.update.LoggingInfoStream - [IFD][coreLoadExecutor-189-thread-1]: init: load commit "segments_1"
[coreLoadExecutor-189-thread-1] INFO org.apache.solr.core.SolrDeletionPolicy - SolrDeletionPolicy.onInit: commits: num=1
	commit{dir=NRTCachingDirectory(MMapDirectory@/tmp/solr-home770586652367974117/core/data/index lockFactory=org.apache.lucene.store.NativeFSLockFactory@2c3d74f6; maxCacheMB=48.0 maxMergeSizeMB=4.0),segFN=segments_1,generation=1}
[coreLoadExecutor-189-thread-1] INFO org.apache.solr.core.SolrDeletionPolicy - newest commit generation = 1
[coreLoadExecutor-189-thread-1] INFO org.apache.solr.update.LoggingInfoStream - [IFD][coreLoadExecutor-189-thread-1]: now checkpoint "" [0 segments ; isCommit = false]
[coreLoadExecutor-189-thread-1] INFO org.apache.solr.update.LoggingInfoStream - [IFD][coreLoadExecutor-189-thread-1]: 0 msec to checkpoint
[coreLoadExecutor-189-thread-1] INFO org.apache.solr.update.LoggingInfoStream - [IW][coreLoadExecutor-189-thread-1]: init: create=false
[coreLoadExecutor-189-thread-1] INFO org.apache.solr.update.LoggingInfoStream - [IW][coreLoadExecutor-189-thread-1]: 
dir=NRTCachingDirectory(MMapDirectory@/tmp/solr-home770586652367974117/core/data/index lockFactory=org.apache.lucene.store.NativeFSLockFactory@2c3d74f6; maxCacheMB=48.0 maxMergeSizeMB=4.0)
index=
version=5.5.1
analyzer=org.apache.solr.update.SolrIndexConfig$DelayedSchemaAnalyzer
ramBufferSizeMB=100.0
maxBufferedDocs=-1
maxBufferedDeleteTerms=-1
mergedSegmentWarmer=null
delPolicy=org.apache.solr.core.IndexDeletionPolicyWrapper
commit=null
openMode=APPEND
similarity=org.apache.lucene.search.similarities.ClassicSimilarity
mergeScheduler=ConcurrentMergeScheduler: maxThreadCount=-1, maxMergeCount=-1, ioThrottle=true
default WRITE_LOCK_TIMEOUT=0
writeLockTimeout=0
codec=Lucene54
infoStream=org.apache.solr.update.LoggingInfoStream
mergePolicy=[TieredMergePolicy: maxMergeAtOnce=10, maxMergeAtOnceExplicit=30, maxMergedSegmentMB=5120.0, floorSegmentMB=2.0, forceMergeDeletesPctAllowed=10.0, segmentsPerTier=10.0, maxCFSSegmentSizeMB=8.796093022207999E12, noCFSRatio=0.1
indexerThreadPool=org.apache.lucene.index.DocumentsWriterPerThreadPool@59c6e28b
readerPooling=false
perThreadHardLimitMB=1945
useCompoundFile=false
commitOnClose=true
writer=org.apache.solr.update.SolrIndexWriter@6eaa2d7c

[coreLoadExecutor-189-thread-1] INFO org.apache.solr.update.LoggingInfoStream - [IW][coreLoadExecutor-189-thread-1]: MMapDirectory.UNMAP_SUPPORTED=true
[coreLoadExecutor-189-thread-1] INFO org.apache.solr.update.LoggingInfoStream - [IW][coreLoadExecutor-189-thread-1]: flush at getReader
[coreLoadExecutor-189-thread-1] INFO org.apache.solr.update.LoggingInfoStream - [DW][coreLoadExecutor-189-thread-1]: startFullFlush
[coreLoadExecutor-189-thread-1] INFO org.apache.solr.update.LoggingInfoStream - [IW][coreLoadExecutor-189-thread-1]: apply all deletes during flush
[coreLoadExecutor-189-thread-1] INFO org.apache.solr.update.LoggingInfoStream - [IW][coreLoadExecutor-189-thread-1]: now apply all deletes for all segments maxDoc=0
[coreLoadExecutor-189-thread-1] INFO org.apache.solr.update.LoggingInfoStream - [BD][coreLoadExecutor-189-thread-1]: prune sis=segments_1:  minGen=9223372036854775807 packetCount=0
[coreLoadExecutor-189-thread-1] INFO org.apache.solr.update.LoggingInfoStream - [IW][coreLoadExecutor-189-thread-1]: incRefDeleter for NRT reader version=2 segments=
[coreLoadExecutor-189-thread-1] INFO org.apache.solr.update.LoggingInfoStream - [IW][coreLoadExecutor-189-thread-1]: return reader version=2 reader=StandardDirectoryReader(segments_1:2:nrt)
[coreLoadExecutor-189-thread-1] INFO org.apache.solr.update.LoggingInfoStream - [DW][coreLoadExecutor-189-thread-1]: coreLoadExecutor-189-thread-1 finishFullFlush success=true
[coreLoadExecutor-189-thread-1] INFO org.apache.solr.update.LoggingInfoStream - [IW][coreLoadExecutor-189-thread-1]: getReader took 0 msec
[coreLoadExecutor-189-thread-1] INFO org.apache.solr.search.SolrIndexSearcher - Opening Searcher@102b4d90[core] main
[coreLoadExecutor-189-thread-1] INFO org.apache.solr.rest.ManagedResourceStorage - File-based storage initialized to use dir: /tmp/solr-home770586652367974117/core/conf
[coreLoadExecutor-189-thread-1] INFO org.apache.solr.rest.RestManager - Initializing RestManager with initArgs: {storageDir=/tmp/solr-home770586652367974117/core/conf}
[coreLoadExecutor-189-thread-1] INFO org.apache.solr.rest.ManagedResourceStorage - Reading _rest_managed.json using file:dir=/tmp/solr-home770586652367974117/core/conf
[coreLoadExecutor-189-thread-1] INFO org.apache.solr.rest.RestManager - Initializing 0 registered ManagedResources
[coreLoadExecutor-189-thread-1] INFO org.apache.solr.handler.component.SpellCheckComponent - Initializing spell checkers
[coreLoadExecutor-189-thread-1] INFO org.apache.solr.handler.component.SpellCheckComponent - Registering newSearcher listener for spellchecker: default
[coreLoadExecutor-189-thread-1] INFO org.apache.solr.handler.component.SpellCheckComponent - No queryConverter defined, using default converter
[coreLoadExecutor-189-thread-1] INFO org.apache.solr.handler.ReplicationHandler - Commits will be reserved for  10000
[coreLoadExecutor-189-thread-1] INFO org.apache.solr.update.UpdateLog - Looking up max value of version field to seed version buckets
[coreLoadExecutor-189-thread-1] INFO org.apache.solr.update.VersionInfo - Refreshing highest value of _version_ for 65536 version buckets from index
[coreLoadExecutor-189-thread-1] INFO org.apache.solr.update.VersionInfo - No terms found for _version_, cannot seed version bucket highest value from index
[coreLoadExecutor-189-thread-1] INFO org.apache.solr.update.UpdateLog - Could not find max version in index or recent updates, using new clock 1576087834658340864
[searcherExecutor-190-thread-1] INFO org.apache.solr.handler.component.SpellCheckComponent - Loading spell index for spellchecker: default
[searcherExecutor-190-thread-1] INFO org.apache.solr.core.SolrCore - [core] Registered new searcher Searcher@102b4d90[core] main{ExitableDirectoryReader(UninvertingDirectoryReader())}
[coreLoadExecutor-189-thread-1] INFO org.apache.solr.update.UpdateLog - Took 1.0ms to seed version buckets with highest version 1576087834658340864
[coreLoadExecutor-189-thread-1] INFO org.apache.solr.core.CoreContainer - registering core: core
[Test worker] INFO org.apache.solr.core.SolrCore.Request - [core]  webapp=null path=/admin/ping params={} hits=0 status=0 QTime=0
[Test worker] INFO org.apache.solr.core.SolrCore.Request - [core]  webapp=null path=/admin/ping params={} status=0 QTime=0
[Test worker] INFO com.rbmhtechnology.vind.solr.SolrSearchServer - Connection to solr server successful
[Test worker] INFO org.apache.solr.core.SolrCore.Request - [core]  webapp=null path=/schema params={} status=0 QTime=0
[Test worker] INFO com.rbmhtechnology.vind.solr.SolrSearchServer - No server provider of type class com.rbmhtechnology.vind.solr.EmbeddedSolrServerProvider found in classpath for server com.rbmhtechnology.vind.solr.SolrSearchServer
[Test worker] INFO org.apache.solr.update.processor.LogUpdateProcessorFactory - [core]  webapp=null path=/update params={}{add=[1 (1576087834663583744)]} 0 2
[Test worker] INFO org.apache.solr.update.DirectUpdateHandler2 - start commit{,optimize=false,openSearcher=true,waitSearcher=true,expungeDeletes=false,softCommit=false,prepareCommit=false}
[Test worker] INFO org.apache.solr.update.LoggingInfoStream - [IW][Test worker]: commit: start
[Test worker] INFO org.apache.solr.update.LoggingInfoStream - [IW][Test worker]: commit: enter lock
[Test worker] INFO org.apache.solr.update.LoggingInfoStream - [IW][Test worker]: commit: now prepare
[Test worker] INFO org.apache.solr.update.LoggingInfoStream - [IW][Test worker]: prepareCommit: flush
[Test worker] INFO org.apache.solr.update.LoggingInfoStream - [IW][Test worker]:   index before flush 
[Test worker] INFO org.apache.solr.update.LoggingInfoStream - [DW][Test worker]: startFullFlush
[Test worker] INFO org.apache.solr.update.LoggingInfoStream - [DW][Test worker]: anyChanges? numDocsInRam=1 deletes=true hasTickets:false pendingChangesInFullFlush: false
[Test worker] INFO org.apache.solr.update.LoggingInfoStream - [DWFC][Test worker]: addFlushableState DocumentsWriterPerThread [pendingDeletes=gen=0, segment=_0, aborted=false, numDocsInRAM=1, deleteQueue=DWDQ: [ generation: 1 ]]
[Test worker] INFO org.apache.solr.update.LoggingInfoStream - [DWPT][Test worker]: flush postings as segment _0 numDocs=1
[Test worker] INFO org.apache.solr.update.LoggingInfoStream - [IW][Test worker]: 0 msec to write norms
[Test worker] INFO org.apache.solr.update.LoggingInfoStream - [IW][Test worker]: 0 msec to write docValues
[Test worker] INFO org.apache.solr.update.LoggingInfoStream - [IW][Test worker]: 0 msec to finish stored fields
[Test worker] INFO org.apache.solr.update.LoggingInfoStream - [IW][Test worker]: 0 msec to write postings and finish vectors
[Test worker] INFO org.apache.solr.update.LoggingInfoStream - [IW][Test worker]: 0 msec to write fieldInfos
[Test worker] INFO org.apache.solr.update.LoggingInfoStream - [DWPT][Test worker]: new segment has 0 deleted docs
[Test worker] INFO org.apache.solr.update.LoggingInfoStream - [DWPT][Test worker]: new segment has no vectors; norms; docValues; prox; freqs
[Test worker] INFO org.apache.solr.update.LoggingInfoStream - [DWPT][Test worker]: flushedFiles=[_0_Lucene54_0.dvm, _0_Lucene50_0.doc, _0_Lucene50_0.tim, _0_Lucene50_0.pos, _0.nvd, _0.fdx, _0_Lucene54_0.dvd, _0_Lucene50_0.tip, _0.fdt, _0.nvm, _0.fnm]
[Test worker] INFO org.apache.solr.update.LoggingInfoStream - [DWPT][Test worker]: flushed codec=Lucene54
[Test worker] INFO org.apache.solr.update.LoggingInfoStream - [DWPT][Test worker]: flushed: segment=_0 ramUsed=0.215 MB newFlushedSize=0.002 MB docs/MB=434.553
[Test worker] INFO org.apache.solr.update.LoggingInfoStream - [DW][Test worker]: publishFlushedSegment seg-private updates=null
[Test worker] INFO org.apache.solr.update.LoggingInfoStream - [IW][Test worker]: publishFlushedSegment
[Test worker] INFO org.apache.solr.update.LoggingInfoStream - [BD][Test worker]: push deletes  1 deleted terms (unique count=1) bytesUsed=1072 segmentPrivate?=false delGen=2 packetCount=1 totBytesUsed=1072
[Test worker] INFO org.apache.solr.update.LoggingInfoStream - [IW][Test worker]: publish sets newSegment delGen=3 seg=_0(5.5.1):C1
[Test worker] INFO org.apache.solr.update.LoggingInfoStream - [IFD][Test worker]: now checkpoint "_0(5.5.1):C1" [1 segments ; isCommit = false]
[Test worker] INFO org.apache.solr.update.LoggingInfoStream - [IFD][Test worker]: 0 msec to checkpoint
[Test worker] INFO org.apache.solr.update.LoggingInfoStream - [IW][Test worker]: apply all deletes during flush
[Test worker] INFO org.apache.solr.update.LoggingInfoStream - [IW][Test worker]: now apply all deletes for all segments maxDoc=1
[Test worker] INFO org.apache.solr.update.LoggingInfoStream - [BD][Test worker]: applyDeletes: open segment readers took 0 msec
[Test worker] INFO org.apache.solr.update.LoggingInfoStream - [BD][Test worker]: applyDeletes: infos=[_0(5.5.1):C1] packetCount=1
[Test worker] INFO org.apache.solr.update.LoggingInfoStream - [BD][Test worker]: applyDeletes took 0 msec for 1 segments, 0 newly deleted docs (query deletes), 0 visited terms, allDeleted=null
[Test worker] INFO org.apache.solr.update.LoggingInfoStream - [BD][Test worker]: prune sis=segments_1: _0(5.5.1):C1 minGen=3 packetCount=1
[Test worker] INFO org.apache.solr.update.LoggingInfoStream - [BD][Test worker]: pruneDeletes: prune 1 packets; 0 packets remain
[Test worker] INFO org.apache.solr.update.LoggingInfoStream - [DW][Test worker]: Test worker finishFullFlush success=true
[Test worker] INFO org.apache.solr.update.LoggingInfoStream - [TMP][Test worker]: findMerges: 1 segments
[Test worker] INFO org.apache.solr.update.LoggingInfoStream - [TMP][Test worker]:   seg=_0(5.5.1):C1 size=0.002 MB [floored]
[Test worker] INFO org.apache.solr.update.LoggingInfoStream - [TMP][Test worker]:   allowedSegmentCount=1 vs count=1 (eligible count=1) tooBigCount=0
[Test worker] INFO org.apache.solr.update.LoggingInfoStream - [MS][Test worker]: initDynamicDefaults spins=false maxThreadCount=2 maxMergeCount=7
[Test worker] INFO org.apache.solr.update.LoggingInfoStream - [MS][Test worker]: now merge
[Test worker] INFO org.apache.solr.update.LoggingInfoStream - [MS][Test worker]:   index: _0(5.5.1):C1
[Test worker] INFO org.apache.solr.update.LoggingInfoStream - [MS][Test worker]:   no more merges pending; now return
[Test worker] INFO org.apache.solr.update.LoggingInfoStream - [IW][Test worker]: startCommit(): start
[Test worker] INFO org.apache.solr.update.LoggingInfoStream - [IW][Test worker]: startCommit index=_0(5.5.1):C1 changeCount=4
[Test worker] INFO org.apache.solr.update.LoggingInfoStream - [IW][Test worker]: startCommit: wrote pending segments file "pending_segments_2"
[Test worker] INFO org.apache.solr.update.LoggingInfoStream - [IW][Test worker]: done all syncs: [_0.si, _0_Lucene50_0.doc, _0_Lucene50_0.tim, _0_Lucene54_0.dvm, _0_Lucene50_0.pos, _0.nvd, _0.fdx, _0_Lucene54_0.dvd, _0_Lucene50_0.tip, _0.fdt, _0.nvm, _0.fnm]
[Test worker] INFO org.apache.solr.update.LoggingInfoStream - [IW][Test worker]: commit: pendingCommit != null
[Test worker] INFO org.apache.solr.update.LoggingInfoStream - [IW][Test worker]: commit: done writing segments file "segments_2"
[Test worker] INFO org.apache.solr.update.LoggingInfoStream - [IFD][Test worker]: now checkpoint "_0(5.5.1):C1" [1 segments ; isCommit = true]
[Test worker] INFO org.apache.solr.core.SolrDeletionPolicy - SolrDeletionPolicy.onCommit: commits: num=2
	commit{dir=NRTCachingDirectory(MMapDirectory@/tmp/solr-home770586652367974117/core/data/index lockFactory=org.apache.lucene.store.NativeFSLockFactory@2c3d74f6; maxCacheMB=48.0 maxMergeSizeMB=4.0),segFN=segments_1,generation=1}
	commit{dir=NRTCachingDirectory(MMapDirectory@/tmp/solr-home770586652367974117/core/data/index lockFactory=org.apache.lucene.store.NativeFSLockFactory@2c3d74f6; maxCacheMB=48.0 maxMergeSizeMB=4.0),segFN=segments_2,generation=2}
[Test worker] INFO org.apache.solr.core.SolrDeletionPolicy - newest commit generation = 2
[Test worker] INFO org.apache.solr.update.LoggingInfoStream - [IFD][Test worker]: deleteCommits: now decRef commit "segments_1"
[Test worker] INFO org.apache.solr.update.LoggingInfoStream - [IFD][Test worker]: delete "segments_1"
[Test worker] INFO org.apache.solr.update.LoggingInfoStream - [IFD][Test worker]: 0 msec to checkpoint
[Test worker] INFO org.apache.solr.update.LoggingInfoStream - [IW][Test worker]: commit: took 58.6 msec
[Test worker] INFO org.apache.solr.update.LoggingInfoStream - [IW][Test worker]: commit: done
[Test worker] INFO org.apache.solr.update.LoggingInfoStream - [IW][Test worker]: nrtIsCurrent: infoVersion matches: false; DW changes: false; BD changes: false
[Test worker] INFO org.apache.solr.update.LoggingInfoStream - [IW][Test worker]: flush at getReader
[Test worker] INFO org.apache.solr.update.LoggingInfoStream - [DW][Test worker]: startFullFlush
[Test worker] INFO org.apache.solr.update.LoggingInfoStream - [IW][Test worker]: apply all deletes during flush
[Test worker] INFO org.apache.solr.update.LoggingInfoStream - [IW][Test worker]: now apply all deletes for all segments maxDoc=1
[Test worker] INFO org.apache.solr.update.LoggingInfoStream - [BD][Test worker]: applyDeletes: open segment readers took 0 msec
[Test worker] INFO org.apache.solr.update.LoggingInfoStream - [BD][Test worker]: applyDeletes: no segments; skipping
[Test worker] INFO org.apache.solr.update.LoggingInfoStream - [BD][Test worker]: prune sis=segments_2: _0(5.5.1):C1 minGen=3 packetCount=0
[Test worker] INFO org.apache.solr.update.LoggingInfoStream - [IW][Test worker]: incRefDeleter for NRT reader version=6 segments=_0(5.5.1):C1
[Test worker] INFO org.apache.solr.update.LoggingInfoStream - [IW][Test worker]: return reader version=6 reader=StandardDirectoryReader(segments_2:6:nrt _0(5.5.1):C1)
[Test worker] INFO org.apache.solr.update.LoggingInfoStream - [DW][Test worker]: Test worker finishFullFlush success=true
[Test worker] INFO org.apache.solr.update.LoggingInfoStream - [IW][Test worker]: getReader took 2 msec
[Test worker] INFO org.apache.solr.search.SolrIndexSearcher - Opening Searcher@37453e8e[core] main
[searcherExecutor-190-thread-1] INFO org.apache.solr.handler.component.SpellCheckComponent - Building spell index for spell checker: default
[Test worker] INFO org.apache.solr.update.DirectUpdateHandler2 - end_commit_flush
[searcherExecutor-190-thread-1] INFO org.apache.solr.core.SolrCore - [core] Registered new searcher Searcher@37453e8e[core] main{ExitableDirectoryReader(UninvertingDirectoryReader(Uninverting(_0(5.5.1):C1)))}
[searcherExecutor-190-thread-1] INFO org.apache.solr.update.LoggingInfoStream - [IW][searcherExecutor-190-thread-1]: decRefDeleter for NRT reader version=2 segments=
[Test worker] INFO org.apache.solr.update.processor.LogUpdateProcessorFactory - [core]  webapp=null path=/update params={commit=true&softCommit=false&waitSearcher=true}{commit=} 0 99
[Test worker] INFO org.apache.solr.core.SolrCore.Request - [core]  webapp=null path=/suggester params={q=t&qt=/suggester&suggestion.df=facets&suggestion.field=dynamic_multi_facet_string_f1} status=0 QTime=13
[Test worker] INFO org.apache.solr.core.CoreContainer - Shutting down CoreContainer instance=474337492
[coreCloseExecutor-195-thread-1] INFO org.apache.solr.core.SolrCore - [core]  CLOSING SolrCore org.apache.solr.core.SolrCore@3bdb152a
[coreCloseExecutor-195-thread-1] INFO org.apache.solr.update.DirectUpdateHandler2 - closing DirectUpdateHandler2{commits=1,autocommit maxTime=15000ms,autocommits=0,soft autocommits=0,optimizes=0,rollbacks=0,expungeDeletes=0,docsPending=0,adds=0,deletesById=0,deletesByQuery=0,errors=0,cumulative_adds=1,cumulative_deletesById=0,cumulative_deletesByQuery=0,cumulative_errors=0,transaction_logs_total_size=183,transaction_logs_total_number=1}
[coreCloseExecutor-195-thread-1] INFO org.apache.solr.update.SolrCoreState - Closing SolrCoreState
[coreCloseExecutor-195-thread-1] INFO org.apache.solr.update.DefaultSolrCoreState - SolrCoreState ref count has reached 0 - closing IndexWriter
[coreCloseExecutor-195-thread-1] INFO org.apache.solr.update.DefaultSolrCoreState - closing IndexWriter with IndexWriterCloser
[coreCloseExecutor-195-thread-1] INFO org.apache.solr.update.LoggingInfoStream - [IW][coreCloseExecutor-195-thread-1]: now flush at close
[coreCloseExecutor-195-thread-1] INFO org.apache.solr.update.LoggingInfoStream - [IW][coreCloseExecutor-195-thread-1]:   start flush: applyAllDeletes=true
[coreCloseExecutor-195-thread-1] INFO org.apache.solr.update.LoggingInfoStream - [IW][coreCloseExecutor-195-thread-1]:   index before flush _0(5.5.1):C1
[coreCloseExecutor-195-thread-1] INFO org.apache.solr.update.LoggingInfoStream - [DW][coreCloseExecutor-195-thread-1]: startFullFlush
[coreCloseExecutor-195-thread-1] INFO org.apache.solr.update.LoggingInfoStream - [DW][coreCloseExecutor-195-thread-1]: coreCloseExecutor-195-thread-1 finishFullFlush success=true
[coreCloseExecutor-195-thread-1] INFO org.apache.solr.update.LoggingInfoStream - [IW][coreCloseExecutor-195-thread-1]: apply all deletes during flush
[coreCloseExecutor-195-thread-1] INFO org.apache.solr.update.LoggingInfoStream - [IW][coreCloseExecutor-195-thread-1]: now apply all deletes for all segments maxDoc=1
[coreCloseExecutor-195-thread-1] INFO org.apache.solr.update.LoggingInfoStream - [BD][coreCloseExecutor-195-thread-1]: applyDeletes: open segment readers took 0 msec
[coreCloseExecutor-195-thread-1] INFO org.apache.solr.update.LoggingInfoStream - [BD][coreCloseExecutor-195-thread-1]: applyDeletes: no segments; skipping
[coreCloseExecutor-195-thread-1] INFO org.apache.solr.update.LoggingInfoStream - [BD][coreCloseExecutor-195-thread-1]: prune sis=segments_2: _0(5.5.1):C1 minGen=3 packetCount=0
[coreCloseExecutor-195-thread-1] INFO org.apache.solr.update.LoggingInfoStream - [MS][coreCloseExecutor-195-thread-1]: updateMergeThreads ioThrottle=true targetMBPerSec=10240.0 MB/sec
[coreCloseExecutor-195-thread-1] INFO org.apache.solr.update.LoggingInfoStream - [MS][coreCloseExecutor-195-thread-1]: now merge
[coreCloseExecutor-195-thread-1] INFO org.apache.solr.update.LoggingInfoStream - [MS][coreCloseExecutor-195-thread-1]:   index: _0(5.5.1):C1
[coreCloseExecutor-195-thread-1] INFO org.apache.solr.update.LoggingInfoStream - [MS][coreCloseExecutor-195-thread-1]:   no more merges pending; now return
[coreCloseExecutor-195-thread-1] INFO org.apache.solr.update.LoggingInfoStream - [IW][coreCloseExecutor-195-thread-1]: waitForMerges
[coreCloseExecutor-195-thread-1] INFO org.apache.solr.update.LoggingInfoStream - [IW][coreCloseExecutor-195-thread-1]: waitForMerges done
[coreCloseExecutor-195-thread-1] INFO org.apache.solr.update.LoggingInfoStream - [IW][coreCloseExecutor-195-thread-1]: commit: start
[coreCloseExecutor-195-thread-1] INFO org.apache.solr.update.LoggingInfoStream - [IW][coreCloseExecutor-195-thread-1]: commit: enter lock
[coreCloseExecutor-195-thread-1] INFO org.apache.solr.update.LoggingInfoStream - [IW][coreCloseExecutor-195-thread-1]: commit: now prepare
[coreCloseExecutor-195-thread-1] INFO org.apache.solr.update.LoggingInfoStream - [IW][coreCloseExecutor-195-thread-1]: prepareCommit: flush
[coreCloseExecutor-195-thread-1] INFO org.apache.solr.update.LoggingInfoStream - [IW][coreCloseExecutor-195-thread-1]:   index before flush _0(5.5.1):C1
[coreCloseExecutor-195-thread-1] INFO org.apache.solr.update.LoggingInfoStream - [DW][coreCloseExecutor-195-thread-1]: startFullFlush
[coreCloseExecutor-195-thread-1] INFO org.apache.solr.update.LoggingInfoStream - [IW][coreCloseExecutor-195-thread-1]: apply all deletes during flush
[coreCloseExecutor-195-thread-1] INFO org.apache.solr.update.LoggingInfoStream - [IW][coreCloseExecutor-195-thread-1]: now apply all deletes for all segments maxDoc=1
[coreCloseExecutor-195-thread-1] INFO org.apache.solr.update.LoggingInfoStream - [BD][coreCloseExecutor-195-thread-1]: applyDeletes: open segment readers took 0 msec
[coreCloseExecutor-195-thread-1] INFO org.apache.solr.update.LoggingInfoStream - [BD][coreCloseExecutor-195-thread-1]: applyDeletes: no segments; skipping
[coreCloseExecutor-195-thread-1] INFO org.apache.solr.update.LoggingInfoStream - [BD][coreCloseExecutor-195-thread-1]: prune sis=segments_2: _0(5.5.1):C1 minGen=3 packetCount=0
[coreCloseExecutor-195-thread-1] INFO org.apache.solr.update.LoggingInfoStream - [DW][coreCloseExecutor-195-thread-1]: coreCloseExecutor-195-thread-1 finishFullFlush success=true
[coreCloseExecutor-195-thread-1] INFO org.apache.solr.update.LoggingInfoStream - [IW][coreCloseExecutor-195-thread-1]: startCommit(): start
[coreCloseExecutor-195-thread-1] INFO org.apache.solr.update.LoggingInfoStream - [IW][coreCloseExecutor-195-thread-1]:   skip startCommit(): no changes pending
[coreCloseExecutor-195-thread-1] INFO org.apache.solr.update.LoggingInfoStream - [IW][coreCloseExecutor-195-thread-1]: commit: pendingCommit == null; skip
[coreCloseExecutor-195-thread-1] INFO org.apache.solr.update.LoggingInfoStream - [IW][coreCloseExecutor-195-thread-1]: commit: took 0.2 msec
[coreCloseExecutor-195-thread-1] INFO org.apache.solr.update.LoggingInfoStream - [IW][coreCloseExecutor-195-thread-1]: commit: done
[coreCloseExecutor-195-thread-1] INFO org.apache.solr.update.LoggingInfoStream - [IW][coreCloseExecutor-195-thread-1]: rollback
[coreCloseExecutor-195-thread-1] INFO org.apache.solr.update.LoggingInfoStream - [IW][coreCloseExecutor-195-thread-1]: all running merges have aborted
[coreCloseExecutor-195-thread-1] INFO org.apache.solr.update.LoggingInfoStream - [IW][coreCloseExecutor-195-thread-1]: rollback: done finish merges
[coreCloseExecutor-195-thread-1] INFO org.apache.solr.update.LoggingInfoStream - [DW][coreCloseExecutor-195-thread-1]: abort
[coreCloseExecutor-195-thread-1] INFO org.apache.solr.update.LoggingInfoStream - [DW][coreCloseExecutor-195-thread-1]: done abort success=true
[coreCloseExecutor-195-thread-1] INFO org.apache.solr.update.LoggingInfoStream - [IW][coreCloseExecutor-195-thread-1]: rollback: infos=_0(5.5.1):C1
[coreCloseExecutor-195-thread-1] INFO org.apache.solr.update.LoggingInfoStream - [IFD][coreCloseExecutor-195-thread-1]: now checkpoint "_0(5.5.1):C1" [1 segments ; isCommit = false]
[coreCloseExecutor-195-thread-1] INFO org.apache.solr.update.LoggingInfoStream - [IFD][coreCloseExecutor-195-thread-1]: 0 msec to checkpoint
[coreCloseExecutor-195-thread-1] INFO org.apache.solr.core.SolrCore - [core] Closing main searcher on request.
[coreCloseExecutor-195-thread-1] INFO org.apache.solr.core.CachingDirectoryFactory - Closing NRTCachingDirectoryFactory - 2 directories currently being tracked
[coreCloseExecutor-195-thread-1] INFO org.apache.solr.core.CachingDirectoryFactory - looking to close /tmp/solr-home770586652367974117/core/data/index [CachedDir<<refCount=0;path=/tmp/solr-home770586652367974117/core/data/index;done=false>>]
[coreCloseExecutor-195-thread-1] INFO org.apache.solr.core.CachingDirectoryFactory - Closing directory: /tmp/solr-home770586652367974117/core/data/index
[coreCloseExecutor-195-thread-1] INFO org.apache.solr.core.CachingDirectoryFactory - looking to close /tmp/solr-home770586652367974117/core/data [CachedDir<<refCount=0;path=/tmp/solr-home770586652367974117/core/data;done=false>>]
[coreCloseExecutor-195-thread-1] INFO org.apache.solr.core.CachingDirectoryFactory - Closing directory: /tmp/solr-home770586652367974117/core/data
[Test worker] INFO com.rbmhtechnology.vind.solr.SolrSearchServer - No server provider of type class com.rbmhtechnology.vind.solr.EmbeddedSolrServerProvider found in classpath for server com.rbmhtechnology.vind.solr.SolrSearchServer
[Test worker] INFO com.rbmhtechnology.vind.solr.SolrSearchServer - No server provider of type class com.rbmhtechnology.vind.solr.EmbeddedSolrServerProvider found in classpath for server com.rbmhtechnology.vind.solr.SolrSearchServer
[Test worker] INFO org.apache.solr.core.SolrResourceLoader - new SolrResourceLoader for directory: '/tmp/solr-home8309776463007282912'
[Test worker] INFO org.apache.solr.core.SolrResourceLoader - JNDI not configured for solr (NoInitialContextEx)
[Test worker] INFO org.apache.solr.core.SolrResourceLoader - solr home defaulted to 'solr/' (could not find system property or JNDI)
[Test worker] INFO org.apache.solr.core.SolrXmlConfig - Loading container configuration from /tmp/solr-home8309776463007282912/solr.xml
[Test worker] INFO org.apache.solr.core.CorePropertiesLocator - Config-defined core root directory: /tmp/solr-home8309776463007282912
[Test worker] INFO org.apache.solr.core.CoreContainer - New CoreContainer 830623454
[Test worker] INFO org.apache.solr.core.CoreContainer - Loading cores into CoreContainer [instanceDir=/tmp/solr-home8309776463007282912]
[Test worker] WARN org.apache.solr.core.CoreContainer - Couldn't add files from /tmp/solr-home8309776463007282912/lib to classpath: /tmp/solr-home8309776463007282912/lib
[Test worker] INFO org.apache.solr.handler.component.HttpShardHandlerFactory - created with socketTimeout : 120000,connTimeout : 15000,maxConnectionsPerHost : 20,maxConnections : 10000,corePoolSize : 0,maximumPoolSize : 2147483647,maxThreadIdleTime : 5,sizeOfQueue : -1,fairnessPolicy : false,useRetries : false,
[Test worker] INFO org.apache.solr.update.UpdateShardHandler - Creating UpdateShardHandler HTTP client with params: socketTimeout=600000&connTimeout=60000&retry=true
[Test worker] INFO org.apache.solr.logging.LogWatcher - SLF4J impl is org.slf4j.impl.SimpleLoggerFactory
[Test worker] INFO org.apache.solr.logging.LogWatcher - No LogWatcher configured
[Test worker] INFO org.apache.solr.core.CoreContainer - Security conf doesn't exist. Skipping setup for authorization module.
[Test worker] INFO org.apache.solr.core.CoreContainer - No authentication plugin used.
[Test worker] INFO org.apache.solr.core.CorePropertiesLocator - Looking for core definitions underneath /tmp/solr-home8309776463007282912
[Test worker] INFO org.apache.solr.core.CoreDescriptor - Created CoreDescriptor: {runtimeLib=false, name=core, config=solrconfig.xml, loadOnStartup=true, schema=schema.xml, configSetProperties=configsetprops.json, transient=false, dataDir=data/}
[Test worker] INFO org.apache.solr.core.CorePropertiesLocator - Found core core in /tmp/solr-home8309776463007282912/core
[Test worker] INFO org.apache.solr.core.CorePropertiesLocator - Found 1 core definitions
[coreLoadExecutor-202-thread-1] INFO org.apache.solr.core.SolrResourceLoader - new SolrResourceLoader for directory: '/tmp/solr-home8309776463007282912/core'
[coreLoadExecutor-202-thread-1] INFO org.apache.solr.core.SolrResourceLoader - JNDI not configured for solr (NoInitialContextEx)
[coreLoadExecutor-202-thread-1] INFO org.apache.solr.core.SolrResourceLoader - solr home defaulted to 'solr/' (could not find system property or JNDI)
[coreLoadExecutor-202-thread-1] INFO org.apache.solr.core.SolrResourceLoader - Adding 'file:/tmp/solr-home8309776463007282912/core/lib/marker-search-handler-0.3.0.jar' to classloader
[coreLoadExecutor-202-thread-1] INFO org.apache.solr.core.SolrResourceLoader - Adding 'file:/tmp/solr-home8309776463007282912/core/lib/suggestion-request-handler-2.1.0.jar' to classloader
[coreLoadExecutor-202-thread-1] INFO org.apache.solr.core.SolrConfig - current version of requestparams : -1
[coreLoadExecutor-202-thread-1] INFO org.apache.solr.update.SolrIndexConfig - IndexWriter infoStream solr logging is enabled
[coreLoadExecutor-202-thread-1] INFO org.apache.solr.core.SolrConfig - Using Lucene MatchVersion: 5.5.0
[coreLoadExecutor-202-thread-1] INFO org.apache.solr.core.SolrConfig - Loaded SolrConfig: solrconfig.xml
[coreLoadExecutor-202-thread-1] INFO org.apache.solr.schema.ManagedIndexSchemaFactory - The schema is configured as managed, but managed schema resource managed-schema not found - loading non-managed schema schema.xml instead
[coreLoadExecutor-202-thread-1] INFO org.apache.solr.schema.IndexSchema - [core] Schema name=basic search lib core
[coreLoadExecutor-202-thread-1] INFO org.apache.solr.schema.IndexSchema - unique key field: _id_
[coreLoadExecutor-202-thread-1] INFO org.apache.solr.schema.ManagedIndexSchema - Upgraded to managed schema at /tmp/solr-home8309776463007282912/core/conf/managed-schema
[coreLoadExecutor-202-thread-1] INFO org.apache.solr.schema.ManagedIndexSchemaFactory - After upgrading to managed schema, renamed the non-managed schema /tmp/solr-home8309776463007282912/core/conf/schema.xml to /tmp/solr-home8309776463007282912/core/conf/schema.xml.bak
[coreLoadExecutor-202-thread-1] INFO org.apache.solr.core.ConfigSetProperties - Did not find ConfigSet properties, assuming default properties: Can't find resource 'configsetprops.json' in classpath or '/tmp/solr-home8309776463007282912/core'
[coreLoadExecutor-202-thread-1] INFO org.apache.solr.core.CoreContainer - Creating SolrCore 'core' using configuration from instancedir /tmp/solr-home8309776463007282912/core
[coreLoadExecutor-202-thread-1] INFO org.apache.solr.core.SolrCore - solr.NRTCachingDirectoryFactory
[coreLoadExecutor-202-thread-1] INFO org.apache.solr.core.SolrCore - [[core] ] Opening new SolrCore at [/tmp/solr-home8309776463007282912/core], dataDir=[/tmp/solr-home8309776463007282912/core/data/]
[coreLoadExecutor-202-thread-1] INFO org.apache.solr.core.JmxMonitoredMap - No JMX servers found, not exposing Solr information with JMX.
[coreLoadExecutor-202-thread-1] INFO org.apache.solr.core.SchemaCodecFactory - Using default compressionMode: BEST_SPEED
[coreLoadExecutor-202-thread-1] INFO org.apache.solr.core.CachingDirectoryFactory - return new directory for /tmp/solr-home8309776463007282912/core/data
[coreLoadExecutor-202-thread-1] INFO org.apache.solr.core.SolrCore - New index directory detected: old=null new=/tmp/solr-home8309776463007282912/core/data/index/
[coreLoadExecutor-202-thread-1] WARN org.apache.solr.core.SolrCore - [core] Solr index directory '/tmp/solr-home8309776463007282912/core/data/index' doesn't exist. Creating new index...
[coreLoadExecutor-202-thread-1] INFO org.apache.solr.core.CachingDirectoryFactory - return new directory for /tmp/solr-home8309776463007282912/core/data/index
[coreLoadExecutor-202-thread-1] INFO org.apache.solr.update.LoggingInfoStream - [IFD][coreLoadExecutor-202-thread-1]: init: current segments file is "segments"; deletionPolicy=org.apache.solr.core.IndexDeletionPolicyWrapper@1f02f8b8
[coreLoadExecutor-202-thread-1] INFO org.apache.solr.update.LoggingInfoStream - [IFD][coreLoadExecutor-202-thread-1]: now checkpoint "" [0 segments ; isCommit = false]
[coreLoadExecutor-202-thread-1] INFO org.apache.solr.update.LoggingInfoStream - [IFD][coreLoadExecutor-202-thread-1]: 0 msec to checkpoint
[coreLoadExecutor-202-thread-1] INFO org.apache.solr.update.LoggingInfoStream - [IW][coreLoadExecutor-202-thread-1]: init: create=true
[coreLoadExecutor-202-thread-1] INFO org.apache.solr.update.LoggingInfoStream - [IW][coreLoadExecutor-202-thread-1]: 
dir=NRTCachingDirectory(MMapDirectory@/tmp/solr-home8309776463007282912/core/data/index lockFactory=org.apache.lucene.store.NativeFSLockFactory@2c3d74f6; maxCacheMB=48.0 maxMergeSizeMB=4.0)
index=
version=5.5.1
analyzer=org.apache.solr.update.SolrIndexConfig$DelayedSchemaAnalyzer
ramBufferSizeMB=100.0
maxBufferedDocs=-1
maxBufferedDeleteTerms=-1
mergedSegmentWarmer=null
delPolicy=org.apache.solr.core.IndexDeletionPolicyWrapper
commit=null
openMode=CREATE
similarity=org.apache.lucene.search.similarities.ClassicSimilarity
mergeScheduler=ConcurrentMergeScheduler: maxThreadCount=-1, maxMergeCount=-1, ioThrottle=true
default WRITE_LOCK_TIMEOUT=0
writeLockTimeout=0
codec=Lucene54
infoStream=org.apache.solr.update.LoggingInfoStream
mergePolicy=[TieredMergePolicy: maxMergeAtOnce=10, maxMergeAtOnceExplicit=30, maxMergedSegmentMB=5120.0, floorSegmentMB=2.0, forceMergeDeletesPctAllowed=10.0, segmentsPerTier=10.0, maxCFSSegmentSizeMB=8.796093022207999E12, noCFSRatio=0.1
indexerThreadPool=org.apache.lucene.index.DocumentsWriterPerThreadPool@2c8ddc83
readerPooling=false
perThreadHardLimitMB=1945
useCompoundFile=false
commitOnClose=true
writer=org.apache.solr.update.SolrIndexWriter@4735587c

[coreLoadExecutor-202-thread-1] INFO org.apache.solr.update.LoggingInfoStream - [IW][coreLoadExecutor-202-thread-1]: MMapDirectory.UNMAP_SUPPORTED=true
[coreLoadExecutor-202-thread-1] INFO org.apache.solr.update.LoggingInfoStream - [IW][coreLoadExecutor-202-thread-1]: now flush at close
[coreLoadExecutor-202-thread-1] INFO org.apache.solr.update.LoggingInfoStream - [IW][coreLoadExecutor-202-thread-1]:   start flush: applyAllDeletes=true
[coreLoadExecutor-202-thread-1] INFO org.apache.solr.update.LoggingInfoStream - [IW][coreLoadExecutor-202-thread-1]:   index before flush 
[coreLoadExecutor-202-thread-1] INFO org.apache.solr.update.LoggingInfoStream - [DW][coreLoadExecutor-202-thread-1]: startFullFlush
[coreLoadExecutor-202-thread-1] INFO org.apache.solr.update.LoggingInfoStream - [DW][coreLoadExecutor-202-thread-1]: coreLoadExecutor-202-thread-1 finishFullFlush success=true
[coreLoadExecutor-202-thread-1] INFO org.apache.solr.update.LoggingInfoStream - [IW][coreLoadExecutor-202-thread-1]: apply all deletes during flush
[coreLoadExecutor-202-thread-1] INFO org.apache.solr.update.LoggingInfoStream - [IW][coreLoadExecutor-202-thread-1]: now apply all deletes for all segments maxDoc=0
[coreLoadExecutor-202-thread-1] INFO org.apache.solr.update.LoggingInfoStream - [BD][coreLoadExecutor-202-thread-1]: prune sis=segments:  minGen=9223372036854775807 packetCount=0
[coreLoadExecutor-202-thread-1] INFO org.apache.solr.update.LoggingInfoStream - [MS][coreLoadExecutor-202-thread-1]: initDynamicDefaults spins=false maxThreadCount=2 maxMergeCount=7
[coreLoadExecutor-202-thread-1] INFO org.apache.solr.update.LoggingInfoStream - [MS][coreLoadExecutor-202-thread-1]: updateMergeThreads ioThrottle=true targetMBPerSec=10240.0 MB/sec
[coreLoadExecutor-202-thread-1] INFO org.apache.solr.update.LoggingInfoStream - [MS][coreLoadExecutor-202-thread-1]: now merge
[coreLoadExecutor-202-thread-1] INFO org.apache.solr.update.LoggingInfoStream - [MS][coreLoadExecutor-202-thread-1]:   index: 
[coreLoadExecutor-202-thread-1] INFO org.apache.solr.update.LoggingInfoStream - [MS][coreLoadExecutor-202-thread-1]:   no more merges pending; now return
[coreLoadExecutor-202-thread-1] INFO org.apache.solr.update.LoggingInfoStream - [IW][coreLoadExecutor-202-thread-1]: waitForMerges
[coreLoadExecutor-202-thread-1] INFO org.apache.solr.update.LoggingInfoStream - [IW][coreLoadExecutor-202-thread-1]: waitForMerges done
[coreLoadExecutor-202-thread-1] INFO org.apache.solr.update.LoggingInfoStream - [IW][coreLoadExecutor-202-thread-1]: commit: start
[coreLoadExecutor-202-thread-1] INFO org.apache.solr.update.LoggingInfoStream - [IW][coreLoadExecutor-202-thread-1]: commit: enter lock
[coreLoadExecutor-202-thread-1] INFO org.apache.solr.update.LoggingInfoStream - [IW][coreLoadExecutor-202-thread-1]: commit: now prepare
[coreLoadExecutor-202-thread-1] INFO org.apache.solr.update.LoggingInfoStream - [IW][coreLoadExecutor-202-thread-1]: prepareCommit: flush
[coreLoadExecutor-202-thread-1] INFO org.apache.solr.update.LoggingInfoStream - [IW][coreLoadExecutor-202-thread-1]:   index before flush 
[coreLoadExecutor-202-thread-1] INFO org.apache.solr.update.LoggingInfoStream - [DW][coreLoadExecutor-202-thread-1]: startFullFlush
[coreLoadExecutor-202-thread-1] INFO org.apache.solr.update.LoggingInfoStream - [IW][coreLoadExecutor-202-thread-1]: apply all deletes during flush
[coreLoadExecutor-202-thread-1] INFO org.apache.solr.update.LoggingInfoStream - [IW][coreLoadExecutor-202-thread-1]: now apply all deletes for all segments maxDoc=0
[coreLoadExecutor-202-thread-1] INFO org.apache.solr.update.LoggingInfoStream - [BD][coreLoadExecutor-202-thread-1]: prune sis=segments:  minGen=9223372036854775807 packetCount=0
[coreLoadExecutor-202-thread-1] INFO org.apache.solr.update.LoggingInfoStream - [DW][coreLoadExecutor-202-thread-1]: coreLoadExecutor-202-thread-1 finishFullFlush success=true
[coreLoadExecutor-202-thread-1] INFO org.apache.solr.update.LoggingInfoStream - [IW][coreLoadExecutor-202-thread-1]: startCommit(): start
[coreLoadExecutor-202-thread-1] INFO org.apache.solr.update.LoggingInfoStream - [IW][coreLoadExecutor-202-thread-1]: startCommit index= changeCount=2
[coreLoadExecutor-202-thread-1] INFO org.apache.solr.update.LoggingInfoStream - [IW][coreLoadExecutor-202-thread-1]: startCommit: wrote pending segments file "pending_segments_1"
[coreLoadExecutor-202-thread-1] INFO org.apache.solr.update.LoggingInfoStream - [IW][coreLoadExecutor-202-thread-1]: done all syncs: []
[coreLoadExecutor-202-thread-1] INFO org.apache.solr.update.LoggingInfoStream - [IW][coreLoadExecutor-202-thread-1]: commit: pendingCommit != null
[coreLoadExecutor-202-thread-1] INFO org.apache.solr.update.LoggingInfoStream - [IW][coreLoadExecutor-202-thread-1]: commit: done writing segments file "segments_1"
[coreLoadExecutor-202-thread-1] INFO org.apache.solr.update.LoggingInfoStream - [IFD][coreLoadExecutor-202-thread-1]: now checkpoint "" [0 segments ; isCommit = true]
[coreLoadExecutor-202-thread-1] INFO org.apache.solr.core.SolrDeletionPolicy - SolrDeletionPolicy.onCommit: commits: num=1
	commit{dir=NRTCachingDirectory(MMapDirectory@/tmp/solr-home8309776463007282912/core/data/index lockFactory=org.apache.lucene.store.NativeFSLockFactory@2c3d74f6; maxCacheMB=48.0 maxMergeSizeMB=4.0),segFN=segments_1,generation=1}
[coreLoadExecutor-202-thread-1] INFO org.apache.solr.core.SolrDeletionPolicy - newest commit generation = 1
[coreLoadExecutor-202-thread-1] INFO org.apache.solr.update.LoggingInfoStream - [IFD][coreLoadExecutor-202-thread-1]: 0 msec to checkpoint
[coreLoadExecutor-202-thread-1] INFO org.apache.solr.update.LoggingInfoStream - [IW][coreLoadExecutor-202-thread-1]: commit: took 5.7 msec
[coreLoadExecutor-202-thread-1] INFO org.apache.solr.update.LoggingInfoStream - [IW][coreLoadExecutor-202-thread-1]: commit: done
[coreLoadExecutor-202-thread-1] INFO org.apache.solr.update.LoggingInfoStream - [IW][coreLoadExecutor-202-thread-1]: rollback
[coreLoadExecutor-202-thread-1] INFO org.apache.solr.update.LoggingInfoStream - [IW][coreLoadExecutor-202-thread-1]: all running merges have aborted
[coreLoadExecutor-202-thread-1] INFO org.apache.solr.update.LoggingInfoStream - [IW][coreLoadExecutor-202-thread-1]: rollback: done finish merges
[coreLoadExecutor-202-thread-1] INFO org.apache.solr.update.LoggingInfoStream - [DW][coreLoadExecutor-202-thread-1]: abort
[coreLoadExecutor-202-thread-1] INFO org.apache.solr.update.LoggingInfoStream - [DW][coreLoadExecutor-202-thread-1]: done abort success=true
[coreLoadExecutor-202-thread-1] INFO org.apache.solr.update.LoggingInfoStream - [IW][coreLoadExecutor-202-thread-1]: rollback: infos=
[coreLoadExecutor-202-thread-1] INFO org.apache.solr.update.LoggingInfoStream - [IFD][coreLoadExecutor-202-thread-1]: now checkpoint "" [0 segments ; isCommit = false]
[coreLoadExecutor-202-thread-1] INFO org.apache.solr.update.LoggingInfoStream - [IFD][coreLoadExecutor-202-thread-1]: 0 msec to checkpoint
[OldIndexDirectoryCleanupThreadForCore-core] INFO org.apache.solr.core.SolrCore - Looking for old index directories to cleanup for core core in /tmp/solr-home8309776463007282912/core/data/
[coreLoadExecutor-202-thread-1] INFO org.apache.solr.core.SolrCore - no updateRequestProcessorChain defined as default, creating implicit default
[coreLoadExecutor-202-thread-1] INFO org.apache.solr.handler.loader.XMLLoader - xsltCacheLifetimeSeconds=60
[coreLoadExecutor-202-thread-1] INFO org.apache.solr.handler.loader.XMLLoader - xsltCacheLifetimeSeconds=60
[coreLoadExecutor-202-thread-1] INFO org.apache.solr.handler.loader.XMLLoader - xsltCacheLifetimeSeconds=60
[coreLoadExecutor-202-thread-1] INFO org.apache.solr.handler.loader.XMLLoader - xsltCacheLifetimeSeconds=60
[coreLoadExecutor-202-thread-1] INFO org.apache.solr.core.RequestHandlers - Registered paths: /admin/mbeans,,/update/csv,/update/json/docs,/admin/luke,/select,/suggester,/admin/segments,/get,/admin/system,/replication,/admin/properties,/config,/schema,/admin/plugins,/admin/logging,/update/json,/admin/threads,/admin/ping,/update,/admin/file
[coreLoadExecutor-202-thread-1] INFO org.apache.solr.core.SolrCore - Using default statsCache cache: org.apache.solr.search.stats.LocalStatsCache
[coreLoadExecutor-202-thread-1] INFO org.apache.solr.update.UpdateHandler - Using UpdateLog implementation: org.apache.solr.update.UpdateLog
[coreLoadExecutor-202-thread-1] INFO org.apache.solr.update.UpdateLog - Initializing UpdateLog: dataDir= defaultSyncLevel=FLUSH numRecordsToKeep=100 maxNumLogsToKeep=10 numVersionBuckets=65536
[coreLoadExecutor-202-thread-1] INFO org.apache.solr.update.CommitTracker - Hard AutoCommit: if uncommited for 15000ms; 
[coreLoadExecutor-202-thread-1] INFO org.apache.solr.update.CommitTracker - Soft AutoCommit: disabled
[coreLoadExecutor-202-thread-1] INFO org.apache.solr.update.LoggingInfoStream - [IFD][coreLoadExecutor-202-thread-1]: init: current segments file is "segments_1"; deletionPolicy=org.apache.solr.core.IndexDeletionPolicyWrapper@1f02f8b8
[coreLoadExecutor-202-thread-1] INFO org.apache.solr.update.LoggingInfoStream - [IFD][coreLoadExecutor-202-thread-1]: init: load commit "segments_1"
[coreLoadExecutor-202-thread-1] INFO org.apache.solr.core.SolrDeletionPolicy - SolrDeletionPolicy.onInit: commits: num=1
	commit{dir=NRTCachingDirectory(MMapDirectory@/tmp/solr-home8309776463007282912/core/data/index lockFactory=org.apache.lucene.store.NativeFSLockFactory@2c3d74f6; maxCacheMB=48.0 maxMergeSizeMB=4.0),segFN=segments_1,generation=1}
[coreLoadExecutor-202-thread-1] INFO org.apache.solr.core.SolrDeletionPolicy - newest commit generation = 1
[coreLoadExecutor-202-thread-1] INFO org.apache.solr.update.LoggingInfoStream - [IFD][coreLoadExecutor-202-thread-1]: now checkpoint "" [0 segments ; isCommit = false]
[coreLoadExecutor-202-thread-1] INFO org.apache.solr.update.LoggingInfoStream - [IFD][coreLoadExecutor-202-thread-1]: 0 msec to checkpoint
[coreLoadExecutor-202-thread-1] INFO org.apache.solr.update.LoggingInfoStream - [IW][coreLoadExecutor-202-thread-1]: init: create=false
[coreLoadExecutor-202-thread-1] INFO org.apache.solr.update.LoggingInfoStream - [IW][coreLoadExecutor-202-thread-1]: 
dir=NRTCachingDirectory(MMapDirectory@/tmp/solr-home8309776463007282912/core/data/index lockFactory=org.apache.lucene.store.NativeFSLockFactory@2c3d74f6; maxCacheMB=48.0 maxMergeSizeMB=4.0)
index=
version=5.5.1
analyzer=org.apache.solr.update.SolrIndexConfig$DelayedSchemaAnalyzer
ramBufferSizeMB=100.0
maxBufferedDocs=-1
maxBufferedDeleteTerms=-1
mergedSegmentWarmer=null
delPolicy=org.apache.solr.core.IndexDeletionPolicyWrapper
commit=null
openMode=APPEND
similarity=org.apache.lucene.search.similarities.ClassicSimilarity
mergeScheduler=ConcurrentMergeScheduler: maxThreadCount=-1, maxMergeCount=-1, ioThrottle=true
default WRITE_LOCK_TIMEOUT=0
writeLockTimeout=0
codec=Lucene54
infoStream=org.apache.solr.update.LoggingInfoStream
mergePolicy=[TieredMergePolicy: maxMergeAtOnce=10, maxMergeAtOnceExplicit=30, maxMergedSegmentMB=5120.0, floorSegmentMB=2.0, forceMergeDeletesPctAllowed=10.0, segmentsPerTier=10.0, maxCFSSegmentSizeMB=8.796093022207999E12, noCFSRatio=0.1
indexerThreadPool=org.apache.lucene.index.DocumentsWriterPerThreadPool@29f653f0
readerPooling=false
perThreadHardLimitMB=1945
useCompoundFile=false
commitOnClose=true
writer=org.apache.solr.update.SolrIndexWriter@2e5a2fe3

[coreLoadExecutor-202-thread-1] INFO org.apache.solr.update.LoggingInfoStream - [IW][coreLoadExecutor-202-thread-1]: MMapDirectory.UNMAP_SUPPORTED=true
[coreLoadExecutor-202-thread-1] INFO org.apache.solr.update.LoggingInfoStream - [IW][coreLoadExecutor-202-thread-1]: flush at getReader
[coreLoadExecutor-202-thread-1] INFO org.apache.solr.update.LoggingInfoStream - [DW][coreLoadExecutor-202-thread-1]: startFullFlush
[coreLoadExecutor-202-thread-1] INFO org.apache.solr.update.LoggingInfoStream - [IW][coreLoadExecutor-202-thread-1]: apply all deletes during flush
[coreLoadExecutor-202-thread-1] INFO org.apache.solr.update.LoggingInfoStream - [IW][coreLoadExecutor-202-thread-1]: now apply all deletes for all segments maxDoc=0
[coreLoadExecutor-202-thread-1] INFO org.apache.solr.update.LoggingInfoStream - [BD][coreLoadExecutor-202-thread-1]: prune sis=segments_1:  minGen=9223372036854775807 packetCount=0
[coreLoadExecutor-202-thread-1] INFO org.apache.solr.update.LoggingInfoStream - [IW][coreLoadExecutor-202-thread-1]: incRefDeleter for NRT reader version=2 segments=
[coreLoadExecutor-202-thread-1] INFO org.apache.solr.update.LoggingInfoStream - [IW][coreLoadExecutor-202-thread-1]: return reader version=2 reader=StandardDirectoryReader(segments_1:2:nrt)
[coreLoadExecutor-202-thread-1] INFO org.apache.solr.update.LoggingInfoStream - [DW][coreLoadExecutor-202-thread-1]: coreLoadExecutor-202-thread-1 finishFullFlush success=true
[coreLoadExecutor-202-thread-1] INFO org.apache.solr.update.LoggingInfoStream - [IW][coreLoadExecutor-202-thread-1]: getReader took 0 msec
[coreLoadExecutor-202-thread-1] INFO org.apache.solr.search.SolrIndexSearcher - Opening Searcher@5eeb5971[core] main
[coreLoadExecutor-202-thread-1] INFO org.apache.solr.rest.ManagedResourceStorage - File-based storage initialized to use dir: /tmp/solr-home8309776463007282912/core/conf
[coreLoadExecutor-202-thread-1] INFO org.apache.solr.rest.RestManager - Initializing RestManager with initArgs: {storageDir=/tmp/solr-home8309776463007282912/core/conf}
[coreLoadExecutor-202-thread-1] INFO org.apache.solr.rest.ManagedResourceStorage - Reading _rest_managed.json using file:dir=/tmp/solr-home8309776463007282912/core/conf
[coreLoadExecutor-202-thread-1] INFO org.apache.solr.rest.RestManager - Initializing 0 registered ManagedResources
[coreLoadExecutor-202-thread-1] INFO org.apache.solr.handler.component.SpellCheckComponent - Initializing spell checkers
[coreLoadExecutor-202-thread-1] INFO org.apache.solr.handler.component.SpellCheckComponent - Registering newSearcher listener for spellchecker: default
[coreLoadExecutor-202-thread-1] INFO org.apache.solr.handler.component.SpellCheckComponent - No queryConverter defined, using default converter
[coreLoadExecutor-202-thread-1] INFO org.apache.solr.handler.ReplicationHandler - Commits will be reserved for  10000
[coreLoadExecutor-202-thread-1] INFO org.apache.solr.update.UpdateLog - Looking up max value of version field to seed version buckets
[coreLoadExecutor-202-thread-1] INFO org.apache.solr.update.VersionInfo - Refreshing highest value of _version_ for 65536 version buckets from index
[searcherExecutor-203-thread-1] INFO org.apache.solr.handler.component.SpellCheckComponent - Loading spell index for spellchecker: default
[coreLoadExecutor-202-thread-1] INFO org.apache.solr.update.VersionInfo - No terms found for _version_, cannot seed version bucket highest value from index
[coreLoadExecutor-202-thread-1] INFO org.apache.solr.update.UpdateLog - Could not find max version in index or recent updates, using new clock 1576087834954039296
[searcherExecutor-203-thread-1] INFO org.apache.solr.core.SolrCore - [core] Registered new searcher Searcher@5eeb5971[core] main{ExitableDirectoryReader(UninvertingDirectoryReader())}
[coreLoadExecutor-202-thread-1] INFO org.apache.solr.update.UpdateLog - Took 0.0ms to seed version buckets with highest version 1576087834954039296
[coreLoadExecutor-202-thread-1] INFO org.apache.solr.core.CoreContainer - registering core: core
[Test worker] INFO org.apache.solr.core.SolrCore.Request - [core]  webapp=null path=/admin/ping params={} hits=0 status=0 QTime=0
[Test worker] INFO org.apache.solr.core.SolrCore.Request - [core]  webapp=null path=/admin/ping params={} status=0 QTime=0
[Test worker] INFO com.rbmhtechnology.vind.solr.SolrSearchServer - Connection to solr server successful
[Test worker] INFO org.apache.solr.core.SolrCore.Request - [core]  webapp=null path=/schema params={} status=0 QTime=0
[Test worker] INFO com.rbmhtechnology.vind.solr.SolrSearchServer - No server provider of type class com.rbmhtechnology.vind.solr.EmbeddedSolrServerProvider found in classpath for server com.rbmhtechnology.vind.solr.SolrSearchServer
[Test worker] INFO org.apache.solr.update.processor.LogUpdateProcessorFactory - [core]  webapp=null path=/update params={}{add=[1 (1576087834959282176)]} 0 1
[Test worker] INFO org.apache.solr.update.processor.LogUpdateProcessorFactory - [core]  webapp=null path=/update params={}{add=[2 (1576087834961379328)]} 0 0
[Test worker] INFO org.apache.solr.update.processor.LogUpdateProcessorFactory - [core]  webapp=null path=/update params={}{add=[21 (1576087834962427904)]} 0 0
[Test worker] INFO org.apache.solr.update.processor.LogUpdateProcessorFactory - [core]  webapp=null path=/update params={}{add=[42 (1576087834962427905)]} 0 0
[Test worker] INFO org.apache.solr.update.DirectUpdateHandler2 - start commit{,optimize=false,openSearcher=true,waitSearcher=true,expungeDeletes=false,softCommit=false,prepareCommit=false}
[Test worker] INFO org.apache.solr.update.LoggingInfoStream - [IW][Test worker]: commit: start
[Test worker] INFO org.apache.solr.update.LoggingInfoStream - [IW][Test worker]: commit: enter lock
[Test worker] INFO org.apache.solr.update.LoggingInfoStream - [IW][Test worker]: commit: now prepare
[Test worker] INFO org.apache.solr.update.LoggingInfoStream - [IW][Test worker]: prepareCommit: flush
[Test worker] INFO org.apache.solr.update.LoggingInfoStream - [IW][Test worker]:   index before flush 
[Test worker] INFO org.apache.solr.update.LoggingInfoStream - [DW][Test worker]: startFullFlush
[Test worker] INFO org.apache.solr.update.LoggingInfoStream - [DW][Test worker]: anyChanges? numDocsInRam=4 deletes=true hasTickets:false pendingChangesInFullFlush: false
[Test worker] INFO org.apache.solr.update.LoggingInfoStream - [DWFC][Test worker]: addFlushableState DocumentsWriterPerThread [pendingDeletes=gen=0 3 deleted terms (unique count=3) bytesUsed=509, segment=_0, aborted=false, numDocsInRAM=4, deleteQueue=DWDQ: [ generation: 1 ]]
[Test worker] INFO org.apache.solr.update.LoggingInfoStream - [DWPT][Test worker]: flush postings as segment _0 numDocs=4
[Test worker] INFO org.apache.solr.update.LoggingInfoStream - [IW][Test worker]: 0 msec to write norms
[Test worker] INFO org.apache.solr.update.LoggingInfoStream - [IW][Test worker]: 0 msec to write docValues
[Test worker] INFO org.apache.solr.update.LoggingInfoStream - [IW][Test worker]: 0 msec to finish stored fields
[Test worker] INFO org.apache.solr.update.LoggingInfoStream - [IW][Test worker]: 0 msec to write postings and finish vectors
[Test worker] INFO org.apache.solr.update.LoggingInfoStream - [IW][Test worker]: 0 msec to write fieldInfos
[Test worker] INFO org.apache.solr.update.LoggingInfoStream - [DWPT][Test worker]: new segment has 0 deleted docs
[Test worker] INFO org.apache.solr.update.LoggingInfoStream - [DWPT][Test worker]: new segment has no vectors; norms; docValues; prox; freqs
[Test worker] INFO org.apache.solr.update.LoggingInfoStream - [DWPT][Test worker]: flushedFiles=[_0_Lucene54_0.dvm, _0_Lucene50_0.doc, _0_Lucene50_0.tim, _0_Lucene50_0.pos, _0.nvd, _0.fdx, _0_Lucene54_0.dvd, _0_Lucene50_0.tip, _0.fdt, _0.nvm, _0.fnm]
[Test worker] INFO org.apache.solr.update.LoggingInfoStream - [DWPT][Test worker]: flushed codec=Lucene54
[Test worker] INFO org.apache.solr.update.LoggingInfoStream - [DWPT][Test worker]: flushed: segment=_0 ramUsed=0.224 MB newFlushedSize=0.003 MB docs/MB=1,306.23
[Test worker] INFO org.apache.solr.update.LoggingInfoStream - [DW][Test worker]: publishFlushedSegment seg-private updates=null
[Test worker] INFO org.apache.solr.update.LoggingInfoStream - [IW][Test worker]: publishFlushedSegment
[Test worker] INFO org.apache.solr.update.LoggingInfoStream - [BD][Test worker]: push deletes  4 deleted terms (unique count=4) bytesUsed=1072 segmentPrivate?=false delGen=2 packetCount=1 totBytesUsed=1072
[Test worker] INFO org.apache.solr.update.LoggingInfoStream - [IW][Test worker]: publish sets newSegment delGen=3 seg=_0(5.5.1):C4
[Test worker] INFO org.apache.solr.update.LoggingInfoStream - [IFD][Test worker]: now checkpoint "_0(5.5.1):C4" [1 segments ; isCommit = false]
[Test worker] INFO org.apache.solr.update.LoggingInfoStream - [IFD][Test worker]: 0 msec to checkpoint
[Test worker] INFO org.apache.solr.update.LoggingInfoStream - [IW][Test worker]: apply all deletes during flush
[Test worker] INFO org.apache.solr.update.LoggingInfoStream - [IW][Test worker]: now apply all deletes for all segments maxDoc=4
[Test worker] INFO org.apache.solr.update.LoggingInfoStream - [BD][Test worker]: applyDeletes: open segment readers took 1 msec
[Test worker] INFO org.apache.solr.update.LoggingInfoStream - [BD][Test worker]: applyDeletes: infos=[_0(5.5.1):C4] packetCount=1
[Test worker] INFO org.apache.solr.update.LoggingInfoStream - [BD][Test worker]: applyDeletes took 1 msec for 1 segments, 0 newly deleted docs (query deletes), 0 visited terms, allDeleted=null
[Test worker] INFO org.apache.solr.update.LoggingInfoStream - [BD][Test worker]: prune sis=segments_1: _0(5.5.1):C4 minGen=3 packetCount=1
[Test worker] INFO org.apache.solr.update.LoggingInfoStream - [BD][Test worker]: pruneDeletes: prune 1 packets; 0 packets remain
[Test worker] INFO org.apache.solr.update.LoggingInfoStream - [DW][Test worker]: Test worker finishFullFlush success=true
[Test worker] INFO org.apache.solr.update.LoggingInfoStream - [TMP][Test worker]: findMerges: 1 segments
[Test worker] INFO org.apache.solr.update.LoggingInfoStream - [TMP][Test worker]:   seg=_0(5.5.1):C4 size=0.003 MB [floored]
[Test worker] INFO org.apache.solr.update.LoggingInfoStream - [TMP][Test worker]:   allowedSegmentCount=1 vs count=1 (eligible count=1) tooBigCount=0
[Test worker] INFO org.apache.solr.update.LoggingInfoStream - [MS][Test worker]: initDynamicDefaults spins=false maxThreadCount=2 maxMergeCount=7
[Test worker] INFO org.apache.solr.update.LoggingInfoStream - [MS][Test worker]: now merge
[Test worker] INFO org.apache.solr.update.LoggingInfoStream - [MS][Test worker]:   index: _0(5.5.1):C4
[Test worker] INFO org.apache.solr.update.LoggingInfoStream - [MS][Test worker]:   no more merges pending; now return
[Test worker] INFO org.apache.solr.update.LoggingInfoStream - [IW][Test worker]: startCommit(): start
[Test worker] INFO org.apache.solr.update.LoggingInfoStream - [IW][Test worker]: startCommit index=_0(5.5.1):C4 changeCount=4
[Test worker] INFO org.apache.solr.update.LoggingInfoStream - [IW][Test worker]: startCommit: wrote pending segments file "pending_segments_2"
[Test worker] INFO org.apache.solr.update.LoggingInfoStream - [IW][Test worker]: done all syncs: [_0.si, _0_Lucene50_0.doc, _0_Lucene50_0.tim, _0_Lucene54_0.dvm, _0_Lucene50_0.pos, _0.nvd, _0.fdx, _0_Lucene54_0.dvd, _0_Lucene50_0.tip, _0.fdt, _0.nvm, _0.fnm]
[Test worker] INFO org.apache.solr.update.LoggingInfoStream - [IW][Test worker]: commit: pendingCommit != null
[Test worker] INFO org.apache.solr.update.LoggingInfoStream - [IW][Test worker]: commit: done writing segments file "segments_2"
[Test worker] INFO org.apache.solr.update.LoggingInfoStream - [IFD][Test worker]: now checkpoint "_0(5.5.1):C4" [1 segments ; isCommit = true]
[Test worker] INFO org.apache.solr.core.SolrDeletionPolicy - SolrDeletionPolicy.onCommit: commits: num=2
	commit{dir=NRTCachingDirectory(MMapDirectory@/tmp/solr-home8309776463007282912/core/data/index lockFactory=org.apache.lucene.store.NativeFSLockFactory@2c3d74f6; maxCacheMB=48.0 maxMergeSizeMB=4.0),segFN=segments_1,generation=1}
	commit{dir=NRTCachingDirectory(MMapDirectory@/tmp/solr-home8309776463007282912/core/data/index lockFactory=org.apache.lucene.store.NativeFSLockFactory@2c3d74f6; maxCacheMB=48.0 maxMergeSizeMB=4.0),segFN=segments_2,generation=2}
[Test worker] INFO org.apache.solr.core.SolrDeletionPolicy - newest commit generation = 2
[Test worker] INFO org.apache.solr.update.LoggingInfoStream - [IFD][Test worker]: deleteCommits: now decRef commit "segments_1"
[Test worker] INFO org.apache.solr.update.LoggingInfoStream - [IFD][Test worker]: delete "segments_1"
[Test worker] INFO org.apache.solr.update.LoggingInfoStream - [IFD][Test worker]: 0 msec to checkpoint
[Test worker] INFO org.apache.solr.update.LoggingInfoStream - [IW][Test worker]: commit: took 113.2 msec
[Test worker] INFO org.apache.solr.update.LoggingInfoStream - [IW][Test worker]: commit: done
[Test worker] INFO org.apache.solr.update.LoggingInfoStream - [IW][Test worker]: nrtIsCurrent: infoVersion matches: false; DW changes: false; BD changes: false
[Test worker] INFO org.apache.solr.update.LoggingInfoStream - [IW][Test worker]: flush at getReader
[Test worker] INFO org.apache.solr.update.LoggingInfoStream - [DW][Test worker]: startFullFlush
[Test worker] INFO org.apache.solr.update.LoggingInfoStream - [IW][Test worker]: apply all deletes during flush
[Test worker] INFO org.apache.solr.update.LoggingInfoStream - [IW][Test worker]: now apply all deletes for all segments maxDoc=4
[Test worker] INFO org.apache.solr.update.LoggingInfoStream - [BD][Test worker]: applyDeletes: open segment readers took 0 msec
[Test worker] INFO org.apache.solr.update.LoggingInfoStream - [BD][Test worker]: applyDeletes: no segments; skipping
[Test worker] INFO org.apache.solr.update.LoggingInfoStream - [BD][Test worker]: prune sis=segments_2: _0(5.5.1):C4 minGen=3 packetCount=0
[Test worker] INFO org.apache.solr.update.LoggingInfoStream - [IW][Test worker]: incRefDeleter for NRT reader version=6 segments=_0(5.5.1):C4
[Test worker] INFO org.apache.solr.update.LoggingInfoStream - [IW][Test worker]: return reader version=6 reader=StandardDirectoryReader(segments_2:6:nrt _0(5.5.1):C4)
[Test worker] INFO org.apache.solr.update.LoggingInfoStream - [DW][Test worker]: Test worker finishFullFlush success=true
[Test worker] INFO org.apache.solr.update.LoggingInfoStream - [IW][Test worker]: getReader took 1 msec
[Test worker] INFO org.apache.solr.search.SolrIndexSearcher - Opening Searcher@6bab9316[core] main
[Test worker] INFO org.apache.solr.update.DirectUpdateHandler2 - end_commit_flush
[searcherExecutor-203-thread-1] INFO org.apache.solr.handler.component.SpellCheckComponent - Building spell index for spell checker: default
[searcherExecutor-203-thread-1] INFO org.apache.solr.core.SolrCore - [core] Registered new searcher Searcher@6bab9316[core] main{ExitableDirectoryReader(UninvertingDirectoryReader(Uninverting(_0(5.5.1):C4)))}
[searcherExecutor-203-thread-1] INFO org.apache.solr.update.LoggingInfoStream - [IW][searcherExecutor-203-thread-1]: decRefDeleter for NRT reader version=2 segments=
[Test worker] INFO org.apache.solr.update.processor.LogUpdateProcessorFactory - [core]  webapp=null path=/update params={commit=true&softCommit=false&waitSearcher=true}{commit=} 0 145
[Test worker] INFO org.apache.solr.core.SolrCore.Request - [core]  webapp=null path=/get params={qt=/get&id=2} status=0 QTime=0
[Test worker] INFO org.apache.solr.core.SolrCore.Request - [core]  webapp=null path=/get params={qt=/get&id=1&id=2&id=42} status=0 QTime=0
[Test worker] INFO org.apache.solr.core.CoreContainer - Shutting down CoreContainer instance=830623454
[coreCloseExecutor-208-thread-1] INFO org.apache.solr.core.SolrCore - [core]  CLOSING SolrCore org.apache.solr.core.SolrCore@38ff27de
[coreCloseExecutor-208-thread-1] INFO org.apache.solr.update.DirectUpdateHandler2 - closing DirectUpdateHandler2{commits=1,autocommit maxTime=15000ms,autocommits=0,soft autocommits=0,optimizes=0,rollbacks=0,expungeDeletes=0,docsPending=0,adds=0,deletesById=0,deletesByQuery=0,errors=0,cumulative_adds=4,cumulative_deletesById=0,cumulative_deletesByQuery=0,cumulative_errors=0,transaction_logs_total_size=472,transaction_logs_total_number=1}
[coreCloseExecutor-208-thread-1] INFO org.apache.solr.update.SolrCoreState - Closing SolrCoreState
[coreCloseExecutor-208-thread-1] INFO org.apache.solr.update.DefaultSolrCoreState - SolrCoreState ref count has reached 0 - closing IndexWriter
[coreCloseExecutor-208-thread-1] INFO org.apache.solr.update.DefaultSolrCoreState - closing IndexWriter with IndexWriterCloser
[coreCloseExecutor-208-thread-1] INFO org.apache.solr.update.LoggingInfoStream - [IW][coreCloseExecutor-208-thread-1]: now flush at close
[coreCloseExecutor-208-thread-1] INFO org.apache.solr.update.LoggingInfoStream - [IW][coreCloseExecutor-208-thread-1]:   start flush: applyAllDeletes=true
[coreCloseExecutor-208-thread-1] INFO org.apache.solr.update.LoggingInfoStream - [IW][coreCloseExecutor-208-thread-1]:   index before flush _0(5.5.1):C4
[coreCloseExecutor-208-thread-1] INFO org.apache.solr.update.LoggingInfoStream - [DW][coreCloseExecutor-208-thread-1]: startFullFlush
[coreCloseExecutor-208-thread-1] INFO org.apache.solr.update.LoggingInfoStream - [DW][coreCloseExecutor-208-thread-1]: coreCloseExecutor-208-thread-1 finishFullFlush success=true
[coreCloseExecutor-208-thread-1] INFO org.apache.solr.update.LoggingInfoStream - [IW][coreCloseExecutor-208-thread-1]: apply all deletes during flush
[coreCloseExecutor-208-thread-1] INFO org.apache.solr.update.LoggingInfoStream - [IW][coreCloseExecutor-208-thread-1]: now apply all deletes for all segments maxDoc=4
[coreCloseExecutor-208-thread-1] INFO org.apache.solr.update.LoggingInfoStream - [BD][coreCloseExecutor-208-thread-1]: applyDeletes: open segment readers took 0 msec
[coreCloseExecutor-208-thread-1] INFO org.apache.solr.update.LoggingInfoStream - [BD][coreCloseExecutor-208-thread-1]: applyDeletes: no segments; skipping
[coreCloseExecutor-208-thread-1] INFO org.apache.solr.update.LoggingInfoStream - [BD][coreCloseExecutor-208-thread-1]: prune sis=segments_2: _0(5.5.1):C4 minGen=3 packetCount=0
[coreCloseExecutor-208-thread-1] INFO org.apache.solr.update.LoggingInfoStream - [MS][coreCloseExecutor-208-thread-1]: updateMergeThreads ioThrottle=true targetMBPerSec=10240.0 MB/sec
[coreCloseExecutor-208-thread-1] INFO org.apache.solr.update.LoggingInfoStream - [MS][coreCloseExecutor-208-thread-1]: now merge
[coreCloseExecutor-208-thread-1] INFO org.apache.solr.update.LoggingInfoStream - [MS][coreCloseExecutor-208-thread-1]:   index: _0(5.5.1):C4
[coreCloseExecutor-208-thread-1] INFO org.apache.solr.update.LoggingInfoStream - [MS][coreCloseExecutor-208-thread-1]:   no more merges pending; now return
[coreCloseExecutor-208-thread-1] INFO org.apache.solr.update.LoggingInfoStream - [IW][coreCloseExecutor-208-thread-1]: waitForMerges
[coreCloseExecutor-208-thread-1] INFO org.apache.solr.update.LoggingInfoStream - [IW][coreCloseExecutor-208-thread-1]: waitForMerges done
[coreCloseExecutor-208-thread-1] INFO org.apache.solr.update.LoggingInfoStream - [IW][coreCloseExecutor-208-thread-1]: commit: start
[coreCloseExecutor-208-thread-1] INFO org.apache.solr.update.LoggingInfoStream - [IW][coreCloseExecutor-208-thread-1]: commit: enter lock
[coreCloseExecutor-208-thread-1] INFO org.apache.solr.update.LoggingInfoStream - [IW][coreCloseExecutor-208-thread-1]: commit: now prepare
[coreCloseExecutor-208-thread-1] INFO org.apache.solr.update.LoggingInfoStream - [IW][coreCloseExecutor-208-thread-1]: prepareCommit: flush
[coreCloseExecutor-208-thread-1] INFO org.apache.solr.update.LoggingInfoStream - [IW][coreCloseExecutor-208-thread-1]:   index before flush _0(5.5.1):C4
[coreCloseExecutor-208-thread-1] INFO org.apache.solr.update.LoggingInfoStream - [DW][coreCloseExecutor-208-thread-1]: startFullFlush
[coreCloseExecutor-208-thread-1] INFO org.apache.solr.update.LoggingInfoStream - [IW][coreCloseExecutor-208-thread-1]: apply all deletes during flush
[coreCloseExecutor-208-thread-1] INFO org.apache.solr.update.LoggingInfoStream - [IW][coreCloseExecutor-208-thread-1]: now apply all deletes for all segments maxDoc=4
[coreCloseExecutor-208-thread-1] INFO org.apache.solr.update.LoggingInfoStream - [BD][coreCloseExecutor-208-thread-1]: applyDeletes: open segment readers took 0 msec
[coreCloseExecutor-208-thread-1] INFO org.apache.solr.update.LoggingInfoStream - [BD][coreCloseExecutor-208-thread-1]: applyDeletes: no segments; skipping
[coreCloseExecutor-208-thread-1] INFO org.apache.solr.update.LoggingInfoStream - [BD][coreCloseExecutor-208-thread-1]: prune sis=segments_2: _0(5.5.1):C4 minGen=3 packetCount=0
[coreCloseExecutor-208-thread-1] INFO org.apache.solr.update.LoggingInfoStream - [DW][coreCloseExecutor-208-thread-1]: coreCloseExecutor-208-thread-1 finishFullFlush success=true
[coreCloseExecutor-208-thread-1] INFO org.apache.solr.update.LoggingInfoStream - [IW][coreCloseExecutor-208-thread-1]: startCommit(): start
[coreCloseExecutor-208-thread-1] INFO org.apache.solr.update.LoggingInfoStream - [IW][coreCloseExecutor-208-thread-1]:   skip startCommit(): no changes pending
[coreCloseExecutor-208-thread-1] INFO org.apache.solr.update.LoggingInfoStream - [IW][coreCloseExecutor-208-thread-1]: commit: pendingCommit == null; skip
[coreCloseExecutor-208-thread-1] INFO org.apache.solr.update.LoggingInfoStream - [IW][coreCloseExecutor-208-thread-1]: commit: took 0.2 msec
[coreCloseExecutor-208-thread-1] INFO org.apache.solr.update.LoggingInfoStream - [IW][coreCloseExecutor-208-thread-1]: commit: done
[coreCloseExecutor-208-thread-1] INFO org.apache.solr.update.LoggingInfoStream - [IW][coreCloseExecutor-208-thread-1]: rollback
[coreCloseExecutor-208-thread-1] INFO org.apache.solr.update.LoggingInfoStream - [IW][coreCloseExecutor-208-thread-1]: all running merges have aborted
[coreCloseExecutor-208-thread-1] INFO org.apache.solr.update.LoggingInfoStream - [IW][coreCloseExecutor-208-thread-1]: rollback: done finish merges
[coreCloseExecutor-208-thread-1] INFO org.apache.solr.update.LoggingInfoStream - [DW][coreCloseExecutor-208-thread-1]: abort
[coreCloseExecutor-208-thread-1] INFO org.apache.solr.update.LoggingInfoStream - [DW][coreCloseExecutor-208-thread-1]: done abort success=true
[coreCloseExecutor-208-thread-1] INFO org.apache.solr.update.LoggingInfoStream - [IW][coreCloseExecutor-208-thread-1]: rollback: infos=_0(5.5.1):C4
[coreCloseExecutor-208-thread-1] INFO org.apache.solr.update.LoggingInfoStream - [IFD][coreCloseExecutor-208-thread-1]: now checkpoint "_0(5.5.1):C4" [1 segments ; isCommit = false]
[coreCloseExecutor-208-thread-1] INFO org.apache.solr.update.LoggingInfoStream - [IFD][coreCloseExecutor-208-thread-1]: 0 msec to checkpoint
[coreCloseExecutor-208-thread-1] INFO org.apache.solr.core.SolrCore - [core] Closing main searcher on request.
[coreCloseExecutor-208-thread-1] INFO org.apache.solr.core.CachingDirectoryFactory - Closing NRTCachingDirectoryFactory - 2 directories currently being tracked
[coreCloseExecutor-208-thread-1] INFO org.apache.solr.core.CachingDirectoryFactory - looking to close /tmp/solr-home8309776463007282912/core/data/index [CachedDir<<refCount=0;path=/tmp/solr-home8309776463007282912/core/data/index;done=false>>]
[coreCloseExecutor-208-thread-1] INFO org.apache.solr.core.CachingDirectoryFactory - Closing directory: /tmp/solr-home8309776463007282912/core/data/index
[coreCloseExecutor-208-thread-1] INFO org.apache.solr.core.CachingDirectoryFactory - looking to close /tmp/solr-home8309776463007282912/core/data [CachedDir<<refCount=0;path=/tmp/solr-home8309776463007282912/core/data;done=false>>]
[coreCloseExecutor-208-thread-1] INFO org.apache.solr.core.CachingDirectoryFactory - Closing directory: /tmp/solr-home8309776463007282912/core/data
[Test worker] INFO com.rbmhtechnology.vind.solr.SolrSearchServer - No server provider of type class com.rbmhtechnology.vind.solr.EmbeddedSolrServerProvider found in classpath for server com.rbmhtechnology.vind.solr.SolrSearchServer
[Test worker] INFO com.rbmhtechnology.vind.solr.SolrSearchServer - No server provider of type class com.rbmhtechnology.vind.solr.EmbeddedSolrServerProvider found in classpath for server com.rbmhtechnology.vind.solr.SolrSearchServer
[Test worker] INFO org.apache.solr.core.SolrResourceLoader - new SolrResourceLoader for directory: '/tmp/solr-home2277198433460818610'
[Test worker] INFO org.apache.solr.core.SolrResourceLoader - JNDI not configured for solr (NoInitialContextEx)
[Test worker] INFO org.apache.solr.core.SolrResourceLoader - solr home defaulted to 'solr/' (could not find system property or JNDI)
[Test worker] INFO org.apache.solr.core.SolrXmlConfig - Loading container configuration from /tmp/solr-home2277198433460818610/solr.xml
[Test worker] INFO org.apache.solr.core.CorePropertiesLocator - Config-defined core root directory: /tmp/solr-home2277198433460818610
[Test worker] INFO org.apache.solr.core.CoreContainer - New CoreContainer 87682606
[Test worker] INFO org.apache.solr.core.CoreContainer - Loading cores into CoreContainer [instanceDir=/tmp/solr-home2277198433460818610]
[Test worker] WARN org.apache.solr.core.CoreContainer - Couldn't add files from /tmp/solr-home2277198433460818610/lib to classpath: /tmp/solr-home2277198433460818610/lib
[Test worker] INFO org.apache.solr.handler.component.HttpShardHandlerFactory - created with socketTimeout : 120000,connTimeout : 15000,maxConnectionsPerHost : 20,maxConnections : 10000,corePoolSize : 0,maximumPoolSize : 2147483647,maxThreadIdleTime : 5,sizeOfQueue : -1,fairnessPolicy : false,useRetries : false,
[Test worker] INFO org.apache.solr.update.UpdateShardHandler - Creating UpdateShardHandler HTTP client with params: socketTimeout=600000&connTimeout=60000&retry=true
[Test worker] INFO org.apache.solr.logging.LogWatcher - SLF4J impl is org.slf4j.impl.SimpleLoggerFactory
[Test worker] INFO org.apache.solr.logging.LogWatcher - No LogWatcher configured
[Test worker] INFO org.apache.solr.core.CoreContainer - Security conf doesn't exist. Skipping setup for authorization module.
[Test worker] INFO org.apache.solr.core.CoreContainer - No authentication plugin used.
[Test worker] INFO org.apache.solr.core.CorePropertiesLocator - Looking for core definitions underneath /tmp/solr-home2277198433460818610
[Test worker] INFO org.apache.solr.core.CoreDescriptor - Created CoreDescriptor: {runtimeLib=false, name=core, config=solrconfig.xml, loadOnStartup=true, schema=schema.xml, configSetProperties=configsetprops.json, transient=false, dataDir=data/}
[Test worker] INFO org.apache.solr.core.CorePropertiesLocator - Found core core in /tmp/solr-home2277198433460818610/core
[Test worker] INFO org.apache.solr.core.CorePropertiesLocator - Found 1 core definitions
[coreLoadExecutor-215-thread-1] INFO org.apache.solr.core.SolrResourceLoader - new SolrResourceLoader for directory: '/tmp/solr-home2277198433460818610/core'
[coreLoadExecutor-215-thread-1] INFO org.apache.solr.core.SolrResourceLoader - JNDI not configured for solr (NoInitialContextEx)
[coreLoadExecutor-215-thread-1] INFO org.apache.solr.core.SolrResourceLoader - solr home defaulted to 'solr/' (could not find system property or JNDI)
[coreLoadExecutor-215-thread-1] INFO org.apache.solr.core.SolrResourceLoader - Adding 'file:/tmp/solr-home2277198433460818610/core/lib/marker-search-handler-0.3.0.jar' to classloader
[coreLoadExecutor-215-thread-1] INFO org.apache.solr.core.SolrResourceLoader - Adding 'file:/tmp/solr-home2277198433460818610/core/lib/suggestion-request-handler-2.1.0.jar' to classloader
[coreLoadExecutor-215-thread-1] INFO org.apache.solr.core.SolrConfig - current version of requestparams : -1
[coreLoadExecutor-215-thread-1] INFO org.apache.solr.update.SolrIndexConfig - IndexWriter infoStream solr logging is enabled
[coreLoadExecutor-215-thread-1] INFO org.apache.solr.core.SolrConfig - Using Lucene MatchVersion: 5.5.0
[coreLoadExecutor-215-thread-1] INFO org.apache.solr.core.SolrConfig - Loaded SolrConfig: solrconfig.xml
[coreLoadExecutor-215-thread-1] INFO org.apache.solr.schema.ManagedIndexSchemaFactory - The schema is configured as managed, but managed schema resource managed-schema not found - loading non-managed schema schema.xml instead
[coreLoadExecutor-215-thread-1] INFO org.apache.solr.schema.IndexSchema - [core] Schema name=basic search lib core
[coreLoadExecutor-215-thread-1] INFO org.apache.solr.schema.IndexSchema - unique key field: _id_
[coreLoadExecutor-215-thread-1] INFO org.apache.solr.schema.ManagedIndexSchema - Upgraded to managed schema at /tmp/solr-home2277198433460818610/core/conf/managed-schema
[coreLoadExecutor-215-thread-1] INFO org.apache.solr.schema.ManagedIndexSchemaFactory - After upgrading to managed schema, renamed the non-managed schema /tmp/solr-home2277198433460818610/core/conf/schema.xml to /tmp/solr-home2277198433460818610/core/conf/schema.xml.bak
[coreLoadExecutor-215-thread-1] INFO org.apache.solr.core.ConfigSetProperties - Did not find ConfigSet properties, assuming default properties: Can't find resource 'configsetprops.json' in classpath or '/tmp/solr-home2277198433460818610/core'
[coreLoadExecutor-215-thread-1] INFO org.apache.solr.core.CoreContainer - Creating SolrCore 'core' using configuration from instancedir /tmp/solr-home2277198433460818610/core
[coreLoadExecutor-215-thread-1] INFO org.apache.solr.core.SolrCore - solr.NRTCachingDirectoryFactory
[coreLoadExecutor-215-thread-1] INFO org.apache.solr.core.SolrCore - [[core] ] Opening new SolrCore at [/tmp/solr-home2277198433460818610/core], dataDir=[/tmp/solr-home2277198433460818610/core/data/]
[coreLoadExecutor-215-thread-1] INFO org.apache.solr.core.JmxMonitoredMap - No JMX servers found, not exposing Solr information with JMX.
[coreLoadExecutor-215-thread-1] INFO org.apache.solr.core.SchemaCodecFactory - Using default compressionMode: BEST_SPEED
[coreLoadExecutor-215-thread-1] INFO org.apache.solr.core.CachingDirectoryFactory - return new directory for /tmp/solr-home2277198433460818610/core/data
[coreLoadExecutor-215-thread-1] INFO org.apache.solr.core.SolrCore - New index directory detected: old=null new=/tmp/solr-home2277198433460818610/core/data/index/
[coreLoadExecutor-215-thread-1] WARN org.apache.solr.core.SolrCore - [core] Solr index directory '/tmp/solr-home2277198433460818610/core/data/index' doesn't exist. Creating new index...
[coreLoadExecutor-215-thread-1] INFO org.apache.solr.core.CachingDirectoryFactory - return new directory for /tmp/solr-home2277198433460818610/core/data/index
[coreLoadExecutor-215-thread-1] INFO org.apache.solr.update.LoggingInfoStream - [IFD][coreLoadExecutor-215-thread-1]: init: current segments file is "segments"; deletionPolicy=org.apache.solr.core.IndexDeletionPolicyWrapper@ce43ed9
[coreLoadExecutor-215-thread-1] INFO org.apache.solr.update.LoggingInfoStream - [IFD][coreLoadExecutor-215-thread-1]: now checkpoint "" [0 segments ; isCommit = false]
[coreLoadExecutor-215-thread-1] INFO org.apache.solr.update.LoggingInfoStream - [IFD][coreLoadExecutor-215-thread-1]: 0 msec to checkpoint
[coreLoadExecutor-215-thread-1] INFO org.apache.solr.update.LoggingInfoStream - [IW][coreLoadExecutor-215-thread-1]: init: create=true
[coreLoadExecutor-215-thread-1] INFO org.apache.solr.update.LoggingInfoStream - [IW][coreLoadExecutor-215-thread-1]: 
dir=NRTCachingDirectory(MMapDirectory@/tmp/solr-home2277198433460818610/core/data/index lockFactory=org.apache.lucene.store.NativeFSLockFactory@2c3d74f6; maxCacheMB=48.0 maxMergeSizeMB=4.0)
index=
version=5.5.1
analyzer=org.apache.solr.update.SolrIndexConfig$DelayedSchemaAnalyzer
ramBufferSizeMB=100.0
maxBufferedDocs=-1
maxBufferedDeleteTerms=-1
mergedSegmentWarmer=null
delPolicy=org.apache.solr.core.IndexDeletionPolicyWrapper
commit=null
openMode=CREATE
similarity=org.apache.lucene.search.similarities.ClassicSimilarity
mergeScheduler=ConcurrentMergeScheduler: maxThreadCount=-1, maxMergeCount=-1, ioThrottle=true
default WRITE_LOCK_TIMEOUT=0
writeLockTimeout=0
codec=Lucene54
infoStream=org.apache.solr.update.LoggingInfoStream
mergePolicy=[TieredMergePolicy: maxMergeAtOnce=10, maxMergeAtOnceExplicit=30, maxMergedSegmentMB=5120.0, floorSegmentMB=2.0, forceMergeDeletesPctAllowed=10.0, segmentsPerTier=10.0, maxCFSSegmentSizeMB=8.796093022207999E12, noCFSRatio=0.1
indexerThreadPool=org.apache.lucene.index.DocumentsWriterPerThreadPool@288df39c
readerPooling=false
perThreadHardLimitMB=1945
useCompoundFile=false
commitOnClose=true
writer=org.apache.solr.update.SolrIndexWriter@7af7deb4

[coreLoadExecutor-215-thread-1] INFO org.apache.solr.update.LoggingInfoStream - [IW][coreLoadExecutor-215-thread-1]: MMapDirectory.UNMAP_SUPPORTED=true
[coreLoadExecutor-215-thread-1] INFO org.apache.solr.update.LoggingInfoStream - [IW][coreLoadExecutor-215-thread-1]: now flush at close
[coreLoadExecutor-215-thread-1] INFO org.apache.solr.update.LoggingInfoStream - [IW][coreLoadExecutor-215-thread-1]:   start flush: applyAllDeletes=true
[coreLoadExecutor-215-thread-1] INFO org.apache.solr.update.LoggingInfoStream - [IW][coreLoadExecutor-215-thread-1]:   index before flush 
[coreLoadExecutor-215-thread-1] INFO org.apache.solr.update.LoggingInfoStream - [DW][coreLoadExecutor-215-thread-1]: startFullFlush
[coreLoadExecutor-215-thread-1] INFO org.apache.solr.update.LoggingInfoStream - [DW][coreLoadExecutor-215-thread-1]: coreLoadExecutor-215-thread-1 finishFullFlush success=true
[coreLoadExecutor-215-thread-1] INFO org.apache.solr.update.LoggingInfoStream - [IW][coreLoadExecutor-215-thread-1]: apply all deletes during flush
[coreLoadExecutor-215-thread-1] INFO org.apache.solr.update.LoggingInfoStream - [IW][coreLoadExecutor-215-thread-1]: now apply all deletes for all segments maxDoc=0
[coreLoadExecutor-215-thread-1] INFO org.apache.solr.update.LoggingInfoStream - [BD][coreLoadExecutor-215-thread-1]: prune sis=segments:  minGen=9223372036854775807 packetCount=0
[coreLoadExecutor-215-thread-1] INFO org.apache.solr.update.LoggingInfoStream - [MS][coreLoadExecutor-215-thread-1]: initDynamicDefaults spins=false maxThreadCount=2 maxMergeCount=7
[coreLoadExecutor-215-thread-1] INFO org.apache.solr.update.LoggingInfoStream - [MS][coreLoadExecutor-215-thread-1]: updateMergeThreads ioThrottle=true targetMBPerSec=10240.0 MB/sec
[coreLoadExecutor-215-thread-1] INFO org.apache.solr.update.LoggingInfoStream - [MS][coreLoadExecutor-215-thread-1]: now merge
[coreLoadExecutor-215-thread-1] INFO org.apache.solr.update.LoggingInfoStream - [MS][coreLoadExecutor-215-thread-1]:   index: 
[coreLoadExecutor-215-thread-1] INFO org.apache.solr.update.LoggingInfoStream - [MS][coreLoadExecutor-215-thread-1]:   no more merges pending; now return
[coreLoadExecutor-215-thread-1] INFO org.apache.solr.update.LoggingInfoStream - [IW][coreLoadExecutor-215-thread-1]: waitForMerges
[coreLoadExecutor-215-thread-1] INFO org.apache.solr.update.LoggingInfoStream - [IW][coreLoadExecutor-215-thread-1]: waitForMerges done
[coreLoadExecutor-215-thread-1] INFO org.apache.solr.update.LoggingInfoStream - [IW][coreLoadExecutor-215-thread-1]: commit: start
[coreLoadExecutor-215-thread-1] INFO org.apache.solr.update.LoggingInfoStream - [IW][coreLoadExecutor-215-thread-1]: commit: enter lock
[coreLoadExecutor-215-thread-1] INFO org.apache.solr.update.LoggingInfoStream - [IW][coreLoadExecutor-215-thread-1]: commit: now prepare
[coreLoadExecutor-215-thread-1] INFO org.apache.solr.update.LoggingInfoStream - [IW][coreLoadExecutor-215-thread-1]: prepareCommit: flush
[coreLoadExecutor-215-thread-1] INFO org.apache.solr.update.LoggingInfoStream - [IW][coreLoadExecutor-215-thread-1]:   index before flush 
[coreLoadExecutor-215-thread-1] INFO org.apache.solr.update.LoggingInfoStream - [DW][coreLoadExecutor-215-thread-1]: startFullFlush
[coreLoadExecutor-215-thread-1] INFO org.apache.solr.update.LoggingInfoStream - [IW][coreLoadExecutor-215-thread-1]: apply all deletes during flush
[coreLoadExecutor-215-thread-1] INFO org.apache.solr.update.LoggingInfoStream - [IW][coreLoadExecutor-215-thread-1]: now apply all deletes for all segments maxDoc=0
[coreLoadExecutor-215-thread-1] INFO org.apache.solr.update.LoggingInfoStream - [BD][coreLoadExecutor-215-thread-1]: prune sis=segments:  minGen=9223372036854775807 packetCount=0
[coreLoadExecutor-215-thread-1] INFO org.apache.solr.update.LoggingInfoStream - [DW][coreLoadExecutor-215-thread-1]: coreLoadExecutor-215-thread-1 finishFullFlush success=true
[coreLoadExecutor-215-thread-1] INFO org.apache.solr.update.LoggingInfoStream - [IW][coreLoadExecutor-215-thread-1]: startCommit(): start
[coreLoadExecutor-215-thread-1] INFO org.apache.solr.update.LoggingInfoStream - [IW][coreLoadExecutor-215-thread-1]: startCommit index= changeCount=2
[coreLoadExecutor-215-thread-1] INFO org.apache.solr.update.LoggingInfoStream - [IW][coreLoadExecutor-215-thread-1]: startCommit: wrote pending segments file "pending_segments_1"
[coreLoadExecutor-215-thread-1] INFO org.apache.solr.update.LoggingInfoStream - [IW][coreLoadExecutor-215-thread-1]: done all syncs: []
[coreLoadExecutor-215-thread-1] INFO org.apache.solr.update.LoggingInfoStream - [IW][coreLoadExecutor-215-thread-1]: commit: pendingCommit != null
[coreLoadExecutor-215-thread-1] INFO org.apache.solr.update.LoggingInfoStream - [IW][coreLoadExecutor-215-thread-1]: commit: done writing segments file "segments_1"
[coreLoadExecutor-215-thread-1] INFO org.apache.solr.update.LoggingInfoStream - [IFD][coreLoadExecutor-215-thread-1]: now checkpoint "" [0 segments ; isCommit = true]
[coreLoadExecutor-215-thread-1] INFO org.apache.solr.core.SolrDeletionPolicy - SolrDeletionPolicy.onCommit: commits: num=1
	commit{dir=NRTCachingDirectory(MMapDirectory@/tmp/solr-home2277198433460818610/core/data/index lockFactory=org.apache.lucene.store.NativeFSLockFactory@2c3d74f6; maxCacheMB=48.0 maxMergeSizeMB=4.0),segFN=segments_1,generation=1}
[coreLoadExecutor-215-thread-1] INFO org.apache.solr.core.SolrDeletionPolicy - newest commit generation = 1
[coreLoadExecutor-215-thread-1] INFO org.apache.solr.update.LoggingInfoStream - [IFD][coreLoadExecutor-215-thread-1]: 0 msec to checkpoint
[coreLoadExecutor-215-thread-1] INFO org.apache.solr.update.LoggingInfoStream - [IW][coreLoadExecutor-215-thread-1]: commit: took 6.0 msec
[coreLoadExecutor-215-thread-1] INFO org.apache.solr.update.LoggingInfoStream - [IW][coreLoadExecutor-215-thread-1]: commit: done
[coreLoadExecutor-215-thread-1] INFO org.apache.solr.update.LoggingInfoStream - [IW][coreLoadExecutor-215-thread-1]: rollback
[coreLoadExecutor-215-thread-1] INFO org.apache.solr.update.LoggingInfoStream - [IW][coreLoadExecutor-215-thread-1]: all running merges have aborted
[coreLoadExecutor-215-thread-1] INFO org.apache.solr.update.LoggingInfoStream - [IW][coreLoadExecutor-215-thread-1]: rollback: done finish merges
[coreLoadExecutor-215-thread-1] INFO org.apache.solr.update.LoggingInfoStream - [DW][coreLoadExecutor-215-thread-1]: abort
[coreLoadExecutor-215-thread-1] INFO org.apache.solr.update.LoggingInfoStream - [DW][coreLoadExecutor-215-thread-1]: done abort success=true
[coreLoadExecutor-215-thread-1] INFO org.apache.solr.update.LoggingInfoStream - [IW][coreLoadExecutor-215-thread-1]: rollback: infos=
[coreLoadExecutor-215-thread-1] INFO org.apache.solr.update.LoggingInfoStream - [IFD][coreLoadExecutor-215-thread-1]: now checkpoint "" [0 segments ; isCommit = false]
[coreLoadExecutor-215-thread-1] INFO org.apache.solr.update.LoggingInfoStream - [IFD][coreLoadExecutor-215-thread-1]: 0 msec to checkpoint
[OldIndexDirectoryCleanupThreadForCore-core] INFO org.apache.solr.core.SolrCore - Looking for old index directories to cleanup for core core in /tmp/solr-home2277198433460818610/core/data/
[coreLoadExecutor-215-thread-1] INFO org.apache.solr.core.SolrCore - no updateRequestProcessorChain defined as default, creating implicit default
[coreLoadExecutor-215-thread-1] INFO org.apache.solr.handler.loader.XMLLoader - xsltCacheLifetimeSeconds=60
[coreLoadExecutor-215-thread-1] INFO org.apache.solr.handler.loader.XMLLoader - xsltCacheLifetimeSeconds=60
[coreLoadExecutor-215-thread-1] INFO org.apache.solr.handler.loader.XMLLoader - xsltCacheLifetimeSeconds=60
[coreLoadExecutor-215-thread-1] INFO org.apache.solr.handler.loader.XMLLoader - xsltCacheLifetimeSeconds=60
[coreLoadExecutor-215-thread-1] INFO org.apache.solr.core.RequestHandlers - Registered paths: /admin/mbeans,,/update/csv,/update/json/docs,/admin/luke,/select,/suggester,/admin/segments,/get,/admin/system,/replication,/admin/properties,/config,/schema,/admin/plugins,/admin/logging,/update/json,/admin/threads,/admin/ping,/update,/admin/file
[coreLoadExecutor-215-thread-1] INFO org.apache.solr.core.SolrCore - Using default statsCache cache: org.apache.solr.search.stats.LocalStatsCache
[coreLoadExecutor-215-thread-1] INFO org.apache.solr.update.UpdateHandler - Using UpdateLog implementation: org.apache.solr.update.UpdateLog
[coreLoadExecutor-215-thread-1] INFO org.apache.solr.update.UpdateLog - Initializing UpdateLog: dataDir= defaultSyncLevel=FLUSH numRecordsToKeep=100 maxNumLogsToKeep=10 numVersionBuckets=65536
[coreLoadExecutor-215-thread-1] INFO org.apache.solr.update.CommitTracker - Hard AutoCommit: if uncommited for 15000ms; 
[coreLoadExecutor-215-thread-1] INFO org.apache.solr.update.CommitTracker - Soft AutoCommit: disabled
[coreLoadExecutor-215-thread-1] INFO org.apache.solr.update.LoggingInfoStream - [IFD][coreLoadExecutor-215-thread-1]: init: current segments file is "segments_1"; deletionPolicy=org.apache.solr.core.IndexDeletionPolicyWrapper@ce43ed9
[coreLoadExecutor-215-thread-1] INFO org.apache.solr.update.LoggingInfoStream - [IFD][coreLoadExecutor-215-thread-1]: init: load commit "segments_1"
[coreLoadExecutor-215-thread-1] INFO org.apache.solr.core.SolrDeletionPolicy - SolrDeletionPolicy.onInit: commits: num=1
	commit{dir=NRTCachingDirectory(MMapDirectory@/tmp/solr-home2277198433460818610/core/data/index lockFactory=org.apache.lucene.store.NativeFSLockFactory@2c3d74f6; maxCacheMB=48.0 maxMergeSizeMB=4.0),segFN=segments_1,generation=1}
[coreLoadExecutor-215-thread-1] INFO org.apache.solr.core.SolrDeletionPolicy - newest commit generation = 1
[coreLoadExecutor-215-thread-1] INFO org.apache.solr.update.LoggingInfoStream - [IFD][coreLoadExecutor-215-thread-1]: now checkpoint "" [0 segments ; isCommit = false]
[coreLoadExecutor-215-thread-1] INFO org.apache.solr.update.LoggingInfoStream - [IFD][coreLoadExecutor-215-thread-1]: 0 msec to checkpoint
[coreLoadExecutor-215-thread-1] INFO org.apache.solr.update.LoggingInfoStream - [IW][coreLoadExecutor-215-thread-1]: init: create=false
[coreLoadExecutor-215-thread-1] INFO org.apache.solr.update.LoggingInfoStream - [IW][coreLoadExecutor-215-thread-1]: 
dir=NRTCachingDirectory(MMapDirectory@/tmp/solr-home2277198433460818610/core/data/index lockFactory=org.apache.lucene.store.NativeFSLockFactory@2c3d74f6; maxCacheMB=48.0 maxMergeSizeMB=4.0)
index=
version=5.5.1
analyzer=org.apache.solr.update.SolrIndexConfig$DelayedSchemaAnalyzer
ramBufferSizeMB=100.0
maxBufferedDocs=-1
maxBufferedDeleteTerms=-1
mergedSegmentWarmer=null
delPolicy=org.apache.solr.core.IndexDeletionPolicyWrapper
commit=null
openMode=APPEND
similarity=org.apache.lucene.search.similarities.ClassicSimilarity
mergeScheduler=ConcurrentMergeScheduler: maxThreadCount=-1, maxMergeCount=-1, ioThrottle=true
default WRITE_LOCK_TIMEOUT=0
writeLockTimeout=0
codec=Lucene54
infoStream=org.apache.solr.update.LoggingInfoStream
mergePolicy=[TieredMergePolicy: maxMergeAtOnce=10, maxMergeAtOnceExplicit=30, maxMergedSegmentMB=5120.0, floorSegmentMB=2.0, forceMergeDeletesPctAllowed=10.0, segmentsPerTier=10.0, maxCFSSegmentSizeMB=8.796093022207999E12, noCFSRatio=0.1
indexerThreadPool=org.apache.lucene.index.DocumentsWriterPerThreadPool@146153b7
readerPooling=false
perThreadHardLimitMB=1945
useCompoundFile=false
commitOnClose=true
writer=org.apache.solr.update.SolrIndexWriter@5d2e4533

[coreLoadExecutor-215-thread-1] INFO org.apache.solr.update.LoggingInfoStream - [IW][coreLoadExecutor-215-thread-1]: MMapDirectory.UNMAP_SUPPORTED=true
[coreLoadExecutor-215-thread-1] INFO org.apache.solr.update.LoggingInfoStream - [IW][coreLoadExecutor-215-thread-1]: flush at getReader
[coreLoadExecutor-215-thread-1] INFO org.apache.solr.update.LoggingInfoStream - [DW][coreLoadExecutor-215-thread-1]: startFullFlush
[coreLoadExecutor-215-thread-1] INFO org.apache.solr.update.LoggingInfoStream - [IW][coreLoadExecutor-215-thread-1]: apply all deletes during flush
[coreLoadExecutor-215-thread-1] INFO org.apache.solr.update.LoggingInfoStream - [IW][coreLoadExecutor-215-thread-1]: now apply all deletes for all segments maxDoc=0
[coreLoadExecutor-215-thread-1] INFO org.apache.solr.update.LoggingInfoStream - [BD][coreLoadExecutor-215-thread-1]: prune sis=segments_1:  minGen=9223372036854775807 packetCount=0
[coreLoadExecutor-215-thread-1] INFO org.apache.solr.update.LoggingInfoStream - [IW][coreLoadExecutor-215-thread-1]: incRefDeleter for NRT reader version=2 segments=
[coreLoadExecutor-215-thread-1] INFO org.apache.solr.update.LoggingInfoStream - [IW][coreLoadExecutor-215-thread-1]: return reader version=2 reader=StandardDirectoryReader(segments_1:2:nrt)
[coreLoadExecutor-215-thread-1] INFO org.apache.solr.update.LoggingInfoStream - [DW][coreLoadExecutor-215-thread-1]: coreLoadExecutor-215-thread-1 finishFullFlush success=true
[coreLoadExecutor-215-thread-1] INFO org.apache.solr.update.LoggingInfoStream - [IW][coreLoadExecutor-215-thread-1]: getReader took 0 msec
[coreLoadExecutor-215-thread-1] INFO org.apache.solr.search.SolrIndexSearcher - Opening Searcher@3e149cbc[core] main
[coreLoadExecutor-215-thread-1] INFO org.apache.solr.rest.ManagedResourceStorage - File-based storage initialized to use dir: /tmp/solr-home2277198433460818610/core/conf
[coreLoadExecutor-215-thread-1] INFO org.apache.solr.rest.RestManager - Initializing RestManager with initArgs: {storageDir=/tmp/solr-home2277198433460818610/core/conf}
[coreLoadExecutor-215-thread-1] INFO org.apache.solr.rest.ManagedResourceStorage - Reading _rest_managed.json using file:dir=/tmp/solr-home2277198433460818610/core/conf
[coreLoadExecutor-215-thread-1] INFO org.apache.solr.rest.RestManager - Initializing 0 registered ManagedResources
[coreLoadExecutor-215-thread-1] INFO org.apache.solr.handler.component.SpellCheckComponent - Initializing spell checkers
[coreLoadExecutor-215-thread-1] INFO org.apache.solr.handler.component.SpellCheckComponent - Registering newSearcher listener for spellchecker: default
[coreLoadExecutor-215-thread-1] INFO org.apache.solr.handler.component.SpellCheckComponent - No queryConverter defined, using default converter
[coreLoadExecutor-215-thread-1] INFO org.apache.solr.handler.ReplicationHandler - Commits will be reserved for  10000
[coreLoadExecutor-215-thread-1] INFO org.apache.solr.update.UpdateLog - Looking up max value of version field to seed version buckets
[searcherExecutor-216-thread-1] INFO org.apache.solr.handler.component.SpellCheckComponent - Loading spell index for spellchecker: default
[coreLoadExecutor-215-thread-1] INFO org.apache.solr.update.VersionInfo - Refreshing highest value of _version_ for 65536 version buckets from index
[coreLoadExecutor-215-thread-1] INFO org.apache.solr.update.VersionInfo - No terms found for _version_, cannot seed version bucket highest value from index
[coreLoadExecutor-215-thread-1] INFO org.apache.solr.update.UpdateLog - Could not find max version in index or recent updates, using new clock 1576087835244494848
[searcherExecutor-216-thread-1] INFO org.apache.solr.core.SolrCore - [core] Registered new searcher Searcher@3e149cbc[core] main{ExitableDirectoryReader(UninvertingDirectoryReader())}
[coreLoadExecutor-215-thread-1] INFO org.apache.solr.update.UpdateLog - Took 1.0ms to seed version buckets with highest version 1576087835244494848
[coreLoadExecutor-215-thread-1] INFO org.apache.solr.core.CoreContainer - registering core: core
[Test worker] INFO org.apache.solr.core.SolrCore.Request - [core]  webapp=null path=/admin/ping params={} hits=0 status=0 QTime=0
[Test worker] INFO org.apache.solr.core.SolrCore.Request - [core]  webapp=null path=/admin/ping params={} status=0 QTime=0
[Test worker] INFO com.rbmhtechnology.vind.solr.SolrSearchServer - Connection to solr server successful
[Test worker] INFO org.apache.solr.core.SolrCore.Request - [core]  webapp=null path=/schema params={} status=0 QTime=0
[Test worker] INFO com.rbmhtechnology.vind.solr.SolrSearchServer - No server provider of type class com.rbmhtechnology.vind.solr.EmbeddedSolrServerProvider found in classpath for server com.rbmhtechnology.vind.solr.SolrSearchServer
[Test worker] INFO org.apache.solr.update.processor.LogUpdateProcessorFactory - [core]  webapp=null path=/update params={}{add=[123 (1576087835249737728)]} 0 3
[Test worker] INFO org.apache.solr.update.DirectUpdateHandler2 - start commit{,optimize=false,openSearcher=true,waitSearcher=true,expungeDeletes=false,softCommit=false,prepareCommit=false}
[Test worker] INFO org.apache.solr.update.LoggingInfoStream - [IW][Test worker]: commit: start
[Test worker] INFO org.apache.solr.update.LoggingInfoStream - [IW][Test worker]: commit: enter lock
[Test worker] INFO org.apache.solr.update.LoggingInfoStream - [IW][Test worker]: commit: now prepare
[Test worker] INFO org.apache.solr.update.LoggingInfoStream - [IW][Test worker]: prepareCommit: flush
[Test worker] INFO org.apache.solr.update.LoggingInfoStream - [IW][Test worker]:   index before flush 
[Test worker] INFO org.apache.solr.update.LoggingInfoStream - [DW][Test worker]: startFullFlush
[Test worker] INFO org.apache.solr.update.LoggingInfoStream - [DW][Test worker]: anyChanges? numDocsInRam=1 deletes=true hasTickets:false pendingChangesInFullFlush: false
[Test worker] INFO org.apache.solr.update.LoggingInfoStream - [DWFC][Test worker]: addFlushableState DocumentsWriterPerThread [pendingDeletes=gen=0, segment=_0, aborted=false, numDocsInRAM=1, deleteQueue=DWDQ: [ generation: 1 ]]
[Test worker] INFO org.apache.solr.update.LoggingInfoStream - [DWPT][Test worker]: flush postings as segment _0 numDocs=1
[Test worker] INFO org.apache.solr.update.LoggingInfoStream - [IW][Test worker]: 0 msec to write norms
[Test worker] INFO org.apache.solr.update.LoggingInfoStream - [IW][Test worker]: 0 msec to write docValues
[Test worker] INFO org.apache.solr.update.LoggingInfoStream - [IW][Test worker]: 0 msec to finish stored fields
[Test worker] INFO org.apache.solr.update.LoggingInfoStream - [IW][Test worker]: 1 msec to write postings and finish vectors
[Test worker] INFO org.apache.solr.update.LoggingInfoStream - [IW][Test worker]: 0 msec to write fieldInfos
[Test worker] INFO org.apache.solr.update.LoggingInfoStream - [DWPT][Test worker]: new segment has 0 deleted docs
[Test worker] INFO org.apache.solr.update.LoggingInfoStream - [DWPT][Test worker]: new segment has no vectors; norms; docValues; prox; freqs
[Test worker] INFO org.apache.solr.update.LoggingInfoStream - [DWPT][Test worker]: flushedFiles=[_0_Lucene54_0.dvm, _0_Lucene50_0.doc, _0_Lucene50_0.tim, _0_Lucene50_0.pos, _0.nvd, _0.fdx, _0_Lucene54_0.dvd, _0_Lucene50_0.tip, _0.fdt, _0.nvm, _0.fnm]
[Test worker] INFO org.apache.solr.update.LoggingInfoStream - [DWPT][Test worker]: flushed codec=Lucene54
[Test worker] INFO org.apache.solr.update.LoggingInfoStream - [DWPT][Test worker]: flushed: segment=_0 ramUsed=0.331 MB newFlushedSize=0.005 MB docs/MB=190.27
[Test worker] INFO org.apache.solr.update.LoggingInfoStream - [DW][Test worker]: publishFlushedSegment seg-private updates=null
[Test worker] INFO org.apache.solr.update.LoggingInfoStream - [IW][Test worker]: publishFlushedSegment
[Test worker] INFO org.apache.solr.update.LoggingInfoStream - [BD][Test worker]: push deletes  1 deleted terms (unique count=1) bytesUsed=1072 segmentPrivate?=false delGen=2 packetCount=1 totBytesUsed=1072
[Test worker] INFO org.apache.solr.update.LoggingInfoStream - [IW][Test worker]: publish sets newSegment delGen=3 seg=_0(5.5.1):C1
[Test worker] INFO org.apache.solr.update.LoggingInfoStream - [IFD][Test worker]: now checkpoint "_0(5.5.1):C1" [1 segments ; isCommit = false]
[Test worker] INFO org.apache.solr.update.LoggingInfoStream - [IFD][Test worker]: 0 msec to checkpoint
[Test worker] INFO org.apache.solr.update.LoggingInfoStream - [IW][Test worker]: apply all deletes during flush
[Test worker] INFO org.apache.solr.update.LoggingInfoStream - [IW][Test worker]: now apply all deletes for all segments maxDoc=1
[Test worker] INFO org.apache.solr.update.LoggingInfoStream - [BD][Test worker]: applyDeletes: open segment readers took 0 msec
[Test worker] INFO org.apache.solr.update.LoggingInfoStream - [BD][Test worker]: applyDeletes: infos=[_0(5.5.1):C1] packetCount=1
[Test worker] INFO org.apache.solr.update.LoggingInfoStream - [BD][Test worker]: applyDeletes took 0 msec for 1 segments, 0 newly deleted docs (query deletes), 0 visited terms, allDeleted=null
[Test worker] INFO org.apache.solr.update.LoggingInfoStream - [BD][Test worker]: prune sis=segments_1: _0(5.5.1):C1 minGen=3 packetCount=1
[Test worker] INFO org.apache.solr.update.LoggingInfoStream - [BD][Test worker]: pruneDeletes: prune 1 packets; 0 packets remain
[Test worker] INFO org.apache.solr.update.LoggingInfoStream - [DW][Test worker]: Test worker finishFullFlush success=true
[Test worker] INFO org.apache.solr.update.LoggingInfoStream - [TMP][Test worker]: findMerges: 1 segments
[Test worker] INFO org.apache.solr.update.LoggingInfoStream - [TMP][Test worker]:   seg=_0(5.5.1):C1 size=0.005 MB [floored]
[Test worker] INFO org.apache.solr.update.LoggingInfoStream - [TMP][Test worker]:   allowedSegmentCount=1 vs count=1 (eligible count=1) tooBigCount=0
[Test worker] INFO org.apache.solr.update.LoggingInfoStream - [MS][Test worker]: initDynamicDefaults spins=false maxThreadCount=2 maxMergeCount=7
[Test worker] INFO org.apache.solr.update.LoggingInfoStream - [MS][Test worker]: now merge
[Test worker] INFO org.apache.solr.update.LoggingInfoStream - [MS][Test worker]:   index: _0(5.5.1):C1
[Test worker] INFO org.apache.solr.update.LoggingInfoStream - [MS][Test worker]:   no more merges pending; now return
[Test worker] INFO org.apache.solr.update.LoggingInfoStream - [IW][Test worker]: startCommit(): start
[Test worker] INFO org.apache.solr.update.LoggingInfoStream - [IW][Test worker]: startCommit index=_0(5.5.1):C1 changeCount=4
[Test worker] INFO org.apache.solr.update.LoggingInfoStream - [IW][Test worker]: startCommit: wrote pending segments file "pending_segments_2"
[Test worker] INFO org.apache.solr.update.LoggingInfoStream - [IW][Test worker]: done all syncs: [_0.si, _0_Lucene50_0.doc, _0_Lucene50_0.tim, _0_Lucene54_0.dvm, _0_Lucene50_0.pos, _0.nvd, _0.fdx, _0_Lucene54_0.dvd, _0_Lucene50_0.tip, _0.fdt, _0.nvm, _0.fnm]
[Test worker] INFO org.apache.solr.update.LoggingInfoStream - [IW][Test worker]: commit: pendingCommit != null
[Test worker] INFO org.apache.solr.update.LoggingInfoStream - [IW][Test worker]: commit: done writing segments file "segments_2"
[Test worker] INFO org.apache.solr.update.LoggingInfoStream - [IFD][Test worker]: now checkpoint "_0(5.5.1):C1" [1 segments ; isCommit = true]
[Test worker] INFO org.apache.solr.core.SolrDeletionPolicy - SolrDeletionPolicy.onCommit: commits: num=2
	commit{dir=NRTCachingDirectory(MMapDirectory@/tmp/solr-home2277198433460818610/core/data/index lockFactory=org.apache.lucene.store.NativeFSLockFactory@2c3d74f6; maxCacheMB=48.0 maxMergeSizeMB=4.0),segFN=segments_1,generation=1}
	commit{dir=NRTCachingDirectory(MMapDirectory@/tmp/solr-home2277198433460818610/core/data/index lockFactory=org.apache.lucene.store.NativeFSLockFactory@2c3d74f6; maxCacheMB=48.0 maxMergeSizeMB=4.0),segFN=segments_2,generation=2}
[Test worker] INFO org.apache.solr.core.SolrDeletionPolicy - newest commit generation = 2
[Test worker] INFO org.apache.solr.update.LoggingInfoStream - [IFD][Test worker]: deleteCommits: now decRef commit "segments_1"
[Test worker] INFO org.apache.solr.update.LoggingInfoStream - [IFD][Test worker]: delete "segments_1"
[Test worker] INFO org.apache.solr.update.LoggingInfoStream - [IFD][Test worker]: 0 msec to checkpoint
[Test worker] INFO org.apache.solr.update.LoggingInfoStream - [IW][Test worker]: commit: took 57.4 msec
[Test worker] INFO org.apache.solr.update.LoggingInfoStream - [IW][Test worker]: commit: done
[Test worker] INFO org.apache.solr.update.LoggingInfoStream - [IW][Test worker]: nrtIsCurrent: infoVersion matches: false; DW changes: false; BD changes: false
[Test worker] INFO org.apache.solr.update.LoggingInfoStream - [IW][Test worker]: flush at getReader
[Test worker] INFO org.apache.solr.update.LoggingInfoStream - [DW][Test worker]: startFullFlush
[Test worker] INFO org.apache.solr.update.LoggingInfoStream - [IW][Test worker]: apply all deletes during flush
[Test worker] INFO org.apache.solr.update.LoggingInfoStream - [IW][Test worker]: now apply all deletes for all segments maxDoc=1
[Test worker] INFO org.apache.solr.update.LoggingInfoStream - [BD][Test worker]: applyDeletes: open segment readers took 0 msec
[Test worker] INFO org.apache.solr.update.LoggingInfoStream - [BD][Test worker]: applyDeletes: no segments; skipping
[Test worker] INFO org.apache.solr.update.LoggingInfoStream - [BD][Test worker]: prune sis=segments_2: _0(5.5.1):C1 minGen=3 packetCount=0
[Test worker] INFO org.apache.solr.update.LoggingInfoStream - [IW][Test worker]: incRefDeleter for NRT reader version=6 segments=_0(5.5.1):C1
[Test worker] INFO org.apache.solr.update.LoggingInfoStream - [IW][Test worker]: return reader version=6 reader=StandardDirectoryReader(segments_2:6:nrt _0(5.5.1):C1)
[Test worker] INFO org.apache.solr.update.LoggingInfoStream - [DW][Test worker]: Test worker finishFullFlush success=true
[Test worker] INFO org.apache.solr.update.LoggingInfoStream - [IW][Test worker]: getReader took 1 msec
[Test worker] INFO org.apache.solr.search.SolrIndexSearcher - Opening Searcher@19198ac2[core] main
[Test worker] INFO org.apache.solr.update.DirectUpdateHandler2 - end_commit_flush
[searcherExecutor-216-thread-1] INFO org.apache.solr.handler.component.SpellCheckComponent - Building spell index for spell checker: default
[searcherExecutor-216-thread-1] INFO org.apache.solr.core.SolrCore - [core] Registered new searcher Searcher@19198ac2[core] main{ExitableDirectoryReader(UninvertingDirectoryReader(Uninverting(_0(5.5.1):C1)))}
[searcherExecutor-216-thread-1] INFO org.apache.solr.update.LoggingInfoStream - [IW][searcherExecutor-216-thread-1]: decRefDeleter for NRT reader version=2 segments=
[Test worker] INFO org.apache.solr.update.processor.LogUpdateProcessorFactory - [core]  webapp=null path=/update params={commit=true&softCommit=false&waitSearcher=true}{commit=} 0 90
[Test worker] INFO org.apache.solr.update.processor.LogUpdateProcessorFactory - [core]  webapp=null path=/update params={}{add=[123 (1576087835350401024)]} 0 2
[Test worker] INFO org.apache.solr.core.SolrCore.Request - [core]  webapp=null path=/select params={q=!(+_id_:123)%26(_root_:123)} hits=0 status=0 QTime=0
[Test worker] INFO org.apache.solr.update.DirectUpdateHandler2 - start commit{,optimize=false,openSearcher=true,waitSearcher=true,expungeDeletes=false,softCommit=false,prepareCommit=false}
[Test worker] INFO org.apache.solr.update.LoggingInfoStream - [IW][Test worker]: commit: start
[Test worker] INFO org.apache.solr.update.LoggingInfoStream - [IW][Test worker]: commit: enter lock
[Test worker] INFO org.apache.solr.update.LoggingInfoStream - [IW][Test worker]: commit: now prepare
[Test worker] INFO org.apache.solr.update.LoggingInfoStream - [IW][Test worker]: prepareCommit: flush
[Test worker] INFO org.apache.solr.update.LoggingInfoStream - [IW][Test worker]:   index before flush _0(5.5.1):C1
[Test worker] INFO org.apache.solr.update.LoggingInfoStream - [DW][Test worker]: startFullFlush
[Test worker] INFO org.apache.solr.update.LoggingInfoStream - [DW][Test worker]: anyChanges? numDocsInRam=1 deletes=true hasTickets:false pendingChangesInFullFlush: false
[Test worker] INFO org.apache.solr.update.LoggingInfoStream - [DWFC][Test worker]: addFlushableState DocumentsWriterPerThread [pendingDeletes=gen=0, segment=_1, aborted=false, numDocsInRAM=1, deleteQueue=DWDQ: [ generation: 3 ]]
[Test worker] INFO org.apache.solr.update.LoggingInfoStream - [DWPT][Test worker]: flush postings as segment _1 numDocs=1
[Test worker] INFO org.apache.solr.update.LoggingInfoStream - [IW][Test worker]: 0 msec to write norms
[Test worker] INFO org.apache.solr.update.LoggingInfoStream - [IW][Test worker]: 0 msec to write docValues
[Test worker] INFO org.apache.solr.update.LoggingInfoStream - [IW][Test worker]: 0 msec to finish stored fields
[Test worker] INFO org.apache.solr.update.LoggingInfoStream - [IW][Test worker]: 0 msec to write postings and finish vectors
[Test worker] INFO org.apache.solr.update.LoggingInfoStream - [IW][Test worker]: 0 msec to write fieldInfos
[Test worker] INFO org.apache.solr.update.LoggingInfoStream - [DWPT][Test worker]: new segment has 0 deleted docs
[Test worker] INFO org.apache.solr.update.LoggingInfoStream - [DWPT][Test worker]: new segment has no vectors; norms; docValues; prox; freqs
[Test worker] INFO org.apache.solr.update.LoggingInfoStream - [DWPT][Test worker]: flushedFiles=[_1_Lucene50_0.doc, _1_Lucene50_0.tim, _1_Lucene54_0.dvd, _1.nvd, _1_Lucene50_0.pos, _1.fdx, _1.nvm, _1_Lucene54_0.dvm, _1.fnm, _1.fdt, _1_Lucene50_0.tip]
[Test worker] INFO org.apache.solr.update.LoggingInfoStream - [DWPT][Test worker]: flushed codec=Lucene54
[Test worker] INFO org.apache.solr.update.LoggingInfoStream - [DWPT][Test worker]: flushed: segment=_1 ramUsed=0.29 MB newFlushedSize=0.004 MB docs/MB=230.507
[Test worker] INFO org.apache.solr.update.LoggingInfoStream - [DW][Test worker]: publishFlushedSegment seg-private updates=null
[Test worker] INFO org.apache.solr.update.LoggingInfoStream - [IW][Test worker]: publishFlushedSegment
[Test worker] INFO org.apache.solr.update.LoggingInfoStream - [BD][Test worker]: push deletes  1 deleted terms (unique count=1) bytesUsed=1072 segmentPrivate?=false delGen=6 packetCount=1 totBytesUsed=1072
[Test worker] INFO org.apache.solr.update.LoggingInfoStream - [IW][Test worker]: publish sets newSegment delGen=7 seg=_1(5.5.1):C1
[Test worker] INFO org.apache.solr.update.LoggingInfoStream - [IFD][Test worker]: now checkpoint "_0(5.5.1):C1 _1(5.5.1):C1" [2 segments ; isCommit = false]
[Test worker] INFO org.apache.solr.update.LoggingInfoStream - [IFD][Test worker]: 0 msec to checkpoint
[Test worker] INFO org.apache.solr.update.LoggingInfoStream - [IW][Test worker]: apply all deletes during flush
[Test worker] INFO org.apache.solr.update.LoggingInfoStream - [IW][Test worker]: now apply all deletes for all segments maxDoc=2
[Test worker] INFO org.apache.solr.update.LoggingInfoStream - [BD][Test worker]: applyDeletes: open segment readers took 0 msec
[Test worker] INFO org.apache.solr.update.LoggingInfoStream - [BD][Test worker]: applyDeletes: infos=[_0(5.5.1):C1, _1(5.5.1):C1] packetCount=1
[Test worker] INFO org.apache.solr.update.LoggingInfoStream - [BD][Test worker]: applyTermDeletes took 0.1 msec for 2 segments and 1 packets; 1 del terms visited; 2 seg terms visited
[Test worker] INFO org.apache.solr.update.LoggingInfoStream - [BD][Test worker]: applyDeletes: 1 new deleted documents
[Test worker] INFO org.apache.solr.update.LoggingInfoStream - [BD][Test worker]: applyDeletes took 1 msec for 2 segments, 0 newly deleted docs (query deletes), 1 visited terms, allDeleted=[_0(5.5.1):C1]
[Test worker] INFO org.apache.solr.update.LoggingInfoStream - [IFD][Test worker]: now checkpoint "_0(5.5.1):C1/1 _1(5.5.1):C1" [2 segments ; isCommit = false]
[Test worker] INFO org.apache.solr.update.LoggingInfoStream - [IFD][Test worker]: 0 msec to checkpoint
[Test worker] INFO org.apache.solr.update.LoggingInfoStream - [IW][Test worker]: drop 100% deleted segments: _0(5.5.1):C1/1
[Test worker] INFO org.apache.solr.update.LoggingInfoStream - [IFD][Test worker]: now checkpoint "_1(5.5.1):C1" [1 segments ; isCommit = false]
[Test worker] INFO org.apache.solr.update.LoggingInfoStream - [IFD][Test worker]: 0 msec to checkpoint
[Test worker] INFO org.apache.solr.update.LoggingInfoStream - [BD][Test worker]: prune sis=segments_2: _1(5.5.1):C1 minGen=8 packetCount=1
[Test worker] INFO org.apache.solr.update.LoggingInfoStream - [BD][Test worker]: pruneDeletes: prune 1 packets; 0 packets remain
[Test worker] INFO org.apache.solr.update.LoggingInfoStream - [DW][Test worker]: Test worker finishFullFlush success=true
[Test worker] INFO org.apache.solr.update.LoggingInfoStream - [TMP][Test worker]: findMerges: 1 segments
[Test worker] INFO org.apache.solr.update.LoggingInfoStream - [TMP][Test worker]:   seg=_1(5.5.1):C1 size=0.004 MB [floored]
[Test worker] INFO org.apache.solr.update.LoggingInfoStream - [TMP][Test worker]:   allowedSegmentCount=1 vs count=1 (eligible count=1) tooBigCount=0
[Test worker] INFO org.apache.solr.update.LoggingInfoStream - [MS][Test worker]: now merge
[Test worker] INFO org.apache.solr.update.LoggingInfoStream - [MS][Test worker]:   index: _1(5.5.1):C1
[Test worker] INFO org.apache.solr.update.LoggingInfoStream - [MS][Test worker]:   no more merges pending; now return
[Test worker] INFO org.apache.solr.update.LoggingInfoStream - [IW][Test worker]: startCommit(): start
[Test worker] INFO org.apache.solr.update.LoggingInfoStream - [IW][Test worker]: startCommit index=_1(5.5.1):C1 changeCount=10
[Test worker] INFO org.apache.solr.update.LoggingInfoStream - [IW][Test worker]: startCommit: wrote pending segments file "pending_segments_3"
[Test worker] INFO org.apache.solr.update.LoggingInfoStream - [IW][Test worker]: done all syncs: [_1_Lucene50_0.doc, _1_Lucene50_0.tim, _1.si, _1_Lucene54_0.dvd, _1.nvd, _1_Lucene50_0.pos, _1.fdx, _1.nvm, _1.fnm, _1_Lucene54_0.dvm, _1.fdt, _1_Lucene50_0.tip]
[Test worker] INFO org.apache.solr.update.LoggingInfoStream - [IW][Test worker]: commit: pendingCommit != null
[Test worker] INFO org.apache.solr.update.LoggingInfoStream - [IW][Test worker]: commit: done writing segments file "segments_3"
[Test worker] INFO org.apache.solr.update.LoggingInfoStream - [IFD][Test worker]: now checkpoint "_1(5.5.1):C1" [1 segments ; isCommit = true]
[Test worker] INFO org.apache.solr.core.SolrDeletionPolicy - SolrDeletionPolicy.onCommit: commits: num=2
	commit{dir=NRTCachingDirectory(MMapDirectory@/tmp/solr-home2277198433460818610/core/data/index lockFactory=org.apache.lucene.store.NativeFSLockFactory@2c3d74f6; maxCacheMB=48.0 maxMergeSizeMB=4.0),segFN=segments_2,generation=2}
	commit{dir=NRTCachingDirectory(MMapDirectory@/tmp/solr-home2277198433460818610/core/data/index lockFactory=org.apache.lucene.store.NativeFSLockFactory@2c3d74f6; maxCacheMB=48.0 maxMergeSizeMB=4.0),segFN=segments_3,generation=3}
[Test worker] INFO org.apache.solr.core.SolrDeletionPolicy - newest commit generation = 3
[Test worker] INFO org.apache.solr.update.LoggingInfoStream - [IFD][Test worker]: deleteCommits: now decRef commit "segments_2"
[Test worker] INFO org.apache.solr.update.LoggingInfoStream - [IFD][Test worker]: delete "segments_2"
[Test worker] INFO org.apache.solr.update.LoggingInfoStream - [IFD][Test worker]: 0 msec to checkpoint
[Test worker] INFO org.apache.solr.update.LoggingInfoStream - [IW][Test worker]: commit: took 52.0 msec
[Test worker] INFO org.apache.solr.update.LoggingInfoStream - [IW][Test worker]: commit: done
[Test worker] INFO org.apache.solr.update.LoggingInfoStream - [IW][Test worker]: nrtIsCurrent: infoVersion matches: false; DW changes: false; BD changes: false
[Test worker] INFO org.apache.solr.update.LoggingInfoStream - [IW][Test worker]: flush at getReader
[Test worker] INFO org.apache.solr.update.LoggingInfoStream - [DW][Test worker]: startFullFlush
[Test worker] INFO org.apache.solr.update.LoggingInfoStream - [IW][Test worker]: apply all deletes during flush
[Test worker] INFO org.apache.solr.update.LoggingInfoStream - [IW][Test worker]: now apply all deletes for all segments maxDoc=1
[Test worker] INFO org.apache.solr.update.LoggingInfoStream - [BD][Test worker]: applyDeletes: open segment readers took 0 msec
[Test worker] INFO org.apache.solr.update.LoggingInfoStream - [BD][Test worker]: applyDeletes: no segments; skipping
[Test worker] INFO org.apache.solr.update.LoggingInfoStream - [BD][Test worker]: prune sis=segments_3: _1(5.5.1):C1 minGen=8 packetCount=0
[Test worker] INFO org.apache.solr.update.LoggingInfoStream - [IW][Test worker]: incRefDeleter for NRT reader version=12 segments=_1(5.5.1):C1
[Test worker] INFO org.apache.solr.update.LoggingInfoStream - [IW][Test worker]: return reader version=12 reader=StandardDirectoryReader(segments_3:12:nrt _1(5.5.1):C1)
[Test worker] INFO org.apache.solr.update.LoggingInfoStream - [DW][Test worker]: Test worker finishFullFlush success=true
[Test worker] INFO org.apache.solr.update.LoggingInfoStream - [IW][Test worker]: getReader took 1 msec
[Test worker] INFO org.apache.solr.search.SolrIndexSearcher - Opening Searcher@10072963[core] main
[searcherExecutor-216-thread-1] INFO org.apache.solr.handler.component.SpellCheckComponent - Building spell index for spell checker: default
[Test worker] INFO org.apache.solr.update.DirectUpdateHandler2 - end_commit_flush
[searcherExecutor-216-thread-1] INFO org.apache.solr.core.SolrCore - [core] Registered new searcher Searcher@10072963[core] main{ExitableDirectoryReader(UninvertingDirectoryReader(Uninverting(_1(5.5.1):C1)))}
[searcherExecutor-216-thread-1] INFO org.apache.solr.update.LoggingInfoStream - [IFD][searcherExecutor-216-thread-1]: delete "_0.si"
[searcherExecutor-216-thread-1] INFO org.apache.solr.update.LoggingInfoStream - [IFD][searcherExecutor-216-thread-1]: delete "_0_Lucene50_0.doc"
[searcherExecutor-216-thread-1] INFO org.apache.solr.update.LoggingInfoStream - [IFD][searcherExecutor-216-thread-1]: delete "_0_Lucene50_0.tim"
[searcherExecutor-216-thread-1] INFO org.apache.solr.update.LoggingInfoStream - [IFD][searcherExecutor-216-thread-1]: delete "_0_Lucene54_0.dvm"
[searcherExecutor-216-thread-1] INFO org.apache.solr.update.LoggingInfoStream - [IFD][searcherExecutor-216-thread-1]: delete "_0_Lucene50_0.pos"
[searcherExecutor-216-thread-1] INFO org.apache.solr.update.LoggingInfoStream - [IFD][searcherExecutor-216-thread-1]: delete "_0.nvd"
[searcherExecutor-216-thread-1] INFO org.apache.solr.update.LoggingInfoStream - [IFD][searcherExecutor-216-thread-1]: delete "_0.fdx"
[searcherExecutor-216-thread-1] INFO org.apache.solr.update.LoggingInfoStream - [IFD][searcherExecutor-216-thread-1]: delete "_0_Lucene54_0.dvd"
[searcherExecutor-216-thread-1] INFO org.apache.solr.update.LoggingInfoStream - [IFD][searcherExecutor-216-thread-1]: delete "_0_Lucene50_0.tip"
[searcherExecutor-216-thread-1] INFO org.apache.solr.update.LoggingInfoStream - [IFD][searcherExecutor-216-thread-1]: delete "_0.fdt"
[searcherExecutor-216-thread-1] INFO org.apache.solr.update.LoggingInfoStream - [IFD][searcherExecutor-216-thread-1]: delete "_0.nvm"
[searcherExecutor-216-thread-1] INFO org.apache.solr.update.LoggingInfoStream - [IFD][searcherExecutor-216-thread-1]: delete "_0.fnm"
[searcherExecutor-216-thread-1] INFO org.apache.solr.update.LoggingInfoStream - [IW][searcherExecutor-216-thread-1]: decRefDeleter for NRT reader version=6 segments=_0(5.5.1):C1
[Test worker] INFO org.apache.solr.update.processor.LogUpdateProcessorFactory - [core]  webapp=null path=/update params={commit=true&softCommit=false&waitSearcher=true}{commit=} 0 66
[Test worker] INFO org.apache.solr.core.SolrCore.Request - [core]  webapp=null path=/select params={q=123&fl=*,score&qf=dynamic_single_stored_none_title^1.0&defType=edismax&fq=_type_:asset&start=0&rows=10} hits=1 status=0 QTime=0
[Test worker] INFO org.apache.solr.update.processor.LogUpdateProcessorFactory - [core]  webapp=null path=/update params={}{add=[123 (1576087835424849920)]} 0 1
[Test worker] INFO org.apache.solr.core.SolrCore.Request - [core]  webapp=null path=/select params={q=!(+_id_:123)%26(_root_:123)} hits=0 status=0 QTime=0
[Test worker] INFO org.apache.solr.update.DirectUpdateHandler2 - start commit{,optimize=false,openSearcher=true,waitSearcher=true,expungeDeletes=false,softCommit=false,prepareCommit=false}
[Test worker] INFO org.apache.solr.update.LoggingInfoStream - [IW][Test worker]: commit: start
[Test worker] INFO org.apache.solr.update.LoggingInfoStream - [IW][Test worker]: commit: enter lock
[Test worker] INFO org.apache.solr.update.LoggingInfoStream - [IW][Test worker]: commit: now prepare
[Test worker] INFO org.apache.solr.update.LoggingInfoStream - [IW][Test worker]: prepareCommit: flush
[Test worker] INFO org.apache.solr.update.LoggingInfoStream - [IW][Test worker]:   index before flush _1(5.5.1):C1
[Test worker] INFO org.apache.solr.update.LoggingInfoStream - [DW][Test worker]: startFullFlush
[Test worker] INFO org.apache.solr.update.LoggingInfoStream - [DW][Test worker]: anyChanges? numDocsInRam=1 deletes=true hasTickets:false pendingChangesInFullFlush: false
[Test worker] INFO org.apache.solr.update.LoggingInfoStream - [DWFC][Test worker]: addFlushableState DocumentsWriterPerThread [pendingDeletes=gen=0, segment=_2, aborted=false, numDocsInRAM=1, deleteQueue=DWDQ: [ generation: 5 ]]
[Test worker] INFO org.apache.solr.update.LoggingInfoStream - [DWPT][Test worker]: flush postings as segment _2 numDocs=1
[Test worker] INFO org.apache.solr.update.LoggingInfoStream - [IW][Test worker]: 0 msec to write norms
[Test worker] INFO org.apache.solr.update.LoggingInfoStream - [IW][Test worker]: 0 msec to write docValues
[Test worker] INFO org.apache.solr.update.LoggingInfoStream - [IW][Test worker]: 0 msec to finish stored fields
[Test worker] INFO org.apache.solr.update.LoggingInfoStream - [IW][Test worker]: 0 msec to write postings and finish vectors
[Test worker] INFO org.apache.solr.update.LoggingInfoStream - [IW][Test worker]: 0 msec to write fieldInfos
[Test worker] INFO org.apache.solr.update.LoggingInfoStream - [DWPT][Test worker]: new segment has 0 deleted docs
[Test worker] INFO org.apache.solr.update.LoggingInfoStream - [DWPT][Test worker]: new segment has no vectors; norms; docValues; prox; freqs
[Test worker] INFO org.apache.solr.update.LoggingInfoStream - [DWPT][Test worker]: flushedFiles=[_2_Lucene54_0.dvd, _2.nvd, _2.fdt, _2.nvm, _2_Lucene54_0.dvm, _2_Lucene50_0.pos, _2.fnm, _2.fdx, _2_Lucene50_0.doc, _2_Lucene50_0.tim, _2_Lucene50_0.tip]
[Test worker] INFO org.apache.solr.update.LoggingInfoStream - [DWPT][Test worker]: flushed codec=Lucene54
[Test worker] INFO org.apache.solr.update.LoggingInfoStream - [DWPT][Test worker]: flushed: segment=_2 ramUsed=0.209 MB newFlushedSize=0.003 MB docs/MB=321.157
[Test worker] INFO org.apache.solr.update.LoggingInfoStream - [DW][Test worker]: publishFlushedSegment seg-private updates=null
[Test worker] INFO org.apache.solr.update.LoggingInfoStream - [IW][Test worker]: publishFlushedSegment
[Test worker] INFO org.apache.solr.update.LoggingInfoStream - [BD][Test worker]: push deletes  1 deleted terms (unique count=1) bytesUsed=1072 segmentPrivate?=false delGen=10 packetCount=1 totBytesUsed=1072
[Test worker] INFO org.apache.solr.update.LoggingInfoStream - [IW][Test worker]: publish sets newSegment delGen=11 seg=_2(5.5.1):C1
[Test worker] INFO org.apache.solr.update.LoggingInfoStream - [IFD][Test worker]: now checkpoint "_1(5.5.1):C1 _2(5.5.1):C1" [2 segments ; isCommit = false]
[Test worker] INFO org.apache.solr.update.LoggingInfoStream - [IFD][Test worker]: 0 msec to checkpoint
[Test worker] INFO org.apache.solr.update.LoggingInfoStream - [IW][Test worker]: apply all deletes during flush
[Test worker] INFO org.apache.solr.update.LoggingInfoStream - [IW][Test worker]: now apply all deletes for all segments maxDoc=2
[Test worker] INFO org.apache.solr.update.LoggingInfoStream - [BD][Test worker]: applyDeletes: open segment readers took 0 msec
[Test worker] INFO org.apache.solr.update.LoggingInfoStream - [BD][Test worker]: applyDeletes: infos=[_1(5.5.1):C1, _2(5.5.1):C1] packetCount=1
[Test worker] INFO org.apache.solr.update.LoggingInfoStream - [BD][Test worker]: applyTermDeletes took 0.1 msec for 2 segments and 1 packets; 1 del terms visited; 2 seg terms visited
[Test worker] INFO org.apache.solr.update.LoggingInfoStream - [BD][Test worker]: applyDeletes: 1 new deleted documents
[Test worker] INFO org.apache.solr.update.LoggingInfoStream - [BD][Test worker]: applyDeletes took 1 msec for 2 segments, 0 newly deleted docs (query deletes), 1 visited terms, allDeleted=[_1(5.5.1):C1]
[Test worker] INFO org.apache.solr.update.LoggingInfoStream - [IFD][Test worker]: now checkpoint "_1(5.5.1):C1/1 _2(5.5.1):C1" [2 segments ; isCommit = false]
[Test worker] INFO org.apache.solr.update.LoggingInfoStream - [IFD][Test worker]: 0 msec to checkpoint
[Test worker] INFO org.apache.solr.update.LoggingInfoStream - [IW][Test worker]: drop 100% deleted segments: _1(5.5.1):C1/1
[Test worker] INFO org.apache.solr.update.LoggingInfoStream - [IFD][Test worker]: now checkpoint "_2(5.5.1):C1" [1 segments ; isCommit = false]
[Test worker] INFO org.apache.solr.update.LoggingInfoStream - [IFD][Test worker]: 0 msec to checkpoint
[Test worker] INFO org.apache.solr.update.LoggingInfoStream - [BD][Test worker]: prune sis=segments_3: _2(5.5.1):C1 minGen=12 packetCount=1
[Test worker] INFO org.apache.solr.update.LoggingInfoStream - [BD][Test worker]: pruneDeletes: prune 1 packets; 0 packets remain
[Test worker] INFO org.apache.solr.update.LoggingInfoStream - [DW][Test worker]: Test worker finishFullFlush success=true
[Test worker] INFO org.apache.solr.update.LoggingInfoStream - [TMP][Test worker]: findMerges: 1 segments
[Test worker] INFO org.apache.solr.update.LoggingInfoStream - [TMP][Test worker]:   seg=_2(5.5.1):C1 size=0.003 MB [floored]
[Test worker] INFO org.apache.solr.update.LoggingInfoStream - [TMP][Test worker]:   allowedSegmentCount=1 vs count=1 (eligible count=1) tooBigCount=0
[Test worker] INFO org.apache.solr.update.LoggingInfoStream - [MS][Test worker]: now merge
[Test worker] INFO org.apache.solr.update.LoggingInfoStream - [MS][Test worker]:   index: _2(5.5.1):C1
[Test worker] INFO org.apache.solr.update.LoggingInfoStream - [MS][Test worker]:   no more merges pending; now return
[Test worker] INFO org.apache.solr.update.LoggingInfoStream - [IW][Test worker]: startCommit(): start
[Test worker] INFO org.apache.solr.update.LoggingInfoStream - [IW][Test worker]: startCommit index=_2(5.5.1):C1 changeCount=16
[Test worker] INFO org.apache.solr.update.LoggingInfoStream - [IW][Test worker]: startCommit: wrote pending segments file "pending_segments_4"
[Test worker] INFO org.apache.solr.update.LoggingInfoStream - [IW][Test worker]: done all syncs: [_2_Lucene54_0.dvd, _2.nvd, _2.si, _2.fdt, _2_Lucene54_0.dvm, _2_Lucene50_0.pos, _2.nvm, _2.fnm, _2.fdx, _2_Lucene50_0.doc, _2_Lucene50_0.tim, _2_Lucene50_0.tip]
[Test worker] INFO org.apache.solr.update.LoggingInfoStream - [IW][Test worker]: commit: pendingCommit != null
[Test worker] INFO org.apache.solr.update.LoggingInfoStream - [IW][Test worker]: commit: done writing segments file "segments_4"
[Test worker] INFO org.apache.solr.update.LoggingInfoStream - [IFD][Test worker]: now checkpoint "_2(5.5.1):C1" [1 segments ; isCommit = true]
[Test worker] INFO org.apache.solr.core.SolrDeletionPolicy - SolrDeletionPolicy.onCommit: commits: num=2
	commit{dir=NRTCachingDirectory(MMapDirectory@/tmp/solr-home2277198433460818610/core/data/index lockFactory=org.apache.lucene.store.NativeFSLockFactory@2c3d74f6; maxCacheMB=48.0 maxMergeSizeMB=4.0),segFN=segments_3,generation=3}
	commit{dir=NRTCachingDirectory(MMapDirectory@/tmp/solr-home2277198433460818610/core/data/index lockFactory=org.apache.lucene.store.NativeFSLockFactory@2c3d74f6; maxCacheMB=48.0 maxMergeSizeMB=4.0),segFN=segments_4,generation=4}
[Test worker] INFO org.apache.solr.core.SolrDeletionPolicy - newest commit generation = 4
[Test worker] INFO org.apache.solr.update.LoggingInfoStream - [IFD][Test worker]: deleteCommits: now decRef commit "segments_3"
[Test worker] INFO org.apache.solr.update.LoggingInfoStream - [IFD][Test worker]: delete "segments_3"
[Test worker] INFO org.apache.solr.update.LoggingInfoStream - [IFD][Test worker]: 0 msec to checkpoint
[Test worker] INFO org.apache.solr.update.LoggingInfoStream - [IW][Test worker]: commit: took 51.8 msec
[Test worker] INFO org.apache.solr.update.LoggingInfoStream - [IW][Test worker]: commit: done
[Test worker] INFO org.apache.solr.update.LoggingInfoStream - [IW][Test worker]: nrtIsCurrent: infoVersion matches: false; DW changes: false; BD changes: false
[Test worker] INFO org.apache.solr.update.LoggingInfoStream - [IW][Test worker]: flush at getReader
[Test worker] INFO org.apache.solr.update.LoggingInfoStream - [DW][Test worker]: startFullFlush
[Test worker] INFO org.apache.solr.update.LoggingInfoStream - [IW][Test worker]: apply all deletes during flush
[Test worker] INFO org.apache.solr.update.LoggingInfoStream - [IW][Test worker]: now apply all deletes for all segments maxDoc=1
[Test worker] INFO org.apache.solr.update.LoggingInfoStream - [BD][Test worker]: applyDeletes: open segment readers took 0 msec
[Test worker] INFO org.apache.solr.update.LoggingInfoStream - [BD][Test worker]: applyDeletes: no segments; skipping
[Test worker] INFO org.apache.solr.update.LoggingInfoStream - [BD][Test worker]: prune sis=segments_4: _2(5.5.1):C1 minGen=12 packetCount=0
[Test worker] INFO org.apache.solr.update.LoggingInfoStream - [IW][Test worker]: incRefDeleter for NRT reader version=18 segments=_2(5.5.1):C1
[Test worker] INFO org.apache.solr.update.LoggingInfoStream - [IW][Test worker]: return reader version=18 reader=StandardDirectoryReader(segments_4:18:nrt _2(5.5.1):C1)
[Test worker] INFO org.apache.solr.update.LoggingInfoStream - [DW][Test worker]: Test worker finishFullFlush success=true
[Test worker] INFO org.apache.solr.update.LoggingInfoStream - [IW][Test worker]: getReader took 0 msec
[Test worker] INFO org.apache.solr.search.SolrIndexSearcher - Opening Searcher@79cf61f[core] main
[Test worker] INFO org.apache.solr.update.DirectUpdateHandler2 - end_commit_flush
[searcherExecutor-216-thread-1] INFO org.apache.solr.handler.component.SpellCheckComponent - Building spell index for spell checker: default
[searcherExecutor-216-thread-1] INFO org.apache.solr.core.SolrCore - [core] Registered new searcher Searcher@79cf61f[core] main{ExitableDirectoryReader(UninvertingDirectoryReader(Uninverting(_2(5.5.1):C1)))}
[searcherExecutor-216-thread-1] INFO org.apache.solr.update.LoggingInfoStream - [IFD][searcherExecutor-216-thread-1]: delete "_1_Lucene50_0.doc"
[searcherExecutor-216-thread-1] INFO org.apache.solr.update.LoggingInfoStream - [IFD][searcherExecutor-216-thread-1]: delete "_1_Lucene50_0.tim"
[searcherExecutor-216-thread-1] INFO org.apache.solr.update.LoggingInfoStream - [IFD][searcherExecutor-216-thread-1]: delete "_1.si"
[searcherExecutor-216-thread-1] INFO org.apache.solr.update.LoggingInfoStream - [IFD][searcherExecutor-216-thread-1]: delete "_1_Lucene54_0.dvd"
[searcherExecutor-216-thread-1] INFO org.apache.solr.update.LoggingInfoStream - [IFD][searcherExecutor-216-thread-1]: delete "_1.nvd"
[searcherExecutor-216-thread-1] INFO org.apache.solr.update.LoggingInfoStream - [IFD][searcherExecutor-216-thread-1]: delete "_1_Lucene50_0.pos"
[searcherExecutor-216-thread-1] INFO org.apache.solr.update.LoggingInfoStream - [IFD][searcherExecutor-216-thread-1]: delete "_1.fdx"
[searcherExecutor-216-thread-1] INFO org.apache.solr.update.LoggingInfoStream - [IFD][searcherExecutor-216-thread-1]: delete "_1.nvm"
[searcherExecutor-216-thread-1] INFO org.apache.solr.update.LoggingInfoStream - [IFD][searcherExecutor-216-thread-1]: delete "_1.fnm"
[searcherExecutor-216-thread-1] INFO org.apache.solr.update.LoggingInfoStream - [IFD][searcherExecutor-216-thread-1]: delete "_1_Lucene54_0.dvm"
[searcherExecutor-216-thread-1] INFO org.apache.solr.update.LoggingInfoStream - [IFD][searcherExecutor-216-thread-1]: delete "_1.fdt"
[searcherExecutor-216-thread-1] INFO org.apache.solr.update.LoggingInfoStream - [IFD][searcherExecutor-216-thread-1]: delete "_1_Lucene50_0.tip"
[searcherExecutor-216-thread-1] INFO org.apache.solr.update.LoggingInfoStream - [IW][searcherExecutor-216-thread-1]: decRefDeleter for NRT reader version=12 segments=_1(5.5.1):C1
[Test worker] INFO org.apache.solr.update.processor.LogUpdateProcessorFactory - [core]  webapp=null path=/update params={commit=true&softCommit=false&waitSearcher=true}{commit=} 0 67
[Test worker] INFO org.apache.solr.core.SolrCore.Request - [core]  webapp=null path=/select params={q=*&fl=*,score&qf=dynamic_single_stored_none_title^1.0&defType=edismax&fq=_type_:asset&start=0&rows=10} hits=1 status=0 QTime=0
[Test worker] INFO org.apache.solr.core.CoreContainer - Shutting down CoreContainer instance=87682606
[coreCloseExecutor-221-thread-1] INFO org.apache.solr.core.SolrCore - [core]  CLOSING SolrCore org.apache.solr.core.SolrCore@6c6a5871
[coreCloseExecutor-221-thread-1] INFO org.apache.solr.update.DirectUpdateHandler2 - closing DirectUpdateHandler2{commits=3,autocommit maxTime=15000ms,autocommits=0,soft autocommits=0,optimizes=0,rollbacks=0,expungeDeletes=0,docsPending=0,adds=0,deletesById=0,deletesByQuery=0,errors=0,cumulative_adds=3,cumulative_deletesById=0,cumulative_deletesByQuery=0,cumulative_errors=0,transaction_logs_total_size=1742,transaction_logs_total_number=3}
[coreCloseExecutor-221-thread-1] INFO org.apache.solr.update.SolrCoreState - Closing SolrCoreState
[coreCloseExecutor-221-thread-1] INFO org.apache.solr.update.DefaultSolrCoreState - SolrCoreState ref count has reached 0 - closing IndexWriter
[coreCloseExecutor-221-thread-1] INFO org.apache.solr.update.DefaultSolrCoreState - closing IndexWriter with IndexWriterCloser
[coreCloseExecutor-221-thread-1] INFO org.apache.solr.update.LoggingInfoStream - [IW][coreCloseExecutor-221-thread-1]: now flush at close
[coreCloseExecutor-221-thread-1] INFO org.apache.solr.update.LoggingInfoStream - [IW][coreCloseExecutor-221-thread-1]:   start flush: applyAllDeletes=true
[coreCloseExecutor-221-thread-1] INFO org.apache.solr.update.LoggingInfoStream - [IW][coreCloseExecutor-221-thread-1]:   index before flush _2(5.5.1):C1
[coreCloseExecutor-221-thread-1] INFO org.apache.solr.update.LoggingInfoStream - [DW][coreCloseExecutor-221-thread-1]: startFullFlush
[coreCloseExecutor-221-thread-1] INFO org.apache.solr.update.LoggingInfoStream - [DW][coreCloseExecutor-221-thread-1]: coreCloseExecutor-221-thread-1 finishFullFlush success=true
[coreCloseExecutor-221-thread-1] INFO org.apache.solr.update.LoggingInfoStream - [IW][coreCloseExecutor-221-thread-1]: apply all deletes during flush
[coreCloseExecutor-221-thread-1] INFO org.apache.solr.update.LoggingInfoStream - [IW][coreCloseExecutor-221-thread-1]: now apply all deletes for all segments maxDoc=1
[coreCloseExecutor-221-thread-1] INFO org.apache.solr.update.LoggingInfoStream - [BD][coreCloseExecutor-221-thread-1]: applyDeletes: open segment readers took 0 msec
[coreCloseExecutor-221-thread-1] INFO org.apache.solr.update.LoggingInfoStream - [BD][coreCloseExecutor-221-thread-1]: applyDeletes: no segments; skipping
[coreCloseExecutor-221-thread-1] INFO org.apache.solr.update.LoggingInfoStream - [BD][coreCloseExecutor-221-thread-1]: prune sis=segments_4: _2(5.5.1):C1 minGen=12 packetCount=0
[coreCloseExecutor-221-thread-1] INFO org.apache.solr.update.LoggingInfoStream - [MS][coreCloseExecutor-221-thread-1]: updateMergeThreads ioThrottle=true targetMBPerSec=10240.0 MB/sec
[coreCloseExecutor-221-thread-1] INFO org.apache.solr.update.LoggingInfoStream - [MS][coreCloseExecutor-221-thread-1]: now merge
[coreCloseExecutor-221-thread-1] INFO org.apache.solr.update.LoggingInfoStream - [MS][coreCloseExecutor-221-thread-1]:   index: _2(5.5.1):C1
[coreCloseExecutor-221-thread-1] INFO org.apache.solr.update.LoggingInfoStream - [MS][coreCloseExecutor-221-thread-1]:   no more merges pending; now return
[coreCloseExecutor-221-thread-1] INFO org.apache.solr.update.LoggingInfoStream - [IW][coreCloseExecutor-221-thread-1]: waitForMerges
[coreCloseExecutor-221-thread-1] INFO org.apache.solr.update.LoggingInfoStream - [IW][coreCloseExecutor-221-thread-1]: waitForMerges done
[coreCloseExecutor-221-thread-1] INFO org.apache.solr.update.LoggingInfoStream - [IW][coreCloseExecutor-221-thread-1]: commit: start
[coreCloseExecutor-221-thread-1] INFO org.apache.solr.update.LoggingInfoStream - [IW][coreCloseExecutor-221-thread-1]: commit: enter lock
[coreCloseExecutor-221-thread-1] INFO org.apache.solr.update.LoggingInfoStream - [IW][coreCloseExecutor-221-thread-1]: commit: now prepare
[coreCloseExecutor-221-thread-1] INFO org.apache.solr.update.LoggingInfoStream - [IW][coreCloseExecutor-221-thread-1]: prepareCommit: flush
[coreCloseExecutor-221-thread-1] INFO org.apache.solr.update.LoggingInfoStream - [IW][coreCloseExecutor-221-thread-1]:   index before flush _2(5.5.1):C1
[coreCloseExecutor-221-thread-1] INFO org.apache.solr.update.LoggingInfoStream - [DW][coreCloseExecutor-221-thread-1]: startFullFlush
[coreCloseExecutor-221-thread-1] INFO org.apache.solr.update.LoggingInfoStream - [IW][coreCloseExecutor-221-thread-1]: apply all deletes during flush
[coreCloseExecutor-221-thread-1] INFO org.apache.solr.update.LoggingInfoStream - [IW][coreCloseExecutor-221-thread-1]: now apply all deletes for all segments maxDoc=1
[coreCloseExecutor-221-thread-1] INFO org.apache.solr.update.LoggingInfoStream - [BD][coreCloseExecutor-221-thread-1]: applyDeletes: open segment readers took 0 msec
[coreCloseExecutor-221-thread-1] INFO org.apache.solr.update.LoggingInfoStream - [BD][coreCloseExecutor-221-thread-1]: applyDeletes: no segments; skipping
[coreCloseExecutor-221-thread-1] INFO org.apache.solr.update.LoggingInfoStream - [BD][coreCloseExecutor-221-thread-1]: prune sis=segments_4: _2(5.5.1):C1 minGen=12 packetCount=0
[coreCloseExecutor-221-thread-1] INFO org.apache.solr.update.LoggingInfoStream - [DW][coreCloseExecutor-221-thread-1]: coreCloseExecutor-221-thread-1 finishFullFlush success=true
[coreCloseExecutor-221-thread-1] INFO org.apache.solr.update.LoggingInfoStream - [IW][coreCloseExecutor-221-thread-1]: startCommit(): start
[coreCloseExecutor-221-thread-1] INFO org.apache.solr.update.LoggingInfoStream - [IW][coreCloseExecutor-221-thread-1]:   skip startCommit(): no changes pending
[coreCloseExecutor-221-thread-1] INFO org.apache.solr.update.LoggingInfoStream - [IW][coreCloseExecutor-221-thread-1]: commit: pendingCommit == null; skip
[coreCloseExecutor-221-thread-1] INFO org.apache.solr.update.LoggingInfoStream - [IW][coreCloseExecutor-221-thread-1]: commit: took 1.1 msec
[coreCloseExecutor-221-thread-1] INFO org.apache.solr.update.LoggingInfoStream - [IW][coreCloseExecutor-221-thread-1]: commit: done
[coreCloseExecutor-221-thread-1] INFO org.apache.solr.update.LoggingInfoStream - [IW][coreCloseExecutor-221-thread-1]: rollback
[coreCloseExecutor-221-thread-1] INFO org.apache.solr.update.LoggingInfoStream - [IW][coreCloseExecutor-221-thread-1]: all running merges have aborted
[coreCloseExecutor-221-thread-1] INFO org.apache.solr.update.LoggingInfoStream - [IW][coreCloseExecutor-221-thread-1]: rollback: done finish merges
[coreCloseExecutor-221-thread-1] INFO org.apache.solr.update.LoggingInfoStream - [DW][coreCloseExecutor-221-thread-1]: abort
[coreCloseExecutor-221-thread-1] INFO org.apache.solr.update.LoggingInfoStream - [DW][coreCloseExecutor-221-thread-1]: done abort success=true
[coreCloseExecutor-221-thread-1] INFO org.apache.solr.update.LoggingInfoStream - [IW][coreCloseExecutor-221-thread-1]: rollback: infos=_2(5.5.1):C1
[coreCloseExecutor-221-thread-1] INFO org.apache.solr.update.LoggingInfoStream - [IFD][coreCloseExecutor-221-thread-1]: now checkpoint "_2(5.5.1):C1" [1 segments ; isCommit = false]
[coreCloseExecutor-221-thread-1] INFO org.apache.solr.update.LoggingInfoStream - [IFD][coreCloseExecutor-221-thread-1]: 0 msec to checkpoint
[coreCloseExecutor-221-thread-1] INFO org.apache.solr.core.SolrCore - [core] Closing main searcher on request.
[coreCloseExecutor-221-thread-1] INFO org.apache.solr.core.CachingDirectoryFactory - Closing NRTCachingDirectoryFactory - 2 directories currently being tracked
[coreCloseExecutor-221-thread-1] INFO org.apache.solr.core.CachingDirectoryFactory - looking to close /tmp/solr-home2277198433460818610/core/data [CachedDir<<refCount=0;path=/tmp/solr-home2277198433460818610/core/data;done=false>>]
[coreCloseExecutor-221-thread-1] INFO org.apache.solr.core.CachingDirectoryFactory - Closing directory: /tmp/solr-home2277198433460818610/core/data
[coreCloseExecutor-221-thread-1] INFO org.apache.solr.core.CachingDirectoryFactory - looking to close /tmp/solr-home2277198433460818610/core/data/index [CachedDir<<refCount=0;path=/tmp/solr-home2277198433460818610/core/data/index;done=false>>]
[coreCloseExecutor-221-thread-1] INFO org.apache.solr.core.CachingDirectoryFactory - Closing directory: /tmp/solr-home2277198433460818610/core/data/index
[Test worker] INFO com.rbmhtechnology.vind.solr.SolrSearchServer - No server provider of type class com.rbmhtechnology.vind.solr.EmbeddedSolrServerProvider found in classpath for server com.rbmhtechnology.vind.solr.SolrSearchServer
[Test worker] INFO com.rbmhtechnology.vind.solr.SolrSearchServer - No server provider of type class com.rbmhtechnology.vind.solr.EmbeddedSolrServerProvider found in classpath for server com.rbmhtechnology.vind.solr.SolrSearchServer
[Test worker] INFO org.apache.solr.core.SolrResourceLoader - new SolrResourceLoader for directory: '/tmp/solr-home1307053272963271122'
[Test worker] INFO org.apache.solr.core.SolrResourceLoader - JNDI not configured for solr (NoInitialContextEx)
[Test worker] INFO org.apache.solr.core.SolrResourceLoader - solr home defaulted to 'solr/' (could not find system property or JNDI)
[Test worker] INFO org.apache.solr.core.SolrXmlConfig - Loading container configuration from /tmp/solr-home1307053272963271122/solr.xml
[Test worker] INFO org.apache.solr.core.CorePropertiesLocator - Config-defined core root directory: /tmp/solr-home1307053272963271122
[Test worker] INFO org.apache.solr.core.CoreContainer - New CoreContainer 1355483208
[Test worker] INFO org.apache.solr.core.CoreContainer - Loading cores into CoreContainer [instanceDir=/tmp/solr-home1307053272963271122]
[Test worker] WARN org.apache.solr.core.CoreContainer - Couldn't add files from /tmp/solr-home1307053272963271122/lib to classpath: /tmp/solr-home1307053272963271122/lib
[Test worker] INFO org.apache.solr.handler.component.HttpShardHandlerFactory - created with socketTimeout : 120000,connTimeout : 15000,maxConnectionsPerHost : 20,maxConnections : 10000,corePoolSize : 0,maximumPoolSize : 2147483647,maxThreadIdleTime : 5,sizeOfQueue : -1,fairnessPolicy : false,useRetries : false,
[Test worker] INFO org.apache.solr.update.UpdateShardHandler - Creating UpdateShardHandler HTTP client with params: socketTimeout=600000&connTimeout=60000&retry=true
[Test worker] INFO org.apache.solr.logging.LogWatcher - SLF4J impl is org.slf4j.impl.SimpleLoggerFactory
[Test worker] INFO org.apache.solr.logging.LogWatcher - No LogWatcher configured
[Test worker] INFO org.apache.solr.core.CoreContainer - Security conf doesn't exist. Skipping setup for authorization module.
[Test worker] INFO org.apache.solr.core.CoreContainer - No authentication plugin used.
[Test worker] INFO org.apache.solr.core.CorePropertiesLocator - Looking for core definitions underneath /tmp/solr-home1307053272963271122
[Test worker] INFO org.apache.solr.core.CoreDescriptor - Created CoreDescriptor: {runtimeLib=false, name=core, config=solrconfig.xml, loadOnStartup=true, schema=schema.xml, configSetProperties=configsetprops.json, transient=false, dataDir=data/}
[Test worker] INFO org.apache.solr.core.CorePropertiesLocator - Found core core in /tmp/solr-home1307053272963271122/core
[Test worker] INFO org.apache.solr.core.CorePropertiesLocator - Found 1 core definitions
[coreLoadExecutor-228-thread-1] INFO org.apache.solr.core.SolrResourceLoader - new SolrResourceLoader for directory: '/tmp/solr-home1307053272963271122/core'
[coreLoadExecutor-228-thread-1] INFO org.apache.solr.core.SolrResourceLoader - JNDI not configured for solr (NoInitialContextEx)
[coreLoadExecutor-228-thread-1] INFO org.apache.solr.core.SolrResourceLoader - solr home defaulted to 'solr/' (could not find system property or JNDI)
[coreLoadExecutor-228-thread-1] INFO org.apache.solr.core.SolrResourceLoader - Adding 'file:/tmp/solr-home1307053272963271122/core/lib/marker-search-handler-0.3.0.jar' to classloader
[coreLoadExecutor-228-thread-1] INFO org.apache.solr.core.SolrResourceLoader - Adding 'file:/tmp/solr-home1307053272963271122/core/lib/suggestion-request-handler-2.1.0.jar' to classloader
[coreLoadExecutor-228-thread-1] INFO org.apache.solr.core.SolrConfig - current version of requestparams : -1
[coreLoadExecutor-228-thread-1] INFO org.apache.solr.update.SolrIndexConfig - IndexWriter infoStream solr logging is enabled
[coreLoadExecutor-228-thread-1] INFO org.apache.solr.core.SolrConfig - Using Lucene MatchVersion: 5.5.0
[coreLoadExecutor-228-thread-1] INFO org.apache.solr.core.SolrConfig - Loaded SolrConfig: solrconfig.xml
[coreLoadExecutor-228-thread-1] INFO org.apache.solr.schema.ManagedIndexSchemaFactory - The schema is configured as managed, but managed schema resource managed-schema not found - loading non-managed schema schema.xml instead
[coreLoadExecutor-228-thread-1] INFO org.apache.solr.schema.IndexSchema - [core] Schema name=basic search lib core
[coreLoadExecutor-228-thread-1] INFO org.apache.solr.schema.IndexSchema - unique key field: _id_
[coreLoadExecutor-228-thread-1] INFO org.apache.solr.schema.ManagedIndexSchema - Upgraded to managed schema at /tmp/solr-home1307053272963271122/core/conf/managed-schema
[coreLoadExecutor-228-thread-1] INFO org.apache.solr.schema.ManagedIndexSchemaFactory - After upgrading to managed schema, renamed the non-managed schema /tmp/solr-home1307053272963271122/core/conf/schema.xml to /tmp/solr-home1307053272963271122/core/conf/schema.xml.bak
[coreLoadExecutor-228-thread-1] INFO org.apache.solr.core.ConfigSetProperties - Did not find ConfigSet properties, assuming default properties: Can't find resource 'configsetprops.json' in classpath or '/tmp/solr-home1307053272963271122/core'
[coreLoadExecutor-228-thread-1] INFO org.apache.solr.core.CoreContainer - Creating SolrCore 'core' using configuration from instancedir /tmp/solr-home1307053272963271122/core
[coreLoadExecutor-228-thread-1] INFO org.apache.solr.core.SolrCore - solr.NRTCachingDirectoryFactory
[coreLoadExecutor-228-thread-1] INFO org.apache.solr.core.SolrCore - [[core] ] Opening new SolrCore at [/tmp/solr-home1307053272963271122/core], dataDir=[/tmp/solr-home1307053272963271122/core/data/]
[coreLoadExecutor-228-thread-1] INFO org.apache.solr.core.JmxMonitoredMap - No JMX servers found, not exposing Solr information with JMX.
[coreLoadExecutor-228-thread-1] INFO org.apache.solr.core.SchemaCodecFactory - Using default compressionMode: BEST_SPEED
[coreLoadExecutor-228-thread-1] INFO org.apache.solr.core.CachingDirectoryFactory - return new directory for /tmp/solr-home1307053272963271122/core/data
[coreLoadExecutor-228-thread-1] INFO org.apache.solr.core.SolrCore - New index directory detected: old=null new=/tmp/solr-home1307053272963271122/core/data/index/
[coreLoadExecutor-228-thread-1] WARN org.apache.solr.core.SolrCore - [core] Solr index directory '/tmp/solr-home1307053272963271122/core/data/index' doesn't exist. Creating new index...
[coreLoadExecutor-228-thread-1] INFO org.apache.solr.core.CachingDirectoryFactory - return new directory for /tmp/solr-home1307053272963271122/core/data/index
[coreLoadExecutor-228-thread-1] INFO org.apache.solr.update.LoggingInfoStream - [IFD][coreLoadExecutor-228-thread-1]: init: current segments file is "segments"; deletionPolicy=org.apache.solr.core.IndexDeletionPolicyWrapper@158cc6bd
[coreLoadExecutor-228-thread-1] INFO org.apache.solr.update.LoggingInfoStream - [IFD][coreLoadExecutor-228-thread-1]: now checkpoint "" [0 segments ; isCommit = false]
[coreLoadExecutor-228-thread-1] INFO org.apache.solr.update.LoggingInfoStream - [IFD][coreLoadExecutor-228-thread-1]: 0 msec to checkpoint
[coreLoadExecutor-228-thread-1] INFO org.apache.solr.update.LoggingInfoStream - [IW][coreLoadExecutor-228-thread-1]: init: create=true
[coreLoadExecutor-228-thread-1] INFO org.apache.solr.update.LoggingInfoStream - [IW][coreLoadExecutor-228-thread-1]: 
dir=NRTCachingDirectory(MMapDirectory@/tmp/solr-home1307053272963271122/core/data/index lockFactory=org.apache.lucene.store.NativeFSLockFactory@2c3d74f6; maxCacheMB=48.0 maxMergeSizeMB=4.0)
index=
version=5.5.1
analyzer=org.apache.solr.update.SolrIndexConfig$DelayedSchemaAnalyzer
ramBufferSizeMB=100.0
maxBufferedDocs=-1
maxBufferedDeleteTerms=-1
mergedSegmentWarmer=null
delPolicy=org.apache.solr.core.IndexDeletionPolicyWrapper
commit=null
openMode=CREATE
similarity=org.apache.lucene.search.similarities.ClassicSimilarity
mergeScheduler=ConcurrentMergeScheduler: maxThreadCount=-1, maxMergeCount=-1, ioThrottle=true
default WRITE_LOCK_TIMEOUT=0
writeLockTimeout=0
codec=Lucene54
infoStream=org.apache.solr.update.LoggingInfoStream
mergePolicy=[TieredMergePolicy: maxMergeAtOnce=10, maxMergeAtOnceExplicit=30, maxMergedSegmentMB=5120.0, floorSegmentMB=2.0, forceMergeDeletesPctAllowed=10.0, segmentsPerTier=10.0, maxCFSSegmentSizeMB=8.796093022207999E12, noCFSRatio=0.1
indexerThreadPool=org.apache.lucene.index.DocumentsWriterPerThreadPool@2f9adbeb
readerPooling=false
perThreadHardLimitMB=1945
useCompoundFile=false
commitOnClose=true
writer=org.apache.solr.update.SolrIndexWriter@1fa7080a

[coreLoadExecutor-228-thread-1] INFO org.apache.solr.update.LoggingInfoStream - [IW][coreLoadExecutor-228-thread-1]: MMapDirectory.UNMAP_SUPPORTED=true
[coreLoadExecutor-228-thread-1] INFO org.apache.solr.update.LoggingInfoStream - [IW][coreLoadExecutor-228-thread-1]: now flush at close
[coreLoadExecutor-228-thread-1] INFO org.apache.solr.update.LoggingInfoStream - [IW][coreLoadExecutor-228-thread-1]:   start flush: applyAllDeletes=true
[coreLoadExecutor-228-thread-1] INFO org.apache.solr.update.LoggingInfoStream - [IW][coreLoadExecutor-228-thread-1]:   index before flush 
[coreLoadExecutor-228-thread-1] INFO org.apache.solr.update.LoggingInfoStream - [DW][coreLoadExecutor-228-thread-1]: startFullFlush
[coreLoadExecutor-228-thread-1] INFO org.apache.solr.update.LoggingInfoStream - [DW][coreLoadExecutor-228-thread-1]: coreLoadExecutor-228-thread-1 finishFullFlush success=true
[coreLoadExecutor-228-thread-1] INFO org.apache.solr.update.LoggingInfoStream - [IW][coreLoadExecutor-228-thread-1]: apply all deletes during flush
[coreLoadExecutor-228-thread-1] INFO org.apache.solr.update.LoggingInfoStream - [IW][coreLoadExecutor-228-thread-1]: now apply all deletes for all segments maxDoc=0
[coreLoadExecutor-228-thread-1] INFO org.apache.solr.update.LoggingInfoStream - [BD][coreLoadExecutor-228-thread-1]: prune sis=segments:  minGen=9223372036854775807 packetCount=0
[coreLoadExecutor-228-thread-1] INFO org.apache.solr.update.LoggingInfoStream - [MS][coreLoadExecutor-228-thread-1]: initDynamicDefaults spins=false maxThreadCount=2 maxMergeCount=7
[coreLoadExecutor-228-thread-1] INFO org.apache.solr.update.LoggingInfoStream - [MS][coreLoadExecutor-228-thread-1]: updateMergeThreads ioThrottle=true targetMBPerSec=10240.0 MB/sec
[coreLoadExecutor-228-thread-1] INFO org.apache.solr.update.LoggingInfoStream - [MS][coreLoadExecutor-228-thread-1]: now merge
[coreLoadExecutor-228-thread-1] INFO org.apache.solr.update.LoggingInfoStream - [MS][coreLoadExecutor-228-thread-1]:   index: 
[coreLoadExecutor-228-thread-1] INFO org.apache.solr.update.LoggingInfoStream - [MS][coreLoadExecutor-228-thread-1]:   no more merges pending; now return
[coreLoadExecutor-228-thread-1] INFO org.apache.solr.update.LoggingInfoStream - [IW][coreLoadExecutor-228-thread-1]: waitForMerges
[coreLoadExecutor-228-thread-1] INFO org.apache.solr.update.LoggingInfoStream - [IW][coreLoadExecutor-228-thread-1]: waitForMerges done
[coreLoadExecutor-228-thread-1] INFO org.apache.solr.update.LoggingInfoStream - [IW][coreLoadExecutor-228-thread-1]: commit: start
[coreLoadExecutor-228-thread-1] INFO org.apache.solr.update.LoggingInfoStream - [IW][coreLoadExecutor-228-thread-1]: commit: enter lock
[coreLoadExecutor-228-thread-1] INFO org.apache.solr.update.LoggingInfoStream - [IW][coreLoadExecutor-228-thread-1]: commit: now prepare
[coreLoadExecutor-228-thread-1] INFO org.apache.solr.update.LoggingInfoStream - [IW][coreLoadExecutor-228-thread-1]: prepareCommit: flush
[coreLoadExecutor-228-thread-1] INFO org.apache.solr.update.LoggingInfoStream - [IW][coreLoadExecutor-228-thread-1]:   index before flush 
[coreLoadExecutor-228-thread-1] INFO org.apache.solr.update.LoggingInfoStream - [DW][coreLoadExecutor-228-thread-1]: startFullFlush
[coreLoadExecutor-228-thread-1] INFO org.apache.solr.update.LoggingInfoStream - [IW][coreLoadExecutor-228-thread-1]: apply all deletes during flush
[coreLoadExecutor-228-thread-1] INFO org.apache.solr.update.LoggingInfoStream - [IW][coreLoadExecutor-228-thread-1]: now apply all deletes for all segments maxDoc=0
[coreLoadExecutor-228-thread-1] INFO org.apache.solr.update.LoggingInfoStream - [BD][coreLoadExecutor-228-thread-1]: prune sis=segments:  minGen=9223372036854775807 packetCount=0
[coreLoadExecutor-228-thread-1] INFO org.apache.solr.update.LoggingInfoStream - [DW][coreLoadExecutor-228-thread-1]: coreLoadExecutor-228-thread-1 finishFullFlush success=true
[coreLoadExecutor-228-thread-1] INFO org.apache.solr.update.LoggingInfoStream - [IW][coreLoadExecutor-228-thread-1]: startCommit(): start
[coreLoadExecutor-228-thread-1] INFO org.apache.solr.update.LoggingInfoStream - [IW][coreLoadExecutor-228-thread-1]: startCommit index= changeCount=2
[coreLoadExecutor-228-thread-1] INFO org.apache.solr.update.LoggingInfoStream - [IW][coreLoadExecutor-228-thread-1]: startCommit: wrote pending segments file "pending_segments_1"
[coreLoadExecutor-228-thread-1] INFO org.apache.solr.update.LoggingInfoStream - [IW][coreLoadExecutor-228-thread-1]: done all syncs: []
[coreLoadExecutor-228-thread-1] INFO org.apache.solr.update.LoggingInfoStream - [IW][coreLoadExecutor-228-thread-1]: commit: pendingCommit != null
[coreLoadExecutor-228-thread-1] INFO org.apache.solr.update.LoggingInfoStream - [IW][coreLoadExecutor-228-thread-1]: commit: done writing segments file "segments_1"
[coreLoadExecutor-228-thread-1] INFO org.apache.solr.update.LoggingInfoStream - [IFD][coreLoadExecutor-228-thread-1]: now checkpoint "" [0 segments ; isCommit = true]
[coreLoadExecutor-228-thread-1] INFO org.apache.solr.core.SolrDeletionPolicy - SolrDeletionPolicy.onCommit: commits: num=1
	commit{dir=NRTCachingDirectory(MMapDirectory@/tmp/solr-home1307053272963271122/core/data/index lockFactory=org.apache.lucene.store.NativeFSLockFactory@2c3d74f6; maxCacheMB=48.0 maxMergeSizeMB=4.0),segFN=segments_1,generation=1}
[coreLoadExecutor-228-thread-1] INFO org.apache.solr.core.SolrDeletionPolicy - newest commit generation = 1
[coreLoadExecutor-228-thread-1] INFO org.apache.solr.update.LoggingInfoStream - [IFD][coreLoadExecutor-228-thread-1]: 0 msec to checkpoint
[coreLoadExecutor-228-thread-1] INFO org.apache.solr.update.LoggingInfoStream - [IW][coreLoadExecutor-228-thread-1]: commit: took 5.6 msec
[coreLoadExecutor-228-thread-1] INFO org.apache.solr.update.LoggingInfoStream - [IW][coreLoadExecutor-228-thread-1]: commit: done
[coreLoadExecutor-228-thread-1] INFO org.apache.solr.update.LoggingInfoStream - [IW][coreLoadExecutor-228-thread-1]: rollback
[coreLoadExecutor-228-thread-1] INFO org.apache.solr.update.LoggingInfoStream - [IW][coreLoadExecutor-228-thread-1]: all running merges have aborted
[coreLoadExecutor-228-thread-1] INFO org.apache.solr.update.LoggingInfoStream - [IW][coreLoadExecutor-228-thread-1]: rollback: done finish merges
[coreLoadExecutor-228-thread-1] INFO org.apache.solr.update.LoggingInfoStream - [DW][coreLoadExecutor-228-thread-1]: abort
[coreLoadExecutor-228-thread-1] INFO org.apache.solr.update.LoggingInfoStream - [DW][coreLoadExecutor-228-thread-1]: done abort success=true
[coreLoadExecutor-228-thread-1] INFO org.apache.solr.update.LoggingInfoStream - [IW][coreLoadExecutor-228-thread-1]: rollback: infos=
[coreLoadExecutor-228-thread-1] INFO org.apache.solr.update.LoggingInfoStream - [IFD][coreLoadExecutor-228-thread-1]: now checkpoint "" [0 segments ; isCommit = false]
[coreLoadExecutor-228-thread-1] INFO org.apache.solr.update.LoggingInfoStream - [IFD][coreLoadExecutor-228-thread-1]: 0 msec to checkpoint
[OldIndexDirectoryCleanupThreadForCore-core] INFO org.apache.solr.core.SolrCore - Looking for old index directories to cleanup for core core in /tmp/solr-home1307053272963271122/core/data/
[coreLoadExecutor-228-thread-1] INFO org.apache.solr.core.SolrCore - no updateRequestProcessorChain defined as default, creating implicit default
[coreLoadExecutor-228-thread-1] INFO org.apache.solr.handler.loader.XMLLoader - xsltCacheLifetimeSeconds=60
[coreLoadExecutor-228-thread-1] INFO org.apache.solr.handler.loader.XMLLoader - xsltCacheLifetimeSeconds=60
[coreLoadExecutor-228-thread-1] INFO org.apache.solr.handler.loader.XMLLoader - xsltCacheLifetimeSeconds=60
[coreLoadExecutor-228-thread-1] INFO org.apache.solr.handler.loader.XMLLoader - xsltCacheLifetimeSeconds=60
[coreLoadExecutor-228-thread-1] INFO org.apache.solr.core.RequestHandlers - Registered paths: /admin/mbeans,,/update/csv,/update/json/docs,/admin/luke,/select,/suggester,/admin/segments,/get,/admin/system,/replication,/admin/properties,/config,/schema,/admin/plugins,/admin/logging,/update/json,/admin/threads,/admin/ping,/update,/admin/file
[coreLoadExecutor-228-thread-1] INFO org.apache.solr.core.SolrCore - Using default statsCache cache: org.apache.solr.search.stats.LocalStatsCache
[coreLoadExecutor-228-thread-1] INFO org.apache.solr.update.UpdateHandler - Using UpdateLog implementation: org.apache.solr.update.UpdateLog
[coreLoadExecutor-228-thread-1] INFO org.apache.solr.update.UpdateLog - Initializing UpdateLog: dataDir= defaultSyncLevel=FLUSH numRecordsToKeep=100 maxNumLogsToKeep=10 numVersionBuckets=65536
[coreLoadExecutor-228-thread-1] INFO org.apache.solr.update.CommitTracker - Hard AutoCommit: if uncommited for 15000ms; 
[coreLoadExecutor-228-thread-1] INFO org.apache.solr.update.CommitTracker - Soft AutoCommit: disabled
[coreLoadExecutor-228-thread-1] INFO org.apache.solr.update.LoggingInfoStream - [IFD][coreLoadExecutor-228-thread-1]: init: current segments file is "segments_1"; deletionPolicy=org.apache.solr.core.IndexDeletionPolicyWrapper@158cc6bd
[coreLoadExecutor-228-thread-1] INFO org.apache.solr.update.LoggingInfoStream - [IFD][coreLoadExecutor-228-thread-1]: init: load commit "segments_1"
[coreLoadExecutor-228-thread-1] INFO org.apache.solr.core.SolrDeletionPolicy - SolrDeletionPolicy.onInit: commits: num=1
	commit{dir=NRTCachingDirectory(MMapDirectory@/tmp/solr-home1307053272963271122/core/data/index lockFactory=org.apache.lucene.store.NativeFSLockFactory@2c3d74f6; maxCacheMB=48.0 maxMergeSizeMB=4.0),segFN=segments_1,generation=1}
[coreLoadExecutor-228-thread-1] INFO org.apache.solr.core.SolrDeletionPolicy - newest commit generation = 1
[coreLoadExecutor-228-thread-1] INFO org.apache.solr.update.LoggingInfoStream - [IFD][coreLoadExecutor-228-thread-1]: now checkpoint "" [0 segments ; isCommit = false]
[coreLoadExecutor-228-thread-1] INFO org.apache.solr.update.LoggingInfoStream - [IFD][coreLoadExecutor-228-thread-1]: 0 msec to checkpoint
[coreLoadExecutor-228-thread-1] INFO org.apache.solr.update.LoggingInfoStream - [IW][coreLoadExecutor-228-thread-1]: init: create=false
[coreLoadExecutor-228-thread-1] INFO org.apache.solr.update.LoggingInfoStream - [IW][coreLoadExecutor-228-thread-1]: 
dir=NRTCachingDirectory(MMapDirectory@/tmp/solr-home1307053272963271122/core/data/index lockFactory=org.apache.lucene.store.NativeFSLockFactory@2c3d74f6; maxCacheMB=48.0 maxMergeSizeMB=4.0)
index=
version=5.5.1
analyzer=org.apache.solr.update.SolrIndexConfig$DelayedSchemaAnalyzer
ramBufferSizeMB=100.0
maxBufferedDocs=-1
maxBufferedDeleteTerms=-1
mergedSegmentWarmer=null
delPolicy=org.apache.solr.core.IndexDeletionPolicyWrapper
commit=null
openMode=APPEND
similarity=org.apache.lucene.search.similarities.ClassicSimilarity
mergeScheduler=ConcurrentMergeScheduler: maxThreadCount=-1, maxMergeCount=-1, ioThrottle=true
default WRITE_LOCK_TIMEOUT=0
writeLockTimeout=0
codec=Lucene54
infoStream=org.apache.solr.update.LoggingInfoStream
mergePolicy=[TieredMergePolicy: maxMergeAtOnce=10, maxMergeAtOnceExplicit=30, maxMergedSegmentMB=5120.0, floorSegmentMB=2.0, forceMergeDeletesPctAllowed=10.0, segmentsPerTier=10.0, maxCFSSegmentSizeMB=8.796093022207999E12, noCFSRatio=0.1
indexerThreadPool=org.apache.lucene.index.DocumentsWriterPerThreadPool@7b86b132
readerPooling=false
perThreadHardLimitMB=1945
useCompoundFile=false
commitOnClose=true
writer=org.apache.solr.update.SolrIndexWriter@46c97805

[coreLoadExecutor-228-thread-1] INFO org.apache.solr.update.LoggingInfoStream - [IW][coreLoadExecutor-228-thread-1]: MMapDirectory.UNMAP_SUPPORTED=true
[coreLoadExecutor-228-thread-1] INFO org.apache.solr.update.LoggingInfoStream - [IW][coreLoadExecutor-228-thread-1]: flush at getReader
[coreLoadExecutor-228-thread-1] INFO org.apache.solr.update.LoggingInfoStream - [DW][coreLoadExecutor-228-thread-1]: startFullFlush
[coreLoadExecutor-228-thread-1] INFO org.apache.solr.update.LoggingInfoStream - [IW][coreLoadExecutor-228-thread-1]: apply all deletes during flush
[coreLoadExecutor-228-thread-1] INFO org.apache.solr.update.LoggingInfoStream - [IW][coreLoadExecutor-228-thread-1]: now apply all deletes for all segments maxDoc=0
[coreLoadExecutor-228-thread-1] INFO org.apache.solr.update.LoggingInfoStream - [BD][coreLoadExecutor-228-thread-1]: prune sis=segments_1:  minGen=9223372036854775807 packetCount=0
[coreLoadExecutor-228-thread-1] INFO org.apache.solr.update.LoggingInfoStream - [IW][coreLoadExecutor-228-thread-1]: incRefDeleter for NRT reader version=2 segments=
[coreLoadExecutor-228-thread-1] INFO org.apache.solr.update.LoggingInfoStream - [IW][coreLoadExecutor-228-thread-1]: return reader version=2 reader=StandardDirectoryReader(segments_1:2:nrt)
[coreLoadExecutor-228-thread-1] INFO org.apache.solr.update.LoggingInfoStream - [DW][coreLoadExecutor-228-thread-1]: coreLoadExecutor-228-thread-1 finishFullFlush success=true
[coreLoadExecutor-228-thread-1] INFO org.apache.solr.update.LoggingInfoStream - [IW][coreLoadExecutor-228-thread-1]: getReader took 1 msec
[coreLoadExecutor-228-thread-1] INFO org.apache.solr.search.SolrIndexSearcher - Opening Searcher@3ebe3600[core] main
[coreLoadExecutor-228-thread-1] INFO org.apache.solr.rest.ManagedResourceStorage - File-based storage initialized to use dir: /tmp/solr-home1307053272963271122/core/conf
[coreLoadExecutor-228-thread-1] INFO org.apache.solr.rest.RestManager - Initializing RestManager with initArgs: {storageDir=/tmp/solr-home1307053272963271122/core/conf}
[coreLoadExecutor-228-thread-1] INFO org.apache.solr.rest.ManagedResourceStorage - Reading _rest_managed.json using file:dir=/tmp/solr-home1307053272963271122/core/conf
[coreLoadExecutor-228-thread-1] INFO org.apache.solr.rest.RestManager - Initializing 0 registered ManagedResources
[coreLoadExecutor-228-thread-1] INFO org.apache.solr.handler.component.SpellCheckComponent - Initializing spell checkers
[coreLoadExecutor-228-thread-1] INFO org.apache.solr.handler.component.SpellCheckComponent - Registering newSearcher listener for spellchecker: default
[coreLoadExecutor-228-thread-1] INFO org.apache.solr.handler.component.SpellCheckComponent - No queryConverter defined, using default converter
[coreLoadExecutor-228-thread-1] INFO org.apache.solr.handler.ReplicationHandler - Commits will be reserved for  10000
[coreLoadExecutor-228-thread-1] INFO org.apache.solr.update.UpdateLog - Looking up max value of version field to seed version buckets
[coreLoadExecutor-228-thread-1] INFO org.apache.solr.update.VersionInfo - Refreshing highest value of _version_ for 65536 version buckets from index
[coreLoadExecutor-228-thread-1] INFO org.apache.solr.update.VersionInfo - No terms found for _version_, cannot seed version bucket highest value from index
[coreLoadExecutor-228-thread-1] INFO org.apache.solr.update.UpdateLog - Could not find max version in index or recent updates, using new clock 1576087835636662272
[searcherExecutor-229-thread-1] INFO org.apache.solr.handler.component.SpellCheckComponent - Loading spell index for spellchecker: default
[searcherExecutor-229-thread-1] INFO org.apache.solr.core.SolrCore - [core] Registered new searcher Searcher@3ebe3600[core] main{ExitableDirectoryReader(UninvertingDirectoryReader())}
[coreLoadExecutor-228-thread-1] INFO org.apache.solr.update.UpdateLog - Took 0.0ms to seed version buckets with highest version 1576087835636662272
[coreLoadExecutor-228-thread-1] INFO org.apache.solr.core.CoreContainer - registering core: core
[Test worker] INFO org.apache.solr.core.SolrCore.Request - [core]  webapp=null path=/admin/ping params={} hits=0 status=0 QTime=0
[Test worker] INFO org.apache.solr.core.SolrCore.Request - [core]  webapp=null path=/admin/ping params={} status=0 QTime=0
[Test worker] INFO com.rbmhtechnology.vind.solr.SolrSearchServer - Connection to solr server successful
[Test worker] INFO org.apache.solr.core.SolrCore.Request - [core]  webapp=null path=/schema params={} status=0 QTime=0
[Test worker] INFO com.rbmhtechnology.vind.solr.SolrSearchServer - No server provider of type class com.rbmhtechnology.vind.solr.EmbeddedSolrServerProvider found in classpath for server com.rbmhtechnology.vind.solr.SolrSearchServer
[Test worker] INFO com.rbmhtechnology.vind.solr.SolrSearchServer - No server provider of type class com.rbmhtechnology.vind.solr.EmbeddedSolrServerProvider found in classpath for server com.rbmhtechnology.vind.solr.SolrSearchServer
[Test worker] INFO com.rbmhtechnology.vind.solr.SolrSearchServer - No server provider of type class com.rbmhtechnology.vind.solr.EmbeddedSolrServerProvider found in classpath for server com.rbmhtechnology.vind.solr.SolrSearchServer
[Test worker] INFO org.apache.solr.core.SolrResourceLoader - new SolrResourceLoader for directory: '/tmp/solr-home8536865674584996397'
[Test worker] INFO org.apache.solr.core.SolrResourceLoader - JNDI not configured for solr (NoInitialContextEx)
[Test worker] INFO org.apache.solr.core.SolrResourceLoader - solr home defaulted to 'solr/' (could not find system property or JNDI)
[Test worker] INFO org.apache.solr.core.SolrXmlConfig - Loading container configuration from /tmp/solr-home8536865674584996397/solr.xml
[Test worker] INFO org.apache.solr.core.CorePropertiesLocator - Config-defined core root directory: /tmp/solr-home8536865674584996397
[Test worker] INFO org.apache.solr.core.CoreContainer - New CoreContainer 1851201536
[Test worker] INFO org.apache.solr.core.CoreContainer - Loading cores into CoreContainer [instanceDir=/tmp/solr-home8536865674584996397]
[Test worker] WARN org.apache.solr.core.CoreContainer - Couldn't add files from /tmp/solr-home8536865674584996397/lib to classpath: /tmp/solr-home8536865674584996397/lib
[Test worker] INFO org.apache.solr.handler.component.HttpShardHandlerFactory - created with socketTimeout : 120000,connTimeout : 15000,maxConnectionsPerHost : 20,maxConnections : 10000,corePoolSize : 0,maximumPoolSize : 2147483647,maxThreadIdleTime : 5,sizeOfQueue : -1,fairnessPolicy : false,useRetries : false,
[Test worker] INFO org.apache.solr.update.UpdateShardHandler - Creating UpdateShardHandler HTTP client with params: socketTimeout=600000&connTimeout=60000&retry=true
[Test worker] INFO org.apache.solr.logging.LogWatcher - SLF4J impl is org.slf4j.impl.SimpleLoggerFactory
[Test worker] INFO org.apache.solr.logging.LogWatcher - No LogWatcher configured
[Test worker] INFO org.apache.solr.core.CoreContainer - Security conf doesn't exist. Skipping setup for authorization module.
[Test worker] INFO org.apache.solr.core.CoreContainer - No authentication plugin used.
[Test worker] INFO org.apache.solr.core.CorePropertiesLocator - Looking for core definitions underneath /tmp/solr-home8536865674584996397
[Test worker] INFO org.apache.solr.core.CoreDescriptor - Created CoreDescriptor: {runtimeLib=false, name=core, config=solrconfig.xml, loadOnStartup=true, schema=schema.xml, configSetProperties=configsetprops.json, transient=false, dataDir=data/}
[Test worker] INFO org.apache.solr.core.CorePropertiesLocator - Found core core in /tmp/solr-home8536865674584996397/core
[Test worker] INFO org.apache.solr.core.CorePropertiesLocator - Found 1 core definitions
[coreLoadExecutor-239-thread-1] INFO org.apache.solr.core.SolrResourceLoader - new SolrResourceLoader for directory: '/tmp/solr-home8536865674584996397/core'
[coreLoadExecutor-239-thread-1] INFO org.apache.solr.core.SolrResourceLoader - JNDI not configured for solr (NoInitialContextEx)
[coreLoadExecutor-239-thread-1] INFO org.apache.solr.core.SolrResourceLoader - solr home defaulted to 'solr/' (could not find system property or JNDI)
[coreLoadExecutor-239-thread-1] INFO org.apache.solr.core.SolrResourceLoader - Adding 'file:/tmp/solr-home8536865674584996397/core/lib/marker-search-handler-0.3.0.jar' to classloader
[coreLoadExecutor-239-thread-1] INFO org.apache.solr.core.SolrResourceLoader - Adding 'file:/tmp/solr-home8536865674584996397/core/lib/suggestion-request-handler-2.1.0.jar' to classloader
[coreLoadExecutor-239-thread-1] INFO org.apache.solr.core.SolrConfig - current version of requestparams : -1
[coreLoadExecutor-239-thread-1] INFO org.apache.solr.update.SolrIndexConfig - IndexWriter infoStream solr logging is enabled
[coreLoadExecutor-239-thread-1] INFO org.apache.solr.core.SolrConfig - Using Lucene MatchVersion: 5.5.0
[coreLoadExecutor-239-thread-1] INFO org.apache.solr.core.SolrConfig - Loaded SolrConfig: solrconfig.xml
[coreLoadExecutor-239-thread-1] INFO org.apache.solr.schema.ManagedIndexSchemaFactory - The schema is configured as managed, but managed schema resource managed-schema not found - loading non-managed schema schema.xml instead
[coreLoadExecutor-239-thread-1] INFO org.apache.solr.schema.IndexSchema - [core] Schema name=basic search lib core
[coreLoadExecutor-239-thread-1] INFO org.apache.solr.schema.IndexSchema - unique key field: _id_
[coreLoadExecutor-239-thread-1] INFO org.apache.solr.schema.ManagedIndexSchema - Upgraded to managed schema at /tmp/solr-home8536865674584996397/core/conf/managed-schema
[coreLoadExecutor-239-thread-1] INFO org.apache.solr.schema.ManagedIndexSchemaFactory - After upgrading to managed schema, renamed the non-managed schema /tmp/solr-home8536865674584996397/core/conf/schema.xml to /tmp/solr-home8536865674584996397/core/conf/schema.xml.bak
[coreLoadExecutor-239-thread-1] INFO org.apache.solr.core.ConfigSetProperties - Did not find ConfigSet properties, assuming default properties: Can't find resource 'configsetprops.json' in classpath or '/tmp/solr-home8536865674584996397/core'
[coreLoadExecutor-239-thread-1] INFO org.apache.solr.core.CoreContainer - Creating SolrCore 'core' using configuration from instancedir /tmp/solr-home8536865674584996397/core
[coreLoadExecutor-239-thread-1] INFO org.apache.solr.core.SolrCore - solr.NRTCachingDirectoryFactory
[coreLoadExecutor-239-thread-1] INFO org.apache.solr.core.SolrCore - [[core] ] Opening new SolrCore at [/tmp/solr-home8536865674584996397/core], dataDir=[/tmp/solr-home8536865674584996397/core/data/]
[coreLoadExecutor-239-thread-1] INFO org.apache.solr.core.JmxMonitoredMap - No JMX servers found, not exposing Solr information with JMX.
[coreLoadExecutor-239-thread-1] INFO org.apache.solr.core.SchemaCodecFactory - Using default compressionMode: BEST_SPEED
[coreLoadExecutor-239-thread-1] INFO org.apache.solr.core.CachingDirectoryFactory - return new directory for /tmp/solr-home8536865674584996397/core/data
[coreLoadExecutor-239-thread-1] INFO org.apache.solr.core.SolrCore - New index directory detected: old=null new=/tmp/solr-home8536865674584996397/core/data/index/
[coreLoadExecutor-239-thread-1] WARN org.apache.solr.core.SolrCore - [core] Solr index directory '/tmp/solr-home8536865674584996397/core/data/index' doesn't exist. Creating new index...
[coreLoadExecutor-239-thread-1] INFO org.apache.solr.core.CachingDirectoryFactory - return new directory for /tmp/solr-home8536865674584996397/core/data/index
[coreLoadExecutor-239-thread-1] INFO org.apache.solr.update.LoggingInfoStream - [IFD][coreLoadExecutor-239-thread-1]: init: current segments file is "segments"; deletionPolicy=org.apache.solr.core.IndexDeletionPolicyWrapper@4617d98f
[coreLoadExecutor-239-thread-1] INFO org.apache.solr.update.LoggingInfoStream - [IFD][coreLoadExecutor-239-thread-1]: now checkpoint "" [0 segments ; isCommit = false]
[coreLoadExecutor-239-thread-1] INFO org.apache.solr.update.LoggingInfoStream - [IFD][coreLoadExecutor-239-thread-1]: 0 msec to checkpoint
[coreLoadExecutor-239-thread-1] INFO org.apache.solr.update.LoggingInfoStream - [IW][coreLoadExecutor-239-thread-1]: init: create=true
[coreLoadExecutor-239-thread-1] INFO org.apache.solr.update.LoggingInfoStream - [IW][coreLoadExecutor-239-thread-1]: 
dir=NRTCachingDirectory(MMapDirectory@/tmp/solr-home8536865674584996397/core/data/index lockFactory=org.apache.lucene.store.NativeFSLockFactory@2c3d74f6; maxCacheMB=48.0 maxMergeSizeMB=4.0)
index=
version=5.5.1
analyzer=org.apache.solr.update.SolrIndexConfig$DelayedSchemaAnalyzer
ramBufferSizeMB=100.0
maxBufferedDocs=-1
maxBufferedDeleteTerms=-1
mergedSegmentWarmer=null
delPolicy=org.apache.solr.core.IndexDeletionPolicyWrapper
commit=null
openMode=CREATE
similarity=org.apache.lucene.search.similarities.ClassicSimilarity
mergeScheduler=ConcurrentMergeScheduler: maxThreadCount=-1, maxMergeCount=-1, ioThrottle=true
default WRITE_LOCK_TIMEOUT=0
writeLockTimeout=0
codec=Lucene54
infoStream=org.apache.solr.update.LoggingInfoStream
mergePolicy=[TieredMergePolicy: maxMergeAtOnce=10, maxMergeAtOnceExplicit=30, maxMergedSegmentMB=5120.0, floorSegmentMB=2.0, forceMergeDeletesPctAllowed=10.0, segmentsPerTier=10.0, maxCFSSegmentSizeMB=8.796093022207999E12, noCFSRatio=0.1
indexerThreadPool=org.apache.lucene.index.DocumentsWriterPerThreadPool@1d92cce6
readerPooling=false
perThreadHardLimitMB=1945
useCompoundFile=false
commitOnClose=true
writer=org.apache.solr.update.SolrIndexWriter@4deab62e

[coreLoadExecutor-239-thread-1] INFO org.apache.solr.update.LoggingInfoStream - [IW][coreLoadExecutor-239-thread-1]: MMapDirectory.UNMAP_SUPPORTED=true
[coreLoadExecutor-239-thread-1] INFO org.apache.solr.update.LoggingInfoStream - [IW][coreLoadExecutor-239-thread-1]: now flush at close
[coreLoadExecutor-239-thread-1] INFO org.apache.solr.update.LoggingInfoStream - [IW][coreLoadExecutor-239-thread-1]:   start flush: applyAllDeletes=true
[coreLoadExecutor-239-thread-1] INFO org.apache.solr.update.LoggingInfoStream - [IW][coreLoadExecutor-239-thread-1]:   index before flush 
[coreLoadExecutor-239-thread-1] INFO org.apache.solr.update.LoggingInfoStream - [DW][coreLoadExecutor-239-thread-1]: startFullFlush
[coreLoadExecutor-239-thread-1] INFO org.apache.solr.update.LoggingInfoStream - [DW][coreLoadExecutor-239-thread-1]: coreLoadExecutor-239-thread-1 finishFullFlush success=true
[coreLoadExecutor-239-thread-1] INFO org.apache.solr.update.LoggingInfoStream - [IW][coreLoadExecutor-239-thread-1]: apply all deletes during flush
[coreLoadExecutor-239-thread-1] INFO org.apache.solr.update.LoggingInfoStream - [IW][coreLoadExecutor-239-thread-1]: now apply all deletes for all segments maxDoc=0
[coreLoadExecutor-239-thread-1] INFO org.apache.solr.update.LoggingInfoStream - [BD][coreLoadExecutor-239-thread-1]: prune sis=segments:  minGen=9223372036854775807 packetCount=0
[coreLoadExecutor-239-thread-1] INFO org.apache.solr.update.LoggingInfoStream - [MS][coreLoadExecutor-239-thread-1]: initDynamicDefaults spins=false maxThreadCount=2 maxMergeCount=7
[coreLoadExecutor-239-thread-1] INFO org.apache.solr.update.LoggingInfoStream - [MS][coreLoadExecutor-239-thread-1]: updateMergeThreads ioThrottle=true targetMBPerSec=10240.0 MB/sec
[coreLoadExecutor-239-thread-1] INFO org.apache.solr.update.LoggingInfoStream - [MS][coreLoadExecutor-239-thread-1]: now merge
[coreLoadExecutor-239-thread-1] INFO org.apache.solr.update.LoggingInfoStream - [MS][coreLoadExecutor-239-thread-1]:   index: 
[coreLoadExecutor-239-thread-1] INFO org.apache.solr.update.LoggingInfoStream - [MS][coreLoadExecutor-239-thread-1]:   no more merges pending; now return
[coreLoadExecutor-239-thread-1] INFO org.apache.solr.update.LoggingInfoStream - [IW][coreLoadExecutor-239-thread-1]: waitForMerges
[coreLoadExecutor-239-thread-1] INFO org.apache.solr.update.LoggingInfoStream - [IW][coreLoadExecutor-239-thread-1]: waitForMerges done
[coreLoadExecutor-239-thread-1] INFO org.apache.solr.update.LoggingInfoStream - [IW][coreLoadExecutor-239-thread-1]: commit: start
[coreLoadExecutor-239-thread-1] INFO org.apache.solr.update.LoggingInfoStream - [IW][coreLoadExecutor-239-thread-1]: commit: enter lock
[coreLoadExecutor-239-thread-1] INFO org.apache.solr.update.LoggingInfoStream - [IW][coreLoadExecutor-239-thread-1]: commit: now prepare
[coreLoadExecutor-239-thread-1] INFO org.apache.solr.update.LoggingInfoStream - [IW][coreLoadExecutor-239-thread-1]: prepareCommit: flush
[coreLoadExecutor-239-thread-1] INFO org.apache.solr.update.LoggingInfoStream - [IW][coreLoadExecutor-239-thread-1]:   index before flush 
[coreLoadExecutor-239-thread-1] INFO org.apache.solr.update.LoggingInfoStream - [DW][coreLoadExecutor-239-thread-1]: startFullFlush
[coreLoadExecutor-239-thread-1] INFO org.apache.solr.update.LoggingInfoStream - [IW][coreLoadExecutor-239-thread-1]: apply all deletes during flush
[coreLoadExecutor-239-thread-1] INFO org.apache.solr.update.LoggingInfoStream - [IW][coreLoadExecutor-239-thread-1]: now apply all deletes for all segments maxDoc=0
[coreLoadExecutor-239-thread-1] INFO org.apache.solr.update.LoggingInfoStream - [BD][coreLoadExecutor-239-thread-1]: prune sis=segments:  minGen=9223372036854775807 packetCount=0
[coreLoadExecutor-239-thread-1] INFO org.apache.solr.update.LoggingInfoStream - [DW][coreLoadExecutor-239-thread-1]: coreLoadExecutor-239-thread-1 finishFullFlush success=true
[coreLoadExecutor-239-thread-1] INFO org.apache.solr.update.LoggingInfoStream - [IW][coreLoadExecutor-239-thread-1]: startCommit(): start
[coreLoadExecutor-239-thread-1] INFO org.apache.solr.update.LoggingInfoStream - [IW][coreLoadExecutor-239-thread-1]: startCommit index= changeCount=2
[coreLoadExecutor-239-thread-1] INFO org.apache.solr.update.LoggingInfoStream - [IW][coreLoadExecutor-239-thread-1]: startCommit: wrote pending segments file "pending_segments_1"
[coreLoadExecutor-239-thread-1] INFO org.apache.solr.update.LoggingInfoStream - [IW][coreLoadExecutor-239-thread-1]: done all syncs: []
[coreLoadExecutor-239-thread-1] INFO org.apache.solr.update.LoggingInfoStream - [IW][coreLoadExecutor-239-thread-1]: commit: pendingCommit != null
[coreLoadExecutor-239-thread-1] INFO org.apache.solr.update.LoggingInfoStream - [IW][coreLoadExecutor-239-thread-1]: commit: done writing segments file "segments_1"
[coreLoadExecutor-239-thread-1] INFO org.apache.solr.update.LoggingInfoStream - [IFD][coreLoadExecutor-239-thread-1]: now checkpoint "" [0 segments ; isCommit = true]
[coreLoadExecutor-239-thread-1] INFO org.apache.solr.core.SolrDeletionPolicy - SolrDeletionPolicy.onCommit: commits: num=1
	commit{dir=NRTCachingDirectory(MMapDirectory@/tmp/solr-home8536865674584996397/core/data/index lockFactory=org.apache.lucene.store.NativeFSLockFactory@2c3d74f6; maxCacheMB=48.0 maxMergeSizeMB=4.0),segFN=segments_1,generation=1}
[coreLoadExecutor-239-thread-1] INFO org.apache.solr.core.SolrDeletionPolicy - newest commit generation = 1
[coreLoadExecutor-239-thread-1] INFO org.apache.solr.update.LoggingInfoStream - [IFD][coreLoadExecutor-239-thread-1]: 0 msec to checkpoint
[coreLoadExecutor-239-thread-1] INFO org.apache.solr.update.LoggingInfoStream - [IW][coreLoadExecutor-239-thread-1]: commit: took 10.2 msec
[coreLoadExecutor-239-thread-1] INFO org.apache.solr.update.LoggingInfoStream - [IW][coreLoadExecutor-239-thread-1]: commit: done
[coreLoadExecutor-239-thread-1] INFO org.apache.solr.update.LoggingInfoStream - [IW][coreLoadExecutor-239-thread-1]: rollback
[coreLoadExecutor-239-thread-1] INFO org.apache.solr.update.LoggingInfoStream - [IW][coreLoadExecutor-239-thread-1]: all running merges have aborted
[coreLoadExecutor-239-thread-1] INFO org.apache.solr.update.LoggingInfoStream - [IW][coreLoadExecutor-239-thread-1]: rollback: done finish merges
[coreLoadExecutor-239-thread-1] INFO org.apache.solr.update.LoggingInfoStream - [DW][coreLoadExecutor-239-thread-1]: abort
[coreLoadExecutor-239-thread-1] INFO org.apache.solr.update.LoggingInfoStream - [DW][coreLoadExecutor-239-thread-1]: done abort success=true
[coreLoadExecutor-239-thread-1] INFO org.apache.solr.update.LoggingInfoStream - [IW][coreLoadExecutor-239-thread-1]: rollback: infos=
[coreLoadExecutor-239-thread-1] INFO org.apache.solr.update.LoggingInfoStream - [IFD][coreLoadExecutor-239-thread-1]: now checkpoint "" [0 segments ; isCommit = false]
[coreLoadExecutor-239-thread-1] INFO org.apache.solr.update.LoggingInfoStream - [IFD][coreLoadExecutor-239-thread-1]: 0 msec to checkpoint
[coreLoadExecutor-239-thread-1] INFO org.apache.solr.core.SolrCore - no updateRequestProcessorChain defined as default, creating implicit default
[coreLoadExecutor-239-thread-1] INFO org.apache.solr.handler.loader.XMLLoader - xsltCacheLifetimeSeconds=60
[coreLoadExecutor-239-thread-1] INFO org.apache.solr.handler.loader.XMLLoader - xsltCacheLifetimeSeconds=60
[coreLoadExecutor-239-thread-1] INFO org.apache.solr.handler.loader.XMLLoader - xsltCacheLifetimeSeconds=60
[coreLoadExecutor-239-thread-1] INFO org.apache.solr.handler.loader.XMLLoader - xsltCacheLifetimeSeconds=60
[OldIndexDirectoryCleanupThreadForCore-core] INFO org.apache.solr.core.SolrCore - Looking for old index directories to cleanup for core core in /tmp/solr-home8536865674584996397/core/data/
[coreLoadExecutor-239-thread-1] INFO org.apache.solr.core.RequestHandlers - Registered paths: /admin/mbeans,,/update/csv,/update/json/docs,/admin/luke,/select,/suggester,/admin/segments,/get,/admin/system,/replication,/admin/properties,/config,/schema,/admin/plugins,/admin/logging,/update/json,/admin/threads,/admin/ping,/update,/admin/file
[coreLoadExecutor-239-thread-1] INFO org.apache.solr.core.SolrCore - Using default statsCache cache: org.apache.solr.search.stats.LocalStatsCache
[coreLoadExecutor-239-thread-1] INFO org.apache.solr.update.UpdateHandler - Using UpdateLog implementation: org.apache.solr.update.UpdateLog
[coreLoadExecutor-239-thread-1] INFO org.apache.solr.update.UpdateLog - Initializing UpdateLog: dataDir= defaultSyncLevel=FLUSH numRecordsToKeep=100 maxNumLogsToKeep=10 numVersionBuckets=65536
[coreLoadExecutor-239-thread-1] INFO org.apache.solr.update.CommitTracker - Hard AutoCommit: if uncommited for 15000ms; 
[coreLoadExecutor-239-thread-1] INFO org.apache.solr.update.CommitTracker - Soft AutoCommit: disabled
[coreLoadExecutor-239-thread-1] INFO org.apache.solr.update.LoggingInfoStream - [IFD][coreLoadExecutor-239-thread-1]: init: current segments file is "segments_1"; deletionPolicy=org.apache.solr.core.IndexDeletionPolicyWrapper@4617d98f
[coreLoadExecutor-239-thread-1] INFO org.apache.solr.update.LoggingInfoStream - [IFD][coreLoadExecutor-239-thread-1]: init: load commit "segments_1"
[coreLoadExecutor-239-thread-1] INFO org.apache.solr.core.SolrDeletionPolicy - SolrDeletionPolicy.onInit: commits: num=1
	commit{dir=NRTCachingDirectory(MMapDirectory@/tmp/solr-home8536865674584996397/core/data/index lockFactory=org.apache.lucene.store.NativeFSLockFactory@2c3d74f6; maxCacheMB=48.0 maxMergeSizeMB=4.0),segFN=segments_1,generation=1}
[coreLoadExecutor-239-thread-1] INFO org.apache.solr.core.SolrDeletionPolicy - newest commit generation = 1
[coreLoadExecutor-239-thread-1] INFO org.apache.solr.update.LoggingInfoStream - [IFD][coreLoadExecutor-239-thread-1]: now checkpoint "" [0 segments ; isCommit = false]
[coreLoadExecutor-239-thread-1] INFO org.apache.solr.update.LoggingInfoStream - [IFD][coreLoadExecutor-239-thread-1]: 0 msec to checkpoint
[coreLoadExecutor-239-thread-1] INFO org.apache.solr.update.LoggingInfoStream - [IW][coreLoadExecutor-239-thread-1]: init: create=false
[coreLoadExecutor-239-thread-1] INFO org.apache.solr.update.LoggingInfoStream - [IW][coreLoadExecutor-239-thread-1]: 
dir=NRTCachingDirectory(MMapDirectory@/tmp/solr-home8536865674584996397/core/data/index lockFactory=org.apache.lucene.store.NativeFSLockFactory@2c3d74f6; maxCacheMB=48.0 maxMergeSizeMB=4.0)
index=
version=5.5.1
analyzer=org.apache.solr.update.SolrIndexConfig$DelayedSchemaAnalyzer
ramBufferSizeMB=100.0
maxBufferedDocs=-1
maxBufferedDeleteTerms=-1
mergedSegmentWarmer=null
delPolicy=org.apache.solr.core.IndexDeletionPolicyWrapper
commit=null
openMode=APPEND
similarity=org.apache.lucene.search.similarities.ClassicSimilarity
mergeScheduler=ConcurrentMergeScheduler: maxThreadCount=-1, maxMergeCount=-1, ioThrottle=true
default WRITE_LOCK_TIMEOUT=0
writeLockTimeout=0
codec=Lucene54
infoStream=org.apache.solr.update.LoggingInfoStream
mergePolicy=[TieredMergePolicy: maxMergeAtOnce=10, maxMergeAtOnceExplicit=30, maxMergedSegmentMB=5120.0, floorSegmentMB=2.0, forceMergeDeletesPctAllowed=10.0, segmentsPerTier=10.0, maxCFSSegmentSizeMB=8.796093022207999E12, noCFSRatio=0.1
indexerThreadPool=org.apache.lucene.index.DocumentsWriterPerThreadPool@47b3d383
readerPooling=false
perThreadHardLimitMB=1945
useCompoundFile=false
commitOnClose=true
writer=org.apache.solr.update.SolrIndexWriter@79e9043

[coreLoadExecutor-239-thread-1] INFO org.apache.solr.update.LoggingInfoStream - [IW][coreLoadExecutor-239-thread-1]: MMapDirectory.UNMAP_SUPPORTED=true
[coreLoadExecutor-239-thread-1] INFO org.apache.solr.update.LoggingInfoStream - [IW][coreLoadExecutor-239-thread-1]: flush at getReader
[coreLoadExecutor-239-thread-1] INFO org.apache.solr.update.LoggingInfoStream - [DW][coreLoadExecutor-239-thread-1]: startFullFlush
[coreLoadExecutor-239-thread-1] INFO org.apache.solr.update.LoggingInfoStream - [IW][coreLoadExecutor-239-thread-1]: apply all deletes during flush
[coreLoadExecutor-239-thread-1] INFO org.apache.solr.update.LoggingInfoStream - [IW][coreLoadExecutor-239-thread-1]: now apply all deletes for all segments maxDoc=0
[coreLoadExecutor-239-thread-1] INFO org.apache.solr.update.LoggingInfoStream - [BD][coreLoadExecutor-239-thread-1]: prune sis=segments_1:  minGen=9223372036854775807 packetCount=0
[coreLoadExecutor-239-thread-1] INFO org.apache.solr.update.LoggingInfoStream - [IW][coreLoadExecutor-239-thread-1]: incRefDeleter for NRT reader version=2 segments=
[coreLoadExecutor-239-thread-1] INFO org.apache.solr.update.LoggingInfoStream - [IW][coreLoadExecutor-239-thread-1]: return reader version=2 reader=StandardDirectoryReader(segments_1:2:nrt)
[coreLoadExecutor-239-thread-1] INFO org.apache.solr.update.LoggingInfoStream - [DW][coreLoadExecutor-239-thread-1]: coreLoadExecutor-239-thread-1 finishFullFlush success=true
[coreLoadExecutor-239-thread-1] INFO org.apache.solr.update.LoggingInfoStream - [IW][coreLoadExecutor-239-thread-1]: getReader took 0 msec
[coreLoadExecutor-239-thread-1] INFO org.apache.solr.search.SolrIndexSearcher - Opening Searcher@228c8eb9[core] main
[coreLoadExecutor-239-thread-1] INFO org.apache.solr.rest.ManagedResourceStorage - File-based storage initialized to use dir: /tmp/solr-home8536865674584996397/core/conf
[coreLoadExecutor-239-thread-1] INFO org.apache.solr.rest.RestManager - Initializing RestManager with initArgs: {storageDir=/tmp/solr-home8536865674584996397/core/conf}
[coreLoadExecutor-239-thread-1] INFO org.apache.solr.rest.ManagedResourceStorage - Reading _rest_managed.json using file:dir=/tmp/solr-home8536865674584996397/core/conf
[coreLoadExecutor-239-thread-1] INFO org.apache.solr.rest.RestManager - Initializing 0 registered ManagedResources
[coreLoadExecutor-239-thread-1] INFO org.apache.solr.handler.component.SpellCheckComponent - Initializing spell checkers
[coreLoadExecutor-239-thread-1] INFO org.apache.solr.handler.component.SpellCheckComponent - Registering newSearcher listener for spellchecker: default
[coreLoadExecutor-239-thread-1] INFO org.apache.solr.handler.component.SpellCheckComponent - No queryConverter defined, using default converter
[coreLoadExecutor-239-thread-1] INFO org.apache.solr.handler.ReplicationHandler - Commits will be reserved for  10000
[coreLoadExecutor-239-thread-1] INFO org.apache.solr.update.UpdateLog - Looking up max value of version field to seed version buckets
[coreLoadExecutor-239-thread-1] INFO org.apache.solr.update.VersionInfo - Refreshing highest value of _version_ for 65536 version buckets from index
[coreLoadExecutor-239-thread-1] INFO org.apache.solr.update.VersionInfo - No terms found for _version_, cannot seed version bucket highest value from index
[coreLoadExecutor-239-thread-1] INFO org.apache.solr.update.UpdateLog - Could not find max version in index or recent updates, using new clock 1576087835772977152
[searcherExecutor-240-thread-1] INFO org.apache.solr.handler.component.SpellCheckComponent - Loading spell index for spellchecker: default
[searcherExecutor-240-thread-1] INFO org.apache.solr.core.SolrCore - [core] Registered new searcher Searcher@228c8eb9[core] main{ExitableDirectoryReader(UninvertingDirectoryReader())}
[coreLoadExecutor-239-thread-1] INFO org.apache.solr.update.UpdateLog - Took 0.0ms to seed version buckets with highest version 1576087835772977152
[coreLoadExecutor-239-thread-1] INFO org.apache.solr.core.CoreContainer - registering core: core
[Test worker] INFO org.apache.solr.core.SolrCore.Request - [core]  webapp=null path=/admin/ping params={} hits=0 status=0 QTime=0
[Test worker] INFO org.apache.solr.core.SolrCore.Request - [core]  webapp=null path=/admin/ping params={} status=0 QTime=0
[Test worker] INFO com.rbmhtechnology.vind.solr.SolrSearchServer - Connection to solr server successful
[Test worker] INFO org.apache.solr.core.SolrCore.Request - [core]  webapp=null path=/schema params={} status=0 QTime=0
[Test worker] INFO com.rbmhtechnology.vind.solr.SolrSearchServer - No server provider of type class com.rbmhtechnology.vind.solr.EmbeddedSolrServerProvider found in classpath for server com.rbmhtechnology.vind.solr.SolrSearchServer
[Test worker] INFO com.rbmhtechnology.vind.solr.SolrSearchServer - No server provider of type class com.rbmhtechnology.vind.solr.RemoteSolrServerProvider found in classpath for server com.rbmhtechnology.vind.solr.SolrSearchServer
[Test worker] INFO com.rbmhtechnology.vind.solr.SolrSearchServer - No server provider of type class com.rbmhtechnology.vind.solr.RemoteSolrServerProvider found in classpath for server com.rbmhtechnology.vind.solr.SolrSearchServer
[Test worker] ERROR com.rbmhtechnology.vind.solr.SolrServerProvider - server.host has to be set
[Test worker] INFO org.apache.solr.core.CoreContainer - Shutting down CoreContainer instance=1355483208
[coreCloseExecutor-245-thread-1] INFO org.apache.solr.core.SolrCore - [core]  CLOSING SolrCore org.apache.solr.core.SolrCore@19a3e897
[coreCloseExecutor-245-thread-1] INFO org.apache.solr.update.DirectUpdateHandler2 - closing DirectUpdateHandler2{commits=0,autocommit maxTime=15000ms,autocommits=0,soft autocommits=0,optimizes=0,rollbacks=0,expungeDeletes=0,docsPending=0,adds=0,deletesById=0,deletesByQuery=0,errors=0,cumulative_adds=0,cumulative_deletesById=0,cumulative_deletesByQuery=0,cumulative_errors=0,transaction_logs_total_size=0,transaction_logs_total_number=0}
[coreCloseExecutor-245-thread-1] INFO org.apache.solr.update.SolrCoreState - Closing SolrCoreState
[coreCloseExecutor-245-thread-1] INFO org.apache.solr.update.DefaultSolrCoreState - SolrCoreState ref count has reached 0 - closing IndexWriter
[coreCloseExecutor-245-thread-1] INFO org.apache.solr.update.DefaultSolrCoreState - closing IndexWriter with IndexWriterCloser
[coreCloseExecutor-245-thread-1] INFO org.apache.solr.update.LoggingInfoStream - [IW][coreCloseExecutor-245-thread-1]: now flush at close
[coreCloseExecutor-245-thread-1] INFO org.apache.solr.update.LoggingInfoStream - [IW][coreCloseExecutor-245-thread-1]:   start flush: applyAllDeletes=true
[coreCloseExecutor-245-thread-1] INFO org.apache.solr.update.LoggingInfoStream - [IW][coreCloseExecutor-245-thread-1]:   index before flush 
[coreCloseExecutor-245-thread-1] INFO org.apache.solr.update.LoggingInfoStream - [DW][coreCloseExecutor-245-thread-1]: startFullFlush
[coreCloseExecutor-245-thread-1] INFO org.apache.solr.update.LoggingInfoStream - [DW][coreCloseExecutor-245-thread-1]: coreCloseExecutor-245-thread-1 finishFullFlush success=true
[coreCloseExecutor-245-thread-1] INFO org.apache.solr.update.LoggingInfoStream - [IW][coreCloseExecutor-245-thread-1]: apply all deletes during flush
[coreCloseExecutor-245-thread-1] INFO org.apache.solr.update.LoggingInfoStream - [IW][coreCloseExecutor-245-thread-1]: now apply all deletes for all segments maxDoc=0
[coreCloseExecutor-245-thread-1] INFO org.apache.solr.update.LoggingInfoStream - [BD][coreCloseExecutor-245-thread-1]: prune sis=segments_1:  minGen=9223372036854775807 packetCount=0
[coreCloseExecutor-245-thread-1] INFO org.apache.solr.update.LoggingInfoStream - [MS][coreCloseExecutor-245-thread-1]: initDynamicDefaults spins=false maxThreadCount=2 maxMergeCount=7
[coreCloseExecutor-245-thread-1] INFO org.apache.solr.update.LoggingInfoStream - [MS][coreCloseExecutor-245-thread-1]: updateMergeThreads ioThrottle=true targetMBPerSec=10240.0 MB/sec
[coreCloseExecutor-245-thread-1] INFO org.apache.solr.update.LoggingInfoStream - [MS][coreCloseExecutor-245-thread-1]: now merge
[coreCloseExecutor-245-thread-1] INFO org.apache.solr.update.LoggingInfoStream - [MS][coreCloseExecutor-245-thread-1]:   index: 
[coreCloseExecutor-245-thread-1] INFO org.apache.solr.update.LoggingInfoStream - [MS][coreCloseExecutor-245-thread-1]:   no more merges pending; now return
[coreCloseExecutor-245-thread-1] INFO org.apache.solr.update.LoggingInfoStream - [IW][coreCloseExecutor-245-thread-1]: waitForMerges
[coreCloseExecutor-245-thread-1] INFO org.apache.solr.update.LoggingInfoStream - [IW][coreCloseExecutor-245-thread-1]: waitForMerges done
[coreCloseExecutor-245-thread-1] INFO org.apache.solr.update.LoggingInfoStream - [IW][coreCloseExecutor-245-thread-1]: commit: start
[coreCloseExecutor-245-thread-1] INFO org.apache.solr.update.LoggingInfoStream - [IW][coreCloseExecutor-245-thread-1]: commit: enter lock
[coreCloseExecutor-245-thread-1] INFO org.apache.solr.update.LoggingInfoStream - [IW][coreCloseExecutor-245-thread-1]: commit: now prepare
[coreCloseExecutor-245-thread-1] INFO org.apache.solr.update.LoggingInfoStream - [IW][coreCloseExecutor-245-thread-1]: prepareCommit: flush
[coreCloseExecutor-245-thread-1] INFO org.apache.solr.update.LoggingInfoStream - [IW][coreCloseExecutor-245-thread-1]:   index before flush 
[coreCloseExecutor-245-thread-1] INFO org.apache.solr.update.LoggingInfoStream - [DW][coreCloseExecutor-245-thread-1]: startFullFlush
[coreCloseExecutor-245-thread-1] INFO org.apache.solr.update.LoggingInfoStream - [IW][coreCloseExecutor-245-thread-1]: apply all deletes during flush
[coreCloseExecutor-245-thread-1] INFO org.apache.solr.update.LoggingInfoStream - [IW][coreCloseExecutor-245-thread-1]: now apply all deletes for all segments maxDoc=0
[coreCloseExecutor-245-thread-1] INFO org.apache.solr.update.LoggingInfoStream - [BD][coreCloseExecutor-245-thread-1]: prune sis=segments_1:  minGen=9223372036854775807 packetCount=0
[coreCloseExecutor-245-thread-1] INFO org.apache.solr.update.LoggingInfoStream - [DW][coreCloseExecutor-245-thread-1]: coreCloseExecutor-245-thread-1 finishFullFlush success=true
[coreCloseExecutor-245-thread-1] INFO org.apache.solr.update.LoggingInfoStream - [IW][coreCloseExecutor-245-thread-1]: startCommit(): start
[coreCloseExecutor-245-thread-1] INFO org.apache.solr.update.LoggingInfoStream - [IW][coreCloseExecutor-245-thread-1]:   skip startCommit(): no changes pending
[coreCloseExecutor-245-thread-1] INFO org.apache.solr.update.LoggingInfoStream - [IW][coreCloseExecutor-245-thread-1]: commit: pendingCommit == null; skip
[coreCloseExecutor-245-thread-1] INFO org.apache.solr.update.LoggingInfoStream - [IW][coreCloseExecutor-245-thread-1]: commit: took 0.1 msec
[coreCloseExecutor-245-thread-1] INFO org.apache.solr.update.LoggingInfoStream - [IW][coreCloseExecutor-245-thread-1]: commit: done
[coreCloseExecutor-245-thread-1] INFO org.apache.solr.update.LoggingInfoStream - [IW][coreCloseExecutor-245-thread-1]: rollback
[coreCloseExecutor-245-thread-1] INFO org.apache.solr.update.LoggingInfoStream - [IW][coreCloseExecutor-245-thread-1]: all running merges have aborted
[coreCloseExecutor-245-thread-1] INFO org.apache.solr.update.LoggingInfoStream - [IW][coreCloseExecutor-245-thread-1]: rollback: done finish merges
[coreCloseExecutor-245-thread-1] INFO org.apache.solr.update.LoggingInfoStream - [DW][coreCloseExecutor-245-thread-1]: abort
[coreCloseExecutor-245-thread-1] INFO org.apache.solr.update.LoggingInfoStream - [DW][coreCloseExecutor-245-thread-1]: done abort success=true
[coreCloseExecutor-245-thread-1] INFO org.apache.solr.update.LoggingInfoStream - [IW][coreCloseExecutor-245-thread-1]: rollback: infos=
[coreCloseExecutor-245-thread-1] INFO org.apache.solr.update.LoggingInfoStream - [IFD][coreCloseExecutor-245-thread-1]: now checkpoint "" [0 segments ; isCommit = false]
[coreCloseExecutor-245-thread-1] INFO org.apache.solr.update.LoggingInfoStream - [IFD][coreCloseExecutor-245-thread-1]: 0 msec to checkpoint
[coreCloseExecutor-245-thread-1] INFO org.apache.solr.core.SolrCore - [core] Closing main searcher on request.
[coreCloseExecutor-245-thread-1] INFO org.apache.solr.core.CachingDirectoryFactory - Closing NRTCachingDirectoryFactory - 2 directories currently being tracked
[coreCloseExecutor-245-thread-1] INFO org.apache.solr.core.CachingDirectoryFactory - looking to close /tmp/solr-home1307053272963271122/core/data [CachedDir<<refCount=0;path=/tmp/solr-home1307053272963271122/core/data;done=false>>]
[coreCloseExecutor-245-thread-1] INFO org.apache.solr.core.CachingDirectoryFactory - Closing directory: /tmp/solr-home1307053272963271122/core/data
[coreCloseExecutor-245-thread-1] INFO org.apache.solr.core.CachingDirectoryFactory - looking to close /tmp/solr-home1307053272963271122/core/data/index [CachedDir<<refCount=0;path=/tmp/solr-home1307053272963271122/core/data/index;done=false>>]
[coreCloseExecutor-245-thread-1] INFO org.apache.solr.core.CachingDirectoryFactory - Closing directory: /tmp/solr-home1307053272963271122/core/data/index
[Test worker] INFO com.rbmhtechnology.vind.solr.SolrSearchServer - No server provider of type class com.rbmhtechnology.vind.solr.EmbeddedSolrServerProvider found in classpath for server com.rbmhtechnology.vind.solr.SolrSearchServer
[Test worker] INFO com.rbmhtechnology.vind.solr.SolrSearchServer - No server provider of type class com.rbmhtechnology.vind.solr.EmbeddedSolrServerProvider found in classpath for server com.rbmhtechnology.vind.solr.SolrSearchServer
[Test worker] INFO org.apache.solr.core.SolrResourceLoader - new SolrResourceLoader for directory: '/tmp/solr-home2909485828760575725'
[Test worker] INFO org.apache.solr.core.SolrResourceLoader - JNDI not configured for solr (NoInitialContextEx)
[Test worker] INFO org.apache.solr.core.SolrResourceLoader - solr home defaulted to 'solr/' (could not find system property or JNDI)
[Test worker] INFO org.apache.solr.core.SolrXmlConfig - Loading container configuration from /tmp/solr-home2909485828760575725/solr.xml
[Test worker] INFO org.apache.solr.core.CorePropertiesLocator - Config-defined core root directory: /tmp/solr-home2909485828760575725
[Test worker] INFO org.apache.solr.core.CoreContainer - New CoreContainer 488620946
[Test worker] INFO org.apache.solr.core.CoreContainer - Loading cores into CoreContainer [instanceDir=/tmp/solr-home2909485828760575725]
[Test worker] WARN org.apache.solr.core.CoreContainer - Couldn't add files from /tmp/solr-home2909485828760575725/lib to classpath: /tmp/solr-home2909485828760575725/lib
[Test worker] INFO org.apache.solr.handler.component.HttpShardHandlerFactory - created with socketTimeout : 120000,connTimeout : 15000,maxConnectionsPerHost : 20,maxConnections : 10000,corePoolSize : 0,maximumPoolSize : 2147483647,maxThreadIdleTime : 5,sizeOfQueue : -1,fairnessPolicy : false,useRetries : false,
[Test worker] INFO org.apache.solr.update.UpdateShardHandler - Creating UpdateShardHandler HTTP client with params: socketTimeout=600000&connTimeout=60000&retry=true
[Test worker] INFO org.apache.solr.logging.LogWatcher - SLF4J impl is org.slf4j.impl.SimpleLoggerFactory
[Test worker] INFO org.apache.solr.logging.LogWatcher - No LogWatcher configured
[Test worker] INFO org.apache.solr.core.CoreContainer - Security conf doesn't exist. Skipping setup for authorization module.
[Test worker] INFO org.apache.solr.core.CoreContainer - No authentication plugin used.
[Test worker] INFO org.apache.solr.core.CorePropertiesLocator - Looking for core definitions underneath /tmp/solr-home2909485828760575725
[Test worker] INFO org.apache.solr.core.CoreDescriptor - Created CoreDescriptor: {runtimeLib=false, name=core, config=solrconfig.xml, loadOnStartup=true, schema=schema.xml, configSetProperties=configsetprops.json, transient=false, dataDir=data/}
[Test worker] INFO org.apache.solr.core.CorePropertiesLocator - Found core core in /tmp/solr-home2909485828760575725/core
[Test worker] INFO org.apache.solr.core.CorePropertiesLocator - Found 1 core definitions
[coreLoadExecutor-252-thread-1] INFO org.apache.solr.core.SolrResourceLoader - new SolrResourceLoader for directory: '/tmp/solr-home2909485828760575725/core'
[coreLoadExecutor-252-thread-1] INFO org.apache.solr.core.SolrResourceLoader - JNDI not configured for solr (NoInitialContextEx)
[coreLoadExecutor-252-thread-1] INFO org.apache.solr.core.SolrResourceLoader - solr home defaulted to 'solr/' (could not find system property or JNDI)
[coreLoadExecutor-252-thread-1] INFO org.apache.solr.core.SolrResourceLoader - Adding 'file:/tmp/solr-home2909485828760575725/core/lib/marker-search-handler-0.3.0.jar' to classloader
[coreLoadExecutor-252-thread-1] INFO org.apache.solr.core.SolrResourceLoader - Adding 'file:/tmp/solr-home2909485828760575725/core/lib/suggestion-request-handler-2.1.0.jar' to classloader
[coreLoadExecutor-252-thread-1] INFO org.apache.solr.core.SolrConfig - current version of requestparams : -1
[coreLoadExecutor-252-thread-1] INFO org.apache.solr.update.SolrIndexConfig - IndexWriter infoStream solr logging is enabled
[coreLoadExecutor-252-thread-1] INFO org.apache.solr.core.SolrConfig - Using Lucene MatchVersion: 5.5.0
[coreLoadExecutor-252-thread-1] INFO org.apache.solr.core.SolrConfig - Loaded SolrConfig: solrconfig.xml
[coreLoadExecutor-252-thread-1] INFO org.apache.solr.schema.ManagedIndexSchemaFactory - The schema is configured as managed, but managed schema resource managed-schema not found - loading non-managed schema schema.xml instead
[coreLoadExecutor-252-thread-1] INFO org.apache.solr.schema.IndexSchema - [core] Schema name=basic search lib core
[coreLoadExecutor-252-thread-1] INFO org.apache.solr.schema.IndexSchema - unique key field: _id_
[coreLoadExecutor-252-thread-1] INFO org.apache.solr.schema.ManagedIndexSchema - Upgraded to managed schema at /tmp/solr-home2909485828760575725/core/conf/managed-schema
[coreLoadExecutor-252-thread-1] INFO org.apache.solr.schema.ManagedIndexSchemaFactory - After upgrading to managed schema, renamed the non-managed schema /tmp/solr-home2909485828760575725/core/conf/schema.xml to /tmp/solr-home2909485828760575725/core/conf/schema.xml.bak
[coreLoadExecutor-252-thread-1] INFO org.apache.solr.core.ConfigSetProperties - Did not find ConfigSet properties, assuming default properties: Can't find resource 'configsetprops.json' in classpath or '/tmp/solr-home2909485828760575725/core'
[coreLoadExecutor-252-thread-1] INFO org.apache.solr.core.CoreContainer - Creating SolrCore 'core' using configuration from instancedir /tmp/solr-home2909485828760575725/core
[coreLoadExecutor-252-thread-1] INFO org.apache.solr.core.SolrCore - solr.NRTCachingDirectoryFactory
[coreLoadExecutor-252-thread-1] INFO org.apache.solr.core.SolrCore - [[core] ] Opening new SolrCore at [/tmp/solr-home2909485828760575725/core], dataDir=[/tmp/solr-home2909485828760575725/core/data/]
[coreLoadExecutor-252-thread-1] INFO org.apache.solr.core.JmxMonitoredMap - No JMX servers found, not exposing Solr information with JMX.
[coreLoadExecutor-252-thread-1] INFO org.apache.solr.core.SchemaCodecFactory - Using default compressionMode: BEST_SPEED
[coreLoadExecutor-252-thread-1] INFO org.apache.solr.core.CachingDirectoryFactory - return new directory for /tmp/solr-home2909485828760575725/core/data
[coreLoadExecutor-252-thread-1] INFO org.apache.solr.core.SolrCore - New index directory detected: old=null new=/tmp/solr-home2909485828760575725/core/data/index/
[coreLoadExecutor-252-thread-1] WARN org.apache.solr.core.SolrCore - [core] Solr index directory '/tmp/solr-home2909485828760575725/core/data/index' doesn't exist. Creating new index...
[coreLoadExecutor-252-thread-1] INFO org.apache.solr.core.CachingDirectoryFactory - return new directory for /tmp/solr-home2909485828760575725/core/data/index
[coreLoadExecutor-252-thread-1] INFO org.apache.solr.update.LoggingInfoStream - [IFD][coreLoadExecutor-252-thread-1]: init: current segments file is "segments"; deletionPolicy=org.apache.solr.core.IndexDeletionPolicyWrapper@588cfa72
[coreLoadExecutor-252-thread-1] INFO org.apache.solr.update.LoggingInfoStream - [IFD][coreLoadExecutor-252-thread-1]: now checkpoint "" [0 segments ; isCommit = false]
[coreLoadExecutor-252-thread-1] INFO org.apache.solr.update.LoggingInfoStream - [IFD][coreLoadExecutor-252-thread-1]: 0 msec to checkpoint
[coreLoadExecutor-252-thread-1] INFO org.apache.solr.update.LoggingInfoStream - [IW][coreLoadExecutor-252-thread-1]: init: create=true
[coreLoadExecutor-252-thread-1] INFO org.apache.solr.update.LoggingInfoStream - [IW][coreLoadExecutor-252-thread-1]: 
dir=NRTCachingDirectory(MMapDirectory@/tmp/solr-home2909485828760575725/core/data/index lockFactory=org.apache.lucene.store.NativeFSLockFactory@2c3d74f6; maxCacheMB=48.0 maxMergeSizeMB=4.0)
index=
version=5.5.1
analyzer=org.apache.solr.update.SolrIndexConfig$DelayedSchemaAnalyzer
ramBufferSizeMB=100.0
maxBufferedDocs=-1
maxBufferedDeleteTerms=-1
mergedSegmentWarmer=null
delPolicy=org.apache.solr.core.IndexDeletionPolicyWrapper
commit=null
openMode=CREATE
similarity=org.apache.lucene.search.similarities.ClassicSimilarity
mergeScheduler=ConcurrentMergeScheduler: maxThreadCount=-1, maxMergeCount=-1, ioThrottle=true
default WRITE_LOCK_TIMEOUT=0
writeLockTimeout=0
codec=Lucene54
infoStream=org.apache.solr.update.LoggingInfoStream
mergePolicy=[TieredMergePolicy: maxMergeAtOnce=10, maxMergeAtOnceExplicit=30, maxMergedSegmentMB=5120.0, floorSegmentMB=2.0, forceMergeDeletesPctAllowed=10.0, segmentsPerTier=10.0, maxCFSSegmentSizeMB=8.796093022207999E12, noCFSRatio=0.1
indexerThreadPool=org.apache.lucene.index.DocumentsWriterPerThreadPool@68ad1016
readerPooling=false
perThreadHardLimitMB=1945
useCompoundFile=false
commitOnClose=true
writer=org.apache.solr.update.SolrIndexWriter@277945c6

[coreLoadExecutor-252-thread-1] INFO org.apache.solr.update.LoggingInfoStream - [IW][coreLoadExecutor-252-thread-1]: MMapDirectory.UNMAP_SUPPORTED=true
[coreLoadExecutor-252-thread-1] INFO org.apache.solr.update.LoggingInfoStream - [IW][coreLoadExecutor-252-thread-1]: now flush at close
[coreLoadExecutor-252-thread-1] INFO org.apache.solr.update.LoggingInfoStream - [IW][coreLoadExecutor-252-thread-1]:   start flush: applyAllDeletes=true
[coreLoadExecutor-252-thread-1] INFO org.apache.solr.update.LoggingInfoStream - [IW][coreLoadExecutor-252-thread-1]:   index before flush 
[coreLoadExecutor-252-thread-1] INFO org.apache.solr.update.LoggingInfoStream - [DW][coreLoadExecutor-252-thread-1]: startFullFlush
[coreLoadExecutor-252-thread-1] INFO org.apache.solr.update.LoggingInfoStream - [DW][coreLoadExecutor-252-thread-1]: coreLoadExecutor-252-thread-1 finishFullFlush success=true
[coreLoadExecutor-252-thread-1] INFO org.apache.solr.update.LoggingInfoStream - [IW][coreLoadExecutor-252-thread-1]: apply all deletes during flush
[coreLoadExecutor-252-thread-1] INFO org.apache.solr.update.LoggingInfoStream - [IW][coreLoadExecutor-252-thread-1]: now apply all deletes for all segments maxDoc=0
[coreLoadExecutor-252-thread-1] INFO org.apache.solr.update.LoggingInfoStream - [BD][coreLoadExecutor-252-thread-1]: prune sis=segments:  minGen=9223372036854775807 packetCount=0
[coreLoadExecutor-252-thread-1] INFO org.apache.solr.update.LoggingInfoStream - [MS][coreLoadExecutor-252-thread-1]: initDynamicDefaults spins=false maxThreadCount=2 maxMergeCount=7
[coreLoadExecutor-252-thread-1] INFO org.apache.solr.update.LoggingInfoStream - [MS][coreLoadExecutor-252-thread-1]: updateMergeThreads ioThrottle=true targetMBPerSec=10240.0 MB/sec
[coreLoadExecutor-252-thread-1] INFO org.apache.solr.update.LoggingInfoStream - [MS][coreLoadExecutor-252-thread-1]: now merge
[coreLoadExecutor-252-thread-1] INFO org.apache.solr.update.LoggingInfoStream - [MS][coreLoadExecutor-252-thread-1]:   index: 
[coreLoadExecutor-252-thread-1] INFO org.apache.solr.update.LoggingInfoStream - [MS][coreLoadExecutor-252-thread-1]:   no more merges pending; now return
[coreLoadExecutor-252-thread-1] INFO org.apache.solr.update.LoggingInfoStream - [IW][coreLoadExecutor-252-thread-1]: waitForMerges
[coreLoadExecutor-252-thread-1] INFO org.apache.solr.update.LoggingInfoStream - [IW][coreLoadExecutor-252-thread-1]: waitForMerges done
[coreLoadExecutor-252-thread-1] INFO org.apache.solr.update.LoggingInfoStream - [IW][coreLoadExecutor-252-thread-1]: commit: start
[coreLoadExecutor-252-thread-1] INFO org.apache.solr.update.LoggingInfoStream - [IW][coreLoadExecutor-252-thread-1]: commit: enter lock
[coreLoadExecutor-252-thread-1] INFO org.apache.solr.update.LoggingInfoStream - [IW][coreLoadExecutor-252-thread-1]: commit: now prepare
[coreLoadExecutor-252-thread-1] INFO org.apache.solr.update.LoggingInfoStream - [IW][coreLoadExecutor-252-thread-1]: prepareCommit: flush
[coreLoadExecutor-252-thread-1] INFO org.apache.solr.update.LoggingInfoStream - [IW][coreLoadExecutor-252-thread-1]:   index before flush 
[coreLoadExecutor-252-thread-1] INFO org.apache.solr.update.LoggingInfoStream - [DW][coreLoadExecutor-252-thread-1]: startFullFlush
[coreLoadExecutor-252-thread-1] INFO org.apache.solr.update.LoggingInfoStream - [IW][coreLoadExecutor-252-thread-1]: apply all deletes during flush
[coreLoadExecutor-252-thread-1] INFO org.apache.solr.update.LoggingInfoStream - [IW][coreLoadExecutor-252-thread-1]: now apply all deletes for all segments maxDoc=0
[coreLoadExecutor-252-thread-1] INFO org.apache.solr.update.LoggingInfoStream - [BD][coreLoadExecutor-252-thread-1]: prune sis=segments:  minGen=9223372036854775807 packetCount=0
[coreLoadExecutor-252-thread-1] INFO org.apache.solr.update.LoggingInfoStream - [DW][coreLoadExecutor-252-thread-1]: coreLoadExecutor-252-thread-1 finishFullFlush success=true
[coreLoadExecutor-252-thread-1] INFO org.apache.solr.update.LoggingInfoStream - [IW][coreLoadExecutor-252-thread-1]: startCommit(): start
[coreLoadExecutor-252-thread-1] INFO org.apache.solr.update.LoggingInfoStream - [IW][coreLoadExecutor-252-thread-1]: startCommit index= changeCount=2
[coreLoadExecutor-252-thread-1] INFO org.apache.solr.update.LoggingInfoStream - [IW][coreLoadExecutor-252-thread-1]: startCommit: wrote pending segments file "pending_segments_1"
[coreLoadExecutor-252-thread-1] INFO org.apache.solr.update.LoggingInfoStream - [IW][coreLoadExecutor-252-thread-1]: done all syncs: []
[coreLoadExecutor-252-thread-1] INFO org.apache.solr.update.LoggingInfoStream - [IW][coreLoadExecutor-252-thread-1]: commit: pendingCommit != null
[coreLoadExecutor-252-thread-1] INFO org.apache.solr.update.LoggingInfoStream - [IW][coreLoadExecutor-252-thread-1]: commit: done writing segments file "segments_1"
[coreLoadExecutor-252-thread-1] INFO org.apache.solr.update.LoggingInfoStream - [IFD][coreLoadExecutor-252-thread-1]: now checkpoint "" [0 segments ; isCommit = true]
[coreLoadExecutor-252-thread-1] INFO org.apache.solr.core.SolrDeletionPolicy - SolrDeletionPolicy.onCommit: commits: num=1
	commit{dir=NRTCachingDirectory(MMapDirectory@/tmp/solr-home2909485828760575725/core/data/index lockFactory=org.apache.lucene.store.NativeFSLockFactory@2c3d74f6; maxCacheMB=48.0 maxMergeSizeMB=4.0),segFN=segments_1,generation=1}
[coreLoadExecutor-252-thread-1] INFO org.apache.solr.core.SolrDeletionPolicy - newest commit generation = 1
[coreLoadExecutor-252-thread-1] INFO org.apache.solr.update.LoggingInfoStream - [IFD][coreLoadExecutor-252-thread-1]: 0 msec to checkpoint
[coreLoadExecutor-252-thread-1] INFO org.apache.solr.update.LoggingInfoStream - [IW][coreLoadExecutor-252-thread-1]: commit: took 9.5 msec
[coreLoadExecutor-252-thread-1] INFO org.apache.solr.update.LoggingInfoStream - [IW][coreLoadExecutor-252-thread-1]: commit: done
[coreLoadExecutor-252-thread-1] INFO org.apache.solr.update.LoggingInfoStream - [IW][coreLoadExecutor-252-thread-1]: rollback
[coreLoadExecutor-252-thread-1] INFO org.apache.solr.update.LoggingInfoStream - [IW][coreLoadExecutor-252-thread-1]: all running merges have aborted
[coreLoadExecutor-252-thread-1] INFO org.apache.solr.update.LoggingInfoStream - [IW][coreLoadExecutor-252-thread-1]: rollback: done finish merges
[coreLoadExecutor-252-thread-1] INFO org.apache.solr.update.LoggingInfoStream - [DW][coreLoadExecutor-252-thread-1]: abort
[coreLoadExecutor-252-thread-1] INFO org.apache.solr.update.LoggingInfoStream - [DW][coreLoadExecutor-252-thread-1]: done abort success=true
[coreLoadExecutor-252-thread-1] INFO org.apache.solr.update.LoggingInfoStream - [IW][coreLoadExecutor-252-thread-1]: rollback: infos=
[coreLoadExecutor-252-thread-1] INFO org.apache.solr.update.LoggingInfoStream - [IFD][coreLoadExecutor-252-thread-1]: now checkpoint "" [0 segments ; isCommit = false]
[coreLoadExecutor-252-thread-1] INFO org.apache.solr.update.LoggingInfoStream - [IFD][coreLoadExecutor-252-thread-1]: 0 msec to checkpoint
[OldIndexDirectoryCleanupThreadForCore-core] INFO org.apache.solr.core.SolrCore - Looking for old index directories to cleanup for core core in /tmp/solr-home2909485828760575725/core/data/
[coreLoadExecutor-252-thread-1] INFO org.apache.solr.core.SolrCore - no updateRequestProcessorChain defined as default, creating implicit default
[coreLoadExecutor-252-thread-1] INFO org.apache.solr.handler.loader.XMLLoader - xsltCacheLifetimeSeconds=60
[coreLoadExecutor-252-thread-1] INFO org.apache.solr.handler.loader.XMLLoader - xsltCacheLifetimeSeconds=60
[coreLoadExecutor-252-thread-1] INFO org.apache.solr.handler.loader.XMLLoader - xsltCacheLifetimeSeconds=60
[coreLoadExecutor-252-thread-1] INFO org.apache.solr.handler.loader.XMLLoader - xsltCacheLifetimeSeconds=60
[coreLoadExecutor-252-thread-1] INFO org.apache.solr.core.RequestHandlers - Registered paths: /admin/mbeans,,/update/csv,/update/json/docs,/admin/luke,/select,/suggester,/admin/segments,/get,/admin/system,/replication,/admin/properties,/config,/schema,/admin/plugins,/admin/logging,/update/json,/admin/threads,/admin/ping,/update,/admin/file
[coreLoadExecutor-252-thread-1] INFO org.apache.solr.core.SolrCore - Using default statsCache cache: org.apache.solr.search.stats.LocalStatsCache
[coreLoadExecutor-252-thread-1] INFO org.apache.solr.update.UpdateHandler - Using UpdateLog implementation: org.apache.solr.update.UpdateLog
[coreLoadExecutor-252-thread-1] INFO org.apache.solr.update.UpdateLog - Initializing UpdateLog: dataDir= defaultSyncLevel=FLUSH numRecordsToKeep=100 maxNumLogsToKeep=10 numVersionBuckets=65536
[coreLoadExecutor-252-thread-1] INFO org.apache.solr.update.CommitTracker - Hard AutoCommit: if uncommited for 15000ms; 
[coreLoadExecutor-252-thread-1] INFO org.apache.solr.update.CommitTracker - Soft AutoCommit: disabled
[coreLoadExecutor-252-thread-1] INFO org.apache.solr.update.LoggingInfoStream - [IFD][coreLoadExecutor-252-thread-1]: init: current segments file is "segments_1"; deletionPolicy=org.apache.solr.core.IndexDeletionPolicyWrapper@588cfa72
[coreLoadExecutor-252-thread-1] INFO org.apache.solr.update.LoggingInfoStream - [IFD][coreLoadExecutor-252-thread-1]: init: load commit "segments_1"
[coreLoadExecutor-252-thread-1] INFO org.apache.solr.core.SolrDeletionPolicy - SolrDeletionPolicy.onInit: commits: num=1
	commit{dir=NRTCachingDirectory(MMapDirectory@/tmp/solr-home2909485828760575725/core/data/index lockFactory=org.apache.lucene.store.NativeFSLockFactory@2c3d74f6; maxCacheMB=48.0 maxMergeSizeMB=4.0),segFN=segments_1,generation=1}
[coreLoadExecutor-252-thread-1] INFO org.apache.solr.core.SolrDeletionPolicy - newest commit generation = 1
[coreLoadExecutor-252-thread-1] INFO org.apache.solr.update.LoggingInfoStream - [IFD][coreLoadExecutor-252-thread-1]: now checkpoint "" [0 segments ; isCommit = false]
[coreLoadExecutor-252-thread-1] INFO org.apache.solr.update.LoggingInfoStream - [IFD][coreLoadExecutor-252-thread-1]: 0 msec to checkpoint
[coreLoadExecutor-252-thread-1] INFO org.apache.solr.update.LoggingInfoStream - [IW][coreLoadExecutor-252-thread-1]: init: create=false
[coreLoadExecutor-252-thread-1] INFO org.apache.solr.update.LoggingInfoStream - [IW][coreLoadExecutor-252-thread-1]: 
dir=NRTCachingDirectory(MMapDirectory@/tmp/solr-home2909485828760575725/core/data/index lockFactory=org.apache.lucene.store.NativeFSLockFactory@2c3d74f6; maxCacheMB=48.0 maxMergeSizeMB=4.0)
index=
version=5.5.1
analyzer=org.apache.solr.update.SolrIndexConfig$DelayedSchemaAnalyzer
ramBufferSizeMB=100.0
maxBufferedDocs=-1
maxBufferedDeleteTerms=-1
mergedSegmentWarmer=null
delPolicy=org.apache.solr.core.IndexDeletionPolicyWrapper
commit=null
openMode=APPEND
similarity=org.apache.lucene.search.similarities.ClassicSimilarity
mergeScheduler=ConcurrentMergeScheduler: maxThreadCount=-1, maxMergeCount=-1, ioThrottle=true
default WRITE_LOCK_TIMEOUT=0
writeLockTimeout=0
codec=Lucene54
infoStream=org.apache.solr.update.LoggingInfoStream
mergePolicy=[TieredMergePolicy: maxMergeAtOnce=10, maxMergeAtOnceExplicit=30, maxMergedSegmentMB=5120.0, floorSegmentMB=2.0, forceMergeDeletesPctAllowed=10.0, segmentsPerTier=10.0, maxCFSSegmentSizeMB=8.796093022207999E12, noCFSRatio=0.1
indexerThreadPool=org.apache.lucene.index.DocumentsWriterPerThreadPool@1adb977d
readerPooling=false
perThreadHardLimitMB=1945
useCompoundFile=false
commitOnClose=true
writer=org.apache.solr.update.SolrIndexWriter@52216de6

[coreLoadExecutor-252-thread-1] INFO org.apache.solr.update.LoggingInfoStream - [IW][coreLoadExecutor-252-thread-1]: MMapDirectory.UNMAP_SUPPORTED=true
[coreLoadExecutor-252-thread-1] INFO org.apache.solr.update.LoggingInfoStream - [IW][coreLoadExecutor-252-thread-1]: flush at getReader
[coreLoadExecutor-252-thread-1] INFO org.apache.solr.update.LoggingInfoStream - [DW][coreLoadExecutor-252-thread-1]: startFullFlush
[coreLoadExecutor-252-thread-1] INFO org.apache.solr.update.LoggingInfoStream - [IW][coreLoadExecutor-252-thread-1]: apply all deletes during flush
[coreLoadExecutor-252-thread-1] INFO org.apache.solr.update.LoggingInfoStream - [IW][coreLoadExecutor-252-thread-1]: now apply all deletes for all segments maxDoc=0
[coreLoadExecutor-252-thread-1] INFO org.apache.solr.update.LoggingInfoStream - [BD][coreLoadExecutor-252-thread-1]: prune sis=segments_1:  minGen=9223372036854775807 packetCount=0
[coreLoadExecutor-252-thread-1] INFO org.apache.solr.update.LoggingInfoStream - [IW][coreLoadExecutor-252-thread-1]: incRefDeleter for NRT reader version=2 segments=
[coreLoadExecutor-252-thread-1] INFO org.apache.solr.update.LoggingInfoStream - [IW][coreLoadExecutor-252-thread-1]: return reader version=2 reader=StandardDirectoryReader(segments_1:2:nrt)
[coreLoadExecutor-252-thread-1] INFO org.apache.solr.update.LoggingInfoStream - [DW][coreLoadExecutor-252-thread-1]: coreLoadExecutor-252-thread-1 finishFullFlush success=true
[coreLoadExecutor-252-thread-1] INFO org.apache.solr.update.LoggingInfoStream - [IW][coreLoadExecutor-252-thread-1]: getReader took 1 msec
[coreLoadExecutor-252-thread-1] INFO org.apache.solr.search.SolrIndexSearcher - Opening Searcher@98ec04d[core] main
[coreLoadExecutor-252-thread-1] INFO org.apache.solr.rest.ManagedResourceStorage - File-based storage initialized to use dir: /tmp/solr-home2909485828760575725/core/conf
[coreLoadExecutor-252-thread-1] INFO org.apache.solr.rest.RestManager - Initializing RestManager with initArgs: {storageDir=/tmp/solr-home2909485828760575725/core/conf}
[coreLoadExecutor-252-thread-1] INFO org.apache.solr.rest.ManagedResourceStorage - Reading _rest_managed.json using file:dir=/tmp/solr-home2909485828760575725/core/conf
[coreLoadExecutor-252-thread-1] INFO org.apache.solr.rest.RestManager - Initializing 0 registered ManagedResources
[coreLoadExecutor-252-thread-1] INFO org.apache.solr.handler.component.SpellCheckComponent - Initializing spell checkers
[coreLoadExecutor-252-thread-1] INFO org.apache.solr.handler.component.SpellCheckComponent - Registering newSearcher listener for spellchecker: default
[coreLoadExecutor-252-thread-1] INFO org.apache.solr.handler.component.SpellCheckComponent - No queryConverter defined, using default converter
[coreLoadExecutor-252-thread-1] INFO org.apache.solr.handler.ReplicationHandler - Commits will be reserved for  10000
[searcherExecutor-253-thread-1] INFO org.apache.solr.handler.component.SpellCheckComponent - Loading spell index for spellchecker: default
[searcherExecutor-253-thread-1] INFO org.apache.solr.core.SolrCore - [core] Registered new searcher Searcher@98ec04d[core] main{ExitableDirectoryReader(UninvertingDirectoryReader())}
[coreLoadExecutor-252-thread-1] INFO org.apache.solr.update.UpdateLog - Looking up max value of version field to seed version buckets
[coreLoadExecutor-252-thread-1] INFO org.apache.solr.update.VersionInfo - Refreshing highest value of _version_ for 65536 version buckets from index
[coreLoadExecutor-252-thread-1] INFO org.apache.solr.update.VersionInfo - No terms found for _version_, cannot seed version bucket highest value from index
[coreLoadExecutor-252-thread-1] INFO org.apache.solr.update.UpdateLog - Could not find max version in index or recent updates, using new clock 1576087835893563392
[coreLoadExecutor-252-thread-1] INFO org.apache.solr.update.UpdateLog - Took 1.0ms to seed version buckets with highest version 1576087835893563392
[coreLoadExecutor-252-thread-1] INFO org.apache.solr.core.CoreContainer - registering core: core
[Test worker] INFO org.apache.solr.core.SolrCore.Request - [core]  webapp=null path=/admin/ping params={} hits=0 status=0 QTime=0
[Test worker] INFO org.apache.solr.core.SolrCore.Request - [core]  webapp=null path=/admin/ping params={} status=0 QTime=0
[Test worker] INFO com.rbmhtechnology.vind.solr.SolrSearchServer - Connection to solr server successful
[Test worker] INFO org.apache.solr.core.SolrCore.Request - [core]  webapp=null path=/schema params={} status=0 QTime=0
[Test worker] INFO com.rbmhtechnology.vind.solr.SolrSearchServer - No server provider of type class com.rbmhtechnology.vind.solr.EmbeddedSolrServerProvider found in classpath for server com.rbmhtechnology.vind.solr.SolrSearchServer
[Test worker] INFO org.apache.solr.update.processor.LogUpdateProcessorFactory - [core]  webapp=null path=/update params={}{add=[1 (1576087835903000576)]} 0 5
[Test worker] INFO org.apache.solr.update.processor.LogUpdateProcessorFactory - [core]  webapp=null path=/update params={}{add=[2 (1576087835910340608)]} 0 4
[Test worker] INFO org.apache.solr.update.DirectUpdateHandler2 - start commit{,optimize=false,openSearcher=true,waitSearcher=true,expungeDeletes=false,softCommit=false,prepareCommit=false}
[Test worker] INFO org.apache.solr.update.LoggingInfoStream - [IW][Test worker]: commit: start
[Test worker] INFO org.apache.solr.update.LoggingInfoStream - [IW][Test worker]: commit: enter lock
[Test worker] INFO org.apache.solr.update.LoggingInfoStream - [IW][Test worker]: commit: now prepare
[Test worker] INFO org.apache.solr.update.LoggingInfoStream - [IW][Test worker]: prepareCommit: flush
[Test worker] INFO org.apache.solr.update.LoggingInfoStream - [IW][Test worker]:   index before flush 
[Test worker] INFO org.apache.solr.update.LoggingInfoStream - [DW][Test worker]: startFullFlush
[Test worker] INFO org.apache.solr.update.LoggingInfoStream - [DW][Test worker]: anyChanges? numDocsInRam=2 deletes=true hasTickets:false pendingChangesInFullFlush: false
[Test worker] INFO org.apache.solr.update.LoggingInfoStream - [DWFC][Test worker]: addFlushableState DocumentsWriterPerThread [pendingDeletes=gen=0 1 deleted terms (unique count=1) bytesUsed=169, segment=_0, aborted=false, numDocsInRAM=2, deleteQueue=DWDQ: [ generation: 1 ]]
[Test worker] INFO org.apache.solr.update.LoggingInfoStream - [DWPT][Test worker]: flush postings as segment _0 numDocs=2
[Test worker] INFO org.apache.solr.update.LoggingInfoStream - [IW][Test worker]: 2 msec to write norms
[Test worker] INFO org.apache.solr.update.LoggingInfoStream - [IW][Test worker]: 1 msec to write docValues
[Test worker] INFO org.apache.solr.update.LoggingInfoStream - [IW][Test worker]: 0 msec to finish stored fields
[Test worker] INFO org.apache.solr.update.LoggingInfoStream - [IW][Test worker]: 1 msec to write postings and finish vectors
[Test worker] INFO org.apache.solr.update.LoggingInfoStream - [IW][Test worker]: 0 msec to write fieldInfos
[Test worker] INFO org.apache.solr.update.LoggingInfoStream - [DWPT][Test worker]: new segment has 0 deleted docs
[Test worker] INFO org.apache.solr.update.LoggingInfoStream - [DWPT][Test worker]: new segment has no vectors; norms; docValues; prox; freqs
[Test worker] INFO org.apache.solr.update.LoggingInfoStream - [DWPT][Test worker]: flushedFiles=[_0_Lucene54_0.dvm, _0_Lucene50_0.doc, _0_Lucene50_0.tim, _0_Lucene50_0.pos, _0.nvd, _0.fdx, _0_Lucene54_0.dvd, _0_Lucene50_0.tip, _0.fdt, _0.nvm, _0.fnm]
[Test worker] INFO org.apache.solr.update.LoggingInfoStream - [DWPT][Test worker]: flushed codec=Lucene54
[Test worker] INFO org.apache.solr.update.LoggingInfoStream - [DWPT][Test worker]: flushed: segment=_0 ramUsed=0.331 MB newFlushedSize=0.006 MB docs/MB=357.327
[Test worker] INFO org.apache.solr.update.LoggingInfoStream - [DW][Test worker]: publishFlushedSegment seg-private updates=null
[Test worker] INFO org.apache.solr.update.LoggingInfoStream - [IW][Test worker]: publishFlushedSegment
[Test worker] INFO org.apache.solr.update.LoggingInfoStream - [BD][Test worker]: push deletes  2 deleted terms (unique count=2) bytesUsed=1072 segmentPrivate?=false delGen=2 packetCount=1 totBytesUsed=1072
[Test worker] INFO org.apache.solr.update.LoggingInfoStream - [IW][Test worker]: publish sets newSegment delGen=3 seg=_0(5.5.1):C2
[Test worker] INFO org.apache.solr.update.LoggingInfoStream - [IFD][Test worker]: now checkpoint "_0(5.5.1):C2" [1 segments ; isCommit = false]
[Test worker] INFO org.apache.solr.update.LoggingInfoStream - [IFD][Test worker]: 0 msec to checkpoint
[Test worker] INFO org.apache.solr.update.LoggingInfoStream - [IW][Test worker]: apply all deletes during flush
[Test worker] INFO org.apache.solr.update.LoggingInfoStream - [IW][Test worker]: now apply all deletes for all segments maxDoc=2
[Test worker] INFO org.apache.solr.update.LoggingInfoStream - [BD][Test worker]: applyDeletes: open segment readers took 0 msec
[Test worker] INFO org.apache.solr.update.LoggingInfoStream - [BD][Test worker]: applyDeletes: infos=[_0(5.5.1):C2] packetCount=1
[Test worker] INFO org.apache.solr.update.LoggingInfoStream - [BD][Test worker]: applyDeletes took 0 msec for 1 segments, 0 newly deleted docs (query deletes), 0 visited terms, allDeleted=null
[Test worker] INFO org.apache.solr.update.LoggingInfoStream - [BD][Test worker]: prune sis=segments_1: _0(5.5.1):C2 minGen=3 packetCount=1
[Test worker] INFO org.apache.solr.update.LoggingInfoStream - [BD][Test worker]: pruneDeletes: prune 1 packets; 0 packets remain
[Test worker] INFO org.apache.solr.update.LoggingInfoStream - [DW][Test worker]: Test worker finishFullFlush success=true
[Test worker] INFO org.apache.solr.update.LoggingInfoStream - [TMP][Test worker]: findMerges: 1 segments
[Test worker] INFO org.apache.solr.update.LoggingInfoStream - [TMP][Test worker]:   seg=_0(5.5.1):C2 size=0.006 MB [floored]
[Test worker] INFO org.apache.solr.update.LoggingInfoStream - [TMP][Test worker]:   allowedSegmentCount=1 vs count=1 (eligible count=1) tooBigCount=0
[Test worker] INFO org.apache.solr.update.LoggingInfoStream - [MS][Test worker]: initDynamicDefaults spins=false maxThreadCount=2 maxMergeCount=7
[Test worker] INFO org.apache.solr.update.LoggingInfoStream - [MS][Test worker]: now merge
[Test worker] INFO org.apache.solr.update.LoggingInfoStream - [MS][Test worker]:   index: _0(5.5.1):C2
[Test worker] INFO org.apache.solr.update.LoggingInfoStream - [MS][Test worker]:   no more merges pending; now return
[Test worker] INFO org.apache.solr.update.LoggingInfoStream - [IW][Test worker]: startCommit(): start
[Test worker] INFO org.apache.solr.update.LoggingInfoStream - [IW][Test worker]: startCommit index=_0(5.5.1):C2 changeCount=4
[Test worker] INFO org.apache.solr.update.LoggingInfoStream - [IW][Test worker]: startCommit: wrote pending segments file "pending_segments_2"
[Test worker] INFO org.apache.solr.update.LoggingInfoStream - [IW][Test worker]: done all syncs: [_0.si, _0_Lucene50_0.doc, _0_Lucene50_0.tim, _0_Lucene54_0.dvm, _0_Lucene50_0.pos, _0.nvd, _0.fdx, _0_Lucene54_0.dvd, _0_Lucene50_0.tip, _0.fdt, _0.nvm, _0.fnm]
[Test worker] INFO org.apache.solr.update.LoggingInfoStream - [IW][Test worker]: commit: pendingCommit != null
[Test worker] INFO org.apache.solr.update.LoggingInfoStream - [IW][Test worker]: commit: done writing segments file "segments_2"
[Test worker] INFO org.apache.solr.update.LoggingInfoStream - [IFD][Test worker]: now checkpoint "_0(5.5.1):C2" [1 segments ; isCommit = true]
[Test worker] INFO org.apache.solr.core.SolrDeletionPolicy - SolrDeletionPolicy.onCommit: commits: num=2
	commit{dir=NRTCachingDirectory(MMapDirectory@/tmp/solr-home2909485828760575725/core/data/index lockFactory=org.apache.lucene.store.NativeFSLockFactory@2c3d74f6; maxCacheMB=48.0 maxMergeSizeMB=4.0),segFN=segments_1,generation=1}
	commit{dir=NRTCachingDirectory(MMapDirectory@/tmp/solr-home2909485828760575725/core/data/index lockFactory=org.apache.lucene.store.NativeFSLockFactory@2c3d74f6; maxCacheMB=48.0 maxMergeSizeMB=4.0),segFN=segments_2,generation=2}
[Test worker] INFO org.apache.solr.core.SolrDeletionPolicy - newest commit generation = 2
[Test worker] INFO org.apache.solr.update.LoggingInfoStream - [IFD][Test worker]: deleteCommits: now decRef commit "segments_1"
[Test worker] INFO org.apache.solr.update.LoggingInfoStream - [IFD][Test worker]: delete "segments_1"
[Test worker] INFO org.apache.solr.update.LoggingInfoStream - [IFD][Test worker]: 0 msec to checkpoint
[Test worker] INFO org.apache.solr.update.LoggingInfoStream - [IW][Test worker]: commit: took 44.4 msec
[Test worker] INFO org.apache.solr.update.LoggingInfoStream - [IW][Test worker]: commit: done
[Test worker] INFO org.apache.solr.update.LoggingInfoStream - [IW][Test worker]: nrtIsCurrent: infoVersion matches: false; DW changes: false; BD changes: false
[Test worker] INFO org.apache.solr.update.LoggingInfoStream - [IW][Test worker]: flush at getReader
[Test worker] INFO org.apache.solr.update.LoggingInfoStream - [DW][Test worker]: startFullFlush
[Test worker] INFO org.apache.solr.update.LoggingInfoStream - [IW][Test worker]: apply all deletes during flush
[Test worker] INFO org.apache.solr.update.LoggingInfoStream - [IW][Test worker]: now apply all deletes for all segments maxDoc=2
[Test worker] INFO org.apache.solr.update.LoggingInfoStream - [BD][Test worker]: applyDeletes: open segment readers took 0 msec
[Test worker] INFO org.apache.solr.update.LoggingInfoStream - [BD][Test worker]: applyDeletes: no segments; skipping
[Test worker] INFO org.apache.solr.update.LoggingInfoStream - [BD][Test worker]: prune sis=segments_2: _0(5.5.1):C2 minGen=3 packetCount=0
[Test worker] INFO org.apache.solr.update.LoggingInfoStream - [IW][Test worker]: incRefDeleter for NRT reader version=6 segments=_0(5.5.1):C2
[Test worker] INFO org.apache.solr.update.LoggingInfoStream - [IW][Test worker]: return reader version=6 reader=StandardDirectoryReader(segments_2:6:nrt _0(5.5.1):C2)
[Test worker] INFO org.apache.solr.update.LoggingInfoStream - [DW][Test worker]: Test worker finishFullFlush success=true
[Test worker] INFO org.apache.solr.update.LoggingInfoStream - [IW][Test worker]: getReader took 2 msec
[Test worker] INFO org.apache.solr.search.SolrIndexSearcher - Opening Searcher@118fb8a3[core] main
[searcherExecutor-253-thread-1] INFO org.apache.solr.handler.component.SpellCheckComponent - Building spell index for spell checker: default
[Test worker] INFO org.apache.solr.update.DirectUpdateHandler2 - end_commit_flush
[searcherExecutor-253-thread-1] INFO org.apache.solr.core.SolrCore - [core] Registered new searcher Searcher@118fb8a3[core] main{ExitableDirectoryReader(UninvertingDirectoryReader(Uninverting(_0(5.5.1):C2)))}
[searcherExecutor-253-thread-1] INFO org.apache.solr.update.LoggingInfoStream - [IW][searcherExecutor-253-thread-1]: decRefDeleter for NRT reader version=2 segments=
[Test worker] INFO org.apache.solr.update.processor.LogUpdateProcessorFactory - [core]  webapp=null path=/update params={commit=true&softCommit=false&waitSearcher=true}{commit=} 0 90
[Test worker] INFO org.apache.solr.core.SolrCore.Request - [core]  webapp=null path=/select params={TZ=America/Havana&q=*&fl=*,score&qf=dynamic_single_none_title^1.0&defType=edismax&fq=_type_:asset&fq=dynamic_single_facet_date_created:[*+TO+NOW-1HOUR]&start=0&rows=10} hits=1 status=0 QTime=1
[Test worker] INFO org.apache.solr.core.CoreContainer - Shutting down CoreContainer instance=488620946
[coreCloseExecutor-258-thread-1] INFO org.apache.solr.core.SolrCore - [core]  CLOSING SolrCore org.apache.solr.core.SolrCore@25def4d8
[coreCloseExecutor-258-thread-1] INFO org.apache.solr.update.DirectUpdateHandler2 - closing DirectUpdateHandler2{commits=1,autocommit maxTime=15000ms,autocommits=0,soft autocommits=0,optimizes=0,rollbacks=0,expungeDeletes=0,docsPending=0,adds=0,deletesById=0,deletesByQuery=0,errors=0,cumulative_adds=2,cumulative_deletesById=0,cumulative_deletesByQuery=0,cumulative_errors=0,transaction_logs_total_size=957,transaction_logs_total_number=1}
[coreCloseExecutor-258-thread-1] INFO org.apache.solr.update.SolrCoreState - Closing SolrCoreState
[coreCloseExecutor-258-thread-1] INFO org.apache.solr.update.DefaultSolrCoreState - SolrCoreState ref count has reached 0 - closing IndexWriter
[coreCloseExecutor-258-thread-1] INFO org.apache.solr.update.DefaultSolrCoreState - closing IndexWriter with IndexWriterCloser
[coreCloseExecutor-258-thread-1] INFO org.apache.solr.update.LoggingInfoStream - [IW][coreCloseExecutor-258-thread-1]: now flush at close
[coreCloseExecutor-258-thread-1] INFO org.apache.solr.update.LoggingInfoStream - [IW][coreCloseExecutor-258-thread-1]:   start flush: applyAllDeletes=true
[coreCloseExecutor-258-thread-1] INFO org.apache.solr.update.LoggingInfoStream - [IW][coreCloseExecutor-258-thread-1]:   index before flush _0(5.5.1):C2
[coreCloseExecutor-258-thread-1] INFO org.apache.solr.update.LoggingInfoStream - [DW][coreCloseExecutor-258-thread-1]: startFullFlush
[coreCloseExecutor-258-thread-1] INFO org.apache.solr.update.LoggingInfoStream - [DW][coreCloseExecutor-258-thread-1]: coreCloseExecutor-258-thread-1 finishFullFlush success=true
[coreCloseExecutor-258-thread-1] INFO org.apache.solr.update.LoggingInfoStream - [IW][coreCloseExecutor-258-thread-1]: apply all deletes during flush
[coreCloseExecutor-258-thread-1] INFO org.apache.solr.update.LoggingInfoStream - [IW][coreCloseExecutor-258-thread-1]: now apply all deletes for all segments maxDoc=2
[coreCloseExecutor-258-thread-1] INFO org.apache.solr.update.LoggingInfoStream - [BD][coreCloseExecutor-258-thread-1]: applyDeletes: open segment readers took 0 msec
[coreCloseExecutor-258-thread-1] INFO org.apache.solr.update.LoggingInfoStream - [BD][coreCloseExecutor-258-thread-1]: applyDeletes: no segments; skipping
[coreCloseExecutor-258-thread-1] INFO org.apache.solr.update.LoggingInfoStream - [BD][coreCloseExecutor-258-thread-1]: prune sis=segments_2: _0(5.5.1):C2 minGen=3 packetCount=0
[coreCloseExecutor-258-thread-1] INFO org.apache.solr.update.LoggingInfoStream - [MS][coreCloseExecutor-258-thread-1]: updateMergeThreads ioThrottle=true targetMBPerSec=10240.0 MB/sec
[coreCloseExecutor-258-thread-1] INFO org.apache.solr.update.LoggingInfoStream - [MS][coreCloseExecutor-258-thread-1]: now merge
[coreCloseExecutor-258-thread-1] INFO org.apache.solr.update.LoggingInfoStream - [MS][coreCloseExecutor-258-thread-1]:   index: _0(5.5.1):C2
[coreCloseExecutor-258-thread-1] INFO org.apache.solr.update.LoggingInfoStream - [MS][coreCloseExecutor-258-thread-1]:   no more merges pending; now return
[coreCloseExecutor-258-thread-1] INFO org.apache.solr.update.LoggingInfoStream - [IW][coreCloseExecutor-258-thread-1]: waitForMerges
[coreCloseExecutor-258-thread-1] INFO org.apache.solr.update.LoggingInfoStream - [IW][coreCloseExecutor-258-thread-1]: waitForMerges done
[coreCloseExecutor-258-thread-1] INFO org.apache.solr.update.LoggingInfoStream - [IW][coreCloseExecutor-258-thread-1]: commit: start
[coreCloseExecutor-258-thread-1] INFO org.apache.solr.update.LoggingInfoStream - [IW][coreCloseExecutor-258-thread-1]: commit: enter lock
[coreCloseExecutor-258-thread-1] INFO org.apache.solr.update.LoggingInfoStream - [IW][coreCloseExecutor-258-thread-1]: commit: now prepare
[coreCloseExecutor-258-thread-1] INFO org.apache.solr.update.LoggingInfoStream - [IW][coreCloseExecutor-258-thread-1]: prepareCommit: flush
[coreCloseExecutor-258-thread-1] INFO org.apache.solr.update.LoggingInfoStream - [IW][coreCloseExecutor-258-thread-1]:   index before flush _0(5.5.1):C2
[coreCloseExecutor-258-thread-1] INFO org.apache.solr.update.LoggingInfoStream - [DW][coreCloseExecutor-258-thread-1]: startFullFlush
[coreCloseExecutor-258-thread-1] INFO org.apache.solr.update.LoggingInfoStream - [IW][coreCloseExecutor-258-thread-1]: apply all deletes during flush
[coreCloseExecutor-258-thread-1] INFO org.apache.solr.update.LoggingInfoStream - [IW][coreCloseExecutor-258-thread-1]: now apply all deletes for all segments maxDoc=2
[coreCloseExecutor-258-thread-1] INFO org.apache.solr.update.LoggingInfoStream - [BD][coreCloseExecutor-258-thread-1]: applyDeletes: open segment readers took 0 msec
[coreCloseExecutor-258-thread-1] INFO org.apache.solr.update.LoggingInfoStream - [BD][coreCloseExecutor-258-thread-1]: applyDeletes: no segments; skipping
[coreCloseExecutor-258-thread-1] INFO org.apache.solr.update.LoggingInfoStream - [BD][coreCloseExecutor-258-thread-1]: prune sis=segments_2: _0(5.5.1):C2 minGen=3 packetCount=0
[coreCloseExecutor-258-thread-1] INFO org.apache.solr.update.LoggingInfoStream - [DW][coreCloseExecutor-258-thread-1]: coreCloseExecutor-258-thread-1 finishFullFlush success=true
[coreCloseExecutor-258-thread-1] INFO org.apache.solr.update.LoggingInfoStream - [IW][coreCloseExecutor-258-thread-1]: startCommit(): start
[coreCloseExecutor-258-thread-1] INFO org.apache.solr.update.LoggingInfoStream - [IW][coreCloseExecutor-258-thread-1]:   skip startCommit(): no changes pending
[coreCloseExecutor-258-thread-1] INFO org.apache.solr.update.LoggingInfoStream - [IW][coreCloseExecutor-258-thread-1]: commit: pendingCommit == null; skip
[coreCloseExecutor-258-thread-1] INFO org.apache.solr.update.LoggingInfoStream - [IW][coreCloseExecutor-258-thread-1]: commit: took 0.2 msec
[coreCloseExecutor-258-thread-1] INFO org.apache.solr.update.LoggingInfoStream - [IW][coreCloseExecutor-258-thread-1]: commit: done
[coreCloseExecutor-258-thread-1] INFO org.apache.solr.update.LoggingInfoStream - [IW][coreCloseExecutor-258-thread-1]: rollback
[coreCloseExecutor-258-thread-1] INFO org.apache.solr.update.LoggingInfoStream - [IW][coreCloseExecutor-258-thread-1]: all running merges have aborted
[coreCloseExecutor-258-thread-1] INFO org.apache.solr.update.LoggingInfoStream - [IW][coreCloseExecutor-258-thread-1]: rollback: done finish merges
[coreCloseExecutor-258-thread-1] INFO org.apache.solr.update.LoggingInfoStream - [DW][coreCloseExecutor-258-thread-1]: abort
[coreCloseExecutor-258-thread-1] INFO org.apache.solr.update.LoggingInfoStream - [DW][coreCloseExecutor-258-thread-1]: done abort success=true
[coreCloseExecutor-258-thread-1] INFO org.apache.solr.update.LoggingInfoStream - [IW][coreCloseExecutor-258-thread-1]: rollback: infos=_0(5.5.1):C2
[coreCloseExecutor-258-thread-1] INFO org.apache.solr.update.LoggingInfoStream - [IFD][coreCloseExecutor-258-thread-1]: now checkpoint "_0(5.5.1):C2" [1 segments ; isCommit = false]
[coreCloseExecutor-258-thread-1] INFO org.apache.solr.update.LoggingInfoStream - [IFD][coreCloseExecutor-258-thread-1]: 0 msec to checkpoint
[coreCloseExecutor-258-thread-1] INFO org.apache.solr.core.SolrCore - [core] Closing main searcher on request.
[coreCloseExecutor-258-thread-1] INFO org.apache.solr.core.CachingDirectoryFactory - Closing NRTCachingDirectoryFactory - 2 directories currently being tracked
[coreCloseExecutor-258-thread-1] INFO org.apache.solr.core.CachingDirectoryFactory - looking to close /tmp/solr-home2909485828760575725/core/data [CachedDir<<refCount=0;path=/tmp/solr-home2909485828760575725/core/data;done=false>>]
[coreCloseExecutor-258-thread-1] INFO org.apache.solr.core.CachingDirectoryFactory - Closing directory: /tmp/solr-home2909485828760575725/core/data
[coreCloseExecutor-258-thread-1] INFO org.apache.solr.core.CachingDirectoryFactory - looking to close /tmp/solr-home2909485828760575725/core/data/index [CachedDir<<refCount=0;path=/tmp/solr-home2909485828760575725/core/data/index;done=false>>]
[coreCloseExecutor-258-thread-1] INFO org.apache.solr.core.CachingDirectoryFactory - Closing directory: /tmp/solr-home2909485828760575725/core/data/index
[Test worker] INFO com.rbmhtechnology.vind.solr.SolrSearchServer - No server provider of type class com.rbmhtechnology.vind.solr.EmbeddedSolrServerProvider found in classpath for server com.rbmhtechnology.vind.solr.SolrSearchServer
[Test worker] INFO com.rbmhtechnology.vind.solr.SolrSearchServer - No server provider of type class com.rbmhtechnology.vind.solr.EmbeddedSolrServerProvider found in classpath for server com.rbmhtechnology.vind.solr.SolrSearchServer
[Test worker] INFO org.apache.solr.core.SolrResourceLoader - new SolrResourceLoader for directory: '/tmp/solr-home889019506242786447'
[Test worker] INFO org.apache.solr.core.SolrResourceLoader - JNDI not configured for solr (NoInitialContextEx)
[Test worker] INFO org.apache.solr.core.SolrResourceLoader - solr home defaulted to 'solr/' (could not find system property or JNDI)
[Test worker] INFO org.apache.solr.core.SolrXmlConfig - Loading container configuration from /tmp/solr-home889019506242786447/solr.xml
[Test worker] INFO org.apache.solr.core.CorePropertiesLocator - Config-defined core root directory: /tmp/solr-home889019506242786447
[Test worker] INFO org.apache.solr.core.CoreContainer - New CoreContainer 2026293702
[Test worker] INFO org.apache.solr.core.CoreContainer - Loading cores into CoreContainer [instanceDir=/tmp/solr-home889019506242786447]
[Test worker] WARN org.apache.solr.core.CoreContainer - Couldn't add files from /tmp/solr-home889019506242786447/lib to classpath: /tmp/solr-home889019506242786447/lib
[Test worker] INFO org.apache.solr.handler.component.HttpShardHandlerFactory - created with socketTimeout : 120000,connTimeout : 15000,maxConnectionsPerHost : 20,maxConnections : 10000,corePoolSize : 0,maximumPoolSize : 2147483647,maxThreadIdleTime : 5,sizeOfQueue : -1,fairnessPolicy : false,useRetries : false,
[Test worker] INFO org.apache.solr.update.UpdateShardHandler - Creating UpdateShardHandler HTTP client with params: socketTimeout=600000&connTimeout=60000&retry=true
[Test worker] INFO org.apache.solr.logging.LogWatcher - SLF4J impl is org.slf4j.impl.SimpleLoggerFactory
[Test worker] INFO org.apache.solr.logging.LogWatcher - No LogWatcher configured
[Test worker] INFO org.apache.solr.core.CoreContainer - Security conf doesn't exist. Skipping setup for authorization module.
[Test worker] INFO org.apache.solr.core.CoreContainer - No authentication plugin used.
[Test worker] INFO org.apache.solr.core.CorePropertiesLocator - Looking for core definitions underneath /tmp/solr-home889019506242786447
[Test worker] INFO org.apache.solr.core.CoreDescriptor - Created CoreDescriptor: {runtimeLib=false, name=core, config=solrconfig.xml, loadOnStartup=true, schema=schema.xml, configSetProperties=configsetprops.json, transient=false, dataDir=data/}
[Test worker] INFO org.apache.solr.core.CorePropertiesLocator - Found core core in /tmp/solr-home889019506242786447/core
[Test worker] INFO org.apache.solr.core.CorePropertiesLocator - Found 1 core definitions
[coreLoadExecutor-265-thread-1] INFO org.apache.solr.core.SolrResourceLoader - new SolrResourceLoader for directory: '/tmp/solr-home889019506242786447/core'
[coreLoadExecutor-265-thread-1] INFO org.apache.solr.core.SolrResourceLoader - JNDI not configured for solr (NoInitialContextEx)
[coreLoadExecutor-265-thread-1] INFO org.apache.solr.core.SolrResourceLoader - solr home defaulted to 'solr/' (could not find system property or JNDI)
[coreLoadExecutor-265-thread-1] INFO org.apache.solr.core.SolrResourceLoader - Adding 'file:/tmp/solr-home889019506242786447/core/lib/marker-search-handler-0.3.0.jar' to classloader
[coreLoadExecutor-265-thread-1] INFO org.apache.solr.core.SolrResourceLoader - Adding 'file:/tmp/solr-home889019506242786447/core/lib/suggestion-request-handler-2.1.0.jar' to classloader
[coreLoadExecutor-265-thread-1] INFO org.apache.solr.core.SolrConfig - current version of requestparams : -1
[coreLoadExecutor-265-thread-1] INFO org.apache.solr.update.SolrIndexConfig - IndexWriter infoStream solr logging is enabled
[coreLoadExecutor-265-thread-1] INFO org.apache.solr.core.SolrConfig - Using Lucene MatchVersion: 5.5.0
[coreLoadExecutor-265-thread-1] INFO org.apache.solr.core.SolrConfig - Loaded SolrConfig: solrconfig.xml
[coreLoadExecutor-265-thread-1] INFO org.apache.solr.schema.ManagedIndexSchemaFactory - The schema is configured as managed, but managed schema resource managed-schema not found - loading non-managed schema schema.xml instead
[coreLoadExecutor-265-thread-1] INFO org.apache.solr.schema.IndexSchema - [core] Schema name=basic search lib core
[coreLoadExecutor-265-thread-1] INFO org.apache.solr.schema.IndexSchema - unique key field: _id_
[coreLoadExecutor-265-thread-1] INFO org.apache.solr.schema.ManagedIndexSchema - Upgraded to managed schema at /tmp/solr-home889019506242786447/core/conf/managed-schema
[coreLoadExecutor-265-thread-1] INFO org.apache.solr.schema.ManagedIndexSchemaFactory - After upgrading to managed schema, renamed the non-managed schema /tmp/solr-home889019506242786447/core/conf/schema.xml to /tmp/solr-home889019506242786447/core/conf/schema.xml.bak
[coreLoadExecutor-265-thread-1] INFO org.apache.solr.core.ConfigSetProperties - Did not find ConfigSet properties, assuming default properties: Can't find resource 'configsetprops.json' in classpath or '/tmp/solr-home889019506242786447/core'
[coreLoadExecutor-265-thread-1] INFO org.apache.solr.core.CoreContainer - Creating SolrCore 'core' using configuration from instancedir /tmp/solr-home889019506242786447/core
[coreLoadExecutor-265-thread-1] INFO org.apache.solr.core.SolrCore - solr.NRTCachingDirectoryFactory
[coreLoadExecutor-265-thread-1] INFO org.apache.solr.core.SolrCore - [[core] ] Opening new SolrCore at [/tmp/solr-home889019506242786447/core], dataDir=[/tmp/solr-home889019506242786447/core/data/]
[coreLoadExecutor-265-thread-1] INFO org.apache.solr.core.JmxMonitoredMap - No JMX servers found, not exposing Solr information with JMX.
[coreLoadExecutor-265-thread-1] INFO org.apache.solr.core.SchemaCodecFactory - Using default compressionMode: BEST_SPEED
[coreLoadExecutor-265-thread-1] INFO org.apache.solr.core.CachingDirectoryFactory - return new directory for /tmp/solr-home889019506242786447/core/data
[coreLoadExecutor-265-thread-1] INFO org.apache.solr.core.SolrCore - New index directory detected: old=null new=/tmp/solr-home889019506242786447/core/data/index/
[coreLoadExecutor-265-thread-1] WARN org.apache.solr.core.SolrCore - [core] Solr index directory '/tmp/solr-home889019506242786447/core/data/index' doesn't exist. Creating new index...
[coreLoadExecutor-265-thread-1] INFO org.apache.solr.core.CachingDirectoryFactory - return new directory for /tmp/solr-home889019506242786447/core/data/index
[coreLoadExecutor-265-thread-1] INFO org.apache.solr.update.LoggingInfoStream - [IFD][coreLoadExecutor-265-thread-1]: init: current segments file is "segments"; deletionPolicy=org.apache.solr.core.IndexDeletionPolicyWrapper@2b04e67d
[coreLoadExecutor-265-thread-1] INFO org.apache.solr.update.LoggingInfoStream - [IFD][coreLoadExecutor-265-thread-1]: now checkpoint "" [0 segments ; isCommit = false]
[coreLoadExecutor-265-thread-1] INFO org.apache.solr.update.LoggingInfoStream - [IFD][coreLoadExecutor-265-thread-1]: 0 msec to checkpoint
[coreLoadExecutor-265-thread-1] INFO org.apache.solr.update.LoggingInfoStream - [IW][coreLoadExecutor-265-thread-1]: init: create=true
[coreLoadExecutor-265-thread-1] INFO org.apache.solr.update.LoggingInfoStream - [IW][coreLoadExecutor-265-thread-1]: 
dir=NRTCachingDirectory(MMapDirectory@/tmp/solr-home889019506242786447/core/data/index lockFactory=org.apache.lucene.store.NativeFSLockFactory@2c3d74f6; maxCacheMB=48.0 maxMergeSizeMB=4.0)
index=
version=5.5.1
analyzer=org.apache.solr.update.SolrIndexConfig$DelayedSchemaAnalyzer
ramBufferSizeMB=100.0
maxBufferedDocs=-1
maxBufferedDeleteTerms=-1
mergedSegmentWarmer=null
delPolicy=org.apache.solr.core.IndexDeletionPolicyWrapper
commit=null
openMode=CREATE
similarity=org.apache.lucene.search.similarities.ClassicSimilarity
mergeScheduler=ConcurrentMergeScheduler: maxThreadCount=-1, maxMergeCount=-1, ioThrottle=true
default WRITE_LOCK_TIMEOUT=0
writeLockTimeout=0
codec=Lucene54
infoStream=org.apache.solr.update.LoggingInfoStream
mergePolicy=[TieredMergePolicy: maxMergeAtOnce=10, maxMergeAtOnceExplicit=30, maxMergedSegmentMB=5120.0, floorSegmentMB=2.0, forceMergeDeletesPctAllowed=10.0, segmentsPerTier=10.0, maxCFSSegmentSizeMB=8.796093022207999E12, noCFSRatio=0.1
indexerThreadPool=org.apache.lucene.index.DocumentsWriterPerThreadPool@17fd7613
readerPooling=false
perThreadHardLimitMB=1945
useCompoundFile=false
commitOnClose=true
writer=org.apache.solr.update.SolrIndexWriter@765c151d

[coreLoadExecutor-265-thread-1] INFO org.apache.solr.update.LoggingInfoStream - [IW][coreLoadExecutor-265-thread-1]: MMapDirectory.UNMAP_SUPPORTED=true
[coreLoadExecutor-265-thread-1] INFO org.apache.solr.update.LoggingInfoStream - [IW][coreLoadExecutor-265-thread-1]: now flush at close
[coreLoadExecutor-265-thread-1] INFO org.apache.solr.update.LoggingInfoStream - [IW][coreLoadExecutor-265-thread-1]:   start flush: applyAllDeletes=true
[coreLoadExecutor-265-thread-1] INFO org.apache.solr.update.LoggingInfoStream - [IW][coreLoadExecutor-265-thread-1]:   index before flush 
[coreLoadExecutor-265-thread-1] INFO org.apache.solr.update.LoggingInfoStream - [DW][coreLoadExecutor-265-thread-1]: startFullFlush
[coreLoadExecutor-265-thread-1] INFO org.apache.solr.update.LoggingInfoStream - [DW][coreLoadExecutor-265-thread-1]: coreLoadExecutor-265-thread-1 finishFullFlush success=true
[coreLoadExecutor-265-thread-1] INFO org.apache.solr.update.LoggingInfoStream - [IW][coreLoadExecutor-265-thread-1]: apply all deletes during flush
[coreLoadExecutor-265-thread-1] INFO org.apache.solr.update.LoggingInfoStream - [IW][coreLoadExecutor-265-thread-1]: now apply all deletes for all segments maxDoc=0
[coreLoadExecutor-265-thread-1] INFO org.apache.solr.update.LoggingInfoStream - [BD][coreLoadExecutor-265-thread-1]: prune sis=segments:  minGen=9223372036854775807 packetCount=0
[coreLoadExecutor-265-thread-1] INFO org.apache.solr.update.LoggingInfoStream - [MS][coreLoadExecutor-265-thread-1]: initDynamicDefaults spins=false maxThreadCount=2 maxMergeCount=7
[coreLoadExecutor-265-thread-1] INFO org.apache.solr.update.LoggingInfoStream - [MS][coreLoadExecutor-265-thread-1]: updateMergeThreads ioThrottle=true targetMBPerSec=10240.0 MB/sec
[coreLoadExecutor-265-thread-1] INFO org.apache.solr.update.LoggingInfoStream - [MS][coreLoadExecutor-265-thread-1]: now merge
[coreLoadExecutor-265-thread-1] INFO org.apache.solr.update.LoggingInfoStream - [MS][coreLoadExecutor-265-thread-1]:   index: 
[coreLoadExecutor-265-thread-1] INFO org.apache.solr.update.LoggingInfoStream - [MS][coreLoadExecutor-265-thread-1]:   no more merges pending; now return
[coreLoadExecutor-265-thread-1] INFO org.apache.solr.update.LoggingInfoStream - [IW][coreLoadExecutor-265-thread-1]: waitForMerges
[coreLoadExecutor-265-thread-1] INFO org.apache.solr.update.LoggingInfoStream - [IW][coreLoadExecutor-265-thread-1]: waitForMerges done
[coreLoadExecutor-265-thread-1] INFO org.apache.solr.update.LoggingInfoStream - [IW][coreLoadExecutor-265-thread-1]: commit: start
[coreLoadExecutor-265-thread-1] INFO org.apache.solr.update.LoggingInfoStream - [IW][coreLoadExecutor-265-thread-1]: commit: enter lock
[coreLoadExecutor-265-thread-1] INFO org.apache.solr.update.LoggingInfoStream - [IW][coreLoadExecutor-265-thread-1]: commit: now prepare
[coreLoadExecutor-265-thread-1] INFO org.apache.solr.update.LoggingInfoStream - [IW][coreLoadExecutor-265-thread-1]: prepareCommit: flush
[coreLoadExecutor-265-thread-1] INFO org.apache.solr.update.LoggingInfoStream - [IW][coreLoadExecutor-265-thread-1]:   index before flush 
[coreLoadExecutor-265-thread-1] INFO org.apache.solr.update.LoggingInfoStream - [DW][coreLoadExecutor-265-thread-1]: startFullFlush
[coreLoadExecutor-265-thread-1] INFO org.apache.solr.update.LoggingInfoStream - [IW][coreLoadExecutor-265-thread-1]: apply all deletes during flush
[coreLoadExecutor-265-thread-1] INFO org.apache.solr.update.LoggingInfoStream - [IW][coreLoadExecutor-265-thread-1]: now apply all deletes for all segments maxDoc=0
[coreLoadExecutor-265-thread-1] INFO org.apache.solr.update.LoggingInfoStream - [BD][coreLoadExecutor-265-thread-1]: prune sis=segments:  minGen=9223372036854775807 packetCount=0
[coreLoadExecutor-265-thread-1] INFO org.apache.solr.update.LoggingInfoStream - [DW][coreLoadExecutor-265-thread-1]: coreLoadExecutor-265-thread-1 finishFullFlush success=true
[coreLoadExecutor-265-thread-1] INFO org.apache.solr.update.LoggingInfoStream - [IW][coreLoadExecutor-265-thread-1]: startCommit(): start
[coreLoadExecutor-265-thread-1] INFO org.apache.solr.update.LoggingInfoStream - [IW][coreLoadExecutor-265-thread-1]: startCommit index= changeCount=2
[coreLoadExecutor-265-thread-1] INFO org.apache.solr.update.LoggingInfoStream - [IW][coreLoadExecutor-265-thread-1]: startCommit: wrote pending segments file "pending_segments_1"
[coreLoadExecutor-265-thread-1] INFO org.apache.solr.update.LoggingInfoStream - [IW][coreLoadExecutor-265-thread-1]: done all syncs: []
[coreLoadExecutor-265-thread-1] INFO org.apache.solr.update.LoggingInfoStream - [IW][coreLoadExecutor-265-thread-1]: commit: pendingCommit != null
[coreLoadExecutor-265-thread-1] INFO org.apache.solr.update.LoggingInfoStream - [IW][coreLoadExecutor-265-thread-1]: commit: done writing segments file "segments_1"
[coreLoadExecutor-265-thread-1] INFO org.apache.solr.update.LoggingInfoStream - [IFD][coreLoadExecutor-265-thread-1]: now checkpoint "" [0 segments ; isCommit = true]
[coreLoadExecutor-265-thread-1] INFO org.apache.solr.core.SolrDeletionPolicy - SolrDeletionPolicy.onCommit: commits: num=1
	commit{dir=NRTCachingDirectory(MMapDirectory@/tmp/solr-home889019506242786447/core/data/index lockFactory=org.apache.lucene.store.NativeFSLockFactory@2c3d74f6; maxCacheMB=48.0 maxMergeSizeMB=4.0),segFN=segments_1,generation=1}
[coreLoadExecutor-265-thread-1] INFO org.apache.solr.core.SolrDeletionPolicy - newest commit generation = 1
[coreLoadExecutor-265-thread-1] INFO org.apache.solr.update.LoggingInfoStream - [IFD][coreLoadExecutor-265-thread-1]: 0 msec to checkpoint
[coreLoadExecutor-265-thread-1] INFO org.apache.solr.update.LoggingInfoStream - [IW][coreLoadExecutor-265-thread-1]: commit: took 5.0 msec
[coreLoadExecutor-265-thread-1] INFO org.apache.solr.update.LoggingInfoStream - [IW][coreLoadExecutor-265-thread-1]: commit: done
[coreLoadExecutor-265-thread-1] INFO org.apache.solr.update.LoggingInfoStream - [IW][coreLoadExecutor-265-thread-1]: rollback
[coreLoadExecutor-265-thread-1] INFO org.apache.solr.update.LoggingInfoStream - [IW][coreLoadExecutor-265-thread-1]: all running merges have aborted
[coreLoadExecutor-265-thread-1] INFO org.apache.solr.update.LoggingInfoStream - [IW][coreLoadExecutor-265-thread-1]: rollback: done finish merges
[coreLoadExecutor-265-thread-1] INFO org.apache.solr.update.LoggingInfoStream - [DW][coreLoadExecutor-265-thread-1]: abort
[coreLoadExecutor-265-thread-1] INFO org.apache.solr.update.LoggingInfoStream - [DW][coreLoadExecutor-265-thread-1]: done abort success=true
[coreLoadExecutor-265-thread-1] INFO org.apache.solr.update.LoggingInfoStream - [IW][coreLoadExecutor-265-thread-1]: rollback: infos=
[coreLoadExecutor-265-thread-1] INFO org.apache.solr.update.LoggingInfoStream - [IFD][coreLoadExecutor-265-thread-1]: now checkpoint "" [0 segments ; isCommit = false]
[coreLoadExecutor-265-thread-1] INFO org.apache.solr.update.LoggingInfoStream - [IFD][coreLoadExecutor-265-thread-1]: 0 msec to checkpoint
[OldIndexDirectoryCleanupThreadForCore-core] INFO org.apache.solr.core.SolrCore - Looking for old index directories to cleanup for core core in /tmp/solr-home889019506242786447/core/data/
[coreLoadExecutor-265-thread-1] INFO org.apache.solr.core.SolrCore - no updateRequestProcessorChain defined as default, creating implicit default
[coreLoadExecutor-265-thread-1] INFO org.apache.solr.handler.loader.XMLLoader - xsltCacheLifetimeSeconds=60
[coreLoadExecutor-265-thread-1] INFO org.apache.solr.handler.loader.XMLLoader - xsltCacheLifetimeSeconds=60
[coreLoadExecutor-265-thread-1] INFO org.apache.solr.handler.loader.XMLLoader - xsltCacheLifetimeSeconds=60
[coreLoadExecutor-265-thread-1] INFO org.apache.solr.handler.loader.XMLLoader - xsltCacheLifetimeSeconds=60
[coreLoadExecutor-265-thread-1] INFO org.apache.solr.core.RequestHandlers - Registered paths: /admin/mbeans,,/update/csv,/update/json/docs,/admin/luke,/select,/suggester,/admin/segments,/get,/admin/system,/replication,/admin/properties,/config,/schema,/admin/plugins,/admin/logging,/update/json,/admin/threads,/admin/ping,/update,/admin/file
[coreLoadExecutor-265-thread-1] INFO org.apache.solr.core.SolrCore - Using default statsCache cache: org.apache.solr.search.stats.LocalStatsCache
[coreLoadExecutor-265-thread-1] INFO org.apache.solr.update.UpdateHandler - Using UpdateLog implementation: org.apache.solr.update.UpdateLog
[coreLoadExecutor-265-thread-1] INFO org.apache.solr.update.UpdateLog - Initializing UpdateLog: dataDir= defaultSyncLevel=FLUSH numRecordsToKeep=100 maxNumLogsToKeep=10 numVersionBuckets=65536
[coreLoadExecutor-265-thread-1] INFO org.apache.solr.update.CommitTracker - Hard AutoCommit: if uncommited for 15000ms; 
[coreLoadExecutor-265-thread-1] INFO org.apache.solr.update.CommitTracker - Soft AutoCommit: disabled
[coreLoadExecutor-265-thread-1] INFO org.apache.solr.update.LoggingInfoStream - [IFD][coreLoadExecutor-265-thread-1]: init: current segments file is "segments_1"; deletionPolicy=org.apache.solr.core.IndexDeletionPolicyWrapper@2b04e67d
[coreLoadExecutor-265-thread-1] INFO org.apache.solr.update.LoggingInfoStream - [IFD][coreLoadExecutor-265-thread-1]: init: load commit "segments_1"
[coreLoadExecutor-265-thread-1] INFO org.apache.solr.core.SolrDeletionPolicy - SolrDeletionPolicy.onInit: commits: num=1
	commit{dir=NRTCachingDirectory(MMapDirectory@/tmp/solr-home889019506242786447/core/data/index lockFactory=org.apache.lucene.store.NativeFSLockFactory@2c3d74f6; maxCacheMB=48.0 maxMergeSizeMB=4.0),segFN=segments_1,generation=1}
[coreLoadExecutor-265-thread-1] INFO org.apache.solr.core.SolrDeletionPolicy - newest commit generation = 1
[coreLoadExecutor-265-thread-1] INFO org.apache.solr.update.LoggingInfoStream - [IFD][coreLoadExecutor-265-thread-1]: now checkpoint "" [0 segments ; isCommit = false]
[coreLoadExecutor-265-thread-1] INFO org.apache.solr.update.LoggingInfoStream - [IFD][coreLoadExecutor-265-thread-1]: 0 msec to checkpoint
[coreLoadExecutor-265-thread-1] INFO org.apache.solr.update.LoggingInfoStream - [IW][coreLoadExecutor-265-thread-1]: init: create=false
[coreLoadExecutor-265-thread-1] INFO org.apache.solr.update.LoggingInfoStream - [IW][coreLoadExecutor-265-thread-1]: 
dir=NRTCachingDirectory(MMapDirectory@/tmp/solr-home889019506242786447/core/data/index lockFactory=org.apache.lucene.store.NativeFSLockFactory@2c3d74f6; maxCacheMB=48.0 maxMergeSizeMB=4.0)
index=
version=5.5.1
analyzer=org.apache.solr.update.SolrIndexConfig$DelayedSchemaAnalyzer
ramBufferSizeMB=100.0
maxBufferedDocs=-1
maxBufferedDeleteTerms=-1
mergedSegmentWarmer=null
delPolicy=org.apache.solr.core.IndexDeletionPolicyWrapper
commit=null
openMode=APPEND
similarity=org.apache.lucene.search.similarities.ClassicSimilarity
mergeScheduler=ConcurrentMergeScheduler: maxThreadCount=-1, maxMergeCount=-1, ioThrottle=true
default WRITE_LOCK_TIMEOUT=0
writeLockTimeout=0
codec=Lucene54
infoStream=org.apache.solr.update.LoggingInfoStream
mergePolicy=[TieredMergePolicy: maxMergeAtOnce=10, maxMergeAtOnceExplicit=30, maxMergedSegmentMB=5120.0, floorSegmentMB=2.0, forceMergeDeletesPctAllowed=10.0, segmentsPerTier=10.0, maxCFSSegmentSizeMB=8.796093022207999E12, noCFSRatio=0.1
indexerThreadPool=org.apache.lucene.index.DocumentsWriterPerThreadPool@664875c4
readerPooling=false
perThreadHardLimitMB=1945
useCompoundFile=false
commitOnClose=true
writer=org.apache.solr.update.SolrIndexWriter@43028319

[coreLoadExecutor-265-thread-1] INFO org.apache.solr.update.LoggingInfoStream - [IW][coreLoadExecutor-265-thread-1]: MMapDirectory.UNMAP_SUPPORTED=true
[coreLoadExecutor-265-thread-1] INFO org.apache.solr.update.LoggingInfoStream - [IW][coreLoadExecutor-265-thread-1]: flush at getReader
[coreLoadExecutor-265-thread-1] INFO org.apache.solr.update.LoggingInfoStream - [DW][coreLoadExecutor-265-thread-1]: startFullFlush
[coreLoadExecutor-265-thread-1] INFO org.apache.solr.update.LoggingInfoStream - [IW][coreLoadExecutor-265-thread-1]: apply all deletes during flush
[coreLoadExecutor-265-thread-1] INFO org.apache.solr.update.LoggingInfoStream - [IW][coreLoadExecutor-265-thread-1]: now apply all deletes for all segments maxDoc=0
[coreLoadExecutor-265-thread-1] INFO org.apache.solr.update.LoggingInfoStream - [BD][coreLoadExecutor-265-thread-1]: prune sis=segments_1:  minGen=9223372036854775807 packetCount=0
[coreLoadExecutor-265-thread-1] INFO org.apache.solr.update.LoggingInfoStream - [IW][coreLoadExecutor-265-thread-1]: incRefDeleter for NRT reader version=2 segments=
[coreLoadExecutor-265-thread-1] INFO org.apache.solr.update.LoggingInfoStream - [IW][coreLoadExecutor-265-thread-1]: return reader version=2 reader=StandardDirectoryReader(segments_1:2:nrt)
[coreLoadExecutor-265-thread-1] INFO org.apache.solr.update.LoggingInfoStream - [DW][coreLoadExecutor-265-thread-1]: coreLoadExecutor-265-thread-1 finishFullFlush success=true
[coreLoadExecutor-265-thread-1] INFO org.apache.solr.update.LoggingInfoStream - [IW][coreLoadExecutor-265-thread-1]: getReader took 1 msec
[coreLoadExecutor-265-thread-1] INFO org.apache.solr.search.SolrIndexSearcher - Opening Searcher@5bd67fa3[core] main
[coreLoadExecutor-265-thread-1] INFO org.apache.solr.rest.ManagedResourceStorage - File-based storage initialized to use dir: /tmp/solr-home889019506242786447/core/conf
[coreLoadExecutor-265-thread-1] INFO org.apache.solr.rest.RestManager - Initializing RestManager with initArgs: {storageDir=/tmp/solr-home889019506242786447/core/conf}
[coreLoadExecutor-265-thread-1] INFO org.apache.solr.rest.ManagedResourceStorage - Reading _rest_managed.json using file:dir=/tmp/solr-home889019506242786447/core/conf
[coreLoadExecutor-265-thread-1] INFO org.apache.solr.rest.RestManager - Initializing 0 registered ManagedResources
[coreLoadExecutor-265-thread-1] INFO org.apache.solr.handler.component.SpellCheckComponent - Initializing spell checkers
[coreLoadExecutor-265-thread-1] INFO org.apache.solr.handler.component.SpellCheckComponent - Registering newSearcher listener for spellchecker: default
[coreLoadExecutor-265-thread-1] INFO org.apache.solr.handler.component.SpellCheckComponent - No queryConverter defined, using default converter
[coreLoadExecutor-265-thread-1] INFO org.apache.solr.handler.ReplicationHandler - Commits will be reserved for  10000
[coreLoadExecutor-265-thread-1] INFO org.apache.solr.update.UpdateLog - Looking up max value of version field to seed version buckets
[searcherExecutor-266-thread-1] INFO org.apache.solr.handler.component.SpellCheckComponent - Loading spell index for spellchecker: default
[coreLoadExecutor-265-thread-1] INFO org.apache.solr.update.VersionInfo - Refreshing highest value of _version_ for 65536 version buckets from index
[coreLoadExecutor-265-thread-1] INFO org.apache.solr.update.VersionInfo - No terms found for _version_, cannot seed version bucket highest value from index
[coreLoadExecutor-265-thread-1] INFO org.apache.solr.update.UpdateLog - Could not find max version in index or recent updates, using new clock 1576087836148367360
[searcherExecutor-266-thread-1] INFO org.apache.solr.core.SolrCore - [core] Registered new searcher Searcher@5bd67fa3[core] main{ExitableDirectoryReader(UninvertingDirectoryReader())}
[coreLoadExecutor-265-thread-1] INFO org.apache.solr.update.UpdateLog - Took 1.0ms to seed version buckets with highest version 1576087836148367360
[coreLoadExecutor-265-thread-1] INFO org.apache.solr.core.CoreContainer - registering core: core
[Test worker] INFO org.apache.solr.core.SolrCore.Request - [core]  webapp=null path=/admin/ping params={} hits=0 status=0 QTime=0
[Test worker] INFO org.apache.solr.core.SolrCore.Request - [core]  webapp=null path=/admin/ping params={} status=0 QTime=0
[Test worker] INFO com.rbmhtechnology.vind.solr.SolrSearchServer - Connection to solr server successful
[Test worker] INFO org.apache.solr.core.SolrCore.Request - [core]  webapp=null path=/schema params={} status=0 QTime=0
[Test worker] INFO com.rbmhtechnology.vind.solr.SolrSearchServer - No server provider of type class com.rbmhtechnology.vind.solr.EmbeddedSolrServerProvider found in classpath for server com.rbmhtechnology.vind.solr.SolrSearchServer
[Test worker] INFO org.apache.solr.update.processor.LogUpdateProcessorFactory - [core]  webapp=null path=/update params={}{add=[1 (1576087836153610240)]} 0 1
[Test worker] INFO org.apache.solr.update.processor.LogUpdateProcessorFactory - [core]  webapp=null path=/update params={}{add=[2 (1576087836155707392)]} 0 0
[Test worker] INFO org.apache.solr.update.DirectUpdateHandler2 - start commit{,optimize=false,openSearcher=true,waitSearcher=true,expungeDeletes=false,softCommit=false,prepareCommit=false}
[Test worker] INFO org.apache.solr.update.LoggingInfoStream - [IW][Test worker]: commit: start
[Test worker] INFO org.apache.solr.update.LoggingInfoStream - [IW][Test worker]: commit: enter lock
[Test worker] INFO org.apache.solr.update.LoggingInfoStream - [IW][Test worker]: commit: now prepare
[Test worker] INFO org.apache.solr.update.LoggingInfoStream - [IW][Test worker]: prepareCommit: flush
[Test worker] INFO org.apache.solr.update.LoggingInfoStream - [IW][Test worker]:   index before flush 
[Test worker] INFO org.apache.solr.update.LoggingInfoStream - [DW][Test worker]: startFullFlush
[Test worker] INFO org.apache.solr.update.LoggingInfoStream - [DW][Test worker]: anyChanges? numDocsInRam=2 deletes=true hasTickets:false pendingChangesInFullFlush: false
[Test worker] INFO org.apache.solr.update.LoggingInfoStream - [DWFC][Test worker]: addFlushableState DocumentsWriterPerThread [pendingDeletes=gen=0 1 deleted terms (unique count=1) bytesUsed=169, segment=_0, aborted=false, numDocsInRAM=2, deleteQueue=DWDQ: [ generation: 1 ]]
[Test worker] INFO org.apache.solr.update.LoggingInfoStream - [DWPT][Test worker]: flush postings as segment _0 numDocs=2
[Test worker] INFO org.apache.solr.update.LoggingInfoStream - [IW][Test worker]: 0 msec to write norms
[Test worker] INFO org.apache.solr.update.LoggingInfoStream - [IW][Test worker]: 0 msec to write docValues
[Test worker] INFO org.apache.solr.update.LoggingInfoStream - [IW][Test worker]: 0 msec to finish stored fields
[Test worker] INFO org.apache.solr.update.LoggingInfoStream - [IW][Test worker]: 0 msec to write postings and finish vectors
[Test worker] INFO org.apache.solr.update.LoggingInfoStream - [IW][Test worker]: 0 msec to write fieldInfos
[Test worker] INFO org.apache.solr.update.LoggingInfoStream - [DWPT][Test worker]: new segment has 0 deleted docs
[Test worker] INFO org.apache.solr.update.LoggingInfoStream - [DWPT][Test worker]: new segment has no vectors; norms; docValues; prox; freqs
[Test worker] INFO org.apache.solr.update.LoggingInfoStream - [DWPT][Test worker]: flushedFiles=[_0_Lucene54_0.dvm, _0_Lucene50_0.doc, _0_Lucene50_0.tim, _0_Lucene50_0.pos, _0.nvd, _0.fdx, _0_Lucene54_0.dvd, _0_Lucene50_0.tip, _0.fdt, _0.nvm, _0.fnm]
[Test worker] INFO org.apache.solr.update.LoggingInfoStream - [DWPT][Test worker]: flushed codec=Lucene54
[Test worker] INFO org.apache.solr.update.LoggingInfoStream - [DWPT][Test worker]: flushed: segment=_0 ramUsed=0.319 MB newFlushedSize=0.004 MB docs/MB=536.631
[Test worker] INFO org.apache.solr.update.LoggingInfoStream - [DW][Test worker]: publishFlushedSegment seg-private updates=null
[Test worker] INFO org.apache.solr.update.LoggingInfoStream - [IW][Test worker]: publishFlushedSegment
[Test worker] INFO org.apache.solr.update.LoggingInfoStream - [BD][Test worker]: push deletes  2 deleted terms (unique count=2) bytesUsed=1072 segmentPrivate?=false delGen=2 packetCount=1 totBytesUsed=1072
[Test worker] INFO org.apache.solr.update.LoggingInfoStream - [IW][Test worker]: publish sets newSegment delGen=3 seg=_0(5.5.1):C2
[Test worker] INFO org.apache.solr.update.LoggingInfoStream - [IFD][Test worker]: now checkpoint "_0(5.5.1):C2" [1 segments ; isCommit = false]
[Test worker] INFO org.apache.solr.update.LoggingInfoStream - [IFD][Test worker]: 0 msec to checkpoint
[Test worker] INFO org.apache.solr.update.LoggingInfoStream - [IW][Test worker]: apply all deletes during flush
[Test worker] INFO org.apache.solr.update.LoggingInfoStream - [IW][Test worker]: now apply all deletes for all segments maxDoc=2
[Test worker] INFO org.apache.solr.update.LoggingInfoStream - [BD][Test worker]: applyDeletes: open segment readers took 0 msec
[Test worker] INFO org.apache.solr.update.LoggingInfoStream - [BD][Test worker]: applyDeletes: infos=[_0(5.5.1):C2] packetCount=1
[Test worker] INFO org.apache.solr.update.LoggingInfoStream - [BD][Test worker]: applyDeletes took 0 msec for 1 segments, 0 newly deleted docs (query deletes), 0 visited terms, allDeleted=null
[Test worker] INFO org.apache.solr.update.LoggingInfoStream - [BD][Test worker]: prune sis=segments_1: _0(5.5.1):C2 minGen=3 packetCount=1
[Test worker] INFO org.apache.solr.update.LoggingInfoStream - [BD][Test worker]: pruneDeletes: prune 1 packets; 0 packets remain
[Test worker] INFO org.apache.solr.update.LoggingInfoStream - [DW][Test worker]: Test worker finishFullFlush success=true
[Test worker] INFO org.apache.solr.update.LoggingInfoStream - [TMP][Test worker]: findMerges: 1 segments
[Test worker] INFO org.apache.solr.update.LoggingInfoStream - [TMP][Test worker]:   seg=_0(5.5.1):C2 size=0.004 MB [floored]
[Test worker] INFO org.apache.solr.update.LoggingInfoStream - [TMP][Test worker]:   allowedSegmentCount=1 vs count=1 (eligible count=1) tooBigCount=0
[Test worker] INFO org.apache.solr.update.LoggingInfoStream - [MS][Test worker]: initDynamicDefaults spins=false maxThreadCount=2 maxMergeCount=7
[Test worker] INFO org.apache.solr.update.LoggingInfoStream - [MS][Test worker]: now merge
[Test worker] INFO org.apache.solr.update.LoggingInfoStream - [MS][Test worker]:   index: _0(5.5.1):C2
[Test worker] INFO org.apache.solr.update.LoggingInfoStream - [MS][Test worker]:   no more merges pending; now return
[Test worker] INFO org.apache.solr.update.LoggingInfoStream - [IW][Test worker]: startCommit(): start
[Test worker] INFO org.apache.solr.update.LoggingInfoStream - [IW][Test worker]: startCommit index=_0(5.5.1):C2 changeCount=4
[Test worker] INFO org.apache.solr.update.LoggingInfoStream - [IW][Test worker]: startCommit: wrote pending segments file "pending_segments_2"
[Test worker] INFO org.apache.solr.update.LoggingInfoStream - [IW][Test worker]: done all syncs: [_0.si, _0_Lucene50_0.doc, _0_Lucene50_0.tim, _0_Lucene54_0.dvm, _0_Lucene50_0.pos, _0.nvd, _0.fdx, _0_Lucene54_0.dvd, _0_Lucene50_0.tip, _0.fdt, _0.nvm, _0.fnm]
[Test worker] INFO org.apache.solr.update.LoggingInfoStream - [IW][Test worker]: commit: pendingCommit != null
[Test worker] INFO org.apache.solr.update.LoggingInfoStream - [IW][Test worker]: commit: done writing segments file "segments_2"
[Test worker] INFO org.apache.solr.update.LoggingInfoStream - [IFD][Test worker]: now checkpoint "_0(5.5.1):C2" [1 segments ; isCommit = true]
[Test worker] INFO org.apache.solr.core.SolrDeletionPolicy - SolrDeletionPolicy.onCommit: commits: num=2
	commit{dir=NRTCachingDirectory(MMapDirectory@/tmp/solr-home889019506242786447/core/data/index lockFactory=org.apache.lucene.store.NativeFSLockFactory@2c3d74f6; maxCacheMB=48.0 maxMergeSizeMB=4.0),segFN=segments_1,generation=1}
	commit{dir=NRTCachingDirectory(MMapDirectory@/tmp/solr-home889019506242786447/core/data/index lockFactory=org.apache.lucene.store.NativeFSLockFactory@2c3d74f6; maxCacheMB=48.0 maxMergeSizeMB=4.0),segFN=segments_2,generation=2}
[Test worker] INFO org.apache.solr.core.SolrDeletionPolicy - newest commit generation = 2
[Test worker] INFO org.apache.solr.update.LoggingInfoStream - [IFD][Test worker]: deleteCommits: now decRef commit "segments_1"
[Test worker] INFO org.apache.solr.update.LoggingInfoStream - [IFD][Test worker]: delete "segments_1"
[Test worker] INFO org.apache.solr.update.LoggingInfoStream - [IFD][Test worker]: 0 msec to checkpoint
[Test worker] INFO org.apache.solr.update.LoggingInfoStream - [IW][Test worker]: commit: took 53.4 msec
[Test worker] INFO org.apache.solr.update.LoggingInfoStream - [IW][Test worker]: commit: done
[Test worker] INFO org.apache.solr.update.LoggingInfoStream - [IW][Test worker]: nrtIsCurrent: infoVersion matches: false; DW changes: false; BD changes: false
[Test worker] INFO org.apache.solr.update.LoggingInfoStream - [IW][Test worker]: flush at getReader
[Test worker] INFO org.apache.solr.update.LoggingInfoStream - [DW][Test worker]: startFullFlush
[Test worker] INFO org.apache.solr.update.LoggingInfoStream - [IW][Test worker]: apply all deletes during flush
[Test worker] INFO org.apache.solr.update.LoggingInfoStream - [IW][Test worker]: now apply all deletes for all segments maxDoc=2
[Test worker] INFO org.apache.solr.update.LoggingInfoStream - [BD][Test worker]: applyDeletes: open segment readers took 0 msec
[Test worker] INFO org.apache.solr.update.LoggingInfoStream - [BD][Test worker]: applyDeletes: no segments; skipping
[Test worker] INFO org.apache.solr.update.LoggingInfoStream - [BD][Test worker]: prune sis=segments_2: _0(5.5.1):C2 minGen=3 packetCount=0
[Test worker] INFO org.apache.solr.update.LoggingInfoStream - [IW][Test worker]: incRefDeleter for NRT reader version=6 segments=_0(5.5.1):C2
[Test worker] INFO org.apache.solr.update.LoggingInfoStream - [IW][Test worker]: return reader version=6 reader=StandardDirectoryReader(segments_2:6:nrt _0(5.5.1):C2)
[Test worker] INFO org.apache.solr.update.LoggingInfoStream - [DW][Test worker]: Test worker finishFullFlush success=true
[Test worker] INFO org.apache.solr.update.LoggingInfoStream - [IW][Test worker]: getReader took 1 msec
[Test worker] INFO org.apache.solr.search.SolrIndexSearcher - Opening Searcher@1c39957e[core] main
[searcherExecutor-266-thread-1] INFO org.apache.solr.handler.component.SpellCheckComponent - Building spell index for spell checker: default
[Test worker] INFO org.apache.solr.update.DirectUpdateHandler2 - end_commit_flush
[searcherExecutor-266-thread-1] INFO org.apache.solr.core.SolrCore - [core] Registered new searcher Searcher@1c39957e[core] main{ExitableDirectoryReader(UninvertingDirectoryReader(Uninverting(_0(5.5.1):C2)))}
[searcherExecutor-266-thread-1] INFO org.apache.solr.update.LoggingInfoStream - [IW][searcherExecutor-266-thread-1]: decRefDeleter for NRT reader version=2 segments=
[Test worker] INFO org.apache.solr.update.processor.LogUpdateProcessorFactory - [core]  webapp=null path=/update params={commit=true&softCommit=false&waitSearcher=true}{commit=} 0 92
[Test worker] INFO org.apache.solr.core.SolrCore.Request - [core]  webapp=null path=/select params={q=*&fl=*,score&df=text&fq=_type_:asset&fq=dynamic_single_facet_string_textSingle:tex*&start=0&rows=10} hits=1 status=0 QTime=0
[Test worker] INFO com.rbmhtechnology.vind.api.result.PageResult - SearchResult{numOfResults=1, results=[DocumentImpl{values={textSingle={null=text 1}}, id='1', type='asset'}]}
[Test worker] INFO org.apache.solr.core.SolrCore.Request - [core]  webapp=null path=/select params={q=*&fl=*,score&df=text&fq=_type_:asset&fq=dynamic_multi_facet_string_textMulti:tex*&start=0&rows=10} hits=1 status=0 QTime=1
[Test worker] INFO com.rbmhtechnology.vind.api.result.PageResult - SearchResult{numOfResults=1, results=[DocumentImpl{values={textSingle={null=Other text 2}, textMulti={null=[text 2.1, text 2.2]}}, id='2', type='asset'}]}
[Test worker] INFO org.apache.solr.core.CoreContainer - Shutting down CoreContainer instance=2026293702
[coreCloseExecutor-271-thread-1] INFO org.apache.solr.core.SolrCore - [core]  CLOSING SolrCore org.apache.solr.core.SolrCore@77bdf05a
[coreCloseExecutor-271-thread-1] INFO org.apache.solr.update.DirectUpdateHandler2 - closing DirectUpdateHandler2{commits=1,autocommit maxTime=15000ms,autocommits=0,soft autocommits=0,optimizes=0,rollbacks=0,expungeDeletes=0,docsPending=0,adds=0,deletesById=0,deletesByQuery=0,errors=0,cumulative_adds=2,cumulative_deletesById=0,cumulative_deletesByQuery=0,cumulative_errors=0,transaction_logs_total_size=487,transaction_logs_total_number=1}
[coreCloseExecutor-271-thread-1] INFO org.apache.solr.update.SolrCoreState - Closing SolrCoreState
[coreCloseExecutor-271-thread-1] INFO org.apache.solr.update.DefaultSolrCoreState - SolrCoreState ref count has reached 0 - closing IndexWriter
[coreCloseExecutor-271-thread-1] INFO org.apache.solr.update.DefaultSolrCoreState - closing IndexWriter with IndexWriterCloser
[coreCloseExecutor-271-thread-1] INFO org.apache.solr.update.LoggingInfoStream - [IW][coreCloseExecutor-271-thread-1]: now flush at close
[coreCloseExecutor-271-thread-1] INFO org.apache.solr.update.LoggingInfoStream - [IW][coreCloseExecutor-271-thread-1]:   start flush: applyAllDeletes=true
[coreCloseExecutor-271-thread-1] INFO org.apache.solr.update.LoggingInfoStream - [IW][coreCloseExecutor-271-thread-1]:   index before flush _0(5.5.1):C2
[coreCloseExecutor-271-thread-1] INFO org.apache.solr.update.LoggingInfoStream - [DW][coreCloseExecutor-271-thread-1]: startFullFlush
[coreCloseExecutor-271-thread-1] INFO org.apache.solr.update.LoggingInfoStream - [DW][coreCloseExecutor-271-thread-1]: coreCloseExecutor-271-thread-1 finishFullFlush success=true
[coreCloseExecutor-271-thread-1] INFO org.apache.solr.update.LoggingInfoStream - [IW][coreCloseExecutor-271-thread-1]: apply all deletes during flush
[coreCloseExecutor-271-thread-1] INFO org.apache.solr.update.LoggingInfoStream - [IW][coreCloseExecutor-271-thread-1]: now apply all deletes for all segments maxDoc=2
[coreCloseExecutor-271-thread-1] INFO org.apache.solr.update.LoggingInfoStream - [BD][coreCloseExecutor-271-thread-1]: applyDeletes: open segment readers took 0 msec
[coreCloseExecutor-271-thread-1] INFO org.apache.solr.update.LoggingInfoStream - [BD][coreCloseExecutor-271-thread-1]: applyDeletes: no segments; skipping
[coreCloseExecutor-271-thread-1] INFO org.apache.solr.update.LoggingInfoStream - [BD][coreCloseExecutor-271-thread-1]: prune sis=segments_2: _0(5.5.1):C2 minGen=3 packetCount=0
[coreCloseExecutor-271-thread-1] INFO org.apache.solr.update.LoggingInfoStream - [MS][coreCloseExecutor-271-thread-1]: updateMergeThreads ioThrottle=true targetMBPerSec=10240.0 MB/sec
[coreCloseExecutor-271-thread-1] INFO org.apache.solr.update.LoggingInfoStream - [MS][coreCloseExecutor-271-thread-1]: now merge
[coreCloseExecutor-271-thread-1] INFO org.apache.solr.update.LoggingInfoStream - [MS][coreCloseExecutor-271-thread-1]:   index: _0(5.5.1):C2
[coreCloseExecutor-271-thread-1] INFO org.apache.solr.update.LoggingInfoStream - [MS][coreCloseExecutor-271-thread-1]:   no more merges pending; now return
[coreCloseExecutor-271-thread-1] INFO org.apache.solr.update.LoggingInfoStream - [IW][coreCloseExecutor-271-thread-1]: waitForMerges
[coreCloseExecutor-271-thread-1] INFO org.apache.solr.update.LoggingInfoStream - [IW][coreCloseExecutor-271-thread-1]: waitForMerges done
[coreCloseExecutor-271-thread-1] INFO org.apache.solr.update.LoggingInfoStream - [IW][coreCloseExecutor-271-thread-1]: commit: start
[coreCloseExecutor-271-thread-1] INFO org.apache.solr.update.LoggingInfoStream - [IW][coreCloseExecutor-271-thread-1]: commit: enter lock
[coreCloseExecutor-271-thread-1] INFO org.apache.solr.update.LoggingInfoStream - [IW][coreCloseExecutor-271-thread-1]: commit: now prepare
[coreCloseExecutor-271-thread-1] INFO org.apache.solr.update.LoggingInfoStream - [IW][coreCloseExecutor-271-thread-1]: prepareCommit: flush
[coreCloseExecutor-271-thread-1] INFO org.apache.solr.update.LoggingInfoStream - [IW][coreCloseExecutor-271-thread-1]:   index before flush _0(5.5.1):C2
[coreCloseExecutor-271-thread-1] INFO org.apache.solr.update.LoggingInfoStream - [DW][coreCloseExecutor-271-thread-1]: startFullFlush
[coreCloseExecutor-271-thread-1] INFO org.apache.solr.update.LoggingInfoStream - [IW][coreCloseExecutor-271-thread-1]: apply all deletes during flush
[coreCloseExecutor-271-thread-1] INFO org.apache.solr.update.LoggingInfoStream - [IW][coreCloseExecutor-271-thread-1]: now apply all deletes for all segments maxDoc=2
[coreCloseExecutor-271-thread-1] INFO org.apache.solr.update.LoggingInfoStream - [BD][coreCloseExecutor-271-thread-1]: applyDeletes: open segment readers took 0 msec
[coreCloseExecutor-271-thread-1] INFO org.apache.solr.update.LoggingInfoStream - [BD][coreCloseExecutor-271-thread-1]: applyDeletes: no segments; skipping
[coreCloseExecutor-271-thread-1] INFO org.apache.solr.update.LoggingInfoStream - [BD][coreCloseExecutor-271-thread-1]: prune sis=segments_2: _0(5.5.1):C2 minGen=3 packetCount=0
[coreCloseExecutor-271-thread-1] INFO org.apache.solr.update.LoggingInfoStream - [DW][coreCloseExecutor-271-thread-1]: coreCloseExecutor-271-thread-1 finishFullFlush success=true
[coreCloseExecutor-271-thread-1] INFO org.apache.solr.update.LoggingInfoStream - [IW][coreCloseExecutor-271-thread-1]: startCommit(): start
[coreCloseExecutor-271-thread-1] INFO org.apache.solr.update.LoggingInfoStream - [IW][coreCloseExecutor-271-thread-1]:   skip startCommit(): no changes pending
[coreCloseExecutor-271-thread-1] INFO org.apache.solr.update.LoggingInfoStream - [IW][coreCloseExecutor-271-thread-1]: commit: pendingCommit == null; skip
[coreCloseExecutor-271-thread-1] INFO org.apache.solr.update.LoggingInfoStream - [IW][coreCloseExecutor-271-thread-1]: commit: took 0.1 msec
[coreCloseExecutor-271-thread-1] INFO org.apache.solr.update.LoggingInfoStream - [IW][coreCloseExecutor-271-thread-1]: commit: done
[coreCloseExecutor-271-thread-1] INFO org.apache.solr.update.LoggingInfoStream - [IW][coreCloseExecutor-271-thread-1]: rollback
[coreCloseExecutor-271-thread-1] INFO org.apache.solr.update.LoggingInfoStream - [IW][coreCloseExecutor-271-thread-1]: all running merges have aborted
[coreCloseExecutor-271-thread-1] INFO org.apache.solr.update.LoggingInfoStream - [IW][coreCloseExecutor-271-thread-1]: rollback: done finish merges
[coreCloseExecutor-271-thread-1] INFO org.apache.solr.update.LoggingInfoStream - [DW][coreCloseExecutor-271-thread-1]: abort
[coreCloseExecutor-271-thread-1] INFO org.apache.solr.update.LoggingInfoStream - [DW][coreCloseExecutor-271-thread-1]: done abort success=true
[coreCloseExecutor-271-thread-1] INFO org.apache.solr.update.LoggingInfoStream - [IW][coreCloseExecutor-271-thread-1]: rollback: infos=_0(5.5.1):C2
[coreCloseExecutor-271-thread-1] INFO org.apache.solr.update.LoggingInfoStream - [IFD][coreCloseExecutor-271-thread-1]: now checkpoint "_0(5.5.1):C2" [1 segments ; isCommit = false]
[coreCloseExecutor-271-thread-1] INFO org.apache.solr.update.LoggingInfoStream - [IFD][coreCloseExecutor-271-thread-1]: 0 msec to checkpoint
[coreCloseExecutor-271-thread-1] INFO org.apache.solr.core.SolrCore - [core] Closing main searcher on request.
[coreCloseExecutor-271-thread-1] INFO org.apache.solr.core.CachingDirectoryFactory - Closing NRTCachingDirectoryFactory - 2 directories currently being tracked
[coreCloseExecutor-271-thread-1] INFO org.apache.solr.core.CachingDirectoryFactory - looking to close /tmp/solr-home889019506242786447/core/data/index [CachedDir<<refCount=0;path=/tmp/solr-home889019506242786447/core/data/index;done=false>>]
[coreCloseExecutor-271-thread-1] INFO org.apache.solr.core.CachingDirectoryFactory - Closing directory: /tmp/solr-home889019506242786447/core/data/index
[coreCloseExecutor-271-thread-1] INFO org.apache.solr.core.CachingDirectoryFactory - looking to close /tmp/solr-home889019506242786447/core/data [CachedDir<<refCount=0;path=/tmp/solr-home889019506242786447/core/data;done=false>>]
[coreCloseExecutor-271-thread-1] INFO org.apache.solr.core.CachingDirectoryFactory - Closing directory: /tmp/solr-home889019506242786447/core/data
[Test worker] INFO com.rbmhtechnology.vind.solr.SolrSearchServer - No server provider of type class com.rbmhtechnology.vind.solr.EmbeddedSolrServerProvider found in classpath for server com.rbmhtechnology.vind.solr.SolrSearchServer
[Test worker] INFO com.rbmhtechnology.vind.solr.SolrSearchServer - No server provider of type class com.rbmhtechnology.vind.solr.EmbeddedSolrServerProvider found in classpath for server com.rbmhtechnology.vind.solr.SolrSearchServer
[Test worker] INFO org.apache.solr.core.SolrResourceLoader - new SolrResourceLoader for directory: '/tmp/solr-home7309571682461729129'
[Test worker] INFO org.apache.solr.core.SolrResourceLoader - JNDI not configured for solr (NoInitialContextEx)
[Test worker] INFO org.apache.solr.core.SolrResourceLoader - solr home defaulted to 'solr/' (could not find system property or JNDI)
[Test worker] INFO org.apache.solr.core.SolrXmlConfig - Loading container configuration from /tmp/solr-home7309571682461729129/solr.xml
[Test worker] INFO org.apache.solr.core.CorePropertiesLocator - Config-defined core root directory: /tmp/solr-home7309571682461729129
[Test worker] INFO org.apache.solr.core.CoreContainer - New CoreContainer 741871271
[Test worker] INFO org.apache.solr.core.CoreContainer - Loading cores into CoreContainer [instanceDir=/tmp/solr-home7309571682461729129]
[Test worker] WARN org.apache.solr.core.CoreContainer - Couldn't add files from /tmp/solr-home7309571682461729129/lib to classpath: /tmp/solr-home7309571682461729129/lib
[Test worker] INFO org.apache.solr.handler.component.HttpShardHandlerFactory - created with socketTimeout : 120000,connTimeout : 15000,maxConnectionsPerHost : 20,maxConnections : 10000,corePoolSize : 0,maximumPoolSize : 2147483647,maxThreadIdleTime : 5,sizeOfQueue : -1,fairnessPolicy : false,useRetries : false,
[Test worker] INFO org.apache.solr.update.UpdateShardHandler - Creating UpdateShardHandler HTTP client with params: socketTimeout=600000&connTimeout=60000&retry=true
[Test worker] INFO org.apache.solr.logging.LogWatcher - SLF4J impl is org.slf4j.impl.SimpleLoggerFactory
[Test worker] INFO org.apache.solr.logging.LogWatcher - No LogWatcher configured
[Test worker] INFO org.apache.solr.core.CoreContainer - Security conf doesn't exist. Skipping setup for authorization module.
[Test worker] INFO org.apache.solr.core.CoreContainer - No authentication plugin used.
[Test worker] INFO org.apache.solr.core.CorePropertiesLocator - Looking for core definitions underneath /tmp/solr-home7309571682461729129
[Test worker] INFO org.apache.solr.core.CoreDescriptor - Created CoreDescriptor: {runtimeLib=false, name=core, config=solrconfig.xml, loadOnStartup=true, schema=schema.xml, configSetProperties=configsetprops.json, transient=false, dataDir=data/}
[Test worker] INFO org.apache.solr.core.CorePropertiesLocator - Found core core in /tmp/solr-home7309571682461729129/core
[Test worker] INFO org.apache.solr.core.CorePropertiesLocator - Found 1 core definitions
[coreLoadExecutor-278-thread-1] INFO org.apache.solr.core.SolrResourceLoader - new SolrResourceLoader for directory: '/tmp/solr-home7309571682461729129/core'
[coreLoadExecutor-278-thread-1] INFO org.apache.solr.core.SolrResourceLoader - JNDI not configured for solr (NoInitialContextEx)
[coreLoadExecutor-278-thread-1] INFO org.apache.solr.core.SolrResourceLoader - solr home defaulted to 'solr/' (could not find system property or JNDI)
[coreLoadExecutor-278-thread-1] INFO org.apache.solr.core.SolrResourceLoader - Adding 'file:/tmp/solr-home7309571682461729129/core/lib/marker-search-handler-0.3.0.jar' to classloader
[coreLoadExecutor-278-thread-1] INFO org.apache.solr.core.SolrResourceLoader - Adding 'file:/tmp/solr-home7309571682461729129/core/lib/suggestion-request-handler-2.1.0.jar' to classloader
[coreLoadExecutor-278-thread-1] INFO org.apache.solr.core.SolrConfig - current version of requestparams : -1
[coreLoadExecutor-278-thread-1] INFO org.apache.solr.update.SolrIndexConfig - IndexWriter infoStream solr logging is enabled
[coreLoadExecutor-278-thread-1] INFO org.apache.solr.core.SolrConfig - Using Lucene MatchVersion: 5.5.0
[coreLoadExecutor-278-thread-1] INFO org.apache.solr.core.SolrConfig - Loaded SolrConfig: solrconfig.xml
[coreLoadExecutor-278-thread-1] INFO org.apache.solr.schema.ManagedIndexSchemaFactory - The schema is configured as managed, but managed schema resource managed-schema not found - loading non-managed schema schema.xml instead
[coreLoadExecutor-278-thread-1] INFO org.apache.solr.schema.IndexSchema - [core] Schema name=basic search lib core
[coreLoadExecutor-278-thread-1] INFO org.apache.solr.schema.IndexSchema - unique key field: _id_
[coreLoadExecutor-278-thread-1] INFO org.apache.solr.schema.ManagedIndexSchema - Upgraded to managed schema at /tmp/solr-home7309571682461729129/core/conf/managed-schema
[coreLoadExecutor-278-thread-1] INFO org.apache.solr.schema.ManagedIndexSchemaFactory - After upgrading to managed schema, renamed the non-managed schema /tmp/solr-home7309571682461729129/core/conf/schema.xml to /tmp/solr-home7309571682461729129/core/conf/schema.xml.bak
[coreLoadExecutor-278-thread-1] INFO org.apache.solr.core.ConfigSetProperties - Did not find ConfigSet properties, assuming default properties: Can't find resource 'configsetprops.json' in classpath or '/tmp/solr-home7309571682461729129/core'
[coreLoadExecutor-278-thread-1] INFO org.apache.solr.core.CoreContainer - Creating SolrCore 'core' using configuration from instancedir /tmp/solr-home7309571682461729129/core
[coreLoadExecutor-278-thread-1] INFO org.apache.solr.core.SolrCore - solr.NRTCachingDirectoryFactory
[coreLoadExecutor-278-thread-1] INFO org.apache.solr.core.SolrCore - [[core] ] Opening new SolrCore at [/tmp/solr-home7309571682461729129/core], dataDir=[/tmp/solr-home7309571682461729129/core/data/]
[coreLoadExecutor-278-thread-1] INFO org.apache.solr.core.JmxMonitoredMap - No JMX servers found, not exposing Solr information with JMX.
[coreLoadExecutor-278-thread-1] INFO org.apache.solr.core.SchemaCodecFactory - Using default compressionMode: BEST_SPEED
[coreLoadExecutor-278-thread-1] INFO org.apache.solr.core.CachingDirectoryFactory - return new directory for /tmp/solr-home7309571682461729129/core/data
[coreLoadExecutor-278-thread-1] INFO org.apache.solr.core.SolrCore - New index directory detected: old=null new=/tmp/solr-home7309571682461729129/core/data/index/
[coreLoadExecutor-278-thread-1] WARN org.apache.solr.core.SolrCore - [core] Solr index directory '/tmp/solr-home7309571682461729129/core/data/index' doesn't exist. Creating new index...
[coreLoadExecutor-278-thread-1] INFO org.apache.solr.core.CachingDirectoryFactory - return new directory for /tmp/solr-home7309571682461729129/core/data/index
[coreLoadExecutor-278-thread-1] INFO org.apache.solr.update.LoggingInfoStream - [IFD][coreLoadExecutor-278-thread-1]: init: current segments file is "segments"; deletionPolicy=org.apache.solr.core.IndexDeletionPolicyWrapper@10367c85
[coreLoadExecutor-278-thread-1] INFO org.apache.solr.update.LoggingInfoStream - [IFD][coreLoadExecutor-278-thread-1]: now checkpoint "" [0 segments ; isCommit = false]
[coreLoadExecutor-278-thread-1] INFO org.apache.solr.update.LoggingInfoStream - [IFD][coreLoadExecutor-278-thread-1]: 0 msec to checkpoint
[coreLoadExecutor-278-thread-1] INFO org.apache.solr.update.LoggingInfoStream - [IW][coreLoadExecutor-278-thread-1]: init: create=true
[coreLoadExecutor-278-thread-1] INFO org.apache.solr.update.LoggingInfoStream - [IW][coreLoadExecutor-278-thread-1]: 
dir=NRTCachingDirectory(MMapDirectory@/tmp/solr-home7309571682461729129/core/data/index lockFactory=org.apache.lucene.store.NativeFSLockFactory@2c3d74f6; maxCacheMB=48.0 maxMergeSizeMB=4.0)
index=
version=5.5.1
analyzer=org.apache.solr.update.SolrIndexConfig$DelayedSchemaAnalyzer
ramBufferSizeMB=100.0
maxBufferedDocs=-1
maxBufferedDeleteTerms=-1
mergedSegmentWarmer=null
delPolicy=org.apache.solr.core.IndexDeletionPolicyWrapper
commit=null
openMode=CREATE
similarity=org.apache.lucene.search.similarities.ClassicSimilarity
mergeScheduler=ConcurrentMergeScheduler: maxThreadCount=-1, maxMergeCount=-1, ioThrottle=true
default WRITE_LOCK_TIMEOUT=0
writeLockTimeout=0
codec=Lucene54
infoStream=org.apache.solr.update.LoggingInfoStream
mergePolicy=[TieredMergePolicy: maxMergeAtOnce=10, maxMergeAtOnceExplicit=30, maxMergedSegmentMB=5120.0, floorSegmentMB=2.0, forceMergeDeletesPctAllowed=10.0, segmentsPerTier=10.0, maxCFSSegmentSizeMB=8.796093022207999E12, noCFSRatio=0.1
indexerThreadPool=org.apache.lucene.index.DocumentsWriterPerThreadPool@4fcb4c33
readerPooling=false
perThreadHardLimitMB=1945
useCompoundFile=false
commitOnClose=true
writer=org.apache.solr.update.SolrIndexWriter@1caab569

[coreLoadExecutor-278-thread-1] INFO org.apache.solr.update.LoggingInfoStream - [IW][coreLoadExecutor-278-thread-1]: MMapDirectory.UNMAP_SUPPORTED=true
[coreLoadExecutor-278-thread-1] INFO org.apache.solr.update.LoggingInfoStream - [IW][coreLoadExecutor-278-thread-1]: now flush at close
[coreLoadExecutor-278-thread-1] INFO org.apache.solr.update.LoggingInfoStream - [IW][coreLoadExecutor-278-thread-1]:   start flush: applyAllDeletes=true
[coreLoadExecutor-278-thread-1] INFO org.apache.solr.update.LoggingInfoStream - [IW][coreLoadExecutor-278-thread-1]:   index before flush 
[coreLoadExecutor-278-thread-1] INFO org.apache.solr.update.LoggingInfoStream - [DW][coreLoadExecutor-278-thread-1]: startFullFlush
[coreLoadExecutor-278-thread-1] INFO org.apache.solr.update.LoggingInfoStream - [DW][coreLoadExecutor-278-thread-1]: coreLoadExecutor-278-thread-1 finishFullFlush success=true
[coreLoadExecutor-278-thread-1] INFO org.apache.solr.update.LoggingInfoStream - [IW][coreLoadExecutor-278-thread-1]: apply all deletes during flush
[coreLoadExecutor-278-thread-1] INFO org.apache.solr.update.LoggingInfoStream - [IW][coreLoadExecutor-278-thread-1]: now apply all deletes for all segments maxDoc=0
[coreLoadExecutor-278-thread-1] INFO org.apache.solr.update.LoggingInfoStream - [BD][coreLoadExecutor-278-thread-1]: prune sis=segments:  minGen=9223372036854775807 packetCount=0
[coreLoadExecutor-278-thread-1] INFO org.apache.solr.update.LoggingInfoStream - [MS][coreLoadExecutor-278-thread-1]: initDynamicDefaults spins=false maxThreadCount=2 maxMergeCount=7
[coreLoadExecutor-278-thread-1] INFO org.apache.solr.update.LoggingInfoStream - [MS][coreLoadExecutor-278-thread-1]: updateMergeThreads ioThrottle=true targetMBPerSec=10240.0 MB/sec
[coreLoadExecutor-278-thread-1] INFO org.apache.solr.update.LoggingInfoStream - [MS][coreLoadExecutor-278-thread-1]: now merge
[coreLoadExecutor-278-thread-1] INFO org.apache.solr.update.LoggingInfoStream - [MS][coreLoadExecutor-278-thread-1]:   index: 
[coreLoadExecutor-278-thread-1] INFO org.apache.solr.update.LoggingInfoStream - [MS][coreLoadExecutor-278-thread-1]:   no more merges pending; now return
[coreLoadExecutor-278-thread-1] INFO org.apache.solr.update.LoggingInfoStream - [IW][coreLoadExecutor-278-thread-1]: waitForMerges
[coreLoadExecutor-278-thread-1] INFO org.apache.solr.update.LoggingInfoStream - [IW][coreLoadExecutor-278-thread-1]: waitForMerges done
[coreLoadExecutor-278-thread-1] INFO org.apache.solr.update.LoggingInfoStream - [IW][coreLoadExecutor-278-thread-1]: commit: start
[coreLoadExecutor-278-thread-1] INFO org.apache.solr.update.LoggingInfoStream - [IW][coreLoadExecutor-278-thread-1]: commit: enter lock
[coreLoadExecutor-278-thread-1] INFO org.apache.solr.update.LoggingInfoStream - [IW][coreLoadExecutor-278-thread-1]: commit: now prepare
[coreLoadExecutor-278-thread-1] INFO org.apache.solr.update.LoggingInfoStream - [IW][coreLoadExecutor-278-thread-1]: prepareCommit: flush
[coreLoadExecutor-278-thread-1] INFO org.apache.solr.update.LoggingInfoStream - [IW][coreLoadExecutor-278-thread-1]:   index before flush 
[coreLoadExecutor-278-thread-1] INFO org.apache.solr.update.LoggingInfoStream - [DW][coreLoadExecutor-278-thread-1]: startFullFlush
[coreLoadExecutor-278-thread-1] INFO org.apache.solr.update.LoggingInfoStream - [IW][coreLoadExecutor-278-thread-1]: apply all deletes during flush
[coreLoadExecutor-278-thread-1] INFO org.apache.solr.update.LoggingInfoStream - [IW][coreLoadExecutor-278-thread-1]: now apply all deletes for all segments maxDoc=0
[coreLoadExecutor-278-thread-1] INFO org.apache.solr.update.LoggingInfoStream - [BD][coreLoadExecutor-278-thread-1]: prune sis=segments:  minGen=9223372036854775807 packetCount=0
[coreLoadExecutor-278-thread-1] INFO org.apache.solr.update.LoggingInfoStream - [DW][coreLoadExecutor-278-thread-1]: coreLoadExecutor-278-thread-1 finishFullFlush success=true
[coreLoadExecutor-278-thread-1] INFO org.apache.solr.update.LoggingInfoStream - [IW][coreLoadExecutor-278-thread-1]: startCommit(): start
[coreLoadExecutor-278-thread-1] INFO org.apache.solr.update.LoggingInfoStream - [IW][coreLoadExecutor-278-thread-1]: startCommit index= changeCount=2
[coreLoadExecutor-278-thread-1] INFO org.apache.solr.update.LoggingInfoStream - [IW][coreLoadExecutor-278-thread-1]: startCommit: wrote pending segments file "pending_segments_1"
[coreLoadExecutor-278-thread-1] INFO org.apache.solr.update.LoggingInfoStream - [IW][coreLoadExecutor-278-thread-1]: done all syncs: []
[coreLoadExecutor-278-thread-1] INFO org.apache.solr.update.LoggingInfoStream - [IW][coreLoadExecutor-278-thread-1]: commit: pendingCommit != null
[coreLoadExecutor-278-thread-1] INFO org.apache.solr.update.LoggingInfoStream - [IW][coreLoadExecutor-278-thread-1]: commit: done writing segments file "segments_1"
[coreLoadExecutor-278-thread-1] INFO org.apache.solr.update.LoggingInfoStream - [IFD][coreLoadExecutor-278-thread-1]: now checkpoint "" [0 segments ; isCommit = true]
[coreLoadExecutor-278-thread-1] INFO org.apache.solr.core.SolrDeletionPolicy - SolrDeletionPolicy.onCommit: commits: num=1
	commit{dir=NRTCachingDirectory(MMapDirectory@/tmp/solr-home7309571682461729129/core/data/index lockFactory=org.apache.lucene.store.NativeFSLockFactory@2c3d74f6; maxCacheMB=48.0 maxMergeSizeMB=4.0),segFN=segments_1,generation=1}
[coreLoadExecutor-278-thread-1] INFO org.apache.solr.core.SolrDeletionPolicy - newest commit generation = 1
[coreLoadExecutor-278-thread-1] INFO org.apache.solr.update.LoggingInfoStream - [IFD][coreLoadExecutor-278-thread-1]: 0 msec to checkpoint
[coreLoadExecutor-278-thread-1] INFO org.apache.solr.update.LoggingInfoStream - [IW][coreLoadExecutor-278-thread-1]: commit: took 5.1 msec
[coreLoadExecutor-278-thread-1] INFO org.apache.solr.update.LoggingInfoStream - [IW][coreLoadExecutor-278-thread-1]: commit: done
[coreLoadExecutor-278-thread-1] INFO org.apache.solr.update.LoggingInfoStream - [IW][coreLoadExecutor-278-thread-1]: rollback
[coreLoadExecutor-278-thread-1] INFO org.apache.solr.update.LoggingInfoStream - [IW][coreLoadExecutor-278-thread-1]: all running merges have aborted
[coreLoadExecutor-278-thread-1] INFO org.apache.solr.update.LoggingInfoStream - [IW][coreLoadExecutor-278-thread-1]: rollback: done finish merges
[coreLoadExecutor-278-thread-1] INFO org.apache.solr.update.LoggingInfoStream - [DW][coreLoadExecutor-278-thread-1]: abort
[coreLoadExecutor-278-thread-1] INFO org.apache.solr.update.LoggingInfoStream - [DW][coreLoadExecutor-278-thread-1]: done abort success=true
[coreLoadExecutor-278-thread-1] INFO org.apache.solr.update.LoggingInfoStream - [IW][coreLoadExecutor-278-thread-1]: rollback: infos=
[coreLoadExecutor-278-thread-1] INFO org.apache.solr.update.LoggingInfoStream - [IFD][coreLoadExecutor-278-thread-1]: now checkpoint "" [0 segments ; isCommit = false]
[coreLoadExecutor-278-thread-1] INFO org.apache.solr.update.LoggingInfoStream - [IFD][coreLoadExecutor-278-thread-1]: 0 msec to checkpoint
[OldIndexDirectoryCleanupThreadForCore-core] INFO org.apache.solr.core.SolrCore - Looking for old index directories to cleanup for core core in /tmp/solr-home7309571682461729129/core/data/
[coreLoadExecutor-278-thread-1] INFO org.apache.solr.core.SolrCore - no updateRequestProcessorChain defined as default, creating implicit default
[coreLoadExecutor-278-thread-1] INFO org.apache.solr.handler.loader.XMLLoader - xsltCacheLifetimeSeconds=60
[coreLoadExecutor-278-thread-1] INFO org.apache.solr.handler.loader.XMLLoader - xsltCacheLifetimeSeconds=60
[coreLoadExecutor-278-thread-1] INFO org.apache.solr.handler.loader.XMLLoader - xsltCacheLifetimeSeconds=60
[coreLoadExecutor-278-thread-1] INFO org.apache.solr.handler.loader.XMLLoader - xsltCacheLifetimeSeconds=60
[coreLoadExecutor-278-thread-1] INFO org.apache.solr.core.RequestHandlers - Registered paths: /admin/mbeans,,/update/csv,/update/json/docs,/admin/luke,/select,/suggester,/admin/segments,/get,/admin/system,/replication,/admin/properties,/config,/schema,/admin/plugins,/admin/logging,/update/json,/admin/threads,/admin/ping,/update,/admin/file
[coreLoadExecutor-278-thread-1] INFO org.apache.solr.core.SolrCore - Using default statsCache cache: org.apache.solr.search.stats.LocalStatsCache
[coreLoadExecutor-278-thread-1] INFO org.apache.solr.update.UpdateHandler - Using UpdateLog implementation: org.apache.solr.update.UpdateLog
[coreLoadExecutor-278-thread-1] INFO org.apache.solr.update.UpdateLog - Initializing UpdateLog: dataDir= defaultSyncLevel=FLUSH numRecordsToKeep=100 maxNumLogsToKeep=10 numVersionBuckets=65536
[coreLoadExecutor-278-thread-1] INFO org.apache.solr.update.CommitTracker - Hard AutoCommit: if uncommited for 15000ms; 
[coreLoadExecutor-278-thread-1] INFO org.apache.solr.update.CommitTracker - Soft AutoCommit: disabled
[coreLoadExecutor-278-thread-1] INFO org.apache.solr.update.LoggingInfoStream - [IFD][coreLoadExecutor-278-thread-1]: init: current segments file is "segments_1"; deletionPolicy=org.apache.solr.core.IndexDeletionPolicyWrapper@10367c85
[coreLoadExecutor-278-thread-1] INFO org.apache.solr.update.LoggingInfoStream - [IFD][coreLoadExecutor-278-thread-1]: init: load commit "segments_1"
[coreLoadExecutor-278-thread-1] INFO org.apache.solr.core.SolrDeletionPolicy - SolrDeletionPolicy.onInit: commits: num=1
	commit{dir=NRTCachingDirectory(MMapDirectory@/tmp/solr-home7309571682461729129/core/data/index lockFactory=org.apache.lucene.store.NativeFSLockFactory@2c3d74f6; maxCacheMB=48.0 maxMergeSizeMB=4.0),segFN=segments_1,generation=1}
[coreLoadExecutor-278-thread-1] INFO org.apache.solr.core.SolrDeletionPolicy - newest commit generation = 1
[coreLoadExecutor-278-thread-1] INFO org.apache.solr.update.LoggingInfoStream - [IFD][coreLoadExecutor-278-thread-1]: now checkpoint "" [0 segments ; isCommit = false]
[coreLoadExecutor-278-thread-1] INFO org.apache.solr.update.LoggingInfoStream - [IFD][coreLoadExecutor-278-thread-1]: 0 msec to checkpoint
[coreLoadExecutor-278-thread-1] INFO org.apache.solr.update.LoggingInfoStream - [IW][coreLoadExecutor-278-thread-1]: init: create=false
[coreLoadExecutor-278-thread-1] INFO org.apache.solr.update.LoggingInfoStream - [IW][coreLoadExecutor-278-thread-1]: 
dir=NRTCachingDirectory(MMapDirectory@/tmp/solr-home7309571682461729129/core/data/index lockFactory=org.apache.lucene.store.NativeFSLockFactory@2c3d74f6; maxCacheMB=48.0 maxMergeSizeMB=4.0)
index=
version=5.5.1
analyzer=org.apache.solr.update.SolrIndexConfig$DelayedSchemaAnalyzer
ramBufferSizeMB=100.0
maxBufferedDocs=-1
maxBufferedDeleteTerms=-1
mergedSegmentWarmer=null
delPolicy=org.apache.solr.core.IndexDeletionPolicyWrapper
commit=null
openMode=APPEND
similarity=org.apache.lucene.search.similarities.ClassicSimilarity
mergeScheduler=ConcurrentMergeScheduler: maxThreadCount=-1, maxMergeCount=-1, ioThrottle=true
default WRITE_LOCK_TIMEOUT=0
writeLockTimeout=0
codec=Lucene54
infoStream=org.apache.solr.update.LoggingInfoStream
mergePolicy=[TieredMergePolicy: maxMergeAtOnce=10, maxMergeAtOnceExplicit=30, maxMergedSegmentMB=5120.0, floorSegmentMB=2.0, forceMergeDeletesPctAllowed=10.0, segmentsPerTier=10.0, maxCFSSegmentSizeMB=8.796093022207999E12, noCFSRatio=0.1
indexerThreadPool=org.apache.lucene.index.DocumentsWriterPerThreadPool@37cb86ce
readerPooling=false
perThreadHardLimitMB=1945
useCompoundFile=false
commitOnClose=true
writer=org.apache.solr.update.SolrIndexWriter@7a2d4cc9

[coreLoadExecutor-278-thread-1] INFO org.apache.solr.update.LoggingInfoStream - [IW][coreLoadExecutor-278-thread-1]: MMapDirectory.UNMAP_SUPPORTED=true
[coreLoadExecutor-278-thread-1] INFO org.apache.solr.update.LoggingInfoStream - [IW][coreLoadExecutor-278-thread-1]: flush at getReader
[coreLoadExecutor-278-thread-1] INFO org.apache.solr.update.LoggingInfoStream - [DW][coreLoadExecutor-278-thread-1]: startFullFlush
[coreLoadExecutor-278-thread-1] INFO org.apache.solr.update.LoggingInfoStream - [IW][coreLoadExecutor-278-thread-1]: apply all deletes during flush
[coreLoadExecutor-278-thread-1] INFO org.apache.solr.update.LoggingInfoStream - [IW][coreLoadExecutor-278-thread-1]: now apply all deletes for all segments maxDoc=0
[coreLoadExecutor-278-thread-1] INFO org.apache.solr.update.LoggingInfoStream - [BD][coreLoadExecutor-278-thread-1]: prune sis=segments_1:  minGen=9223372036854775807 packetCount=0
[coreLoadExecutor-278-thread-1] INFO org.apache.solr.update.LoggingInfoStream - [IW][coreLoadExecutor-278-thread-1]: incRefDeleter for NRT reader version=2 segments=
[coreLoadExecutor-278-thread-1] INFO org.apache.solr.update.LoggingInfoStream - [IW][coreLoadExecutor-278-thread-1]: return reader version=2 reader=StandardDirectoryReader(segments_1:2:nrt)
[coreLoadExecutor-278-thread-1] INFO org.apache.solr.update.LoggingInfoStream - [DW][coreLoadExecutor-278-thread-1]: coreLoadExecutor-278-thread-1 finishFullFlush success=true
[coreLoadExecutor-278-thread-1] INFO org.apache.solr.update.LoggingInfoStream - [IW][coreLoadExecutor-278-thread-1]: getReader took 0 msec
[coreLoadExecutor-278-thread-1] INFO org.apache.solr.search.SolrIndexSearcher - Opening Searcher@6ecf8ff[core] main
[coreLoadExecutor-278-thread-1] INFO org.apache.solr.rest.ManagedResourceStorage - File-based storage initialized to use dir: /tmp/solr-home7309571682461729129/core/conf
[coreLoadExecutor-278-thread-1] INFO org.apache.solr.rest.RestManager - Initializing RestManager with initArgs: {storageDir=/tmp/solr-home7309571682461729129/core/conf}
[coreLoadExecutor-278-thread-1] INFO org.apache.solr.rest.ManagedResourceStorage - Reading _rest_managed.json using file:dir=/tmp/solr-home7309571682461729129/core/conf
[coreLoadExecutor-278-thread-1] INFO org.apache.solr.rest.RestManager - Initializing 0 registered ManagedResources
[coreLoadExecutor-278-thread-1] INFO org.apache.solr.handler.component.SpellCheckComponent - Initializing spell checkers
[coreLoadExecutor-278-thread-1] INFO org.apache.solr.handler.component.SpellCheckComponent - Registering newSearcher listener for spellchecker: default
[coreLoadExecutor-278-thread-1] INFO org.apache.solr.handler.component.SpellCheckComponent - No queryConverter defined, using default converter
[coreLoadExecutor-278-thread-1] INFO org.apache.solr.handler.ReplicationHandler - Commits will be reserved for  10000
[coreLoadExecutor-278-thread-1] INFO org.apache.solr.update.UpdateLog - Looking up max value of version field to seed version buckets
[coreLoadExecutor-278-thread-1] INFO org.apache.solr.update.VersionInfo - Refreshing highest value of _version_ for 65536 version buckets from index
[coreLoadExecutor-278-thread-1] INFO org.apache.solr.update.VersionInfo - No terms found for _version_, cannot seed version bucket highest value from index
[coreLoadExecutor-278-thread-1] INFO org.apache.solr.update.UpdateLog - Could not find max version in index or recent updates, using new clock 1576087836362276864
[searcherExecutor-279-thread-1] INFO org.apache.solr.handler.component.SpellCheckComponent - Loading spell index for spellchecker: default
[searcherExecutor-279-thread-1] INFO org.apache.solr.core.SolrCore - [core] Registered new searcher Searcher@6ecf8ff[core] main{ExitableDirectoryReader(UninvertingDirectoryReader())}
[coreLoadExecutor-278-thread-1] INFO org.apache.solr.update.UpdateLog - Took 0.0ms to seed version buckets with highest version 1576087836362276864
[coreLoadExecutor-278-thread-1] INFO org.apache.solr.core.CoreContainer - registering core: core
[Test worker] INFO org.apache.solr.core.SolrCore.Request - [core]  webapp=null path=/admin/ping params={} hits=0 status=0 QTime=0
[Test worker] INFO org.apache.solr.core.SolrCore.Request - [core]  webapp=null path=/admin/ping params={} status=0 QTime=0
[Test worker] INFO com.rbmhtechnology.vind.solr.SolrSearchServer - Connection to solr server successful
[Test worker] INFO org.apache.solr.core.SolrCore.Request - [core]  webapp=null path=/schema params={} status=0 QTime=0
[Test worker] INFO com.rbmhtechnology.vind.solr.SolrSearchServer - No server provider of type class com.rbmhtechnology.vind.solr.EmbeddedSolrServerProvider found in classpath for server com.rbmhtechnology.vind.solr.SolrSearchServer
[Test worker] INFO org.apache.solr.update.processor.LogUpdateProcessorFactory - [core]  webapp=null path=/update params={}{add=[1 (1576087836367519744)]} 0 2
[Test worker] INFO org.apache.solr.update.processor.LogUpdateProcessorFactory - [core]  webapp=null path=/update params={}{add=[2 (1576087836370665472)]} 0 1
[Test worker] INFO org.apache.solr.update.DirectUpdateHandler2 - start commit{,optimize=false,openSearcher=true,waitSearcher=true,expungeDeletes=false,softCommit=false,prepareCommit=false}
[Test worker] INFO org.apache.solr.update.LoggingInfoStream - [IW][Test worker]: commit: start
[Test worker] INFO org.apache.solr.update.LoggingInfoStream - [IW][Test worker]: commit: enter lock
[Test worker] INFO org.apache.solr.update.LoggingInfoStream - [IW][Test worker]: commit: now prepare
[Test worker] INFO org.apache.solr.update.LoggingInfoStream - [IW][Test worker]: prepareCommit: flush
[Test worker] INFO org.apache.solr.update.LoggingInfoStream - [IW][Test worker]:   index before flush 
[Test worker] INFO org.apache.solr.update.LoggingInfoStream - [DW][Test worker]: startFullFlush
[Test worker] INFO org.apache.solr.update.LoggingInfoStream - [DW][Test worker]: anyChanges? numDocsInRam=2 deletes=true hasTickets:false pendingChangesInFullFlush: false
[Test worker] INFO org.apache.solr.update.LoggingInfoStream - [DWFC][Test worker]: addFlushableState DocumentsWriterPerThread [pendingDeletes=gen=0 1 deleted terms (unique count=1) bytesUsed=169, segment=_0, aborted=false, numDocsInRAM=2, deleteQueue=DWDQ: [ generation: 1 ]]
[Test worker] INFO org.apache.solr.update.LoggingInfoStream - [DWPT][Test worker]: flush postings as segment _0 numDocs=2
[Test worker] INFO org.apache.solr.update.LoggingInfoStream - [IW][Test worker]: 0 msec to write norms
[Test worker] INFO org.apache.solr.update.LoggingInfoStream - [IW][Test worker]: 0 msec to write docValues
[Test worker] INFO org.apache.solr.update.LoggingInfoStream - [IW][Test worker]: 0 msec to finish stored fields
[Test worker] INFO org.apache.solr.update.LoggingInfoStream - [IW][Test worker]: 1 msec to write postings and finish vectors
[Test worker] INFO org.apache.solr.update.LoggingInfoStream - [IW][Test worker]: 0 msec to write fieldInfos
[Test worker] INFO org.apache.solr.update.LoggingInfoStream - [DWPT][Test worker]: new segment has 0 deleted docs
[Test worker] INFO org.apache.solr.update.LoggingInfoStream - [DWPT][Test worker]: new segment has no vectors; norms; docValues; prox; freqs
[Test worker] INFO org.apache.solr.update.LoggingInfoStream - [DWPT][Test worker]: flushedFiles=[_0_Lucene54_0.dvm, _0_Lucene50_0.doc, _0_Lucene50_0.tim, _0_Lucene50_0.pos, _0.nvd, _0.fdx, _0_Lucene54_0.dvd, _0_Lucene50_0.tip, _0.fdt, _0.nvm, _0.fnm]
[Test worker] INFO org.apache.solr.update.LoggingInfoStream - [DWPT][Test worker]: flushed codec=Lucene54
[Test worker] INFO org.apache.solr.update.LoggingInfoStream - [DWPT][Test worker]: flushed: segment=_0 ramUsed=0.338 MB newFlushedSize=0.005 MB docs/MB=382.762
[Test worker] INFO org.apache.solr.update.LoggingInfoStream - [DW][Test worker]: publishFlushedSegment seg-private updates=null
[Test worker] INFO org.apache.solr.update.LoggingInfoStream - [IW][Test worker]: publishFlushedSegment
[Test worker] INFO org.apache.solr.update.LoggingInfoStream - [BD][Test worker]: push deletes  2 deleted terms (unique count=2) bytesUsed=1072 segmentPrivate?=false delGen=2 packetCount=1 totBytesUsed=1072
[Test worker] INFO org.apache.solr.update.LoggingInfoStream - [IW][Test worker]: publish sets newSegment delGen=3 seg=_0(5.5.1):C2
[Test worker] INFO org.apache.solr.update.LoggingInfoStream - [IFD][Test worker]: now checkpoint "_0(5.5.1):C2" [1 segments ; isCommit = false]
[Test worker] INFO org.apache.solr.update.LoggingInfoStream - [IFD][Test worker]: 0 msec to checkpoint
[Test worker] INFO org.apache.solr.update.LoggingInfoStream - [IW][Test worker]: apply all deletes during flush
[Test worker] INFO org.apache.solr.update.LoggingInfoStream - [IW][Test worker]: now apply all deletes for all segments maxDoc=2
[Test worker] INFO org.apache.solr.update.LoggingInfoStream - [BD][Test worker]: applyDeletes: open segment readers took 0 msec
[Test worker] INFO org.apache.solr.update.LoggingInfoStream - [BD][Test worker]: applyDeletes: infos=[_0(5.5.1):C2] packetCount=1
[Test worker] INFO org.apache.solr.update.LoggingInfoStream - [BD][Test worker]: applyDeletes took 0 msec for 1 segments, 0 newly deleted docs (query deletes), 0 visited terms, allDeleted=null
[Test worker] INFO org.apache.solr.update.LoggingInfoStream - [BD][Test worker]: prune sis=segments_1: _0(5.5.1):C2 minGen=3 packetCount=1
[Test worker] INFO org.apache.solr.update.LoggingInfoStream - [BD][Test worker]: pruneDeletes: prune 1 packets; 0 packets remain
[Test worker] INFO org.apache.solr.update.LoggingInfoStream - [DW][Test worker]: Test worker finishFullFlush success=true
[Test worker] INFO org.apache.solr.update.LoggingInfoStream - [TMP][Test worker]: findMerges: 1 segments
[Test worker] INFO org.apache.solr.update.LoggingInfoStream - [TMP][Test worker]:   seg=_0(5.5.1):C2 size=0.005 MB [floored]
[Test worker] INFO org.apache.solr.update.LoggingInfoStream - [TMP][Test worker]:   allowedSegmentCount=1 vs count=1 (eligible count=1) tooBigCount=0
[Test worker] INFO org.apache.solr.update.LoggingInfoStream - [MS][Test worker]: initDynamicDefaults spins=false maxThreadCount=2 maxMergeCount=7
[Test worker] INFO org.apache.solr.update.LoggingInfoStream - [MS][Test worker]: now merge
[Test worker] INFO org.apache.solr.update.LoggingInfoStream - [MS][Test worker]:   index: _0(5.5.1):C2
[Test worker] INFO org.apache.solr.update.LoggingInfoStream - [MS][Test worker]:   no more merges pending; now return
[Test worker] INFO org.apache.solr.update.LoggingInfoStream - [IW][Test worker]: startCommit(): start
[Test worker] INFO org.apache.solr.update.LoggingInfoStream - [IW][Test worker]: startCommit index=_0(5.5.1):C2 changeCount=4
[Test worker] INFO org.apache.solr.update.LoggingInfoStream - [IW][Test worker]: startCommit: wrote pending segments file "pending_segments_2"
[Test worker] INFO org.apache.solr.update.LoggingInfoStream - [IW][Test worker]: done all syncs: [_0.si, _0_Lucene50_0.doc, _0_Lucene50_0.tim, _0_Lucene54_0.dvm, _0_Lucene50_0.pos, _0.nvd, _0.fdx, _0_Lucene54_0.dvd, _0_Lucene50_0.tip, _0.fdt, _0.nvm, _0.fnm]
[Test worker] INFO org.apache.solr.update.LoggingInfoStream - [IW][Test worker]: commit: pendingCommit != null
[Test worker] INFO org.apache.solr.update.LoggingInfoStream - [IW][Test worker]: commit: done writing segments file "segments_2"
[Test worker] INFO org.apache.solr.update.LoggingInfoStream - [IFD][Test worker]: now checkpoint "_0(5.5.1):C2" [1 segments ; isCommit = true]
[Test worker] INFO org.apache.solr.core.SolrDeletionPolicy - SolrDeletionPolicy.onCommit: commits: num=2
	commit{dir=NRTCachingDirectory(MMapDirectory@/tmp/solr-home7309571682461729129/core/data/index lockFactory=org.apache.lucene.store.NativeFSLockFactory@2c3d74f6; maxCacheMB=48.0 maxMergeSizeMB=4.0),segFN=segments_1,generation=1}
	commit{dir=NRTCachingDirectory(MMapDirectory@/tmp/solr-home7309571682461729129/core/data/index lockFactory=org.apache.lucene.store.NativeFSLockFactory@2c3d74f6; maxCacheMB=48.0 maxMergeSizeMB=4.0),segFN=segments_2,generation=2}
[Test worker] INFO org.apache.solr.core.SolrDeletionPolicy - newest commit generation = 2
[Test worker] INFO org.apache.solr.update.LoggingInfoStream - [IFD][Test worker]: deleteCommits: now decRef commit "segments_1"
[Test worker] INFO org.apache.solr.update.LoggingInfoStream - [IFD][Test worker]: delete "segments_1"
[Test worker] INFO org.apache.solr.update.LoggingInfoStream - [IFD][Test worker]: 0 msec to checkpoint
[Test worker] INFO org.apache.solr.update.LoggingInfoStream - [IW][Test worker]: commit: took 53.0 msec
[Test worker] INFO org.apache.solr.update.LoggingInfoStream - [IW][Test worker]: commit: done
[Test worker] INFO org.apache.solr.update.LoggingInfoStream - [IW][Test worker]: nrtIsCurrent: infoVersion matches: false; DW changes: false; BD changes: false
[Test worker] INFO org.apache.solr.update.LoggingInfoStream - [IW][Test worker]: flush at getReader
[Test worker] INFO org.apache.solr.update.LoggingInfoStream - [DW][Test worker]: startFullFlush
[Test worker] INFO org.apache.solr.update.LoggingInfoStream - [IW][Test worker]: apply all deletes during flush
[Test worker] INFO org.apache.solr.update.LoggingInfoStream - [IW][Test worker]: now apply all deletes for all segments maxDoc=2
[Test worker] INFO org.apache.solr.update.LoggingInfoStream - [BD][Test worker]: applyDeletes: open segment readers took 0 msec
[Test worker] INFO org.apache.solr.update.LoggingInfoStream - [BD][Test worker]: applyDeletes: no segments; skipping
[Test worker] INFO org.apache.solr.update.LoggingInfoStream - [BD][Test worker]: prune sis=segments_2: _0(5.5.1):C2 minGen=3 packetCount=0
[Test worker] INFO org.apache.solr.update.LoggingInfoStream - [IW][Test worker]: incRefDeleter for NRT reader version=6 segments=_0(5.5.1):C2
[Test worker] INFO org.apache.solr.update.LoggingInfoStream - [IW][Test worker]: return reader version=6 reader=StandardDirectoryReader(segments_2:6:nrt _0(5.5.1):C2)
[Test worker] INFO org.apache.solr.update.LoggingInfoStream - [DW][Test worker]: Test worker finishFullFlush success=true
[Test worker] INFO org.apache.solr.update.LoggingInfoStream - [IW][Test worker]: getReader took 1 msec
[Test worker] INFO org.apache.solr.search.SolrIndexSearcher - Opening Searcher@525b5ce3[core] main
[searcherExecutor-279-thread-1] INFO org.apache.solr.handler.component.SpellCheckComponent - Building spell index for spell checker: default
[Test worker] INFO org.apache.solr.update.DirectUpdateHandler2 - end_commit_flush
[searcherExecutor-279-thread-1] INFO org.apache.solr.core.SolrCore - [core] Registered new searcher Searcher@525b5ce3[core] main{ExitableDirectoryReader(UninvertingDirectoryReader(Uninverting(_0(5.5.1):C2)))}
[searcherExecutor-279-thread-1] INFO org.apache.solr.update.LoggingInfoStream - [IW][searcherExecutor-279-thread-1]: decRefDeleter for NRT reader version=2 segments=
[Test worker] INFO org.apache.solr.update.processor.LogUpdateProcessorFactory - [core]  webapp=null path=/update params={commit=true&softCommit=false&waitSearcher=true}{commit=} 0 91
[Test worker] INFO org.apache.solr.core.SolrCore.Request - [core]  webapp=null path=/select params={q=*&fl=*,score&qf=dynamic_single_none_title^1.0&defType=edismax&fq=_type_:asset&start=0&rows=10} hits=2 status=0 QTime=0
[Test worker] INFO org.apache.solr.core.CoreContainer - Shutting down CoreContainer instance=741871271
[coreCloseExecutor-284-thread-1] INFO org.apache.solr.core.SolrCore - [core]  CLOSING SolrCore org.apache.solr.core.SolrCore@61cee60b
[coreCloseExecutor-284-thread-1] INFO org.apache.solr.update.DirectUpdateHandler2 - closing DirectUpdateHandler2{commits=1,autocommit maxTime=15000ms,autocommits=0,soft autocommits=0,optimizes=0,rollbacks=0,expungeDeletes=0,docsPending=0,adds=0,deletesById=0,deletesByQuery=0,errors=0,cumulative_adds=2,cumulative_deletesById=0,cumulative_deletesByQuery=0,cumulative_errors=0,transaction_logs_total_size=834,transaction_logs_total_number=1}
[coreCloseExecutor-284-thread-1] INFO org.apache.solr.update.SolrCoreState - Closing SolrCoreState
[coreCloseExecutor-284-thread-1] INFO org.apache.solr.update.DefaultSolrCoreState - SolrCoreState ref count has reached 0 - closing IndexWriter
[coreCloseExecutor-284-thread-1] INFO org.apache.solr.update.DefaultSolrCoreState - closing IndexWriter with IndexWriterCloser
[coreCloseExecutor-284-thread-1] INFO org.apache.solr.update.LoggingInfoStream - [IW][coreCloseExecutor-284-thread-1]: now flush at close
[coreCloseExecutor-284-thread-1] INFO org.apache.solr.update.LoggingInfoStream - [IW][coreCloseExecutor-284-thread-1]:   start flush: applyAllDeletes=true
[coreCloseExecutor-284-thread-1] INFO org.apache.solr.update.LoggingInfoStream - [IW][coreCloseExecutor-284-thread-1]:   index before flush _0(5.5.1):C2
[coreCloseExecutor-284-thread-1] INFO org.apache.solr.update.LoggingInfoStream - [DW][coreCloseExecutor-284-thread-1]: startFullFlush
[coreCloseExecutor-284-thread-1] INFO org.apache.solr.update.LoggingInfoStream - [DW][coreCloseExecutor-284-thread-1]: coreCloseExecutor-284-thread-1 finishFullFlush success=true
[coreCloseExecutor-284-thread-1] INFO org.apache.solr.update.LoggingInfoStream - [IW][coreCloseExecutor-284-thread-1]: apply all deletes during flush
[coreCloseExecutor-284-thread-1] INFO org.apache.solr.update.LoggingInfoStream - [IW][coreCloseExecutor-284-thread-1]: now apply all deletes for all segments maxDoc=2
[coreCloseExecutor-284-thread-1] INFO org.apache.solr.update.LoggingInfoStream - [BD][coreCloseExecutor-284-thread-1]: applyDeletes: open segment readers took 0 msec
[coreCloseExecutor-284-thread-1] INFO org.apache.solr.update.LoggingInfoStream - [BD][coreCloseExecutor-284-thread-1]: applyDeletes: no segments; skipping
[coreCloseExecutor-284-thread-1] INFO org.apache.solr.update.LoggingInfoStream - [BD][coreCloseExecutor-284-thread-1]: prune sis=segments_2: _0(5.5.1):C2 minGen=3 packetCount=0
[coreCloseExecutor-284-thread-1] INFO org.apache.solr.update.LoggingInfoStream - [MS][coreCloseExecutor-284-thread-1]: updateMergeThreads ioThrottle=true targetMBPerSec=10240.0 MB/sec
[coreCloseExecutor-284-thread-1] INFO org.apache.solr.update.LoggingInfoStream - [MS][coreCloseExecutor-284-thread-1]: now merge
[coreCloseExecutor-284-thread-1] INFO org.apache.solr.update.LoggingInfoStream - [MS][coreCloseExecutor-284-thread-1]:   index: _0(5.5.1):C2
[coreCloseExecutor-284-thread-1] INFO org.apache.solr.update.LoggingInfoStream - [MS][coreCloseExecutor-284-thread-1]:   no more merges pending; now return
[coreCloseExecutor-284-thread-1] INFO org.apache.solr.update.LoggingInfoStream - [IW][coreCloseExecutor-284-thread-1]: waitForMerges
[coreCloseExecutor-284-thread-1] INFO org.apache.solr.update.LoggingInfoStream - [IW][coreCloseExecutor-284-thread-1]: waitForMerges done
[coreCloseExecutor-284-thread-1] INFO org.apache.solr.update.LoggingInfoStream - [IW][coreCloseExecutor-284-thread-1]: commit: start
[coreCloseExecutor-284-thread-1] INFO org.apache.solr.update.LoggingInfoStream - [IW][coreCloseExecutor-284-thread-1]: commit: enter lock
[coreCloseExecutor-284-thread-1] INFO org.apache.solr.update.LoggingInfoStream - [IW][coreCloseExecutor-284-thread-1]: commit: now prepare
[coreCloseExecutor-284-thread-1] INFO org.apache.solr.update.LoggingInfoStream - [IW][coreCloseExecutor-284-thread-1]: prepareCommit: flush
[coreCloseExecutor-284-thread-1] INFO org.apache.solr.update.LoggingInfoStream - [IW][coreCloseExecutor-284-thread-1]:   index before flush _0(5.5.1):C2
[coreCloseExecutor-284-thread-1] INFO org.apache.solr.update.LoggingInfoStream - [DW][coreCloseExecutor-284-thread-1]: startFullFlush
[coreCloseExecutor-284-thread-1] INFO org.apache.solr.update.LoggingInfoStream - [IW][coreCloseExecutor-284-thread-1]: apply all deletes during flush
[coreCloseExecutor-284-thread-1] INFO org.apache.solr.update.LoggingInfoStream - [IW][coreCloseExecutor-284-thread-1]: now apply all deletes for all segments maxDoc=2
[coreCloseExecutor-284-thread-1] INFO org.apache.solr.update.LoggingInfoStream - [BD][coreCloseExecutor-284-thread-1]: applyDeletes: open segment readers took 0 msec
[coreCloseExecutor-284-thread-1] INFO org.apache.solr.update.LoggingInfoStream - [BD][coreCloseExecutor-284-thread-1]: applyDeletes: no segments; skipping
[coreCloseExecutor-284-thread-1] INFO org.apache.solr.update.LoggingInfoStream - [BD][coreCloseExecutor-284-thread-1]: prune sis=segments_2: _0(5.5.1):C2 minGen=3 packetCount=0
[coreCloseExecutor-284-thread-1] INFO org.apache.solr.update.LoggingInfoStream - [DW][coreCloseExecutor-284-thread-1]: coreCloseExecutor-284-thread-1 finishFullFlush success=true
[coreCloseExecutor-284-thread-1] INFO org.apache.solr.update.LoggingInfoStream - [IW][coreCloseExecutor-284-thread-1]: startCommit(): start
[coreCloseExecutor-284-thread-1] INFO org.apache.solr.update.LoggingInfoStream - [IW][coreCloseExecutor-284-thread-1]:   skip startCommit(): no changes pending
[coreCloseExecutor-284-thread-1] INFO org.apache.solr.update.LoggingInfoStream - [IW][coreCloseExecutor-284-thread-1]: commit: pendingCommit == null; skip
[coreCloseExecutor-284-thread-1] INFO org.apache.solr.update.LoggingInfoStream - [IW][coreCloseExecutor-284-thread-1]: commit: took 0.2 msec
[coreCloseExecutor-284-thread-1] INFO org.apache.solr.update.LoggingInfoStream - [IW][coreCloseExecutor-284-thread-1]: commit: done
[coreCloseExecutor-284-thread-1] INFO org.apache.solr.update.LoggingInfoStream - [IW][coreCloseExecutor-284-thread-1]: rollback
[coreCloseExecutor-284-thread-1] INFO org.apache.solr.update.LoggingInfoStream - [IW][coreCloseExecutor-284-thread-1]: all running merges have aborted
[coreCloseExecutor-284-thread-1] INFO org.apache.solr.update.LoggingInfoStream - [IW][coreCloseExecutor-284-thread-1]: rollback: done finish merges
[coreCloseExecutor-284-thread-1] INFO org.apache.solr.update.LoggingInfoStream - [DW][coreCloseExecutor-284-thread-1]: abort
[coreCloseExecutor-284-thread-1] INFO org.apache.solr.update.LoggingInfoStream - [DW][coreCloseExecutor-284-thread-1]: done abort success=true
[coreCloseExecutor-284-thread-1] INFO org.apache.solr.update.LoggingInfoStream - [IW][coreCloseExecutor-284-thread-1]: rollback: infos=_0(5.5.1):C2
[coreCloseExecutor-284-thread-1] INFO org.apache.solr.update.LoggingInfoStream - [IFD][coreCloseExecutor-284-thread-1]: now checkpoint "_0(5.5.1):C2" [1 segments ; isCommit = false]
[coreCloseExecutor-284-thread-1] INFO org.apache.solr.update.LoggingInfoStream - [IFD][coreCloseExecutor-284-thread-1]: 0 msec to checkpoint
[coreCloseExecutor-284-thread-1] INFO org.apache.solr.core.SolrCore - [core] Closing main searcher on request.
[coreCloseExecutor-284-thread-1] INFO org.apache.solr.core.CachingDirectoryFactory - Closing NRTCachingDirectoryFactory - 2 directories currently being tracked
[coreCloseExecutor-284-thread-1] INFO org.apache.solr.core.CachingDirectoryFactory - looking to close /tmp/solr-home7309571682461729129/core/data [CachedDir<<refCount=0;path=/tmp/solr-home7309571682461729129/core/data;done=false>>]
[coreCloseExecutor-284-thread-1] INFO org.apache.solr.core.CachingDirectoryFactory - Closing directory: /tmp/solr-home7309571682461729129/core/data
[coreCloseExecutor-284-thread-1] INFO org.apache.solr.core.CachingDirectoryFactory - looking to close /tmp/solr-home7309571682461729129/core/data/index [CachedDir<<refCount=0;path=/tmp/solr-home7309571682461729129/core/data/index;done=false>>]
[coreCloseExecutor-284-thread-1] INFO org.apache.solr.core.CachingDirectoryFactory - Closing directory: /tmp/solr-home7309571682461729129/core/data/index
[Test worker] INFO com.rbmhtechnology.vind.solr.SolrSearchServer - No server provider of type class com.rbmhtechnology.vind.solr.EmbeddedSolrServerProvider found in classpath for server com.rbmhtechnology.vind.solr.SolrSearchServer
[Test worker] INFO com.rbmhtechnology.vind.solr.SolrSearchServer - No server provider of type class com.rbmhtechnology.vind.solr.EmbeddedSolrServerProvider found in classpath for server com.rbmhtechnology.vind.solr.SolrSearchServer
[Test worker] INFO org.apache.solr.core.SolrResourceLoader - new SolrResourceLoader for directory: '/tmp/solr-home8066159846970827675'
[Test worker] INFO org.apache.solr.core.SolrResourceLoader - JNDI not configured for solr (NoInitialContextEx)
[Test worker] INFO org.apache.solr.core.SolrResourceLoader - solr home defaulted to 'solr/' (could not find system property or JNDI)
[Test worker] INFO org.apache.solr.core.SolrXmlConfig - Loading container configuration from /tmp/solr-home8066159846970827675/solr.xml
[Test worker] INFO org.apache.solr.core.CorePropertiesLocator - Config-defined core root directory: /tmp/solr-home8066159846970827675
[Test worker] INFO org.apache.solr.core.CoreContainer - New CoreContainer 778614040
[Test worker] INFO org.apache.solr.core.CoreContainer - Loading cores into CoreContainer [instanceDir=/tmp/solr-home8066159846970827675]
[Test worker] WARN org.apache.solr.core.CoreContainer - Couldn't add files from /tmp/solr-home8066159846970827675/lib to classpath: /tmp/solr-home8066159846970827675/lib
[Test worker] INFO org.apache.solr.handler.component.HttpShardHandlerFactory - created with socketTimeout : 120000,connTimeout : 15000,maxConnectionsPerHost : 20,maxConnections : 10000,corePoolSize : 0,maximumPoolSize : 2147483647,maxThreadIdleTime : 5,sizeOfQueue : -1,fairnessPolicy : false,useRetries : false,
[Test worker] INFO org.apache.solr.update.UpdateShardHandler - Creating UpdateShardHandler HTTP client with params: socketTimeout=600000&connTimeout=60000&retry=true
[Test worker] INFO org.apache.solr.logging.LogWatcher - SLF4J impl is org.slf4j.impl.SimpleLoggerFactory
[Test worker] INFO org.apache.solr.logging.LogWatcher - No LogWatcher configured
[Test worker] INFO org.apache.solr.core.CoreContainer - Security conf doesn't exist. Skipping setup for authorization module.
[Test worker] INFO org.apache.solr.core.CoreContainer - No authentication plugin used.
[Test worker] INFO org.apache.solr.core.CorePropertiesLocator - Looking for core definitions underneath /tmp/solr-home8066159846970827675
[Test worker] INFO org.apache.solr.core.CoreDescriptor - Created CoreDescriptor: {runtimeLib=false, name=core, config=solrconfig.xml, loadOnStartup=true, schema=schema.xml, configSetProperties=configsetprops.json, transient=false, dataDir=data/}
[Test worker] INFO org.apache.solr.core.CorePropertiesLocator - Found core core in /tmp/solr-home8066159846970827675/core
[Test worker] INFO org.apache.solr.core.CorePropertiesLocator - Found 1 core definitions
[coreLoadExecutor-291-thread-1] INFO org.apache.solr.core.SolrResourceLoader - new SolrResourceLoader for directory: '/tmp/solr-home8066159846970827675/core'
[coreLoadExecutor-291-thread-1] INFO org.apache.solr.core.SolrResourceLoader - JNDI not configured for solr (NoInitialContextEx)
[coreLoadExecutor-291-thread-1] INFO org.apache.solr.core.SolrResourceLoader - solr home defaulted to 'solr/' (could not find system property or JNDI)
[coreLoadExecutor-291-thread-1] INFO org.apache.solr.core.SolrResourceLoader - Adding 'file:/tmp/solr-home8066159846970827675/core/lib/marker-search-handler-0.3.0.jar' to classloader
[coreLoadExecutor-291-thread-1] INFO org.apache.solr.core.SolrResourceLoader - Adding 'file:/tmp/solr-home8066159846970827675/core/lib/suggestion-request-handler-2.1.0.jar' to classloader
[coreLoadExecutor-291-thread-1] INFO org.apache.solr.core.SolrConfig - current version of requestparams : -1
[coreLoadExecutor-291-thread-1] INFO org.apache.solr.update.SolrIndexConfig - IndexWriter infoStream solr logging is enabled
[coreLoadExecutor-291-thread-1] INFO org.apache.solr.core.SolrConfig - Using Lucene MatchVersion: 5.5.0
[coreLoadExecutor-291-thread-1] INFO org.apache.solr.core.SolrConfig - Loaded SolrConfig: solrconfig.xml
[coreLoadExecutor-291-thread-1] INFO org.apache.solr.schema.ManagedIndexSchemaFactory - The schema is configured as managed, but managed schema resource managed-schema not found - loading non-managed schema schema.xml instead
[coreLoadExecutor-291-thread-1] INFO org.apache.solr.schema.IndexSchema - [core] Schema name=basic search lib core
[coreLoadExecutor-291-thread-1] INFO org.apache.solr.schema.IndexSchema - unique key field: _id_
[coreLoadExecutor-291-thread-1] INFO org.apache.solr.schema.ManagedIndexSchema - Upgraded to managed schema at /tmp/solr-home8066159846970827675/core/conf/managed-schema
[coreLoadExecutor-291-thread-1] INFO org.apache.solr.schema.ManagedIndexSchemaFactory - After upgrading to managed schema, renamed the non-managed schema /tmp/solr-home8066159846970827675/core/conf/schema.xml to /tmp/solr-home8066159846970827675/core/conf/schema.xml.bak
[coreLoadExecutor-291-thread-1] INFO org.apache.solr.core.ConfigSetProperties - Did not find ConfigSet properties, assuming default properties: Can't find resource 'configsetprops.json' in classpath or '/tmp/solr-home8066159846970827675/core'
[coreLoadExecutor-291-thread-1] INFO org.apache.solr.core.CoreContainer - Creating SolrCore 'core' using configuration from instancedir /tmp/solr-home8066159846970827675/core
[coreLoadExecutor-291-thread-1] INFO org.apache.solr.core.SolrCore - solr.NRTCachingDirectoryFactory
[coreLoadExecutor-291-thread-1] INFO org.apache.solr.core.SolrCore - [[core] ] Opening new SolrCore at [/tmp/solr-home8066159846970827675/core], dataDir=[/tmp/solr-home8066159846970827675/core/data/]
[coreLoadExecutor-291-thread-1] INFO org.apache.solr.core.JmxMonitoredMap - No JMX servers found, not exposing Solr information with JMX.
[coreLoadExecutor-291-thread-1] INFO org.apache.solr.core.SchemaCodecFactory - Using default compressionMode: BEST_SPEED
[coreLoadExecutor-291-thread-1] INFO org.apache.solr.core.CachingDirectoryFactory - return new directory for /tmp/solr-home8066159846970827675/core/data
[coreLoadExecutor-291-thread-1] INFO org.apache.solr.core.SolrCore - New index directory detected: old=null new=/tmp/solr-home8066159846970827675/core/data/index/
[coreLoadExecutor-291-thread-1] WARN org.apache.solr.core.SolrCore - [core] Solr index directory '/tmp/solr-home8066159846970827675/core/data/index' doesn't exist. Creating new index...
[coreLoadExecutor-291-thread-1] INFO org.apache.solr.core.CachingDirectoryFactory - return new directory for /tmp/solr-home8066159846970827675/core/data/index
[coreLoadExecutor-291-thread-1] INFO org.apache.solr.update.LoggingInfoStream - [IFD][coreLoadExecutor-291-thread-1]: init: current segments file is "segments"; deletionPolicy=org.apache.solr.core.IndexDeletionPolicyWrapper@6db5eb9f
[coreLoadExecutor-291-thread-1] INFO org.apache.solr.update.LoggingInfoStream - [IFD][coreLoadExecutor-291-thread-1]: now checkpoint "" [0 segments ; isCommit = false]
[coreLoadExecutor-291-thread-1] INFO org.apache.solr.update.LoggingInfoStream - [IFD][coreLoadExecutor-291-thread-1]: 0 msec to checkpoint
[coreLoadExecutor-291-thread-1] INFO org.apache.solr.update.LoggingInfoStream - [IW][coreLoadExecutor-291-thread-1]: init: create=true
[coreLoadExecutor-291-thread-1] INFO org.apache.solr.update.LoggingInfoStream - [IW][coreLoadExecutor-291-thread-1]: 
dir=NRTCachingDirectory(MMapDirectory@/tmp/solr-home8066159846970827675/core/data/index lockFactory=org.apache.lucene.store.NativeFSLockFactory@2c3d74f6; maxCacheMB=48.0 maxMergeSizeMB=4.0)
index=
version=5.5.1
analyzer=org.apache.solr.update.SolrIndexConfig$DelayedSchemaAnalyzer
ramBufferSizeMB=100.0
maxBufferedDocs=-1
maxBufferedDeleteTerms=-1
mergedSegmentWarmer=null
delPolicy=org.apache.solr.core.IndexDeletionPolicyWrapper
commit=null
openMode=CREATE
similarity=org.apache.lucene.search.similarities.ClassicSimilarity
mergeScheduler=ConcurrentMergeScheduler: maxThreadCount=-1, maxMergeCount=-1, ioThrottle=true
default WRITE_LOCK_TIMEOUT=0
writeLockTimeout=0
codec=Lucene54
infoStream=org.apache.solr.update.LoggingInfoStream
mergePolicy=[TieredMergePolicy: maxMergeAtOnce=10, maxMergeAtOnceExplicit=30, maxMergedSegmentMB=5120.0, floorSegmentMB=2.0, forceMergeDeletesPctAllowed=10.0, segmentsPerTier=10.0, maxCFSSegmentSizeMB=8.796093022207999E12, noCFSRatio=0.1
indexerThreadPool=org.apache.lucene.index.DocumentsWriterPerThreadPool@c35a329
readerPooling=false
perThreadHardLimitMB=1945
useCompoundFile=false
commitOnClose=true
writer=org.apache.solr.update.SolrIndexWriter@5ca06878

[coreLoadExecutor-291-thread-1] INFO org.apache.solr.update.LoggingInfoStream - [IW][coreLoadExecutor-291-thread-1]: MMapDirectory.UNMAP_SUPPORTED=true
[coreLoadExecutor-291-thread-1] INFO org.apache.solr.update.LoggingInfoStream - [IW][coreLoadExecutor-291-thread-1]: now flush at close
[coreLoadExecutor-291-thread-1] INFO org.apache.solr.update.LoggingInfoStream - [IW][coreLoadExecutor-291-thread-1]:   start flush: applyAllDeletes=true
[coreLoadExecutor-291-thread-1] INFO org.apache.solr.update.LoggingInfoStream - [IW][coreLoadExecutor-291-thread-1]:   index before flush 
[coreLoadExecutor-291-thread-1] INFO org.apache.solr.update.LoggingInfoStream - [DW][coreLoadExecutor-291-thread-1]: startFullFlush
[coreLoadExecutor-291-thread-1] INFO org.apache.solr.update.LoggingInfoStream - [DW][coreLoadExecutor-291-thread-1]: coreLoadExecutor-291-thread-1 finishFullFlush success=true
[coreLoadExecutor-291-thread-1] INFO org.apache.solr.update.LoggingInfoStream - [IW][coreLoadExecutor-291-thread-1]: apply all deletes during flush
[coreLoadExecutor-291-thread-1] INFO org.apache.solr.update.LoggingInfoStream - [IW][coreLoadExecutor-291-thread-1]: now apply all deletes for all segments maxDoc=0
[coreLoadExecutor-291-thread-1] INFO org.apache.solr.update.LoggingInfoStream - [BD][coreLoadExecutor-291-thread-1]: prune sis=segments:  minGen=9223372036854775807 packetCount=0
[coreLoadExecutor-291-thread-1] INFO org.apache.solr.update.LoggingInfoStream - [MS][coreLoadExecutor-291-thread-1]: initDynamicDefaults spins=false maxThreadCount=2 maxMergeCount=7
[coreLoadExecutor-291-thread-1] INFO org.apache.solr.update.LoggingInfoStream - [MS][coreLoadExecutor-291-thread-1]: updateMergeThreads ioThrottle=true targetMBPerSec=10240.0 MB/sec
[coreLoadExecutor-291-thread-1] INFO org.apache.solr.update.LoggingInfoStream - [MS][coreLoadExecutor-291-thread-1]: now merge
[coreLoadExecutor-291-thread-1] INFO org.apache.solr.update.LoggingInfoStream - [MS][coreLoadExecutor-291-thread-1]:   index: 
[coreLoadExecutor-291-thread-1] INFO org.apache.solr.update.LoggingInfoStream - [MS][coreLoadExecutor-291-thread-1]:   no more merges pending; now return
[coreLoadExecutor-291-thread-1] INFO org.apache.solr.update.LoggingInfoStream - [IW][coreLoadExecutor-291-thread-1]: waitForMerges
[coreLoadExecutor-291-thread-1] INFO org.apache.solr.update.LoggingInfoStream - [IW][coreLoadExecutor-291-thread-1]: waitForMerges done
[coreLoadExecutor-291-thread-1] INFO org.apache.solr.update.LoggingInfoStream - [IW][coreLoadExecutor-291-thread-1]: commit: start
[coreLoadExecutor-291-thread-1] INFO org.apache.solr.update.LoggingInfoStream - [IW][coreLoadExecutor-291-thread-1]: commit: enter lock
[coreLoadExecutor-291-thread-1] INFO org.apache.solr.update.LoggingInfoStream - [IW][coreLoadExecutor-291-thread-1]: commit: now prepare
[coreLoadExecutor-291-thread-1] INFO org.apache.solr.update.LoggingInfoStream - [IW][coreLoadExecutor-291-thread-1]: prepareCommit: flush
[coreLoadExecutor-291-thread-1] INFO org.apache.solr.update.LoggingInfoStream - [IW][coreLoadExecutor-291-thread-1]:   index before flush 
[coreLoadExecutor-291-thread-1] INFO org.apache.solr.update.LoggingInfoStream - [DW][coreLoadExecutor-291-thread-1]: startFullFlush
[coreLoadExecutor-291-thread-1] INFO org.apache.solr.update.LoggingInfoStream - [IW][coreLoadExecutor-291-thread-1]: apply all deletes during flush
[coreLoadExecutor-291-thread-1] INFO org.apache.solr.update.LoggingInfoStream - [IW][coreLoadExecutor-291-thread-1]: now apply all deletes for all segments maxDoc=0
[coreLoadExecutor-291-thread-1] INFO org.apache.solr.update.LoggingInfoStream - [BD][coreLoadExecutor-291-thread-1]: prune sis=segments:  minGen=9223372036854775807 packetCount=0
[coreLoadExecutor-291-thread-1] INFO org.apache.solr.update.LoggingInfoStream - [DW][coreLoadExecutor-291-thread-1]: coreLoadExecutor-291-thread-1 finishFullFlush success=true
[coreLoadExecutor-291-thread-1] INFO org.apache.solr.update.LoggingInfoStream - [IW][coreLoadExecutor-291-thread-1]: startCommit(): start
[coreLoadExecutor-291-thread-1] INFO org.apache.solr.update.LoggingInfoStream - [IW][coreLoadExecutor-291-thread-1]: startCommit index= changeCount=2
[coreLoadExecutor-291-thread-1] INFO org.apache.solr.update.LoggingInfoStream - [IW][coreLoadExecutor-291-thread-1]: startCommit: wrote pending segments file "pending_segments_1"
[coreLoadExecutor-291-thread-1] INFO org.apache.solr.update.LoggingInfoStream - [IW][coreLoadExecutor-291-thread-1]: done all syncs: []
[coreLoadExecutor-291-thread-1] INFO org.apache.solr.update.LoggingInfoStream - [IW][coreLoadExecutor-291-thread-1]: commit: pendingCommit != null
[coreLoadExecutor-291-thread-1] INFO org.apache.solr.update.LoggingInfoStream - [IW][coreLoadExecutor-291-thread-1]: commit: done writing segments file "segments_1"
[coreLoadExecutor-291-thread-1] INFO org.apache.solr.update.LoggingInfoStream - [IFD][coreLoadExecutor-291-thread-1]: now checkpoint "" [0 segments ; isCommit = true]
[coreLoadExecutor-291-thread-1] INFO org.apache.solr.core.SolrDeletionPolicy - SolrDeletionPolicy.onCommit: commits: num=1
	commit{dir=NRTCachingDirectory(MMapDirectory@/tmp/solr-home8066159846970827675/core/data/index lockFactory=org.apache.lucene.store.NativeFSLockFactory@2c3d74f6; maxCacheMB=48.0 maxMergeSizeMB=4.0),segFN=segments_1,generation=1}
[coreLoadExecutor-291-thread-1] INFO org.apache.solr.core.SolrDeletionPolicy - newest commit generation = 1
[coreLoadExecutor-291-thread-1] INFO org.apache.solr.update.LoggingInfoStream - [IFD][coreLoadExecutor-291-thread-1]: 0 msec to checkpoint
[coreLoadExecutor-291-thread-1] INFO org.apache.solr.update.LoggingInfoStream - [IW][coreLoadExecutor-291-thread-1]: commit: took 5.7 msec
[coreLoadExecutor-291-thread-1] INFO org.apache.solr.update.LoggingInfoStream - [IW][coreLoadExecutor-291-thread-1]: commit: done
[coreLoadExecutor-291-thread-1] INFO org.apache.solr.update.LoggingInfoStream - [IW][coreLoadExecutor-291-thread-1]: rollback
[coreLoadExecutor-291-thread-1] INFO org.apache.solr.update.LoggingInfoStream - [IW][coreLoadExecutor-291-thread-1]: all running merges have aborted
[coreLoadExecutor-291-thread-1] INFO org.apache.solr.update.LoggingInfoStream - [IW][coreLoadExecutor-291-thread-1]: rollback: done finish merges
[coreLoadExecutor-291-thread-1] INFO org.apache.solr.update.LoggingInfoStream - [DW][coreLoadExecutor-291-thread-1]: abort
[coreLoadExecutor-291-thread-1] INFO org.apache.solr.update.LoggingInfoStream - [DW][coreLoadExecutor-291-thread-1]: done abort success=true
[coreLoadExecutor-291-thread-1] INFO org.apache.solr.update.LoggingInfoStream - [IW][coreLoadExecutor-291-thread-1]: rollback: infos=
[coreLoadExecutor-291-thread-1] INFO org.apache.solr.update.LoggingInfoStream - [IFD][coreLoadExecutor-291-thread-1]: now checkpoint "" [0 segments ; isCommit = false]
[coreLoadExecutor-291-thread-1] INFO org.apache.solr.update.LoggingInfoStream - [IFD][coreLoadExecutor-291-thread-1]: 0 msec to checkpoint
[OldIndexDirectoryCleanupThreadForCore-core] INFO org.apache.solr.core.SolrCore - Looking for old index directories to cleanup for core core in /tmp/solr-home8066159846970827675/core/data/
[coreLoadExecutor-291-thread-1] INFO org.apache.solr.core.SolrCore - no updateRequestProcessorChain defined as default, creating implicit default
[coreLoadExecutor-291-thread-1] INFO org.apache.solr.handler.loader.XMLLoader - xsltCacheLifetimeSeconds=60
[coreLoadExecutor-291-thread-1] INFO org.apache.solr.handler.loader.XMLLoader - xsltCacheLifetimeSeconds=60
[coreLoadExecutor-291-thread-1] INFO org.apache.solr.handler.loader.XMLLoader - xsltCacheLifetimeSeconds=60
[coreLoadExecutor-291-thread-1] INFO org.apache.solr.handler.loader.XMLLoader - xsltCacheLifetimeSeconds=60
[coreLoadExecutor-291-thread-1] INFO org.apache.solr.core.RequestHandlers - Registered paths: /admin/mbeans,,/update/csv,/update/json/docs,/admin/luke,/select,/suggester,/admin/segments,/get,/admin/system,/replication,/admin/properties,/config,/schema,/admin/plugins,/admin/logging,/update/json,/admin/threads,/admin/ping,/update,/admin/file
[coreLoadExecutor-291-thread-1] INFO org.apache.solr.core.SolrCore - Using default statsCache cache: org.apache.solr.search.stats.LocalStatsCache
[coreLoadExecutor-291-thread-1] INFO org.apache.solr.update.UpdateHandler - Using UpdateLog implementation: org.apache.solr.update.UpdateLog
[coreLoadExecutor-291-thread-1] INFO org.apache.solr.update.UpdateLog - Initializing UpdateLog: dataDir= defaultSyncLevel=FLUSH numRecordsToKeep=100 maxNumLogsToKeep=10 numVersionBuckets=65536
[coreLoadExecutor-291-thread-1] INFO org.apache.solr.update.CommitTracker - Hard AutoCommit: if uncommited for 15000ms; 
[coreLoadExecutor-291-thread-1] INFO org.apache.solr.update.CommitTracker - Soft AutoCommit: disabled
[coreLoadExecutor-291-thread-1] INFO org.apache.solr.update.LoggingInfoStream - [IFD][coreLoadExecutor-291-thread-1]: init: current segments file is "segments_1"; deletionPolicy=org.apache.solr.core.IndexDeletionPolicyWrapper@6db5eb9f
[coreLoadExecutor-291-thread-1] INFO org.apache.solr.update.LoggingInfoStream - [IFD][coreLoadExecutor-291-thread-1]: init: load commit "segments_1"
[coreLoadExecutor-291-thread-1] INFO org.apache.solr.core.SolrDeletionPolicy - SolrDeletionPolicy.onInit: commits: num=1
	commit{dir=NRTCachingDirectory(MMapDirectory@/tmp/solr-home8066159846970827675/core/data/index lockFactory=org.apache.lucene.store.NativeFSLockFactory@2c3d74f6; maxCacheMB=48.0 maxMergeSizeMB=4.0),segFN=segments_1,generation=1}
[coreLoadExecutor-291-thread-1] INFO org.apache.solr.core.SolrDeletionPolicy - newest commit generation = 1
[coreLoadExecutor-291-thread-1] INFO org.apache.solr.update.LoggingInfoStream - [IFD][coreLoadExecutor-291-thread-1]: now checkpoint "" [0 segments ; isCommit = false]
[coreLoadExecutor-291-thread-1] INFO org.apache.solr.update.LoggingInfoStream - [IFD][coreLoadExecutor-291-thread-1]: 0 msec to checkpoint
[coreLoadExecutor-291-thread-1] INFO org.apache.solr.update.LoggingInfoStream - [IW][coreLoadExecutor-291-thread-1]: init: create=false
[coreLoadExecutor-291-thread-1] INFO org.apache.solr.update.LoggingInfoStream - [IW][coreLoadExecutor-291-thread-1]: 
dir=NRTCachingDirectory(MMapDirectory@/tmp/solr-home8066159846970827675/core/data/index lockFactory=org.apache.lucene.store.NativeFSLockFactory@2c3d74f6; maxCacheMB=48.0 maxMergeSizeMB=4.0)
index=
version=5.5.1
analyzer=org.apache.solr.update.SolrIndexConfig$DelayedSchemaAnalyzer
ramBufferSizeMB=100.0
maxBufferedDocs=-1
maxBufferedDeleteTerms=-1
mergedSegmentWarmer=null
delPolicy=org.apache.solr.core.IndexDeletionPolicyWrapper
commit=null
openMode=APPEND
similarity=org.apache.lucene.search.similarities.ClassicSimilarity
mergeScheduler=ConcurrentMergeScheduler: maxThreadCount=-1, maxMergeCount=-1, ioThrottle=true
default WRITE_LOCK_TIMEOUT=0
writeLockTimeout=0
codec=Lucene54
infoStream=org.apache.solr.update.LoggingInfoStream
mergePolicy=[TieredMergePolicy: maxMergeAtOnce=10, maxMergeAtOnceExplicit=30, maxMergedSegmentMB=5120.0, floorSegmentMB=2.0, forceMergeDeletesPctAllowed=10.0, segmentsPerTier=10.0, maxCFSSegmentSizeMB=8.796093022207999E12, noCFSRatio=0.1
indexerThreadPool=org.apache.lucene.index.DocumentsWriterPerThreadPool@7edef54b
readerPooling=false
perThreadHardLimitMB=1945
useCompoundFile=false
commitOnClose=true
writer=org.apache.solr.update.SolrIndexWriter@7ca12eb

[coreLoadExecutor-291-thread-1] INFO org.apache.solr.update.LoggingInfoStream - [IW][coreLoadExecutor-291-thread-1]: MMapDirectory.UNMAP_SUPPORTED=true
[coreLoadExecutor-291-thread-1] INFO org.apache.solr.update.LoggingInfoStream - [IW][coreLoadExecutor-291-thread-1]: flush at getReader
[coreLoadExecutor-291-thread-1] INFO org.apache.solr.update.LoggingInfoStream - [DW][coreLoadExecutor-291-thread-1]: startFullFlush
[coreLoadExecutor-291-thread-1] INFO org.apache.solr.update.LoggingInfoStream - [IW][coreLoadExecutor-291-thread-1]: apply all deletes during flush
[coreLoadExecutor-291-thread-1] INFO org.apache.solr.update.LoggingInfoStream - [IW][coreLoadExecutor-291-thread-1]: now apply all deletes for all segments maxDoc=0
[coreLoadExecutor-291-thread-1] INFO org.apache.solr.update.LoggingInfoStream - [BD][coreLoadExecutor-291-thread-1]: prune sis=segments_1:  minGen=9223372036854775807 packetCount=0
[coreLoadExecutor-291-thread-1] INFO org.apache.solr.update.LoggingInfoStream - [IW][coreLoadExecutor-291-thread-1]: incRefDeleter for NRT reader version=2 segments=
[coreLoadExecutor-291-thread-1] INFO org.apache.solr.update.LoggingInfoStream - [IW][coreLoadExecutor-291-thread-1]: return reader version=2 reader=StandardDirectoryReader(segments_1:2:nrt)
[coreLoadExecutor-291-thread-1] INFO org.apache.solr.update.LoggingInfoStream - [DW][coreLoadExecutor-291-thread-1]: coreLoadExecutor-291-thread-1 finishFullFlush success=true
[coreLoadExecutor-291-thread-1] INFO org.apache.solr.update.LoggingInfoStream - [IW][coreLoadExecutor-291-thread-1]: getReader took 0 msec
[coreLoadExecutor-291-thread-1] INFO org.apache.solr.search.SolrIndexSearcher - Opening Searcher@75a04ac7[core] main
[coreLoadExecutor-291-thread-1] INFO org.apache.solr.rest.ManagedResourceStorage - File-based storage initialized to use dir: /tmp/solr-home8066159846970827675/core/conf
[coreLoadExecutor-291-thread-1] INFO org.apache.solr.rest.RestManager - Initializing RestManager with initArgs: {storageDir=/tmp/solr-home8066159846970827675/core/conf}
[coreLoadExecutor-291-thread-1] INFO org.apache.solr.rest.ManagedResourceStorage - Reading _rest_managed.json using file:dir=/tmp/solr-home8066159846970827675/core/conf
[coreLoadExecutor-291-thread-1] INFO org.apache.solr.rest.RestManager - Initializing 0 registered ManagedResources
[coreLoadExecutor-291-thread-1] INFO org.apache.solr.handler.component.SpellCheckComponent - Initializing spell checkers
[coreLoadExecutor-291-thread-1] INFO org.apache.solr.handler.component.SpellCheckComponent - Registering newSearcher listener for spellchecker: default
[coreLoadExecutor-291-thread-1] INFO org.apache.solr.handler.component.SpellCheckComponent - No queryConverter defined, using default converter
[coreLoadExecutor-291-thread-1] INFO org.apache.solr.handler.ReplicationHandler - Commits will be reserved for  10000
[searcherExecutor-292-thread-1] INFO org.apache.solr.handler.component.SpellCheckComponent - Loading spell index for spellchecker: default
[searcherExecutor-292-thread-1] INFO org.apache.solr.core.SolrCore - [core] Registered new searcher Searcher@75a04ac7[core] main{ExitableDirectoryReader(UninvertingDirectoryReader())}
[coreLoadExecutor-291-thread-1] INFO org.apache.solr.update.UpdateLog - Looking up max value of version field to seed version buckets
[coreLoadExecutor-291-thread-1] INFO org.apache.solr.update.VersionInfo - Refreshing highest value of _version_ for 65536 version buckets from index
[coreLoadExecutor-291-thread-1] INFO org.apache.solr.update.VersionInfo - No terms found for _version_, cannot seed version bucket highest value from index
[coreLoadExecutor-291-thread-1] INFO org.apache.solr.update.UpdateLog - Could not find max version in index or recent updates, using new clock 1576087836617080832
[coreLoadExecutor-291-thread-1] INFO org.apache.solr.update.UpdateLog - Took 1.0ms to seed version buckets with highest version 1576087836617080832
[coreLoadExecutor-291-thread-1] INFO org.apache.solr.core.CoreContainer - registering core: core
[Test worker] INFO org.apache.solr.core.SolrCore.Request - [core]  webapp=null path=/admin/ping params={} hits=0 status=0 QTime=0
[Test worker] INFO org.apache.solr.core.SolrCore.Request - [core]  webapp=null path=/admin/ping params={} status=0 QTime=0
[Test worker] INFO com.rbmhtechnology.vind.solr.SolrSearchServer - Connection to solr server successful
[Test worker] INFO org.apache.solr.core.SolrCore.Request - [core]  webapp=null path=/schema params={} status=0 QTime=0
[Test worker] INFO com.rbmhtechnology.vind.solr.SolrSearchServer - No server provider of type class com.rbmhtechnology.vind.solr.EmbeddedSolrServerProvider found in classpath for server com.rbmhtechnology.vind.solr.SolrSearchServer
[Test worker] INFO org.apache.solr.update.processor.LogUpdateProcessorFactory - [core]  webapp=null path=/update params={}{add=[1 (1576087836629663744)]} 0 6
[Test worker] INFO org.apache.solr.update.processor.LogUpdateProcessorFactory - [core]  webapp=null path=/update params={}{add=[2 (1576087836637003776)]} 0 1
[Test worker] INFO org.apache.solr.update.DirectUpdateHandler2 - start commit{,optimize=false,openSearcher=true,waitSearcher=true,expungeDeletes=false,softCommit=false,prepareCommit=false}
[Test worker] INFO org.apache.solr.update.LoggingInfoStream - [IW][Test worker]: commit: start
[Test worker] INFO org.apache.solr.update.LoggingInfoStream - [IW][Test worker]: commit: enter lock
[Test worker] INFO org.apache.solr.update.LoggingInfoStream - [IW][Test worker]: commit: now prepare
[Test worker] INFO org.apache.solr.update.LoggingInfoStream - [IW][Test worker]: prepareCommit: flush
[Test worker] INFO org.apache.solr.update.LoggingInfoStream - [IW][Test worker]:   index before flush 
[Test worker] INFO org.apache.solr.update.LoggingInfoStream - [DW][Test worker]: startFullFlush
[Test worker] INFO org.apache.solr.update.LoggingInfoStream - [DW][Test worker]: anyChanges? numDocsInRam=2 deletes=true hasTickets:false pendingChangesInFullFlush: false
[Test worker] INFO org.apache.solr.update.LoggingInfoStream - [DWFC][Test worker]: addFlushableState DocumentsWriterPerThread [pendingDeletes=gen=0 1 deleted terms (unique count=1) bytesUsed=169, segment=_0, aborted=false, numDocsInRAM=2, deleteQueue=DWDQ: [ generation: 1 ]]
[Test worker] INFO org.apache.solr.update.LoggingInfoStream - [DWPT][Test worker]: flush postings as segment _0 numDocs=2
[Test worker] INFO org.apache.solr.update.LoggingInfoStream - [IW][Test worker]: 0 msec to write norms
[Test worker] INFO org.apache.solr.update.LoggingInfoStream - [IW][Test worker]: 1 msec to write docValues
[Test worker] INFO org.apache.solr.update.LoggingInfoStream - [IW][Test worker]: 0 msec to finish stored fields
[Test worker] INFO org.apache.solr.update.LoggingInfoStream - [IW][Test worker]: 1 msec to write postings and finish vectors
[Test worker] INFO org.apache.solr.update.LoggingInfoStream - [IW][Test worker]: 0 msec to write fieldInfos
[Test worker] INFO org.apache.solr.update.LoggingInfoStream - [DWPT][Test worker]: new segment has 0 deleted docs
[Test worker] INFO org.apache.solr.update.LoggingInfoStream - [DWPT][Test worker]: new segment has no vectors; norms; docValues; prox; freqs
[Test worker] INFO org.apache.solr.update.LoggingInfoStream - [DWPT][Test worker]: flushedFiles=[_0_Lucene54_0.dvm, _0_Lucene50_0.doc, _0_Lucene50_0.tim, _0_Lucene50_0.pos, _0.nvd, _0.fdx, _0_Lucene54_0.dvd, _0_Lucene50_0.tip, _0.fdt, _0.nvm, _0.fnm]
[Test worker] INFO org.apache.solr.update.LoggingInfoStream - [DWPT][Test worker]: flushed codec=Lucene54
[Test worker] INFO org.apache.solr.update.LoggingInfoStream - [DWPT][Test worker]: flushed: segment=_0 ramUsed=0.79 MB newFlushedSize=0.008 MB docs/MB=248.507
[Test worker] INFO org.apache.solr.update.LoggingInfoStream - [DW][Test worker]: publishFlushedSegment seg-private updates=null
[Test worker] INFO org.apache.solr.update.LoggingInfoStream - [IW][Test worker]: publishFlushedSegment
[Test worker] INFO org.apache.solr.update.LoggingInfoStream - [BD][Test worker]: push deletes  2 deleted terms (unique count=2) bytesUsed=1072 segmentPrivate?=false delGen=2 packetCount=1 totBytesUsed=1072
[Test worker] INFO org.apache.solr.update.LoggingInfoStream - [IW][Test worker]: publish sets newSegment delGen=3 seg=_0(5.5.1):C2
[Test worker] INFO org.apache.solr.update.LoggingInfoStream - [IFD][Test worker]: now checkpoint "_0(5.5.1):C2" [1 segments ; isCommit = false]
[Test worker] INFO org.apache.solr.update.LoggingInfoStream - [IFD][Test worker]: 0 msec to checkpoint
[Test worker] INFO org.apache.solr.update.LoggingInfoStream - [IW][Test worker]: apply all deletes during flush
[Test worker] INFO org.apache.solr.update.LoggingInfoStream - [IW][Test worker]: now apply all deletes for all segments maxDoc=2
[Test worker] INFO org.apache.solr.update.LoggingInfoStream - [BD][Test worker]: applyDeletes: open segment readers took 0 msec
[Test worker] INFO org.apache.solr.update.LoggingInfoStream - [BD][Test worker]: applyDeletes: infos=[_0(5.5.1):C2] packetCount=1
[Test worker] INFO org.apache.solr.update.LoggingInfoStream - [BD][Test worker]: applyDeletes took 0 msec for 1 segments, 0 newly deleted docs (query deletes), 0 visited terms, allDeleted=null
[Test worker] INFO org.apache.solr.update.LoggingInfoStream - [BD][Test worker]: prune sis=segments_1: _0(5.5.1):C2 minGen=3 packetCount=1
[Test worker] INFO org.apache.solr.update.LoggingInfoStream - [BD][Test worker]: pruneDeletes: prune 1 packets; 0 packets remain
[Test worker] INFO org.apache.solr.update.LoggingInfoStream - [DW][Test worker]: Test worker finishFullFlush success=true
[Test worker] INFO org.apache.solr.update.LoggingInfoStream - [TMP][Test worker]: findMerges: 1 segments
[Test worker] INFO org.apache.solr.update.LoggingInfoStream - [TMP][Test worker]:   seg=_0(5.5.1):C2 size=0.008 MB [floored]
[Test worker] INFO org.apache.solr.update.LoggingInfoStream - [TMP][Test worker]:   allowedSegmentCount=1 vs count=1 (eligible count=1) tooBigCount=0
[Test worker] INFO org.apache.solr.update.LoggingInfoStream - [MS][Test worker]: initDynamicDefaults spins=false maxThreadCount=2 maxMergeCount=7
[Test worker] INFO org.apache.solr.update.LoggingInfoStream - [MS][Test worker]: now merge
[Test worker] INFO org.apache.solr.update.LoggingInfoStream - [MS][Test worker]:   index: _0(5.5.1):C2
[Test worker] INFO org.apache.solr.update.LoggingInfoStream - [MS][Test worker]:   no more merges pending; now return
[Test worker] INFO org.apache.solr.update.LoggingInfoStream - [IW][Test worker]: startCommit(): start
[Test worker] INFO org.apache.solr.update.LoggingInfoStream - [IW][Test worker]: startCommit index=_0(5.5.1):C2 changeCount=4
[Test worker] INFO org.apache.solr.update.LoggingInfoStream - [IW][Test worker]: startCommit: wrote pending segments file "pending_segments_2"
[Test worker] INFO org.apache.solr.update.LoggingInfoStream - [IW][Test worker]: done all syncs: [_0.si, _0_Lucene50_0.doc, _0_Lucene50_0.tim, _0_Lucene54_0.dvm, _0_Lucene50_0.pos, _0.nvd, _0.fdx, _0_Lucene54_0.dvd, _0_Lucene50_0.tip, _0.fdt, _0.nvm, _0.fnm]
[Test worker] INFO org.apache.solr.update.LoggingInfoStream - [IW][Test worker]: commit: pendingCommit != null
[Test worker] INFO org.apache.solr.update.LoggingInfoStream - [IW][Test worker]: commit: done writing segments file "segments_2"
[Test worker] INFO org.apache.solr.update.LoggingInfoStream - [IFD][Test worker]: now checkpoint "_0(5.5.1):C2" [1 segments ; isCommit = true]
[Test worker] INFO org.apache.solr.core.SolrDeletionPolicy - SolrDeletionPolicy.onCommit: commits: num=2
	commit{dir=NRTCachingDirectory(MMapDirectory@/tmp/solr-home8066159846970827675/core/data/index lockFactory=org.apache.lucene.store.NativeFSLockFactory@2c3d74f6; maxCacheMB=48.0 maxMergeSizeMB=4.0),segFN=segments_1,generation=1}
	commit{dir=NRTCachingDirectory(MMapDirectory@/tmp/solr-home8066159846970827675/core/data/index lockFactory=org.apache.lucene.store.NativeFSLockFactory@2c3d74f6; maxCacheMB=48.0 maxMergeSizeMB=4.0),segFN=segments_2,generation=2}
[Test worker] INFO org.apache.solr.core.SolrDeletionPolicy - newest commit generation = 2
[Test worker] INFO org.apache.solr.update.LoggingInfoStream - [IFD][Test worker]: deleteCommits: now decRef commit "segments_1"
[Test worker] INFO org.apache.solr.update.LoggingInfoStream - [IFD][Test worker]: delete "segments_1"
[Test worker] INFO org.apache.solr.update.LoggingInfoStream - [IFD][Test worker]: 0 msec to checkpoint
[Test worker] INFO org.apache.solr.update.LoggingInfoStream - [IW][Test worker]: commit: took 54.4 msec
[Test worker] INFO org.apache.solr.update.LoggingInfoStream - [IW][Test worker]: commit: done
[Test worker] INFO org.apache.solr.update.LoggingInfoStream - [IW][Test worker]: nrtIsCurrent: infoVersion matches: false; DW changes: false; BD changes: false
[Test worker] INFO org.apache.solr.update.LoggingInfoStream - [IW][Test worker]: flush at getReader
[Test worker] INFO org.apache.solr.update.LoggingInfoStream - [DW][Test worker]: startFullFlush
[Test worker] INFO org.apache.solr.update.LoggingInfoStream - [IW][Test worker]: apply all deletes during flush
[Test worker] INFO org.apache.solr.update.LoggingInfoStream - [IW][Test worker]: now apply all deletes for all segments maxDoc=2
[Test worker] INFO org.apache.solr.update.LoggingInfoStream - [BD][Test worker]: applyDeletes: open segment readers took 0 msec
[Test worker] INFO org.apache.solr.update.LoggingInfoStream - [BD][Test worker]: applyDeletes: no segments; skipping
[Test worker] INFO org.apache.solr.update.LoggingInfoStream - [BD][Test worker]: prune sis=segments_2: _0(5.5.1):C2 minGen=3 packetCount=0
[Test worker] INFO org.apache.solr.update.LoggingInfoStream - [IW][Test worker]: incRefDeleter for NRT reader version=6 segments=_0(5.5.1):C2
[Test worker] INFO org.apache.solr.update.LoggingInfoStream - [IW][Test worker]: return reader version=6 reader=StandardDirectoryReader(segments_2:6:nrt _0(5.5.1):C2)
[Test worker] INFO org.apache.solr.update.LoggingInfoStream - [DW][Test worker]: Test worker finishFullFlush success=true
[Test worker] INFO org.apache.solr.update.LoggingInfoStream - [IW][Test worker]: getReader took 1 msec
[Test worker] INFO org.apache.solr.search.SolrIndexSearcher - Opening Searcher@799d70c9[core] main
[Test worker] INFO org.apache.solr.update.DirectUpdateHandler2 - end_commit_flush
[searcherExecutor-292-thread-1] INFO org.apache.solr.handler.component.SpellCheckComponent - Building spell index for spell checker: default
[searcherExecutor-292-thread-1] INFO org.apache.solr.core.SolrCore - [core] Registered new searcher Searcher@799d70c9[core] main{ExitableDirectoryReader(UninvertingDirectoryReader(Uninverting(_0(5.5.1):C2)))}
[searcherExecutor-292-thread-1] INFO org.apache.solr.update.LoggingInfoStream - [IW][searcherExecutor-292-thread-1]: decRefDeleter for NRT reader version=2 segments=
[Test worker] INFO org.apache.solr.update.processor.LogUpdateProcessorFactory - [core]  webapp=null path=/update params={commit=true&softCommit=false&waitSearcher=true}{commit=} 0 92
[Test worker] INFO org.apache.solr.core.SolrCore.Request - [core]  webapp=null path=/select params={q=*&fl=*,score&qf=dynamic_multi_none_numberFacetTaxonomy^1.0+dynamic_multi_none_dateFacetTaxonomy^1.0&defType=edismax&fq=_type_:asset&fq=(dynamic_multi_facet_string_textFacetTaxonomy:"Label"+AND+dynamic_multi_facet_int_numberFacetTaxonomy:[0+TO+5]+AND+dynamic_multi_facet_string_textFacetTaxonomy:[''+TO+*]+AND+dynamic_multi_facet_date_dateFacetTaxonomy:[2017-08-15T16:41:30.296Z+TO+2017-08-21T16:41:30.296Z]+AND+(dynamic_multi_facet_int_numberFacetTaxonomy:"2"+OR+dynamic_multi_facet_int_numberFacetTaxonomy:"1"))&facet=true&facet.mincount=1&facet.limit=10&facet.range={!tag%3D''+ex%3Ddt+key%3D'facetRange'}dynamic_multi_facet_int_numberFacetTaxonomy&facet.range={!tag%3D''+ex%3Ddt+key%3D'facetDateRange'}dynamic_multi_facet_date_dateFacetTaxonomy&f.dynamic_multi_facet_int_numberFacetTaxonomy.facet.range.start=0&f.dynamic_multi_facet_int_numberFacetTaxonomy.facet.range.end=10&f.dynamic_multi_facet_int_numberFacetTaxonomy.facet.range.gap=5&facet.interval={!key%3DfacetNumber}dynamic_multi_facet_int_numberFacetTaxonomy&facet.interval={!key%3DfacetDateInterval}dynamic_multi_facet_date_dateFacetTaxonomy&f.dynamic_multi_facet_int_numberFacetTaxonomy.facet.interval.set={!key%3D[1-4]}[0,5]&f.dynamic_multi_facet_int_numberFacetTaxonomy.facet.interval.set={!key%3D[6-9]}[5,10]&f.dynamic_multi_facet_date_dateFacetTaxonomy.facet.interval.set={!key%3D[now-1_hour_till_the_future]}[2017-08-18T15:41:30.296Z,*]&f.dynamic_multi_facet_date_dateFacetTaxonomy.facet.interval.set={!key%3D3_days_ago_till_now-1_hour]}[2017-08-15T16:41:30.296Z,2017-08-18T15:41:30.296Z]&f.dynamic_multi_facet_date_dateFacetTaxonomy.facet.range.start=2017-08-15T16:41:30.297Z&f.dynamic_multi_facet_date_dateFacetTaxonomy.facet.range.end=2017-08-21T16:41:30.297Z&f.dynamic_multi_facet_date_dateFacetTaxonomy.facet.range.gap=%2B86400000MILLISECOND&stats=true&stats=true&stats=true&stats.field={!tag%3D''+ex%3Ddt+key%3D'facetTextStats'}dynamic_multi_facet_string_textFacetTaxonomy&stats.field={!tag%3D''+ex%3Ddt+key%3D'facetDateStats'}dynamic_multi_facet_date_dateFacetTaxonomy&stats.field={!tag%3D''+ex%3Ddt+key%3D'facetStats'}dynamic_multi_facet_int_numberFacetTaxonomy&facet.pivot={!query%3D'facetPivot'+stats%3D'facetPivot'+range%3D'facetPivot'+ex%3Ddt+key%3D'facetPivot'}dynamic_multi_facet_int_numberFacetTaxonomy,,dynamic_multi_facet_date_dateFacetTaxonomy,dynamic_multi_facet_string_textFacetTaxonomy&facet.field=dynamic_multi_facet_string_textFacetTaxonomy&facet.field=dynamic_multi_facet_int_numberFacetTaxonomy&facet.field=dynamic_multi_facet_date_dateFacetTaxonomy&sort=dynamic_single_sort_date_dateStoredFacetTaxonomy+Desc&bf=&start=0&rows=10} hits=2 status=0 QTime=6
[Test worker] INFO org.apache.solr.core.SolrCore.Request - [core]  webapp=null path=/suggester params={qt=/suggester&suggestion.field=dynamic_multi_suggest_string_numberFacetTaxonomy&suggestion.field=dynamic_multi_suggest_string_textFacetTaxonomy&q=la&suggestion.df=suggestions&suggestion.limit=10} status=0 QTime=12
[Test worker] INFO org.apache.solr.core.CoreContainer - Shutting down CoreContainer instance=778614040
[coreCloseExecutor-297-thread-1] INFO org.apache.solr.core.SolrCore - [core]  CLOSING SolrCore org.apache.solr.core.SolrCore@3193367c
[coreCloseExecutor-297-thread-1] INFO org.apache.solr.update.DirectUpdateHandler2 - closing DirectUpdateHandler2{commits=1,autocommit maxTime=15000ms,autocommits=0,soft autocommits=0,optimizes=0,rollbacks=0,expungeDeletes=0,docsPending=0,adds=0,deletesById=0,deletesByQuery=0,errors=0,cumulative_adds=2,cumulative_deletesById=0,cumulative_deletesByQuery=0,cumulative_errors=0,transaction_logs_total_size=1490,transaction_logs_total_number=1}
[coreCloseExecutor-297-thread-1] INFO org.apache.solr.update.SolrCoreState - Closing SolrCoreState
[coreCloseExecutor-297-thread-1] INFO org.apache.solr.update.DefaultSolrCoreState - SolrCoreState ref count has reached 0 - closing IndexWriter
[coreCloseExecutor-297-thread-1] INFO org.apache.solr.update.DefaultSolrCoreState - closing IndexWriter with IndexWriterCloser
[coreCloseExecutor-297-thread-1] INFO org.apache.solr.update.LoggingInfoStream - [IW][coreCloseExecutor-297-thread-1]: now flush at close
[coreCloseExecutor-297-thread-1] INFO org.apache.solr.update.LoggingInfoStream - [IW][coreCloseExecutor-297-thread-1]:   start flush: applyAllDeletes=true
[coreCloseExecutor-297-thread-1] INFO org.apache.solr.update.LoggingInfoStream - [IW][coreCloseExecutor-297-thread-1]:   index before flush _0(5.5.1):C2
[coreCloseExecutor-297-thread-1] INFO org.apache.solr.update.LoggingInfoStream - [DW][coreCloseExecutor-297-thread-1]: startFullFlush
[coreCloseExecutor-297-thread-1] INFO org.apache.solr.update.LoggingInfoStream - [DW][coreCloseExecutor-297-thread-1]: coreCloseExecutor-297-thread-1 finishFullFlush success=true
[coreCloseExecutor-297-thread-1] INFO org.apache.solr.update.LoggingInfoStream - [IW][coreCloseExecutor-297-thread-1]: apply all deletes during flush
[coreCloseExecutor-297-thread-1] INFO org.apache.solr.update.LoggingInfoStream - [IW][coreCloseExecutor-297-thread-1]: now apply all deletes for all segments maxDoc=2
[coreCloseExecutor-297-thread-1] INFO org.apache.solr.update.LoggingInfoStream - [BD][coreCloseExecutor-297-thread-1]: applyDeletes: open segment readers took 0 msec
[coreCloseExecutor-297-thread-1] INFO org.apache.solr.update.LoggingInfoStream - [BD][coreCloseExecutor-297-thread-1]: applyDeletes: no segments; skipping
[coreCloseExecutor-297-thread-1] INFO org.apache.solr.update.LoggingInfoStream - [BD][coreCloseExecutor-297-thread-1]: prune sis=segments_2: _0(5.5.1):C2 minGen=3 packetCount=0
[coreCloseExecutor-297-thread-1] INFO org.apache.solr.update.LoggingInfoStream - [MS][coreCloseExecutor-297-thread-1]: updateMergeThreads ioThrottle=true targetMBPerSec=10240.0 MB/sec
[coreCloseExecutor-297-thread-1] INFO org.apache.solr.update.LoggingInfoStream - [MS][coreCloseExecutor-297-thread-1]: now merge
[coreCloseExecutor-297-thread-1] INFO org.apache.solr.update.LoggingInfoStream - [MS][coreCloseExecutor-297-thread-1]:   index: _0(5.5.1):C2
[coreCloseExecutor-297-thread-1] INFO org.apache.solr.update.LoggingInfoStream - [MS][coreCloseExecutor-297-thread-1]:   no more merges pending; now return
[coreCloseExecutor-297-thread-1] INFO org.apache.solr.update.LoggingInfoStream - [IW][coreCloseExecutor-297-thread-1]: waitForMerges
[coreCloseExecutor-297-thread-1] INFO org.apache.solr.update.LoggingInfoStream - [IW][coreCloseExecutor-297-thread-1]: waitForMerges done
[coreCloseExecutor-297-thread-1] INFO org.apache.solr.update.LoggingInfoStream - [IW][coreCloseExecutor-297-thread-1]: commit: start
[coreCloseExecutor-297-thread-1] INFO org.apache.solr.update.LoggingInfoStream - [IW][coreCloseExecutor-297-thread-1]: commit: enter lock
[coreCloseExecutor-297-thread-1] INFO org.apache.solr.update.LoggingInfoStream - [IW][coreCloseExecutor-297-thread-1]: commit: now prepare
[coreCloseExecutor-297-thread-1] INFO org.apache.solr.update.LoggingInfoStream - [IW][coreCloseExecutor-297-thread-1]: prepareCommit: flush
[coreCloseExecutor-297-thread-1] INFO org.apache.solr.update.LoggingInfoStream - [IW][coreCloseExecutor-297-thread-1]:   index before flush _0(5.5.1):C2
[coreCloseExecutor-297-thread-1] INFO org.apache.solr.update.LoggingInfoStream - [DW][coreCloseExecutor-297-thread-1]: startFullFlush
[coreCloseExecutor-297-thread-1] INFO org.apache.solr.update.LoggingInfoStream - [IW][coreCloseExecutor-297-thread-1]: apply all deletes during flush
[coreCloseExecutor-297-thread-1] INFO org.apache.solr.update.LoggingInfoStream - [IW][coreCloseExecutor-297-thread-1]: now apply all deletes for all segments maxDoc=2
[coreCloseExecutor-297-thread-1] INFO org.apache.solr.update.LoggingInfoStream - [BD][coreCloseExecutor-297-thread-1]: applyDeletes: open segment readers took 0 msec
[coreCloseExecutor-297-thread-1] INFO org.apache.solr.update.LoggingInfoStream - [BD][coreCloseExecutor-297-thread-1]: applyDeletes: no segments; skipping
[coreCloseExecutor-297-thread-1] INFO org.apache.solr.update.LoggingInfoStream - [BD][coreCloseExecutor-297-thread-1]: prune sis=segments_2: _0(5.5.1):C2 minGen=3 packetCount=0
[coreCloseExecutor-297-thread-1] INFO org.apache.solr.update.LoggingInfoStream - [DW][coreCloseExecutor-297-thread-1]: coreCloseExecutor-297-thread-1 finishFullFlush success=true
[coreCloseExecutor-297-thread-1] INFO org.apache.solr.update.LoggingInfoStream - [IW][coreCloseExecutor-297-thread-1]: startCommit(): start
[coreCloseExecutor-297-thread-1] INFO org.apache.solr.update.LoggingInfoStream - [IW][coreCloseExecutor-297-thread-1]:   skip startCommit(): no changes pending
[coreCloseExecutor-297-thread-1] INFO org.apache.solr.update.LoggingInfoStream - [IW][coreCloseExecutor-297-thread-1]: commit: pendingCommit == null; skip
[coreCloseExecutor-297-thread-1] INFO org.apache.solr.update.LoggingInfoStream - [IW][coreCloseExecutor-297-thread-1]: commit: took 0.1 msec
[coreCloseExecutor-297-thread-1] INFO org.apache.solr.update.LoggingInfoStream - [IW][coreCloseExecutor-297-thread-1]: commit: done
[coreCloseExecutor-297-thread-1] INFO org.apache.solr.update.LoggingInfoStream - [IW][coreCloseExecutor-297-thread-1]: rollback
[coreCloseExecutor-297-thread-1] INFO org.apache.solr.update.LoggingInfoStream - [IW][coreCloseExecutor-297-thread-1]: all running merges have aborted
[coreCloseExecutor-297-thread-1] INFO org.apache.solr.update.LoggingInfoStream - [IW][coreCloseExecutor-297-thread-1]: rollback: done finish merges
[coreCloseExecutor-297-thread-1] INFO org.apache.solr.update.LoggingInfoStream - [DW][coreCloseExecutor-297-thread-1]: abort
[coreCloseExecutor-297-thread-1] INFO org.apache.solr.update.LoggingInfoStream - [DW][coreCloseExecutor-297-thread-1]: done abort success=true
[coreCloseExecutor-297-thread-1] INFO org.apache.solr.update.LoggingInfoStream - [IW][coreCloseExecutor-297-thread-1]: rollback: infos=_0(5.5.1):C2
[coreCloseExecutor-297-thread-1] INFO org.apache.solr.update.LoggingInfoStream - [IFD][coreCloseExecutor-297-thread-1]: now checkpoint "_0(5.5.1):C2" [1 segments ; isCommit = false]
[coreCloseExecutor-297-thread-1] INFO org.apache.solr.update.LoggingInfoStream - [IFD][coreCloseExecutor-297-thread-1]: 0 msec to checkpoint
[coreCloseExecutor-297-thread-1] INFO org.apache.solr.core.SolrCore - [core] Closing main searcher on request.
[coreCloseExecutor-297-thread-1] INFO org.apache.solr.core.CachingDirectoryFactory - Closing NRTCachingDirectoryFactory - 2 directories currently being tracked
[coreCloseExecutor-297-thread-1] INFO org.apache.solr.core.CachingDirectoryFactory - looking to close /tmp/solr-home8066159846970827675/core/data [CachedDir<<refCount=0;path=/tmp/solr-home8066159846970827675/core/data;done=false>>]
[coreCloseExecutor-297-thread-1] INFO org.apache.solr.core.CachingDirectoryFactory - Closing directory: /tmp/solr-home8066159846970827675/core/data
[coreCloseExecutor-297-thread-1] INFO org.apache.solr.core.CachingDirectoryFactory - looking to close /tmp/solr-home8066159846970827675/core/data/index [CachedDir<<refCount=0;path=/tmp/solr-home8066159846970827675/core/data/index;done=false>>]
[coreCloseExecutor-297-thread-1] INFO org.apache.solr.core.CachingDirectoryFactory - Closing directory: /tmp/solr-home8066159846970827675/core/data/index
[Test worker] INFO com.rbmhtechnology.vind.solr.SolrSearchServer - No server provider of type class com.rbmhtechnology.vind.solr.EmbeddedSolrServerProvider found in classpath for server com.rbmhtechnology.vind.solr.SolrSearchServer
[Test worker] INFO com.rbmhtechnology.vind.solr.SolrSearchServer - No server provider of type class com.rbmhtechnology.vind.solr.EmbeddedSolrServerProvider found in classpath for server com.rbmhtechnology.vind.solr.SolrSearchServer
[Test worker] INFO org.apache.solr.core.SolrResourceLoader - new SolrResourceLoader for directory: '/tmp/solr-home2645377760086922619'
[Test worker] INFO org.apache.solr.core.SolrResourceLoader - JNDI not configured for solr (NoInitialContextEx)
[Test worker] INFO org.apache.solr.core.SolrResourceLoader - solr home defaulted to 'solr/' (could not find system property or JNDI)
[Test worker] INFO org.apache.solr.core.SolrXmlConfig - Loading container configuration from /tmp/solr-home2645377760086922619/solr.xml
[Test worker] INFO org.apache.solr.core.CorePropertiesLocator - Config-defined core root directory: /tmp/solr-home2645377760086922619
[Test worker] INFO org.apache.solr.core.CoreContainer - New CoreContainer 233238058
[Test worker] INFO org.apache.solr.core.CoreContainer - Loading cores into CoreContainer [instanceDir=/tmp/solr-home2645377760086922619]
[Test worker] WARN org.apache.solr.core.CoreContainer - Couldn't add files from /tmp/solr-home2645377760086922619/lib to classpath: /tmp/solr-home2645377760086922619/lib
[Test worker] INFO org.apache.solr.handler.component.HttpShardHandlerFactory - created with socketTimeout : 120000,connTimeout : 15000,maxConnectionsPerHost : 20,maxConnections : 10000,corePoolSize : 0,maximumPoolSize : 2147483647,maxThreadIdleTime : 5,sizeOfQueue : -1,fairnessPolicy : false,useRetries : false,
[Test worker] INFO org.apache.solr.update.UpdateShardHandler - Creating UpdateShardHandler HTTP client with params: socketTimeout=600000&connTimeout=60000&retry=true
[Test worker] INFO org.apache.solr.logging.LogWatcher - SLF4J impl is org.slf4j.impl.SimpleLoggerFactory
[Test worker] INFO org.apache.solr.logging.LogWatcher - No LogWatcher configured
[Test worker] INFO org.apache.solr.core.CoreContainer - Security conf doesn't exist. Skipping setup for authorization module.
[Test worker] INFO org.apache.solr.core.CoreContainer - No authentication plugin used.
[Test worker] INFO org.apache.solr.core.CorePropertiesLocator - Looking for core definitions underneath /tmp/solr-home2645377760086922619
[Test worker] INFO org.apache.solr.core.CoreDescriptor - Created CoreDescriptor: {runtimeLib=false, name=core, config=solrconfig.xml, loadOnStartup=true, schema=schema.xml, configSetProperties=configsetprops.json, transient=false, dataDir=data/}
[Test worker] INFO org.apache.solr.core.CorePropertiesLocator - Found core core in /tmp/solr-home2645377760086922619/core
[Test worker] INFO org.apache.solr.core.CorePropertiesLocator - Found 1 core definitions
[coreLoadExecutor-304-thread-1] INFO org.apache.solr.core.SolrResourceLoader - new SolrResourceLoader for directory: '/tmp/solr-home2645377760086922619/core'
[coreLoadExecutor-304-thread-1] INFO org.apache.solr.core.SolrResourceLoader - JNDI not configured for solr (NoInitialContextEx)
[coreLoadExecutor-304-thread-1] INFO org.apache.solr.core.SolrResourceLoader - solr home defaulted to 'solr/' (could not find system property or JNDI)
[coreLoadExecutor-304-thread-1] INFO org.apache.solr.core.SolrResourceLoader - Adding 'file:/tmp/solr-home2645377760086922619/core/lib/marker-search-handler-0.3.0.jar' to classloader
[coreLoadExecutor-304-thread-1] INFO org.apache.solr.core.SolrResourceLoader - Adding 'file:/tmp/solr-home2645377760086922619/core/lib/suggestion-request-handler-2.1.0.jar' to classloader
[coreLoadExecutor-304-thread-1] INFO org.apache.solr.core.SolrConfig - current version of requestparams : -1
[coreLoadExecutor-304-thread-1] INFO org.apache.solr.update.SolrIndexConfig - IndexWriter infoStream solr logging is enabled
[coreLoadExecutor-304-thread-1] INFO org.apache.solr.core.SolrConfig - Using Lucene MatchVersion: 5.5.0
[coreLoadExecutor-304-thread-1] INFO org.apache.solr.core.SolrConfig - Loaded SolrConfig: solrconfig.xml
[coreLoadExecutor-304-thread-1] INFO org.apache.solr.schema.ManagedIndexSchemaFactory - The schema is configured as managed, but managed schema resource managed-schema not found - loading non-managed schema schema.xml instead
[coreLoadExecutor-304-thread-1] INFO org.apache.solr.schema.IndexSchema - [core] Schema name=basic search lib core
[coreLoadExecutor-304-thread-1] INFO org.apache.solr.schema.IndexSchema - unique key field: _id_
[coreLoadExecutor-304-thread-1] INFO org.apache.solr.schema.ManagedIndexSchema - Upgraded to managed schema at /tmp/solr-home2645377760086922619/core/conf/managed-schema
[coreLoadExecutor-304-thread-1] INFO org.apache.solr.schema.ManagedIndexSchemaFactory - After upgrading to managed schema, renamed the non-managed schema /tmp/solr-home2645377760086922619/core/conf/schema.xml to /tmp/solr-home2645377760086922619/core/conf/schema.xml.bak
[coreLoadExecutor-304-thread-1] INFO org.apache.solr.core.ConfigSetProperties - Did not find ConfigSet properties, assuming default properties: Can't find resource 'configsetprops.json' in classpath or '/tmp/solr-home2645377760086922619/core'
[coreLoadExecutor-304-thread-1] INFO org.apache.solr.core.CoreContainer - Creating SolrCore 'core' using configuration from instancedir /tmp/solr-home2645377760086922619/core
[coreLoadExecutor-304-thread-1] INFO org.apache.solr.core.SolrCore - solr.NRTCachingDirectoryFactory
[coreLoadExecutor-304-thread-1] INFO org.apache.solr.core.SolrCore - [[core] ] Opening new SolrCore at [/tmp/solr-home2645377760086922619/core], dataDir=[/tmp/solr-home2645377760086922619/core/data/]
[coreLoadExecutor-304-thread-1] INFO org.apache.solr.core.JmxMonitoredMap - No JMX servers found, not exposing Solr information with JMX.
[coreLoadExecutor-304-thread-1] INFO org.apache.solr.core.SchemaCodecFactory - Using default compressionMode: BEST_SPEED
[coreLoadExecutor-304-thread-1] INFO org.apache.solr.core.CachingDirectoryFactory - return new directory for /tmp/solr-home2645377760086922619/core/data
[coreLoadExecutor-304-thread-1] INFO org.apache.solr.core.SolrCore - New index directory detected: old=null new=/tmp/solr-home2645377760086922619/core/data/index/
[coreLoadExecutor-304-thread-1] WARN org.apache.solr.core.SolrCore - [core] Solr index directory '/tmp/solr-home2645377760086922619/core/data/index' doesn't exist. Creating new index...
[coreLoadExecutor-304-thread-1] INFO org.apache.solr.core.CachingDirectoryFactory - return new directory for /tmp/solr-home2645377760086922619/core/data/index
[coreLoadExecutor-304-thread-1] INFO org.apache.solr.update.LoggingInfoStream - [IFD][coreLoadExecutor-304-thread-1]: init: current segments file is "segments"; deletionPolicy=org.apache.solr.core.IndexDeletionPolicyWrapper@270ec1bd
[coreLoadExecutor-304-thread-1] INFO org.apache.solr.update.LoggingInfoStream - [IFD][coreLoadExecutor-304-thread-1]: now checkpoint "" [0 segments ; isCommit = false]
[coreLoadExecutor-304-thread-1] INFO org.apache.solr.update.LoggingInfoStream - [IFD][coreLoadExecutor-304-thread-1]: 0 msec to checkpoint
[coreLoadExecutor-304-thread-1] INFO org.apache.solr.update.LoggingInfoStream - [IW][coreLoadExecutor-304-thread-1]: init: create=true
[coreLoadExecutor-304-thread-1] INFO org.apache.solr.update.LoggingInfoStream - [IW][coreLoadExecutor-304-thread-1]: 
dir=NRTCachingDirectory(MMapDirectory@/tmp/solr-home2645377760086922619/core/data/index lockFactory=org.apache.lucene.store.NativeFSLockFactory@2c3d74f6; maxCacheMB=48.0 maxMergeSizeMB=4.0)
index=
version=5.5.1
analyzer=org.apache.solr.update.SolrIndexConfig$DelayedSchemaAnalyzer
ramBufferSizeMB=100.0
maxBufferedDocs=-1
maxBufferedDeleteTerms=-1
mergedSegmentWarmer=null
delPolicy=org.apache.solr.core.IndexDeletionPolicyWrapper
commit=null
openMode=CREATE
similarity=org.apache.lucene.search.similarities.ClassicSimilarity
mergeScheduler=ConcurrentMergeScheduler: maxThreadCount=-1, maxMergeCount=-1, ioThrottle=true
default WRITE_LOCK_TIMEOUT=0
writeLockTimeout=0
codec=Lucene54
infoStream=org.apache.solr.update.LoggingInfoStream
mergePolicy=[TieredMergePolicy: maxMergeAtOnce=10, maxMergeAtOnceExplicit=30, maxMergedSegmentMB=5120.0, floorSegmentMB=2.0, forceMergeDeletesPctAllowed=10.0, segmentsPerTier=10.0, maxCFSSegmentSizeMB=8.796093022207999E12, noCFSRatio=0.1
indexerThreadPool=org.apache.lucene.index.DocumentsWriterPerThreadPool@7f78d240
readerPooling=false
perThreadHardLimitMB=1945
useCompoundFile=false
commitOnClose=true
writer=org.apache.solr.update.SolrIndexWriter@5c5be745

[coreLoadExecutor-304-thread-1] INFO org.apache.solr.update.LoggingInfoStream - [IW][coreLoadExecutor-304-thread-1]: MMapDirectory.UNMAP_SUPPORTED=true
[coreLoadExecutor-304-thread-1] INFO org.apache.solr.update.LoggingInfoStream - [IW][coreLoadExecutor-304-thread-1]: now flush at close
[coreLoadExecutor-304-thread-1] INFO org.apache.solr.update.LoggingInfoStream - [IW][coreLoadExecutor-304-thread-1]:   start flush: applyAllDeletes=true
[coreLoadExecutor-304-thread-1] INFO org.apache.solr.update.LoggingInfoStream - [IW][coreLoadExecutor-304-thread-1]:   index before flush 
[coreLoadExecutor-304-thread-1] INFO org.apache.solr.update.LoggingInfoStream - [DW][coreLoadExecutor-304-thread-1]: startFullFlush
[coreLoadExecutor-304-thread-1] INFO org.apache.solr.update.LoggingInfoStream - [DW][coreLoadExecutor-304-thread-1]: coreLoadExecutor-304-thread-1 finishFullFlush success=true
[coreLoadExecutor-304-thread-1] INFO org.apache.solr.update.LoggingInfoStream - [IW][coreLoadExecutor-304-thread-1]: apply all deletes during flush
[coreLoadExecutor-304-thread-1] INFO org.apache.solr.update.LoggingInfoStream - [IW][coreLoadExecutor-304-thread-1]: now apply all deletes for all segments maxDoc=0
[coreLoadExecutor-304-thread-1] INFO org.apache.solr.update.LoggingInfoStream - [BD][coreLoadExecutor-304-thread-1]: prune sis=segments:  minGen=9223372036854775807 packetCount=0
[coreLoadExecutor-304-thread-1] INFO org.apache.solr.update.LoggingInfoStream - [MS][coreLoadExecutor-304-thread-1]: initDynamicDefaults spins=false maxThreadCount=2 maxMergeCount=7
[coreLoadExecutor-304-thread-1] INFO org.apache.solr.update.LoggingInfoStream - [MS][coreLoadExecutor-304-thread-1]: updateMergeThreads ioThrottle=true targetMBPerSec=10240.0 MB/sec
[coreLoadExecutor-304-thread-1] INFO org.apache.solr.update.LoggingInfoStream - [MS][coreLoadExecutor-304-thread-1]: now merge
[coreLoadExecutor-304-thread-1] INFO org.apache.solr.update.LoggingInfoStream - [MS][coreLoadExecutor-304-thread-1]:   index: 
[coreLoadExecutor-304-thread-1] INFO org.apache.solr.update.LoggingInfoStream - [MS][coreLoadExecutor-304-thread-1]:   no more merges pending; now return
[coreLoadExecutor-304-thread-1] INFO org.apache.solr.update.LoggingInfoStream - [IW][coreLoadExecutor-304-thread-1]: waitForMerges
[coreLoadExecutor-304-thread-1] INFO org.apache.solr.update.LoggingInfoStream - [IW][coreLoadExecutor-304-thread-1]: waitForMerges done
[coreLoadExecutor-304-thread-1] INFO org.apache.solr.update.LoggingInfoStream - [IW][coreLoadExecutor-304-thread-1]: commit: start
[coreLoadExecutor-304-thread-1] INFO org.apache.solr.update.LoggingInfoStream - [IW][coreLoadExecutor-304-thread-1]: commit: enter lock
[coreLoadExecutor-304-thread-1] INFO org.apache.solr.update.LoggingInfoStream - [IW][coreLoadExecutor-304-thread-1]: commit: now prepare
[coreLoadExecutor-304-thread-1] INFO org.apache.solr.update.LoggingInfoStream - [IW][coreLoadExecutor-304-thread-1]: prepareCommit: flush
[coreLoadExecutor-304-thread-1] INFO org.apache.solr.update.LoggingInfoStream - [IW][coreLoadExecutor-304-thread-1]:   index before flush 
[coreLoadExecutor-304-thread-1] INFO org.apache.solr.update.LoggingInfoStream - [DW][coreLoadExecutor-304-thread-1]: startFullFlush
[coreLoadExecutor-304-thread-1] INFO org.apache.solr.update.LoggingInfoStream - [IW][coreLoadExecutor-304-thread-1]: apply all deletes during flush
[coreLoadExecutor-304-thread-1] INFO org.apache.solr.update.LoggingInfoStream - [IW][coreLoadExecutor-304-thread-1]: now apply all deletes for all segments maxDoc=0
[coreLoadExecutor-304-thread-1] INFO org.apache.solr.update.LoggingInfoStream - [BD][coreLoadExecutor-304-thread-1]: prune sis=segments:  minGen=9223372036854775807 packetCount=0
[coreLoadExecutor-304-thread-1] INFO org.apache.solr.update.LoggingInfoStream - [DW][coreLoadExecutor-304-thread-1]: coreLoadExecutor-304-thread-1 finishFullFlush success=true
[coreLoadExecutor-304-thread-1] INFO org.apache.solr.update.LoggingInfoStream - [IW][coreLoadExecutor-304-thread-1]: startCommit(): start
[coreLoadExecutor-304-thread-1] INFO org.apache.solr.update.LoggingInfoStream - [IW][coreLoadExecutor-304-thread-1]: startCommit index= changeCount=2
[coreLoadExecutor-304-thread-1] INFO org.apache.solr.update.LoggingInfoStream - [IW][coreLoadExecutor-304-thread-1]: startCommit: wrote pending segments file "pending_segments_1"
[coreLoadExecutor-304-thread-1] INFO org.apache.solr.update.LoggingInfoStream - [IW][coreLoadExecutor-304-thread-1]: done all syncs: []
[coreLoadExecutor-304-thread-1] INFO org.apache.solr.update.LoggingInfoStream - [IW][coreLoadExecutor-304-thread-1]: commit: pendingCommit != null
[coreLoadExecutor-304-thread-1] INFO org.apache.solr.update.LoggingInfoStream - [IW][coreLoadExecutor-304-thread-1]: commit: done writing segments file "segments_1"
[coreLoadExecutor-304-thread-1] INFO org.apache.solr.update.LoggingInfoStream - [IFD][coreLoadExecutor-304-thread-1]: now checkpoint "" [0 segments ; isCommit = true]
[coreLoadExecutor-304-thread-1] INFO org.apache.solr.core.SolrDeletionPolicy - SolrDeletionPolicy.onCommit: commits: num=1
	commit{dir=NRTCachingDirectory(MMapDirectory@/tmp/solr-home2645377760086922619/core/data/index lockFactory=org.apache.lucene.store.NativeFSLockFactory@2c3d74f6; maxCacheMB=48.0 maxMergeSizeMB=4.0),segFN=segments_1,generation=1}
[coreLoadExecutor-304-thread-1] INFO org.apache.solr.core.SolrDeletionPolicy - newest commit generation = 1
[coreLoadExecutor-304-thread-1] INFO org.apache.solr.update.LoggingInfoStream - [IFD][coreLoadExecutor-304-thread-1]: 0 msec to checkpoint
[coreLoadExecutor-304-thread-1] INFO org.apache.solr.update.LoggingInfoStream - [IW][coreLoadExecutor-304-thread-1]: commit: took 5.1 msec
[coreLoadExecutor-304-thread-1] INFO org.apache.solr.update.LoggingInfoStream - [IW][coreLoadExecutor-304-thread-1]: commit: done
[coreLoadExecutor-304-thread-1] INFO org.apache.solr.update.LoggingInfoStream - [IW][coreLoadExecutor-304-thread-1]: rollback
[coreLoadExecutor-304-thread-1] INFO org.apache.solr.update.LoggingInfoStream - [IW][coreLoadExecutor-304-thread-1]: all running merges have aborted
[coreLoadExecutor-304-thread-1] INFO org.apache.solr.update.LoggingInfoStream - [IW][coreLoadExecutor-304-thread-1]: rollback: done finish merges
[coreLoadExecutor-304-thread-1] INFO org.apache.solr.update.LoggingInfoStream - [DW][coreLoadExecutor-304-thread-1]: abort
[coreLoadExecutor-304-thread-1] INFO org.apache.solr.update.LoggingInfoStream - [DW][coreLoadExecutor-304-thread-1]: done abort success=true
[coreLoadExecutor-304-thread-1] INFO org.apache.solr.update.LoggingInfoStream - [IW][coreLoadExecutor-304-thread-1]: rollback: infos=
[coreLoadExecutor-304-thread-1] INFO org.apache.solr.update.LoggingInfoStream - [IFD][coreLoadExecutor-304-thread-1]: now checkpoint "" [0 segments ; isCommit = false]
[coreLoadExecutor-304-thread-1] INFO org.apache.solr.update.LoggingInfoStream - [IFD][coreLoadExecutor-304-thread-1]: 0 msec to checkpoint
[OldIndexDirectoryCleanupThreadForCore-core] INFO org.apache.solr.core.SolrCore - Looking for old index directories to cleanup for core core in /tmp/solr-home2645377760086922619/core/data/
[coreLoadExecutor-304-thread-1] INFO org.apache.solr.core.SolrCore - no updateRequestProcessorChain defined as default, creating implicit default
[coreLoadExecutor-304-thread-1] INFO org.apache.solr.handler.loader.XMLLoader - xsltCacheLifetimeSeconds=60
[coreLoadExecutor-304-thread-1] INFO org.apache.solr.handler.loader.XMLLoader - xsltCacheLifetimeSeconds=60
[coreLoadExecutor-304-thread-1] INFO org.apache.solr.handler.loader.XMLLoader - xsltCacheLifetimeSeconds=60
[coreLoadExecutor-304-thread-1] INFO org.apache.solr.handler.loader.XMLLoader - xsltCacheLifetimeSeconds=60
[coreLoadExecutor-304-thread-1] INFO org.apache.solr.core.RequestHandlers - Registered paths: /admin/mbeans,,/update/csv,/update/json/docs,/admin/luke,/select,/suggester,/admin/segments,/get,/admin/system,/replication,/admin/properties,/config,/schema,/admin/plugins,/admin/logging,/update/json,/admin/threads,/admin/ping,/update,/admin/file
[coreLoadExecutor-304-thread-1] INFO org.apache.solr.core.SolrCore - Using default statsCache cache: org.apache.solr.search.stats.LocalStatsCache
[coreLoadExecutor-304-thread-1] INFO org.apache.solr.update.UpdateHandler - Using UpdateLog implementation: org.apache.solr.update.UpdateLog
[coreLoadExecutor-304-thread-1] INFO org.apache.solr.update.UpdateLog - Initializing UpdateLog: dataDir= defaultSyncLevel=FLUSH numRecordsToKeep=100 maxNumLogsToKeep=10 numVersionBuckets=65536
[coreLoadExecutor-304-thread-1] INFO org.apache.solr.update.CommitTracker - Hard AutoCommit: if uncommited for 15000ms; 
[coreLoadExecutor-304-thread-1] INFO org.apache.solr.update.CommitTracker - Soft AutoCommit: disabled
[coreLoadExecutor-304-thread-1] INFO org.apache.solr.update.LoggingInfoStream - [IFD][coreLoadExecutor-304-thread-1]: init: current segments file is "segments_1"; deletionPolicy=org.apache.solr.core.IndexDeletionPolicyWrapper@270ec1bd
[coreLoadExecutor-304-thread-1] INFO org.apache.solr.update.LoggingInfoStream - [IFD][coreLoadExecutor-304-thread-1]: init: load commit "segments_1"
[coreLoadExecutor-304-thread-1] INFO org.apache.solr.core.SolrDeletionPolicy - SolrDeletionPolicy.onInit: commits: num=1
	commit{dir=NRTCachingDirectory(MMapDirectory@/tmp/solr-home2645377760086922619/core/data/index lockFactory=org.apache.lucene.store.NativeFSLockFactory@2c3d74f6; maxCacheMB=48.0 maxMergeSizeMB=4.0),segFN=segments_1,generation=1}
[coreLoadExecutor-304-thread-1] INFO org.apache.solr.core.SolrDeletionPolicy - newest commit generation = 1
[coreLoadExecutor-304-thread-1] INFO org.apache.solr.update.LoggingInfoStream - [IFD][coreLoadExecutor-304-thread-1]: now checkpoint "" [0 segments ; isCommit = false]
[coreLoadExecutor-304-thread-1] INFO org.apache.solr.update.LoggingInfoStream - [IFD][coreLoadExecutor-304-thread-1]: 0 msec to checkpoint
[coreLoadExecutor-304-thread-1] INFO org.apache.solr.update.LoggingInfoStream - [IW][coreLoadExecutor-304-thread-1]: init: create=false
[coreLoadExecutor-304-thread-1] INFO org.apache.solr.update.LoggingInfoStream - [IW][coreLoadExecutor-304-thread-1]: 
dir=NRTCachingDirectory(MMapDirectory@/tmp/solr-home2645377760086922619/core/data/index lockFactory=org.apache.lucene.store.NativeFSLockFactory@2c3d74f6; maxCacheMB=48.0 maxMergeSizeMB=4.0)
index=
version=5.5.1
analyzer=org.apache.solr.update.SolrIndexConfig$DelayedSchemaAnalyzer
ramBufferSizeMB=100.0
maxBufferedDocs=-1
maxBufferedDeleteTerms=-1
mergedSegmentWarmer=null
delPolicy=org.apache.solr.core.IndexDeletionPolicyWrapper
commit=null
openMode=APPEND
similarity=org.apache.lucene.search.similarities.ClassicSimilarity
mergeScheduler=ConcurrentMergeScheduler: maxThreadCount=-1, maxMergeCount=-1, ioThrottle=true
default WRITE_LOCK_TIMEOUT=0
writeLockTimeout=0
codec=Lucene54
infoStream=org.apache.solr.update.LoggingInfoStream
mergePolicy=[TieredMergePolicy: maxMergeAtOnce=10, maxMergeAtOnceExplicit=30, maxMergedSegmentMB=5120.0, floorSegmentMB=2.0, forceMergeDeletesPctAllowed=10.0, segmentsPerTier=10.0, maxCFSSegmentSizeMB=8.796093022207999E12, noCFSRatio=0.1
indexerThreadPool=org.apache.lucene.index.DocumentsWriterPerThreadPool@46c93fa6
readerPooling=false
perThreadHardLimitMB=1945
useCompoundFile=false
commitOnClose=true
writer=org.apache.solr.update.SolrIndexWriter@63716499

[coreLoadExecutor-304-thread-1] INFO org.apache.solr.update.LoggingInfoStream - [IW][coreLoadExecutor-304-thread-1]: MMapDirectory.UNMAP_SUPPORTED=true
[coreLoadExecutor-304-thread-1] INFO org.apache.solr.update.LoggingInfoStream - [IW][coreLoadExecutor-304-thread-1]: flush at getReader
[coreLoadExecutor-304-thread-1] INFO org.apache.solr.update.LoggingInfoStream - [DW][coreLoadExecutor-304-thread-1]: startFullFlush
[coreLoadExecutor-304-thread-1] INFO org.apache.solr.update.LoggingInfoStream - [IW][coreLoadExecutor-304-thread-1]: apply all deletes during flush
[coreLoadExecutor-304-thread-1] INFO org.apache.solr.update.LoggingInfoStream - [IW][coreLoadExecutor-304-thread-1]: now apply all deletes for all segments maxDoc=0
[coreLoadExecutor-304-thread-1] INFO org.apache.solr.update.LoggingInfoStream - [BD][coreLoadExecutor-304-thread-1]: prune sis=segments_1:  minGen=9223372036854775807 packetCount=0
[coreLoadExecutor-304-thread-1] INFO org.apache.solr.update.LoggingInfoStream - [IW][coreLoadExecutor-304-thread-1]: incRefDeleter for NRT reader version=2 segments=
[coreLoadExecutor-304-thread-1] INFO org.apache.solr.update.LoggingInfoStream - [IW][coreLoadExecutor-304-thread-1]: return reader version=2 reader=StandardDirectoryReader(segments_1:2:nrt)
[coreLoadExecutor-304-thread-1] INFO org.apache.solr.update.LoggingInfoStream - [DW][coreLoadExecutor-304-thread-1]: coreLoadExecutor-304-thread-1 finishFullFlush success=true
[coreLoadExecutor-304-thread-1] INFO org.apache.solr.update.LoggingInfoStream - [IW][coreLoadExecutor-304-thread-1]: getReader took 0 msec
[coreLoadExecutor-304-thread-1] INFO org.apache.solr.search.SolrIndexSearcher - Opening Searcher@6ba1d3e[core] main
[coreLoadExecutor-304-thread-1] INFO org.apache.solr.rest.ManagedResourceStorage - File-based storage initialized to use dir: /tmp/solr-home2645377760086922619/core/conf
[coreLoadExecutor-304-thread-1] INFO org.apache.solr.rest.RestManager - Initializing RestManager with initArgs: {storageDir=/tmp/solr-home2645377760086922619/core/conf}
[coreLoadExecutor-304-thread-1] INFO org.apache.solr.rest.ManagedResourceStorage - Reading _rest_managed.json using file:dir=/tmp/solr-home2645377760086922619/core/conf
[coreLoadExecutor-304-thread-1] INFO org.apache.solr.rest.RestManager - Initializing 0 registered ManagedResources
[coreLoadExecutor-304-thread-1] INFO org.apache.solr.handler.component.SpellCheckComponent - Initializing spell checkers
[coreLoadExecutor-304-thread-1] INFO org.apache.solr.handler.component.SpellCheckComponent - Registering newSearcher listener for spellchecker: default
[coreLoadExecutor-304-thread-1] INFO org.apache.solr.handler.component.SpellCheckComponent - No queryConverter defined, using default converter
[coreLoadExecutor-304-thread-1] INFO org.apache.solr.handler.ReplicationHandler - Commits will be reserved for  10000
[coreLoadExecutor-304-thread-1] INFO org.apache.solr.update.UpdateLog - Looking up max value of version field to seed version buckets
[searcherExecutor-305-thread-1] INFO org.apache.solr.handler.component.SpellCheckComponent - Loading spell index for spellchecker: default
[coreLoadExecutor-304-thread-1] INFO org.apache.solr.update.VersionInfo - Refreshing highest value of _version_ for 65536 version buckets from index
[coreLoadExecutor-304-thread-1] INFO org.apache.solr.update.VersionInfo - No terms found for _version_, cannot seed version bucket highest value from index
[coreLoadExecutor-304-thread-1] INFO org.apache.solr.update.UpdateLog - Could not find max version in index or recent updates, using new clock 1576087836870836224
[searcherExecutor-305-thread-1] INFO org.apache.solr.core.SolrCore - [core] Registered new searcher Searcher@6ba1d3e[core] main{ExitableDirectoryReader(UninvertingDirectoryReader())}
[coreLoadExecutor-304-thread-1] INFO org.apache.solr.update.UpdateLog - Took 0.0ms to seed version buckets with highest version 1576087836870836224
[coreLoadExecutor-304-thread-1] INFO org.apache.solr.core.CoreContainer - registering core: core
[Test worker] INFO org.apache.solr.core.SolrCore.Request - [core]  webapp=null path=/admin/ping params={} hits=0 status=0 QTime=0
[Test worker] INFO org.apache.solr.core.SolrCore.Request - [core]  webapp=null path=/admin/ping params={} status=0 QTime=0
[Test worker] INFO com.rbmhtechnology.vind.solr.SolrSearchServer - Connection to solr server successful
[Test worker] INFO org.apache.solr.core.SolrCore.Request - [core]  webapp=null path=/schema params={} status=0 QTime=0
[Test worker] INFO com.rbmhtechnology.vind.solr.SolrSearchServer - No server provider of type class com.rbmhtechnology.vind.solr.EmbeddedSolrServerProvider found in classpath for server com.rbmhtechnology.vind.solr.SolrSearchServer
[Test worker] INFO org.apache.solr.update.processor.LogUpdateProcessorFactory - [core]  webapp=null path=/update params={}{add=[1 (1576087836875030528)]} 0 1
[Test worker] INFO org.apache.solr.update.DirectUpdateHandler2 - start commit{,optimize=false,openSearcher=true,waitSearcher=true,expungeDeletes=false,softCommit=false,prepareCommit=false}
[Test worker] INFO org.apache.solr.update.LoggingInfoStream - [IW][Test worker]: commit: start
[Test worker] INFO org.apache.solr.update.LoggingInfoStream - [IW][Test worker]: commit: enter lock
[Test worker] INFO org.apache.solr.update.LoggingInfoStream - [IW][Test worker]: commit: now prepare
[Test worker] INFO org.apache.solr.update.LoggingInfoStream - [IW][Test worker]: prepareCommit: flush
[Test worker] INFO org.apache.solr.update.LoggingInfoStream - [IW][Test worker]:   index before flush 
[Test worker] INFO org.apache.solr.update.LoggingInfoStream - [DW][Test worker]: startFullFlush
[Test worker] INFO org.apache.solr.update.LoggingInfoStream - [DW][Test worker]: anyChanges? numDocsInRam=1 deletes=true hasTickets:false pendingChangesInFullFlush: false
[Test worker] INFO org.apache.solr.update.LoggingInfoStream - [DWFC][Test worker]: addFlushableState DocumentsWriterPerThread [pendingDeletes=gen=0, segment=_0, aborted=false, numDocsInRAM=1, deleteQueue=DWDQ: [ generation: 1 ]]
[Test worker] INFO org.apache.solr.update.LoggingInfoStream - [DWPT][Test worker]: flush postings as segment _0 numDocs=1
[Test worker] INFO org.apache.solr.update.LoggingInfoStream - [IW][Test worker]: 0 msec to write norms
[Test worker] INFO org.apache.solr.update.LoggingInfoStream - [IW][Test worker]: 0 msec to write docValues
[Test worker] INFO org.apache.solr.update.LoggingInfoStream - [IW][Test worker]: 0 msec to finish stored fields
[Test worker] INFO org.apache.solr.update.LoggingInfoStream - [IW][Test worker]: 0 msec to write postings and finish vectors
[Test worker] INFO org.apache.solr.update.LoggingInfoStream - [IW][Test worker]: 0 msec to write fieldInfos
[Test worker] INFO org.apache.solr.update.LoggingInfoStream - [DWPT][Test worker]: new segment has 0 deleted docs
[Test worker] INFO org.apache.solr.update.LoggingInfoStream - [DWPT][Test worker]: new segment has no vectors; norms; docValues; prox; freqs
[Test worker] INFO org.apache.solr.update.LoggingInfoStream - [DWPT][Test worker]: flushedFiles=[_0_Lucene54_0.dvm, _0_Lucene50_0.doc, _0_Lucene50_0.tim, _0_Lucene50_0.pos, _0.nvd, _0.fdx, _0_Lucene54_0.dvd, _0_Lucene50_0.tip, _0.fdt, _0.nvm, _0.fnm]
[Test worker] INFO org.apache.solr.update.LoggingInfoStream - [DWPT][Test worker]: flushed codec=Lucene54
[Test worker] INFO org.apache.solr.update.LoggingInfoStream - [DWPT][Test worker]: flushed: segment=_0 ramUsed=0.207 MB newFlushedSize=0.003 MB docs/MB=387.93
[Test worker] INFO org.apache.solr.update.LoggingInfoStream - [DW][Test worker]: publishFlushedSegment seg-private updates=null
[Test worker] INFO org.apache.solr.update.LoggingInfoStream - [IW][Test worker]: publishFlushedSegment
[Test worker] INFO org.apache.solr.update.LoggingInfoStream - [BD][Test worker]: push deletes  1 deleted terms (unique count=1) bytesUsed=1072 segmentPrivate?=false delGen=2 packetCount=1 totBytesUsed=1072
[Test worker] INFO org.apache.solr.update.LoggingInfoStream - [IW][Test worker]: publish sets newSegment delGen=3 seg=_0(5.5.1):C1
[Test worker] INFO org.apache.solr.update.LoggingInfoStream - [IFD][Test worker]: now checkpoint "_0(5.5.1):C1" [1 segments ; isCommit = false]
[Test worker] INFO org.apache.solr.update.LoggingInfoStream - [IFD][Test worker]: 0 msec to checkpoint
[Test worker] INFO org.apache.solr.update.LoggingInfoStream - [IW][Test worker]: apply all deletes during flush
[Test worker] INFO org.apache.solr.update.LoggingInfoStream - [IW][Test worker]: now apply all deletes for all segments maxDoc=1
[Test worker] INFO org.apache.solr.update.LoggingInfoStream - [BD][Test worker]: applyDeletes: open segment readers took 0 msec
[Test worker] INFO org.apache.solr.update.LoggingInfoStream - [BD][Test worker]: applyDeletes: infos=[_0(5.5.1):C1] packetCount=1
[Test worker] INFO org.apache.solr.update.LoggingInfoStream - [BD][Test worker]: applyDeletes took 0 msec for 1 segments, 0 newly deleted docs (query deletes), 0 visited terms, allDeleted=null
[Test worker] INFO org.apache.solr.update.LoggingInfoStream - [BD][Test worker]: prune sis=segments_1: _0(5.5.1):C1 minGen=3 packetCount=1
[Test worker] INFO org.apache.solr.update.LoggingInfoStream - [BD][Test worker]: pruneDeletes: prune 1 packets; 0 packets remain
[Test worker] INFO org.apache.solr.update.LoggingInfoStream - [DW][Test worker]: Test worker finishFullFlush success=true
[Test worker] INFO org.apache.solr.update.LoggingInfoStream - [TMP][Test worker]: findMerges: 1 segments
[Test worker] INFO org.apache.solr.update.LoggingInfoStream - [TMP][Test worker]:   seg=_0(5.5.1):C1 size=0.003 MB [floored]
[Test worker] INFO org.apache.solr.update.LoggingInfoStream - [TMP][Test worker]:   allowedSegmentCount=1 vs count=1 (eligible count=1) tooBigCount=0
[Test worker] INFO org.apache.solr.update.LoggingInfoStream - [MS][Test worker]: initDynamicDefaults spins=false maxThreadCount=2 maxMergeCount=7
[Test worker] INFO org.apache.solr.update.LoggingInfoStream - [MS][Test worker]: now merge
[Test worker] INFO org.apache.solr.update.LoggingInfoStream - [MS][Test worker]:   index: _0(5.5.1):C1
[Test worker] INFO org.apache.solr.update.LoggingInfoStream - [MS][Test worker]:   no more merges pending; now return
[Test worker] INFO org.apache.solr.update.LoggingInfoStream - [IW][Test worker]: startCommit(): start
[Test worker] INFO org.apache.solr.update.LoggingInfoStream - [IW][Test worker]: startCommit index=_0(5.5.1):C1 changeCount=4
[Test worker] INFO org.apache.solr.update.LoggingInfoStream - [IW][Test worker]: startCommit: wrote pending segments file "pending_segments_2"
[Test worker] INFO org.apache.solr.update.LoggingInfoStream - [IW][Test worker]: done all syncs: [_0.si, _0_Lucene50_0.doc, _0_Lucene50_0.tim, _0_Lucene54_0.dvm, _0_Lucene50_0.pos, _0.nvd, _0.fdx, _0_Lucene54_0.dvd, _0_Lucene50_0.tip, _0.fdt, _0.nvm, _0.fnm]
[Test worker] INFO org.apache.solr.update.LoggingInfoStream - [IW][Test worker]: commit: pendingCommit != null
[Test worker] INFO org.apache.solr.update.LoggingInfoStream - [IW][Test worker]: commit: done writing segments file "segments_2"
[Test worker] INFO org.apache.solr.update.LoggingInfoStream - [IFD][Test worker]: now checkpoint "_0(5.5.1):C1" [1 segments ; isCommit = true]
[Test worker] INFO org.apache.solr.core.SolrDeletionPolicy - SolrDeletionPolicy.onCommit: commits: num=2
	commit{dir=NRTCachingDirectory(MMapDirectory@/tmp/solr-home2645377760086922619/core/data/index lockFactory=org.apache.lucene.store.NativeFSLockFactory@2c3d74f6; maxCacheMB=48.0 maxMergeSizeMB=4.0),segFN=segments_1,generation=1}
	commit{dir=NRTCachingDirectory(MMapDirectory@/tmp/solr-home2645377760086922619/core/data/index lockFactory=org.apache.lucene.store.NativeFSLockFactory@2c3d74f6; maxCacheMB=48.0 maxMergeSizeMB=4.0),segFN=segments_2,generation=2}
[Test worker] INFO org.apache.solr.core.SolrDeletionPolicy - newest commit generation = 2
[Test worker] INFO org.apache.solr.update.LoggingInfoStream - [IFD][Test worker]: deleteCommits: now decRef commit "segments_1"
[Test worker] INFO org.apache.solr.update.LoggingInfoStream - [IFD][Test worker]: delete "segments_1"
[Test worker] INFO org.apache.solr.update.LoggingInfoStream - [IFD][Test worker]: 0 msec to checkpoint
[Test worker] INFO org.apache.solr.update.LoggingInfoStream - [IW][Test worker]: commit: took 52.2 msec
[Test worker] INFO org.apache.solr.update.LoggingInfoStream - [IW][Test worker]: commit: done
[Test worker] INFO org.apache.solr.update.LoggingInfoStream - [IW][Test worker]: nrtIsCurrent: infoVersion matches: false; DW changes: false; BD changes: false
[Test worker] INFO org.apache.solr.update.LoggingInfoStream - [IW][Test worker]: flush at getReader
[Test worker] INFO org.apache.solr.update.LoggingInfoStream - [DW][Test worker]: startFullFlush
[Test worker] INFO org.apache.solr.update.LoggingInfoStream - [IW][Test worker]: apply all deletes during flush
[Test worker] INFO org.apache.solr.update.LoggingInfoStream - [IW][Test worker]: now apply all deletes for all segments maxDoc=1
[Test worker] INFO org.apache.solr.update.LoggingInfoStream - [BD][Test worker]: applyDeletes: open segment readers took 0 msec
[Test worker] INFO org.apache.solr.update.LoggingInfoStream - [BD][Test worker]: applyDeletes: no segments; skipping
[Test worker] INFO org.apache.solr.update.LoggingInfoStream - [BD][Test worker]: prune sis=segments_2: _0(5.5.1):C1 minGen=3 packetCount=0
[Test worker] INFO org.apache.solr.update.LoggingInfoStream - [IW][Test worker]: incRefDeleter for NRT reader version=6 segments=_0(5.5.1):C1
[Test worker] INFO org.apache.solr.update.LoggingInfoStream - [IW][Test worker]: return reader version=6 reader=StandardDirectoryReader(segments_2:6:nrt _0(5.5.1):C1)
[Test worker] INFO org.apache.solr.update.LoggingInfoStream - [DW][Test worker]: Test worker finishFullFlush success=true
[Test worker] INFO org.apache.solr.update.LoggingInfoStream - [IW][Test worker]: getReader took 1 msec
[Test worker] INFO org.apache.solr.search.SolrIndexSearcher - Opening Searcher@3c311199[core] main
[searcherExecutor-305-thread-1] INFO org.apache.solr.handler.component.SpellCheckComponent - Building spell index for spell checker: default
[Test worker] INFO org.apache.solr.update.DirectUpdateHandler2 - end_commit_flush
[searcherExecutor-305-thread-1] INFO org.apache.solr.core.SolrCore - [core] Registered new searcher Searcher@3c311199[core] main{ExitableDirectoryReader(UninvertingDirectoryReader(Uninverting(_0(5.5.1):C1)))}
[searcherExecutor-305-thread-1] INFO org.apache.solr.update.LoggingInfoStream - [IW][searcherExecutor-305-thread-1]: decRefDeleter for NRT reader version=2 segments=
[Test worker] INFO org.apache.solr.update.processor.LogUpdateProcessorFactory - [core]  webapp=null path=/update params={commit=true&softCommit=false&waitSearcher=true}{commit=} 0 65
[Test worker] INFO org.apache.solr.core.SolrCore.Request - [core]  webapp=null path=/suggester params={qt=/suggester&suggestion.field=dynamic_single_stored_suggest_string_value&q=he&suggestion.df=suggestions&suggestion.limit=10} status=0 QTime=5
[Test worker] INFO org.apache.solr.core.SolrCore.Request - [core]  webapp=null path=/select params={q=*&fl=*,score&df=text&fq=_type_:doc&fq=dynamic_single_stored_suggest_string_value:"hello+world"&start=0&rows=10} hits=1 status=0 QTime=0
[Test worker] INFO org.apache.solr.core.CoreContainer - Shutting down CoreContainer instance=233238058
[coreCloseExecutor-310-thread-1] INFO org.apache.solr.core.SolrCore - [core]  CLOSING SolrCore org.apache.solr.core.SolrCore@6306e99
[coreCloseExecutor-310-thread-1] INFO org.apache.solr.update.DirectUpdateHandler2 - closing DirectUpdateHandler2{commits=1,autocommit maxTime=15000ms,autocommits=0,soft autocommits=0,optimizes=0,rollbacks=0,expungeDeletes=0,docsPending=0,adds=0,deletesById=0,deletesByQuery=0,errors=0,cumulative_adds=1,cumulative_deletesById=0,cumulative_deletesByQuery=0,cumulative_errors=0,transaction_logs_total_size=262,transaction_logs_total_number=1}
[coreCloseExecutor-310-thread-1] INFO org.apache.solr.update.SolrCoreState - Closing SolrCoreState
[coreCloseExecutor-310-thread-1] INFO org.apache.solr.update.DefaultSolrCoreState - SolrCoreState ref count has reached 0 - closing IndexWriter
[coreCloseExecutor-310-thread-1] INFO org.apache.solr.update.DefaultSolrCoreState - closing IndexWriter with IndexWriterCloser
[coreCloseExecutor-310-thread-1] INFO org.apache.solr.update.LoggingInfoStream - [IW][coreCloseExecutor-310-thread-1]: now flush at close
[coreCloseExecutor-310-thread-1] INFO org.apache.solr.update.LoggingInfoStream - [IW][coreCloseExecutor-310-thread-1]:   start flush: applyAllDeletes=true
[coreCloseExecutor-310-thread-1] INFO org.apache.solr.update.LoggingInfoStream - [IW][coreCloseExecutor-310-thread-1]:   index before flush _0(5.5.1):C1
[coreCloseExecutor-310-thread-1] INFO org.apache.solr.update.LoggingInfoStream - [DW][coreCloseExecutor-310-thread-1]: startFullFlush
[coreCloseExecutor-310-thread-1] INFO org.apache.solr.update.LoggingInfoStream - [DW][coreCloseExecutor-310-thread-1]: coreCloseExecutor-310-thread-1 finishFullFlush success=true
[coreCloseExecutor-310-thread-1] INFO org.apache.solr.update.LoggingInfoStream - [IW][coreCloseExecutor-310-thread-1]: apply all deletes during flush
[coreCloseExecutor-310-thread-1] INFO org.apache.solr.update.LoggingInfoStream - [IW][coreCloseExecutor-310-thread-1]: now apply all deletes for all segments maxDoc=1
[coreCloseExecutor-310-thread-1] INFO org.apache.solr.update.LoggingInfoStream - [BD][coreCloseExecutor-310-thread-1]: applyDeletes: open segment readers took 0 msec
[coreCloseExecutor-310-thread-1] INFO org.apache.solr.update.LoggingInfoStream - [BD][coreCloseExecutor-310-thread-1]: applyDeletes: no segments; skipping
[coreCloseExecutor-310-thread-1] INFO org.apache.solr.update.LoggingInfoStream - [BD][coreCloseExecutor-310-thread-1]: prune sis=segments_2: _0(5.5.1):C1 minGen=3 packetCount=0
[coreCloseExecutor-310-thread-1] INFO org.apache.solr.update.LoggingInfoStream - [MS][coreCloseExecutor-310-thread-1]: updateMergeThreads ioThrottle=true targetMBPerSec=10240.0 MB/sec
[coreCloseExecutor-310-thread-1] INFO org.apache.solr.update.LoggingInfoStream - [MS][coreCloseExecutor-310-thread-1]: now merge
[coreCloseExecutor-310-thread-1] INFO org.apache.solr.update.LoggingInfoStream - [MS][coreCloseExecutor-310-thread-1]:   index: _0(5.5.1):C1
[coreCloseExecutor-310-thread-1] INFO org.apache.solr.update.LoggingInfoStream - [MS][coreCloseExecutor-310-thread-1]:   no more merges pending; now return
[coreCloseExecutor-310-thread-1] INFO org.apache.solr.update.LoggingInfoStream - [IW][coreCloseExecutor-310-thread-1]: waitForMerges
[coreCloseExecutor-310-thread-1] INFO org.apache.solr.update.LoggingInfoStream - [IW][coreCloseExecutor-310-thread-1]: waitForMerges done
[coreCloseExecutor-310-thread-1] INFO org.apache.solr.update.LoggingInfoStream - [IW][coreCloseExecutor-310-thread-1]: commit: start
[coreCloseExecutor-310-thread-1] INFO org.apache.solr.update.LoggingInfoStream - [IW][coreCloseExecutor-310-thread-1]: commit: enter lock
[coreCloseExecutor-310-thread-1] INFO org.apache.solr.update.LoggingInfoStream - [IW][coreCloseExecutor-310-thread-1]: commit: now prepare
[coreCloseExecutor-310-thread-1] INFO org.apache.solr.update.LoggingInfoStream - [IW][coreCloseExecutor-310-thread-1]: prepareCommit: flush
[coreCloseExecutor-310-thread-1] INFO org.apache.solr.update.LoggingInfoStream - [IW][coreCloseExecutor-310-thread-1]:   index before flush _0(5.5.1):C1
[coreCloseExecutor-310-thread-1] INFO org.apache.solr.update.LoggingInfoStream - [DW][coreCloseExecutor-310-thread-1]: startFullFlush
[coreCloseExecutor-310-thread-1] INFO org.apache.solr.update.LoggingInfoStream - [IW][coreCloseExecutor-310-thread-1]: apply all deletes during flush
[coreCloseExecutor-310-thread-1] INFO org.apache.solr.update.LoggingInfoStream - [IW][coreCloseExecutor-310-thread-1]: now apply all deletes for all segments maxDoc=1
[coreCloseExecutor-310-thread-1] INFO org.apache.solr.update.LoggingInfoStream - [BD][coreCloseExecutor-310-thread-1]: applyDeletes: open segment readers took 0 msec
[coreCloseExecutor-310-thread-1] INFO org.apache.solr.update.LoggingInfoStream - [BD][coreCloseExecutor-310-thread-1]: applyDeletes: no segments; skipping
[coreCloseExecutor-310-thread-1] INFO org.apache.solr.update.LoggingInfoStream - [BD][coreCloseExecutor-310-thread-1]: prune sis=segments_2: _0(5.5.1):C1 minGen=3 packetCount=0
[coreCloseExecutor-310-thread-1] INFO org.apache.solr.update.LoggingInfoStream - [DW][coreCloseExecutor-310-thread-1]: coreCloseExecutor-310-thread-1 finishFullFlush success=true
[coreCloseExecutor-310-thread-1] INFO org.apache.solr.update.LoggingInfoStream - [IW][coreCloseExecutor-310-thread-1]: startCommit(): start
[coreCloseExecutor-310-thread-1] INFO org.apache.solr.update.LoggingInfoStream - [IW][coreCloseExecutor-310-thread-1]:   skip startCommit(): no changes pending
[coreCloseExecutor-310-thread-1] INFO org.apache.solr.update.LoggingInfoStream - [IW][coreCloseExecutor-310-thread-1]: commit: pendingCommit == null; skip
[coreCloseExecutor-310-thread-1] INFO org.apache.solr.update.LoggingInfoStream - [IW][coreCloseExecutor-310-thread-1]: commit: took 0.1 msec
[coreCloseExecutor-310-thread-1] INFO org.apache.solr.update.LoggingInfoStream - [IW][coreCloseExecutor-310-thread-1]: commit: done
[coreCloseExecutor-310-thread-1] INFO org.apache.solr.update.LoggingInfoStream - [IW][coreCloseExecutor-310-thread-1]: rollback
[coreCloseExecutor-310-thread-1] INFO org.apache.solr.update.LoggingInfoStream - [IW][coreCloseExecutor-310-thread-1]: all running merges have aborted
[coreCloseExecutor-310-thread-1] INFO org.apache.solr.update.LoggingInfoStream - [IW][coreCloseExecutor-310-thread-1]: rollback: done finish merges
[coreCloseExecutor-310-thread-1] INFO org.apache.solr.update.LoggingInfoStream - [DW][coreCloseExecutor-310-thread-1]: abort
[coreCloseExecutor-310-thread-1] INFO org.apache.solr.update.LoggingInfoStream - [DW][coreCloseExecutor-310-thread-1]: done abort success=true
[coreCloseExecutor-310-thread-1] INFO org.apache.solr.update.LoggingInfoStream - [IW][coreCloseExecutor-310-thread-1]: rollback: infos=_0(5.5.1):C1
[coreCloseExecutor-310-thread-1] INFO org.apache.solr.update.LoggingInfoStream - [IFD][coreCloseExecutor-310-thread-1]: now checkpoint "_0(5.5.1):C1" [1 segments ; isCommit = false]
[coreCloseExecutor-310-thread-1] INFO org.apache.solr.update.LoggingInfoStream - [IFD][coreCloseExecutor-310-thread-1]: 0 msec to checkpoint
[coreCloseExecutor-310-thread-1] INFO org.apache.solr.core.SolrCore - [core] Closing main searcher on request.
[coreCloseExecutor-310-thread-1] INFO org.apache.solr.core.CachingDirectoryFactory - Closing NRTCachingDirectoryFactory - 2 directories currently being tracked
[coreCloseExecutor-310-thread-1] INFO org.apache.solr.core.CachingDirectoryFactory - looking to close /tmp/solr-home2645377760086922619/core/data/index [CachedDir<<refCount=0;path=/tmp/solr-home2645377760086922619/core/data/index;done=false>>]
[coreCloseExecutor-310-thread-1] INFO org.apache.solr.core.CachingDirectoryFactory - Closing directory: /tmp/solr-home2645377760086922619/core/data/index
[coreCloseExecutor-310-thread-1] INFO org.apache.solr.core.CachingDirectoryFactory - looking to close /tmp/solr-home2645377760086922619/core/data [CachedDir<<refCount=0;path=/tmp/solr-home2645377760086922619/core/data;done=false>>]
[coreCloseExecutor-310-thread-1] INFO org.apache.solr.core.CachingDirectoryFactory - Closing directory: /tmp/solr-home2645377760086922619/core/data
[Test worker] INFO com.rbmhtechnology.vind.solr.SolrSearchServer - No server provider of type class com.rbmhtechnology.vind.solr.EmbeddedSolrServerProvider found in classpath for server com.rbmhtechnology.vind.solr.SolrSearchServer
[Test worker] INFO com.rbmhtechnology.vind.solr.SolrSearchServer - No server provider of type class com.rbmhtechnology.vind.solr.EmbeddedSolrServerProvider found in classpath for server com.rbmhtechnology.vind.solr.SolrSearchServer
[Test worker] INFO org.apache.solr.core.SolrResourceLoader - new SolrResourceLoader for directory: '/tmp/solr-home5691777433325254418'
[Test worker] INFO org.apache.solr.core.SolrResourceLoader - JNDI not configured for solr (NoInitialContextEx)
[Test worker] INFO org.apache.solr.core.SolrResourceLoader - solr home defaulted to 'solr/' (could not find system property or JNDI)
[Test worker] INFO org.apache.solr.core.SolrXmlConfig - Loading container configuration from /tmp/solr-home5691777433325254418/solr.xml
[Test worker] INFO org.apache.solr.core.CorePropertiesLocator - Config-defined core root directory: /tmp/solr-home5691777433325254418
[Test worker] INFO org.apache.solr.core.CoreContainer - New CoreContainer 995235888
[Test worker] INFO org.apache.solr.core.CoreContainer - Loading cores into CoreContainer [instanceDir=/tmp/solr-home5691777433325254418]
[Test worker] WARN org.apache.solr.core.CoreContainer - Couldn't add files from /tmp/solr-home5691777433325254418/lib to classpath: /tmp/solr-home5691777433325254418/lib
[Test worker] INFO org.apache.solr.handler.component.HttpShardHandlerFactory - created with socketTimeout : 120000,connTimeout : 15000,maxConnectionsPerHost : 20,maxConnections : 10000,corePoolSize : 0,maximumPoolSize : 2147483647,maxThreadIdleTime : 5,sizeOfQueue : -1,fairnessPolicy : false,useRetries : false,
[Test worker] INFO org.apache.solr.update.UpdateShardHandler - Creating UpdateShardHandler HTTP client with params: socketTimeout=600000&connTimeout=60000&retry=true
[Test worker] INFO org.apache.solr.logging.LogWatcher - SLF4J impl is org.slf4j.impl.SimpleLoggerFactory
[Test worker] INFO org.apache.solr.logging.LogWatcher - No LogWatcher configured
[Test worker] INFO org.apache.solr.core.CoreContainer - Security conf doesn't exist. Skipping setup for authorization module.
[Test worker] INFO org.apache.solr.core.CoreContainer - No authentication plugin used.
[Test worker] INFO org.apache.solr.core.CorePropertiesLocator - Looking for core definitions underneath /tmp/solr-home5691777433325254418
[Test worker] INFO org.apache.solr.core.CoreDescriptor - Created CoreDescriptor: {runtimeLib=false, name=core, config=solrconfig.xml, loadOnStartup=true, schema=schema.xml, configSetProperties=configsetprops.json, transient=false, dataDir=data/}
[Test worker] INFO org.apache.solr.core.CorePropertiesLocator - Found core core in /tmp/solr-home5691777433325254418/core
[Test worker] INFO org.apache.solr.core.CorePropertiesLocator - Found 1 core definitions
[coreLoadExecutor-317-thread-1] INFO org.apache.solr.core.SolrResourceLoader - new SolrResourceLoader for directory: '/tmp/solr-home5691777433325254418/core'
[coreLoadExecutor-317-thread-1] INFO org.apache.solr.core.SolrResourceLoader - JNDI not configured for solr (NoInitialContextEx)
[coreLoadExecutor-317-thread-1] INFO org.apache.solr.core.SolrResourceLoader - solr home defaulted to 'solr/' (could not find system property or JNDI)
[coreLoadExecutor-317-thread-1] INFO org.apache.solr.core.SolrResourceLoader - Adding 'file:/tmp/solr-home5691777433325254418/core/lib/marker-search-handler-0.3.0.jar' to classloader
[coreLoadExecutor-317-thread-1] INFO org.apache.solr.core.SolrResourceLoader - Adding 'file:/tmp/solr-home5691777433325254418/core/lib/suggestion-request-handler-2.1.0.jar' to classloader
[coreLoadExecutor-317-thread-1] INFO org.apache.solr.core.SolrConfig - current version of requestparams : -1
[coreLoadExecutor-317-thread-1] INFO org.apache.solr.update.SolrIndexConfig - IndexWriter infoStream solr logging is enabled
[coreLoadExecutor-317-thread-1] INFO org.apache.solr.core.SolrConfig - Using Lucene MatchVersion: 5.5.0
[coreLoadExecutor-317-thread-1] INFO org.apache.solr.core.SolrConfig - Loaded SolrConfig: solrconfig.xml
[coreLoadExecutor-317-thread-1] INFO org.apache.solr.schema.ManagedIndexSchemaFactory - The schema is configured as managed, but managed schema resource managed-schema not found - loading non-managed schema schema.xml instead
[coreLoadExecutor-317-thread-1] INFO org.apache.solr.schema.IndexSchema - [core] Schema name=basic search lib core
[coreLoadExecutor-317-thread-1] INFO org.apache.solr.schema.IndexSchema - unique key field: _id_
[coreLoadExecutor-317-thread-1] INFO org.apache.solr.schema.ManagedIndexSchema - Upgraded to managed schema at /tmp/solr-home5691777433325254418/core/conf/managed-schema
[coreLoadExecutor-317-thread-1] INFO org.apache.solr.schema.ManagedIndexSchemaFactory - After upgrading to managed schema, renamed the non-managed schema /tmp/solr-home5691777433325254418/core/conf/schema.xml to /tmp/solr-home5691777433325254418/core/conf/schema.xml.bak
[coreLoadExecutor-317-thread-1] INFO org.apache.solr.core.ConfigSetProperties - Did not find ConfigSet properties, assuming default properties: Can't find resource 'configsetprops.json' in classpath or '/tmp/solr-home5691777433325254418/core'
[coreLoadExecutor-317-thread-1] INFO org.apache.solr.core.CoreContainer - Creating SolrCore 'core' using configuration from instancedir /tmp/solr-home5691777433325254418/core
[coreLoadExecutor-317-thread-1] INFO org.apache.solr.core.SolrCore - solr.NRTCachingDirectoryFactory
[coreLoadExecutor-317-thread-1] INFO org.apache.solr.core.SolrCore - [[core] ] Opening new SolrCore at [/tmp/solr-home5691777433325254418/core], dataDir=[/tmp/solr-home5691777433325254418/core/data/]
[coreLoadExecutor-317-thread-1] INFO org.apache.solr.core.JmxMonitoredMap - No JMX servers found, not exposing Solr information with JMX.
[coreLoadExecutor-317-thread-1] INFO org.apache.solr.core.SchemaCodecFactory - Using default compressionMode: BEST_SPEED
[coreLoadExecutor-317-thread-1] INFO org.apache.solr.core.CachingDirectoryFactory - return new directory for /tmp/solr-home5691777433325254418/core/data
[coreLoadExecutor-317-thread-1] INFO org.apache.solr.core.SolrCore - New index directory detected: old=null new=/tmp/solr-home5691777433325254418/core/data/index/
[coreLoadExecutor-317-thread-1] WARN org.apache.solr.core.SolrCore - [core] Solr index directory '/tmp/solr-home5691777433325254418/core/data/index' doesn't exist. Creating new index...
[coreLoadExecutor-317-thread-1] INFO org.apache.solr.core.CachingDirectoryFactory - return new directory for /tmp/solr-home5691777433325254418/core/data/index
[coreLoadExecutor-317-thread-1] INFO org.apache.solr.update.LoggingInfoStream - [IFD][coreLoadExecutor-317-thread-1]: init: current segments file is "segments"; deletionPolicy=org.apache.solr.core.IndexDeletionPolicyWrapper@6f4e9d5c
[coreLoadExecutor-317-thread-1] INFO org.apache.solr.update.LoggingInfoStream - [IFD][coreLoadExecutor-317-thread-1]: now checkpoint "" [0 segments ; isCommit = false]
[coreLoadExecutor-317-thread-1] INFO org.apache.solr.update.LoggingInfoStream - [IFD][coreLoadExecutor-317-thread-1]: 0 msec to checkpoint
[coreLoadExecutor-317-thread-1] INFO org.apache.solr.update.LoggingInfoStream - [IW][coreLoadExecutor-317-thread-1]: init: create=true
[coreLoadExecutor-317-thread-1] INFO org.apache.solr.update.LoggingInfoStream - [IW][coreLoadExecutor-317-thread-1]: 
dir=NRTCachingDirectory(MMapDirectory@/tmp/solr-home5691777433325254418/core/data/index lockFactory=org.apache.lucene.store.NativeFSLockFactory@2c3d74f6; maxCacheMB=48.0 maxMergeSizeMB=4.0)
index=
version=5.5.1
analyzer=org.apache.solr.update.SolrIndexConfig$DelayedSchemaAnalyzer
ramBufferSizeMB=100.0
maxBufferedDocs=-1
maxBufferedDeleteTerms=-1
mergedSegmentWarmer=null
delPolicy=org.apache.solr.core.IndexDeletionPolicyWrapper
commit=null
openMode=CREATE
similarity=org.apache.lucene.search.similarities.ClassicSimilarity
mergeScheduler=ConcurrentMergeScheduler: maxThreadCount=-1, maxMergeCount=-1, ioThrottle=true
default WRITE_LOCK_TIMEOUT=0
writeLockTimeout=0
codec=Lucene54
infoStream=org.apache.solr.update.LoggingInfoStream
mergePolicy=[TieredMergePolicy: maxMergeAtOnce=10, maxMergeAtOnceExplicit=30, maxMergedSegmentMB=5120.0, floorSegmentMB=2.0, forceMergeDeletesPctAllowed=10.0, segmentsPerTier=10.0, maxCFSSegmentSizeMB=8.796093022207999E12, noCFSRatio=0.1
indexerThreadPool=org.apache.lucene.index.DocumentsWriterPerThreadPool@adf0e0a
readerPooling=false
perThreadHardLimitMB=1945
useCompoundFile=false
commitOnClose=true
writer=org.apache.solr.update.SolrIndexWriter@b0ac727

[coreLoadExecutor-317-thread-1] INFO org.apache.solr.update.LoggingInfoStream - [IW][coreLoadExecutor-317-thread-1]: MMapDirectory.UNMAP_SUPPORTED=true
[coreLoadExecutor-317-thread-1] INFO org.apache.solr.update.LoggingInfoStream - [IW][coreLoadExecutor-317-thread-1]: now flush at close
[coreLoadExecutor-317-thread-1] INFO org.apache.solr.update.LoggingInfoStream - [IW][coreLoadExecutor-317-thread-1]:   start flush: applyAllDeletes=true
[coreLoadExecutor-317-thread-1] INFO org.apache.solr.update.LoggingInfoStream - [IW][coreLoadExecutor-317-thread-1]:   index before flush 
[coreLoadExecutor-317-thread-1] INFO org.apache.solr.update.LoggingInfoStream - [DW][coreLoadExecutor-317-thread-1]: startFullFlush
[coreLoadExecutor-317-thread-1] INFO org.apache.solr.update.LoggingInfoStream - [DW][coreLoadExecutor-317-thread-1]: coreLoadExecutor-317-thread-1 finishFullFlush success=true
[coreLoadExecutor-317-thread-1] INFO org.apache.solr.update.LoggingInfoStream - [IW][coreLoadExecutor-317-thread-1]: apply all deletes during flush
[coreLoadExecutor-317-thread-1] INFO org.apache.solr.update.LoggingInfoStream - [IW][coreLoadExecutor-317-thread-1]: now apply all deletes for all segments maxDoc=0
[coreLoadExecutor-317-thread-1] INFO org.apache.solr.update.LoggingInfoStream - [BD][coreLoadExecutor-317-thread-1]: prune sis=segments:  minGen=9223372036854775807 packetCount=0
[coreLoadExecutor-317-thread-1] INFO org.apache.solr.update.LoggingInfoStream - [MS][coreLoadExecutor-317-thread-1]: initDynamicDefaults spins=false maxThreadCount=2 maxMergeCount=7
[coreLoadExecutor-317-thread-1] INFO org.apache.solr.update.LoggingInfoStream - [MS][coreLoadExecutor-317-thread-1]: updateMergeThreads ioThrottle=true targetMBPerSec=10240.0 MB/sec
[coreLoadExecutor-317-thread-1] INFO org.apache.solr.update.LoggingInfoStream - [MS][coreLoadExecutor-317-thread-1]: now merge
[coreLoadExecutor-317-thread-1] INFO org.apache.solr.update.LoggingInfoStream - [MS][coreLoadExecutor-317-thread-1]:   index: 
[coreLoadExecutor-317-thread-1] INFO org.apache.solr.update.LoggingInfoStream - [MS][coreLoadExecutor-317-thread-1]:   no more merges pending; now return
[coreLoadExecutor-317-thread-1] INFO org.apache.solr.update.LoggingInfoStream - [IW][coreLoadExecutor-317-thread-1]: waitForMerges
[coreLoadExecutor-317-thread-1] INFO org.apache.solr.update.LoggingInfoStream - [IW][coreLoadExecutor-317-thread-1]: waitForMerges done
[coreLoadExecutor-317-thread-1] INFO org.apache.solr.update.LoggingInfoStream - [IW][coreLoadExecutor-317-thread-1]: commit: start
[coreLoadExecutor-317-thread-1] INFO org.apache.solr.update.LoggingInfoStream - [IW][coreLoadExecutor-317-thread-1]: commit: enter lock
[coreLoadExecutor-317-thread-1] INFO org.apache.solr.update.LoggingInfoStream - [IW][coreLoadExecutor-317-thread-1]: commit: now prepare
[coreLoadExecutor-317-thread-1] INFO org.apache.solr.update.LoggingInfoStream - [IW][coreLoadExecutor-317-thread-1]: prepareCommit: flush
[coreLoadExecutor-317-thread-1] INFO org.apache.solr.update.LoggingInfoStream - [IW][coreLoadExecutor-317-thread-1]:   index before flush 
[coreLoadExecutor-317-thread-1] INFO org.apache.solr.update.LoggingInfoStream - [DW][coreLoadExecutor-317-thread-1]: startFullFlush
[coreLoadExecutor-317-thread-1] INFO org.apache.solr.update.LoggingInfoStream - [IW][coreLoadExecutor-317-thread-1]: apply all deletes during flush
[coreLoadExecutor-317-thread-1] INFO org.apache.solr.update.LoggingInfoStream - [IW][coreLoadExecutor-317-thread-1]: now apply all deletes for all segments maxDoc=0
[coreLoadExecutor-317-thread-1] INFO org.apache.solr.update.LoggingInfoStream - [BD][coreLoadExecutor-317-thread-1]: prune sis=segments:  minGen=9223372036854775807 packetCount=0
[coreLoadExecutor-317-thread-1] INFO org.apache.solr.update.LoggingInfoStream - [DW][coreLoadExecutor-317-thread-1]: coreLoadExecutor-317-thread-1 finishFullFlush success=true
[coreLoadExecutor-317-thread-1] INFO org.apache.solr.update.LoggingInfoStream - [IW][coreLoadExecutor-317-thread-1]: startCommit(): start
[coreLoadExecutor-317-thread-1] INFO org.apache.solr.update.LoggingInfoStream - [IW][coreLoadExecutor-317-thread-1]: startCommit index= changeCount=2
[coreLoadExecutor-317-thread-1] INFO org.apache.solr.update.LoggingInfoStream - [IW][coreLoadExecutor-317-thread-1]: startCommit: wrote pending segments file "pending_segments_1"
[coreLoadExecutor-317-thread-1] INFO org.apache.solr.update.LoggingInfoStream - [IW][coreLoadExecutor-317-thread-1]: done all syncs: []
[coreLoadExecutor-317-thread-1] INFO org.apache.solr.update.LoggingInfoStream - [IW][coreLoadExecutor-317-thread-1]: commit: pendingCommit != null
[coreLoadExecutor-317-thread-1] INFO org.apache.solr.update.LoggingInfoStream - [IW][coreLoadExecutor-317-thread-1]: commit: done writing segments file "segments_1"
[coreLoadExecutor-317-thread-1] INFO org.apache.solr.update.LoggingInfoStream - [IFD][coreLoadExecutor-317-thread-1]: now checkpoint "" [0 segments ; isCommit = true]
[coreLoadExecutor-317-thread-1] INFO org.apache.solr.core.SolrDeletionPolicy - SolrDeletionPolicy.onCommit: commits: num=1
	commit{dir=NRTCachingDirectory(MMapDirectory@/tmp/solr-home5691777433325254418/core/data/index lockFactory=org.apache.lucene.store.NativeFSLockFactory@2c3d74f6; maxCacheMB=48.0 maxMergeSizeMB=4.0),segFN=segments_1,generation=1}
[coreLoadExecutor-317-thread-1] INFO org.apache.solr.core.SolrDeletionPolicy - newest commit generation = 1
[coreLoadExecutor-317-thread-1] INFO org.apache.solr.update.LoggingInfoStream - [IFD][coreLoadExecutor-317-thread-1]: 0 msec to checkpoint
[coreLoadExecutor-317-thread-1] INFO org.apache.solr.update.LoggingInfoStream - [IW][coreLoadExecutor-317-thread-1]: commit: took 8.0 msec
[coreLoadExecutor-317-thread-1] INFO org.apache.solr.update.LoggingInfoStream - [IW][coreLoadExecutor-317-thread-1]: commit: done
[coreLoadExecutor-317-thread-1] INFO org.apache.solr.update.LoggingInfoStream - [IW][coreLoadExecutor-317-thread-1]: rollback
[coreLoadExecutor-317-thread-1] INFO org.apache.solr.update.LoggingInfoStream - [IW][coreLoadExecutor-317-thread-1]: all running merges have aborted
[coreLoadExecutor-317-thread-1] INFO org.apache.solr.update.LoggingInfoStream - [IW][coreLoadExecutor-317-thread-1]: rollback: done finish merges
[coreLoadExecutor-317-thread-1] INFO org.apache.solr.update.LoggingInfoStream - [DW][coreLoadExecutor-317-thread-1]: abort
[coreLoadExecutor-317-thread-1] INFO org.apache.solr.update.LoggingInfoStream - [DW][coreLoadExecutor-317-thread-1]: done abort success=true
[coreLoadExecutor-317-thread-1] INFO org.apache.solr.update.LoggingInfoStream - [IW][coreLoadExecutor-317-thread-1]: rollback: infos=
[coreLoadExecutor-317-thread-1] INFO org.apache.solr.update.LoggingInfoStream - [IFD][coreLoadExecutor-317-thread-1]: now checkpoint "" [0 segments ; isCommit = false]
[coreLoadExecutor-317-thread-1] INFO org.apache.solr.update.LoggingInfoStream - [IFD][coreLoadExecutor-317-thread-1]: 0 msec to checkpoint
[OldIndexDirectoryCleanupThreadForCore-core] INFO org.apache.solr.core.SolrCore - Looking for old index directories to cleanup for core core in /tmp/solr-home5691777433325254418/core/data/
[coreLoadExecutor-317-thread-1] INFO org.apache.solr.core.SolrCore - no updateRequestProcessorChain defined as default, creating implicit default
[coreLoadExecutor-317-thread-1] INFO org.apache.solr.handler.loader.XMLLoader - xsltCacheLifetimeSeconds=60
[coreLoadExecutor-317-thread-1] INFO org.apache.solr.handler.loader.XMLLoader - xsltCacheLifetimeSeconds=60
[coreLoadExecutor-317-thread-1] INFO org.apache.solr.handler.loader.XMLLoader - xsltCacheLifetimeSeconds=60
[coreLoadExecutor-317-thread-1] INFO org.apache.solr.handler.loader.XMLLoader - xsltCacheLifetimeSeconds=60
[coreLoadExecutor-317-thread-1] INFO org.apache.solr.core.RequestHandlers - Registered paths: /admin/mbeans,,/update/csv,/update/json/docs,/admin/luke,/select,/suggester,/admin/segments,/get,/admin/system,/replication,/admin/properties,/config,/schema,/admin/plugins,/admin/logging,/update/json,/admin/threads,/admin/ping,/update,/admin/file
[coreLoadExecutor-317-thread-1] INFO org.apache.solr.core.SolrCore - Using default statsCache cache: org.apache.solr.search.stats.LocalStatsCache
[coreLoadExecutor-317-thread-1] INFO org.apache.solr.update.UpdateHandler - Using UpdateLog implementation: org.apache.solr.update.UpdateLog
[coreLoadExecutor-317-thread-1] INFO org.apache.solr.update.UpdateLog - Initializing UpdateLog: dataDir= defaultSyncLevel=FLUSH numRecordsToKeep=100 maxNumLogsToKeep=10 numVersionBuckets=65536
[coreLoadExecutor-317-thread-1] INFO org.apache.solr.update.CommitTracker - Hard AutoCommit: if uncommited for 15000ms; 
[coreLoadExecutor-317-thread-1] INFO org.apache.solr.update.CommitTracker - Soft AutoCommit: disabled
[coreLoadExecutor-317-thread-1] INFO org.apache.solr.update.LoggingInfoStream - [IFD][coreLoadExecutor-317-thread-1]: init: current segments file is "segments_1"; deletionPolicy=org.apache.solr.core.IndexDeletionPolicyWrapper@6f4e9d5c
[coreLoadExecutor-317-thread-1] INFO org.apache.solr.update.LoggingInfoStream - [IFD][coreLoadExecutor-317-thread-1]: init: load commit "segments_1"
[coreLoadExecutor-317-thread-1] INFO org.apache.solr.core.SolrDeletionPolicy - SolrDeletionPolicy.onInit: commits: num=1
	commit{dir=NRTCachingDirectory(MMapDirectory@/tmp/solr-home5691777433325254418/core/data/index lockFactory=org.apache.lucene.store.NativeFSLockFactory@2c3d74f6; maxCacheMB=48.0 maxMergeSizeMB=4.0),segFN=segments_1,generation=1}
[coreLoadExecutor-317-thread-1] INFO org.apache.solr.core.SolrDeletionPolicy - newest commit generation = 1
[coreLoadExecutor-317-thread-1] INFO org.apache.solr.update.LoggingInfoStream - [IFD][coreLoadExecutor-317-thread-1]: now checkpoint "" [0 segments ; isCommit = false]
[coreLoadExecutor-317-thread-1] INFO org.apache.solr.update.LoggingInfoStream - [IFD][coreLoadExecutor-317-thread-1]: 0 msec to checkpoint
[coreLoadExecutor-317-thread-1] INFO org.apache.solr.update.LoggingInfoStream - [IW][coreLoadExecutor-317-thread-1]: init: create=false
[coreLoadExecutor-317-thread-1] INFO org.apache.solr.update.LoggingInfoStream - [IW][coreLoadExecutor-317-thread-1]: 
dir=NRTCachingDirectory(MMapDirectory@/tmp/solr-home5691777433325254418/core/data/index lockFactory=org.apache.lucene.store.NativeFSLockFactory@2c3d74f6; maxCacheMB=48.0 maxMergeSizeMB=4.0)
index=
version=5.5.1
analyzer=org.apache.solr.update.SolrIndexConfig$DelayedSchemaAnalyzer
ramBufferSizeMB=100.0
maxBufferedDocs=-1
maxBufferedDeleteTerms=-1
mergedSegmentWarmer=null
delPolicy=org.apache.solr.core.IndexDeletionPolicyWrapper
commit=null
openMode=APPEND
similarity=org.apache.lucene.search.similarities.ClassicSimilarity
mergeScheduler=ConcurrentMergeScheduler: maxThreadCount=-1, maxMergeCount=-1, ioThrottle=true
default WRITE_LOCK_TIMEOUT=0
writeLockTimeout=0
codec=Lucene54
infoStream=org.apache.solr.update.LoggingInfoStream
mergePolicy=[TieredMergePolicy: maxMergeAtOnce=10, maxMergeAtOnceExplicit=30, maxMergedSegmentMB=5120.0, floorSegmentMB=2.0, forceMergeDeletesPctAllowed=10.0, segmentsPerTier=10.0, maxCFSSegmentSizeMB=8.796093022207999E12, noCFSRatio=0.1
indexerThreadPool=org.apache.lucene.index.DocumentsWriterPerThreadPool@55a89070
readerPooling=false
perThreadHardLimitMB=1945
useCompoundFile=false
commitOnClose=true
writer=org.apache.solr.update.SolrIndexWriter@12de5ef4

[coreLoadExecutor-317-thread-1] INFO org.apache.solr.update.LoggingInfoStream - [IW][coreLoadExecutor-317-thread-1]: MMapDirectory.UNMAP_SUPPORTED=true
[coreLoadExecutor-317-thread-1] INFO org.apache.solr.update.LoggingInfoStream - [IW][coreLoadExecutor-317-thread-1]: flush at getReader
[coreLoadExecutor-317-thread-1] INFO org.apache.solr.update.LoggingInfoStream - [DW][coreLoadExecutor-317-thread-1]: startFullFlush
[coreLoadExecutor-317-thread-1] INFO org.apache.solr.update.LoggingInfoStream - [IW][coreLoadExecutor-317-thread-1]: apply all deletes during flush
[coreLoadExecutor-317-thread-1] INFO org.apache.solr.update.LoggingInfoStream - [IW][coreLoadExecutor-317-thread-1]: now apply all deletes for all segments maxDoc=0
[coreLoadExecutor-317-thread-1] INFO org.apache.solr.update.LoggingInfoStream - [BD][coreLoadExecutor-317-thread-1]: prune sis=segments_1:  minGen=9223372036854775807 packetCount=0
[coreLoadExecutor-317-thread-1] INFO org.apache.solr.update.LoggingInfoStream - [IW][coreLoadExecutor-317-thread-1]: incRefDeleter for NRT reader version=2 segments=
[coreLoadExecutor-317-thread-1] INFO org.apache.solr.update.LoggingInfoStream - [IW][coreLoadExecutor-317-thread-1]: return reader version=2 reader=StandardDirectoryReader(segments_1:2:nrt)
[coreLoadExecutor-317-thread-1] INFO org.apache.solr.update.LoggingInfoStream - [DW][coreLoadExecutor-317-thread-1]: coreLoadExecutor-317-thread-1 finishFullFlush success=true
[coreLoadExecutor-317-thread-1] INFO org.apache.solr.update.LoggingInfoStream - [IW][coreLoadExecutor-317-thread-1]: getReader took 0 msec
[coreLoadExecutor-317-thread-1] INFO org.apache.solr.search.SolrIndexSearcher - Opening Searcher@73729466[core] main
[coreLoadExecutor-317-thread-1] INFO org.apache.solr.rest.ManagedResourceStorage - File-based storage initialized to use dir: /tmp/solr-home5691777433325254418/core/conf
[coreLoadExecutor-317-thread-1] INFO org.apache.solr.rest.RestManager - Initializing RestManager with initArgs: {storageDir=/tmp/solr-home5691777433325254418/core/conf}
[coreLoadExecutor-317-thread-1] INFO org.apache.solr.rest.ManagedResourceStorage - Reading _rest_managed.json using file:dir=/tmp/solr-home5691777433325254418/core/conf
[coreLoadExecutor-317-thread-1] INFO org.apache.solr.rest.RestManager - Initializing 0 registered ManagedResources
[coreLoadExecutor-317-thread-1] INFO org.apache.solr.handler.component.SpellCheckComponent - Initializing spell checkers
[coreLoadExecutor-317-thread-1] INFO org.apache.solr.handler.component.SpellCheckComponent - Registering newSearcher listener for spellchecker: default
[coreLoadExecutor-317-thread-1] INFO org.apache.solr.handler.component.SpellCheckComponent - No queryConverter defined, using default converter
[coreLoadExecutor-317-thread-1] INFO org.apache.solr.handler.ReplicationHandler - Commits will be reserved for  10000
[coreLoadExecutor-317-thread-1] INFO org.apache.solr.update.UpdateLog - Looking up max value of version field to seed version buckets
[coreLoadExecutor-317-thread-1] INFO org.apache.solr.update.VersionInfo - Refreshing highest value of _version_ for 65536 version buckets from index
[coreLoadExecutor-317-thread-1] INFO org.apache.solr.update.VersionInfo - No terms found for _version_, cannot seed version bucket highest value from index
[coreLoadExecutor-317-thread-1] INFO org.apache.solr.update.UpdateLog - Could not find max version in index or recent updates, using new clock 1576087837077405696
[searcherExecutor-318-thread-1] INFO org.apache.solr.handler.component.SpellCheckComponent - Loading spell index for spellchecker: default
[searcherExecutor-318-thread-1] INFO org.apache.solr.core.SolrCore - [core] Registered new searcher Searcher@73729466[core] main{ExitableDirectoryReader(UninvertingDirectoryReader())}
[coreLoadExecutor-317-thread-1] INFO org.apache.solr.update.UpdateLog - Took 1.0ms to seed version buckets with highest version 1576087837077405696
[coreLoadExecutor-317-thread-1] INFO org.apache.solr.core.CoreContainer - registering core: core
[Test worker] INFO org.apache.solr.core.SolrCore.Request - [core]  webapp=null path=/admin/ping params={} hits=0 status=0 QTime=0
[Test worker] INFO org.apache.solr.core.SolrCore.Request - [core]  webapp=null path=/admin/ping params={} status=0 QTime=0
[Test worker] INFO com.rbmhtechnology.vind.solr.SolrSearchServer - Connection to solr server successful
[Test worker] INFO org.apache.solr.core.SolrCore.Request - [core]  webapp=null path=/schema params={} status=0 QTime=0
[Test worker] INFO com.rbmhtechnology.vind.solr.SolrSearchServer - No server provider of type class com.rbmhtechnology.vind.solr.EmbeddedSolrServerProvider found in classpath for server com.rbmhtechnology.vind.solr.SolrSearchServer
[Test worker] INFO org.apache.solr.update.processor.LogUpdateProcessorFactory - [core]  webapp=null path=/update params={}{add=[1 (1576087837083697152)]} 0 2
[Test worker] INFO org.apache.solr.update.processor.LogUpdateProcessorFactory - [core]  webapp=null path=/update params={}{add=[2 (1576087837086842880)]} 0 0
[Test worker] INFO org.apache.solr.update.DirectUpdateHandler2 - start commit{,optimize=false,openSearcher=true,waitSearcher=true,expungeDeletes=false,softCommit=false,prepareCommit=false}
[Test worker] INFO org.apache.solr.update.LoggingInfoStream - [IW][Test worker]: commit: start
[Test worker] INFO org.apache.solr.update.LoggingInfoStream - [IW][Test worker]: commit: enter lock
[Test worker] INFO org.apache.solr.update.LoggingInfoStream - [IW][Test worker]: commit: now prepare
[Test worker] INFO org.apache.solr.update.LoggingInfoStream - [IW][Test worker]: prepareCommit: flush
[Test worker] INFO org.apache.solr.update.LoggingInfoStream - [IW][Test worker]:   index before flush 
[Test worker] INFO org.apache.solr.update.LoggingInfoStream - [DW][Test worker]: startFullFlush
[Test worker] INFO org.apache.solr.update.LoggingInfoStream - [DW][Test worker]: anyChanges? numDocsInRam=2 deletes=true hasTickets:false pendingChangesInFullFlush: false
[Test worker] INFO org.apache.solr.update.LoggingInfoStream - [DWFC][Test worker]: addFlushableState DocumentsWriterPerThread [pendingDeletes=gen=0 1 deleted terms (unique count=1) bytesUsed=169, segment=_0, aborted=false, numDocsInRAM=2, deleteQueue=DWDQ: [ generation: 1 ]]
[Test worker] INFO org.apache.solr.update.LoggingInfoStream - [DWPT][Test worker]: flush postings as segment _0 numDocs=2
[Test worker] INFO org.apache.solr.update.LoggingInfoStream - [IW][Test worker]: 0 msec to write norms
[Test worker] INFO org.apache.solr.update.LoggingInfoStream - [IW][Test worker]: 1 msec to write docValues
[Test worker] INFO org.apache.solr.update.LoggingInfoStream - [IW][Test worker]: 0 msec to finish stored fields
[Test worker] INFO org.apache.solr.update.LoggingInfoStream - [IW][Test worker]: 0 msec to write postings and finish vectors
[Test worker] INFO org.apache.solr.update.LoggingInfoStream - [IW][Test worker]: 0 msec to write fieldInfos
[Test worker] INFO org.apache.solr.update.LoggingInfoStream - [DWPT][Test worker]: new segment has 0 deleted docs
[Test worker] INFO org.apache.solr.update.LoggingInfoStream - [DWPT][Test worker]: new segment has no vectors; norms; docValues; prox; freqs
[Test worker] INFO org.apache.solr.update.LoggingInfoStream - [DWPT][Test worker]: flushedFiles=[_0_Lucene54_0.dvm, _0_Lucene50_0.doc, _0_Lucene50_0.tim, _0_Lucene50_0.pos, _0.nvd, _0.fdx, _0_Lucene54_0.dvd, _0_Lucene50_0.tip, _0.fdt, _0.nvm, _0.fnm]
[Test worker] INFO org.apache.solr.update.LoggingInfoStream - [DWPT][Test worker]: flushed codec=Lucene54
[Test worker] INFO org.apache.solr.update.LoggingInfoStream - [DWPT][Test worker]: flushed: segment=_0 ramUsed=0.382 MB newFlushedSize=0.004 MB docs/MB=509.884
[Test worker] INFO org.apache.solr.update.LoggingInfoStream - [DW][Test worker]: publishFlushedSegment seg-private updates=null
[Test worker] INFO org.apache.solr.update.LoggingInfoStream - [IW][Test worker]: publishFlushedSegment
[Test worker] INFO org.apache.solr.update.LoggingInfoStream - [BD][Test worker]: push deletes  2 deleted terms (unique count=2) bytesUsed=1072 segmentPrivate?=false delGen=2 packetCount=1 totBytesUsed=1072
[Test worker] INFO org.apache.solr.update.LoggingInfoStream - [IW][Test worker]: publish sets newSegment delGen=3 seg=_0(5.5.1):C2
[Test worker] INFO org.apache.solr.update.LoggingInfoStream - [IFD][Test worker]: now checkpoint "_0(5.5.1):C2" [1 segments ; isCommit = false]
[Test worker] INFO org.apache.solr.update.LoggingInfoStream - [IFD][Test worker]: 0 msec to checkpoint
[Test worker] INFO org.apache.solr.update.LoggingInfoStream - [IW][Test worker]: apply all deletes during flush
[Test worker] INFO org.apache.solr.update.LoggingInfoStream - [IW][Test worker]: now apply all deletes for all segments maxDoc=2
[Test worker] INFO org.apache.solr.update.LoggingInfoStream - [BD][Test worker]: applyDeletes: open segment readers took 0 msec
[Test worker] INFO org.apache.solr.update.LoggingInfoStream - [BD][Test worker]: applyDeletes: infos=[_0(5.5.1):C2] packetCount=1
[Test worker] INFO org.apache.solr.update.LoggingInfoStream - [BD][Test worker]: applyDeletes took 0 msec for 1 segments, 0 newly deleted docs (query deletes), 0 visited terms, allDeleted=null
[Test worker] INFO org.apache.solr.update.LoggingInfoStream - [BD][Test worker]: prune sis=segments_1: _0(5.5.1):C2 minGen=3 packetCount=1
[Test worker] INFO org.apache.solr.update.LoggingInfoStream - [BD][Test worker]: pruneDeletes: prune 1 packets; 0 packets remain
[Test worker] INFO org.apache.solr.update.LoggingInfoStream - [DW][Test worker]: Test worker finishFullFlush success=true
[Test worker] INFO org.apache.solr.update.LoggingInfoStream - [TMP][Test worker]: findMerges: 1 segments
[Test worker] INFO org.apache.solr.update.LoggingInfoStream - [TMP][Test worker]:   seg=_0(5.5.1):C2 size=0.004 MB [floored]
[Test worker] INFO org.apache.solr.update.LoggingInfoStream - [TMP][Test worker]:   allowedSegmentCount=1 vs count=1 (eligible count=1) tooBigCount=0
[Test worker] INFO org.apache.solr.update.LoggingInfoStream - [MS][Test worker]: initDynamicDefaults spins=false maxThreadCount=2 maxMergeCount=7
[Test worker] INFO org.apache.solr.update.LoggingInfoStream - [MS][Test worker]: now merge
[Test worker] INFO org.apache.solr.update.LoggingInfoStream - [MS][Test worker]:   index: _0(5.5.1):C2
[Test worker] INFO org.apache.solr.update.LoggingInfoStream - [MS][Test worker]:   no more merges pending; now return
[Test worker] INFO org.apache.solr.update.LoggingInfoStream - [IW][Test worker]: startCommit(): start
[Test worker] INFO org.apache.solr.update.LoggingInfoStream - [IW][Test worker]: startCommit index=_0(5.5.1):C2 changeCount=4
[Test worker] INFO org.apache.solr.update.LoggingInfoStream - [IW][Test worker]: startCommit: wrote pending segments file "pending_segments_2"
[Test worker] INFO org.apache.solr.update.LoggingInfoStream - [IW][Test worker]: done all syncs: [_0.si, _0_Lucene50_0.doc, _0_Lucene50_0.tim, _0_Lucene54_0.dvm, _0_Lucene50_0.pos, _0.nvd, _0.fdx, _0_Lucene54_0.dvd, _0_Lucene50_0.tip, _0.fdt, _0.nvm, _0.fnm]
[Test worker] INFO org.apache.solr.update.LoggingInfoStream - [IW][Test worker]: commit: pendingCommit != null
[Test worker] INFO org.apache.solr.update.LoggingInfoStream - [IW][Test worker]: commit: done writing segments file "segments_2"
[Test worker] INFO org.apache.solr.update.LoggingInfoStream - [IFD][Test worker]: now checkpoint "_0(5.5.1):C2" [1 segments ; isCommit = true]
[Test worker] INFO org.apache.solr.core.SolrDeletionPolicy - SolrDeletionPolicy.onCommit: commits: num=2
	commit{dir=NRTCachingDirectory(MMapDirectory@/tmp/solr-home5691777433325254418/core/data/index lockFactory=org.apache.lucene.store.NativeFSLockFactory@2c3d74f6; maxCacheMB=48.0 maxMergeSizeMB=4.0),segFN=segments_1,generation=1}
	commit{dir=NRTCachingDirectory(MMapDirectory@/tmp/solr-home5691777433325254418/core/data/index lockFactory=org.apache.lucene.store.NativeFSLockFactory@2c3d74f6; maxCacheMB=48.0 maxMergeSizeMB=4.0),segFN=segments_2,generation=2}
[Test worker] INFO org.apache.solr.core.SolrDeletionPolicy - newest commit generation = 2
[Test worker] INFO org.apache.solr.update.LoggingInfoStream - [IFD][Test worker]: deleteCommits: now decRef commit "segments_1"
[Test worker] INFO org.apache.solr.update.LoggingInfoStream - [IFD][Test worker]: delete "segments_1"
[Test worker] INFO org.apache.solr.update.LoggingInfoStream - [IFD][Test worker]: 0 msec to checkpoint
[Test worker] INFO org.apache.solr.update.LoggingInfoStream - [IW][Test worker]: commit: took 61.4 msec
[Test worker] INFO org.apache.solr.update.LoggingInfoStream - [IW][Test worker]: commit: done
[Test worker] INFO org.apache.solr.update.LoggingInfoStream - [IW][Test worker]: nrtIsCurrent: infoVersion matches: false; DW changes: false; BD changes: false
[Test worker] INFO org.apache.solr.update.LoggingInfoStream - [IW][Test worker]: flush at getReader
[Test worker] INFO org.apache.solr.update.LoggingInfoStream - [DW][Test worker]: startFullFlush
[Test worker] INFO org.apache.solr.update.LoggingInfoStream - [IW][Test worker]: apply all deletes during flush
[Test worker] INFO org.apache.solr.update.LoggingInfoStream - [IW][Test worker]: now apply all deletes for all segments maxDoc=2
[Test worker] INFO org.apache.solr.update.LoggingInfoStream - [BD][Test worker]: applyDeletes: open segment readers took 0 msec
[Test worker] INFO org.apache.solr.update.LoggingInfoStream - [BD][Test worker]: applyDeletes: no segments; skipping
[Test worker] INFO org.apache.solr.update.LoggingInfoStream - [BD][Test worker]: prune sis=segments_2: _0(5.5.1):C2 minGen=3 packetCount=0
[Test worker] INFO org.apache.solr.update.LoggingInfoStream - [IW][Test worker]: incRefDeleter for NRT reader version=6 segments=_0(5.5.1):C2
[Test worker] INFO org.apache.solr.update.LoggingInfoStream - [IW][Test worker]: return reader version=6 reader=StandardDirectoryReader(segments_2:6:nrt _0(5.5.1):C2)
[Test worker] INFO org.apache.solr.update.LoggingInfoStream - [DW][Test worker]: Test worker finishFullFlush success=true
[Test worker] INFO org.apache.solr.update.LoggingInfoStream - [IW][Test worker]: getReader took 1 msec
[Test worker] INFO org.apache.solr.search.SolrIndexSearcher - Opening Searcher@e93462d[core] main
[searcherExecutor-318-thread-1] INFO org.apache.solr.handler.component.SpellCheckComponent - Building spell index for spell checker: default
[Test worker] INFO org.apache.solr.update.DirectUpdateHandler2 - end_commit_flush
[searcherExecutor-318-thread-1] INFO org.apache.solr.core.SolrCore - [core] Registered new searcher Searcher@e93462d[core] main{ExitableDirectoryReader(UninvertingDirectoryReader(Uninverting(_0(5.5.1):C2)))}
[searcherExecutor-318-thread-1] INFO org.apache.solr.update.LoggingInfoStream - [IW][searcherExecutor-318-thread-1]: decRefDeleter for NRT reader version=2 segments=
[Test worker] INFO org.apache.solr.update.processor.LogUpdateProcessorFactory - [core]  webapp=null path=/update params={commit=true&softCommit=false&waitSearcher=true}{commit=} 0 93
[Test worker] INFO org.apache.solr.core.SolrCore.Request - [core]  webapp=null path=/select params={q=*&fl=*,score&df=text&fq=_type_:asset&fq=dynamic_multi_filter_string_textFacetTaxonomy:"uno"&start=0&rows=10} hits=1 status=0 QTime=0
[Test worker] INFO org.apache.solr.core.SolrCore.Request - [core]  webapp=null path=/select params={q=*&fl=*,score&df=text&fq=_type_:asset&fq=dynamic_multi_filter_string_multiTextTaxonomy:"uno"&start=0&rows=10} hits=1 status=0 QTime=0
[Test worker] INFO org.apache.solr.core.CoreContainer - Shutting down CoreContainer instance=995235888
[coreCloseExecutor-323-thread-1] INFO org.apache.solr.core.SolrCore - [core]  CLOSING SolrCore org.apache.solr.core.SolrCore@7a5994ca
[coreCloseExecutor-323-thread-1] INFO org.apache.solr.update.DirectUpdateHandler2 - closing DirectUpdateHandler2{commits=1,autocommit maxTime=15000ms,autocommits=0,soft autocommits=0,optimizes=0,rollbacks=0,expungeDeletes=0,docsPending=0,adds=0,deletesById=0,deletesByQuery=0,errors=0,cumulative_adds=2,cumulative_deletesById=0,cumulative_deletesByQuery=0,cumulative_errors=0,transaction_logs_total_size=562,transaction_logs_total_number=1}
[coreCloseExecutor-323-thread-1] INFO org.apache.solr.update.SolrCoreState - Closing SolrCoreState
[coreCloseExecutor-323-thread-1] INFO org.apache.solr.update.DefaultSolrCoreState - SolrCoreState ref count has reached 0 - closing IndexWriter
[coreCloseExecutor-323-thread-1] INFO org.apache.solr.update.DefaultSolrCoreState - closing IndexWriter with IndexWriterCloser
[coreCloseExecutor-323-thread-1] INFO org.apache.solr.update.LoggingInfoStream - [IW][coreCloseExecutor-323-thread-1]: now flush at close
[coreCloseExecutor-323-thread-1] INFO org.apache.solr.update.LoggingInfoStream - [IW][coreCloseExecutor-323-thread-1]:   start flush: applyAllDeletes=true
[coreCloseExecutor-323-thread-1] INFO org.apache.solr.update.LoggingInfoStream - [IW][coreCloseExecutor-323-thread-1]:   index before flush _0(5.5.1):C2
[coreCloseExecutor-323-thread-1] INFO org.apache.solr.update.LoggingInfoStream - [DW][coreCloseExecutor-323-thread-1]: startFullFlush
[coreCloseExecutor-323-thread-1] INFO org.apache.solr.update.LoggingInfoStream - [DW][coreCloseExecutor-323-thread-1]: coreCloseExecutor-323-thread-1 finishFullFlush success=true
[coreCloseExecutor-323-thread-1] INFO org.apache.solr.update.LoggingInfoStream - [IW][coreCloseExecutor-323-thread-1]: apply all deletes during flush
[coreCloseExecutor-323-thread-1] INFO org.apache.solr.update.LoggingInfoStream - [IW][coreCloseExecutor-323-thread-1]: now apply all deletes for all segments maxDoc=2
[coreCloseExecutor-323-thread-1] INFO org.apache.solr.update.LoggingInfoStream - [BD][coreCloseExecutor-323-thread-1]: applyDeletes: open segment readers took 0 msec
[coreCloseExecutor-323-thread-1] INFO org.apache.solr.update.LoggingInfoStream - [BD][coreCloseExecutor-323-thread-1]: applyDeletes: no segments; skipping
[coreCloseExecutor-323-thread-1] INFO org.apache.solr.update.LoggingInfoStream - [BD][coreCloseExecutor-323-thread-1]: prune sis=segments_2: _0(5.5.1):C2 minGen=3 packetCount=0
[coreCloseExecutor-323-thread-1] INFO org.apache.solr.update.LoggingInfoStream - [MS][coreCloseExecutor-323-thread-1]: updateMergeThreads ioThrottle=true targetMBPerSec=10240.0 MB/sec
[coreCloseExecutor-323-thread-1] INFO org.apache.solr.update.LoggingInfoStream - [MS][coreCloseExecutor-323-thread-1]: now merge
[coreCloseExecutor-323-thread-1] INFO org.apache.solr.update.LoggingInfoStream - [MS][coreCloseExecutor-323-thread-1]:   index: _0(5.5.1):C2
[coreCloseExecutor-323-thread-1] INFO org.apache.solr.update.LoggingInfoStream - [MS][coreCloseExecutor-323-thread-1]:   no more merges pending; now return
[coreCloseExecutor-323-thread-1] INFO org.apache.solr.update.LoggingInfoStream - [IW][coreCloseExecutor-323-thread-1]: waitForMerges
[coreCloseExecutor-323-thread-1] INFO org.apache.solr.update.LoggingInfoStream - [IW][coreCloseExecutor-323-thread-1]: waitForMerges done
[coreCloseExecutor-323-thread-1] INFO org.apache.solr.update.LoggingInfoStream - [IW][coreCloseExecutor-323-thread-1]: commit: start
[coreCloseExecutor-323-thread-1] INFO org.apache.solr.update.LoggingInfoStream - [IW][coreCloseExecutor-323-thread-1]: commit: enter lock
[coreCloseExecutor-323-thread-1] INFO org.apache.solr.update.LoggingInfoStream - [IW][coreCloseExecutor-323-thread-1]: commit: now prepare
[coreCloseExecutor-323-thread-1] INFO org.apache.solr.update.LoggingInfoStream - [IW][coreCloseExecutor-323-thread-1]: prepareCommit: flush
[coreCloseExecutor-323-thread-1] INFO org.apache.solr.update.LoggingInfoStream - [IW][coreCloseExecutor-323-thread-1]:   index before flush _0(5.5.1):C2
[coreCloseExecutor-323-thread-1] INFO org.apache.solr.update.LoggingInfoStream - [DW][coreCloseExecutor-323-thread-1]: startFullFlush
[coreCloseExecutor-323-thread-1] INFO org.apache.solr.update.LoggingInfoStream - [IW][coreCloseExecutor-323-thread-1]: apply all deletes during flush
[coreCloseExecutor-323-thread-1] INFO org.apache.solr.update.LoggingInfoStream - [IW][coreCloseExecutor-323-thread-1]: now apply all deletes for all segments maxDoc=2
[coreCloseExecutor-323-thread-1] INFO org.apache.solr.update.LoggingInfoStream - [BD][coreCloseExecutor-323-thread-1]: applyDeletes: open segment readers took 0 msec
[coreCloseExecutor-323-thread-1] INFO org.apache.solr.update.LoggingInfoStream - [BD][coreCloseExecutor-323-thread-1]: applyDeletes: no segments; skipping
[coreCloseExecutor-323-thread-1] INFO org.apache.solr.update.LoggingInfoStream - [BD][coreCloseExecutor-323-thread-1]: prune sis=segments_2: _0(5.5.1):C2 minGen=3 packetCount=0
[coreCloseExecutor-323-thread-1] INFO org.apache.solr.update.LoggingInfoStream - [DW][coreCloseExecutor-323-thread-1]: coreCloseExecutor-323-thread-1 finishFullFlush success=true
[coreCloseExecutor-323-thread-1] INFO org.apache.solr.update.LoggingInfoStream - [IW][coreCloseExecutor-323-thread-1]: startCommit(): start
[coreCloseExecutor-323-thread-1] INFO org.apache.solr.update.LoggingInfoStream - [IW][coreCloseExecutor-323-thread-1]:   skip startCommit(): no changes pending
[coreCloseExecutor-323-thread-1] INFO org.apache.solr.update.LoggingInfoStream - [IW][coreCloseExecutor-323-thread-1]: commit: pendingCommit == null; skip
[coreCloseExecutor-323-thread-1] INFO org.apache.solr.update.LoggingInfoStream - [IW][coreCloseExecutor-323-thread-1]: commit: took 0.2 msec
[coreCloseExecutor-323-thread-1] INFO org.apache.solr.update.LoggingInfoStream - [IW][coreCloseExecutor-323-thread-1]: commit: done
[coreCloseExecutor-323-thread-1] INFO org.apache.solr.update.LoggingInfoStream - [IW][coreCloseExecutor-323-thread-1]: rollback
[coreCloseExecutor-323-thread-1] INFO org.apache.solr.update.LoggingInfoStream - [IW][coreCloseExecutor-323-thread-1]: all running merges have aborted
[coreCloseExecutor-323-thread-1] INFO org.apache.solr.update.LoggingInfoStream - [IW][coreCloseExecutor-323-thread-1]: rollback: done finish merges
[coreCloseExecutor-323-thread-1] INFO org.apache.solr.update.LoggingInfoStream - [DW][coreCloseExecutor-323-thread-1]: abort
[coreCloseExecutor-323-thread-1] INFO org.apache.solr.update.LoggingInfoStream - [DW][coreCloseExecutor-323-thread-1]: done abort success=true
[coreCloseExecutor-323-thread-1] INFO org.apache.solr.update.LoggingInfoStream - [IW][coreCloseExecutor-323-thread-1]: rollback: infos=_0(5.5.1):C2
[coreCloseExecutor-323-thread-1] INFO org.apache.solr.update.LoggingInfoStream - [IFD][coreCloseExecutor-323-thread-1]: now checkpoint "_0(5.5.1):C2" [1 segments ; isCommit = false]
[coreCloseExecutor-323-thread-1] INFO org.apache.solr.update.LoggingInfoStream - [IFD][coreCloseExecutor-323-thread-1]: 0 msec to checkpoint
[coreCloseExecutor-323-thread-1] INFO org.apache.solr.core.SolrCore - [core] Closing main searcher on request.
[coreCloseExecutor-323-thread-1] INFO org.apache.solr.core.CachingDirectoryFactory - Closing NRTCachingDirectoryFactory - 2 directories currently being tracked
[coreCloseExecutor-323-thread-1] INFO org.apache.solr.core.CachingDirectoryFactory - looking to close /tmp/solr-home5691777433325254418/core/data [CachedDir<<refCount=0;path=/tmp/solr-home5691777433325254418/core/data;done=false>>]
[coreCloseExecutor-323-thread-1] INFO org.apache.solr.core.CachingDirectoryFactory - Closing directory: /tmp/solr-home5691777433325254418/core/data
[coreCloseExecutor-323-thread-1] INFO org.apache.solr.core.CachingDirectoryFactory - looking to close /tmp/solr-home5691777433325254418/core/data/index [CachedDir<<refCount=0;path=/tmp/solr-home5691777433325254418/core/data/index;done=false>>]
[coreCloseExecutor-323-thread-1] INFO org.apache.solr.core.CachingDirectoryFactory - Closing directory: /tmp/solr-home5691777433325254418/core/data/index
[Test worker] INFO com.rbmhtechnology.vind.solr.SolrSearchServer - No server provider of type class com.rbmhtechnology.vind.solr.EmbeddedSolrServerProvider found in classpath for server com.rbmhtechnology.vind.solr.SolrSearchServer
[Test worker] INFO com.rbmhtechnology.vind.solr.SolrSearchServer - No server provider of type class com.rbmhtechnology.vind.solr.EmbeddedSolrServerProvider found in classpath for server com.rbmhtechnology.vind.solr.SolrSearchServer
[Test worker] INFO org.apache.solr.core.SolrResourceLoader - new SolrResourceLoader for directory: '/tmp/solr-home7997031070123805353'
[Test worker] INFO org.apache.solr.core.SolrResourceLoader - JNDI not configured for solr (NoInitialContextEx)
[Test worker] INFO org.apache.solr.core.SolrResourceLoader - solr home defaulted to 'solr/' (could not find system property or JNDI)
[Test worker] INFO org.apache.solr.core.SolrXmlConfig - Loading container configuration from /tmp/solr-home7997031070123805353/solr.xml
[Test worker] INFO org.apache.solr.core.CorePropertiesLocator - Config-defined core root directory: /tmp/solr-home7997031070123805353
[Test worker] INFO org.apache.solr.core.CoreContainer - New CoreContainer 28654328
[Test worker] INFO org.apache.solr.core.CoreContainer - Loading cores into CoreContainer [instanceDir=/tmp/solr-home7997031070123805353]
[Test worker] WARN org.apache.solr.core.CoreContainer - Couldn't add files from /tmp/solr-home7997031070123805353/lib to classpath: /tmp/solr-home7997031070123805353/lib
[Test worker] INFO org.apache.solr.handler.component.HttpShardHandlerFactory - created with socketTimeout : 120000,connTimeout : 15000,maxConnectionsPerHost : 20,maxConnections : 10000,corePoolSize : 0,maximumPoolSize : 2147483647,maxThreadIdleTime : 5,sizeOfQueue : -1,fairnessPolicy : false,useRetries : false,
[Test worker] INFO org.apache.solr.update.UpdateShardHandler - Creating UpdateShardHandler HTTP client with params: socketTimeout=600000&connTimeout=60000&retry=true
[Test worker] INFO org.apache.solr.logging.LogWatcher - SLF4J impl is org.slf4j.impl.SimpleLoggerFactory
[Test worker] INFO org.apache.solr.logging.LogWatcher - No LogWatcher configured
[Test worker] INFO org.apache.solr.core.CoreContainer - Security conf doesn't exist. Skipping setup for authorization module.
[Test worker] INFO org.apache.solr.core.CoreContainer - No authentication plugin used.
[Test worker] INFO org.apache.solr.core.CorePropertiesLocator - Looking for core definitions underneath /tmp/solr-home7997031070123805353
[Test worker] INFO org.apache.solr.core.CoreDescriptor - Created CoreDescriptor: {runtimeLib=false, name=core, config=solrconfig.xml, loadOnStartup=true, schema=schema.xml, configSetProperties=configsetprops.json, transient=false, dataDir=data/}
[Test worker] INFO org.apache.solr.core.CorePropertiesLocator - Found core core in /tmp/solr-home7997031070123805353/core
[Test worker] INFO org.apache.solr.core.CorePropertiesLocator - Found 1 core definitions
[coreLoadExecutor-330-thread-1] INFO org.apache.solr.core.SolrResourceLoader - new SolrResourceLoader for directory: '/tmp/solr-home7997031070123805353/core'
[coreLoadExecutor-330-thread-1] INFO org.apache.solr.core.SolrResourceLoader - JNDI not configured for solr (NoInitialContextEx)
[coreLoadExecutor-330-thread-1] INFO org.apache.solr.core.SolrResourceLoader - solr home defaulted to 'solr/' (could not find system property or JNDI)
[coreLoadExecutor-330-thread-1] INFO org.apache.solr.core.SolrResourceLoader - Adding 'file:/tmp/solr-home7997031070123805353/core/lib/marker-search-handler-0.3.0.jar' to classloader
[coreLoadExecutor-330-thread-1] INFO org.apache.solr.core.SolrResourceLoader - Adding 'file:/tmp/solr-home7997031070123805353/core/lib/suggestion-request-handler-2.1.0.jar' to classloader
[coreLoadExecutor-330-thread-1] INFO org.apache.solr.core.SolrConfig - current version of requestparams : -1
[coreLoadExecutor-330-thread-1] INFO org.apache.solr.update.SolrIndexConfig - IndexWriter infoStream solr logging is enabled
[coreLoadExecutor-330-thread-1] INFO org.apache.solr.core.SolrConfig - Using Lucene MatchVersion: 5.5.0
[coreLoadExecutor-330-thread-1] INFO org.apache.solr.core.SolrConfig - Loaded SolrConfig: solrconfig.xml
[coreLoadExecutor-330-thread-1] INFO org.apache.solr.schema.ManagedIndexSchemaFactory - The schema is configured as managed, but managed schema resource managed-schema not found - loading non-managed schema schema.xml instead
[coreLoadExecutor-330-thread-1] INFO org.apache.solr.schema.IndexSchema - [core] Schema name=basic search lib core
[coreLoadExecutor-330-thread-1] INFO org.apache.solr.schema.IndexSchema - unique key field: _id_
[coreLoadExecutor-330-thread-1] INFO org.apache.solr.schema.ManagedIndexSchema - Upgraded to managed schema at /tmp/solr-home7997031070123805353/core/conf/managed-schema
[coreLoadExecutor-330-thread-1] INFO org.apache.solr.schema.ManagedIndexSchemaFactory - After upgrading to managed schema, renamed the non-managed schema /tmp/solr-home7997031070123805353/core/conf/schema.xml to /tmp/solr-home7997031070123805353/core/conf/schema.xml.bak
[coreLoadExecutor-330-thread-1] INFO org.apache.solr.core.ConfigSetProperties - Did not find ConfigSet properties, assuming default properties: Can't find resource 'configsetprops.json' in classpath or '/tmp/solr-home7997031070123805353/core'
[coreLoadExecutor-330-thread-1] INFO org.apache.solr.core.CoreContainer - Creating SolrCore 'core' using configuration from instancedir /tmp/solr-home7997031070123805353/core
[coreLoadExecutor-330-thread-1] INFO org.apache.solr.core.SolrCore - solr.NRTCachingDirectoryFactory
[coreLoadExecutor-330-thread-1] INFO org.apache.solr.core.SolrCore - [[core] ] Opening new SolrCore at [/tmp/solr-home7997031070123805353/core], dataDir=[/tmp/solr-home7997031070123805353/core/data/]
[coreLoadExecutor-330-thread-1] INFO org.apache.solr.core.JmxMonitoredMap - No JMX servers found, not exposing Solr information with JMX.
[coreLoadExecutor-330-thread-1] INFO org.apache.solr.core.SchemaCodecFactory - Using default compressionMode: BEST_SPEED
[coreLoadExecutor-330-thread-1] INFO org.apache.solr.core.CachingDirectoryFactory - return new directory for /tmp/solr-home7997031070123805353/core/data
[coreLoadExecutor-330-thread-1] INFO org.apache.solr.core.SolrCore - New index directory detected: old=null new=/tmp/solr-home7997031070123805353/core/data/index/
[coreLoadExecutor-330-thread-1] WARN org.apache.solr.core.SolrCore - [core] Solr index directory '/tmp/solr-home7997031070123805353/core/data/index' doesn't exist. Creating new index...
[coreLoadExecutor-330-thread-1] INFO org.apache.solr.core.CachingDirectoryFactory - return new directory for /tmp/solr-home7997031070123805353/core/data/index
[coreLoadExecutor-330-thread-1] INFO org.apache.solr.update.LoggingInfoStream - [IFD][coreLoadExecutor-330-thread-1]: init: current segments file is "segments"; deletionPolicy=org.apache.solr.core.IndexDeletionPolicyWrapper@12f1836b
[coreLoadExecutor-330-thread-1] INFO org.apache.solr.update.LoggingInfoStream - [IFD][coreLoadExecutor-330-thread-1]: now checkpoint "" [0 segments ; isCommit = false]
[coreLoadExecutor-330-thread-1] INFO org.apache.solr.update.LoggingInfoStream - [IFD][coreLoadExecutor-330-thread-1]: 0 msec to checkpoint
[coreLoadExecutor-330-thread-1] INFO org.apache.solr.update.LoggingInfoStream - [IW][coreLoadExecutor-330-thread-1]: init: create=true
[coreLoadExecutor-330-thread-1] INFO org.apache.solr.update.LoggingInfoStream - [IW][coreLoadExecutor-330-thread-1]: 
dir=NRTCachingDirectory(MMapDirectory@/tmp/solr-home7997031070123805353/core/data/index lockFactory=org.apache.lucene.store.NativeFSLockFactory@2c3d74f6; maxCacheMB=48.0 maxMergeSizeMB=4.0)
index=
version=5.5.1
analyzer=org.apache.solr.update.SolrIndexConfig$DelayedSchemaAnalyzer
ramBufferSizeMB=100.0
maxBufferedDocs=-1
maxBufferedDeleteTerms=-1
mergedSegmentWarmer=null
delPolicy=org.apache.solr.core.IndexDeletionPolicyWrapper
commit=null
openMode=CREATE
similarity=org.apache.lucene.search.similarities.ClassicSimilarity
mergeScheduler=ConcurrentMergeScheduler: maxThreadCount=-1, maxMergeCount=-1, ioThrottle=true
default WRITE_LOCK_TIMEOUT=0
writeLockTimeout=0
codec=Lucene54
infoStream=org.apache.solr.update.LoggingInfoStream
mergePolicy=[TieredMergePolicy: maxMergeAtOnce=10, maxMergeAtOnceExplicit=30, maxMergedSegmentMB=5120.0, floorSegmentMB=2.0, forceMergeDeletesPctAllowed=10.0, segmentsPerTier=10.0, maxCFSSegmentSizeMB=8.796093022207999E12, noCFSRatio=0.1
indexerThreadPool=org.apache.lucene.index.DocumentsWriterPerThreadPool@6d6937cb
readerPooling=false
perThreadHardLimitMB=1945
useCompoundFile=false
commitOnClose=true
writer=org.apache.solr.update.SolrIndexWriter@cc950b2

[coreLoadExecutor-330-thread-1] INFO org.apache.solr.update.LoggingInfoStream - [IW][coreLoadExecutor-330-thread-1]: MMapDirectory.UNMAP_SUPPORTED=true
[coreLoadExecutor-330-thread-1] INFO org.apache.solr.update.LoggingInfoStream - [IW][coreLoadExecutor-330-thread-1]: now flush at close
[coreLoadExecutor-330-thread-1] INFO org.apache.solr.update.LoggingInfoStream - [IW][coreLoadExecutor-330-thread-1]:   start flush: applyAllDeletes=true
[coreLoadExecutor-330-thread-1] INFO org.apache.solr.update.LoggingInfoStream - [IW][coreLoadExecutor-330-thread-1]:   index before flush 
[coreLoadExecutor-330-thread-1] INFO org.apache.solr.update.LoggingInfoStream - [DW][coreLoadExecutor-330-thread-1]: startFullFlush
[coreLoadExecutor-330-thread-1] INFO org.apache.solr.update.LoggingInfoStream - [DW][coreLoadExecutor-330-thread-1]: coreLoadExecutor-330-thread-1 finishFullFlush success=true
[coreLoadExecutor-330-thread-1] INFO org.apache.solr.update.LoggingInfoStream - [IW][coreLoadExecutor-330-thread-1]: apply all deletes during flush
[coreLoadExecutor-330-thread-1] INFO org.apache.solr.update.LoggingInfoStream - [IW][coreLoadExecutor-330-thread-1]: now apply all deletes for all segments maxDoc=0
[coreLoadExecutor-330-thread-1] INFO org.apache.solr.update.LoggingInfoStream - [BD][coreLoadExecutor-330-thread-1]: prune sis=segments:  minGen=9223372036854775807 packetCount=0
[coreLoadExecutor-330-thread-1] INFO org.apache.solr.update.LoggingInfoStream - [MS][coreLoadExecutor-330-thread-1]: initDynamicDefaults spins=false maxThreadCount=2 maxMergeCount=7
[coreLoadExecutor-330-thread-1] INFO org.apache.solr.update.LoggingInfoStream - [MS][coreLoadExecutor-330-thread-1]: updateMergeThreads ioThrottle=true targetMBPerSec=10240.0 MB/sec
[coreLoadExecutor-330-thread-1] INFO org.apache.solr.update.LoggingInfoStream - [MS][coreLoadExecutor-330-thread-1]: now merge
[coreLoadExecutor-330-thread-1] INFO org.apache.solr.update.LoggingInfoStream - [MS][coreLoadExecutor-330-thread-1]:   index: 
[coreLoadExecutor-330-thread-1] INFO org.apache.solr.update.LoggingInfoStream - [MS][coreLoadExecutor-330-thread-1]:   no more merges pending; now return
[coreLoadExecutor-330-thread-1] INFO org.apache.solr.update.LoggingInfoStream - [IW][coreLoadExecutor-330-thread-1]: waitForMerges
[coreLoadExecutor-330-thread-1] INFO org.apache.solr.update.LoggingInfoStream - [IW][coreLoadExecutor-330-thread-1]: waitForMerges done
[coreLoadExecutor-330-thread-1] INFO org.apache.solr.update.LoggingInfoStream - [IW][coreLoadExecutor-330-thread-1]: commit: start
[coreLoadExecutor-330-thread-1] INFO org.apache.solr.update.LoggingInfoStream - [IW][coreLoadExecutor-330-thread-1]: commit: enter lock
[coreLoadExecutor-330-thread-1] INFO org.apache.solr.update.LoggingInfoStream - [IW][coreLoadExecutor-330-thread-1]: commit: now prepare
[coreLoadExecutor-330-thread-1] INFO org.apache.solr.update.LoggingInfoStream - [IW][coreLoadExecutor-330-thread-1]: prepareCommit: flush
[coreLoadExecutor-330-thread-1] INFO org.apache.solr.update.LoggingInfoStream - [IW][coreLoadExecutor-330-thread-1]:   index before flush 
[coreLoadExecutor-330-thread-1] INFO org.apache.solr.update.LoggingInfoStream - [DW][coreLoadExecutor-330-thread-1]: startFullFlush
[coreLoadExecutor-330-thread-1] INFO org.apache.solr.update.LoggingInfoStream - [IW][coreLoadExecutor-330-thread-1]: apply all deletes during flush
[coreLoadExecutor-330-thread-1] INFO org.apache.solr.update.LoggingInfoStream - [IW][coreLoadExecutor-330-thread-1]: now apply all deletes for all segments maxDoc=0
[coreLoadExecutor-330-thread-1] INFO org.apache.solr.update.LoggingInfoStream - [BD][coreLoadExecutor-330-thread-1]: prune sis=segments:  minGen=9223372036854775807 packetCount=0
[coreLoadExecutor-330-thread-1] INFO org.apache.solr.update.LoggingInfoStream - [DW][coreLoadExecutor-330-thread-1]: coreLoadExecutor-330-thread-1 finishFullFlush success=true
[coreLoadExecutor-330-thread-1] INFO org.apache.solr.update.LoggingInfoStream - [IW][coreLoadExecutor-330-thread-1]: startCommit(): start
[coreLoadExecutor-330-thread-1] INFO org.apache.solr.update.LoggingInfoStream - [IW][coreLoadExecutor-330-thread-1]: startCommit index= changeCount=2
[coreLoadExecutor-330-thread-1] INFO org.apache.solr.update.LoggingInfoStream - [IW][coreLoadExecutor-330-thread-1]: startCommit: wrote pending segments file "pending_segments_1"
[coreLoadExecutor-330-thread-1] INFO org.apache.solr.update.LoggingInfoStream - [IW][coreLoadExecutor-330-thread-1]: done all syncs: []
[coreLoadExecutor-330-thread-1] INFO org.apache.solr.update.LoggingInfoStream - [IW][coreLoadExecutor-330-thread-1]: commit: pendingCommit != null
[coreLoadExecutor-330-thread-1] INFO org.apache.solr.update.LoggingInfoStream - [IW][coreLoadExecutor-330-thread-1]: commit: done writing segments file "segments_1"
[coreLoadExecutor-330-thread-1] INFO org.apache.solr.update.LoggingInfoStream - [IFD][coreLoadExecutor-330-thread-1]: now checkpoint "" [0 segments ; isCommit = true]
[coreLoadExecutor-330-thread-1] INFO org.apache.solr.core.SolrDeletionPolicy - SolrDeletionPolicy.onCommit: commits: num=1
	commit{dir=NRTCachingDirectory(MMapDirectory@/tmp/solr-home7997031070123805353/core/data/index lockFactory=org.apache.lucene.store.NativeFSLockFactory@2c3d74f6; maxCacheMB=48.0 maxMergeSizeMB=4.0),segFN=segments_1,generation=1}
[coreLoadExecutor-330-thread-1] INFO org.apache.solr.core.SolrDeletionPolicy - newest commit generation = 1
[coreLoadExecutor-330-thread-1] INFO org.apache.solr.update.LoggingInfoStream - [IFD][coreLoadExecutor-330-thread-1]: 0 msec to checkpoint
[coreLoadExecutor-330-thread-1] INFO org.apache.solr.update.LoggingInfoStream - [IW][coreLoadExecutor-330-thread-1]: commit: took 11.6 msec
[coreLoadExecutor-330-thread-1] INFO org.apache.solr.update.LoggingInfoStream - [IW][coreLoadExecutor-330-thread-1]: commit: done
[coreLoadExecutor-330-thread-1] INFO org.apache.solr.update.LoggingInfoStream - [IW][coreLoadExecutor-330-thread-1]: rollback
[coreLoadExecutor-330-thread-1] INFO org.apache.solr.update.LoggingInfoStream - [IW][coreLoadExecutor-330-thread-1]: all running merges have aborted
[coreLoadExecutor-330-thread-1] INFO org.apache.solr.update.LoggingInfoStream - [IW][coreLoadExecutor-330-thread-1]: rollback: done finish merges
[coreLoadExecutor-330-thread-1] INFO org.apache.solr.update.LoggingInfoStream - [DW][coreLoadExecutor-330-thread-1]: abort
[coreLoadExecutor-330-thread-1] INFO org.apache.solr.update.LoggingInfoStream - [DW][coreLoadExecutor-330-thread-1]: done abort success=true
[coreLoadExecutor-330-thread-1] INFO org.apache.solr.update.LoggingInfoStream - [IW][coreLoadExecutor-330-thread-1]: rollback: infos=
[coreLoadExecutor-330-thread-1] INFO org.apache.solr.update.LoggingInfoStream - [IFD][coreLoadExecutor-330-thread-1]: now checkpoint "" [0 segments ; isCommit = false]
[coreLoadExecutor-330-thread-1] INFO org.apache.solr.update.LoggingInfoStream - [IFD][coreLoadExecutor-330-thread-1]: 0 msec to checkpoint
[OldIndexDirectoryCleanupThreadForCore-core] INFO org.apache.solr.core.SolrCore - Looking for old index directories to cleanup for core core in /tmp/solr-home7997031070123805353/core/data/
[coreLoadExecutor-330-thread-1] INFO org.apache.solr.core.SolrCore - no updateRequestProcessorChain defined as default, creating implicit default
[coreLoadExecutor-330-thread-1] INFO org.apache.solr.handler.loader.XMLLoader - xsltCacheLifetimeSeconds=60
[coreLoadExecutor-330-thread-1] INFO org.apache.solr.handler.loader.XMLLoader - xsltCacheLifetimeSeconds=60
[coreLoadExecutor-330-thread-1] INFO org.apache.solr.handler.loader.XMLLoader - xsltCacheLifetimeSeconds=60
[coreLoadExecutor-330-thread-1] INFO org.apache.solr.handler.loader.XMLLoader - xsltCacheLifetimeSeconds=60
[coreLoadExecutor-330-thread-1] INFO org.apache.solr.core.RequestHandlers - Registered paths: /admin/mbeans,,/update/csv,/update/json/docs,/admin/luke,/select,/suggester,/admin/segments,/get,/admin/system,/replication,/admin/properties,/config,/schema,/admin/plugins,/admin/logging,/update/json,/admin/threads,/admin/ping,/update,/admin/file
[coreLoadExecutor-330-thread-1] INFO org.apache.solr.core.SolrCore - Using default statsCache cache: org.apache.solr.search.stats.LocalStatsCache
[coreLoadExecutor-330-thread-1] INFO org.apache.solr.update.UpdateHandler - Using UpdateLog implementation: org.apache.solr.update.UpdateLog
[coreLoadExecutor-330-thread-1] INFO org.apache.solr.update.UpdateLog - Initializing UpdateLog: dataDir= defaultSyncLevel=FLUSH numRecordsToKeep=100 maxNumLogsToKeep=10 numVersionBuckets=65536
[coreLoadExecutor-330-thread-1] INFO org.apache.solr.update.CommitTracker - Hard AutoCommit: if uncommited for 15000ms; 
[coreLoadExecutor-330-thread-1] INFO org.apache.solr.update.CommitTracker - Soft AutoCommit: disabled
[coreLoadExecutor-330-thread-1] INFO org.apache.solr.update.LoggingInfoStream - [IFD][coreLoadExecutor-330-thread-1]: init: current segments file is "segments_1"; deletionPolicy=org.apache.solr.core.IndexDeletionPolicyWrapper@12f1836b
[coreLoadExecutor-330-thread-1] INFO org.apache.solr.update.LoggingInfoStream - [IFD][coreLoadExecutor-330-thread-1]: init: load commit "segments_1"
[coreLoadExecutor-330-thread-1] INFO org.apache.solr.core.SolrDeletionPolicy - SolrDeletionPolicy.onInit: commits: num=1
	commit{dir=NRTCachingDirectory(MMapDirectory@/tmp/solr-home7997031070123805353/core/data/index lockFactory=org.apache.lucene.store.NativeFSLockFactory@2c3d74f6; maxCacheMB=48.0 maxMergeSizeMB=4.0),segFN=segments_1,generation=1}
[coreLoadExecutor-330-thread-1] INFO org.apache.solr.core.SolrDeletionPolicy - newest commit generation = 1
[coreLoadExecutor-330-thread-1] INFO org.apache.solr.update.LoggingInfoStream - [IFD][coreLoadExecutor-330-thread-1]: now checkpoint "" [0 segments ; isCommit = false]
[coreLoadExecutor-330-thread-1] INFO org.apache.solr.update.LoggingInfoStream - [IFD][coreLoadExecutor-330-thread-1]: 0 msec to checkpoint
[coreLoadExecutor-330-thread-1] INFO org.apache.solr.update.LoggingInfoStream - [IW][coreLoadExecutor-330-thread-1]: init: create=false
[coreLoadExecutor-330-thread-1] INFO org.apache.solr.update.LoggingInfoStream - [IW][coreLoadExecutor-330-thread-1]: 
dir=NRTCachingDirectory(MMapDirectory@/tmp/solr-home7997031070123805353/core/data/index lockFactory=org.apache.lucene.store.NativeFSLockFactory@2c3d74f6; maxCacheMB=48.0 maxMergeSizeMB=4.0)
index=
version=5.5.1
analyzer=org.apache.solr.update.SolrIndexConfig$DelayedSchemaAnalyzer
ramBufferSizeMB=100.0
maxBufferedDocs=-1
maxBufferedDeleteTerms=-1
mergedSegmentWarmer=null
delPolicy=org.apache.solr.core.IndexDeletionPolicyWrapper
commit=null
openMode=APPEND
similarity=org.apache.lucene.search.similarities.ClassicSimilarity
mergeScheduler=ConcurrentMergeScheduler: maxThreadCount=-1, maxMergeCount=-1, ioThrottle=true
default WRITE_LOCK_TIMEOUT=0
writeLockTimeout=0
codec=Lucene54
infoStream=org.apache.solr.update.LoggingInfoStream
mergePolicy=[TieredMergePolicy: maxMergeAtOnce=10, maxMergeAtOnceExplicit=30, maxMergedSegmentMB=5120.0, floorSegmentMB=2.0, forceMergeDeletesPctAllowed=10.0, segmentsPerTier=10.0, maxCFSSegmentSizeMB=8.796093022207999E12, noCFSRatio=0.1
indexerThreadPool=org.apache.lucene.index.DocumentsWriterPerThreadPool@70ac7ddb
readerPooling=false
perThreadHardLimitMB=1945
useCompoundFile=false
commitOnClose=true
writer=org.apache.solr.update.SolrIndexWriter@2135bbc8

[coreLoadExecutor-330-thread-1] INFO org.apache.solr.update.LoggingInfoStream - [IW][coreLoadExecutor-330-thread-1]: MMapDirectory.UNMAP_SUPPORTED=true
[coreLoadExecutor-330-thread-1] INFO org.apache.solr.update.LoggingInfoStream - [IW][coreLoadExecutor-330-thread-1]: flush at getReader
[coreLoadExecutor-330-thread-1] INFO org.apache.solr.update.LoggingInfoStream - [DW][coreLoadExecutor-330-thread-1]: startFullFlush
[coreLoadExecutor-330-thread-1] INFO org.apache.solr.update.LoggingInfoStream - [IW][coreLoadExecutor-330-thread-1]: apply all deletes during flush
[coreLoadExecutor-330-thread-1] INFO org.apache.solr.update.LoggingInfoStream - [IW][coreLoadExecutor-330-thread-1]: now apply all deletes for all segments maxDoc=0
[coreLoadExecutor-330-thread-1] INFO org.apache.solr.update.LoggingInfoStream - [BD][coreLoadExecutor-330-thread-1]: prune sis=segments_1:  minGen=9223372036854775807 packetCount=0
[coreLoadExecutor-330-thread-1] INFO org.apache.solr.update.LoggingInfoStream - [IW][coreLoadExecutor-330-thread-1]: incRefDeleter for NRT reader version=2 segments=
[coreLoadExecutor-330-thread-1] INFO org.apache.solr.update.LoggingInfoStream - [IW][coreLoadExecutor-330-thread-1]: return reader version=2 reader=StandardDirectoryReader(segments_1:2:nrt)
[coreLoadExecutor-330-thread-1] INFO org.apache.solr.update.LoggingInfoStream - [DW][coreLoadExecutor-330-thread-1]: coreLoadExecutor-330-thread-1 finishFullFlush success=true
[coreLoadExecutor-330-thread-1] INFO org.apache.solr.update.LoggingInfoStream - [IW][coreLoadExecutor-330-thread-1]: getReader took 0 msec
[coreLoadExecutor-330-thread-1] INFO org.apache.solr.search.SolrIndexSearcher - Opening Searcher@68498ca4[core] main
[coreLoadExecutor-330-thread-1] INFO org.apache.solr.rest.ManagedResourceStorage - File-based storage initialized to use dir: /tmp/solr-home7997031070123805353/core/conf
[coreLoadExecutor-330-thread-1] INFO org.apache.solr.rest.RestManager - Initializing RestManager with initArgs: {storageDir=/tmp/solr-home7997031070123805353/core/conf}
[coreLoadExecutor-330-thread-1] INFO org.apache.solr.rest.ManagedResourceStorage - Reading _rest_managed.json using file:dir=/tmp/solr-home7997031070123805353/core/conf
[coreLoadExecutor-330-thread-1] INFO org.apache.solr.rest.RestManager - Initializing 0 registered ManagedResources
[coreLoadExecutor-330-thread-1] INFO org.apache.solr.handler.component.SpellCheckComponent - Initializing spell checkers
[coreLoadExecutor-330-thread-1] INFO org.apache.solr.handler.component.SpellCheckComponent - Registering newSearcher listener for spellchecker: default
[coreLoadExecutor-330-thread-1] INFO org.apache.solr.handler.component.SpellCheckComponent - No queryConverter defined, using default converter
[coreLoadExecutor-330-thread-1] INFO org.apache.solr.handler.ReplicationHandler - Commits will be reserved for  10000
[coreLoadExecutor-330-thread-1] INFO org.apache.solr.update.UpdateLog - Looking up max value of version field to seed version buckets
[coreLoadExecutor-330-thread-1] INFO org.apache.solr.update.VersionInfo - Refreshing highest value of _version_ for 65536 version buckets from index
[coreLoadExecutor-330-thread-1] INFO org.apache.solr.update.VersionInfo - No terms found for _version_, cannot seed version bucket highest value from index
[coreLoadExecutor-330-thread-1] INFO org.apache.solr.update.UpdateLog - Could not find max version in index or recent updates, using new clock 1576087837316481024
[searcherExecutor-331-thread-1] INFO org.apache.solr.handler.component.SpellCheckComponent - Loading spell index for spellchecker: default
[searcherExecutor-331-thread-1] INFO org.apache.solr.core.SolrCore - [core] Registered new searcher Searcher@68498ca4[core] main{ExitableDirectoryReader(UninvertingDirectoryReader())}
[coreLoadExecutor-330-thread-1] INFO org.apache.solr.update.UpdateLog - Took 1.0ms to seed version buckets with highest version 1576087837316481024
[coreLoadExecutor-330-thread-1] INFO org.apache.solr.core.CoreContainer - registering core: core
[Test worker] INFO org.apache.solr.core.SolrCore.Request - [core]  webapp=null path=/admin/ping params={} hits=0 status=0 QTime=0
[Test worker] INFO org.apache.solr.core.SolrCore.Request - [core]  webapp=null path=/admin/ping params={} status=0 QTime=0
[Test worker] INFO com.rbmhtechnology.vind.solr.SolrSearchServer - Connection to solr server successful
[Test worker] INFO org.apache.solr.core.SolrCore.Request - [core]  webapp=null path=/schema params={} status=0 QTime=0
[Test worker] INFO com.rbmhtechnology.vind.solr.SolrSearchServer - No server provider of type class com.rbmhtechnology.vind.solr.EmbeddedSolrServerProvider found in classpath for server com.rbmhtechnology.vind.solr.SolrSearchServer
[Test worker] INFO org.apache.solr.update.processor.LogUpdateProcessorFactory - [core]  webapp=null path=/update params={}{add=[1 (1576087837322772480)]} 0 2
[Test worker] INFO org.apache.solr.update.processor.LogUpdateProcessorFactory - [core]  webapp=null path=/update params={}{add=[2 (1576087837324869632)]} 0 0
[Test worker] INFO org.apache.solr.update.processor.LogUpdateProcessorFactory - [core]  webapp=null path=/update params={}{add=[3 (1576087837330112512), 4 (1576087837332209664)]} 0 2
[Test worker] INFO org.apache.solr.update.DirectUpdateHandler2 - start commit{,optimize=false,openSearcher=true,waitSearcher=true,expungeDeletes=false,softCommit=false,prepareCommit=false}
[Test worker] INFO org.apache.solr.update.LoggingInfoStream - [IW][Test worker]: commit: start
[Test worker] INFO org.apache.solr.update.LoggingInfoStream - [IW][Test worker]: commit: enter lock
[Test worker] INFO org.apache.solr.update.LoggingInfoStream - [IW][Test worker]: commit: now prepare
[Test worker] INFO org.apache.solr.update.LoggingInfoStream - [IW][Test worker]: prepareCommit: flush
[Test worker] INFO org.apache.solr.update.LoggingInfoStream - [IW][Test worker]:   index before flush 
[Test worker] INFO org.apache.solr.update.LoggingInfoStream - [DW][Test worker]: startFullFlush
[Test worker] INFO org.apache.solr.update.LoggingInfoStream - [DW][Test worker]: anyChanges? numDocsInRam=4 deletes=true hasTickets:false pendingChangesInFullFlush: false
[Test worker] INFO org.apache.solr.update.LoggingInfoStream - [DWFC][Test worker]: addFlushableState DocumentsWriterPerThread [pendingDeletes=gen=0 3 deleted terms (unique count=3) bytesUsed=507, segment=_0, aborted=false, numDocsInRAM=4, deleteQueue=DWDQ: [ generation: 1 ]]
[Test worker] INFO org.apache.solr.update.LoggingInfoStream - [DWPT][Test worker]: flush postings as segment _0 numDocs=4
[Test worker] INFO org.apache.solr.update.LoggingInfoStream - [IW][Test worker]: 0 msec to write norms
[Test worker] INFO org.apache.solr.update.LoggingInfoStream - [IW][Test worker]: 1 msec to write docValues
[Test worker] INFO org.apache.solr.update.LoggingInfoStream - [IW][Test worker]: 0 msec to finish stored fields
[Test worker] INFO org.apache.solr.update.LoggingInfoStream - [IW][Test worker]: 1 msec to write postings and finish vectors
[Test worker] INFO org.apache.solr.update.LoggingInfoStream - [IW][Test worker]: 0 msec to write fieldInfos
[Test worker] INFO org.apache.solr.update.LoggingInfoStream - [DWPT][Test worker]: new segment has 0 deleted docs
[Test worker] INFO org.apache.solr.update.LoggingInfoStream - [DWPT][Test worker]: new segment has no vectors; norms; docValues; prox; freqs
[Test worker] INFO org.apache.solr.update.LoggingInfoStream - [DWPT][Test worker]: flushedFiles=[_0_Lucene54_0.dvm, _0_Lucene50_0.doc, _0_Lucene50_0.tim, _0_Lucene50_0.pos, _0.nvd, _0.fdx, _0_Lucene54_0.dvd, _0_Lucene50_0.tip, _0.fdt, _0.nvm, _0.fnm]
[Test worker] INFO org.apache.solr.update.LoggingInfoStream - [DWPT][Test worker]: flushed codec=Lucene54
[Test worker] INFO org.apache.solr.update.LoggingInfoStream - [DWPT][Test worker]: flushed: segment=_0 ramUsed=0.381 MB newFlushedSize=0.007 MB docs/MB=581.331
[Test worker] INFO org.apache.solr.update.LoggingInfoStream - [DW][Test worker]: publishFlushedSegment seg-private updates=null
[Test worker] INFO org.apache.solr.update.LoggingInfoStream - [IW][Test worker]: publishFlushedSegment
[Test worker] INFO org.apache.solr.update.LoggingInfoStream - [BD][Test worker]: push deletes  4 deleted terms (unique count=4) bytesUsed=1072 segmentPrivate?=false delGen=2 packetCount=1 totBytesUsed=1072
[Test worker] INFO org.apache.solr.update.LoggingInfoStream - [IW][Test worker]: publish sets newSegment delGen=3 seg=_0(5.5.1):C4
[Test worker] INFO org.apache.solr.update.LoggingInfoStream - [IFD][Test worker]: now checkpoint "_0(5.5.1):C4" [1 segments ; isCommit = false]
[Test worker] INFO org.apache.solr.update.LoggingInfoStream - [IFD][Test worker]: 0 msec to checkpoint
[Test worker] INFO org.apache.solr.update.LoggingInfoStream - [IW][Test worker]: apply all deletes during flush
[Test worker] INFO org.apache.solr.update.LoggingInfoStream - [IW][Test worker]: now apply all deletes for all segments maxDoc=4
[Test worker] INFO org.apache.solr.update.LoggingInfoStream - [BD][Test worker]: applyDeletes: open segment readers took 0 msec
[Test worker] INFO org.apache.solr.update.LoggingInfoStream - [BD][Test worker]: applyDeletes: infos=[_0(5.5.1):C4] packetCount=1
[Test worker] INFO org.apache.solr.update.LoggingInfoStream - [BD][Test worker]: applyDeletes took 0 msec for 1 segments, 0 newly deleted docs (query deletes), 0 visited terms, allDeleted=null
[Test worker] INFO org.apache.solr.update.LoggingInfoStream - [BD][Test worker]: prune sis=segments_1: _0(5.5.1):C4 minGen=3 packetCount=1
[Test worker] INFO org.apache.solr.update.LoggingInfoStream - [BD][Test worker]: pruneDeletes: prune 1 packets; 0 packets remain
[Test worker] INFO org.apache.solr.update.LoggingInfoStream - [DW][Test worker]: Test worker finishFullFlush success=true
[Test worker] INFO org.apache.solr.update.LoggingInfoStream - [TMP][Test worker]: findMerges: 1 segments
[Test worker] INFO org.apache.solr.update.LoggingInfoStream - [TMP][Test worker]:   seg=_0(5.5.1):C4 size=0.007 MB [floored]
[Test worker] INFO org.apache.solr.update.LoggingInfoStream - [TMP][Test worker]:   allowedSegmentCount=1 vs count=1 (eligible count=1) tooBigCount=0
[Test worker] INFO org.apache.solr.update.LoggingInfoStream - [MS][Test worker]: initDynamicDefaults spins=false maxThreadCount=2 maxMergeCount=7
[Test worker] INFO org.apache.solr.update.LoggingInfoStream - [MS][Test worker]: now merge
[Test worker] INFO org.apache.solr.update.LoggingInfoStream - [MS][Test worker]:   index: _0(5.5.1):C4
[Test worker] INFO org.apache.solr.update.LoggingInfoStream - [MS][Test worker]:   no more merges pending; now return
[Test worker] INFO org.apache.solr.update.LoggingInfoStream - [IW][Test worker]: startCommit(): start
[Test worker] INFO org.apache.solr.update.LoggingInfoStream - [IW][Test worker]: startCommit index=_0(5.5.1):C4 changeCount=4
[Test worker] INFO org.apache.solr.update.LoggingInfoStream - [IW][Test worker]: startCommit: wrote pending segments file "pending_segments_2"
[Test worker] INFO org.apache.solr.update.LoggingInfoStream - [IW][Test worker]: done all syncs: [_0.si, _0_Lucene50_0.doc, _0_Lucene50_0.tim, _0_Lucene54_0.dvm, _0_Lucene50_0.pos, _0.nvd, _0.fdx, _0_Lucene54_0.dvd, _0_Lucene50_0.tip, _0.fdt, _0.nvm, _0.fnm]
[Test worker] INFO org.apache.solr.update.LoggingInfoStream - [IW][Test worker]: commit: pendingCommit != null
[Test worker] INFO org.apache.solr.update.LoggingInfoStream - [IW][Test worker]: commit: done writing segments file "segments_2"
[Test worker] INFO org.apache.solr.update.LoggingInfoStream - [IFD][Test worker]: now checkpoint "_0(5.5.1):C4" [1 segments ; isCommit = true]
[Test worker] INFO org.apache.solr.core.SolrDeletionPolicy - SolrDeletionPolicy.onCommit: commits: num=2
	commit{dir=NRTCachingDirectory(MMapDirectory@/tmp/solr-home7997031070123805353/core/data/index lockFactory=org.apache.lucene.store.NativeFSLockFactory@2c3d74f6; maxCacheMB=48.0 maxMergeSizeMB=4.0),segFN=segments_1,generation=1}
	commit{dir=NRTCachingDirectory(MMapDirectory@/tmp/solr-home7997031070123805353/core/data/index lockFactory=org.apache.lucene.store.NativeFSLockFactory@2c3d74f6; maxCacheMB=48.0 maxMergeSizeMB=4.0),segFN=segments_2,generation=2}
[Test worker] INFO org.apache.solr.core.SolrDeletionPolicy - newest commit generation = 2
[Test worker] INFO org.apache.solr.update.LoggingInfoStream - [IFD][Test worker]: deleteCommits: now decRef commit "segments_1"
[Test worker] INFO org.apache.solr.update.LoggingInfoStream - [IFD][Test worker]: delete "segments_1"
[Test worker] INFO org.apache.solr.update.LoggingInfoStream - [IFD][Test worker]: 0 msec to checkpoint
[Test worker] INFO org.apache.solr.update.LoggingInfoStream - [IW][Test worker]: commit: took 59.3 msec
[Test worker] INFO org.apache.solr.update.LoggingInfoStream - [IW][Test worker]: commit: done
[Test worker] INFO org.apache.solr.update.LoggingInfoStream - [IW][Test worker]: nrtIsCurrent: infoVersion matches: false; DW changes: false; BD changes: false
[Test worker] INFO org.apache.solr.update.LoggingInfoStream - [IW][Test worker]: flush at getReader
[Test worker] INFO org.apache.solr.update.LoggingInfoStream - [DW][Test worker]: startFullFlush
[Test worker] INFO org.apache.solr.update.LoggingInfoStream - [IW][Test worker]: apply all deletes during flush
[Test worker] INFO org.apache.solr.update.LoggingInfoStream - [IW][Test worker]: now apply all deletes for all segments maxDoc=4
[Test worker] INFO org.apache.solr.update.LoggingInfoStream - [BD][Test worker]: applyDeletes: open segment readers took 0 msec
[Test worker] INFO org.apache.solr.update.LoggingInfoStream - [BD][Test worker]: applyDeletes: no segments; skipping
[Test worker] INFO org.apache.solr.update.LoggingInfoStream - [BD][Test worker]: prune sis=segments_2: _0(5.5.1):C4 minGen=3 packetCount=0
[Test worker] INFO org.apache.solr.update.LoggingInfoStream - [IW][Test worker]: incRefDeleter for NRT reader version=6 segments=_0(5.5.1):C4
[Test worker] INFO org.apache.solr.update.LoggingInfoStream - [IW][Test worker]: return reader version=6 reader=StandardDirectoryReader(segments_2:6:nrt _0(5.5.1):C4)
[Test worker] INFO org.apache.solr.update.LoggingInfoStream - [DW][Test worker]: Test worker finishFullFlush success=true
[Test worker] INFO org.apache.solr.update.LoggingInfoStream - [IW][Test worker]: getReader took 2 msec
[Test worker] INFO org.apache.solr.search.SolrIndexSearcher - Opening Searcher@119c3aef[core] main
[searcherExecutor-331-thread-1] INFO org.apache.solr.handler.component.SpellCheckComponent - Building spell index for spell checker: default
[Test worker] INFO org.apache.solr.update.DirectUpdateHandler2 - end_commit_flush
[searcherExecutor-331-thread-1] INFO org.apache.solr.core.SolrCore - [core] Registered new searcher Searcher@119c3aef[core] main{ExitableDirectoryReader(UninvertingDirectoryReader(Uninverting(_0(5.5.1):C4)))}
[searcherExecutor-331-thread-1] INFO org.apache.solr.update.LoggingInfoStream - [IW][searcherExecutor-331-thread-1]: decRefDeleter for NRT reader version=2 segments=
[Test worker] INFO org.apache.solr.update.processor.LogUpdateProcessorFactory - [core]  webapp=null path=/update params={commit=true&softCommit=false&waitSearcher=true}{commit=} 0 91
[Test worker] INFO org.apache.solr.core.SolrCore.Request - [core]  webapp=null path=/select params={q=hello&fl=*,score&qf=dynamic_single_none_title^1.0&defType=edismax&fq=_type_:asset&sort=dynamic_single_sort_date_created+Desc&bf=&start=0&rows=25} hits=4 status=0 QTime=1
[Test worker] INFO org.apache.solr.core.CoreContainer - Shutting down CoreContainer instance=28654328
[coreCloseExecutor-336-thread-1] INFO org.apache.solr.core.SolrCore - [core]  CLOSING SolrCore org.apache.solr.core.SolrCore@1d155821
[coreCloseExecutor-336-thread-1] INFO org.apache.solr.update.DirectUpdateHandler2 - closing DirectUpdateHandler2{commits=1,autocommit maxTime=15000ms,autocommits=0,soft autocommits=0,optimizes=0,rollbacks=0,expungeDeletes=0,docsPending=0,adds=0,deletesById=0,deletesByQuery=0,errors=0,cumulative_adds=4,cumulative_deletesById=0,cumulative_deletesByQuery=0,cumulative_errors=0,transaction_logs_total_size=1532,transaction_logs_total_number=1}
[coreCloseExecutor-336-thread-1] INFO org.apache.solr.update.SolrCoreState - Closing SolrCoreState
[coreCloseExecutor-336-thread-1] INFO org.apache.solr.update.DefaultSolrCoreState - SolrCoreState ref count has reached 0 - closing IndexWriter
[coreCloseExecutor-336-thread-1] INFO org.apache.solr.update.DefaultSolrCoreState - closing IndexWriter with IndexWriterCloser
[coreCloseExecutor-336-thread-1] INFO org.apache.solr.update.LoggingInfoStream - [IW][coreCloseExecutor-336-thread-1]: now flush at close
[coreCloseExecutor-336-thread-1] INFO org.apache.solr.update.LoggingInfoStream - [IW][coreCloseExecutor-336-thread-1]:   start flush: applyAllDeletes=true
[coreCloseExecutor-336-thread-1] INFO org.apache.solr.update.LoggingInfoStream - [IW][coreCloseExecutor-336-thread-1]:   index before flush _0(5.5.1):C4
[coreCloseExecutor-336-thread-1] INFO org.apache.solr.update.LoggingInfoStream - [DW][coreCloseExecutor-336-thread-1]: startFullFlush
[coreCloseExecutor-336-thread-1] INFO org.apache.solr.update.LoggingInfoStream - [DW][coreCloseExecutor-336-thread-1]: coreCloseExecutor-336-thread-1 finishFullFlush success=true
[coreCloseExecutor-336-thread-1] INFO org.apache.solr.update.LoggingInfoStream - [IW][coreCloseExecutor-336-thread-1]: apply all deletes during flush
[coreCloseExecutor-336-thread-1] INFO org.apache.solr.update.LoggingInfoStream - [IW][coreCloseExecutor-336-thread-1]: now apply all deletes for all segments maxDoc=4
[coreCloseExecutor-336-thread-1] INFO org.apache.solr.update.LoggingInfoStream - [BD][coreCloseExecutor-336-thread-1]: applyDeletes: open segment readers took 0 msec
[coreCloseExecutor-336-thread-1] INFO org.apache.solr.update.LoggingInfoStream - [BD][coreCloseExecutor-336-thread-1]: applyDeletes: no segments; skipping
[coreCloseExecutor-336-thread-1] INFO org.apache.solr.update.LoggingInfoStream - [BD][coreCloseExecutor-336-thread-1]: prune sis=segments_2: _0(5.5.1):C4 minGen=3 packetCount=0
[coreCloseExecutor-336-thread-1] INFO org.apache.solr.update.LoggingInfoStream - [MS][coreCloseExecutor-336-thread-1]: updateMergeThreads ioThrottle=true targetMBPerSec=10240.0 MB/sec
[coreCloseExecutor-336-thread-1] INFO org.apache.solr.update.LoggingInfoStream - [MS][coreCloseExecutor-336-thread-1]: now merge
[coreCloseExecutor-336-thread-1] INFO org.apache.solr.update.LoggingInfoStream - [MS][coreCloseExecutor-336-thread-1]:   index: _0(5.5.1):C4
[coreCloseExecutor-336-thread-1] INFO org.apache.solr.update.LoggingInfoStream - [MS][coreCloseExecutor-336-thread-1]:   no more merges pending; now return
[coreCloseExecutor-336-thread-1] INFO org.apache.solr.update.LoggingInfoStream - [IW][coreCloseExecutor-336-thread-1]: waitForMerges
[coreCloseExecutor-336-thread-1] INFO org.apache.solr.update.LoggingInfoStream - [IW][coreCloseExecutor-336-thread-1]: waitForMerges done
[coreCloseExecutor-336-thread-1] INFO org.apache.solr.update.LoggingInfoStream - [IW][coreCloseExecutor-336-thread-1]: commit: start
[coreCloseExecutor-336-thread-1] INFO org.apache.solr.update.LoggingInfoStream - [IW][coreCloseExecutor-336-thread-1]: commit: enter lock
[coreCloseExecutor-336-thread-1] INFO org.apache.solr.update.LoggingInfoStream - [IW][coreCloseExecutor-336-thread-1]: commit: now prepare
[coreCloseExecutor-336-thread-1] INFO org.apache.solr.update.LoggingInfoStream - [IW][coreCloseExecutor-336-thread-1]: prepareCommit: flush
[coreCloseExecutor-336-thread-1] INFO org.apache.solr.update.LoggingInfoStream - [IW][coreCloseExecutor-336-thread-1]:   index before flush _0(5.5.1):C4
[coreCloseExecutor-336-thread-1] INFO org.apache.solr.update.LoggingInfoStream - [DW][coreCloseExecutor-336-thread-1]: startFullFlush
[coreCloseExecutor-336-thread-1] INFO org.apache.solr.update.LoggingInfoStream - [IW][coreCloseExecutor-336-thread-1]: apply all deletes during flush
[coreCloseExecutor-336-thread-1] INFO org.apache.solr.update.LoggingInfoStream - [IW][coreCloseExecutor-336-thread-1]: now apply all deletes for all segments maxDoc=4
[coreCloseExecutor-336-thread-1] INFO org.apache.solr.update.LoggingInfoStream - [BD][coreCloseExecutor-336-thread-1]: applyDeletes: open segment readers took 0 msec
[coreCloseExecutor-336-thread-1] INFO org.apache.solr.update.LoggingInfoStream - [BD][coreCloseExecutor-336-thread-1]: applyDeletes: no segments; skipping
[coreCloseExecutor-336-thread-1] INFO org.apache.solr.update.LoggingInfoStream - [BD][coreCloseExecutor-336-thread-1]: prune sis=segments_2: _0(5.5.1):C4 minGen=3 packetCount=0
[coreCloseExecutor-336-thread-1] INFO org.apache.solr.update.LoggingInfoStream - [DW][coreCloseExecutor-336-thread-1]: coreCloseExecutor-336-thread-1 finishFullFlush success=true
[coreCloseExecutor-336-thread-1] INFO org.apache.solr.update.LoggingInfoStream - [IW][coreCloseExecutor-336-thread-1]: startCommit(): start
[coreCloseExecutor-336-thread-1] INFO org.apache.solr.update.LoggingInfoStream - [IW][coreCloseExecutor-336-thread-1]:   skip startCommit(): no changes pending
[coreCloseExecutor-336-thread-1] INFO org.apache.solr.update.LoggingInfoStream - [IW][coreCloseExecutor-336-thread-1]: commit: pendingCommit == null; skip
[coreCloseExecutor-336-thread-1] INFO org.apache.solr.update.LoggingInfoStream - [IW][coreCloseExecutor-336-thread-1]: commit: took 0.7 msec
[coreCloseExecutor-336-thread-1] INFO org.apache.solr.update.LoggingInfoStream - [IW][coreCloseExecutor-336-thread-1]: commit: done
[coreCloseExecutor-336-thread-1] INFO org.apache.solr.update.LoggingInfoStream - [IW][coreCloseExecutor-336-thread-1]: rollback
[coreCloseExecutor-336-thread-1] INFO org.apache.solr.update.LoggingInfoStream - [IW][coreCloseExecutor-336-thread-1]: all running merges have aborted
[coreCloseExecutor-336-thread-1] INFO org.apache.solr.update.LoggingInfoStream - [IW][coreCloseExecutor-336-thread-1]: rollback: done finish merges
[coreCloseExecutor-336-thread-1] INFO org.apache.solr.update.LoggingInfoStream - [DW][coreCloseExecutor-336-thread-1]: abort
[coreCloseExecutor-336-thread-1] INFO org.apache.solr.update.LoggingInfoStream - [DW][coreCloseExecutor-336-thread-1]: done abort success=true
[coreCloseExecutor-336-thread-1] INFO org.apache.solr.update.LoggingInfoStream - [IW][coreCloseExecutor-336-thread-1]: rollback: infos=_0(5.5.1):C4
[coreCloseExecutor-336-thread-1] INFO org.apache.solr.update.LoggingInfoStream - [IFD][coreCloseExecutor-336-thread-1]: now checkpoint "_0(5.5.1):C4" [1 segments ; isCommit = false]
[coreCloseExecutor-336-thread-1] INFO org.apache.solr.update.LoggingInfoStream - [IFD][coreCloseExecutor-336-thread-1]: 0 msec to checkpoint
[coreCloseExecutor-336-thread-1] INFO org.apache.solr.core.SolrCore - [core] Closing main searcher on request.
[coreCloseExecutor-336-thread-1] INFO org.apache.solr.core.CachingDirectoryFactory - Closing NRTCachingDirectoryFactory - 2 directories currently being tracked
[coreCloseExecutor-336-thread-1] INFO org.apache.solr.core.CachingDirectoryFactory - looking to close /tmp/solr-home7997031070123805353/core/data [CachedDir<<refCount=0;path=/tmp/solr-home7997031070123805353/core/data;done=false>>]
[coreCloseExecutor-336-thread-1] INFO org.apache.solr.core.CachingDirectoryFactory - Closing directory: /tmp/solr-home7997031070123805353/core/data
[coreCloseExecutor-336-thread-1] INFO org.apache.solr.core.CachingDirectoryFactory - looking to close /tmp/solr-home7997031070123805353/core/data/index [CachedDir<<refCount=0;path=/tmp/solr-home7997031070123805353/core/data/index;done=false>>]
[coreCloseExecutor-336-thread-1] INFO org.apache.solr.core.CachingDirectoryFactory - Closing directory: /tmp/solr-home7997031070123805353/core/data/index
[Test worker] INFO com.rbmhtechnology.vind.solr.SolrSearchServer - No server provider of type class com.rbmhtechnology.vind.solr.EmbeddedSolrServerProvider found in classpath for server com.rbmhtechnology.vind.solr.SolrSearchServer
[Test worker] INFO com.rbmhtechnology.vind.solr.SolrSearchServer - No server provider of type class com.rbmhtechnology.vind.solr.EmbeddedSolrServerProvider found in classpath for server com.rbmhtechnology.vind.solr.SolrSearchServer
[Test worker] INFO org.apache.solr.core.SolrResourceLoader - new SolrResourceLoader for directory: '/tmp/solr-home3201469911995367622'
[Test worker] INFO org.apache.solr.core.SolrResourceLoader - JNDI not configured for solr (NoInitialContextEx)
[Test worker] INFO org.apache.solr.core.SolrResourceLoader - solr home defaulted to 'solr/' (could not find system property or JNDI)
[Test worker] INFO org.apache.solr.core.SolrXmlConfig - Loading container configuration from /tmp/solr-home3201469911995367622/solr.xml
[Test worker] INFO org.apache.solr.core.CorePropertiesLocator - Config-defined core root directory: /tmp/solr-home3201469911995367622
[Test worker] INFO org.apache.solr.core.CoreContainer - New CoreContainer 1663408714
[Test worker] INFO org.apache.solr.core.CoreContainer - Loading cores into CoreContainer [instanceDir=/tmp/solr-home3201469911995367622]
[Test worker] WARN org.apache.solr.core.CoreContainer - Couldn't add files from /tmp/solr-home3201469911995367622/lib to classpath: /tmp/solr-home3201469911995367622/lib
[Test worker] INFO org.apache.solr.handler.component.HttpShardHandlerFactory - created with socketTimeout : 120000,connTimeout : 15000,maxConnectionsPerHost : 20,maxConnections : 10000,corePoolSize : 0,maximumPoolSize : 2147483647,maxThreadIdleTime : 5,sizeOfQueue : -1,fairnessPolicy : false,useRetries : false,
[Test worker] INFO org.apache.solr.update.UpdateShardHandler - Creating UpdateShardHandler HTTP client with params: socketTimeout=600000&connTimeout=60000&retry=true
[Test worker] INFO org.apache.solr.logging.LogWatcher - SLF4J impl is org.slf4j.impl.SimpleLoggerFactory
[Test worker] INFO org.apache.solr.logging.LogWatcher - No LogWatcher configured
[Test worker] INFO org.apache.solr.core.CoreContainer - Security conf doesn't exist. Skipping setup for authorization module.
[Test worker] INFO org.apache.solr.core.CoreContainer - No authentication plugin used.
[Test worker] INFO org.apache.solr.core.CorePropertiesLocator - Looking for core definitions underneath /tmp/solr-home3201469911995367622
[Test worker] INFO org.apache.solr.core.CoreDescriptor - Created CoreDescriptor: {runtimeLib=false, name=core, config=solrconfig.xml, loadOnStartup=true, schema=schema.xml, configSetProperties=configsetprops.json, transient=false, dataDir=data/}
[Test worker] INFO org.apache.solr.core.CorePropertiesLocator - Found core core in /tmp/solr-home3201469911995367622/core
[Test worker] INFO org.apache.solr.core.CorePropertiesLocator - Found 1 core definitions
[coreLoadExecutor-343-thread-1] INFO org.apache.solr.core.SolrResourceLoader - new SolrResourceLoader for directory: '/tmp/solr-home3201469911995367622/core'
[coreLoadExecutor-343-thread-1] INFO org.apache.solr.core.SolrResourceLoader - JNDI not configured for solr (NoInitialContextEx)
[coreLoadExecutor-343-thread-1] INFO org.apache.solr.core.SolrResourceLoader - solr home defaulted to 'solr/' (could not find system property or JNDI)
[coreLoadExecutor-343-thread-1] INFO org.apache.solr.core.SolrResourceLoader - Adding 'file:/tmp/solr-home3201469911995367622/core/lib/marker-search-handler-0.3.0.jar' to classloader
[coreLoadExecutor-343-thread-1] INFO org.apache.solr.core.SolrResourceLoader - Adding 'file:/tmp/solr-home3201469911995367622/core/lib/suggestion-request-handler-2.1.0.jar' to classloader
[coreLoadExecutor-343-thread-1] INFO org.apache.solr.core.SolrConfig - current version of requestparams : -1
[coreLoadExecutor-343-thread-1] INFO org.apache.solr.update.SolrIndexConfig - IndexWriter infoStream solr logging is enabled
[coreLoadExecutor-343-thread-1] INFO org.apache.solr.core.SolrConfig - Using Lucene MatchVersion: 5.5.0
[coreLoadExecutor-343-thread-1] INFO org.apache.solr.core.SolrConfig - Loaded SolrConfig: solrconfig.xml
[coreLoadExecutor-343-thread-1] INFO org.apache.solr.schema.ManagedIndexSchemaFactory - The schema is configured as managed, but managed schema resource managed-schema not found - loading non-managed schema schema.xml instead
[coreLoadExecutor-343-thread-1] INFO org.apache.solr.schema.IndexSchema - [core] Schema name=basic search lib core
[coreLoadExecutor-343-thread-1] INFO org.apache.solr.schema.IndexSchema - unique key field: _id_
[coreLoadExecutor-343-thread-1] INFO org.apache.solr.schema.ManagedIndexSchema - Upgraded to managed schema at /tmp/solr-home3201469911995367622/core/conf/managed-schema
[coreLoadExecutor-343-thread-1] INFO org.apache.solr.schema.ManagedIndexSchemaFactory - After upgrading to managed schema, renamed the non-managed schema /tmp/solr-home3201469911995367622/core/conf/schema.xml to /tmp/solr-home3201469911995367622/core/conf/schema.xml.bak
[coreLoadExecutor-343-thread-1] INFO org.apache.solr.core.ConfigSetProperties - Did not find ConfigSet properties, assuming default properties: Can't find resource 'configsetprops.json' in classpath or '/tmp/solr-home3201469911995367622/core'
[coreLoadExecutor-343-thread-1] INFO org.apache.solr.core.CoreContainer - Creating SolrCore 'core' using configuration from instancedir /tmp/solr-home3201469911995367622/core
[coreLoadExecutor-343-thread-1] INFO org.apache.solr.core.SolrCore - solr.NRTCachingDirectoryFactory
[coreLoadExecutor-343-thread-1] INFO org.apache.solr.core.SolrCore - [[core] ] Opening new SolrCore at [/tmp/solr-home3201469911995367622/core], dataDir=[/tmp/solr-home3201469911995367622/core/data/]
[coreLoadExecutor-343-thread-1] INFO org.apache.solr.core.JmxMonitoredMap - No JMX servers found, not exposing Solr information with JMX.
[coreLoadExecutor-343-thread-1] INFO org.apache.solr.core.SchemaCodecFactory - Using default compressionMode: BEST_SPEED
[coreLoadExecutor-343-thread-1] INFO org.apache.solr.core.CachingDirectoryFactory - return new directory for /tmp/solr-home3201469911995367622/core/data
[coreLoadExecutor-343-thread-1] INFO org.apache.solr.core.SolrCore - New index directory detected: old=null new=/tmp/solr-home3201469911995367622/core/data/index/
[coreLoadExecutor-343-thread-1] WARN org.apache.solr.core.SolrCore - [core] Solr index directory '/tmp/solr-home3201469911995367622/core/data/index' doesn't exist. Creating new index...
[coreLoadExecutor-343-thread-1] INFO org.apache.solr.core.CachingDirectoryFactory - return new directory for /tmp/solr-home3201469911995367622/core/data/index
[coreLoadExecutor-343-thread-1] INFO org.apache.solr.update.LoggingInfoStream - [IFD][coreLoadExecutor-343-thread-1]: init: current segments file is "segments"; deletionPolicy=org.apache.solr.core.IndexDeletionPolicyWrapper@4c23afa1
[coreLoadExecutor-343-thread-1] INFO org.apache.solr.update.LoggingInfoStream - [IFD][coreLoadExecutor-343-thread-1]: now checkpoint "" [0 segments ; isCommit = false]
[coreLoadExecutor-343-thread-1] INFO org.apache.solr.update.LoggingInfoStream - [IFD][coreLoadExecutor-343-thread-1]: 0 msec to checkpoint
[coreLoadExecutor-343-thread-1] INFO org.apache.solr.update.LoggingInfoStream - [IW][coreLoadExecutor-343-thread-1]: init: create=true
[coreLoadExecutor-343-thread-1] INFO org.apache.solr.update.LoggingInfoStream - [IW][coreLoadExecutor-343-thread-1]: 
dir=NRTCachingDirectory(MMapDirectory@/tmp/solr-home3201469911995367622/core/data/index lockFactory=org.apache.lucene.store.NativeFSLockFactory@2c3d74f6; maxCacheMB=48.0 maxMergeSizeMB=4.0)
index=
version=5.5.1
analyzer=org.apache.solr.update.SolrIndexConfig$DelayedSchemaAnalyzer
ramBufferSizeMB=100.0
maxBufferedDocs=-1
maxBufferedDeleteTerms=-1
mergedSegmentWarmer=null
delPolicy=org.apache.solr.core.IndexDeletionPolicyWrapper
commit=null
openMode=CREATE
similarity=org.apache.lucene.search.similarities.ClassicSimilarity
mergeScheduler=ConcurrentMergeScheduler: maxThreadCount=-1, maxMergeCount=-1, ioThrottle=true
default WRITE_LOCK_TIMEOUT=0
writeLockTimeout=0
codec=Lucene54
infoStream=org.apache.solr.update.LoggingInfoStream
mergePolicy=[TieredMergePolicy: maxMergeAtOnce=10, maxMergeAtOnceExplicit=30, maxMergedSegmentMB=5120.0, floorSegmentMB=2.0, forceMergeDeletesPctAllowed=10.0, segmentsPerTier=10.0, maxCFSSegmentSizeMB=8.796093022207999E12, noCFSRatio=0.1
indexerThreadPool=org.apache.lucene.index.DocumentsWriterPerThreadPool@657d412d
readerPooling=false
perThreadHardLimitMB=1945
useCompoundFile=false
commitOnClose=true
writer=org.apache.solr.update.SolrIndexWriter@2f0e2508

[coreLoadExecutor-343-thread-1] INFO org.apache.solr.update.LoggingInfoStream - [IW][coreLoadExecutor-343-thread-1]: MMapDirectory.UNMAP_SUPPORTED=true
[coreLoadExecutor-343-thread-1] INFO org.apache.solr.update.LoggingInfoStream - [IW][coreLoadExecutor-343-thread-1]: now flush at close
[coreLoadExecutor-343-thread-1] INFO org.apache.solr.update.LoggingInfoStream - [IW][coreLoadExecutor-343-thread-1]:   start flush: applyAllDeletes=true
[coreLoadExecutor-343-thread-1] INFO org.apache.solr.update.LoggingInfoStream - [IW][coreLoadExecutor-343-thread-1]:   index before flush 
[coreLoadExecutor-343-thread-1] INFO org.apache.solr.update.LoggingInfoStream - [DW][coreLoadExecutor-343-thread-1]: startFullFlush
[coreLoadExecutor-343-thread-1] INFO org.apache.solr.update.LoggingInfoStream - [DW][coreLoadExecutor-343-thread-1]: coreLoadExecutor-343-thread-1 finishFullFlush success=true
[coreLoadExecutor-343-thread-1] INFO org.apache.solr.update.LoggingInfoStream - [IW][coreLoadExecutor-343-thread-1]: apply all deletes during flush
[coreLoadExecutor-343-thread-1] INFO org.apache.solr.update.LoggingInfoStream - [IW][coreLoadExecutor-343-thread-1]: now apply all deletes for all segments maxDoc=0
[coreLoadExecutor-343-thread-1] INFO org.apache.solr.update.LoggingInfoStream - [BD][coreLoadExecutor-343-thread-1]: prune sis=segments:  minGen=9223372036854775807 packetCount=0
[coreLoadExecutor-343-thread-1] INFO org.apache.solr.update.LoggingInfoStream - [MS][coreLoadExecutor-343-thread-1]: initDynamicDefaults spins=false maxThreadCount=2 maxMergeCount=7
[coreLoadExecutor-343-thread-1] INFO org.apache.solr.update.LoggingInfoStream - [MS][coreLoadExecutor-343-thread-1]: updateMergeThreads ioThrottle=true targetMBPerSec=10240.0 MB/sec
[coreLoadExecutor-343-thread-1] INFO org.apache.solr.update.LoggingInfoStream - [MS][coreLoadExecutor-343-thread-1]: now merge
[coreLoadExecutor-343-thread-1] INFO org.apache.solr.update.LoggingInfoStream - [MS][coreLoadExecutor-343-thread-1]:   index: 
[coreLoadExecutor-343-thread-1] INFO org.apache.solr.update.LoggingInfoStream - [MS][coreLoadExecutor-343-thread-1]:   no more merges pending; now return
[coreLoadExecutor-343-thread-1] INFO org.apache.solr.update.LoggingInfoStream - [IW][coreLoadExecutor-343-thread-1]: waitForMerges
[coreLoadExecutor-343-thread-1] INFO org.apache.solr.update.LoggingInfoStream - [IW][coreLoadExecutor-343-thread-1]: waitForMerges done
[coreLoadExecutor-343-thread-1] INFO org.apache.solr.update.LoggingInfoStream - [IW][coreLoadExecutor-343-thread-1]: commit: start
[coreLoadExecutor-343-thread-1] INFO org.apache.solr.update.LoggingInfoStream - [IW][coreLoadExecutor-343-thread-1]: commit: enter lock
[coreLoadExecutor-343-thread-1] INFO org.apache.solr.update.LoggingInfoStream - [IW][coreLoadExecutor-343-thread-1]: commit: now prepare
[coreLoadExecutor-343-thread-1] INFO org.apache.solr.update.LoggingInfoStream - [IW][coreLoadExecutor-343-thread-1]: prepareCommit: flush
[coreLoadExecutor-343-thread-1] INFO org.apache.solr.update.LoggingInfoStream - [IW][coreLoadExecutor-343-thread-1]:   index before flush 
[coreLoadExecutor-343-thread-1] INFO org.apache.solr.update.LoggingInfoStream - [DW][coreLoadExecutor-343-thread-1]: startFullFlush
[coreLoadExecutor-343-thread-1] INFO org.apache.solr.update.LoggingInfoStream - [IW][coreLoadExecutor-343-thread-1]: apply all deletes during flush
[coreLoadExecutor-343-thread-1] INFO org.apache.solr.update.LoggingInfoStream - [IW][coreLoadExecutor-343-thread-1]: now apply all deletes for all segments maxDoc=0
[coreLoadExecutor-343-thread-1] INFO org.apache.solr.update.LoggingInfoStream - [BD][coreLoadExecutor-343-thread-1]: prune sis=segments:  minGen=9223372036854775807 packetCount=0
[coreLoadExecutor-343-thread-1] INFO org.apache.solr.update.LoggingInfoStream - [DW][coreLoadExecutor-343-thread-1]: coreLoadExecutor-343-thread-1 finishFullFlush success=true
[coreLoadExecutor-343-thread-1] INFO org.apache.solr.update.LoggingInfoStream - [IW][coreLoadExecutor-343-thread-1]: startCommit(): start
[coreLoadExecutor-343-thread-1] INFO org.apache.solr.update.LoggingInfoStream - [IW][coreLoadExecutor-343-thread-1]: startCommit index= changeCount=2
[coreLoadExecutor-343-thread-1] INFO org.apache.solr.update.LoggingInfoStream - [IW][coreLoadExecutor-343-thread-1]: startCommit: wrote pending segments file "pending_segments_1"
[coreLoadExecutor-343-thread-1] INFO org.apache.solr.update.LoggingInfoStream - [IW][coreLoadExecutor-343-thread-1]: done all syncs: []
[coreLoadExecutor-343-thread-1] INFO org.apache.solr.update.LoggingInfoStream - [IW][coreLoadExecutor-343-thread-1]: commit: pendingCommit != null
[coreLoadExecutor-343-thread-1] INFO org.apache.solr.update.LoggingInfoStream - [IW][coreLoadExecutor-343-thread-1]: commit: done writing segments file "segments_1"
[coreLoadExecutor-343-thread-1] INFO org.apache.solr.update.LoggingInfoStream - [IFD][coreLoadExecutor-343-thread-1]: now checkpoint "" [0 segments ; isCommit = true]
[coreLoadExecutor-343-thread-1] INFO org.apache.solr.core.SolrDeletionPolicy - SolrDeletionPolicy.onCommit: commits: num=1
	commit{dir=NRTCachingDirectory(MMapDirectory@/tmp/solr-home3201469911995367622/core/data/index lockFactory=org.apache.lucene.store.NativeFSLockFactory@2c3d74f6; maxCacheMB=48.0 maxMergeSizeMB=4.0),segFN=segments_1,generation=1}
[coreLoadExecutor-343-thread-1] INFO org.apache.solr.core.SolrDeletionPolicy - newest commit generation = 1
[coreLoadExecutor-343-thread-1] INFO org.apache.solr.update.LoggingInfoStream - [IFD][coreLoadExecutor-343-thread-1]: 0 msec to checkpoint
[coreLoadExecutor-343-thread-1] INFO org.apache.solr.update.LoggingInfoStream - [IW][coreLoadExecutor-343-thread-1]: commit: took 11.6 msec
[coreLoadExecutor-343-thread-1] INFO org.apache.solr.update.LoggingInfoStream - [IW][coreLoadExecutor-343-thread-1]: commit: done
[coreLoadExecutor-343-thread-1] INFO org.apache.solr.update.LoggingInfoStream - [IW][coreLoadExecutor-343-thread-1]: rollback
[coreLoadExecutor-343-thread-1] INFO org.apache.solr.update.LoggingInfoStream - [IW][coreLoadExecutor-343-thread-1]: all running merges have aborted
[coreLoadExecutor-343-thread-1] INFO org.apache.solr.update.LoggingInfoStream - [IW][coreLoadExecutor-343-thread-1]: rollback: done finish merges
[coreLoadExecutor-343-thread-1] INFO org.apache.solr.update.LoggingInfoStream - [DW][coreLoadExecutor-343-thread-1]: abort
[coreLoadExecutor-343-thread-1] INFO org.apache.solr.update.LoggingInfoStream - [DW][coreLoadExecutor-343-thread-1]: done abort success=true
[coreLoadExecutor-343-thread-1] INFO org.apache.solr.update.LoggingInfoStream - [IW][coreLoadExecutor-343-thread-1]: rollback: infos=
[coreLoadExecutor-343-thread-1] INFO org.apache.solr.update.LoggingInfoStream - [IFD][coreLoadExecutor-343-thread-1]: now checkpoint "" [0 segments ; isCommit = false]
[coreLoadExecutor-343-thread-1] INFO org.apache.solr.update.LoggingInfoStream - [IFD][coreLoadExecutor-343-thread-1]: 0 msec to checkpoint
[OldIndexDirectoryCleanupThreadForCore-core] INFO org.apache.solr.core.SolrCore - Looking for old index directories to cleanup for core core in /tmp/solr-home3201469911995367622/core/data/
[coreLoadExecutor-343-thread-1] INFO org.apache.solr.core.SolrCore - no updateRequestProcessorChain defined as default, creating implicit default
[coreLoadExecutor-343-thread-1] INFO org.apache.solr.handler.loader.XMLLoader - xsltCacheLifetimeSeconds=60
[coreLoadExecutor-343-thread-1] INFO org.apache.solr.handler.loader.XMLLoader - xsltCacheLifetimeSeconds=60
[coreLoadExecutor-343-thread-1] INFO org.apache.solr.handler.loader.XMLLoader - xsltCacheLifetimeSeconds=60
[coreLoadExecutor-343-thread-1] INFO org.apache.solr.handler.loader.XMLLoader - xsltCacheLifetimeSeconds=60
[coreLoadExecutor-343-thread-1] INFO org.apache.solr.core.RequestHandlers - Registered paths: /admin/mbeans,,/update/csv,/update/json/docs,/admin/luke,/select,/suggester,/admin/segments,/get,/admin/system,/replication,/admin/properties,/config,/schema,/admin/plugins,/admin/logging,/update/json,/admin/threads,/admin/ping,/update,/admin/file
[coreLoadExecutor-343-thread-1] INFO org.apache.solr.core.SolrCore - Using default statsCache cache: org.apache.solr.search.stats.LocalStatsCache
[coreLoadExecutor-343-thread-1] INFO org.apache.solr.update.UpdateHandler - Using UpdateLog implementation: org.apache.solr.update.UpdateLog
[coreLoadExecutor-343-thread-1] INFO org.apache.solr.update.UpdateLog - Initializing UpdateLog: dataDir= defaultSyncLevel=FLUSH numRecordsToKeep=100 maxNumLogsToKeep=10 numVersionBuckets=65536
[coreLoadExecutor-343-thread-1] INFO org.apache.solr.update.CommitTracker - Hard AutoCommit: if uncommited for 15000ms; 
[coreLoadExecutor-343-thread-1] INFO org.apache.solr.update.CommitTracker - Soft AutoCommit: disabled
[coreLoadExecutor-343-thread-1] INFO org.apache.solr.update.LoggingInfoStream - [IFD][coreLoadExecutor-343-thread-1]: init: current segments file is "segments_1"; deletionPolicy=org.apache.solr.core.IndexDeletionPolicyWrapper@4c23afa1
[coreLoadExecutor-343-thread-1] INFO org.apache.solr.update.LoggingInfoStream - [IFD][coreLoadExecutor-343-thread-1]: init: load commit "segments_1"
[coreLoadExecutor-343-thread-1] INFO org.apache.solr.core.SolrDeletionPolicy - SolrDeletionPolicy.onInit: commits: num=1
	commit{dir=NRTCachingDirectory(MMapDirectory@/tmp/solr-home3201469911995367622/core/data/index lockFactory=org.apache.lucene.store.NativeFSLockFactory@2c3d74f6; maxCacheMB=48.0 maxMergeSizeMB=4.0),segFN=segments_1,generation=1}
[coreLoadExecutor-343-thread-1] INFO org.apache.solr.core.SolrDeletionPolicy - newest commit generation = 1
[coreLoadExecutor-343-thread-1] INFO org.apache.solr.update.LoggingInfoStream - [IFD][coreLoadExecutor-343-thread-1]: now checkpoint "" [0 segments ; isCommit = false]
[coreLoadExecutor-343-thread-1] INFO org.apache.solr.update.LoggingInfoStream - [IFD][coreLoadExecutor-343-thread-1]: 0 msec to checkpoint
[coreLoadExecutor-343-thread-1] INFO org.apache.solr.update.LoggingInfoStream - [IW][coreLoadExecutor-343-thread-1]: init: create=false
[coreLoadExecutor-343-thread-1] INFO org.apache.solr.update.LoggingInfoStream - [IW][coreLoadExecutor-343-thread-1]: 
dir=NRTCachingDirectory(MMapDirectory@/tmp/solr-home3201469911995367622/core/data/index lockFactory=org.apache.lucene.store.NativeFSLockFactory@2c3d74f6; maxCacheMB=48.0 maxMergeSizeMB=4.0)
index=
version=5.5.1
analyzer=org.apache.solr.update.SolrIndexConfig$DelayedSchemaAnalyzer
ramBufferSizeMB=100.0
maxBufferedDocs=-1
maxBufferedDeleteTerms=-1
mergedSegmentWarmer=null
delPolicy=org.apache.solr.core.IndexDeletionPolicyWrapper
commit=null
openMode=APPEND
similarity=org.apache.lucene.search.similarities.ClassicSimilarity
mergeScheduler=ConcurrentMergeScheduler: maxThreadCount=-1, maxMergeCount=-1, ioThrottle=true
default WRITE_LOCK_TIMEOUT=0
writeLockTimeout=0
codec=Lucene54
infoStream=org.apache.solr.update.LoggingInfoStream
mergePolicy=[TieredMergePolicy: maxMergeAtOnce=10, maxMergeAtOnceExplicit=30, maxMergedSegmentMB=5120.0, floorSegmentMB=2.0, forceMergeDeletesPctAllowed=10.0, segmentsPerTier=10.0, maxCFSSegmentSizeMB=8.796093022207999E12, noCFSRatio=0.1
indexerThreadPool=org.apache.lucene.index.DocumentsWriterPerThreadPool@15f04f7d
readerPooling=false
perThreadHardLimitMB=1945
useCompoundFile=false
commitOnClose=true
writer=org.apache.solr.update.SolrIndexWriter@7448f4a9

[coreLoadExecutor-343-thread-1] INFO org.apache.solr.update.LoggingInfoStream - [IW][coreLoadExecutor-343-thread-1]: MMapDirectory.UNMAP_SUPPORTED=true
[coreLoadExecutor-343-thread-1] INFO org.apache.solr.update.LoggingInfoStream - [IW][coreLoadExecutor-343-thread-1]: flush at getReader
[coreLoadExecutor-343-thread-1] INFO org.apache.solr.update.LoggingInfoStream - [DW][coreLoadExecutor-343-thread-1]: startFullFlush
[coreLoadExecutor-343-thread-1] INFO org.apache.solr.update.LoggingInfoStream - [IW][coreLoadExecutor-343-thread-1]: apply all deletes during flush
[coreLoadExecutor-343-thread-1] INFO org.apache.solr.update.LoggingInfoStream - [IW][coreLoadExecutor-343-thread-1]: now apply all deletes for all segments maxDoc=0
[coreLoadExecutor-343-thread-1] INFO org.apache.solr.update.LoggingInfoStream - [BD][coreLoadExecutor-343-thread-1]: prune sis=segments_1:  minGen=9223372036854775807 packetCount=0
[coreLoadExecutor-343-thread-1] INFO org.apache.solr.update.LoggingInfoStream - [IW][coreLoadExecutor-343-thread-1]: incRefDeleter for NRT reader version=2 segments=
[coreLoadExecutor-343-thread-1] INFO org.apache.solr.update.LoggingInfoStream - [IW][coreLoadExecutor-343-thread-1]: return reader version=2 reader=StandardDirectoryReader(segments_1:2:nrt)
[coreLoadExecutor-343-thread-1] INFO org.apache.solr.update.LoggingInfoStream - [DW][coreLoadExecutor-343-thread-1]: coreLoadExecutor-343-thread-1 finishFullFlush success=true
[coreLoadExecutor-343-thread-1] INFO org.apache.solr.update.LoggingInfoStream - [IW][coreLoadExecutor-343-thread-1]: getReader took 0 msec
[coreLoadExecutor-343-thread-1] INFO org.apache.solr.search.SolrIndexSearcher - Opening Searcher@6b966c8[core] main
[coreLoadExecutor-343-thread-1] INFO org.apache.solr.rest.ManagedResourceStorage - File-based storage initialized to use dir: /tmp/solr-home3201469911995367622/core/conf
[coreLoadExecutor-343-thread-1] INFO org.apache.solr.rest.RestManager - Initializing RestManager with initArgs: {storageDir=/tmp/solr-home3201469911995367622/core/conf}
[coreLoadExecutor-343-thread-1] INFO org.apache.solr.rest.ManagedResourceStorage - Reading _rest_managed.json using file:dir=/tmp/solr-home3201469911995367622/core/conf
[coreLoadExecutor-343-thread-1] INFO org.apache.solr.rest.RestManager - Initializing 0 registered ManagedResources
[coreLoadExecutor-343-thread-1] INFO org.apache.solr.handler.component.SpellCheckComponent - Initializing spell checkers
[coreLoadExecutor-343-thread-1] INFO org.apache.solr.handler.component.SpellCheckComponent - Registering newSearcher listener for spellchecker: default
[coreLoadExecutor-343-thread-1] INFO org.apache.solr.handler.component.SpellCheckComponent - No queryConverter defined, using default converter
[coreLoadExecutor-343-thread-1] INFO org.apache.solr.handler.ReplicationHandler - Commits will be reserved for  10000
[coreLoadExecutor-343-thread-1] INFO org.apache.solr.update.UpdateLog - Looking up max value of version field to seed version buckets
[coreLoadExecutor-343-thread-1] INFO org.apache.solr.update.VersionInfo - Refreshing highest value of _version_ for 65536 version buckets from index
[searcherExecutor-344-thread-1] INFO org.apache.solr.handler.component.SpellCheckComponent - Loading spell index for spellchecker: default
[coreLoadExecutor-343-thread-1] INFO org.apache.solr.update.VersionInfo - No terms found for _version_, cannot seed version bucket highest value from index
[coreLoadExecutor-343-thread-1] INFO org.apache.solr.update.UpdateLog - Could not find max version in index or recent updates, using new clock 1576087837591207936
[searcherExecutor-344-thread-1] INFO org.apache.solr.core.SolrCore - [core] Registered new searcher Searcher@6b966c8[core] main{ExitableDirectoryReader(UninvertingDirectoryReader())}
[coreLoadExecutor-343-thread-1] INFO org.apache.solr.update.UpdateLog - Took 1.0ms to seed version buckets with highest version 1576087837591207936
[coreLoadExecutor-343-thread-1] INFO org.apache.solr.core.CoreContainer - registering core: core
[Test worker] INFO org.apache.solr.core.SolrCore.Request - [core]  webapp=null path=/admin/ping params={} hits=0 status=0 QTime=0
[Test worker] INFO org.apache.solr.core.SolrCore.Request - [core]  webapp=null path=/admin/ping params={} status=0 QTime=0
[Test worker] INFO com.rbmhtechnology.vind.solr.SolrSearchServer - Connection to solr server successful
[Test worker] INFO org.apache.solr.core.SolrCore.Request - [core]  webapp=null path=/schema params={} status=0 QTime=0
[Test worker] INFO com.rbmhtechnology.vind.solr.SolrSearchServer - No server provider of type class com.rbmhtechnology.vind.solr.EmbeddedSolrServerProvider found in classpath for server com.rbmhtechnology.vind.solr.SolrSearchServer
[Test worker] INFO org.apache.solr.update.processor.LogUpdateProcessorFactory - [core]  webapp=null path=/update params={}{add=[1 (1576087837600645120)]} 0 5
[Test worker] INFO org.apache.solr.update.processor.LogUpdateProcessorFactory - [core]  webapp=null path=/update params={}{add=[2 (1576087837607985152)]} 0 1
[Test worker] INFO org.apache.solr.update.DirectUpdateHandler2 - start commit{,optimize=false,openSearcher=true,waitSearcher=true,expungeDeletes=false,softCommit=false,prepareCommit=false}
[Test worker] INFO org.apache.solr.update.LoggingInfoStream - [IW][Test worker]: commit: start
[Test worker] INFO org.apache.solr.update.LoggingInfoStream - [IW][Test worker]: commit: enter lock
[Test worker] INFO org.apache.solr.update.LoggingInfoStream - [IW][Test worker]: commit: now prepare
[Test worker] INFO org.apache.solr.update.LoggingInfoStream - [IW][Test worker]: prepareCommit: flush
[Test worker] INFO org.apache.solr.update.LoggingInfoStream - [IW][Test worker]:   index before flush 
[Test worker] INFO org.apache.solr.update.LoggingInfoStream - [DW][Test worker]: startFullFlush
[Test worker] INFO org.apache.solr.update.LoggingInfoStream - [DW][Test worker]: anyChanges? numDocsInRam=2 deletes=true hasTickets:false pendingChangesInFullFlush: false
[Test worker] INFO org.apache.solr.update.LoggingInfoStream - [DWFC][Test worker]: addFlushableState DocumentsWriterPerThread [pendingDeletes=gen=0 1 deleted terms (unique count=1) bytesUsed=169, segment=_0, aborted=false, numDocsInRAM=2, deleteQueue=DWDQ: [ generation: 1 ]]
[Test worker] INFO org.apache.solr.update.LoggingInfoStream - [DWPT][Test worker]: flush postings as segment _0 numDocs=2
[Test worker] INFO org.apache.solr.update.LoggingInfoStream - [IW][Test worker]: 0 msec to write norms
[Test worker] INFO org.apache.solr.update.LoggingInfoStream - [IW][Test worker]: 1 msec to write docValues
[Test worker] INFO org.apache.solr.update.LoggingInfoStream - [IW][Test worker]: 0 msec to finish stored fields
[Test worker] INFO org.apache.solr.update.LoggingInfoStream - [IW][Test worker]: 1 msec to write postings and finish vectors
[Test worker] INFO org.apache.solr.update.LoggingInfoStream - [IW][Test worker]: 0 msec to write fieldInfos
[Test worker] INFO org.apache.solr.update.LoggingInfoStream - [DWPT][Test worker]: new segment has 0 deleted docs
[Test worker] INFO org.apache.solr.update.LoggingInfoStream - [DWPT][Test worker]: new segment has no vectors; norms; docValues; prox; freqs
[Test worker] INFO org.apache.solr.update.LoggingInfoStream - [DWPT][Test worker]: flushedFiles=[_0_Lucene54_0.dvm, _0_Lucene50_0.doc, _0_Lucene50_0.tim, _0_Lucene50_0.pos, _0.nvd, _0.fdx, _0_Lucene54_0.dvd, _0_Lucene50_0.tip, _0.fdt, _0.nvm, _0.fnm]
[Test worker] INFO org.apache.solr.update.LoggingInfoStream - [DWPT][Test worker]: flushed codec=Lucene54
[Test worker] INFO org.apache.solr.update.LoggingInfoStream - [DWPT][Test worker]: flushed: segment=_0 ramUsed=0.79 MB newFlushedSize=0.008 MB docs/MB=241.496
[Test worker] INFO org.apache.solr.update.LoggingInfoStream - [DW][Test worker]: publishFlushedSegment seg-private updates=null
[Test worker] INFO org.apache.solr.update.LoggingInfoStream - [IW][Test worker]: publishFlushedSegment
[Test worker] INFO org.apache.solr.update.LoggingInfoStream - [BD][Test worker]: push deletes  2 deleted terms (unique count=2) bytesUsed=1072 segmentPrivate?=false delGen=2 packetCount=1 totBytesUsed=1072
[Test worker] INFO org.apache.solr.update.LoggingInfoStream - [IW][Test worker]: publish sets newSegment delGen=3 seg=_0(5.5.1):C2
[Test worker] INFO org.apache.solr.update.LoggingInfoStream - [IFD][Test worker]: now checkpoint "_0(5.5.1):C2" [1 segments ; isCommit = false]
[Test worker] INFO org.apache.solr.update.LoggingInfoStream - [IFD][Test worker]: 0 msec to checkpoint
[Test worker] INFO org.apache.solr.update.LoggingInfoStream - [IW][Test worker]: apply all deletes during flush
[Test worker] INFO org.apache.solr.update.LoggingInfoStream - [IW][Test worker]: now apply all deletes for all segments maxDoc=2
[Test worker] INFO org.apache.solr.update.LoggingInfoStream - [BD][Test worker]: applyDeletes: open segment readers took 0 msec
[Test worker] INFO org.apache.solr.update.LoggingInfoStream - [BD][Test worker]: applyDeletes: infos=[_0(5.5.1):C2] packetCount=1
[Test worker] INFO org.apache.solr.update.LoggingInfoStream - [BD][Test worker]: applyDeletes took 0 msec for 1 segments, 0 newly deleted docs (query deletes), 0 visited terms, allDeleted=null
[Test worker] INFO org.apache.solr.update.LoggingInfoStream - [BD][Test worker]: prune sis=segments_1: _0(5.5.1):C2 minGen=3 packetCount=1
[Test worker] INFO org.apache.solr.update.LoggingInfoStream - [BD][Test worker]: pruneDeletes: prune 1 packets; 0 packets remain
[Test worker] INFO org.apache.solr.update.LoggingInfoStream - [DW][Test worker]: Test worker finishFullFlush success=true
[Test worker] INFO org.apache.solr.update.LoggingInfoStream - [TMP][Test worker]: findMerges: 1 segments
[Test worker] INFO org.apache.solr.update.LoggingInfoStream - [TMP][Test worker]:   seg=_0(5.5.1):C2 size=0.008 MB [floored]
[Test worker] INFO org.apache.solr.update.LoggingInfoStream - [TMP][Test worker]:   allowedSegmentCount=1 vs count=1 (eligible count=1) tooBigCount=0
[Test worker] INFO org.apache.solr.update.LoggingInfoStream - [MS][Test worker]: initDynamicDefaults spins=false maxThreadCount=2 maxMergeCount=7
[Test worker] INFO org.apache.solr.update.LoggingInfoStream - [MS][Test worker]: now merge
[Test worker] INFO org.apache.solr.update.LoggingInfoStream - [MS][Test worker]:   index: _0(5.5.1):C2
[Test worker] INFO org.apache.solr.update.LoggingInfoStream - [MS][Test worker]:   no more merges pending; now return
[Test worker] INFO org.apache.solr.update.LoggingInfoStream - [IW][Test worker]: startCommit(): start
[Test worker] INFO org.apache.solr.update.LoggingInfoStream - [IW][Test worker]: startCommit index=_0(5.5.1):C2 changeCount=4
[Test worker] INFO org.apache.solr.update.LoggingInfoStream - [IW][Test worker]: startCommit: wrote pending segments file "pending_segments_2"
[Test worker] INFO org.apache.solr.update.LoggingInfoStream - [IW][Test worker]: done all syncs: [_0.si, _0_Lucene50_0.doc, _0_Lucene50_0.tim, _0_Lucene54_0.dvm, _0_Lucene50_0.pos, _0.nvd, _0.fdx, _0_Lucene54_0.dvd, _0_Lucene50_0.tip, _0.fdt, _0.nvm, _0.fnm]
[Test worker] INFO org.apache.solr.update.LoggingInfoStream - [IW][Test worker]: commit: pendingCommit != null
[Test worker] INFO org.apache.solr.update.LoggingInfoStream - [IW][Test worker]: commit: done writing segments file "segments_2"
[Test worker] INFO org.apache.solr.update.LoggingInfoStream - [IFD][Test worker]: now checkpoint "_0(5.5.1):C2" [1 segments ; isCommit = true]
[Test worker] INFO org.apache.solr.core.SolrDeletionPolicy - SolrDeletionPolicy.onCommit: commits: num=2
	commit{dir=NRTCachingDirectory(MMapDirectory@/tmp/solr-home3201469911995367622/core/data/index lockFactory=org.apache.lucene.store.NativeFSLockFactory@2c3d74f6; maxCacheMB=48.0 maxMergeSizeMB=4.0),segFN=segments_1,generation=1}
	commit{dir=NRTCachingDirectory(MMapDirectory@/tmp/solr-home3201469911995367622/core/data/index lockFactory=org.apache.lucene.store.NativeFSLockFactory@2c3d74f6; maxCacheMB=48.0 maxMergeSizeMB=4.0),segFN=segments_2,generation=2}
[Test worker] INFO org.apache.solr.core.SolrDeletionPolicy - newest commit generation = 2
[Test worker] INFO org.apache.solr.update.LoggingInfoStream - [IFD][Test worker]: deleteCommits: now decRef commit "segments_1"
[Test worker] INFO org.apache.solr.update.LoggingInfoStream - [IFD][Test worker]: delete "segments_1"
[Test worker] INFO org.apache.solr.update.LoggingInfoStream - [IFD][Test worker]: 0 msec to checkpoint
[Test worker] INFO org.apache.solr.update.LoggingInfoStream - [IW][Test worker]: commit: took 58.4 msec
[Test worker] INFO org.apache.solr.update.LoggingInfoStream - [IW][Test worker]: commit: done
[Test worker] INFO org.apache.solr.update.LoggingInfoStream - [IW][Test worker]: nrtIsCurrent: infoVersion matches: false; DW changes: false; BD changes: false
[Test worker] INFO org.apache.solr.update.LoggingInfoStream - [IW][Test worker]: flush at getReader
[Test worker] INFO org.apache.solr.update.LoggingInfoStream - [DW][Test worker]: startFullFlush
[Test worker] INFO org.apache.solr.update.LoggingInfoStream - [IW][Test worker]: apply all deletes during flush
[Test worker] INFO org.apache.solr.update.LoggingInfoStream - [IW][Test worker]: now apply all deletes for all segments maxDoc=2
[Test worker] INFO org.apache.solr.update.LoggingInfoStream - [BD][Test worker]: applyDeletes: open segment readers took 0 msec
[Test worker] INFO org.apache.solr.update.LoggingInfoStream - [BD][Test worker]: applyDeletes: no segments; skipping
[Test worker] INFO org.apache.solr.update.LoggingInfoStream - [BD][Test worker]: prune sis=segments_2: _0(5.5.1):C2 minGen=3 packetCount=0
[Test worker] INFO org.apache.solr.update.LoggingInfoStream - [IW][Test worker]: incRefDeleter for NRT reader version=6 segments=_0(5.5.1):C2
[Test worker] INFO org.apache.solr.update.LoggingInfoStream - [IW][Test worker]: return reader version=6 reader=StandardDirectoryReader(segments_2:6:nrt _0(5.5.1):C2)
[Test worker] INFO org.apache.solr.update.LoggingInfoStream - [DW][Test worker]: Test worker finishFullFlush success=true
[Test worker] INFO org.apache.solr.update.LoggingInfoStream - [IW][Test worker]: getReader took 1 msec
[Test worker] INFO org.apache.solr.search.SolrIndexSearcher - Opening Searcher@7ff0815b[core] main
[Test worker] INFO org.apache.solr.update.DirectUpdateHandler2 - end_commit_flush
[searcherExecutor-344-thread-1] INFO org.apache.solr.handler.component.SpellCheckComponent - Building spell index for spell checker: default
[searcherExecutor-344-thread-1] INFO org.apache.solr.core.SolrCore - [core] Registered new searcher Searcher@7ff0815b[core] main{ExitableDirectoryReader(UninvertingDirectoryReader(Uninverting(_0(5.5.1):C2)))}
[searcherExecutor-344-thread-1] INFO org.apache.solr.update.LoggingInfoStream - [IW][searcherExecutor-344-thread-1]: decRefDeleter for NRT reader version=2 segments=
[Test worker] INFO org.apache.solr.update.processor.LogUpdateProcessorFactory - [core]  webapp=null path=/update params={commit=true&softCommit=false&waitSearcher=true}{commit=} 0 86
[Test worker] INFO org.apache.solr.update.processor.LogUpdateProcessorFactory - [core]  webapp=null path=/update params={}{add=[1 (1576087837700259840)]} 0 3
[Test worker] INFO org.apache.solr.core.SolrCore.Request - [core]  webapp=null path=/select params={q=!(+_id_:1)%26(_root_:1)} hits=0 status=0 QTime=0
[Test worker] INFO org.apache.solr.update.DirectUpdateHandler2 - start commit{,optimize=false,openSearcher=true,waitSearcher=true,expungeDeletes=false,softCommit=false,prepareCommit=false}
[Test worker] INFO org.apache.solr.update.LoggingInfoStream - [IW][Test worker]: commit: start
[Test worker] INFO org.apache.solr.update.LoggingInfoStream - [IW][Test worker]: commit: enter lock
[Test worker] INFO org.apache.solr.update.LoggingInfoStream - [IW][Test worker]: commit: now prepare
[Test worker] INFO org.apache.solr.update.LoggingInfoStream - [IW][Test worker]: prepareCommit: flush
[Test worker] INFO org.apache.solr.update.LoggingInfoStream - [IW][Test worker]:   index before flush _0(5.5.1):C2
[Test worker] INFO org.apache.solr.update.LoggingInfoStream - [DW][Test worker]: startFullFlush
[Test worker] INFO org.apache.solr.update.LoggingInfoStream - [DW][Test worker]: anyChanges? numDocsInRam=1 deletes=true hasTickets:false pendingChangesInFullFlush: false
[Test worker] INFO org.apache.solr.update.LoggingInfoStream - [DWFC][Test worker]: addFlushableState DocumentsWriterPerThread [pendingDeletes=gen=0, segment=_1, aborted=false, numDocsInRAM=1, deleteQueue=DWDQ: [ generation: 3 ]]
[Test worker] INFO org.apache.solr.update.LoggingInfoStream - [DWPT][Test worker]: flush postings as segment _1 numDocs=1
[Test worker] INFO org.apache.solr.update.LoggingInfoStream - [IW][Test worker]: 0 msec to write norms
[Test worker] INFO org.apache.solr.update.LoggingInfoStream - [IW][Test worker]: 0 msec to write docValues
[Test worker] INFO org.apache.solr.update.LoggingInfoStream - [IW][Test worker]: 0 msec to finish stored fields
[Test worker] INFO org.apache.solr.update.LoggingInfoStream - [IW][Test worker]: 0 msec to write postings and finish vectors
[Test worker] INFO org.apache.solr.update.LoggingInfoStream - [IW][Test worker]: 0 msec to write fieldInfos
[Test worker] INFO org.apache.solr.update.LoggingInfoStream - [DWPT][Test worker]: new segment has 0 deleted docs
[Test worker] INFO org.apache.solr.update.LoggingInfoStream - [DWPT][Test worker]: new segment has no vectors; norms; docValues; prox; freqs
[Test worker] INFO org.apache.solr.update.LoggingInfoStream - [DWPT][Test worker]: flushedFiles=[_1_Lucene50_0.doc, _1_Lucene50_0.tim, _1_Lucene54_0.dvd, _1.nvd, _1_Lucene50_0.pos, _1.fdx, _1.nvm, _1_Lucene54_0.dvm, _1.fnm, _1.fdt, _1_Lucene50_0.tip]
[Test worker] INFO org.apache.solr.update.LoggingInfoStream - [DWPT][Test worker]: flushed codec=Lucene54
[Test worker] INFO org.apache.solr.update.LoggingInfoStream - [DWPT][Test worker]: flushed: segment=_1 ramUsed=0.79 MB newFlushedSize=0.008 MB docs/MB=123.434
[Test worker] INFO org.apache.solr.update.LoggingInfoStream - [DW][Test worker]: publishFlushedSegment seg-private updates=null
[Test worker] INFO org.apache.solr.update.LoggingInfoStream - [IW][Test worker]: publishFlushedSegment
[Test worker] INFO org.apache.solr.update.LoggingInfoStream - [BD][Test worker]: push deletes  1 deleted terms (unique count=1) bytesUsed=1072 segmentPrivate?=false delGen=6 packetCount=1 totBytesUsed=1072
[Test worker] INFO org.apache.solr.update.LoggingInfoStream - [IW][Test worker]: publish sets newSegment delGen=7 seg=_1(5.5.1):C1
[Test worker] INFO org.apache.solr.update.LoggingInfoStream - [IFD][Test worker]: now checkpoint "_0(5.5.1):C2 _1(5.5.1):C1" [2 segments ; isCommit = false]
[Test worker] INFO org.apache.solr.update.LoggingInfoStream - [IFD][Test worker]: 0 msec to checkpoint
[Test worker] INFO org.apache.solr.update.LoggingInfoStream - [IW][Test worker]: apply all deletes during flush
[Test worker] INFO org.apache.solr.update.LoggingInfoStream - [IW][Test worker]: now apply all deletes for all segments maxDoc=3
[Test worker] INFO org.apache.solr.update.LoggingInfoStream - [BD][Test worker]: applyDeletes: open segment readers took 0 msec
[Test worker] INFO org.apache.solr.update.LoggingInfoStream - [BD][Test worker]: applyDeletes: infos=[_0(5.5.1):C2, _1(5.5.1):C1] packetCount=1
[Test worker] INFO org.apache.solr.update.LoggingInfoStream - [BD][Test worker]: applyTermDeletes took 0.1 msec for 2 segments and 1 packets; 1 del terms visited; 3 seg terms visited
[Test worker] INFO org.apache.solr.update.LoggingInfoStream - [BD][Test worker]: applyDeletes: 1 new deleted documents
[Test worker] INFO org.apache.solr.update.LoggingInfoStream - [BD][Test worker]: applyDeletes took 1 msec for 2 segments, 0 newly deleted docs (query deletes), 1 visited terms, allDeleted=null
[Test worker] INFO org.apache.solr.update.LoggingInfoStream - [IFD][Test worker]: now checkpoint "_0(5.5.1):C2/1 _1(5.5.1):C1" [2 segments ; isCommit = false]
[Test worker] INFO org.apache.solr.update.LoggingInfoStream - [IFD][Test worker]: 0 msec to checkpoint
[Test worker] INFO org.apache.solr.update.LoggingInfoStream - [BD][Test worker]: prune sis=segments_2: _0(5.5.1):C2 _1(5.5.1):C1 minGen=8 packetCount=1
[Test worker] INFO org.apache.solr.update.LoggingInfoStream - [BD][Test worker]: pruneDeletes: prune 1 packets; 0 packets remain
[Test worker] INFO org.apache.solr.update.LoggingInfoStream - [IFD][Test worker]: now checkpoint "_0(5.5.1):C2/1:delGen=1 _1(5.5.1):C1" [2 segments ; isCommit = false]
[Test worker] INFO org.apache.solr.update.LoggingInfoStream - [IFD][Test worker]: 0 msec to checkpoint
[Test worker] INFO org.apache.solr.update.LoggingInfoStream - [DW][Test worker]: Test worker finishFullFlush success=true
[Test worker] INFO org.apache.solr.update.LoggingInfoStream - [TMP][Test worker]: findMerges: 2 segments
[Test worker] INFO org.apache.solr.update.LoggingInfoStream - [TMP][Test worker]:   seg=_1(5.5.1):C1 size=0.008 MB [floored]
[Test worker] INFO org.apache.solr.update.LoggingInfoStream - [TMP][Test worker]:   seg=_0(5.5.1):C2/1:delGen=1 size=0.004 MB [floored]
[Test worker] INFO org.apache.solr.update.LoggingInfoStream - [TMP][Test worker]:   allowedSegmentCount=1 vs count=2 (eligible count=2) tooBigCount=0
[Test worker] INFO org.apache.solr.update.LoggingInfoStream - [MS][Test worker]: now merge
[Test worker] INFO org.apache.solr.update.LoggingInfoStream - [MS][Test worker]:   index: _0(5.5.1):C2/1:delGen=1 _1(5.5.1):C1
[Test worker] INFO org.apache.solr.update.LoggingInfoStream - [MS][Test worker]:   no more merges pending; now return
[Test worker] INFO org.apache.solr.update.LoggingInfoStream - [IW][Test worker]: startCommit(): start
[Test worker] INFO org.apache.solr.update.LoggingInfoStream - [IW][Test worker]: startCommit index=_0(5.5.1):C2/1:delGen=1 _1(5.5.1):C1 changeCount=10
[Test worker] INFO org.apache.solr.update.LoggingInfoStream - [IW][Test worker]: startCommit: wrote pending segments file "pending_segments_3"
[Test worker] INFO org.apache.solr.update.LoggingInfoStream - [IW][Test worker]: done all syncs: [_0_Lucene50_0.doc, _1.si, _1.nvd, _0.nvd, _1.nvm, _1.fnm, _1_Lucene50_0.tim, _1_Lucene50_0.pos, _1.fdx, _1.fdt, _1_Lucene50_0.tip, _0.si, _0_Lucene50_0.tim, _0_Lucene50_0.pos, _0.fdx, _0_Lucene50_0.tip, _0.fdt, _0_1.liv, _1_Lucene50_0.doc, _0_Lucene54_0.dvm, _1_Lucene54_0.dvd, _0_Lucene54_0.dvd, _1_Lucene54_0.dvm, _0.nvm, _0.fnm]
[Test worker] INFO org.apache.solr.update.LoggingInfoStream - [IW][Test worker]: commit: pendingCommit != null
[Test worker] INFO org.apache.solr.update.LoggingInfoStream - [IW][Test worker]: commit: done writing segments file "segments_3"
[Test worker] INFO org.apache.solr.update.LoggingInfoStream - [IFD][Test worker]: now checkpoint "_0(5.5.1):C2/1:delGen=1 _1(5.5.1):C1" [2 segments ; isCommit = true]
[Test worker] INFO org.apache.solr.core.SolrDeletionPolicy - SolrDeletionPolicy.onCommit: commits: num=2
	commit{dir=NRTCachingDirectory(MMapDirectory@/tmp/solr-home3201469911995367622/core/data/index lockFactory=org.apache.lucene.store.NativeFSLockFactory@2c3d74f6; maxCacheMB=48.0 maxMergeSizeMB=4.0),segFN=segments_2,generation=2}
	commit{dir=NRTCachingDirectory(MMapDirectory@/tmp/solr-home3201469911995367622/core/data/index lockFactory=org.apache.lucene.store.NativeFSLockFactory@2c3d74f6; maxCacheMB=48.0 maxMergeSizeMB=4.0),segFN=segments_3,generation=3}
[Test worker] INFO org.apache.solr.core.SolrDeletionPolicy - newest commit generation = 3
[Test worker] INFO org.apache.solr.update.LoggingInfoStream - [IFD][Test worker]: deleteCommits: now decRef commit "segments_2"
[Test worker] INFO org.apache.solr.update.LoggingInfoStream - [IFD][Test worker]: delete "segments_2"
[Test worker] INFO org.apache.solr.update.LoggingInfoStream - [IFD][Test worker]: 0 msec to checkpoint
[Test worker] INFO org.apache.solr.update.LoggingInfoStream - [IW][Test worker]: commit: took 64.5 msec
[Test worker] INFO org.apache.solr.update.LoggingInfoStream - [IW][Test worker]: commit: done
[Test worker] INFO org.apache.solr.update.LoggingInfoStream - [IW][Test worker]: nrtIsCurrent: infoVersion matches: false; DW changes: false; BD changes: false
[Test worker] INFO org.apache.solr.update.LoggingInfoStream - [IW][Test worker]: flush at getReader
[Test worker] INFO org.apache.solr.update.LoggingInfoStream - [DW][Test worker]: startFullFlush
[Test worker] INFO org.apache.solr.update.LoggingInfoStream - [IW][Test worker]: apply all deletes during flush
[Test worker] INFO org.apache.solr.update.LoggingInfoStream - [IW][Test worker]: now apply all deletes for all segments maxDoc=3
[Test worker] INFO org.apache.solr.update.LoggingInfoStream - [BD][Test worker]: applyDeletes: open segment readers took 0 msec
[Test worker] INFO org.apache.solr.update.LoggingInfoStream - [BD][Test worker]: applyDeletes: no segments; skipping
[Test worker] INFO org.apache.solr.update.LoggingInfoStream - [BD][Test worker]: prune sis=segments_3: _0(5.5.1):C2/1:delGen=1 _1(5.5.1):C1 minGen=8 packetCount=0
[Test worker] INFO org.apache.solr.update.LoggingInfoStream - [IW][Test worker]: incRefDeleter for NRT reader version=11 segments=_0(5.5.1):C2/1:delGen=1 _1(5.5.1):C1
[Test worker] INFO org.apache.solr.update.LoggingInfoStream - [IW][Test worker]: return reader version=11 reader=StandardDirectoryReader(segments_3:11:nrt _0(5.5.1):C2/1:delGen=1 _1(5.5.1):C1)
[Test worker] INFO org.apache.solr.update.LoggingInfoStream - [DW][Test worker]: Test worker finishFullFlush success=true
[Test worker] INFO org.apache.solr.update.LoggingInfoStream - [IW][Test worker]: getReader took 1 msec
[Test worker] INFO org.apache.solr.search.SolrIndexSearcher - Opening Searcher@1cc16aac[core] main
[Test worker] INFO org.apache.solr.update.DirectUpdateHandler2 - end_commit_flush
[searcherExecutor-344-thread-1] INFO org.apache.solr.handler.component.SpellCheckComponent - Index is not optimized therefore skipping building spell check index for: default
[searcherExecutor-344-thread-1] INFO org.apache.solr.core.SolrCore - [core] Registered new searcher Searcher@1cc16aac[core] main{ExitableDirectoryReader(UninvertingDirectoryReader(Uninverting(_0(5.5.1):C2/1:delGen=1) Uninverting(_1(5.5.1):C1)))}
[searcherExecutor-344-thread-1] INFO org.apache.solr.update.LoggingInfoStream - [IW][searcherExecutor-344-thread-1]: decRefDeleter for NRT reader version=6 segments=_0(5.5.1):C2
[Test worker] INFO org.apache.solr.update.processor.LogUpdateProcessorFactory - [core]  webapp=null path=/update params={commit=true&softCommit=false&waitSearcher=true}{commit=} 0 65
[Test worker] INFO org.apache.solr.core.SolrCore.Request - [core]  webapp=null path=/get params={qt=/get&id=1} status=0 QTime=0
[Test worker] INFO org.apache.solr.core.CoreContainer - Shutting down CoreContainer instance=1663408714
[coreCloseExecutor-349-thread-1] INFO org.apache.solr.core.SolrCore - [core]  CLOSING SolrCore org.apache.solr.core.SolrCore@1ac80fe8
[coreCloseExecutor-349-thread-1] INFO org.apache.solr.update.DirectUpdateHandler2 - closing DirectUpdateHandler2{commits=2,autocommit maxTime=15000ms,autocommits=0,soft autocommits=0,optimizes=0,rollbacks=0,expungeDeletes=0,docsPending=0,adds=0,deletesById=0,deletesByQuery=0,errors=0,cumulative_adds=3,cumulative_deletesById=0,cumulative_deletesByQuery=0,cumulative_errors=0,transaction_logs_total_size=2865,transaction_logs_total_number=2}
[coreCloseExecutor-349-thread-1] INFO org.apache.solr.update.SolrCoreState - Closing SolrCoreState
[coreCloseExecutor-349-thread-1] INFO org.apache.solr.update.DefaultSolrCoreState - SolrCoreState ref count has reached 0 - closing IndexWriter
[coreCloseExecutor-349-thread-1] INFO org.apache.solr.update.DefaultSolrCoreState - closing IndexWriter with IndexWriterCloser
[coreCloseExecutor-349-thread-1] INFO org.apache.solr.update.LoggingInfoStream - [IW][coreCloseExecutor-349-thread-1]: now flush at close
[coreCloseExecutor-349-thread-1] INFO org.apache.solr.update.LoggingInfoStream - [IW][coreCloseExecutor-349-thread-1]:   start flush: applyAllDeletes=true
[coreCloseExecutor-349-thread-1] INFO org.apache.solr.update.LoggingInfoStream - [IW][coreCloseExecutor-349-thread-1]:   index before flush _0(5.5.1):C2/1:delGen=1 _1(5.5.1):C1
[coreCloseExecutor-349-thread-1] INFO org.apache.solr.update.LoggingInfoStream - [DW][coreCloseExecutor-349-thread-1]: startFullFlush
[coreCloseExecutor-349-thread-1] INFO org.apache.solr.update.LoggingInfoStream - [DW][coreCloseExecutor-349-thread-1]: coreCloseExecutor-349-thread-1 finishFullFlush success=true
[coreCloseExecutor-349-thread-1] INFO org.apache.solr.update.LoggingInfoStream - [IW][coreCloseExecutor-349-thread-1]: apply all deletes during flush
[coreCloseExecutor-349-thread-1] INFO org.apache.solr.update.LoggingInfoStream - [IW][coreCloseExecutor-349-thread-1]: now apply all deletes for all segments maxDoc=3
[coreCloseExecutor-349-thread-1] INFO org.apache.solr.update.LoggingInfoStream - [BD][coreCloseExecutor-349-thread-1]: applyDeletes: open segment readers took 0 msec
[coreCloseExecutor-349-thread-1] INFO org.apache.solr.update.LoggingInfoStream - [BD][coreCloseExecutor-349-thread-1]: applyDeletes: no segments; skipping
[coreCloseExecutor-349-thread-1] INFO org.apache.solr.update.LoggingInfoStream - [BD][coreCloseExecutor-349-thread-1]: prune sis=segments_3: _0(5.5.1):C2/1:delGen=1 _1(5.5.1):C1 minGen=8 packetCount=0
[coreCloseExecutor-349-thread-1] INFO org.apache.solr.update.LoggingInfoStream - [MS][coreCloseExecutor-349-thread-1]: updateMergeThreads ioThrottle=true targetMBPerSec=10240.0 MB/sec
[coreCloseExecutor-349-thread-1] INFO org.apache.solr.update.LoggingInfoStream - [MS][coreCloseExecutor-349-thread-1]: now merge
[coreCloseExecutor-349-thread-1] INFO org.apache.solr.update.LoggingInfoStream - [MS][coreCloseExecutor-349-thread-1]:   index: _0(5.5.1):C2/1:delGen=1 _1(5.5.1):C1
[coreCloseExecutor-349-thread-1] INFO org.apache.solr.update.LoggingInfoStream - [MS][coreCloseExecutor-349-thread-1]:   no more merges pending; now return
[coreCloseExecutor-349-thread-1] INFO org.apache.solr.update.LoggingInfoStream - [IW][coreCloseExecutor-349-thread-1]: waitForMerges
[coreCloseExecutor-349-thread-1] INFO org.apache.solr.update.LoggingInfoStream - [IW][coreCloseExecutor-349-thread-1]: waitForMerges done
[coreCloseExecutor-349-thread-1] INFO org.apache.solr.update.LoggingInfoStream - [IW][coreCloseExecutor-349-thread-1]: commit: start
[coreCloseExecutor-349-thread-1] INFO org.apache.solr.update.LoggingInfoStream - [IW][coreCloseExecutor-349-thread-1]: commit: enter lock
[coreCloseExecutor-349-thread-1] INFO org.apache.solr.update.LoggingInfoStream - [IW][coreCloseExecutor-349-thread-1]: commit: now prepare
[coreCloseExecutor-349-thread-1] INFO org.apache.solr.update.LoggingInfoStream - [IW][coreCloseExecutor-349-thread-1]: prepareCommit: flush
[coreCloseExecutor-349-thread-1] INFO org.apache.solr.update.LoggingInfoStream - [IW][coreCloseExecutor-349-thread-1]:   index before flush _0(5.5.1):C2/1:delGen=1 _1(5.5.1):C1
[coreCloseExecutor-349-thread-1] INFO org.apache.solr.update.LoggingInfoStream - [DW][coreCloseExecutor-349-thread-1]: startFullFlush
[coreCloseExecutor-349-thread-1] INFO org.apache.solr.update.LoggingInfoStream - [IW][coreCloseExecutor-349-thread-1]: apply all deletes during flush
[coreCloseExecutor-349-thread-1] INFO org.apache.solr.update.LoggingInfoStream - [IW][coreCloseExecutor-349-thread-1]: now apply all deletes for all segments maxDoc=3
[coreCloseExecutor-349-thread-1] INFO org.apache.solr.update.LoggingInfoStream - [BD][coreCloseExecutor-349-thread-1]: applyDeletes: open segment readers took 0 msec
[coreCloseExecutor-349-thread-1] INFO org.apache.solr.update.LoggingInfoStream - [BD][coreCloseExecutor-349-thread-1]: applyDeletes: no segments; skipping
[coreCloseExecutor-349-thread-1] INFO org.apache.solr.update.LoggingInfoStream - [BD][coreCloseExecutor-349-thread-1]: prune sis=segments_3: _0(5.5.1):C2/1:delGen=1 _1(5.5.1):C1 minGen=8 packetCount=0
[coreCloseExecutor-349-thread-1] INFO org.apache.solr.update.LoggingInfoStream - [DW][coreCloseExecutor-349-thread-1]: coreCloseExecutor-349-thread-1 finishFullFlush success=true
[coreCloseExecutor-349-thread-1] INFO org.apache.solr.update.LoggingInfoStream - [IW][coreCloseExecutor-349-thread-1]: startCommit(): start
[coreCloseExecutor-349-thread-1] INFO org.apache.solr.update.LoggingInfoStream - [IW][coreCloseExecutor-349-thread-1]:   skip startCommit(): no changes pending
[coreCloseExecutor-349-thread-1] INFO org.apache.solr.update.LoggingInfoStream - [IW][coreCloseExecutor-349-thread-1]: commit: pendingCommit == null; skip
[coreCloseExecutor-349-thread-1] INFO org.apache.solr.update.LoggingInfoStream - [IW][coreCloseExecutor-349-thread-1]: commit: took 0.2 msec
[coreCloseExecutor-349-thread-1] INFO org.apache.solr.update.LoggingInfoStream - [IW][coreCloseExecutor-349-thread-1]: commit: done
[coreCloseExecutor-349-thread-1] INFO org.apache.solr.update.LoggingInfoStream - [IW][coreCloseExecutor-349-thread-1]: rollback
[coreCloseExecutor-349-thread-1] INFO org.apache.solr.update.LoggingInfoStream - [IW][coreCloseExecutor-349-thread-1]: all running merges have aborted
[coreCloseExecutor-349-thread-1] INFO org.apache.solr.update.LoggingInfoStream - [IW][coreCloseExecutor-349-thread-1]: rollback: done finish merges
[coreCloseExecutor-349-thread-1] INFO org.apache.solr.update.LoggingInfoStream - [DW][coreCloseExecutor-349-thread-1]: abort
[coreCloseExecutor-349-thread-1] INFO org.apache.solr.update.LoggingInfoStream - [DW][coreCloseExecutor-349-thread-1]: done abort success=true
[coreCloseExecutor-349-thread-1] INFO org.apache.solr.update.LoggingInfoStream - [IW][coreCloseExecutor-349-thread-1]: rollback: infos=_0(5.5.1):C2/1:delGen=1 _1(5.5.1):C1
[coreCloseExecutor-349-thread-1] INFO org.apache.solr.update.LoggingInfoStream - [IFD][coreCloseExecutor-349-thread-1]: now checkpoint "_0(5.5.1):C2/1:delGen=1 _1(5.5.1):C1" [2 segments ; isCommit = false]
[coreCloseExecutor-349-thread-1] INFO org.apache.solr.update.LoggingInfoStream - [IFD][coreCloseExecutor-349-thread-1]: 0 msec to checkpoint
[coreCloseExecutor-349-thread-1] INFO org.apache.solr.core.SolrCore - [core] Closing main searcher on request.
[coreCloseExecutor-349-thread-1] INFO org.apache.solr.core.CachingDirectoryFactory - Closing NRTCachingDirectoryFactory - 2 directories currently being tracked
[coreCloseExecutor-349-thread-1] INFO org.apache.solr.core.CachingDirectoryFactory - looking to close /tmp/solr-home3201469911995367622/core/data [CachedDir<<refCount=0;path=/tmp/solr-home3201469911995367622/core/data;done=false>>]
[coreCloseExecutor-349-thread-1] INFO org.apache.solr.core.CachingDirectoryFactory - Closing directory: /tmp/solr-home3201469911995367622/core/data
[coreCloseExecutor-349-thread-1] INFO org.apache.solr.core.CachingDirectoryFactory - looking to close /tmp/solr-home3201469911995367622/core/data/index [CachedDir<<refCount=0;path=/tmp/solr-home3201469911995367622/core/data/index;done=false>>]
[coreCloseExecutor-349-thread-1] INFO org.apache.solr.core.CachingDirectoryFactory - Closing directory: /tmp/solr-home3201469911995367622/core/data/index
[Test worker] INFO com.rbmhtechnology.vind.solr.SolrSearchServer - No server provider of type class com.rbmhtechnology.vind.solr.EmbeddedSolrServerProvider found in classpath for server com.rbmhtechnology.vind.solr.SolrSearchServer
[Test worker] INFO com.rbmhtechnology.vind.solr.SolrSearchServer - No server provider of type class com.rbmhtechnology.vind.solr.EmbeddedSolrServerProvider found in classpath for server com.rbmhtechnology.vind.solr.SolrSearchServer
[Test worker] INFO org.apache.solr.core.SolrResourceLoader - new SolrResourceLoader for directory: '/tmp/solr-home334848293491887896'
[Test worker] INFO org.apache.solr.core.SolrResourceLoader - JNDI not configured for solr (NoInitialContextEx)
[Test worker] INFO org.apache.solr.core.SolrResourceLoader - solr home defaulted to 'solr/' (could not find system property or JNDI)
[Test worker] INFO org.apache.solr.core.SolrXmlConfig - Loading container configuration from /tmp/solr-home334848293491887896/solr.xml
[Test worker] INFO org.apache.solr.core.CorePropertiesLocator - Config-defined core root directory: /tmp/solr-home334848293491887896
[Test worker] INFO org.apache.solr.core.CoreContainer - New CoreContainer 1105354584
[Test worker] INFO org.apache.solr.core.CoreContainer - Loading cores into CoreContainer [instanceDir=/tmp/solr-home334848293491887896]
[Test worker] WARN org.apache.solr.core.CoreContainer - Couldn't add files from /tmp/solr-home334848293491887896/lib to classpath: /tmp/solr-home334848293491887896/lib
[Test worker] INFO org.apache.solr.handler.component.HttpShardHandlerFactory - created with socketTimeout : 120000,connTimeout : 15000,maxConnectionsPerHost : 20,maxConnections : 10000,corePoolSize : 0,maximumPoolSize : 2147483647,maxThreadIdleTime : 5,sizeOfQueue : -1,fairnessPolicy : false,useRetries : false,
[Test worker] INFO org.apache.solr.update.UpdateShardHandler - Creating UpdateShardHandler HTTP client with params: socketTimeout=600000&connTimeout=60000&retry=true
[Test worker] INFO org.apache.solr.logging.LogWatcher - SLF4J impl is org.slf4j.impl.SimpleLoggerFactory
[Test worker] INFO org.apache.solr.logging.LogWatcher - No LogWatcher configured
[Test worker] INFO org.apache.solr.core.CoreContainer - Security conf doesn't exist. Skipping setup for authorization module.
[Test worker] INFO org.apache.solr.core.CoreContainer - No authentication plugin used.
[Test worker] INFO org.apache.solr.core.CorePropertiesLocator - Looking for core definitions underneath /tmp/solr-home334848293491887896
[Test worker] INFO org.apache.solr.core.CoreDescriptor - Created CoreDescriptor: {runtimeLib=false, name=core, config=solrconfig.xml, loadOnStartup=true, schema=schema.xml, configSetProperties=configsetprops.json, transient=false, dataDir=data/}
[Test worker] INFO org.apache.solr.core.CorePropertiesLocator - Found core core in /tmp/solr-home334848293491887896/core
[Test worker] INFO org.apache.solr.core.CorePropertiesLocator - Found 1 core definitions
[coreLoadExecutor-356-thread-1] INFO org.apache.solr.core.SolrResourceLoader - new SolrResourceLoader for directory: '/tmp/solr-home334848293491887896/core'
[coreLoadExecutor-356-thread-1] INFO org.apache.solr.core.SolrResourceLoader - JNDI not configured for solr (NoInitialContextEx)
[coreLoadExecutor-356-thread-1] INFO org.apache.solr.core.SolrResourceLoader - solr home defaulted to 'solr/' (could not find system property or JNDI)
[coreLoadExecutor-356-thread-1] INFO org.apache.solr.core.SolrResourceLoader - Adding 'file:/tmp/solr-home334848293491887896/core/lib/marker-search-handler-0.3.0.jar' to classloader
[coreLoadExecutor-356-thread-1] INFO org.apache.solr.core.SolrResourceLoader - Adding 'file:/tmp/solr-home334848293491887896/core/lib/suggestion-request-handler-2.1.0.jar' to classloader
[coreLoadExecutor-356-thread-1] INFO org.apache.solr.core.SolrConfig - current version of requestparams : -1
[coreLoadExecutor-356-thread-1] INFO org.apache.solr.update.SolrIndexConfig - IndexWriter infoStream solr logging is enabled
[coreLoadExecutor-356-thread-1] INFO org.apache.solr.core.SolrConfig - Using Lucene MatchVersion: 5.5.0
[coreLoadExecutor-356-thread-1] INFO org.apache.solr.core.SolrConfig - Loaded SolrConfig: solrconfig.xml
[coreLoadExecutor-356-thread-1] INFO org.apache.solr.schema.ManagedIndexSchemaFactory - The schema is configured as managed, but managed schema resource managed-schema not found - loading non-managed schema schema.xml instead
[coreLoadExecutor-356-thread-1] INFO org.apache.solr.schema.IndexSchema - [core] Schema name=basic search lib core
[coreLoadExecutor-356-thread-1] INFO org.apache.solr.schema.IndexSchema - unique key field: _id_
[coreLoadExecutor-356-thread-1] INFO org.apache.solr.schema.ManagedIndexSchema - Upgraded to managed schema at /tmp/solr-home334848293491887896/core/conf/managed-schema
[coreLoadExecutor-356-thread-1] INFO org.apache.solr.schema.ManagedIndexSchemaFactory - After upgrading to managed schema, renamed the non-managed schema /tmp/solr-home334848293491887896/core/conf/schema.xml to /tmp/solr-home334848293491887896/core/conf/schema.xml.bak
[coreLoadExecutor-356-thread-1] INFO org.apache.solr.core.ConfigSetProperties - Did not find ConfigSet properties, assuming default properties: Can't find resource 'configsetprops.json' in classpath or '/tmp/solr-home334848293491887896/core'
[coreLoadExecutor-356-thread-1] INFO org.apache.solr.core.CoreContainer - Creating SolrCore 'core' using configuration from instancedir /tmp/solr-home334848293491887896/core
[coreLoadExecutor-356-thread-1] INFO org.apache.solr.core.SolrCore - solr.NRTCachingDirectoryFactory
[coreLoadExecutor-356-thread-1] INFO org.apache.solr.core.SolrCore - [[core] ] Opening new SolrCore at [/tmp/solr-home334848293491887896/core], dataDir=[/tmp/solr-home334848293491887896/core/data/]
[coreLoadExecutor-356-thread-1] INFO org.apache.solr.core.JmxMonitoredMap - No JMX servers found, not exposing Solr information with JMX.
[coreLoadExecutor-356-thread-1] INFO org.apache.solr.core.SchemaCodecFactory - Using default compressionMode: BEST_SPEED
[coreLoadExecutor-356-thread-1] INFO org.apache.solr.core.CachingDirectoryFactory - return new directory for /tmp/solr-home334848293491887896/core/data
[coreLoadExecutor-356-thread-1] INFO org.apache.solr.core.SolrCore - New index directory detected: old=null new=/tmp/solr-home334848293491887896/core/data/index/
[coreLoadExecutor-356-thread-1] WARN org.apache.solr.core.SolrCore - [core] Solr index directory '/tmp/solr-home334848293491887896/core/data/index' doesn't exist. Creating new index...
[coreLoadExecutor-356-thread-1] INFO org.apache.solr.core.CachingDirectoryFactory - return new directory for /tmp/solr-home334848293491887896/core/data/index
[coreLoadExecutor-356-thread-1] INFO org.apache.solr.update.LoggingInfoStream - [IFD][coreLoadExecutor-356-thread-1]: init: current segments file is "segments"; deletionPolicy=org.apache.solr.core.IndexDeletionPolicyWrapper@6655b0db
[coreLoadExecutor-356-thread-1] INFO org.apache.solr.update.LoggingInfoStream - [IFD][coreLoadExecutor-356-thread-1]: now checkpoint "" [0 segments ; isCommit = false]
[coreLoadExecutor-356-thread-1] INFO org.apache.solr.update.LoggingInfoStream - [IFD][coreLoadExecutor-356-thread-1]: 0 msec to checkpoint
[coreLoadExecutor-356-thread-1] INFO org.apache.solr.update.LoggingInfoStream - [IW][coreLoadExecutor-356-thread-1]: init: create=true
[coreLoadExecutor-356-thread-1] INFO org.apache.solr.update.LoggingInfoStream - [IW][coreLoadExecutor-356-thread-1]: 
dir=NRTCachingDirectory(MMapDirectory@/tmp/solr-home334848293491887896/core/data/index lockFactory=org.apache.lucene.store.NativeFSLockFactory@2c3d74f6; maxCacheMB=48.0 maxMergeSizeMB=4.0)
index=
version=5.5.1
analyzer=org.apache.solr.update.SolrIndexConfig$DelayedSchemaAnalyzer
ramBufferSizeMB=100.0
maxBufferedDocs=-1
maxBufferedDeleteTerms=-1
mergedSegmentWarmer=null
delPolicy=org.apache.solr.core.IndexDeletionPolicyWrapper
commit=null
openMode=CREATE
similarity=org.apache.lucene.search.similarities.ClassicSimilarity
mergeScheduler=ConcurrentMergeScheduler: maxThreadCount=-1, maxMergeCount=-1, ioThrottle=true
default WRITE_LOCK_TIMEOUT=0
writeLockTimeout=0
codec=Lucene54
infoStream=org.apache.solr.update.LoggingInfoStream
mergePolicy=[TieredMergePolicy: maxMergeAtOnce=10, maxMergeAtOnceExplicit=30, maxMergedSegmentMB=5120.0, floorSegmentMB=2.0, forceMergeDeletesPctAllowed=10.0, segmentsPerTier=10.0, maxCFSSegmentSizeMB=8.796093022207999E12, noCFSRatio=0.1
indexerThreadPool=org.apache.lucene.index.DocumentsWriterPerThreadPool@14763f23
readerPooling=false
perThreadHardLimitMB=1945
useCompoundFile=false
commitOnClose=true
writer=org.apache.solr.update.SolrIndexWriter@594e9c3c

[coreLoadExecutor-356-thread-1] INFO org.apache.solr.update.LoggingInfoStream - [IW][coreLoadExecutor-356-thread-1]: MMapDirectory.UNMAP_SUPPORTED=true
[coreLoadExecutor-356-thread-1] INFO org.apache.solr.update.LoggingInfoStream - [IW][coreLoadExecutor-356-thread-1]: now flush at close
[coreLoadExecutor-356-thread-1] INFO org.apache.solr.update.LoggingInfoStream - [IW][coreLoadExecutor-356-thread-1]:   start flush: applyAllDeletes=true
[coreLoadExecutor-356-thread-1] INFO org.apache.solr.update.LoggingInfoStream - [IW][coreLoadExecutor-356-thread-1]:   index before flush 
[coreLoadExecutor-356-thread-1] INFO org.apache.solr.update.LoggingInfoStream - [DW][coreLoadExecutor-356-thread-1]: startFullFlush
[coreLoadExecutor-356-thread-1] INFO org.apache.solr.update.LoggingInfoStream - [DW][coreLoadExecutor-356-thread-1]: coreLoadExecutor-356-thread-1 finishFullFlush success=true
[coreLoadExecutor-356-thread-1] INFO org.apache.solr.update.LoggingInfoStream - [IW][coreLoadExecutor-356-thread-1]: apply all deletes during flush
[coreLoadExecutor-356-thread-1] INFO org.apache.solr.update.LoggingInfoStream - [IW][coreLoadExecutor-356-thread-1]: now apply all deletes for all segments maxDoc=0
[coreLoadExecutor-356-thread-1] INFO org.apache.solr.update.LoggingInfoStream - [BD][coreLoadExecutor-356-thread-1]: prune sis=segments:  minGen=9223372036854775807 packetCount=0
[coreLoadExecutor-356-thread-1] INFO org.apache.solr.update.LoggingInfoStream - [MS][coreLoadExecutor-356-thread-1]: initDynamicDefaults spins=false maxThreadCount=2 maxMergeCount=7
[coreLoadExecutor-356-thread-1] INFO org.apache.solr.update.LoggingInfoStream - [MS][coreLoadExecutor-356-thread-1]: updateMergeThreads ioThrottle=true targetMBPerSec=10240.0 MB/sec
[coreLoadExecutor-356-thread-1] INFO org.apache.solr.update.LoggingInfoStream - [MS][coreLoadExecutor-356-thread-1]: now merge
[coreLoadExecutor-356-thread-1] INFO org.apache.solr.update.LoggingInfoStream - [MS][coreLoadExecutor-356-thread-1]:   index: 
[coreLoadExecutor-356-thread-1] INFO org.apache.solr.update.LoggingInfoStream - [MS][coreLoadExecutor-356-thread-1]:   no more merges pending; now return
[coreLoadExecutor-356-thread-1] INFO org.apache.solr.update.LoggingInfoStream - [IW][coreLoadExecutor-356-thread-1]: waitForMerges
[coreLoadExecutor-356-thread-1] INFO org.apache.solr.update.LoggingInfoStream - [IW][coreLoadExecutor-356-thread-1]: waitForMerges done
[coreLoadExecutor-356-thread-1] INFO org.apache.solr.update.LoggingInfoStream - [IW][coreLoadExecutor-356-thread-1]: commit: start
[coreLoadExecutor-356-thread-1] INFO org.apache.solr.update.LoggingInfoStream - [IW][coreLoadExecutor-356-thread-1]: commit: enter lock
[coreLoadExecutor-356-thread-1] INFO org.apache.solr.update.LoggingInfoStream - [IW][coreLoadExecutor-356-thread-1]: commit: now prepare
[coreLoadExecutor-356-thread-1] INFO org.apache.solr.update.LoggingInfoStream - [IW][coreLoadExecutor-356-thread-1]: prepareCommit: flush
[coreLoadExecutor-356-thread-1] INFO org.apache.solr.update.LoggingInfoStream - [IW][coreLoadExecutor-356-thread-1]:   index before flush 
[coreLoadExecutor-356-thread-1] INFO org.apache.solr.update.LoggingInfoStream - [DW][coreLoadExecutor-356-thread-1]: startFullFlush
[coreLoadExecutor-356-thread-1] INFO org.apache.solr.update.LoggingInfoStream - [IW][coreLoadExecutor-356-thread-1]: apply all deletes during flush
[coreLoadExecutor-356-thread-1] INFO org.apache.solr.update.LoggingInfoStream - [IW][coreLoadExecutor-356-thread-1]: now apply all deletes for all segments maxDoc=0
[coreLoadExecutor-356-thread-1] INFO org.apache.solr.update.LoggingInfoStream - [BD][coreLoadExecutor-356-thread-1]: prune sis=segments:  minGen=9223372036854775807 packetCount=0
[coreLoadExecutor-356-thread-1] INFO org.apache.solr.update.LoggingInfoStream - [DW][coreLoadExecutor-356-thread-1]: coreLoadExecutor-356-thread-1 finishFullFlush success=true
[coreLoadExecutor-356-thread-1] INFO org.apache.solr.update.LoggingInfoStream - [IW][coreLoadExecutor-356-thread-1]: startCommit(): start
[coreLoadExecutor-356-thread-1] INFO org.apache.solr.update.LoggingInfoStream - [IW][coreLoadExecutor-356-thread-1]: startCommit index= changeCount=2
[coreLoadExecutor-356-thread-1] INFO org.apache.solr.update.LoggingInfoStream - [IW][coreLoadExecutor-356-thread-1]: startCommit: wrote pending segments file "pending_segments_1"
[coreLoadExecutor-356-thread-1] INFO org.apache.solr.update.LoggingInfoStream - [IW][coreLoadExecutor-356-thread-1]: done all syncs: []
[coreLoadExecutor-356-thread-1] INFO org.apache.solr.update.LoggingInfoStream - [IW][coreLoadExecutor-356-thread-1]: commit: pendingCommit != null
[coreLoadExecutor-356-thread-1] INFO org.apache.solr.update.LoggingInfoStream - [IW][coreLoadExecutor-356-thread-1]: commit: done writing segments file "segments_1"
[coreLoadExecutor-356-thread-1] INFO org.apache.solr.update.LoggingInfoStream - [IFD][coreLoadExecutor-356-thread-1]: now checkpoint "" [0 segments ; isCommit = true]
[coreLoadExecutor-356-thread-1] INFO org.apache.solr.core.SolrDeletionPolicy - SolrDeletionPolicy.onCommit: commits: num=1
	commit{dir=NRTCachingDirectory(MMapDirectory@/tmp/solr-home334848293491887896/core/data/index lockFactory=org.apache.lucene.store.NativeFSLockFactory@2c3d74f6; maxCacheMB=48.0 maxMergeSizeMB=4.0),segFN=segments_1,generation=1}
[coreLoadExecutor-356-thread-1] INFO org.apache.solr.core.SolrDeletionPolicy - newest commit generation = 1
[coreLoadExecutor-356-thread-1] INFO org.apache.solr.update.LoggingInfoStream - [IFD][coreLoadExecutor-356-thread-1]: 0 msec to checkpoint
[coreLoadExecutor-356-thread-1] INFO org.apache.solr.update.LoggingInfoStream - [IW][coreLoadExecutor-356-thread-1]: commit: took 10.5 msec
[coreLoadExecutor-356-thread-1] INFO org.apache.solr.update.LoggingInfoStream - [IW][coreLoadExecutor-356-thread-1]: commit: done
[coreLoadExecutor-356-thread-1] INFO org.apache.solr.update.LoggingInfoStream - [IW][coreLoadExecutor-356-thread-1]: rollback
[coreLoadExecutor-356-thread-1] INFO org.apache.solr.update.LoggingInfoStream - [IW][coreLoadExecutor-356-thread-1]: all running merges have aborted
[coreLoadExecutor-356-thread-1] INFO org.apache.solr.update.LoggingInfoStream - [IW][coreLoadExecutor-356-thread-1]: rollback: done finish merges
[coreLoadExecutor-356-thread-1] INFO org.apache.solr.update.LoggingInfoStream - [DW][coreLoadExecutor-356-thread-1]: abort
[coreLoadExecutor-356-thread-1] INFO org.apache.solr.update.LoggingInfoStream - [DW][coreLoadExecutor-356-thread-1]: done abort success=true
[coreLoadExecutor-356-thread-1] INFO org.apache.solr.update.LoggingInfoStream - [IW][coreLoadExecutor-356-thread-1]: rollback: infos=
[coreLoadExecutor-356-thread-1] INFO org.apache.solr.update.LoggingInfoStream - [IFD][coreLoadExecutor-356-thread-1]: now checkpoint "" [0 segments ; isCommit = false]
[coreLoadExecutor-356-thread-1] INFO org.apache.solr.update.LoggingInfoStream - [IFD][coreLoadExecutor-356-thread-1]: 0 msec to checkpoint
[OldIndexDirectoryCleanupThreadForCore-core] INFO org.apache.solr.core.SolrCore - Looking for old index directories to cleanup for core core in /tmp/solr-home334848293491887896/core/data/
[coreLoadExecutor-356-thread-1] INFO org.apache.solr.core.SolrCore - no updateRequestProcessorChain defined as default, creating implicit default
[coreLoadExecutor-356-thread-1] INFO org.apache.solr.handler.loader.XMLLoader - xsltCacheLifetimeSeconds=60
[coreLoadExecutor-356-thread-1] INFO org.apache.solr.handler.loader.XMLLoader - xsltCacheLifetimeSeconds=60
[coreLoadExecutor-356-thread-1] INFO org.apache.solr.handler.loader.XMLLoader - xsltCacheLifetimeSeconds=60
[coreLoadExecutor-356-thread-1] INFO org.apache.solr.handler.loader.XMLLoader - xsltCacheLifetimeSeconds=60
[coreLoadExecutor-356-thread-1] INFO org.apache.solr.core.RequestHandlers - Registered paths: /admin/mbeans,,/update/csv,/update/json/docs,/admin/luke,/select,/suggester,/admin/segments,/get,/admin/system,/replication,/admin/properties,/config,/schema,/admin/plugins,/admin/logging,/update/json,/admin/threads,/admin/ping,/update,/admin/file
[coreLoadExecutor-356-thread-1] INFO org.apache.solr.core.SolrCore - Using default statsCache cache: org.apache.solr.search.stats.LocalStatsCache
[coreLoadExecutor-356-thread-1] INFO org.apache.solr.update.UpdateHandler - Using UpdateLog implementation: org.apache.solr.update.UpdateLog
[coreLoadExecutor-356-thread-1] INFO org.apache.solr.update.UpdateLog - Initializing UpdateLog: dataDir= defaultSyncLevel=FLUSH numRecordsToKeep=100 maxNumLogsToKeep=10 numVersionBuckets=65536
[coreLoadExecutor-356-thread-1] INFO org.apache.solr.update.CommitTracker - Hard AutoCommit: if uncommited for 15000ms; 
[coreLoadExecutor-356-thread-1] INFO org.apache.solr.update.CommitTracker - Soft AutoCommit: disabled
[coreLoadExecutor-356-thread-1] INFO org.apache.solr.update.LoggingInfoStream - [IFD][coreLoadExecutor-356-thread-1]: init: current segments file is "segments_1"; deletionPolicy=org.apache.solr.core.IndexDeletionPolicyWrapper@6655b0db
[coreLoadExecutor-356-thread-1] INFO org.apache.solr.update.LoggingInfoStream - [IFD][coreLoadExecutor-356-thread-1]: init: load commit "segments_1"
[coreLoadExecutor-356-thread-1] INFO org.apache.solr.core.SolrDeletionPolicy - SolrDeletionPolicy.onInit: commits: num=1
	commit{dir=NRTCachingDirectory(MMapDirectory@/tmp/solr-home334848293491887896/core/data/index lockFactory=org.apache.lucene.store.NativeFSLockFactory@2c3d74f6; maxCacheMB=48.0 maxMergeSizeMB=4.0),segFN=segments_1,generation=1}
[coreLoadExecutor-356-thread-1] INFO org.apache.solr.core.SolrDeletionPolicy - newest commit generation = 1
[coreLoadExecutor-356-thread-1] INFO org.apache.solr.update.LoggingInfoStream - [IFD][coreLoadExecutor-356-thread-1]: now checkpoint "" [0 segments ; isCommit = false]
[coreLoadExecutor-356-thread-1] INFO org.apache.solr.update.LoggingInfoStream - [IFD][coreLoadExecutor-356-thread-1]: 0 msec to checkpoint
[coreLoadExecutor-356-thread-1] INFO org.apache.solr.update.LoggingInfoStream - [IW][coreLoadExecutor-356-thread-1]: init: create=false
[coreLoadExecutor-356-thread-1] INFO org.apache.solr.update.LoggingInfoStream - [IW][coreLoadExecutor-356-thread-1]: 
dir=NRTCachingDirectory(MMapDirectory@/tmp/solr-home334848293491887896/core/data/index lockFactory=org.apache.lucene.store.NativeFSLockFactory@2c3d74f6; maxCacheMB=48.0 maxMergeSizeMB=4.0)
index=
version=5.5.1
analyzer=org.apache.solr.update.SolrIndexConfig$DelayedSchemaAnalyzer
ramBufferSizeMB=100.0
maxBufferedDocs=-1
maxBufferedDeleteTerms=-1
mergedSegmentWarmer=null
delPolicy=org.apache.solr.core.IndexDeletionPolicyWrapper
commit=null
openMode=APPEND
similarity=org.apache.lucene.search.similarities.ClassicSimilarity
mergeScheduler=ConcurrentMergeScheduler: maxThreadCount=-1, maxMergeCount=-1, ioThrottle=true
default WRITE_LOCK_TIMEOUT=0
writeLockTimeout=0
codec=Lucene54
infoStream=org.apache.solr.update.LoggingInfoStream
mergePolicy=[TieredMergePolicy: maxMergeAtOnce=10, maxMergeAtOnceExplicit=30, maxMergedSegmentMB=5120.0, floorSegmentMB=2.0, forceMergeDeletesPctAllowed=10.0, segmentsPerTier=10.0, maxCFSSegmentSizeMB=8.796093022207999E12, noCFSRatio=0.1
indexerThreadPool=org.apache.lucene.index.DocumentsWriterPerThreadPool@6e4a46cc
readerPooling=false
perThreadHardLimitMB=1945
useCompoundFile=false
commitOnClose=true
writer=org.apache.solr.update.SolrIndexWriter@60408347

[coreLoadExecutor-356-thread-1] INFO org.apache.solr.update.LoggingInfoStream - [IW][coreLoadExecutor-356-thread-1]: MMapDirectory.UNMAP_SUPPORTED=true
[coreLoadExecutor-356-thread-1] INFO org.apache.solr.update.LoggingInfoStream - [IW][coreLoadExecutor-356-thread-1]: flush at getReader
[coreLoadExecutor-356-thread-1] INFO org.apache.solr.update.LoggingInfoStream - [DW][coreLoadExecutor-356-thread-1]: startFullFlush
[coreLoadExecutor-356-thread-1] INFO org.apache.solr.update.LoggingInfoStream - [IW][coreLoadExecutor-356-thread-1]: apply all deletes during flush
[coreLoadExecutor-356-thread-1] INFO org.apache.solr.update.LoggingInfoStream - [IW][coreLoadExecutor-356-thread-1]: now apply all deletes for all segments maxDoc=0
[coreLoadExecutor-356-thread-1] INFO org.apache.solr.update.LoggingInfoStream - [BD][coreLoadExecutor-356-thread-1]: prune sis=segments_1:  minGen=9223372036854775807 packetCount=0
[coreLoadExecutor-356-thread-1] INFO org.apache.solr.update.LoggingInfoStream - [IW][coreLoadExecutor-356-thread-1]: incRefDeleter for NRT reader version=2 segments=
[coreLoadExecutor-356-thread-1] INFO org.apache.solr.update.LoggingInfoStream - [IW][coreLoadExecutor-356-thread-1]: return reader version=2 reader=StandardDirectoryReader(segments_1:2:nrt)
[coreLoadExecutor-356-thread-1] INFO org.apache.solr.update.LoggingInfoStream - [DW][coreLoadExecutor-356-thread-1]: coreLoadExecutor-356-thread-1 finishFullFlush success=true
[coreLoadExecutor-356-thread-1] INFO org.apache.solr.update.LoggingInfoStream - [IW][coreLoadExecutor-356-thread-1]: getReader took 1 msec
[coreLoadExecutor-356-thread-1] INFO org.apache.solr.search.SolrIndexSearcher - Opening Searcher@d3b6b67[core] main
[coreLoadExecutor-356-thread-1] INFO org.apache.solr.rest.ManagedResourceStorage - File-based storage initialized to use dir: /tmp/solr-home334848293491887896/core/conf
[coreLoadExecutor-356-thread-1] INFO org.apache.solr.rest.RestManager - Initializing RestManager with initArgs: {storageDir=/tmp/solr-home334848293491887896/core/conf}
[coreLoadExecutor-356-thread-1] INFO org.apache.solr.rest.ManagedResourceStorage - Reading _rest_managed.json using file:dir=/tmp/solr-home334848293491887896/core/conf
[coreLoadExecutor-356-thread-1] INFO org.apache.solr.rest.RestManager - Initializing 0 registered ManagedResources
[coreLoadExecutor-356-thread-1] INFO org.apache.solr.handler.component.SpellCheckComponent - Initializing spell checkers
[coreLoadExecutor-356-thread-1] INFO org.apache.solr.handler.component.SpellCheckComponent - Registering newSearcher listener for spellchecker: default
[coreLoadExecutor-356-thread-1] INFO org.apache.solr.handler.component.SpellCheckComponent - No queryConverter defined, using default converter
[coreLoadExecutor-356-thread-1] INFO org.apache.solr.handler.ReplicationHandler - Commits will be reserved for  10000
[coreLoadExecutor-356-thread-1] INFO org.apache.solr.update.UpdateLog - Looking up max value of version field to seed version buckets
[coreLoadExecutor-356-thread-1] INFO org.apache.solr.update.VersionInfo - Refreshing highest value of _version_ for 65536 version buckets from index
[searcherExecutor-357-thread-1] INFO org.apache.solr.handler.component.SpellCheckComponent - Loading spell index for spellchecker: default
[coreLoadExecutor-356-thread-1] INFO org.apache.solr.update.VersionInfo - No terms found for _version_, cannot seed version bucket highest value from index
[coreLoadExecutor-356-thread-1] INFO org.apache.solr.update.UpdateLog - Could not find max version in index or recent updates, using new clock 1576087837879566336
[searcherExecutor-357-thread-1] INFO org.apache.solr.core.SolrCore - [core] Registered new searcher Searcher@d3b6b67[core] main{ExitableDirectoryReader(UninvertingDirectoryReader())}
[coreLoadExecutor-356-thread-1] INFO org.apache.solr.update.UpdateLog - Took 1.0ms to seed version buckets with highest version 1576087837879566336
[coreLoadExecutor-356-thread-1] INFO org.apache.solr.core.CoreContainer - registering core: core
[Test worker] INFO org.apache.solr.core.SolrCore.Request - [core]  webapp=null path=/admin/ping params={} hits=0 status=0 QTime=0
[Test worker] INFO org.apache.solr.core.SolrCore.Request - [core]  webapp=null path=/admin/ping params={} status=0 QTime=0
[Test worker] INFO com.rbmhtechnology.vind.solr.SolrSearchServer - Connection to solr server successful
[Test worker] INFO org.apache.solr.core.SolrCore.Request - [core]  webapp=null path=/schema params={} status=0 QTime=0
[Test worker] INFO com.rbmhtechnology.vind.solr.SolrSearchServer - No server provider of type class com.rbmhtechnology.vind.solr.EmbeddedSolrServerProvider found in classpath for server com.rbmhtechnology.vind.solr.SolrSearchServer
[Test worker] INFO org.apache.solr.update.processor.LogUpdateProcessorFactory - [core]  webapp=null path=/update params={}{add=[1 (1576087837885857792)]} 0 1
[Test worker] INFO org.apache.solr.update.processor.LogUpdateProcessorFactory - [core]  webapp=null path=/update params={}{add=[2 (1576087837887954944)]} 0 0
[Test worker] INFO org.apache.solr.update.DirectUpdateHandler2 - start commit{,optimize=false,openSearcher=true,waitSearcher=true,expungeDeletes=false,softCommit=false,prepareCommit=false}
[Test worker] INFO org.apache.solr.update.LoggingInfoStream - [IW][Test worker]: commit: start
[Test worker] INFO org.apache.solr.update.LoggingInfoStream - [IW][Test worker]: commit: enter lock
[Test worker] INFO org.apache.solr.update.LoggingInfoStream - [IW][Test worker]: commit: now prepare
[Test worker] INFO org.apache.solr.update.LoggingInfoStream - [IW][Test worker]: prepareCommit: flush
[Test worker] INFO org.apache.solr.update.LoggingInfoStream - [IW][Test worker]:   index before flush 
[Test worker] INFO org.apache.solr.update.LoggingInfoStream - [DW][Test worker]: startFullFlush
[Test worker] INFO org.apache.solr.update.LoggingInfoStream - [DW][Test worker]: anyChanges? numDocsInRam=2 deletes=true hasTickets:false pendingChangesInFullFlush: false
[Test worker] INFO org.apache.solr.update.LoggingInfoStream - [DWFC][Test worker]: addFlushableState DocumentsWriterPerThread [pendingDeletes=gen=0 1 deleted terms (unique count=1) bytesUsed=169, segment=_0, aborted=false, numDocsInRAM=2, deleteQueue=DWDQ: [ generation: 1 ]]
[Test worker] INFO org.apache.solr.update.LoggingInfoStream - [DWPT][Test worker]: flush postings as segment _0 numDocs=2
[Test worker] INFO org.apache.solr.update.LoggingInfoStream - [IW][Test worker]: 0 msec to write norms
[Test worker] INFO org.apache.solr.update.LoggingInfoStream - [IW][Test worker]: 0 msec to write docValues
[Test worker] INFO org.apache.solr.update.LoggingInfoStream - [IW][Test worker]: 0 msec to finish stored fields
[Test worker] INFO org.apache.solr.update.LoggingInfoStream - [IW][Test worker]: 0 msec to write postings and finish vectors
[Test worker] INFO org.apache.solr.update.LoggingInfoStream - [IW][Test worker]: 0 msec to write fieldInfos
[Test worker] INFO org.apache.solr.update.LoggingInfoStream - [DWPT][Test worker]: new segment has 0 deleted docs
[Test worker] INFO org.apache.solr.update.LoggingInfoStream - [DWPT][Test worker]: new segment has no vectors; norms; docValues; prox; freqs
[Test worker] INFO org.apache.solr.update.LoggingInfoStream - [DWPT][Test worker]: flushedFiles=[_0_Lucene54_0.dvm, _0_Lucene50_0.doc, _0_Lucene50_0.tim, _0_Lucene50_0.pos, _0.nvd, _0.fdx, _0_Lucene54_0.dvd, _0_Lucene50_0.tip, _0.fdt, _0.nvm, _0.fnm]
[Test worker] INFO org.apache.solr.update.LoggingInfoStream - [DWPT][Test worker]: flushed codec=Lucene54
[Test worker] INFO org.apache.solr.update.LoggingInfoStream - [DWPT][Test worker]: flushed: segment=_0 ramUsed=0.415 MB newFlushedSize=0.005 MB docs/MB=425.818
[Test worker] INFO org.apache.solr.update.LoggingInfoStream - [DW][Test worker]: publishFlushedSegment seg-private updates=null
[Test worker] INFO org.apache.solr.update.LoggingInfoStream - [IW][Test worker]: publishFlushedSegment
[Test worker] INFO org.apache.solr.update.LoggingInfoStream - [BD][Test worker]: push deletes  2 deleted terms (unique count=2) bytesUsed=1072 segmentPrivate?=false delGen=2 packetCount=1 totBytesUsed=1072
[Test worker] INFO org.apache.solr.update.LoggingInfoStream - [IW][Test worker]: publish sets newSegment delGen=3 seg=_0(5.5.1):C2
[Test worker] INFO org.apache.solr.update.LoggingInfoStream - [IFD][Test worker]: now checkpoint "_0(5.5.1):C2" [1 segments ; isCommit = false]
[Test worker] INFO org.apache.solr.update.LoggingInfoStream - [IFD][Test worker]: 0 msec to checkpoint
[Test worker] INFO org.apache.solr.update.LoggingInfoStream - [IW][Test worker]: apply all deletes during flush
[Test worker] INFO org.apache.solr.update.LoggingInfoStream - [IW][Test worker]: now apply all deletes for all segments maxDoc=2
[Test worker] INFO org.apache.solr.update.LoggingInfoStream - [BD][Test worker]: applyDeletes: open segment readers took 0 msec
[Test worker] INFO org.apache.solr.update.LoggingInfoStream - [BD][Test worker]: applyDeletes: infos=[_0(5.5.1):C2] packetCount=1
[Test worker] INFO org.apache.solr.update.LoggingInfoStream - [BD][Test worker]: applyDeletes took 0 msec for 1 segments, 0 newly deleted docs (query deletes), 0 visited terms, allDeleted=null
[Test worker] INFO org.apache.solr.update.LoggingInfoStream - [BD][Test worker]: prune sis=segments_1: _0(5.5.1):C2 minGen=3 packetCount=1
[Test worker] INFO org.apache.solr.update.LoggingInfoStream - [BD][Test worker]: pruneDeletes: prune 1 packets; 0 packets remain
[Test worker] INFO org.apache.solr.update.LoggingInfoStream - [DW][Test worker]: Test worker finishFullFlush success=true
[Test worker] INFO org.apache.solr.update.LoggingInfoStream - [TMP][Test worker]: findMerges: 1 segments
[Test worker] INFO org.apache.solr.update.LoggingInfoStream - [TMP][Test worker]:   seg=_0(5.5.1):C2 size=0.005 MB [floored]
[Test worker] INFO org.apache.solr.update.LoggingInfoStream - [TMP][Test worker]:   allowedSegmentCount=1 vs count=1 (eligible count=1) tooBigCount=0
[Test worker] INFO org.apache.solr.update.LoggingInfoStream - [MS][Test worker]: initDynamicDefaults spins=false maxThreadCount=2 maxMergeCount=7
[Test worker] INFO org.apache.solr.update.LoggingInfoStream - [MS][Test worker]: now merge
[Test worker] INFO org.apache.solr.update.LoggingInfoStream - [MS][Test worker]:   index: _0(5.5.1):C2
[Test worker] INFO org.apache.solr.update.LoggingInfoStream - [MS][Test worker]:   no more merges pending; now return
[Test worker] INFO org.apache.solr.update.LoggingInfoStream - [IW][Test worker]: startCommit(): start
[Test worker] INFO org.apache.solr.update.LoggingInfoStream - [IW][Test worker]: startCommit index=_0(5.5.1):C2 changeCount=4
[Test worker] INFO org.apache.solr.update.LoggingInfoStream - [IW][Test worker]: startCommit: wrote pending segments file "pending_segments_2"
[Test worker] INFO org.apache.solr.update.LoggingInfoStream - [IW][Test worker]: done all syncs: [_0.si, _0_Lucene50_0.doc, _0_Lucene50_0.tim, _0_Lucene54_0.dvm, _0_Lucene50_0.pos, _0.nvd, _0.fdx, _0_Lucene54_0.dvd, _0_Lucene50_0.tip, _0.fdt, _0.nvm, _0.fnm]
[Test worker] INFO org.apache.solr.update.LoggingInfoStream - [IW][Test worker]: commit: pendingCommit != null
[Test worker] INFO org.apache.solr.update.LoggingInfoStream - [IW][Test worker]: commit: done writing segments file "segments_2"
[Test worker] INFO org.apache.solr.update.LoggingInfoStream - [IFD][Test worker]: now checkpoint "_0(5.5.1):C2" [1 segments ; isCommit = true]
[Test worker] INFO org.apache.solr.core.SolrDeletionPolicy - SolrDeletionPolicy.onCommit: commits: num=2
	commit{dir=NRTCachingDirectory(MMapDirectory@/tmp/solr-home334848293491887896/core/data/index lockFactory=org.apache.lucene.store.NativeFSLockFactory@2c3d74f6; maxCacheMB=48.0 maxMergeSizeMB=4.0),segFN=segments_1,generation=1}
	commit{dir=NRTCachingDirectory(MMapDirectory@/tmp/solr-home334848293491887896/core/data/index lockFactory=org.apache.lucene.store.NativeFSLockFactory@2c3d74f6; maxCacheMB=48.0 maxMergeSizeMB=4.0),segFN=segments_2,generation=2}
[Test worker] INFO org.apache.solr.core.SolrDeletionPolicy - newest commit generation = 2
[Test worker] INFO org.apache.solr.update.LoggingInfoStream - [IFD][Test worker]: deleteCommits: now decRef commit "segments_1"
[Test worker] INFO org.apache.solr.update.LoggingInfoStream - [IFD][Test worker]: delete "segments_1"
[Test worker] INFO org.apache.solr.update.LoggingInfoStream - [IFD][Test worker]: 0 msec to checkpoint
[Test worker] INFO org.apache.solr.update.LoggingInfoStream - [IW][Test worker]: commit: took 55.7 msec
[Test worker] INFO org.apache.solr.update.LoggingInfoStream - [IW][Test worker]: commit: done
[Test worker] INFO org.apache.solr.update.LoggingInfoStream - [IW][Test worker]: nrtIsCurrent: infoVersion matches: false; DW changes: false; BD changes: false
[Test worker] INFO org.apache.solr.update.LoggingInfoStream - [IW][Test worker]: flush at getReader
[Test worker] INFO org.apache.solr.update.LoggingInfoStream - [DW][Test worker]: startFullFlush
[Test worker] INFO org.apache.solr.update.LoggingInfoStream - [IW][Test worker]: apply all deletes during flush
[Test worker] INFO org.apache.solr.update.LoggingInfoStream - [IW][Test worker]: now apply all deletes for all segments maxDoc=2
[Test worker] INFO org.apache.solr.update.LoggingInfoStream - [BD][Test worker]: applyDeletes: open segment readers took 0 msec
[Test worker] INFO org.apache.solr.update.LoggingInfoStream - [BD][Test worker]: applyDeletes: no segments; skipping
[Test worker] INFO org.apache.solr.update.LoggingInfoStream - [BD][Test worker]: prune sis=segments_2: _0(5.5.1):C2 minGen=3 packetCount=0
[Test worker] INFO org.apache.solr.update.LoggingInfoStream - [IW][Test worker]: incRefDeleter for NRT reader version=6 segments=_0(5.5.1):C2
[Test worker] INFO org.apache.solr.update.LoggingInfoStream - [IW][Test worker]: return reader version=6 reader=StandardDirectoryReader(segments_2:6:nrt _0(5.5.1):C2)
[Test worker] INFO org.apache.solr.update.LoggingInfoStream - [DW][Test worker]: Test worker finishFullFlush success=true
[Test worker] INFO org.apache.solr.update.LoggingInfoStream - [IW][Test worker]: getReader took 1 msec
[Test worker] INFO org.apache.solr.search.SolrIndexSearcher - Opening Searcher@4cc4098b[core] main
[searcherExecutor-357-thread-1] INFO org.apache.solr.handler.component.SpellCheckComponent - Building spell index for spell checker: default
[Test worker] INFO org.apache.solr.update.DirectUpdateHandler2 - end_commit_flush
[searcherExecutor-357-thread-1] INFO org.apache.solr.core.SolrCore - [core] Registered new searcher Searcher@4cc4098b[core] main{ExitableDirectoryReader(UninvertingDirectoryReader(Uninverting(_0(5.5.1):C2)))}
[searcherExecutor-357-thread-1] INFO org.apache.solr.update.LoggingInfoStream - [IW][searcherExecutor-357-thread-1]: decRefDeleter for NRT reader version=2 segments=
[Test worker] INFO org.apache.solr.update.processor.LogUpdateProcessorFactory - [core]  webapp=null path=/update params={commit=true&softCommit=false&waitSearcher=true}{commit=} 0 81
[Test worker] INFO org.apache.solr.core.SolrCore.Request - [core]  webapp=null path=/select params={q=*&fl=*,score&qf=dynamic_multi_none_numberFacetBooleanStoredTaxonomy^1.0&defType=edismax&fq=_type_:asset&start=0&rows=10} hits=2 status=0 QTime=0
[Test worker] INFO org.apache.solr.core.CoreContainer - Shutting down CoreContainer instance=1105354584
[coreCloseExecutor-362-thread-1] INFO org.apache.solr.core.SolrCore - [core]  CLOSING SolrCore org.apache.solr.core.SolrCore@6420214e
[coreCloseExecutor-362-thread-1] INFO org.apache.solr.update.DirectUpdateHandler2 - closing DirectUpdateHandler2{commits=1,autocommit maxTime=15000ms,autocommits=0,soft autocommits=0,optimizes=0,rollbacks=0,expungeDeletes=0,docsPending=0,adds=0,deletesById=0,deletesByQuery=0,errors=0,cumulative_adds=2,cumulative_deletesById=0,cumulative_deletesByQuery=0,cumulative_errors=0,transaction_logs_total_size=783,transaction_logs_total_number=1}
[coreCloseExecutor-362-thread-1] INFO org.apache.solr.update.SolrCoreState - Closing SolrCoreState
[coreCloseExecutor-362-thread-1] INFO org.apache.solr.update.DefaultSolrCoreState - SolrCoreState ref count has reached 0 - closing IndexWriter
[coreCloseExecutor-362-thread-1] INFO org.apache.solr.update.DefaultSolrCoreState - closing IndexWriter with IndexWriterCloser
[coreCloseExecutor-362-thread-1] INFO org.apache.solr.update.LoggingInfoStream - [IW][coreCloseExecutor-362-thread-1]: now flush at close
[coreCloseExecutor-362-thread-1] INFO org.apache.solr.update.LoggingInfoStream - [IW][coreCloseExecutor-362-thread-1]:   start flush: applyAllDeletes=true
[coreCloseExecutor-362-thread-1] INFO org.apache.solr.update.LoggingInfoStream - [IW][coreCloseExecutor-362-thread-1]:   index before flush _0(5.5.1):C2
[coreCloseExecutor-362-thread-1] INFO org.apache.solr.update.LoggingInfoStream - [DW][coreCloseExecutor-362-thread-1]: startFullFlush
[coreCloseExecutor-362-thread-1] INFO org.apache.solr.update.LoggingInfoStream - [DW][coreCloseExecutor-362-thread-1]: coreCloseExecutor-362-thread-1 finishFullFlush success=true
[coreCloseExecutor-362-thread-1] INFO org.apache.solr.update.LoggingInfoStream - [IW][coreCloseExecutor-362-thread-1]: apply all deletes during flush
[coreCloseExecutor-362-thread-1] INFO org.apache.solr.update.LoggingInfoStream - [IW][coreCloseExecutor-362-thread-1]: now apply all deletes for all segments maxDoc=2
[coreCloseExecutor-362-thread-1] INFO org.apache.solr.update.LoggingInfoStream - [BD][coreCloseExecutor-362-thread-1]: applyDeletes: open segment readers took 0 msec
[coreCloseExecutor-362-thread-1] INFO org.apache.solr.update.LoggingInfoStream - [BD][coreCloseExecutor-362-thread-1]: applyDeletes: no segments; skipping
[coreCloseExecutor-362-thread-1] INFO org.apache.solr.update.LoggingInfoStream - [BD][coreCloseExecutor-362-thread-1]: prune sis=segments_2: _0(5.5.1):C2 minGen=3 packetCount=0
[coreCloseExecutor-362-thread-1] INFO org.apache.solr.update.LoggingInfoStream - [MS][coreCloseExecutor-362-thread-1]: updateMergeThreads ioThrottle=true targetMBPerSec=10240.0 MB/sec
[coreCloseExecutor-362-thread-1] INFO org.apache.solr.update.LoggingInfoStream - [MS][coreCloseExecutor-362-thread-1]: now merge
[coreCloseExecutor-362-thread-1] INFO org.apache.solr.update.LoggingInfoStream - [MS][coreCloseExecutor-362-thread-1]:   index: _0(5.5.1):C2
[coreCloseExecutor-362-thread-1] INFO org.apache.solr.update.LoggingInfoStream - [MS][coreCloseExecutor-362-thread-1]:   no more merges pending; now return
[coreCloseExecutor-362-thread-1] INFO org.apache.solr.update.LoggingInfoStream - [IW][coreCloseExecutor-362-thread-1]: waitForMerges
[coreCloseExecutor-362-thread-1] INFO org.apache.solr.update.LoggingInfoStream - [IW][coreCloseExecutor-362-thread-1]: waitForMerges done
[coreCloseExecutor-362-thread-1] INFO org.apache.solr.update.LoggingInfoStream - [IW][coreCloseExecutor-362-thread-1]: commit: start
[coreCloseExecutor-362-thread-1] INFO org.apache.solr.update.LoggingInfoStream - [IW][coreCloseExecutor-362-thread-1]: commit: enter lock
[coreCloseExecutor-362-thread-1] INFO org.apache.solr.update.LoggingInfoStream - [IW][coreCloseExecutor-362-thread-1]: commit: now prepare
[coreCloseExecutor-362-thread-1] INFO org.apache.solr.update.LoggingInfoStream - [IW][coreCloseExecutor-362-thread-1]: prepareCommit: flush
[coreCloseExecutor-362-thread-1] INFO org.apache.solr.update.LoggingInfoStream - [IW][coreCloseExecutor-362-thread-1]:   index before flush _0(5.5.1):C2
[coreCloseExecutor-362-thread-1] INFO org.apache.solr.update.LoggingInfoStream - [DW][coreCloseExecutor-362-thread-1]: startFullFlush
[coreCloseExecutor-362-thread-1] INFO org.apache.solr.update.LoggingInfoStream - [IW][coreCloseExecutor-362-thread-1]: apply all deletes during flush
[coreCloseExecutor-362-thread-1] INFO org.apache.solr.update.LoggingInfoStream - [IW][coreCloseExecutor-362-thread-1]: now apply all deletes for all segments maxDoc=2
[coreCloseExecutor-362-thread-1] INFO org.apache.solr.update.LoggingInfoStream - [BD][coreCloseExecutor-362-thread-1]: applyDeletes: open segment readers took 0 msec
[coreCloseExecutor-362-thread-1] INFO org.apache.solr.update.LoggingInfoStream - [BD][coreCloseExecutor-362-thread-1]: applyDeletes: no segments; skipping
[coreCloseExecutor-362-thread-1] INFO org.apache.solr.update.LoggingInfoStream - [BD][coreCloseExecutor-362-thread-1]: prune sis=segments_2: _0(5.5.1):C2 minGen=3 packetCount=0
[coreCloseExecutor-362-thread-1] INFO org.apache.solr.update.LoggingInfoStream - [DW][coreCloseExecutor-362-thread-1]: coreCloseExecutor-362-thread-1 finishFullFlush success=true
[coreCloseExecutor-362-thread-1] INFO org.apache.solr.update.LoggingInfoStream - [IW][coreCloseExecutor-362-thread-1]: startCommit(): start
[coreCloseExecutor-362-thread-1] INFO org.apache.solr.update.LoggingInfoStream - [IW][coreCloseExecutor-362-thread-1]:   skip startCommit(): no changes pending
[coreCloseExecutor-362-thread-1] INFO org.apache.solr.update.LoggingInfoStream - [IW][coreCloseExecutor-362-thread-1]: commit: pendingCommit == null; skip
[coreCloseExecutor-362-thread-1] INFO org.apache.solr.update.LoggingInfoStream - [IW][coreCloseExecutor-362-thread-1]: commit: took 0.2 msec
[coreCloseExecutor-362-thread-1] INFO org.apache.solr.update.LoggingInfoStream - [IW][coreCloseExecutor-362-thread-1]: commit: done
[coreCloseExecutor-362-thread-1] INFO org.apache.solr.update.LoggingInfoStream - [IW][coreCloseExecutor-362-thread-1]: rollback
[coreCloseExecutor-362-thread-1] INFO org.apache.solr.update.LoggingInfoStream - [IW][coreCloseExecutor-362-thread-1]: all running merges have aborted
[coreCloseExecutor-362-thread-1] INFO org.apache.solr.update.LoggingInfoStream - [IW][coreCloseExecutor-362-thread-1]: rollback: done finish merges
[coreCloseExecutor-362-thread-1] INFO org.apache.solr.update.LoggingInfoStream - [DW][coreCloseExecutor-362-thread-1]: abort
[coreCloseExecutor-362-thread-1] INFO org.apache.solr.update.LoggingInfoStream - [DW][coreCloseExecutor-362-thread-1]: done abort success=true
[coreCloseExecutor-362-thread-1] INFO org.apache.solr.update.LoggingInfoStream - [IW][coreCloseExecutor-362-thread-1]: rollback: infos=_0(5.5.1):C2
[coreCloseExecutor-362-thread-1] INFO org.apache.solr.update.LoggingInfoStream - [IFD][coreCloseExecutor-362-thread-1]: now checkpoint "_0(5.5.1):C2" [1 segments ; isCommit = false]
[coreCloseExecutor-362-thread-1] INFO org.apache.solr.update.LoggingInfoStream - [IFD][coreCloseExecutor-362-thread-1]: 0 msec to checkpoint
[coreCloseExecutor-362-thread-1] INFO org.apache.solr.core.SolrCore - [core] Closing main searcher on request.
[coreCloseExecutor-362-thread-1] INFO org.apache.solr.core.CachingDirectoryFactory - Closing NRTCachingDirectoryFactory - 2 directories currently being tracked
[coreCloseExecutor-362-thread-1] INFO org.apache.solr.core.CachingDirectoryFactory - looking to close /tmp/solr-home334848293491887896/core/data/index [CachedDir<<refCount=0;path=/tmp/solr-home334848293491887896/core/data/index;done=false>>]
[coreCloseExecutor-362-thread-1] INFO org.apache.solr.core.CachingDirectoryFactory - Closing directory: /tmp/solr-home334848293491887896/core/data/index
[coreCloseExecutor-362-thread-1] INFO org.apache.solr.core.CachingDirectoryFactory - looking to close /tmp/solr-home334848293491887896/core/data [CachedDir<<refCount=0;path=/tmp/solr-home334848293491887896/core/data;done=false>>]
[coreCloseExecutor-362-thread-1] INFO org.apache.solr.core.CachingDirectoryFactory - Closing directory: /tmp/solr-home334848293491887896/core/data
[Test worker] INFO com.rbmhtechnology.vind.solr.SolrSearchServer - No server provider of type class com.rbmhtechnology.vind.solr.EmbeddedSolrServerProvider found in classpath for server com.rbmhtechnology.vind.solr.SolrSearchServer
[Test worker] INFO com.rbmhtechnology.vind.solr.SolrSearchServer - No server provider of type class com.rbmhtechnology.vind.solr.EmbeddedSolrServerProvider found in classpath for server com.rbmhtechnology.vind.solr.SolrSearchServer
[Test worker] INFO org.apache.solr.core.SolrResourceLoader - new SolrResourceLoader for directory: '/tmp/solr-home5746371180405894342'
[Test worker] INFO org.apache.solr.core.SolrResourceLoader - JNDI not configured for solr (NoInitialContextEx)
[Test worker] INFO org.apache.solr.core.SolrResourceLoader - solr home defaulted to 'solr/' (could not find system property or JNDI)
[Test worker] INFO org.apache.solr.core.SolrXmlConfig - Loading container configuration from /tmp/solr-home5746371180405894342/solr.xml
[Test worker] INFO org.apache.solr.core.CorePropertiesLocator - Config-defined core root directory: /tmp/solr-home5746371180405894342
[Test worker] INFO org.apache.solr.core.CoreContainer - New CoreContainer 1781776770
[Test worker] INFO org.apache.solr.core.CoreContainer - Loading cores into CoreContainer [instanceDir=/tmp/solr-home5746371180405894342]
[Test worker] WARN org.apache.solr.core.CoreContainer - Couldn't add files from /tmp/solr-home5746371180405894342/lib to classpath: /tmp/solr-home5746371180405894342/lib
[Test worker] INFO org.apache.solr.handler.component.HttpShardHandlerFactory - created with socketTimeout : 120000,connTimeout : 15000,maxConnectionsPerHost : 20,maxConnections : 10000,corePoolSize : 0,maximumPoolSize : 2147483647,maxThreadIdleTime : 5,sizeOfQueue : -1,fairnessPolicy : false,useRetries : false,
[Test worker] INFO org.apache.solr.update.UpdateShardHandler - Creating UpdateShardHandler HTTP client with params: socketTimeout=600000&connTimeout=60000&retry=true
[Test worker] INFO org.apache.solr.logging.LogWatcher - SLF4J impl is org.slf4j.impl.SimpleLoggerFactory
[Test worker] INFO org.apache.solr.logging.LogWatcher - No LogWatcher configured
[Test worker] INFO org.apache.solr.core.CoreContainer - Security conf doesn't exist. Skipping setup for authorization module.
[Test worker] INFO org.apache.solr.core.CoreContainer - No authentication plugin used.
[Test worker] INFO org.apache.solr.core.CorePropertiesLocator - Looking for core definitions underneath /tmp/solr-home5746371180405894342
[Test worker] INFO org.apache.solr.core.CoreDescriptor - Created CoreDescriptor: {runtimeLib=false, name=core, config=solrconfig.xml, loadOnStartup=true, schema=schema.xml, configSetProperties=configsetprops.json, transient=false, dataDir=data/}
[Test worker] INFO org.apache.solr.core.CorePropertiesLocator - Found core core in /tmp/solr-home5746371180405894342/core
[Test worker] INFO org.apache.solr.core.CorePropertiesLocator - Found 1 core definitions
[coreLoadExecutor-369-thread-1] INFO org.apache.solr.core.SolrResourceLoader - new SolrResourceLoader for directory: '/tmp/solr-home5746371180405894342/core'
[coreLoadExecutor-369-thread-1] INFO org.apache.solr.core.SolrResourceLoader - JNDI not configured for solr (NoInitialContextEx)
[coreLoadExecutor-369-thread-1] INFO org.apache.solr.core.SolrResourceLoader - solr home defaulted to 'solr/' (could not find system property or JNDI)
[coreLoadExecutor-369-thread-1] INFO org.apache.solr.core.SolrResourceLoader - Adding 'file:/tmp/solr-home5746371180405894342/core/lib/marker-search-handler-0.3.0.jar' to classloader
[coreLoadExecutor-369-thread-1] INFO org.apache.solr.core.SolrResourceLoader - Adding 'file:/tmp/solr-home5746371180405894342/core/lib/suggestion-request-handler-2.1.0.jar' to classloader
[coreLoadExecutor-369-thread-1] INFO org.apache.solr.core.SolrConfig - current version of requestparams : -1
[coreLoadExecutor-369-thread-1] INFO org.apache.solr.update.SolrIndexConfig - IndexWriter infoStream solr logging is enabled
[coreLoadExecutor-369-thread-1] INFO org.apache.solr.core.SolrConfig - Using Lucene MatchVersion: 5.5.0
[coreLoadExecutor-369-thread-1] INFO org.apache.solr.core.SolrConfig - Loaded SolrConfig: solrconfig.xml
[coreLoadExecutor-369-thread-1] INFO org.apache.solr.schema.ManagedIndexSchemaFactory - The schema is configured as managed, but managed schema resource managed-schema not found - loading non-managed schema schema.xml instead
[coreLoadExecutor-369-thread-1] INFO org.apache.solr.schema.IndexSchema - [core] Schema name=basic search lib core
[coreLoadExecutor-369-thread-1] INFO org.apache.solr.schema.IndexSchema - unique key field: _id_
[coreLoadExecutor-369-thread-1] INFO org.apache.solr.schema.ManagedIndexSchema - Upgraded to managed schema at /tmp/solr-home5746371180405894342/core/conf/managed-schema
[coreLoadExecutor-369-thread-1] INFO org.apache.solr.schema.ManagedIndexSchemaFactory - After upgrading to managed schema, renamed the non-managed schema /tmp/solr-home5746371180405894342/core/conf/schema.xml to /tmp/solr-home5746371180405894342/core/conf/schema.xml.bak
[coreLoadExecutor-369-thread-1] INFO org.apache.solr.core.ConfigSetProperties - Did not find ConfigSet properties, assuming default properties: Can't find resource 'configsetprops.json' in classpath or '/tmp/solr-home5746371180405894342/core'
[coreLoadExecutor-369-thread-1] INFO org.apache.solr.core.CoreContainer - Creating SolrCore 'core' using configuration from instancedir /tmp/solr-home5746371180405894342/core
[coreLoadExecutor-369-thread-1] INFO org.apache.solr.core.SolrCore - solr.NRTCachingDirectoryFactory
[coreLoadExecutor-369-thread-1] INFO org.apache.solr.core.SolrCore - [[core] ] Opening new SolrCore at [/tmp/solr-home5746371180405894342/core], dataDir=[/tmp/solr-home5746371180405894342/core/data/]
[coreLoadExecutor-369-thread-1] INFO org.apache.solr.core.JmxMonitoredMap - No JMX servers found, not exposing Solr information with JMX.
[coreLoadExecutor-369-thread-1] INFO org.apache.solr.core.SchemaCodecFactory - Using default compressionMode: BEST_SPEED
[coreLoadExecutor-369-thread-1] INFO org.apache.solr.core.CachingDirectoryFactory - return new directory for /tmp/solr-home5746371180405894342/core/data
[coreLoadExecutor-369-thread-1] INFO org.apache.solr.core.SolrCore - New index directory detected: old=null new=/tmp/solr-home5746371180405894342/core/data/index/
[coreLoadExecutor-369-thread-1] WARN org.apache.solr.core.SolrCore - [core] Solr index directory '/tmp/solr-home5746371180405894342/core/data/index' doesn't exist. Creating new index...
[coreLoadExecutor-369-thread-1] INFO org.apache.solr.core.CachingDirectoryFactory - return new directory for /tmp/solr-home5746371180405894342/core/data/index
[coreLoadExecutor-369-thread-1] INFO org.apache.solr.update.LoggingInfoStream - [IFD][coreLoadExecutor-369-thread-1]: init: current segments file is "segments"; deletionPolicy=org.apache.solr.core.IndexDeletionPolicyWrapper@6cb34a88
[coreLoadExecutor-369-thread-1] INFO org.apache.solr.update.LoggingInfoStream - [IFD][coreLoadExecutor-369-thread-1]: now checkpoint "" [0 segments ; isCommit = false]
[coreLoadExecutor-369-thread-1] INFO org.apache.solr.update.LoggingInfoStream - [IFD][coreLoadExecutor-369-thread-1]: 0 msec to checkpoint
[coreLoadExecutor-369-thread-1] INFO org.apache.solr.update.LoggingInfoStream - [IW][coreLoadExecutor-369-thread-1]: init: create=true
[coreLoadExecutor-369-thread-1] INFO org.apache.solr.update.LoggingInfoStream - [IW][coreLoadExecutor-369-thread-1]: 
dir=NRTCachingDirectory(MMapDirectory@/tmp/solr-home5746371180405894342/core/data/index lockFactory=org.apache.lucene.store.NativeFSLockFactory@2c3d74f6; maxCacheMB=48.0 maxMergeSizeMB=4.0)
index=
version=5.5.1
analyzer=org.apache.solr.update.SolrIndexConfig$DelayedSchemaAnalyzer
ramBufferSizeMB=100.0
maxBufferedDocs=-1
maxBufferedDeleteTerms=-1
mergedSegmentWarmer=null
delPolicy=org.apache.solr.core.IndexDeletionPolicyWrapper
commit=null
openMode=CREATE
similarity=org.apache.lucene.search.similarities.ClassicSimilarity
mergeScheduler=ConcurrentMergeScheduler: maxThreadCount=-1, maxMergeCount=-1, ioThrottle=true
default WRITE_LOCK_TIMEOUT=0
writeLockTimeout=0
codec=Lucene54
infoStream=org.apache.solr.update.LoggingInfoStream
mergePolicy=[TieredMergePolicy: maxMergeAtOnce=10, maxMergeAtOnceExplicit=30, maxMergedSegmentMB=5120.0, floorSegmentMB=2.0, forceMergeDeletesPctAllowed=10.0, segmentsPerTier=10.0, maxCFSSegmentSizeMB=8.796093022207999E12, noCFSRatio=0.1
indexerThreadPool=org.apache.lucene.index.DocumentsWriterPerThreadPool@29dee831
readerPooling=false
perThreadHardLimitMB=1945
useCompoundFile=false
commitOnClose=true
writer=org.apache.solr.update.SolrIndexWriter@eb5f1e2

[coreLoadExecutor-369-thread-1] INFO org.apache.solr.update.LoggingInfoStream - [IW][coreLoadExecutor-369-thread-1]: MMapDirectory.UNMAP_SUPPORTED=true
[coreLoadExecutor-369-thread-1] INFO org.apache.solr.update.LoggingInfoStream - [IW][coreLoadExecutor-369-thread-1]: now flush at close
[coreLoadExecutor-369-thread-1] INFO org.apache.solr.update.LoggingInfoStream - [IW][coreLoadExecutor-369-thread-1]:   start flush: applyAllDeletes=true
[coreLoadExecutor-369-thread-1] INFO org.apache.solr.update.LoggingInfoStream - [IW][coreLoadExecutor-369-thread-1]:   index before flush 
[coreLoadExecutor-369-thread-1] INFO org.apache.solr.update.LoggingInfoStream - [DW][coreLoadExecutor-369-thread-1]: startFullFlush
[coreLoadExecutor-369-thread-1] INFO org.apache.solr.update.LoggingInfoStream - [DW][coreLoadExecutor-369-thread-1]: coreLoadExecutor-369-thread-1 finishFullFlush success=true
[coreLoadExecutor-369-thread-1] INFO org.apache.solr.update.LoggingInfoStream - [IW][coreLoadExecutor-369-thread-1]: apply all deletes during flush
[coreLoadExecutor-369-thread-1] INFO org.apache.solr.update.LoggingInfoStream - [IW][coreLoadExecutor-369-thread-1]: now apply all deletes for all segments maxDoc=0
[coreLoadExecutor-369-thread-1] INFO org.apache.solr.update.LoggingInfoStream - [BD][coreLoadExecutor-369-thread-1]: prune sis=segments:  minGen=9223372036854775807 packetCount=0
[coreLoadExecutor-369-thread-1] INFO org.apache.solr.update.LoggingInfoStream - [MS][coreLoadExecutor-369-thread-1]: initDynamicDefaults spins=false maxThreadCount=2 maxMergeCount=7
[coreLoadExecutor-369-thread-1] INFO org.apache.solr.update.LoggingInfoStream - [MS][coreLoadExecutor-369-thread-1]: updateMergeThreads ioThrottle=true targetMBPerSec=10240.0 MB/sec
[coreLoadExecutor-369-thread-1] INFO org.apache.solr.update.LoggingInfoStream - [MS][coreLoadExecutor-369-thread-1]: now merge
[coreLoadExecutor-369-thread-1] INFO org.apache.solr.update.LoggingInfoStream - [MS][coreLoadExecutor-369-thread-1]:   index: 
[coreLoadExecutor-369-thread-1] INFO org.apache.solr.update.LoggingInfoStream - [MS][coreLoadExecutor-369-thread-1]:   no more merges pending; now return
[coreLoadExecutor-369-thread-1] INFO org.apache.solr.update.LoggingInfoStream - [IW][coreLoadExecutor-369-thread-1]: waitForMerges
[coreLoadExecutor-369-thread-1] INFO org.apache.solr.update.LoggingInfoStream - [IW][coreLoadExecutor-369-thread-1]: waitForMerges done
[coreLoadExecutor-369-thread-1] INFO org.apache.solr.update.LoggingInfoStream - [IW][coreLoadExecutor-369-thread-1]: commit: start
[coreLoadExecutor-369-thread-1] INFO org.apache.solr.update.LoggingInfoStream - [IW][coreLoadExecutor-369-thread-1]: commit: enter lock
[coreLoadExecutor-369-thread-1] INFO org.apache.solr.update.LoggingInfoStream - [IW][coreLoadExecutor-369-thread-1]: commit: now prepare
[coreLoadExecutor-369-thread-1] INFO org.apache.solr.update.LoggingInfoStream - [IW][coreLoadExecutor-369-thread-1]: prepareCommit: flush
[coreLoadExecutor-369-thread-1] INFO org.apache.solr.update.LoggingInfoStream - [IW][coreLoadExecutor-369-thread-1]:   index before flush 
[coreLoadExecutor-369-thread-1] INFO org.apache.solr.update.LoggingInfoStream - [DW][coreLoadExecutor-369-thread-1]: startFullFlush
[coreLoadExecutor-369-thread-1] INFO org.apache.solr.update.LoggingInfoStream - [IW][coreLoadExecutor-369-thread-1]: apply all deletes during flush
[coreLoadExecutor-369-thread-1] INFO org.apache.solr.update.LoggingInfoStream - [IW][coreLoadExecutor-369-thread-1]: now apply all deletes for all segments maxDoc=0
[coreLoadExecutor-369-thread-1] INFO org.apache.solr.update.LoggingInfoStream - [BD][coreLoadExecutor-369-thread-1]: prune sis=segments:  minGen=9223372036854775807 packetCount=0
[coreLoadExecutor-369-thread-1] INFO org.apache.solr.update.LoggingInfoStream - [DW][coreLoadExecutor-369-thread-1]: coreLoadExecutor-369-thread-1 finishFullFlush success=true
[coreLoadExecutor-369-thread-1] INFO org.apache.solr.update.LoggingInfoStream - [IW][coreLoadExecutor-369-thread-1]: startCommit(): start
[coreLoadExecutor-369-thread-1] INFO org.apache.solr.update.LoggingInfoStream - [IW][coreLoadExecutor-369-thread-1]: startCommit index= changeCount=2
[coreLoadExecutor-369-thread-1] INFO org.apache.solr.update.LoggingInfoStream - [IW][coreLoadExecutor-369-thread-1]: startCommit: wrote pending segments file "pending_segments_1"
[coreLoadExecutor-369-thread-1] INFO org.apache.solr.update.LoggingInfoStream - [IW][coreLoadExecutor-369-thread-1]: done all syncs: []
[coreLoadExecutor-369-thread-1] INFO org.apache.solr.update.LoggingInfoStream - [IW][coreLoadExecutor-369-thread-1]: commit: pendingCommit != null
[coreLoadExecutor-369-thread-1] INFO org.apache.solr.update.LoggingInfoStream - [IW][coreLoadExecutor-369-thread-1]: commit: done writing segments file "segments_1"
[coreLoadExecutor-369-thread-1] INFO org.apache.solr.update.LoggingInfoStream - [IFD][coreLoadExecutor-369-thread-1]: now checkpoint "" [0 segments ; isCommit = true]
[coreLoadExecutor-369-thread-1] INFO org.apache.solr.core.SolrDeletionPolicy - SolrDeletionPolicy.onCommit: commits: num=1
	commit{dir=NRTCachingDirectory(MMapDirectory@/tmp/solr-home5746371180405894342/core/data/index lockFactory=org.apache.lucene.store.NativeFSLockFactory@2c3d74f6; maxCacheMB=48.0 maxMergeSizeMB=4.0),segFN=segments_1,generation=1}
[coreLoadExecutor-369-thread-1] INFO org.apache.solr.core.SolrDeletionPolicy - newest commit generation = 1
[coreLoadExecutor-369-thread-1] INFO org.apache.solr.update.LoggingInfoStream - [IFD][coreLoadExecutor-369-thread-1]: 0 msec to checkpoint
[coreLoadExecutor-369-thread-1] INFO org.apache.solr.update.LoggingInfoStream - [IW][coreLoadExecutor-369-thread-1]: commit: took 9.6 msec
[coreLoadExecutor-369-thread-1] INFO org.apache.solr.update.LoggingInfoStream - [IW][coreLoadExecutor-369-thread-1]: commit: done
[coreLoadExecutor-369-thread-1] INFO org.apache.solr.update.LoggingInfoStream - [IW][coreLoadExecutor-369-thread-1]: rollback
[coreLoadExecutor-369-thread-1] INFO org.apache.solr.update.LoggingInfoStream - [IW][coreLoadExecutor-369-thread-1]: all running merges have aborted
[coreLoadExecutor-369-thread-1] INFO org.apache.solr.update.LoggingInfoStream - [IW][coreLoadExecutor-369-thread-1]: rollback: done finish merges
[coreLoadExecutor-369-thread-1] INFO org.apache.solr.update.LoggingInfoStream - [DW][coreLoadExecutor-369-thread-1]: abort
[coreLoadExecutor-369-thread-1] INFO org.apache.solr.update.LoggingInfoStream - [DW][coreLoadExecutor-369-thread-1]: done abort success=true
[coreLoadExecutor-369-thread-1] INFO org.apache.solr.update.LoggingInfoStream - [IW][coreLoadExecutor-369-thread-1]: rollback: infos=
[coreLoadExecutor-369-thread-1] INFO org.apache.solr.update.LoggingInfoStream - [IFD][coreLoadExecutor-369-thread-1]: now checkpoint "" [0 segments ; isCommit = false]
[coreLoadExecutor-369-thread-1] INFO org.apache.solr.update.LoggingInfoStream - [IFD][coreLoadExecutor-369-thread-1]: 0 msec to checkpoint
[OldIndexDirectoryCleanupThreadForCore-core] INFO org.apache.solr.core.SolrCore - Looking for old index directories to cleanup for core core in /tmp/solr-home5746371180405894342/core/data/
[coreLoadExecutor-369-thread-1] INFO org.apache.solr.core.SolrCore - no updateRequestProcessorChain defined as default, creating implicit default
[coreLoadExecutor-369-thread-1] INFO org.apache.solr.handler.loader.XMLLoader - xsltCacheLifetimeSeconds=60
[coreLoadExecutor-369-thread-1] INFO org.apache.solr.handler.loader.XMLLoader - xsltCacheLifetimeSeconds=60
[coreLoadExecutor-369-thread-1] INFO org.apache.solr.handler.loader.XMLLoader - xsltCacheLifetimeSeconds=60
[coreLoadExecutor-369-thread-1] INFO org.apache.solr.handler.loader.XMLLoader - xsltCacheLifetimeSeconds=60
[coreLoadExecutor-369-thread-1] INFO org.apache.solr.core.RequestHandlers - Registered paths: /admin/mbeans,,/update/csv,/update/json/docs,/admin/luke,/select,/suggester,/admin/segments,/get,/admin/system,/replication,/admin/properties,/config,/schema,/admin/plugins,/admin/logging,/update/json,/admin/threads,/admin/ping,/update,/admin/file
[coreLoadExecutor-369-thread-1] INFO org.apache.solr.core.SolrCore - Using default statsCache cache: org.apache.solr.search.stats.LocalStatsCache
[coreLoadExecutor-369-thread-1] INFO org.apache.solr.update.UpdateHandler - Using UpdateLog implementation: org.apache.solr.update.UpdateLog
[coreLoadExecutor-369-thread-1] INFO org.apache.solr.update.UpdateLog - Initializing UpdateLog: dataDir= defaultSyncLevel=FLUSH numRecordsToKeep=100 maxNumLogsToKeep=10 numVersionBuckets=65536
[coreLoadExecutor-369-thread-1] INFO org.apache.solr.update.CommitTracker - Hard AutoCommit: if uncommited for 15000ms; 
[coreLoadExecutor-369-thread-1] INFO org.apache.solr.update.CommitTracker - Soft AutoCommit: disabled
[coreLoadExecutor-369-thread-1] INFO org.apache.solr.update.LoggingInfoStream - [IFD][coreLoadExecutor-369-thread-1]: init: current segments file is "segments_1"; deletionPolicy=org.apache.solr.core.IndexDeletionPolicyWrapper@6cb34a88
[coreLoadExecutor-369-thread-1] INFO org.apache.solr.update.LoggingInfoStream - [IFD][coreLoadExecutor-369-thread-1]: init: load commit "segments_1"
[coreLoadExecutor-369-thread-1] INFO org.apache.solr.core.SolrDeletionPolicy - SolrDeletionPolicy.onInit: commits: num=1
	commit{dir=NRTCachingDirectory(MMapDirectory@/tmp/solr-home5746371180405894342/core/data/index lockFactory=org.apache.lucene.store.NativeFSLockFactory@2c3d74f6; maxCacheMB=48.0 maxMergeSizeMB=4.0),segFN=segments_1,generation=1}
[coreLoadExecutor-369-thread-1] INFO org.apache.solr.core.SolrDeletionPolicy - newest commit generation = 1
[coreLoadExecutor-369-thread-1] INFO org.apache.solr.update.LoggingInfoStream - [IFD][coreLoadExecutor-369-thread-1]: now checkpoint "" [0 segments ; isCommit = false]
[coreLoadExecutor-369-thread-1] INFO org.apache.solr.update.LoggingInfoStream - [IFD][coreLoadExecutor-369-thread-1]: 0 msec to checkpoint
[coreLoadExecutor-369-thread-1] INFO org.apache.solr.update.LoggingInfoStream - [IW][coreLoadExecutor-369-thread-1]: init: create=false
[coreLoadExecutor-369-thread-1] INFO org.apache.solr.update.LoggingInfoStream - [IW][coreLoadExecutor-369-thread-1]: 
dir=NRTCachingDirectory(MMapDirectory@/tmp/solr-home5746371180405894342/core/data/index lockFactory=org.apache.lucene.store.NativeFSLockFactory@2c3d74f6; maxCacheMB=48.0 maxMergeSizeMB=4.0)
index=
version=5.5.1
analyzer=org.apache.solr.update.SolrIndexConfig$DelayedSchemaAnalyzer
ramBufferSizeMB=100.0
maxBufferedDocs=-1
maxBufferedDeleteTerms=-1
mergedSegmentWarmer=null
delPolicy=org.apache.solr.core.IndexDeletionPolicyWrapper
commit=null
openMode=APPEND
similarity=org.apache.lucene.search.similarities.ClassicSimilarity
mergeScheduler=ConcurrentMergeScheduler: maxThreadCount=-1, maxMergeCount=-1, ioThrottle=true
default WRITE_LOCK_TIMEOUT=0
writeLockTimeout=0
codec=Lucene54
infoStream=org.apache.solr.update.LoggingInfoStream
mergePolicy=[TieredMergePolicy: maxMergeAtOnce=10, maxMergeAtOnceExplicit=30, maxMergedSegmentMB=5120.0, floorSegmentMB=2.0, forceMergeDeletesPctAllowed=10.0, segmentsPerTier=10.0, maxCFSSegmentSizeMB=8.796093022207999E12, noCFSRatio=0.1
indexerThreadPool=org.apache.lucene.index.DocumentsWriterPerThreadPool@6b08fc6b
readerPooling=false
perThreadHardLimitMB=1945
useCompoundFile=false
commitOnClose=true
writer=org.apache.solr.update.SolrIndexWriter@44f54416

[coreLoadExecutor-369-thread-1] INFO org.apache.solr.update.LoggingInfoStream - [IW][coreLoadExecutor-369-thread-1]: MMapDirectory.UNMAP_SUPPORTED=true
[coreLoadExecutor-369-thread-1] INFO org.apache.solr.update.LoggingInfoStream - [IW][coreLoadExecutor-369-thread-1]: flush at getReader
[coreLoadExecutor-369-thread-1] INFO org.apache.solr.update.LoggingInfoStream - [DW][coreLoadExecutor-369-thread-1]: startFullFlush
[coreLoadExecutor-369-thread-1] INFO org.apache.solr.update.LoggingInfoStream - [IW][coreLoadExecutor-369-thread-1]: apply all deletes during flush
[coreLoadExecutor-369-thread-1] INFO org.apache.solr.update.LoggingInfoStream - [IW][coreLoadExecutor-369-thread-1]: now apply all deletes for all segments maxDoc=0
[coreLoadExecutor-369-thread-1] INFO org.apache.solr.update.LoggingInfoStream - [BD][coreLoadExecutor-369-thread-1]: prune sis=segments_1:  minGen=9223372036854775807 packetCount=0
[coreLoadExecutor-369-thread-1] INFO org.apache.solr.update.LoggingInfoStream - [IW][coreLoadExecutor-369-thread-1]: incRefDeleter for NRT reader version=2 segments=
[coreLoadExecutor-369-thread-1] INFO org.apache.solr.update.LoggingInfoStream - [IW][coreLoadExecutor-369-thread-1]: return reader version=2 reader=StandardDirectoryReader(segments_1:2:nrt)
[coreLoadExecutor-369-thread-1] INFO org.apache.solr.update.LoggingInfoStream - [DW][coreLoadExecutor-369-thread-1]: coreLoadExecutor-369-thread-1 finishFullFlush success=true
[coreLoadExecutor-369-thread-1] INFO org.apache.solr.update.LoggingInfoStream - [IW][coreLoadExecutor-369-thread-1]: getReader took 0 msec
[coreLoadExecutor-369-thread-1] INFO org.apache.solr.search.SolrIndexSearcher - Opening Searcher@79ae8b87[core] main
[coreLoadExecutor-369-thread-1] INFO org.apache.solr.rest.ManagedResourceStorage - File-based storage initialized to use dir: /tmp/solr-home5746371180405894342/core/conf
[coreLoadExecutor-369-thread-1] INFO org.apache.solr.rest.RestManager - Initializing RestManager with initArgs: {storageDir=/tmp/solr-home5746371180405894342/core/conf}
[coreLoadExecutor-369-thread-1] INFO org.apache.solr.rest.ManagedResourceStorage - Reading _rest_managed.json using file:dir=/tmp/solr-home5746371180405894342/core/conf
[coreLoadExecutor-369-thread-1] INFO org.apache.solr.rest.RestManager - Initializing 0 registered ManagedResources
[coreLoadExecutor-369-thread-1] INFO org.apache.solr.handler.component.SpellCheckComponent - Initializing spell checkers
[coreLoadExecutor-369-thread-1] INFO org.apache.solr.handler.component.SpellCheckComponent - Registering newSearcher listener for spellchecker: default
[coreLoadExecutor-369-thread-1] INFO org.apache.solr.handler.component.SpellCheckComponent - No queryConverter defined, using default converter
[coreLoadExecutor-369-thread-1] INFO org.apache.solr.handler.ReplicationHandler - Commits will be reserved for  10000
[coreLoadExecutor-369-thread-1] INFO org.apache.solr.update.UpdateLog - Looking up max value of version field to seed version buckets
[coreLoadExecutor-369-thread-1] INFO org.apache.solr.update.VersionInfo - Refreshing highest value of _version_ for 65536 version buckets from index
[coreLoadExecutor-369-thread-1] INFO org.apache.solr.update.VersionInfo - No terms found for _version_, cannot seed version bucket highest value from index
[coreLoadExecutor-369-thread-1] INFO org.apache.solr.update.UpdateLog - Could not find max version in index or recent updates, using new clock 1576087838094524416
[searcherExecutor-370-thread-1] INFO org.apache.solr.handler.component.SpellCheckComponent - Loading spell index for spellchecker: default
[searcherExecutor-370-thread-1] INFO org.apache.solr.core.SolrCore - [core] Registered new searcher Searcher@79ae8b87[core] main{ExitableDirectoryReader(UninvertingDirectoryReader())}
[coreLoadExecutor-369-thread-1] INFO org.apache.solr.update.UpdateLog - Took 1.0ms to seed version buckets with highest version 1576087838094524416
[coreLoadExecutor-369-thread-1] INFO org.apache.solr.core.CoreContainer - registering core: core
[Test worker] INFO org.apache.solr.core.SolrCore.Request - [core]  webapp=null path=/admin/ping params={} hits=0 status=0 QTime=0
[Test worker] INFO org.apache.solr.core.SolrCore.Request - [core]  webapp=null path=/admin/ping params={} status=0 QTime=0
[Test worker] INFO com.rbmhtechnology.vind.solr.SolrSearchServer - Connection to solr server successful
[Test worker] INFO org.apache.solr.core.SolrCore.Request - [core]  webapp=null path=/schema params={} status=0 QTime=0
[Test worker] INFO com.rbmhtechnology.vind.solr.SolrSearchServer - No server provider of type class com.rbmhtechnology.vind.solr.EmbeddedSolrServerProvider found in classpath for server com.rbmhtechnology.vind.solr.SolrSearchServer
[Test worker] INFO org.apache.solr.update.LoggingInfoStream - [DW][Test worker]: anyChanges? numDocsInRam=0 deletes=true hasTickets:false pendingChangesInFullFlush: false
[Test worker] INFO org.apache.solr.update.LoggingInfoStream - [DW][Test worker]: anyChanges? numDocsInRam=0 deletes=true hasTickets:false pendingChangesInFullFlush: false
[Test worker] INFO org.apache.solr.update.LoggingInfoStream - [IW][Test worker]: nrtIsCurrent: infoVersion matches: true; DW changes: true; BD changes: false
[Test worker] INFO org.apache.solr.update.LoggingInfoStream - [IW][Test worker]: flush at getReader
[Test worker] INFO org.apache.solr.update.LoggingInfoStream - [DW][Test worker]: startFullFlush
[Test worker] INFO org.apache.solr.update.LoggingInfoStream - [DW][Test worker]: anyChanges? numDocsInRam=0 deletes=true hasTickets:false pendingChangesInFullFlush: false
[Test worker] INFO org.apache.solr.update.LoggingInfoStream - [DW][Test worker]: Test worker: flush naked frozen global deletes
[Test worker] INFO org.apache.solr.update.LoggingInfoStream - [BD][Test worker]: push deletes  1 deleted queries bytesUsed=80 segmentPrivate?=false delGen=2 packetCount=1 totBytesUsed=80
[Test worker] INFO org.apache.solr.update.LoggingInfoStream - [DW][Test worker]: flush: push buffered updates:  1 deleted queries bytesUsed=80
[Test worker] INFO org.apache.solr.update.LoggingInfoStream - [IW][Test worker]: apply all deletes during flush
[Test worker] INFO org.apache.solr.update.LoggingInfoStream - [IW][Test worker]: now apply all deletes for all segments maxDoc=0
[Test worker] INFO org.apache.solr.update.LoggingInfoStream - [BD][Test worker]: prune sis=segments_1:  minGen=9223372036854775807 packetCount=1
[Test worker] INFO org.apache.solr.update.LoggingInfoStream - [BD][Test worker]: pruneDeletes: prune 1 packets; 0 packets remain
[Test worker] INFO org.apache.solr.update.LoggingInfoStream - [IW][Test worker]: incRefDeleter for NRT reader version=2 segments=
[Test worker] INFO org.apache.solr.update.LoggingInfoStream - [IW][Test worker]: return reader version=2 reader=StandardDirectoryReader(segments_1:2:nrt)
[Test worker] INFO org.apache.solr.update.LoggingInfoStream - [DW][Test worker]: Test worker finishFullFlush success=true
[Test worker] INFO org.apache.solr.update.LoggingInfoStream - [IW][Test worker]: getReader took 0 msec
[Test worker] INFO org.apache.solr.update.LoggingInfoStream - [IW][Test worker]: decRefDeleter for NRT reader version=2 segments=
[Test worker] INFO org.apache.solr.update.processor.LogUpdateProcessorFactory - [core]  webapp=null path=/update params={}{deleteByQuery=*:* (-1576087838098718720)} 0 1
[Test worker] INFO org.apache.solr.update.DirectUpdateHandler2 - start commit{,optimize=false,openSearcher=true,waitSearcher=true,expungeDeletes=false,softCommit=false,prepareCommit=false}
[Test worker] INFO org.apache.solr.update.DirectUpdateHandler2 - No uncommitted changes. Skipping IW.commit.
[Test worker] INFO org.apache.solr.core.SolrCore - SolrIndexSearcher has not changed - not re-opening: org.apache.solr.search.SolrIndexSearcher
[Test worker] INFO org.apache.solr.update.DirectUpdateHandler2 - end_commit_flush
[Test worker] INFO org.apache.solr.update.processor.LogUpdateProcessorFactory - [core]  webapp=null path=/update params={commit=true&softCommit=false&waitSearcher=true}{commit=} 0 0
[Test worker] INFO org.apache.solr.update.processor.LogUpdateProcessorFactory - [core]  webapp=null path=/update params={}{add=[A1 (1576087838101864448)]} 0 1
[Test worker] INFO org.apache.solr.update.processor.LogUpdateProcessorFactory - [core]  webapp=null path=/update params={}{add=[A2 (1576087838103961600)]} 0 2
[Test worker] INFO org.apache.solr.update.processor.LogUpdateProcessorFactory - [core]  webapp=null path=/update params={}{add=[A3 (1576087838107107328)]} 0 1
[Test worker] INFO org.apache.solr.update.processor.LogUpdateProcessorFactory - [core]  webapp=null path=/update params={}{add=[A4 (1576087838108155904)]} 0 1
[Test worker] INFO org.apache.solr.update.DirectUpdateHandler2 - start commit{,optimize=false,openSearcher=true,waitSearcher=true,expungeDeletes=false,softCommit=false,prepareCommit=false}
[Test worker] INFO org.apache.solr.update.LoggingInfoStream - [IW][Test worker]: commit: start
[Test worker] INFO org.apache.solr.update.LoggingInfoStream - [IW][Test worker]: commit: enter lock
[Test worker] INFO org.apache.solr.update.LoggingInfoStream - [IW][Test worker]: commit: now prepare
[Test worker] INFO org.apache.solr.update.LoggingInfoStream - [IW][Test worker]: prepareCommit: flush
[Test worker] INFO org.apache.solr.update.LoggingInfoStream - [IW][Test worker]:   index before flush 
[Test worker] INFO org.apache.solr.update.LoggingInfoStream - [DW][Test worker]: startFullFlush
[Test worker] INFO org.apache.solr.update.LoggingInfoStream - [DW][Test worker]: anyChanges? numDocsInRam=9 deletes=true hasTickets:false pendingChangesInFullFlush: false
[Test worker] INFO org.apache.solr.update.LoggingInfoStream - [DWFC][Test worker]: addFlushableState DocumentsWriterPerThread [pendingDeletes=gen=0 3 deleted terms (unique count=3) bytesUsed=522, segment=_0, aborted=false, numDocsInRAM=9, deleteQueue=DWDQ: [ generation: 2 ]]
[Test worker] INFO org.apache.solr.update.LoggingInfoStream - [DWPT][Test worker]: flush postings as segment _0 numDocs=9
[Test worker] INFO org.apache.solr.update.LoggingInfoStream - [IW][Test worker]: 0 msec to write norms
[Test worker] INFO org.apache.solr.update.LoggingInfoStream - [IW][Test worker]: 0 msec to write docValues
[Test worker] INFO org.apache.solr.update.LoggingInfoStream - [IW][Test worker]: 0 msec to finish stored fields
[Test worker] INFO org.apache.solr.update.LoggingInfoStream - [IW][Test worker]: 0 msec to write postings and finish vectors
[Test worker] INFO org.apache.solr.update.LoggingInfoStream - [IW][Test worker]: 0 msec to write fieldInfos
[Test worker] INFO org.apache.solr.update.LoggingInfoStream - [DWPT][Test worker]: new segment has 0 deleted docs
[Test worker] INFO org.apache.solr.update.LoggingInfoStream - [DWPT][Test worker]: new segment has no vectors; norms; docValues; prox; freqs
[Test worker] INFO org.apache.solr.update.LoggingInfoStream - [DWPT][Test worker]: flushedFiles=[_0_Lucene54_0.dvm, _0_Lucene50_0.doc, _0_Lucene50_0.tim, _0_Lucene50_0.pos, _0.nvd, _0.fdx, _0_Lucene54_0.dvd, _0_Lucene50_0.tip, _0.fdt, _0.nvm, _0.fnm]
[Test worker] INFO org.apache.solr.update.LoggingInfoStream - [DWPT][Test worker]: flushed codec=Lucene54
[Test worker] INFO org.apache.solr.update.LoggingInfoStream - [DWPT][Test worker]: flushed: segment=_0 ramUsed=0.498 MB newFlushedSize=0.007 MB docs/MB=1,345.286
[Test worker] INFO org.apache.solr.update.LoggingInfoStream - [DW][Test worker]: publishFlushedSegment seg-private updates=null
[Test worker] INFO org.apache.solr.update.LoggingInfoStream - [IW][Test worker]: publishFlushedSegment
[Test worker] INFO org.apache.solr.update.LoggingInfoStream - [BD][Test worker]: push deletes  4 deleted terms (unique count=4) bytesUsed=1072 segmentPrivate?=false delGen=4 packetCount=1 totBytesUsed=1072
[Test worker] INFO org.apache.solr.update.LoggingInfoStream - [IW][Test worker]: publish sets newSegment delGen=5 seg=_0(5.5.1):C9
[Test worker] INFO org.apache.solr.update.LoggingInfoStream - [IFD][Test worker]: now checkpoint "_0(5.5.1):C9" [1 segments ; isCommit = false]
[Test worker] INFO org.apache.solr.update.LoggingInfoStream - [IFD][Test worker]: 0 msec to checkpoint
[Test worker] INFO org.apache.solr.update.LoggingInfoStream - [IW][Test worker]: apply all deletes during flush
[Test worker] INFO org.apache.solr.update.LoggingInfoStream - [IW][Test worker]: now apply all deletes for all segments maxDoc=9
[Test worker] INFO org.apache.solr.update.LoggingInfoStream - [BD][Test worker]: applyDeletes: open segment readers took 0 msec
[Test worker] INFO org.apache.solr.update.LoggingInfoStream - [BD][Test worker]: applyDeletes: infos=[_0(5.5.1):C9] packetCount=1
[Test worker] INFO org.apache.solr.update.LoggingInfoStream - [BD][Test worker]: applyDeletes took 0 msec for 1 segments, 0 newly deleted docs (query deletes), 0 visited terms, allDeleted=null
[Test worker] INFO org.apache.solr.update.LoggingInfoStream - [BD][Test worker]: prune sis=segments_1: _0(5.5.1):C9 minGen=5 packetCount=1
[Test worker] INFO org.apache.solr.update.LoggingInfoStream - [BD][Test worker]: pruneDeletes: prune 1 packets; 0 packets remain
[Test worker] INFO org.apache.solr.update.LoggingInfoStream - [DW][Test worker]: Test worker finishFullFlush success=true
[Test worker] INFO org.apache.solr.update.LoggingInfoStream - [TMP][Test worker]: findMerges: 1 segments
[Test worker] INFO org.apache.solr.update.LoggingInfoStream - [TMP][Test worker]:   seg=_0(5.5.1):C9 size=0.007 MB [floored]
[Test worker] INFO org.apache.solr.update.LoggingInfoStream - [TMP][Test worker]:   allowedSegmentCount=1 vs count=1 (eligible count=1) tooBigCount=0
[Test worker] INFO org.apache.solr.update.LoggingInfoStream - [MS][Test worker]: initDynamicDefaults spins=false maxThreadCount=2 maxMergeCount=7
[Test worker] INFO org.apache.solr.update.LoggingInfoStream - [MS][Test worker]: now merge
[Test worker] INFO org.apache.solr.update.LoggingInfoStream - [MS][Test worker]:   index: _0(5.5.1):C9
[Test worker] INFO org.apache.solr.update.LoggingInfoStream - [MS][Test worker]:   no more merges pending; now return
[Test worker] INFO org.apache.solr.update.LoggingInfoStream - [IW][Test worker]: startCommit(): start
[Test worker] INFO org.apache.solr.update.LoggingInfoStream - [IW][Test worker]: startCommit index=_0(5.5.1):C9 changeCount=4
[Test worker] INFO org.apache.solr.update.LoggingInfoStream - [IW][Test worker]: startCommit: wrote pending segments file "pending_segments_2"
[Test worker] INFO org.apache.solr.update.LoggingInfoStream - [IW][Test worker]: done all syncs: [_0.si, _0_Lucene50_0.doc, _0_Lucene50_0.tim, _0_Lucene54_0.dvm, _0_Lucene50_0.pos, _0.nvd, _0.fdx, _0_Lucene54_0.dvd, _0_Lucene50_0.tip, _0.fdt, _0.nvm, _0.fnm]
[Test worker] INFO org.apache.solr.update.LoggingInfoStream - [IW][Test worker]: commit: pendingCommit != null
[Test worker] INFO org.apache.solr.update.LoggingInfoStream - [IW][Test worker]: commit: done writing segments file "segments_2"
[Test worker] INFO org.apache.solr.update.LoggingInfoStream - [IFD][Test worker]: now checkpoint "_0(5.5.1):C9" [1 segments ; isCommit = true]
[Test worker] INFO org.apache.solr.core.SolrDeletionPolicy - SolrDeletionPolicy.onCommit: commits: num=2
	commit{dir=NRTCachingDirectory(MMapDirectory@/tmp/solr-home5746371180405894342/core/data/index lockFactory=org.apache.lucene.store.NativeFSLockFactory@2c3d74f6; maxCacheMB=48.0 maxMergeSizeMB=4.0),segFN=segments_1,generation=1}
	commit{dir=NRTCachingDirectory(MMapDirectory@/tmp/solr-home5746371180405894342/core/data/index lockFactory=org.apache.lucene.store.NativeFSLockFactory@2c3d74f6; maxCacheMB=48.0 maxMergeSizeMB=4.0),segFN=segments_2,generation=2}
[Test worker] INFO org.apache.solr.core.SolrDeletionPolicy - newest commit generation = 2
[Test worker] INFO org.apache.solr.update.LoggingInfoStream - [IFD][Test worker]: deleteCommits: now decRef commit "segments_1"
[Test worker] INFO org.apache.solr.update.LoggingInfoStream - [IFD][Test worker]: delete "segments_1"
[Test worker] INFO org.apache.solr.update.LoggingInfoStream - [IFD][Test worker]: 0 msec to checkpoint
[Test worker] INFO org.apache.solr.update.LoggingInfoStream - [IW][Test worker]: commit: took 56.7 msec
[Test worker] INFO org.apache.solr.update.LoggingInfoStream - [IW][Test worker]: commit: done
[Test worker] INFO org.apache.solr.update.LoggingInfoStream - [IW][Test worker]: nrtIsCurrent: infoVersion matches: false; DW changes: false; BD changes: false
[Test worker] INFO org.apache.solr.update.LoggingInfoStream - [IW][Test worker]: flush at getReader
[Test worker] INFO org.apache.solr.update.LoggingInfoStream - [DW][Test worker]: startFullFlush
[Test worker] INFO org.apache.solr.update.LoggingInfoStream - [IW][Test worker]: apply all deletes during flush
[Test worker] INFO org.apache.solr.update.LoggingInfoStream - [IW][Test worker]: now apply all deletes for all segments maxDoc=9
[Test worker] INFO org.apache.solr.update.LoggingInfoStream - [BD][Test worker]: applyDeletes: open segment readers took 0 msec
[Test worker] INFO org.apache.solr.update.LoggingInfoStream - [BD][Test worker]: applyDeletes: no segments; skipping
[Test worker] INFO org.apache.solr.update.LoggingInfoStream - [BD][Test worker]: prune sis=segments_2: _0(5.5.1):C9 minGen=5 packetCount=0
[Test worker] INFO org.apache.solr.update.LoggingInfoStream - [IW][Test worker]: incRefDeleter for NRT reader version=6 segments=_0(5.5.1):C9
[Test worker] INFO org.apache.solr.update.LoggingInfoStream - [IW][Test worker]: return reader version=6 reader=StandardDirectoryReader(segments_2:6:nrt _0(5.5.1):C9)
[Test worker] INFO org.apache.solr.update.LoggingInfoStream - [DW][Test worker]: Test worker finishFullFlush success=true
[Test worker] INFO org.apache.solr.update.LoggingInfoStream - [IW][Test worker]: getReader took 2 msec
[Test worker] INFO org.apache.solr.search.SolrIndexSearcher - Opening Searcher@11c1f4f1[core] main
[searcherExecutor-370-thread-1] INFO org.apache.solr.handler.component.SpellCheckComponent - Building spell index for spell checker: default
[Test worker] INFO org.apache.solr.update.DirectUpdateHandler2 - end_commit_flush
[searcherExecutor-370-thread-1] INFO org.apache.solr.core.SolrCore - [core] Registered new searcher Searcher@11c1f4f1[core] main{ExitableDirectoryReader(UninvertingDirectoryReader(Uninverting(_0(5.5.1):C9)))}
[searcherExecutor-370-thread-1] INFO org.apache.solr.update.LoggingInfoStream - [IW][searcherExecutor-370-thread-1]: decRefDeleter for NRT reader version=2 segments=
[Test worker] INFO org.apache.solr.update.processor.LogUpdateProcessorFactory - [core]  webapp=null path=/update params={commit=true&softCommit=false&waitSearcher=true}{commit=} 0 83
[Test worker] INFO org.apache.solr.core.SolrCore.Request - [core]  webapp=null path=/select params={q=(*+AND+_type_:asset)+OR+_query_:"{!parent+which%3D_type_:asset}(_type_:marker+AND+(*))"&fl=*,score&qf=dynamic_single_stored_none_color^1.0+dynamic_single_stored_none_title^1.0&defType=edismax&fq=_type_:asset&facet=true&facet.mincount=1&facet.limit=10&json.facet={parent_facet:{type:terms,field:_id_,limit:999999999,mincount:1,sort:{index:asc},domain:{blockParent:"_type_:asset"},facet:{children_facet:{type:query,q:"%2B_type_:marker+AND+*",domain:{blockChildren:"_type_:asset"}}}}}&start=0&rows=10} hits=4 status=0 QTime=2
[Test worker] INFO org.apache.solr.core.CoreContainer - Shutting down CoreContainer instance=1781776770
[coreCloseExecutor-375-thread-1] INFO org.apache.solr.core.SolrCore - [core]  CLOSING SolrCore org.apache.solr.core.SolrCore@657a3594
[coreCloseExecutor-375-thread-1] INFO org.apache.solr.update.DirectUpdateHandler2 - closing DirectUpdateHandler2{commits=2,autocommit maxTime=15000ms,autocommits=0,soft autocommits=0,optimizes=0,rollbacks=0,expungeDeletes=0,docsPending=0,adds=0,deletesById=0,deletesByQuery=0,errors=0,cumulative_adds=4,cumulative_deletesById=0,cumulative_deletesByQuery=1,cumulative_errors=0,transaction_logs_total_size=1865,transaction_logs_total_number=2}
[coreCloseExecutor-375-thread-1] INFO org.apache.solr.update.SolrCoreState - Closing SolrCoreState
[coreCloseExecutor-375-thread-1] INFO org.apache.solr.update.DefaultSolrCoreState - SolrCoreState ref count has reached 0 - closing IndexWriter
[coreCloseExecutor-375-thread-1] INFO org.apache.solr.update.DefaultSolrCoreState - closing IndexWriter with IndexWriterCloser
[coreCloseExecutor-375-thread-1] INFO org.apache.solr.update.LoggingInfoStream - [IW][coreCloseExecutor-375-thread-1]: now flush at close
[coreCloseExecutor-375-thread-1] INFO org.apache.solr.update.LoggingInfoStream - [IW][coreCloseExecutor-375-thread-1]:   start flush: applyAllDeletes=true
[coreCloseExecutor-375-thread-1] INFO org.apache.solr.update.LoggingInfoStream - [IW][coreCloseExecutor-375-thread-1]:   index before flush _0(5.5.1):C9
[coreCloseExecutor-375-thread-1] INFO org.apache.solr.update.LoggingInfoStream - [DW][coreCloseExecutor-375-thread-1]: startFullFlush
[coreCloseExecutor-375-thread-1] INFO org.apache.solr.update.LoggingInfoStream - [DW][coreCloseExecutor-375-thread-1]: coreCloseExecutor-375-thread-1 finishFullFlush success=true
[coreCloseExecutor-375-thread-1] INFO org.apache.solr.update.LoggingInfoStream - [IW][coreCloseExecutor-375-thread-1]: apply all deletes during flush
[coreCloseExecutor-375-thread-1] INFO org.apache.solr.update.LoggingInfoStream - [IW][coreCloseExecutor-375-thread-1]: now apply all deletes for all segments maxDoc=9
[coreCloseExecutor-375-thread-1] INFO org.apache.solr.update.LoggingInfoStream - [BD][coreCloseExecutor-375-thread-1]: applyDeletes: open segment readers took 0 msec
[coreCloseExecutor-375-thread-1] INFO org.apache.solr.update.LoggingInfoStream - [BD][coreCloseExecutor-375-thread-1]: applyDeletes: no segments; skipping
[coreCloseExecutor-375-thread-1] INFO org.apache.solr.update.LoggingInfoStream - [BD][coreCloseExecutor-375-thread-1]: prune sis=segments_2: _0(5.5.1):C9 minGen=5 packetCount=0
[coreCloseExecutor-375-thread-1] INFO org.apache.solr.update.LoggingInfoStream - [MS][coreCloseExecutor-375-thread-1]: updateMergeThreads ioThrottle=true targetMBPerSec=10240.0 MB/sec
[coreCloseExecutor-375-thread-1] INFO org.apache.solr.update.LoggingInfoStream - [MS][coreCloseExecutor-375-thread-1]: now merge
[coreCloseExecutor-375-thread-1] INFO org.apache.solr.update.LoggingInfoStream - [MS][coreCloseExecutor-375-thread-1]:   index: _0(5.5.1):C9
[coreCloseExecutor-375-thread-1] INFO org.apache.solr.update.LoggingInfoStream - [MS][coreCloseExecutor-375-thread-1]:   no more merges pending; now return
[coreCloseExecutor-375-thread-1] INFO org.apache.solr.update.LoggingInfoStream - [IW][coreCloseExecutor-375-thread-1]: waitForMerges
[coreCloseExecutor-375-thread-1] INFO org.apache.solr.update.LoggingInfoStream - [IW][coreCloseExecutor-375-thread-1]: waitForMerges done
[coreCloseExecutor-375-thread-1] INFO org.apache.solr.update.LoggingInfoStream - [IW][coreCloseExecutor-375-thread-1]: commit: start
[coreCloseExecutor-375-thread-1] INFO org.apache.solr.update.LoggingInfoStream - [IW][coreCloseExecutor-375-thread-1]: commit: enter lock
[coreCloseExecutor-375-thread-1] INFO org.apache.solr.update.LoggingInfoStream - [IW][coreCloseExecutor-375-thread-1]: commit: now prepare
[coreCloseExecutor-375-thread-1] INFO org.apache.solr.update.LoggingInfoStream - [IW][coreCloseExecutor-375-thread-1]: prepareCommit: flush
[coreCloseExecutor-375-thread-1] INFO org.apache.solr.update.LoggingInfoStream - [IW][coreCloseExecutor-375-thread-1]:   index before flush _0(5.5.1):C9
[coreCloseExecutor-375-thread-1] INFO org.apache.solr.update.LoggingInfoStream - [DW][coreCloseExecutor-375-thread-1]: startFullFlush
[coreCloseExecutor-375-thread-1] INFO org.apache.solr.update.LoggingInfoStream - [IW][coreCloseExecutor-375-thread-1]: apply all deletes during flush
[coreCloseExecutor-375-thread-1] INFO org.apache.solr.update.LoggingInfoStream - [IW][coreCloseExecutor-375-thread-1]: now apply all deletes for all segments maxDoc=9
[coreCloseExecutor-375-thread-1] INFO org.apache.solr.update.LoggingInfoStream - [BD][coreCloseExecutor-375-thread-1]: applyDeletes: open segment readers took 0 msec
[coreCloseExecutor-375-thread-1] INFO org.apache.solr.update.LoggingInfoStream - [BD][coreCloseExecutor-375-thread-1]: applyDeletes: no segments; skipping
[coreCloseExecutor-375-thread-1] INFO org.apache.solr.update.LoggingInfoStream - [BD][coreCloseExecutor-375-thread-1]: prune sis=segments_2: _0(5.5.1):C9 minGen=5 packetCount=0
[coreCloseExecutor-375-thread-1] INFO org.apache.solr.update.LoggingInfoStream - [DW][coreCloseExecutor-375-thread-1]: coreCloseExecutor-375-thread-1 finishFullFlush success=true
[coreCloseExecutor-375-thread-1] INFO org.apache.solr.update.LoggingInfoStream - [IW][coreCloseExecutor-375-thread-1]: startCommit(): start
[coreCloseExecutor-375-thread-1] INFO org.apache.solr.update.LoggingInfoStream - [IW][coreCloseExecutor-375-thread-1]:   skip startCommit(): no changes pending
[coreCloseExecutor-375-thread-1] INFO org.apache.solr.update.LoggingInfoStream - [IW][coreCloseExecutor-375-thread-1]: commit: pendingCommit == null; skip
[coreCloseExecutor-375-thread-1] INFO org.apache.solr.update.LoggingInfoStream - [IW][coreCloseExecutor-375-thread-1]: commit: took 0.2 msec
[coreCloseExecutor-375-thread-1] INFO org.apache.solr.update.LoggingInfoStream - [IW][coreCloseExecutor-375-thread-1]: commit: done
[coreCloseExecutor-375-thread-1] INFO org.apache.solr.update.LoggingInfoStream - [IW][coreCloseExecutor-375-thread-1]: rollback
[coreCloseExecutor-375-thread-1] INFO org.apache.solr.update.LoggingInfoStream - [IW][coreCloseExecutor-375-thread-1]: all running merges have aborted
[coreCloseExecutor-375-thread-1] INFO org.apache.solr.update.LoggingInfoStream - [IW][coreCloseExecutor-375-thread-1]: rollback: done finish merges
[coreCloseExecutor-375-thread-1] INFO org.apache.solr.update.LoggingInfoStream - [DW][coreCloseExecutor-375-thread-1]: abort
[coreCloseExecutor-375-thread-1] INFO org.apache.solr.update.LoggingInfoStream - [DW][coreCloseExecutor-375-thread-1]: done abort success=true
[coreCloseExecutor-375-thread-1] INFO org.apache.solr.update.LoggingInfoStream - [IW][coreCloseExecutor-375-thread-1]: rollback: infos=_0(5.5.1):C9
[coreCloseExecutor-375-thread-1] INFO org.apache.solr.update.LoggingInfoStream - [IFD][coreCloseExecutor-375-thread-1]: now checkpoint "_0(5.5.1):C9" [1 segments ; isCommit = false]
[coreCloseExecutor-375-thread-1] INFO org.apache.solr.update.LoggingInfoStream - [IFD][coreCloseExecutor-375-thread-1]: 0 msec to checkpoint
[coreCloseExecutor-375-thread-1] INFO org.apache.solr.core.SolrCore - [core] Closing main searcher on request.
[coreCloseExecutor-375-thread-1] INFO org.apache.solr.core.CachingDirectoryFactory - Closing NRTCachingDirectoryFactory - 2 directories currently being tracked
[coreCloseExecutor-375-thread-1] INFO org.apache.solr.core.CachingDirectoryFactory - looking to close /tmp/solr-home5746371180405894342/core/data/index [CachedDir<<refCount=0;path=/tmp/solr-home5746371180405894342/core/data/index;done=false>>]
[coreCloseExecutor-375-thread-1] INFO org.apache.solr.core.CachingDirectoryFactory - Closing directory: /tmp/solr-home5746371180405894342/core/data/index
[coreCloseExecutor-375-thread-1] INFO org.apache.solr.core.CachingDirectoryFactory - looking to close /tmp/solr-home5746371180405894342/core/data [CachedDir<<refCount=0;path=/tmp/solr-home5746371180405894342/core/data;done=false>>]
[coreCloseExecutor-375-thread-1] INFO org.apache.solr.core.CachingDirectoryFactory - Closing directory: /tmp/solr-home5746371180405894342/core/data
[Test worker] INFO com.rbmhtechnology.vind.solr.SolrSearchServer - No server provider of type class com.rbmhtechnology.vind.solr.EmbeddedSolrServerProvider found in classpath for server com.rbmhtechnology.vind.solr.SolrSearchServer
[Test worker] INFO com.rbmhtechnology.vind.solr.SolrSearchServer - No server provider of type class com.rbmhtechnology.vind.solr.EmbeddedSolrServerProvider found in classpath for server com.rbmhtechnology.vind.solr.SolrSearchServer
[Test worker] INFO org.apache.solr.core.SolrResourceLoader - new SolrResourceLoader for directory: '/tmp/solr-home1066423116370346097'
[Test worker] INFO org.apache.solr.core.SolrResourceLoader - JNDI not configured for solr (NoInitialContextEx)
[Test worker] INFO org.apache.solr.core.SolrResourceLoader - solr home defaulted to 'solr/' (could not find system property or JNDI)
[Test worker] INFO org.apache.solr.core.SolrXmlConfig - Loading container configuration from /tmp/solr-home1066423116370346097/solr.xml
[Test worker] INFO org.apache.solr.core.CorePropertiesLocator - Config-defined core root directory: /tmp/solr-home1066423116370346097
[Test worker] INFO org.apache.solr.core.CoreContainer - New CoreContainer 1277158284
[Test worker] INFO org.apache.solr.core.CoreContainer - Loading cores into CoreContainer [instanceDir=/tmp/solr-home1066423116370346097]
[Test worker] WARN org.apache.solr.core.CoreContainer - Couldn't add files from /tmp/solr-home1066423116370346097/lib to classpath: /tmp/solr-home1066423116370346097/lib
[Test worker] INFO org.apache.solr.handler.component.HttpShardHandlerFactory - created with socketTimeout : 120000,connTimeout : 15000,maxConnectionsPerHost : 20,maxConnections : 10000,corePoolSize : 0,maximumPoolSize : 2147483647,maxThreadIdleTime : 5,sizeOfQueue : -1,fairnessPolicy : false,useRetries : false,
[Test worker] INFO org.apache.solr.update.UpdateShardHandler - Creating UpdateShardHandler HTTP client with params: socketTimeout=600000&connTimeout=60000&retry=true
[Test worker] INFO org.apache.solr.logging.LogWatcher - SLF4J impl is org.slf4j.impl.SimpleLoggerFactory
[Test worker] INFO org.apache.solr.logging.LogWatcher - No LogWatcher configured
[Test worker] INFO org.apache.solr.core.CoreContainer - Security conf doesn't exist. Skipping setup for authorization module.
[Test worker] INFO org.apache.solr.core.CoreContainer - No authentication plugin used.
[Test worker] INFO org.apache.solr.core.CorePropertiesLocator - Looking for core definitions underneath /tmp/solr-home1066423116370346097
[Test worker] INFO org.apache.solr.core.CoreDescriptor - Created CoreDescriptor: {runtimeLib=false, name=core, config=solrconfig.xml, loadOnStartup=true, schema=schema.xml, configSetProperties=configsetprops.json, transient=false, dataDir=data/}
[Test worker] INFO org.apache.solr.core.CorePropertiesLocator - Found core core in /tmp/solr-home1066423116370346097/core
[Test worker] INFO org.apache.solr.core.CorePropertiesLocator - Found 1 core definitions
[coreLoadExecutor-382-thread-1] INFO org.apache.solr.core.SolrResourceLoader - new SolrResourceLoader for directory: '/tmp/solr-home1066423116370346097/core'
[coreLoadExecutor-382-thread-1] INFO org.apache.solr.core.SolrResourceLoader - JNDI not configured for solr (NoInitialContextEx)
[coreLoadExecutor-382-thread-1] INFO org.apache.solr.core.SolrResourceLoader - solr home defaulted to 'solr/' (could not find system property or JNDI)
[coreLoadExecutor-382-thread-1] INFO org.apache.solr.core.SolrResourceLoader - Adding 'file:/tmp/solr-home1066423116370346097/core/lib/marker-search-handler-0.3.0.jar' to classloader
[coreLoadExecutor-382-thread-1] INFO org.apache.solr.core.SolrResourceLoader - Adding 'file:/tmp/solr-home1066423116370346097/core/lib/suggestion-request-handler-2.1.0.jar' to classloader
[coreLoadExecutor-382-thread-1] INFO org.apache.solr.core.SolrConfig - current version of requestparams : -1
[coreLoadExecutor-382-thread-1] INFO org.apache.solr.update.SolrIndexConfig - IndexWriter infoStream solr logging is enabled
[coreLoadExecutor-382-thread-1] INFO org.apache.solr.core.SolrConfig - Using Lucene MatchVersion: 5.5.0
[coreLoadExecutor-382-thread-1] INFO org.apache.solr.core.SolrConfig - Loaded SolrConfig: solrconfig.xml
[coreLoadExecutor-382-thread-1] INFO org.apache.solr.schema.ManagedIndexSchemaFactory - The schema is configured as managed, but managed schema resource managed-schema not found - loading non-managed schema schema.xml instead
[coreLoadExecutor-382-thread-1] INFO org.apache.solr.schema.IndexSchema - [core] Schema name=basic search lib core
[coreLoadExecutor-382-thread-1] INFO org.apache.solr.schema.IndexSchema - unique key field: _id_
[coreLoadExecutor-382-thread-1] INFO org.apache.solr.schema.ManagedIndexSchema - Upgraded to managed schema at /tmp/solr-home1066423116370346097/core/conf/managed-schema
[coreLoadExecutor-382-thread-1] INFO org.apache.solr.schema.ManagedIndexSchemaFactory - After upgrading to managed schema, renamed the non-managed schema /tmp/solr-home1066423116370346097/core/conf/schema.xml to /tmp/solr-home1066423116370346097/core/conf/schema.xml.bak
[coreLoadExecutor-382-thread-1] INFO org.apache.solr.core.ConfigSetProperties - Did not find ConfigSet properties, assuming default properties: Can't find resource 'configsetprops.json' in classpath or '/tmp/solr-home1066423116370346097/core'
[coreLoadExecutor-382-thread-1] INFO org.apache.solr.core.CoreContainer - Creating SolrCore 'core' using configuration from instancedir /tmp/solr-home1066423116370346097/core
[coreLoadExecutor-382-thread-1] INFO org.apache.solr.core.SolrCore - solr.NRTCachingDirectoryFactory
[coreLoadExecutor-382-thread-1] INFO org.apache.solr.core.SolrCore - [[core] ] Opening new SolrCore at [/tmp/solr-home1066423116370346097/core], dataDir=[/tmp/solr-home1066423116370346097/core/data/]
[coreLoadExecutor-382-thread-1] INFO org.apache.solr.core.JmxMonitoredMap - No JMX servers found, not exposing Solr information with JMX.
[coreLoadExecutor-382-thread-1] INFO org.apache.solr.core.SchemaCodecFactory - Using default compressionMode: BEST_SPEED
[coreLoadExecutor-382-thread-1] INFO org.apache.solr.core.CachingDirectoryFactory - return new directory for /tmp/solr-home1066423116370346097/core/data
[coreLoadExecutor-382-thread-1] INFO org.apache.solr.core.SolrCore - New index directory detected: old=null new=/tmp/solr-home1066423116370346097/core/data/index/
[coreLoadExecutor-382-thread-1] WARN org.apache.solr.core.SolrCore - [core] Solr index directory '/tmp/solr-home1066423116370346097/core/data/index' doesn't exist. Creating new index...
[coreLoadExecutor-382-thread-1] INFO org.apache.solr.core.CachingDirectoryFactory - return new directory for /tmp/solr-home1066423116370346097/core/data/index
[coreLoadExecutor-382-thread-1] INFO org.apache.solr.update.LoggingInfoStream - [IFD][coreLoadExecutor-382-thread-1]: init: current segments file is "segments"; deletionPolicy=org.apache.solr.core.IndexDeletionPolicyWrapper@21d765aa
[coreLoadExecutor-382-thread-1] INFO org.apache.solr.update.LoggingInfoStream - [IFD][coreLoadExecutor-382-thread-1]: now checkpoint "" [0 segments ; isCommit = false]
[coreLoadExecutor-382-thread-1] INFO org.apache.solr.update.LoggingInfoStream - [IFD][coreLoadExecutor-382-thread-1]: 0 msec to checkpoint
[coreLoadExecutor-382-thread-1] INFO org.apache.solr.update.LoggingInfoStream - [IW][coreLoadExecutor-382-thread-1]: init: create=true
[coreLoadExecutor-382-thread-1] INFO org.apache.solr.update.LoggingInfoStream - [IW][coreLoadExecutor-382-thread-1]: 
dir=NRTCachingDirectory(MMapDirectory@/tmp/solr-home1066423116370346097/core/data/index lockFactory=org.apache.lucene.store.NativeFSLockFactory@2c3d74f6; maxCacheMB=48.0 maxMergeSizeMB=4.0)
index=
version=5.5.1
analyzer=org.apache.solr.update.SolrIndexConfig$DelayedSchemaAnalyzer
ramBufferSizeMB=100.0
maxBufferedDocs=-1
maxBufferedDeleteTerms=-1
mergedSegmentWarmer=null
delPolicy=org.apache.solr.core.IndexDeletionPolicyWrapper
commit=null
openMode=CREATE
similarity=org.apache.lucene.search.similarities.ClassicSimilarity
mergeScheduler=ConcurrentMergeScheduler: maxThreadCount=-1, maxMergeCount=-1, ioThrottle=true
default WRITE_LOCK_TIMEOUT=0
writeLockTimeout=0
codec=Lucene54
infoStream=org.apache.solr.update.LoggingInfoStream
mergePolicy=[TieredMergePolicy: maxMergeAtOnce=10, maxMergeAtOnceExplicit=30, maxMergedSegmentMB=5120.0, floorSegmentMB=2.0, forceMergeDeletesPctAllowed=10.0, segmentsPerTier=10.0, maxCFSSegmentSizeMB=8.796093022207999E12, noCFSRatio=0.1
indexerThreadPool=org.apache.lucene.index.DocumentsWriterPerThreadPool@6b619a8e
readerPooling=false
perThreadHardLimitMB=1945
useCompoundFile=false
commitOnClose=true
writer=org.apache.solr.update.SolrIndexWriter@2f60dab9

[coreLoadExecutor-382-thread-1] INFO org.apache.solr.update.LoggingInfoStream - [IW][coreLoadExecutor-382-thread-1]: MMapDirectory.UNMAP_SUPPORTED=true
[coreLoadExecutor-382-thread-1] INFO org.apache.solr.update.LoggingInfoStream - [IW][coreLoadExecutor-382-thread-1]: now flush at close
[coreLoadExecutor-382-thread-1] INFO org.apache.solr.update.LoggingInfoStream - [IW][coreLoadExecutor-382-thread-1]:   start flush: applyAllDeletes=true
[coreLoadExecutor-382-thread-1] INFO org.apache.solr.update.LoggingInfoStream - [IW][coreLoadExecutor-382-thread-1]:   index before flush 
[coreLoadExecutor-382-thread-1] INFO org.apache.solr.update.LoggingInfoStream - [DW][coreLoadExecutor-382-thread-1]: startFullFlush
[coreLoadExecutor-382-thread-1] INFO org.apache.solr.update.LoggingInfoStream - [DW][coreLoadExecutor-382-thread-1]: coreLoadExecutor-382-thread-1 finishFullFlush success=true
[coreLoadExecutor-382-thread-1] INFO org.apache.solr.update.LoggingInfoStream - [IW][coreLoadExecutor-382-thread-1]: apply all deletes during flush
[coreLoadExecutor-382-thread-1] INFO org.apache.solr.update.LoggingInfoStream - [IW][coreLoadExecutor-382-thread-1]: now apply all deletes for all segments maxDoc=0
[coreLoadExecutor-382-thread-1] INFO org.apache.solr.update.LoggingInfoStream - [BD][coreLoadExecutor-382-thread-1]: prune sis=segments:  minGen=9223372036854775807 packetCount=0
[coreLoadExecutor-382-thread-1] INFO org.apache.solr.update.LoggingInfoStream - [MS][coreLoadExecutor-382-thread-1]: initDynamicDefaults spins=false maxThreadCount=2 maxMergeCount=7
[coreLoadExecutor-382-thread-1] INFO org.apache.solr.update.LoggingInfoStream - [MS][coreLoadExecutor-382-thread-1]: updateMergeThreads ioThrottle=true targetMBPerSec=10240.0 MB/sec
[coreLoadExecutor-382-thread-1] INFO org.apache.solr.update.LoggingInfoStream - [MS][coreLoadExecutor-382-thread-1]: now merge
[coreLoadExecutor-382-thread-1] INFO org.apache.solr.update.LoggingInfoStream - [MS][coreLoadExecutor-382-thread-1]:   index: 
[coreLoadExecutor-382-thread-1] INFO org.apache.solr.update.LoggingInfoStream - [MS][coreLoadExecutor-382-thread-1]:   no more merges pending; now return
[coreLoadExecutor-382-thread-1] INFO org.apache.solr.update.LoggingInfoStream - [IW][coreLoadExecutor-382-thread-1]: waitForMerges
[coreLoadExecutor-382-thread-1] INFO org.apache.solr.update.LoggingInfoStream - [IW][coreLoadExecutor-382-thread-1]: waitForMerges done
[coreLoadExecutor-382-thread-1] INFO org.apache.solr.update.LoggingInfoStream - [IW][coreLoadExecutor-382-thread-1]: commit: start
[coreLoadExecutor-382-thread-1] INFO org.apache.solr.update.LoggingInfoStream - [IW][coreLoadExecutor-382-thread-1]: commit: enter lock
[coreLoadExecutor-382-thread-1] INFO org.apache.solr.update.LoggingInfoStream - [IW][coreLoadExecutor-382-thread-1]: commit: now prepare
[coreLoadExecutor-382-thread-1] INFO org.apache.solr.update.LoggingInfoStream - [IW][coreLoadExecutor-382-thread-1]: prepareCommit: flush
[coreLoadExecutor-382-thread-1] INFO org.apache.solr.update.LoggingInfoStream - [IW][coreLoadExecutor-382-thread-1]:   index before flush 
[coreLoadExecutor-382-thread-1] INFO org.apache.solr.update.LoggingInfoStream - [DW][coreLoadExecutor-382-thread-1]: startFullFlush
[coreLoadExecutor-382-thread-1] INFO org.apache.solr.update.LoggingInfoStream - [IW][coreLoadExecutor-382-thread-1]: apply all deletes during flush
[coreLoadExecutor-382-thread-1] INFO org.apache.solr.update.LoggingInfoStream - [IW][coreLoadExecutor-382-thread-1]: now apply all deletes for all segments maxDoc=0
[coreLoadExecutor-382-thread-1] INFO org.apache.solr.update.LoggingInfoStream - [BD][coreLoadExecutor-382-thread-1]: prune sis=segments:  minGen=9223372036854775807 packetCount=0
[coreLoadExecutor-382-thread-1] INFO org.apache.solr.update.LoggingInfoStream - [DW][coreLoadExecutor-382-thread-1]: coreLoadExecutor-382-thread-1 finishFullFlush success=true
[coreLoadExecutor-382-thread-1] INFO org.apache.solr.update.LoggingInfoStream - [IW][coreLoadExecutor-382-thread-1]: startCommit(): start
[coreLoadExecutor-382-thread-1] INFO org.apache.solr.update.LoggingInfoStream - [IW][coreLoadExecutor-382-thread-1]: startCommit index= changeCount=2
[coreLoadExecutor-382-thread-1] INFO org.apache.solr.update.LoggingInfoStream - [IW][coreLoadExecutor-382-thread-1]: startCommit: wrote pending segments file "pending_segments_1"
[coreLoadExecutor-382-thread-1] INFO org.apache.solr.update.LoggingInfoStream - [IW][coreLoadExecutor-382-thread-1]: done all syncs: []
[coreLoadExecutor-382-thread-1] INFO org.apache.solr.update.LoggingInfoStream - [IW][coreLoadExecutor-382-thread-1]: commit: pendingCommit != null
[coreLoadExecutor-382-thread-1] INFO org.apache.solr.update.LoggingInfoStream - [IW][coreLoadExecutor-382-thread-1]: commit: done writing segments file "segments_1"
[coreLoadExecutor-382-thread-1] INFO org.apache.solr.update.LoggingInfoStream - [IFD][coreLoadExecutor-382-thread-1]: now checkpoint "" [0 segments ; isCommit = true]
[coreLoadExecutor-382-thread-1] INFO org.apache.solr.core.SolrDeletionPolicy - SolrDeletionPolicy.onCommit: commits: num=1
	commit{dir=NRTCachingDirectory(MMapDirectory@/tmp/solr-home1066423116370346097/core/data/index lockFactory=org.apache.lucene.store.NativeFSLockFactory@2c3d74f6; maxCacheMB=48.0 maxMergeSizeMB=4.0),segFN=segments_1,generation=1}
[coreLoadExecutor-382-thread-1] INFO org.apache.solr.core.SolrDeletionPolicy - newest commit generation = 1
[coreLoadExecutor-382-thread-1] INFO org.apache.solr.update.LoggingInfoStream - [IFD][coreLoadExecutor-382-thread-1]: 0 msec to checkpoint
[coreLoadExecutor-382-thread-1] INFO org.apache.solr.update.LoggingInfoStream - [IW][coreLoadExecutor-382-thread-1]: commit: took 10.2 msec
[coreLoadExecutor-382-thread-1] INFO org.apache.solr.update.LoggingInfoStream - [IW][coreLoadExecutor-382-thread-1]: commit: done
[coreLoadExecutor-382-thread-1] INFO org.apache.solr.update.LoggingInfoStream - [IW][coreLoadExecutor-382-thread-1]: rollback
[coreLoadExecutor-382-thread-1] INFO org.apache.solr.update.LoggingInfoStream - [IW][coreLoadExecutor-382-thread-1]: all running merges have aborted
[coreLoadExecutor-382-thread-1] INFO org.apache.solr.update.LoggingInfoStream - [IW][coreLoadExecutor-382-thread-1]: rollback: done finish merges
[coreLoadExecutor-382-thread-1] INFO org.apache.solr.update.LoggingInfoStream - [DW][coreLoadExecutor-382-thread-1]: abort
[coreLoadExecutor-382-thread-1] INFO org.apache.solr.update.LoggingInfoStream - [DW][coreLoadExecutor-382-thread-1]: done abort success=true
[coreLoadExecutor-382-thread-1] INFO org.apache.solr.update.LoggingInfoStream - [IW][coreLoadExecutor-382-thread-1]: rollback: infos=
[coreLoadExecutor-382-thread-1] INFO org.apache.solr.update.LoggingInfoStream - [IFD][coreLoadExecutor-382-thread-1]: now checkpoint "" [0 segments ; isCommit = false]
[coreLoadExecutor-382-thread-1] INFO org.apache.solr.update.LoggingInfoStream - [IFD][coreLoadExecutor-382-thread-1]: 0 msec to checkpoint
[OldIndexDirectoryCleanupThreadForCore-core] INFO org.apache.solr.core.SolrCore - Looking for old index directories to cleanup for core core in /tmp/solr-home1066423116370346097/core/data/
[coreLoadExecutor-382-thread-1] INFO org.apache.solr.core.SolrCore - no updateRequestProcessorChain defined as default, creating implicit default
[coreLoadExecutor-382-thread-1] INFO org.apache.solr.handler.loader.XMLLoader - xsltCacheLifetimeSeconds=60
[coreLoadExecutor-382-thread-1] INFO org.apache.solr.handler.loader.XMLLoader - xsltCacheLifetimeSeconds=60
[coreLoadExecutor-382-thread-1] INFO org.apache.solr.handler.loader.XMLLoader - xsltCacheLifetimeSeconds=60
[coreLoadExecutor-382-thread-1] INFO org.apache.solr.handler.loader.XMLLoader - xsltCacheLifetimeSeconds=60
[coreLoadExecutor-382-thread-1] INFO org.apache.solr.core.RequestHandlers - Registered paths: /admin/mbeans,,/update/csv,/update/json/docs,/admin/luke,/select,/suggester,/admin/segments,/get,/admin/system,/replication,/admin/properties,/config,/schema,/admin/plugins,/admin/logging,/update/json,/admin/threads,/admin/ping,/update,/admin/file
[coreLoadExecutor-382-thread-1] INFO org.apache.solr.core.SolrCore - Using default statsCache cache: org.apache.solr.search.stats.LocalStatsCache
[coreLoadExecutor-382-thread-1] INFO org.apache.solr.update.UpdateHandler - Using UpdateLog implementation: org.apache.solr.update.UpdateLog
[coreLoadExecutor-382-thread-1] INFO org.apache.solr.update.UpdateLog - Initializing UpdateLog: dataDir= defaultSyncLevel=FLUSH numRecordsToKeep=100 maxNumLogsToKeep=10 numVersionBuckets=65536
[coreLoadExecutor-382-thread-1] INFO org.apache.solr.update.CommitTracker - Hard AutoCommit: if uncommited for 15000ms; 
[coreLoadExecutor-382-thread-1] INFO org.apache.solr.update.CommitTracker - Soft AutoCommit: disabled
[coreLoadExecutor-382-thread-1] INFO org.apache.solr.update.LoggingInfoStream - [IFD][coreLoadExecutor-382-thread-1]: init: current segments file is "segments_1"; deletionPolicy=org.apache.solr.core.IndexDeletionPolicyWrapper@21d765aa
[coreLoadExecutor-382-thread-1] INFO org.apache.solr.update.LoggingInfoStream - [IFD][coreLoadExecutor-382-thread-1]: init: load commit "segments_1"
[coreLoadExecutor-382-thread-1] INFO org.apache.solr.core.SolrDeletionPolicy - SolrDeletionPolicy.onInit: commits: num=1
	commit{dir=NRTCachingDirectory(MMapDirectory@/tmp/solr-home1066423116370346097/core/data/index lockFactory=org.apache.lucene.store.NativeFSLockFactory@2c3d74f6; maxCacheMB=48.0 maxMergeSizeMB=4.0),segFN=segments_1,generation=1}
[coreLoadExecutor-382-thread-1] INFO org.apache.solr.core.SolrDeletionPolicy - newest commit generation = 1
[coreLoadExecutor-382-thread-1] INFO org.apache.solr.update.LoggingInfoStream - [IFD][coreLoadExecutor-382-thread-1]: now checkpoint "" [0 segments ; isCommit = false]
[coreLoadExecutor-382-thread-1] INFO org.apache.solr.update.LoggingInfoStream - [IFD][coreLoadExecutor-382-thread-1]: 0 msec to checkpoint
[coreLoadExecutor-382-thread-1] INFO org.apache.solr.update.LoggingInfoStream - [IW][coreLoadExecutor-382-thread-1]: init: create=false
[coreLoadExecutor-382-thread-1] INFO org.apache.solr.update.LoggingInfoStream - [IW][coreLoadExecutor-382-thread-1]: 
dir=NRTCachingDirectory(MMapDirectory@/tmp/solr-home1066423116370346097/core/data/index lockFactory=org.apache.lucene.store.NativeFSLockFactory@2c3d74f6; maxCacheMB=48.0 maxMergeSizeMB=4.0)
index=
version=5.5.1
analyzer=org.apache.solr.update.SolrIndexConfig$DelayedSchemaAnalyzer
ramBufferSizeMB=100.0
maxBufferedDocs=-1
maxBufferedDeleteTerms=-1
mergedSegmentWarmer=null
delPolicy=org.apache.solr.core.IndexDeletionPolicyWrapper
commit=null
openMode=APPEND
similarity=org.apache.lucene.search.similarities.ClassicSimilarity
mergeScheduler=ConcurrentMergeScheduler: maxThreadCount=-1, maxMergeCount=-1, ioThrottle=true
default WRITE_LOCK_TIMEOUT=0
writeLockTimeout=0
codec=Lucene54
infoStream=org.apache.solr.update.LoggingInfoStream
mergePolicy=[TieredMergePolicy: maxMergeAtOnce=10, maxMergeAtOnceExplicit=30, maxMergedSegmentMB=5120.0, floorSegmentMB=2.0, forceMergeDeletesPctAllowed=10.0, segmentsPerTier=10.0, maxCFSSegmentSizeMB=8.796093022207999E12, noCFSRatio=0.1
indexerThreadPool=org.apache.lucene.index.DocumentsWriterPerThreadPool@2cf9af68
readerPooling=false
perThreadHardLimitMB=1945
useCompoundFile=false
commitOnClose=true
writer=org.apache.solr.update.SolrIndexWriter@57e807ed

[coreLoadExecutor-382-thread-1] INFO org.apache.solr.update.LoggingInfoStream - [IW][coreLoadExecutor-382-thread-1]: MMapDirectory.UNMAP_SUPPORTED=true
[coreLoadExecutor-382-thread-1] INFO org.apache.solr.update.LoggingInfoStream - [IW][coreLoadExecutor-382-thread-1]: flush at getReader
[coreLoadExecutor-382-thread-1] INFO org.apache.solr.update.LoggingInfoStream - [DW][coreLoadExecutor-382-thread-1]: startFullFlush
[coreLoadExecutor-382-thread-1] INFO org.apache.solr.update.LoggingInfoStream - [IW][coreLoadExecutor-382-thread-1]: apply all deletes during flush
[coreLoadExecutor-382-thread-1] INFO org.apache.solr.update.LoggingInfoStream - [IW][coreLoadExecutor-382-thread-1]: now apply all deletes for all segments maxDoc=0
[coreLoadExecutor-382-thread-1] INFO org.apache.solr.update.LoggingInfoStream - [BD][coreLoadExecutor-382-thread-1]: prune sis=segments_1:  minGen=9223372036854775807 packetCount=0
[coreLoadExecutor-382-thread-1] INFO org.apache.solr.update.LoggingInfoStream - [IW][coreLoadExecutor-382-thread-1]: incRefDeleter for NRT reader version=2 segments=
[coreLoadExecutor-382-thread-1] INFO org.apache.solr.update.LoggingInfoStream - [IW][coreLoadExecutor-382-thread-1]: return reader version=2 reader=StandardDirectoryReader(segments_1:2:nrt)
[coreLoadExecutor-382-thread-1] INFO org.apache.solr.update.LoggingInfoStream - [DW][coreLoadExecutor-382-thread-1]: coreLoadExecutor-382-thread-1 finishFullFlush success=true
[coreLoadExecutor-382-thread-1] INFO org.apache.solr.update.LoggingInfoStream - [IW][coreLoadExecutor-382-thread-1]: getReader took 0 msec
[coreLoadExecutor-382-thread-1] INFO org.apache.solr.search.SolrIndexSearcher - Opening Searcher@6f3f3c96[core] main
[coreLoadExecutor-382-thread-1] INFO org.apache.solr.rest.ManagedResourceStorage - File-based storage initialized to use dir: /tmp/solr-home1066423116370346097/core/conf
[coreLoadExecutor-382-thread-1] INFO org.apache.solr.rest.RestManager - Initializing RestManager with initArgs: {storageDir=/tmp/solr-home1066423116370346097/core/conf}
[coreLoadExecutor-382-thread-1] INFO org.apache.solr.rest.ManagedResourceStorage - Reading _rest_managed.json using file:dir=/tmp/solr-home1066423116370346097/core/conf
[coreLoadExecutor-382-thread-1] INFO org.apache.solr.rest.RestManager - Initializing 0 registered ManagedResources
[coreLoadExecutor-382-thread-1] INFO org.apache.solr.handler.component.SpellCheckComponent - Initializing spell checkers
[coreLoadExecutor-382-thread-1] INFO org.apache.solr.handler.component.SpellCheckComponent - Registering newSearcher listener for spellchecker: default
[coreLoadExecutor-382-thread-1] INFO org.apache.solr.handler.component.SpellCheckComponent - No queryConverter defined, using default converter
[coreLoadExecutor-382-thread-1] INFO org.apache.solr.handler.ReplicationHandler - Commits will be reserved for  10000
[coreLoadExecutor-382-thread-1] INFO org.apache.solr.update.UpdateLog - Looking up max value of version field to seed version buckets
[coreLoadExecutor-382-thread-1] INFO org.apache.solr.update.VersionInfo - Refreshing highest value of _version_ for 65536 version buckets from index
[coreLoadExecutor-382-thread-1] INFO org.apache.solr.update.VersionInfo - No terms found for _version_, cannot seed version bucket highest value from index
[coreLoadExecutor-382-thread-1] INFO org.apache.solr.update.UpdateLog - Could not find max version in index or recent updates, using new clock 1576087838347231232
[searcherExecutor-383-thread-1] INFO org.apache.solr.handler.component.SpellCheckComponent - Loading spell index for spellchecker: default
[searcherExecutor-383-thread-1] INFO org.apache.solr.core.SolrCore - [core] Registered new searcher Searcher@6f3f3c96[core] main{ExitableDirectoryReader(UninvertingDirectoryReader())}
[coreLoadExecutor-382-thread-1] INFO org.apache.solr.update.UpdateLog - Took 1.0ms to seed version buckets with highest version 1576087838347231232
[coreLoadExecutor-382-thread-1] INFO org.apache.solr.core.CoreContainer - registering core: core
[Test worker] INFO org.apache.solr.core.SolrCore.Request - [core]  webapp=null path=/admin/ping params={} hits=0 status=0 QTime=0
[Test worker] INFO org.apache.solr.core.SolrCore.Request - [core]  webapp=null path=/admin/ping params={} status=0 QTime=0
[Test worker] INFO com.rbmhtechnology.vind.solr.SolrSearchServer - Connection to solr server successful
[Test worker] INFO org.apache.solr.core.SolrCore.Request - [core]  webapp=null path=/schema params={} status=0 QTime=0
[Test worker] INFO com.rbmhtechnology.vind.solr.SolrSearchServer - No server provider of type class com.rbmhtechnology.vind.solr.EmbeddedSolrServerProvider found in classpath for server com.rbmhtechnology.vind.solr.SolrSearchServer
[Test worker] INFO org.apache.solr.update.processor.LogUpdateProcessorFactory - [core]  webapp=null path=/update params={}{add=[1 (1576087838351425536)]} 0 2
[Test worker] INFO org.apache.solr.update.processor.LogUpdateProcessorFactory - [core]  webapp=null path=/update params={}{add=[2 (1576087838354571264)]} 0 0
[Test worker] INFO org.apache.solr.update.processor.LogUpdateProcessorFactory - [core]  webapp=null path=/update params={}{add=[3 (1576087838355619840)]} 0 0
[Test worker] INFO org.apache.solr.update.DirectUpdateHandler2 - start commit{,optimize=false,openSearcher=true,waitSearcher=true,expungeDeletes=false,softCommit=false,prepareCommit=false}
[Test worker] INFO org.apache.solr.update.LoggingInfoStream - [IW][Test worker]: commit: start
[Test worker] INFO org.apache.solr.update.LoggingInfoStream - [IW][Test worker]: commit: enter lock
[Test worker] INFO org.apache.solr.update.LoggingInfoStream - [IW][Test worker]: commit: now prepare
[Test worker] INFO org.apache.solr.update.LoggingInfoStream - [IW][Test worker]: prepareCommit: flush
[Test worker] INFO org.apache.solr.update.LoggingInfoStream - [IW][Test worker]:   index before flush 
[Test worker] INFO org.apache.solr.update.LoggingInfoStream - [DW][Test worker]: startFullFlush
[Test worker] INFO org.apache.solr.update.LoggingInfoStream - [DW][Test worker]: anyChanges? numDocsInRam=3 deletes=true hasTickets:false pendingChangesInFullFlush: false
[Test worker] INFO org.apache.solr.update.LoggingInfoStream - [DWFC][Test worker]: addFlushableState DocumentsWriterPerThread [pendingDeletes=gen=0 2 deleted terms (unique count=2) bytesUsed=338, segment=_0, aborted=false, numDocsInRAM=3, deleteQueue=DWDQ: [ generation: 1 ]]
[Test worker] INFO org.apache.solr.update.LoggingInfoStream - [DWPT][Test worker]: flush postings as segment _0 numDocs=3
[Test worker] INFO org.apache.solr.update.LoggingInfoStream - [IW][Test worker]: 0 msec to write norms
[Test worker] INFO org.apache.solr.update.LoggingInfoStream - [IW][Test worker]: 0 msec to write docValues
[Test worker] INFO org.apache.solr.update.LoggingInfoStream - [IW][Test worker]: 0 msec to finish stored fields
[Test worker] INFO org.apache.solr.update.LoggingInfoStream - [IW][Test worker]: 0 msec to write postings and finish vectors
[Test worker] INFO org.apache.solr.update.LoggingInfoStream - [IW][Test worker]: 0 msec to write fieldInfos
[Test worker] INFO org.apache.solr.update.LoggingInfoStream - [DWPT][Test worker]: new segment has 0 deleted docs
[Test worker] INFO org.apache.solr.update.LoggingInfoStream - [DWPT][Test worker]: new segment has no vectors; norms; docValues; prox; freqs
[Test worker] INFO org.apache.solr.update.LoggingInfoStream - [DWPT][Test worker]: flushedFiles=[_0_Lucene54_0.dvm, _0_Lucene50_0.doc, _0_Lucene50_0.tim, _0_Lucene50_0.pos, _0.nvd, _0.fdx, _0_Lucene54_0.dvd, _0_Lucene50_0.tip, _0.fdt, _0.nvm, _0.fnm]
[Test worker] INFO org.apache.solr.update.LoggingInfoStream - [DWPT][Test worker]: flushed codec=Lucene54
[Test worker] INFO org.apache.solr.update.LoggingInfoStream - [DWPT][Test worker]: flushed: segment=_0 ramUsed=0.36 MB newFlushedSize=0.004 MB docs/MB=674.904
[Test worker] INFO org.apache.solr.update.LoggingInfoStream - [DW][Test worker]: publishFlushedSegment seg-private updates=null
[Test worker] INFO org.apache.solr.update.LoggingInfoStream - [IW][Test worker]: publishFlushedSegment
[Test worker] INFO org.apache.solr.update.LoggingInfoStream - [BD][Test worker]: push deletes  3 deleted terms (unique count=3) bytesUsed=1072 segmentPrivate?=false delGen=2 packetCount=1 totBytesUsed=1072
[Test worker] INFO org.apache.solr.update.LoggingInfoStream - [IW][Test worker]: publish sets newSegment delGen=3 seg=_0(5.5.1):C3
[Test worker] INFO org.apache.solr.update.LoggingInfoStream - [IFD][Test worker]: now checkpoint "_0(5.5.1):C3" [1 segments ; isCommit = false]
[Test worker] INFO org.apache.solr.update.LoggingInfoStream - [IFD][Test worker]: 0 msec to checkpoint
[Test worker] INFO org.apache.solr.update.LoggingInfoStream - [IW][Test worker]: apply all deletes during flush
[Test worker] INFO org.apache.solr.update.LoggingInfoStream - [IW][Test worker]: now apply all deletes for all segments maxDoc=3
[Test worker] INFO org.apache.solr.update.LoggingInfoStream - [BD][Test worker]: applyDeletes: open segment readers took 0 msec
[Test worker] INFO org.apache.solr.update.LoggingInfoStream - [BD][Test worker]: applyDeletes: infos=[_0(5.5.1):C3] packetCount=1
[Test worker] INFO org.apache.solr.update.LoggingInfoStream - [BD][Test worker]: applyDeletes took 0 msec for 1 segments, 0 newly deleted docs (query deletes), 0 visited terms, allDeleted=null
[Test worker] INFO org.apache.solr.update.LoggingInfoStream - [BD][Test worker]: prune sis=segments_1: _0(5.5.1):C3 minGen=3 packetCount=1
[Test worker] INFO org.apache.solr.update.LoggingInfoStream - [BD][Test worker]: pruneDeletes: prune 1 packets; 0 packets remain
[Test worker] INFO org.apache.solr.update.LoggingInfoStream - [DW][Test worker]: Test worker finishFullFlush success=true
[Test worker] INFO org.apache.solr.update.LoggingInfoStream - [TMP][Test worker]: findMerges: 1 segments
[Test worker] INFO org.apache.solr.update.LoggingInfoStream - [TMP][Test worker]:   seg=_0(5.5.1):C3 size=0.005 MB [floored]
[Test worker] INFO org.apache.solr.update.LoggingInfoStream - [TMP][Test worker]:   allowedSegmentCount=1 vs count=1 (eligible count=1) tooBigCount=0
[Test worker] INFO org.apache.solr.update.LoggingInfoStream - [MS][Test worker]: initDynamicDefaults spins=false maxThreadCount=2 maxMergeCount=7
[Test worker] INFO org.apache.solr.update.LoggingInfoStream - [MS][Test worker]: now merge
[Test worker] INFO org.apache.solr.update.LoggingInfoStream - [MS][Test worker]:   index: _0(5.5.1):C3
[Test worker] INFO org.apache.solr.update.LoggingInfoStream - [MS][Test worker]:   no more merges pending; now return
[Test worker] INFO org.apache.solr.update.LoggingInfoStream - [IW][Test worker]: startCommit(): start
[Test worker] INFO org.apache.solr.update.LoggingInfoStream - [IW][Test worker]: startCommit index=_0(5.5.1):C3 changeCount=4
[Test worker] INFO org.apache.solr.update.LoggingInfoStream - [IW][Test worker]: startCommit: wrote pending segments file "pending_segments_2"
[Test worker] INFO org.apache.solr.update.LoggingInfoStream - [IW][Test worker]: done all syncs: [_0.si, _0_Lucene50_0.doc, _0_Lucene50_0.tim, _0_Lucene54_0.dvm, _0_Lucene50_0.pos, _0.nvd, _0.fdx, _0_Lucene54_0.dvd, _0_Lucene50_0.tip, _0.fdt, _0.nvm, _0.fnm]
[Test worker] INFO org.apache.solr.update.LoggingInfoStream - [IW][Test worker]: commit: pendingCommit != null
[Test worker] INFO org.apache.solr.update.LoggingInfoStream - [IW][Test worker]: commit: done writing segments file "segments_2"
[Test worker] INFO org.apache.solr.update.LoggingInfoStream - [IFD][Test worker]: now checkpoint "_0(5.5.1):C3" [1 segments ; isCommit = true]
[Test worker] INFO org.apache.solr.core.SolrDeletionPolicy - SolrDeletionPolicy.onCommit: commits: num=2
	commit{dir=NRTCachingDirectory(MMapDirectory@/tmp/solr-home1066423116370346097/core/data/index lockFactory=org.apache.lucene.store.NativeFSLockFactory@2c3d74f6; maxCacheMB=48.0 maxMergeSizeMB=4.0),segFN=segments_1,generation=1}
	commit{dir=NRTCachingDirectory(MMapDirectory@/tmp/solr-home1066423116370346097/core/data/index lockFactory=org.apache.lucene.store.NativeFSLockFactory@2c3d74f6; maxCacheMB=48.0 maxMergeSizeMB=4.0),segFN=segments_2,generation=2}
[Test worker] INFO org.apache.solr.core.SolrDeletionPolicy - newest commit generation = 2
[Test worker] INFO org.apache.solr.update.LoggingInfoStream - [IFD][Test worker]: deleteCommits: now decRef commit "segments_1"
[Test worker] INFO org.apache.solr.update.LoggingInfoStream - [IFD][Test worker]: delete "segments_1"
[Test worker] INFO org.apache.solr.update.LoggingInfoStream - [IFD][Test worker]: 0 msec to checkpoint
[Test worker] INFO org.apache.solr.update.LoggingInfoStream - [IW][Test worker]: commit: took 57.7 msec
[Test worker] INFO org.apache.solr.update.LoggingInfoStream - [IW][Test worker]: commit: done
[Test worker] INFO org.apache.solr.update.LoggingInfoStream - [IW][Test worker]: nrtIsCurrent: infoVersion matches: false; DW changes: false; BD changes: false
[Test worker] INFO org.apache.solr.update.LoggingInfoStream - [IW][Test worker]: flush at getReader
[Test worker] INFO org.apache.solr.update.LoggingInfoStream - [DW][Test worker]: startFullFlush
[Test worker] INFO org.apache.solr.update.LoggingInfoStream - [IW][Test worker]: apply all deletes during flush
[Test worker] INFO org.apache.solr.update.LoggingInfoStream - [IW][Test worker]: now apply all deletes for all segments maxDoc=3
[Test worker] INFO org.apache.solr.update.LoggingInfoStream - [BD][Test worker]: applyDeletes: open segment readers took 0 msec
[Test worker] INFO org.apache.solr.update.LoggingInfoStream - [BD][Test worker]: applyDeletes: no segments; skipping
[Test worker] INFO org.apache.solr.update.LoggingInfoStream - [BD][Test worker]: prune sis=segments_2: _0(5.5.1):C3 minGen=3 packetCount=0
[Test worker] INFO org.apache.solr.update.LoggingInfoStream - [IW][Test worker]: incRefDeleter for NRT reader version=6 segments=_0(5.5.1):C3
[Test worker] INFO org.apache.solr.update.LoggingInfoStream - [IW][Test worker]: return reader version=6 reader=StandardDirectoryReader(segments_2:6:nrt _0(5.5.1):C3)
[Test worker] INFO org.apache.solr.update.LoggingInfoStream - [DW][Test worker]: Test worker finishFullFlush success=true
[Test worker] INFO org.apache.solr.update.LoggingInfoStream - [IW][Test worker]: getReader took 1 msec
[Test worker] INFO org.apache.solr.search.SolrIndexSearcher - Opening Searcher@55537273[core] main
[Test worker] INFO org.apache.solr.update.DirectUpdateHandler2 - end_commit_flush
[searcherExecutor-383-thread-1] INFO org.apache.solr.handler.component.SpellCheckComponent - Building spell index for spell checker: default
[searcherExecutor-383-thread-1] INFO org.apache.solr.core.SolrCore - [core] Registered new searcher Searcher@55537273[core] main{ExitableDirectoryReader(UninvertingDirectoryReader(Uninverting(_0(5.5.1):C3)))}
[searcherExecutor-383-thread-1] INFO org.apache.solr.update.LoggingInfoStream - [IW][searcherExecutor-383-thread-1]: decRefDeleter for NRT reader version=2 segments=
[Test worker] INFO org.apache.solr.update.processor.LogUpdateProcessorFactory - [core]  webapp=null path=/update params={commit=true&softCommit=false&waitSearcher=true}{commit=} 0 81
[Test worker] INFO org.apache.solr.core.SolrCore.Request - [core]  webapp=null path=/select params={q=*&fl=*,score&df=text&fq=_type_:asset&fq=dynamic_single_facet_string_textSingle:[''+TO+*]&start=0&rows=10} hits=1 status=0 QTime=0
[Test worker] INFO com.rbmhtechnology.vind.api.result.PageResult - SearchResult{numOfResults=1, results=[DocumentImpl{values={textSingle={null=text 1}}, id='1', type='asset'}]}
[Test worker] INFO org.apache.solr.core.SolrCore.Request - [core]  webapp=null path=/select params={q=*&fl=*,score&df=text&fq=_type_:asset&fq=dynamic_multi_facet_string_textMulti:[''+TO+*]&start=0&rows=10} hits=1 status=0 QTime=1
[Test worker] INFO com.rbmhtechnology.vind.api.result.PageResult - SearchResult{numOfResults=1, results=[DocumentImpl{values={textMulti={null=[text 2.1, text 2.2]}}, id='2', type='asset'}]}
[Test worker] INFO org.apache.solr.core.SolrCore.Request - [core]  webapp=null path=/select params={q=*&fl=*,score&df=text&fq=_type_:asset&fq=NOT(dynamic_single_facet_string_textSingle:[''+TO+*])&start=0&rows=10} hits=2 status=0 QTime=0
[Test worker] INFO com.rbmhtechnology.vind.api.result.PageResult - SearchResult{numOfResults=2, results=[DocumentImpl{values={textMulti={null=[text 2.1, text 2.2]}}, id='2', type='asset'}, DocumentImpl{values={textSingle={null=}, intSingle={null=9}}, id='3', type='asset'}]}
[Test worker] INFO org.apache.solr.core.SolrCore.Request - [core]  webapp=null path=/select params={q=*&fl=*,score&df=text&fq=_type_:asset&fq=NOT(dynamic_multi_facet_string_textMulti:[''+TO+*])&start=0&rows=10} hits=2 status=0 QTime=0
[Test worker] INFO com.rbmhtechnology.vind.api.result.PageResult - SearchResult{numOfResults=2, results=[DocumentImpl{values={textSingle={null=text 1}}, id='1', type='asset'}, DocumentImpl{values={textSingle={null=}, intSingle={null=9}}, id='3', type='asset'}]}
[Test worker] INFO org.apache.solr.core.SolrCore.Request - [core]  webapp=null path=/select params={q=*&fl=*,score&df=text&fq=_type_:asset&fq=dynamic_single_facet_int_intSingle:*&start=0&rows=10} hits=1 status=0 QTime=0
[Test worker] INFO com.rbmhtechnology.vind.api.result.PageResult - SearchResult{numOfResults=1, results=[DocumentImpl{values={textSingle={null=}, intSingle={null=9}}, id='3', type='asset'}]}
[Test worker] INFO org.apache.solr.core.CoreContainer - Shutting down CoreContainer instance=1277158284
[coreCloseExecutor-388-thread-1] INFO org.apache.solr.core.SolrCore - [core]  CLOSING SolrCore org.apache.solr.core.SolrCore@318bf66c
[coreCloseExecutor-388-thread-1] INFO org.apache.solr.update.DirectUpdateHandler2 - closing DirectUpdateHandler2{commits=1,autocommit maxTime=15000ms,autocommits=0,soft autocommits=0,optimizes=0,rollbacks=0,expungeDeletes=0,docsPending=0,adds=0,deletesById=0,deletesByQuery=0,errors=0,cumulative_adds=3,cumulative_deletesById=0,cumulative_deletesByQuery=0,cumulative_errors=0,transaction_logs_total_size=599,transaction_logs_total_number=1}
[coreCloseExecutor-388-thread-1] INFO org.apache.solr.update.SolrCoreState - Closing SolrCoreState
[coreCloseExecutor-388-thread-1] INFO org.apache.solr.update.DefaultSolrCoreState - SolrCoreState ref count has reached 0 - closing IndexWriter
[coreCloseExecutor-388-thread-1] INFO org.apache.solr.update.DefaultSolrCoreState - closing IndexWriter with IndexWriterCloser
[coreCloseExecutor-388-thread-1] INFO org.apache.solr.update.LoggingInfoStream - [IW][coreCloseExecutor-388-thread-1]: now flush at close
[coreCloseExecutor-388-thread-1] INFO org.apache.solr.update.LoggingInfoStream - [IW][coreCloseExecutor-388-thread-1]:   start flush: applyAllDeletes=true
[coreCloseExecutor-388-thread-1] INFO org.apache.solr.update.LoggingInfoStream - [IW][coreCloseExecutor-388-thread-1]:   index before flush _0(5.5.1):C3
[coreCloseExecutor-388-thread-1] INFO org.apache.solr.update.LoggingInfoStream - [DW][coreCloseExecutor-388-thread-1]: startFullFlush
[coreCloseExecutor-388-thread-1] INFO org.apache.solr.update.LoggingInfoStream - [DW][coreCloseExecutor-388-thread-1]: coreCloseExecutor-388-thread-1 finishFullFlush success=true
[coreCloseExecutor-388-thread-1] INFO org.apache.solr.update.LoggingInfoStream - [IW][coreCloseExecutor-388-thread-1]: apply all deletes during flush
[coreCloseExecutor-388-thread-1] INFO org.apache.solr.update.LoggingInfoStream - [IW][coreCloseExecutor-388-thread-1]: now apply all deletes for all segments maxDoc=3
[coreCloseExecutor-388-thread-1] INFO org.apache.solr.update.LoggingInfoStream - [BD][coreCloseExecutor-388-thread-1]: applyDeletes: open segment readers took 0 msec
[coreCloseExecutor-388-thread-1] INFO org.apache.solr.update.LoggingInfoStream - [BD][coreCloseExecutor-388-thread-1]: applyDeletes: no segments; skipping
[coreCloseExecutor-388-thread-1] INFO org.apache.solr.update.LoggingInfoStream - [BD][coreCloseExecutor-388-thread-1]: prune sis=segments_2: _0(5.5.1):C3 minGen=3 packetCount=0
[coreCloseExecutor-388-thread-1] INFO org.apache.solr.update.LoggingInfoStream - [MS][coreCloseExecutor-388-thread-1]: updateMergeThreads ioThrottle=true targetMBPerSec=10240.0 MB/sec
[coreCloseExecutor-388-thread-1] INFO org.apache.solr.update.LoggingInfoStream - [MS][coreCloseExecutor-388-thread-1]: now merge
[coreCloseExecutor-388-thread-1] INFO org.apache.solr.update.LoggingInfoStream - [MS][coreCloseExecutor-388-thread-1]:   index: _0(5.5.1):C3
[coreCloseExecutor-388-thread-1] INFO org.apache.solr.update.LoggingInfoStream - [MS][coreCloseExecutor-388-thread-1]:   no more merges pending; now return
[coreCloseExecutor-388-thread-1] INFO org.apache.solr.update.LoggingInfoStream - [IW][coreCloseExecutor-388-thread-1]: waitForMerges
[coreCloseExecutor-388-thread-1] INFO org.apache.solr.update.LoggingInfoStream - [IW][coreCloseExecutor-388-thread-1]: waitForMerges done
[coreCloseExecutor-388-thread-1] INFO org.apache.solr.update.LoggingInfoStream - [IW][coreCloseExecutor-388-thread-1]: commit: start
[coreCloseExecutor-388-thread-1] INFO org.apache.solr.update.LoggingInfoStream - [IW][coreCloseExecutor-388-thread-1]: commit: enter lock
[coreCloseExecutor-388-thread-1] INFO org.apache.solr.update.LoggingInfoStream - [IW][coreCloseExecutor-388-thread-1]: commit: now prepare
[coreCloseExecutor-388-thread-1] INFO org.apache.solr.update.LoggingInfoStream - [IW][coreCloseExecutor-388-thread-1]: prepareCommit: flush
[coreCloseExecutor-388-thread-1] INFO org.apache.solr.update.LoggingInfoStream - [IW][coreCloseExecutor-388-thread-1]:   index before flush _0(5.5.1):C3
[coreCloseExecutor-388-thread-1] INFO org.apache.solr.update.LoggingInfoStream - [DW][coreCloseExecutor-388-thread-1]: startFullFlush
[coreCloseExecutor-388-thread-1] INFO org.apache.solr.update.LoggingInfoStream - [IW][coreCloseExecutor-388-thread-1]: apply all deletes during flush
[coreCloseExecutor-388-thread-1] INFO org.apache.solr.update.LoggingInfoStream - [IW][coreCloseExecutor-388-thread-1]: now apply all deletes for all segments maxDoc=3
[coreCloseExecutor-388-thread-1] INFO org.apache.solr.update.LoggingInfoStream - [BD][coreCloseExecutor-388-thread-1]: applyDeletes: open segment readers took 0 msec
[coreCloseExecutor-388-thread-1] INFO org.apache.solr.update.LoggingInfoStream - [BD][coreCloseExecutor-388-thread-1]: applyDeletes: no segments; skipping
[coreCloseExecutor-388-thread-1] INFO org.apache.solr.update.LoggingInfoStream - [BD][coreCloseExecutor-388-thread-1]: prune sis=segments_2: _0(5.5.1):C3 minGen=3 packetCount=0
[coreCloseExecutor-388-thread-1] INFO org.apache.solr.update.LoggingInfoStream - [DW][coreCloseExecutor-388-thread-1]: coreCloseExecutor-388-thread-1 finishFullFlush success=true
[coreCloseExecutor-388-thread-1] INFO org.apache.solr.update.LoggingInfoStream - [IW][coreCloseExecutor-388-thread-1]: startCommit(): start
[coreCloseExecutor-388-thread-1] INFO org.apache.solr.update.LoggingInfoStream - [IW][coreCloseExecutor-388-thread-1]:   skip startCommit(): no changes pending
[coreCloseExecutor-388-thread-1] INFO org.apache.solr.update.LoggingInfoStream - [IW][coreCloseExecutor-388-thread-1]: commit: pendingCommit == null; skip
[coreCloseExecutor-388-thread-1] INFO org.apache.solr.update.LoggingInfoStream - [IW][coreCloseExecutor-388-thread-1]: commit: took 0.1 msec
[coreCloseExecutor-388-thread-1] INFO org.apache.solr.update.LoggingInfoStream - [IW][coreCloseExecutor-388-thread-1]: commit: done
[coreCloseExecutor-388-thread-1] INFO org.apache.solr.update.LoggingInfoStream - [IW][coreCloseExecutor-388-thread-1]: rollback
[coreCloseExecutor-388-thread-1] INFO org.apache.solr.update.LoggingInfoStream - [IW][coreCloseExecutor-388-thread-1]: all running merges have aborted
[coreCloseExecutor-388-thread-1] INFO org.apache.solr.update.LoggingInfoStream - [IW][coreCloseExecutor-388-thread-1]: rollback: done finish merges
[coreCloseExecutor-388-thread-1] INFO org.apache.solr.update.LoggingInfoStream - [DW][coreCloseExecutor-388-thread-1]: abort
[coreCloseExecutor-388-thread-1] INFO org.apache.solr.update.LoggingInfoStream - [DW][coreCloseExecutor-388-thread-1]: done abort success=true
[coreCloseExecutor-388-thread-1] INFO org.apache.solr.update.LoggingInfoStream - [IW][coreCloseExecutor-388-thread-1]: rollback: infos=_0(5.5.1):C3
[coreCloseExecutor-388-thread-1] INFO org.apache.solr.update.LoggingInfoStream - [IFD][coreCloseExecutor-388-thread-1]: now checkpoint "_0(5.5.1):C3" [1 segments ; isCommit = false]
[coreCloseExecutor-388-thread-1] INFO org.apache.solr.update.LoggingInfoStream - [IFD][coreCloseExecutor-388-thread-1]: 0 msec to checkpoint
[coreCloseExecutor-388-thread-1] INFO org.apache.solr.core.SolrCore - [core] Closing main searcher on request.
[coreCloseExecutor-388-thread-1] INFO org.apache.solr.core.CachingDirectoryFactory - Closing NRTCachingDirectoryFactory - 2 directories currently being tracked
[coreCloseExecutor-388-thread-1] INFO org.apache.solr.core.CachingDirectoryFactory - looking to close /tmp/solr-home1066423116370346097/core/data [CachedDir<<refCount=0;path=/tmp/solr-home1066423116370346097/core/data;done=false>>]
[coreCloseExecutor-388-thread-1] INFO org.apache.solr.core.CachingDirectoryFactory - Closing directory: /tmp/solr-home1066423116370346097/core/data
[coreCloseExecutor-388-thread-1] INFO org.apache.solr.core.CachingDirectoryFactory - looking to close /tmp/solr-home1066423116370346097/core/data/index [CachedDir<<refCount=0;path=/tmp/solr-home1066423116370346097/core/data/index;done=false>>]
[coreCloseExecutor-388-thread-1] INFO org.apache.solr.core.CachingDirectoryFactory - Closing directory: /tmp/solr-home1066423116370346097/core/data/index
[Test worker] INFO com.rbmhtechnology.vind.solr.SolrSearchServer - No server provider of type class com.rbmhtechnology.vind.solr.EmbeddedSolrServerProvider found in classpath for server com.rbmhtechnology.vind.solr.SolrSearchServer
[Test worker] INFO com.rbmhtechnology.vind.solr.SolrSearchServer - No server provider of type class com.rbmhtechnology.vind.solr.EmbeddedSolrServerProvider found in classpath for server com.rbmhtechnology.vind.solr.SolrSearchServer
[Test worker] INFO org.apache.solr.core.SolrResourceLoader - new SolrResourceLoader for directory: '/tmp/solr-home4396894196001398929'
[Test worker] INFO org.apache.solr.core.SolrResourceLoader - JNDI not configured for solr (NoInitialContextEx)
[Test worker] INFO org.apache.solr.core.SolrResourceLoader - solr home defaulted to 'solr/' (could not find system property or JNDI)
[Test worker] INFO org.apache.solr.core.SolrXmlConfig - Loading container configuration from /tmp/solr-home4396894196001398929/solr.xml
[Test worker] INFO org.apache.solr.core.CorePropertiesLocator - Config-defined core root directory: /tmp/solr-home4396894196001398929
[Test worker] INFO org.apache.solr.core.CoreContainer - New CoreContainer 217269763
[Test worker] INFO org.apache.solr.core.CoreContainer - Loading cores into CoreContainer [instanceDir=/tmp/solr-home4396894196001398929]
[Test worker] WARN org.apache.solr.core.CoreContainer - Couldn't add files from /tmp/solr-home4396894196001398929/lib to classpath: /tmp/solr-home4396894196001398929/lib
[Test worker] INFO org.apache.solr.handler.component.HttpShardHandlerFactory - created with socketTimeout : 120000,connTimeout : 15000,maxConnectionsPerHost : 20,maxConnections : 10000,corePoolSize : 0,maximumPoolSize : 2147483647,maxThreadIdleTime : 5,sizeOfQueue : -1,fairnessPolicy : false,useRetries : false,
[Test worker] INFO org.apache.solr.update.UpdateShardHandler - Creating UpdateShardHandler HTTP client with params: socketTimeout=600000&connTimeout=60000&retry=true
[Test worker] INFO org.apache.solr.logging.LogWatcher - SLF4J impl is org.slf4j.impl.SimpleLoggerFactory
[Test worker] INFO org.apache.solr.logging.LogWatcher - No LogWatcher configured
[Test worker] INFO org.apache.solr.core.CoreContainer - Security conf doesn't exist. Skipping setup for authorization module.
[Test worker] INFO org.apache.solr.core.CoreContainer - No authentication plugin used.
[Test worker] INFO org.apache.solr.core.CorePropertiesLocator - Looking for core definitions underneath /tmp/solr-home4396894196001398929
[Test worker] INFO org.apache.solr.core.CoreDescriptor - Created CoreDescriptor: {runtimeLib=false, name=core, config=solrconfig.xml, loadOnStartup=true, schema=schema.xml, configSetProperties=configsetprops.json, transient=false, dataDir=data/}
[Test worker] INFO org.apache.solr.core.CorePropertiesLocator - Found core core in /tmp/solr-home4396894196001398929/core
[Test worker] INFO org.apache.solr.core.CorePropertiesLocator - Found 1 core definitions
[coreLoadExecutor-395-thread-1] INFO org.apache.solr.core.SolrResourceLoader - new SolrResourceLoader for directory: '/tmp/solr-home4396894196001398929/core'
[coreLoadExecutor-395-thread-1] INFO org.apache.solr.core.SolrResourceLoader - JNDI not configured for solr (NoInitialContextEx)
[coreLoadExecutor-395-thread-1] INFO org.apache.solr.core.SolrResourceLoader - solr home defaulted to 'solr/' (could not find system property or JNDI)
[coreLoadExecutor-395-thread-1] INFO org.apache.solr.core.SolrResourceLoader - Adding 'file:/tmp/solr-home4396894196001398929/core/lib/marker-search-handler-0.3.0.jar' to classloader
[coreLoadExecutor-395-thread-1] INFO org.apache.solr.core.SolrResourceLoader - Adding 'file:/tmp/solr-home4396894196001398929/core/lib/suggestion-request-handler-2.1.0.jar' to classloader
[coreLoadExecutor-395-thread-1] INFO org.apache.solr.core.SolrConfig - current version of requestparams : -1
[coreLoadExecutor-395-thread-1] INFO org.apache.solr.update.SolrIndexConfig - IndexWriter infoStream solr logging is enabled
[coreLoadExecutor-395-thread-1] INFO org.apache.solr.core.SolrConfig - Using Lucene MatchVersion: 5.5.0
[coreLoadExecutor-395-thread-1] INFO org.apache.solr.core.SolrConfig - Loaded SolrConfig: solrconfig.xml
[coreLoadExecutor-395-thread-1] INFO org.apache.solr.schema.ManagedIndexSchemaFactory - The schema is configured as managed, but managed schema resource managed-schema not found - loading non-managed schema schema.xml instead
[coreLoadExecutor-395-thread-1] INFO org.apache.solr.schema.IndexSchema - [core] Schema name=basic search lib core
[coreLoadExecutor-395-thread-1] INFO org.apache.solr.schema.IndexSchema - unique key field: _id_
[coreLoadExecutor-395-thread-1] INFO org.apache.solr.schema.ManagedIndexSchema - Upgraded to managed schema at /tmp/solr-home4396894196001398929/core/conf/managed-schema
[coreLoadExecutor-395-thread-1] INFO org.apache.solr.schema.ManagedIndexSchemaFactory - After upgrading to managed schema, renamed the non-managed schema /tmp/solr-home4396894196001398929/core/conf/schema.xml to /tmp/solr-home4396894196001398929/core/conf/schema.xml.bak
[coreLoadExecutor-395-thread-1] INFO org.apache.solr.core.ConfigSetProperties - Did not find ConfigSet properties, assuming default properties: Can't find resource 'configsetprops.json' in classpath or '/tmp/solr-home4396894196001398929/core'
[coreLoadExecutor-395-thread-1] INFO org.apache.solr.core.CoreContainer - Creating SolrCore 'core' using configuration from instancedir /tmp/solr-home4396894196001398929/core
[coreLoadExecutor-395-thread-1] INFO org.apache.solr.core.SolrCore - solr.NRTCachingDirectoryFactory
[coreLoadExecutor-395-thread-1] INFO org.apache.solr.core.SolrCore - [[core] ] Opening new SolrCore at [/tmp/solr-home4396894196001398929/core], dataDir=[/tmp/solr-home4396894196001398929/core/data/]
[coreLoadExecutor-395-thread-1] INFO org.apache.solr.core.JmxMonitoredMap - No JMX servers found, not exposing Solr information with JMX.
[coreLoadExecutor-395-thread-1] INFO org.apache.solr.core.SchemaCodecFactory - Using default compressionMode: BEST_SPEED
[coreLoadExecutor-395-thread-1] INFO org.apache.solr.core.CachingDirectoryFactory - return new directory for /tmp/solr-home4396894196001398929/core/data
[coreLoadExecutor-395-thread-1] INFO org.apache.solr.core.SolrCore - New index directory detected: old=null new=/tmp/solr-home4396894196001398929/core/data/index/
[coreLoadExecutor-395-thread-1] WARN org.apache.solr.core.SolrCore - [core] Solr index directory '/tmp/solr-home4396894196001398929/core/data/index' doesn't exist. Creating new index...
[coreLoadExecutor-395-thread-1] INFO org.apache.solr.core.CachingDirectoryFactory - return new directory for /tmp/solr-home4396894196001398929/core/data/index
[coreLoadExecutor-395-thread-1] INFO org.apache.solr.update.LoggingInfoStream - [IFD][coreLoadExecutor-395-thread-1]: init: current segments file is "segments"; deletionPolicy=org.apache.solr.core.IndexDeletionPolicyWrapper@c9cd166
[coreLoadExecutor-395-thread-1] INFO org.apache.solr.update.LoggingInfoStream - [IFD][coreLoadExecutor-395-thread-1]: now checkpoint "" [0 segments ; isCommit = false]
[coreLoadExecutor-395-thread-1] INFO org.apache.solr.update.LoggingInfoStream - [IFD][coreLoadExecutor-395-thread-1]: 0 msec to checkpoint
[coreLoadExecutor-395-thread-1] INFO org.apache.solr.update.LoggingInfoStream - [IW][coreLoadExecutor-395-thread-1]: init: create=true
[coreLoadExecutor-395-thread-1] INFO org.apache.solr.update.LoggingInfoStream - [IW][coreLoadExecutor-395-thread-1]: 
dir=NRTCachingDirectory(MMapDirectory@/tmp/solr-home4396894196001398929/core/data/index lockFactory=org.apache.lucene.store.NativeFSLockFactory@2c3d74f6; maxCacheMB=48.0 maxMergeSizeMB=4.0)
index=
version=5.5.1
analyzer=org.apache.solr.update.SolrIndexConfig$DelayedSchemaAnalyzer
ramBufferSizeMB=100.0
maxBufferedDocs=-1
maxBufferedDeleteTerms=-1
mergedSegmentWarmer=null
delPolicy=org.apache.solr.core.IndexDeletionPolicyWrapper
commit=null
openMode=CREATE
similarity=org.apache.lucene.search.similarities.ClassicSimilarity
mergeScheduler=ConcurrentMergeScheduler: maxThreadCount=-1, maxMergeCount=-1, ioThrottle=true
default WRITE_LOCK_TIMEOUT=0
writeLockTimeout=0
codec=Lucene54
infoStream=org.apache.solr.update.LoggingInfoStream
mergePolicy=[TieredMergePolicy: maxMergeAtOnce=10, maxMergeAtOnceExplicit=30, maxMergedSegmentMB=5120.0, floorSegmentMB=2.0, forceMergeDeletesPctAllowed=10.0, segmentsPerTier=10.0, maxCFSSegmentSizeMB=8.796093022207999E12, noCFSRatio=0.1
indexerThreadPool=org.apache.lucene.index.DocumentsWriterPerThreadPool@1f5c2c77
readerPooling=false
perThreadHardLimitMB=1945
useCompoundFile=false
commitOnClose=true
writer=org.apache.solr.update.SolrIndexWriter@3c84586e

[coreLoadExecutor-395-thread-1] INFO org.apache.solr.update.LoggingInfoStream - [IW][coreLoadExecutor-395-thread-1]: MMapDirectory.UNMAP_SUPPORTED=true
[coreLoadExecutor-395-thread-1] INFO org.apache.solr.update.LoggingInfoStream - [IW][coreLoadExecutor-395-thread-1]: now flush at close
[coreLoadExecutor-395-thread-1] INFO org.apache.solr.update.LoggingInfoStream - [IW][coreLoadExecutor-395-thread-1]:   start flush: applyAllDeletes=true
[coreLoadExecutor-395-thread-1] INFO org.apache.solr.update.LoggingInfoStream - [IW][coreLoadExecutor-395-thread-1]:   index before flush 
[coreLoadExecutor-395-thread-1] INFO org.apache.solr.update.LoggingInfoStream - [DW][coreLoadExecutor-395-thread-1]: startFullFlush
[coreLoadExecutor-395-thread-1] INFO org.apache.solr.update.LoggingInfoStream - [DW][coreLoadExecutor-395-thread-1]: coreLoadExecutor-395-thread-1 finishFullFlush success=true
[coreLoadExecutor-395-thread-1] INFO org.apache.solr.update.LoggingInfoStream - [IW][coreLoadExecutor-395-thread-1]: apply all deletes during flush
[coreLoadExecutor-395-thread-1] INFO org.apache.solr.update.LoggingInfoStream - [IW][coreLoadExecutor-395-thread-1]: now apply all deletes for all segments maxDoc=0
[coreLoadExecutor-395-thread-1] INFO org.apache.solr.update.LoggingInfoStream - [BD][coreLoadExecutor-395-thread-1]: prune sis=segments:  minGen=9223372036854775807 packetCount=0
[coreLoadExecutor-395-thread-1] INFO org.apache.solr.update.LoggingInfoStream - [MS][coreLoadExecutor-395-thread-1]: initDynamicDefaults spins=false maxThreadCount=2 maxMergeCount=7
[coreLoadExecutor-395-thread-1] INFO org.apache.solr.update.LoggingInfoStream - [MS][coreLoadExecutor-395-thread-1]: updateMergeThreads ioThrottle=true targetMBPerSec=10240.0 MB/sec
[coreLoadExecutor-395-thread-1] INFO org.apache.solr.update.LoggingInfoStream - [MS][coreLoadExecutor-395-thread-1]: now merge
[coreLoadExecutor-395-thread-1] INFO org.apache.solr.update.LoggingInfoStream - [MS][coreLoadExecutor-395-thread-1]:   index: 
[coreLoadExecutor-395-thread-1] INFO org.apache.solr.update.LoggingInfoStream - [MS][coreLoadExecutor-395-thread-1]:   no more merges pending; now return
[coreLoadExecutor-395-thread-1] INFO org.apache.solr.update.LoggingInfoStream - [IW][coreLoadExecutor-395-thread-1]: waitForMerges
[coreLoadExecutor-395-thread-1] INFO org.apache.solr.update.LoggingInfoStream - [IW][coreLoadExecutor-395-thread-1]: waitForMerges done
[coreLoadExecutor-395-thread-1] INFO org.apache.solr.update.LoggingInfoStream - [IW][coreLoadExecutor-395-thread-1]: commit: start
[coreLoadExecutor-395-thread-1] INFO org.apache.solr.update.LoggingInfoStream - [IW][coreLoadExecutor-395-thread-1]: commit: enter lock
[coreLoadExecutor-395-thread-1] INFO org.apache.solr.update.LoggingInfoStream - [IW][coreLoadExecutor-395-thread-1]: commit: now prepare
[coreLoadExecutor-395-thread-1] INFO org.apache.solr.update.LoggingInfoStream - [IW][coreLoadExecutor-395-thread-1]: prepareCommit: flush
[coreLoadExecutor-395-thread-1] INFO org.apache.solr.update.LoggingInfoStream - [IW][coreLoadExecutor-395-thread-1]:   index before flush 
[coreLoadExecutor-395-thread-1] INFO org.apache.solr.update.LoggingInfoStream - [DW][coreLoadExecutor-395-thread-1]: startFullFlush
[coreLoadExecutor-395-thread-1] INFO org.apache.solr.update.LoggingInfoStream - [IW][coreLoadExecutor-395-thread-1]: apply all deletes during flush
[coreLoadExecutor-395-thread-1] INFO org.apache.solr.update.LoggingInfoStream - [IW][coreLoadExecutor-395-thread-1]: now apply all deletes for all segments maxDoc=0
[coreLoadExecutor-395-thread-1] INFO org.apache.solr.update.LoggingInfoStream - [BD][coreLoadExecutor-395-thread-1]: prune sis=segments:  minGen=9223372036854775807 packetCount=0
[coreLoadExecutor-395-thread-1] INFO org.apache.solr.update.LoggingInfoStream - [DW][coreLoadExecutor-395-thread-1]: coreLoadExecutor-395-thread-1 finishFullFlush success=true
[coreLoadExecutor-395-thread-1] INFO org.apache.solr.update.LoggingInfoStream - [IW][coreLoadExecutor-395-thread-1]: startCommit(): start
[coreLoadExecutor-395-thread-1] INFO org.apache.solr.update.LoggingInfoStream - [IW][coreLoadExecutor-395-thread-1]: startCommit index= changeCount=2
[coreLoadExecutor-395-thread-1] INFO org.apache.solr.update.LoggingInfoStream - [IW][coreLoadExecutor-395-thread-1]: startCommit: wrote pending segments file "pending_segments_1"
[coreLoadExecutor-395-thread-1] INFO org.apache.solr.update.LoggingInfoStream - [IW][coreLoadExecutor-395-thread-1]: done all syncs: []
[coreLoadExecutor-395-thread-1] INFO org.apache.solr.update.LoggingInfoStream - [IW][coreLoadExecutor-395-thread-1]: commit: pendingCommit != null
[coreLoadExecutor-395-thread-1] INFO org.apache.solr.update.LoggingInfoStream - [IW][coreLoadExecutor-395-thread-1]: commit: done writing segments file "segments_1"
[coreLoadExecutor-395-thread-1] INFO org.apache.solr.update.LoggingInfoStream - [IFD][coreLoadExecutor-395-thread-1]: now checkpoint "" [0 segments ; isCommit = true]
[coreLoadExecutor-395-thread-1] INFO org.apache.solr.core.SolrDeletionPolicy - SolrDeletionPolicy.onCommit: commits: num=1
	commit{dir=NRTCachingDirectory(MMapDirectory@/tmp/solr-home4396894196001398929/core/data/index lockFactory=org.apache.lucene.store.NativeFSLockFactory@2c3d74f6; maxCacheMB=48.0 maxMergeSizeMB=4.0),segFN=segments_1,generation=1}
[coreLoadExecutor-395-thread-1] INFO org.apache.solr.core.SolrDeletionPolicy - newest commit generation = 1
[coreLoadExecutor-395-thread-1] INFO org.apache.solr.update.LoggingInfoStream - [IFD][coreLoadExecutor-395-thread-1]: 0 msec to checkpoint
[coreLoadExecutor-395-thread-1] INFO org.apache.solr.update.LoggingInfoStream - [IW][coreLoadExecutor-395-thread-1]: commit: took 9.8 msec
[coreLoadExecutor-395-thread-1] INFO org.apache.solr.update.LoggingInfoStream - [IW][coreLoadExecutor-395-thread-1]: commit: done
[coreLoadExecutor-395-thread-1] INFO org.apache.solr.update.LoggingInfoStream - [IW][coreLoadExecutor-395-thread-1]: rollback
[coreLoadExecutor-395-thread-1] INFO org.apache.solr.update.LoggingInfoStream - [IW][coreLoadExecutor-395-thread-1]: all running merges have aborted
[coreLoadExecutor-395-thread-1] INFO org.apache.solr.update.LoggingInfoStream - [IW][coreLoadExecutor-395-thread-1]: rollback: done finish merges
[coreLoadExecutor-395-thread-1] INFO org.apache.solr.update.LoggingInfoStream - [DW][coreLoadExecutor-395-thread-1]: abort
[coreLoadExecutor-395-thread-1] INFO org.apache.solr.update.LoggingInfoStream - [DW][coreLoadExecutor-395-thread-1]: done abort success=true
[coreLoadExecutor-395-thread-1] INFO org.apache.solr.update.LoggingInfoStream - [IW][coreLoadExecutor-395-thread-1]: rollback: infos=
[coreLoadExecutor-395-thread-1] INFO org.apache.solr.update.LoggingInfoStream - [IFD][coreLoadExecutor-395-thread-1]: now checkpoint "" [0 segments ; isCommit = false]
[coreLoadExecutor-395-thread-1] INFO org.apache.solr.update.LoggingInfoStream - [IFD][coreLoadExecutor-395-thread-1]: 0 msec to checkpoint
[OldIndexDirectoryCleanupThreadForCore-core] INFO org.apache.solr.core.SolrCore - Looking for old index directories to cleanup for core core in /tmp/solr-home4396894196001398929/core/data/
[coreLoadExecutor-395-thread-1] INFO org.apache.solr.core.SolrCore - no updateRequestProcessorChain defined as default, creating implicit default
[coreLoadExecutor-395-thread-1] INFO org.apache.solr.handler.loader.XMLLoader - xsltCacheLifetimeSeconds=60
[coreLoadExecutor-395-thread-1] INFO org.apache.solr.handler.loader.XMLLoader - xsltCacheLifetimeSeconds=60
[coreLoadExecutor-395-thread-1] INFO org.apache.solr.handler.loader.XMLLoader - xsltCacheLifetimeSeconds=60
[coreLoadExecutor-395-thread-1] INFO org.apache.solr.handler.loader.XMLLoader - xsltCacheLifetimeSeconds=60
[coreLoadExecutor-395-thread-1] INFO org.apache.solr.core.RequestHandlers - Registered paths: /admin/mbeans,,/update/csv,/update/json/docs,/admin/luke,/select,/suggester,/admin/segments,/get,/admin/system,/replication,/admin/properties,/config,/schema,/admin/plugins,/admin/logging,/update/json,/admin/threads,/admin/ping,/update,/admin/file
[coreLoadExecutor-395-thread-1] INFO org.apache.solr.core.SolrCore - Using default statsCache cache: org.apache.solr.search.stats.LocalStatsCache
[coreLoadExecutor-395-thread-1] INFO org.apache.solr.update.UpdateHandler - Using UpdateLog implementation: org.apache.solr.update.UpdateLog
[coreLoadExecutor-395-thread-1] INFO org.apache.solr.update.UpdateLog - Initializing UpdateLog: dataDir= defaultSyncLevel=FLUSH numRecordsToKeep=100 maxNumLogsToKeep=10 numVersionBuckets=65536
[coreLoadExecutor-395-thread-1] INFO org.apache.solr.update.CommitTracker - Hard AutoCommit: if uncommited for 15000ms; 
[coreLoadExecutor-395-thread-1] INFO org.apache.solr.update.CommitTracker - Soft AutoCommit: disabled
[coreLoadExecutor-395-thread-1] INFO org.apache.solr.update.LoggingInfoStream - [IFD][coreLoadExecutor-395-thread-1]: init: current segments file is "segments_1"; deletionPolicy=org.apache.solr.core.IndexDeletionPolicyWrapper@c9cd166
[coreLoadExecutor-395-thread-1] INFO org.apache.solr.update.LoggingInfoStream - [IFD][coreLoadExecutor-395-thread-1]: init: load commit "segments_1"
[coreLoadExecutor-395-thread-1] INFO org.apache.solr.core.SolrDeletionPolicy - SolrDeletionPolicy.onInit: commits: num=1
	commit{dir=NRTCachingDirectory(MMapDirectory@/tmp/solr-home4396894196001398929/core/data/index lockFactory=org.apache.lucene.store.NativeFSLockFactory@2c3d74f6; maxCacheMB=48.0 maxMergeSizeMB=4.0),segFN=segments_1,generation=1}
[coreLoadExecutor-395-thread-1] INFO org.apache.solr.core.SolrDeletionPolicy - newest commit generation = 1
[coreLoadExecutor-395-thread-1] INFO org.apache.solr.update.LoggingInfoStream - [IFD][coreLoadExecutor-395-thread-1]: now checkpoint "" [0 segments ; isCommit = false]
[coreLoadExecutor-395-thread-1] INFO org.apache.solr.update.LoggingInfoStream - [IFD][coreLoadExecutor-395-thread-1]: 0 msec to checkpoint
[coreLoadExecutor-395-thread-1] INFO org.apache.solr.update.LoggingInfoStream - [IW][coreLoadExecutor-395-thread-1]: init: create=false
[coreLoadExecutor-395-thread-1] INFO org.apache.solr.update.LoggingInfoStream - [IW][coreLoadExecutor-395-thread-1]: 
dir=NRTCachingDirectory(MMapDirectory@/tmp/solr-home4396894196001398929/core/data/index lockFactory=org.apache.lucene.store.NativeFSLockFactory@2c3d74f6; maxCacheMB=48.0 maxMergeSizeMB=4.0)
index=
version=5.5.1
analyzer=org.apache.solr.update.SolrIndexConfig$DelayedSchemaAnalyzer
ramBufferSizeMB=100.0
maxBufferedDocs=-1
maxBufferedDeleteTerms=-1
mergedSegmentWarmer=null
delPolicy=org.apache.solr.core.IndexDeletionPolicyWrapper
commit=null
openMode=APPEND
similarity=org.apache.lucene.search.similarities.ClassicSimilarity
mergeScheduler=ConcurrentMergeScheduler: maxThreadCount=-1, maxMergeCount=-1, ioThrottle=true
default WRITE_LOCK_TIMEOUT=0
writeLockTimeout=0
codec=Lucene54
infoStream=org.apache.solr.update.LoggingInfoStream
mergePolicy=[TieredMergePolicy: maxMergeAtOnce=10, maxMergeAtOnceExplicit=30, maxMergedSegmentMB=5120.0, floorSegmentMB=2.0, forceMergeDeletesPctAllowed=10.0, segmentsPerTier=10.0, maxCFSSegmentSizeMB=8.796093022207999E12, noCFSRatio=0.1
indexerThreadPool=org.apache.lucene.index.DocumentsWriterPerThreadPool@254396ce
readerPooling=false
perThreadHardLimitMB=1945
useCompoundFile=false
commitOnClose=true
writer=org.apache.solr.update.SolrIndexWriter@43c64446

[coreLoadExecutor-395-thread-1] INFO org.apache.solr.update.LoggingInfoStream - [IW][coreLoadExecutor-395-thread-1]: MMapDirectory.UNMAP_SUPPORTED=true
[coreLoadExecutor-395-thread-1] INFO org.apache.solr.update.LoggingInfoStream - [IW][coreLoadExecutor-395-thread-1]: flush at getReader
[coreLoadExecutor-395-thread-1] INFO org.apache.solr.update.LoggingInfoStream - [DW][coreLoadExecutor-395-thread-1]: startFullFlush
[coreLoadExecutor-395-thread-1] INFO org.apache.solr.update.LoggingInfoStream - [IW][coreLoadExecutor-395-thread-1]: apply all deletes during flush
[coreLoadExecutor-395-thread-1] INFO org.apache.solr.update.LoggingInfoStream - [IW][coreLoadExecutor-395-thread-1]: now apply all deletes for all segments maxDoc=0
[coreLoadExecutor-395-thread-1] INFO org.apache.solr.update.LoggingInfoStream - [BD][coreLoadExecutor-395-thread-1]: prune sis=segments_1:  minGen=9223372036854775807 packetCount=0
[coreLoadExecutor-395-thread-1] INFO org.apache.solr.update.LoggingInfoStream - [IW][coreLoadExecutor-395-thread-1]: incRefDeleter for NRT reader version=2 segments=
[coreLoadExecutor-395-thread-1] INFO org.apache.solr.update.LoggingInfoStream - [IW][coreLoadExecutor-395-thread-1]: return reader version=2 reader=StandardDirectoryReader(segments_1:2:nrt)
[coreLoadExecutor-395-thread-1] INFO org.apache.solr.update.LoggingInfoStream - [DW][coreLoadExecutor-395-thread-1]: coreLoadExecutor-395-thread-1 finishFullFlush success=true
[coreLoadExecutor-395-thread-1] INFO org.apache.solr.update.LoggingInfoStream - [IW][coreLoadExecutor-395-thread-1]: getReader took 0 msec
[coreLoadExecutor-395-thread-1] INFO org.apache.solr.search.SolrIndexSearcher - Opening Searcher@1c6f0450[core] main
[coreLoadExecutor-395-thread-1] INFO org.apache.solr.rest.ManagedResourceStorage - File-based storage initialized to use dir: /tmp/solr-home4396894196001398929/core/conf
[coreLoadExecutor-395-thread-1] INFO org.apache.solr.rest.RestManager - Initializing RestManager with initArgs: {storageDir=/tmp/solr-home4396894196001398929/core/conf}
[coreLoadExecutor-395-thread-1] INFO org.apache.solr.rest.ManagedResourceStorage - Reading _rest_managed.json using file:dir=/tmp/solr-home4396894196001398929/core/conf
[coreLoadExecutor-395-thread-1] INFO org.apache.solr.rest.RestManager - Initializing 0 registered ManagedResources
[coreLoadExecutor-395-thread-1] INFO org.apache.solr.handler.component.SpellCheckComponent - Initializing spell checkers
[coreLoadExecutor-395-thread-1] INFO org.apache.solr.handler.component.SpellCheckComponent - Registering newSearcher listener for spellchecker: default
[coreLoadExecutor-395-thread-1] INFO org.apache.solr.handler.component.SpellCheckComponent - No queryConverter defined, using default converter
[coreLoadExecutor-395-thread-1] INFO org.apache.solr.handler.ReplicationHandler - Commits will be reserved for  10000
[coreLoadExecutor-395-thread-1] INFO org.apache.solr.update.UpdateLog - Looking up max value of version field to seed version buckets
[coreLoadExecutor-395-thread-1] INFO org.apache.solr.update.VersionInfo - Refreshing highest value of _version_ for 65536 version buckets from index
[coreLoadExecutor-395-thread-1] INFO org.apache.solr.update.VersionInfo - No terms found for _version_, cannot seed version bucket highest value from index
[coreLoadExecutor-395-thread-1] INFO org.apache.solr.update.UpdateLog - Could not find max version in index or recent updates, using new clock 1576087838559043584
[searcherExecutor-396-thread-1] INFO org.apache.solr.handler.component.SpellCheckComponent - Loading spell index for spellchecker: default
[searcherExecutor-396-thread-1] INFO org.apache.solr.core.SolrCore - [core] Registered new searcher Searcher@1c6f0450[core] main{ExitableDirectoryReader(UninvertingDirectoryReader())}
[coreLoadExecutor-395-thread-1] INFO org.apache.solr.update.UpdateLog - Took 1.0ms to seed version buckets with highest version 1576087838559043584
[coreLoadExecutor-395-thread-1] INFO org.apache.solr.core.CoreContainer - registering core: core
[Test worker] INFO org.apache.solr.core.SolrCore.Request - [core]  webapp=null path=/admin/ping params={} hits=0 status=0 QTime=0
[Test worker] INFO org.apache.solr.core.SolrCore.Request - [core]  webapp=null path=/admin/ping params={} status=0 QTime=0
[Test worker] INFO com.rbmhtechnology.vind.solr.SolrSearchServer - Connection to solr server successful
[Test worker] INFO org.apache.solr.core.SolrCore.Request - [core]  webapp=null path=/schema params={} status=0 QTime=0
[Test worker] INFO com.rbmhtechnology.vind.solr.SolrSearchServer - No server provider of type class com.rbmhtechnology.vind.solr.EmbeddedSolrServerProvider found in classpath for server com.rbmhtechnology.vind.solr.SolrSearchServer
[Test worker] INFO org.apache.solr.update.processor.LogUpdateProcessorFactory - [core]  webapp=null path=/update params={}{add=[1 (1576087838564286464)]} 0 2
[Test worker] INFO org.apache.solr.update.processor.LogUpdateProcessorFactory - [core]  webapp=null path=/update params={}{add=[2 (1576087838567432192)]} 0 0
[Test worker] INFO org.apache.solr.update.DirectUpdateHandler2 - start commit{,optimize=false,openSearcher=true,waitSearcher=true,expungeDeletes=false,softCommit=false,prepareCommit=false}
[Test worker] INFO org.apache.solr.update.LoggingInfoStream - [IW][Test worker]: commit: start
[Test worker] INFO org.apache.solr.update.LoggingInfoStream - [IW][Test worker]: commit: enter lock
[Test worker] INFO org.apache.solr.update.LoggingInfoStream - [IW][Test worker]: commit: now prepare
[Test worker] INFO org.apache.solr.update.LoggingInfoStream - [IW][Test worker]: prepareCommit: flush
[Test worker] INFO org.apache.solr.update.LoggingInfoStream - [IW][Test worker]:   index before flush 
[Test worker] INFO org.apache.solr.update.LoggingInfoStream - [DW][Test worker]: startFullFlush
[Test worker] INFO org.apache.solr.update.LoggingInfoStream - [DW][Test worker]: anyChanges? numDocsInRam=2 deletes=true hasTickets:false pendingChangesInFullFlush: false
[Test worker] INFO org.apache.solr.update.LoggingInfoStream - [DWFC][Test worker]: addFlushableState DocumentsWriterPerThread [pendingDeletes=gen=0 1 deleted terms (unique count=1) bytesUsed=169, segment=_0, aborted=false, numDocsInRAM=2, deleteQueue=DWDQ: [ generation: 1 ]]
[Test worker] INFO org.apache.solr.update.LoggingInfoStream - [DWPT][Test worker]: flush postings as segment _0 numDocs=2
[Test worker] INFO org.apache.solr.update.LoggingInfoStream - [IW][Test worker]: 0 msec to write norms
[Test worker] INFO org.apache.solr.update.LoggingInfoStream - [IW][Test worker]: 0 msec to write docValues
[Test worker] INFO org.apache.solr.update.LoggingInfoStream - [IW][Test worker]: 0 msec to finish stored fields
[Test worker] INFO org.apache.solr.update.LoggingInfoStream - [IW][Test worker]: 0 msec to write postings and finish vectors
[Test worker] INFO org.apache.solr.update.LoggingInfoStream - [IW][Test worker]: 0 msec to write fieldInfos
[Test worker] INFO org.apache.solr.update.LoggingInfoStream - [DWPT][Test worker]: new segment has 0 deleted docs
[Test worker] INFO org.apache.solr.update.LoggingInfoStream - [DWPT][Test worker]: new segment has no vectors; norms; docValues; prox; freqs
[Test worker] INFO org.apache.solr.update.LoggingInfoStream - [DWPT][Test worker]: flushedFiles=[_0_Lucene54_0.dvm, _0_Lucene50_0.doc, _0_Lucene50_0.tim, _0_Lucene50_0.pos, _0.nvd, _0.fdx, _0_Lucene54_0.dvd, _0_Lucene50_0.tip, _0.fdt, _0.nvm, _0.fnm]
[Test worker] INFO org.apache.solr.update.LoggingInfoStream - [DWPT][Test worker]: flushed codec=Lucene54
[Test worker] INFO org.apache.solr.update.LoggingInfoStream - [DWPT][Test worker]: flushed: segment=_0 ramUsed=0.201 MB newFlushedSize=0.003 MB docs/MB=625.455
[Test worker] INFO org.apache.solr.update.LoggingInfoStream - [DW][Test worker]: publishFlushedSegment seg-private updates=null
[Test worker] INFO org.apache.solr.update.LoggingInfoStream - [IW][Test worker]: publishFlushedSegment
[Test worker] INFO org.apache.solr.update.LoggingInfoStream - [BD][Test worker]: push deletes  2 deleted terms (unique count=2) bytesUsed=1072 segmentPrivate?=false delGen=2 packetCount=1 totBytesUsed=1072
[Test worker] INFO org.apache.solr.update.LoggingInfoStream - [IW][Test worker]: publish sets newSegment delGen=3 seg=_0(5.5.1):C2
[Test worker] INFO org.apache.solr.update.LoggingInfoStream - [IFD][Test worker]: now checkpoint "_0(5.5.1):C2" [1 segments ; isCommit = false]
[Test worker] INFO org.apache.solr.update.LoggingInfoStream - [IFD][Test worker]: 0 msec to checkpoint
[Test worker] INFO org.apache.solr.update.LoggingInfoStream - [IW][Test worker]: apply all deletes during flush
[Test worker] INFO org.apache.solr.update.LoggingInfoStream - [IW][Test worker]: now apply all deletes for all segments maxDoc=2
[Test worker] INFO org.apache.solr.update.LoggingInfoStream - [BD][Test worker]: applyDeletes: open segment readers took 0 msec
[Test worker] INFO org.apache.solr.update.LoggingInfoStream - [BD][Test worker]: applyDeletes: infos=[_0(5.5.1):C2] packetCount=1
[Test worker] INFO org.apache.solr.update.LoggingInfoStream - [BD][Test worker]: applyDeletes took 0 msec for 1 segments, 0 newly deleted docs (query deletes), 0 visited terms, allDeleted=null
[Test worker] INFO org.apache.solr.update.LoggingInfoStream - [BD][Test worker]: prune sis=segments_1: _0(5.5.1):C2 minGen=3 packetCount=1
[Test worker] INFO org.apache.solr.update.LoggingInfoStream - [BD][Test worker]: pruneDeletes: prune 1 packets; 0 packets remain
[Test worker] INFO org.apache.solr.update.LoggingInfoStream - [DW][Test worker]: Test worker finishFullFlush success=true
[Test worker] INFO org.apache.solr.update.LoggingInfoStream - [TMP][Test worker]: findMerges: 1 segments
[Test worker] INFO org.apache.solr.update.LoggingInfoStream - [TMP][Test worker]:   seg=_0(5.5.1):C2 size=0.003 MB [floored]
[Test worker] INFO org.apache.solr.update.LoggingInfoStream - [TMP][Test worker]:   allowedSegmentCount=1 vs count=1 (eligible count=1) tooBigCount=0
[Test worker] INFO org.apache.solr.update.LoggingInfoStream - [MS][Test worker]: initDynamicDefaults spins=false maxThreadCount=2 maxMergeCount=7
[Test worker] INFO org.apache.solr.update.LoggingInfoStream - [MS][Test worker]: now merge
[Test worker] INFO org.apache.solr.update.LoggingInfoStream - [MS][Test worker]:   index: _0(5.5.1):C2
[Test worker] INFO org.apache.solr.update.LoggingInfoStream - [MS][Test worker]:   no more merges pending; now return
[Test worker] INFO org.apache.solr.update.LoggingInfoStream - [IW][Test worker]: startCommit(): start
[Test worker] INFO org.apache.solr.update.LoggingInfoStream - [IW][Test worker]: startCommit index=_0(5.5.1):C2 changeCount=4
[Test worker] INFO org.apache.solr.update.LoggingInfoStream - [IW][Test worker]: startCommit: wrote pending segments file "pending_segments_2"
[Test worker] INFO org.apache.solr.update.LoggingInfoStream - [IW][Test worker]: done all syncs: [_0.si, _0_Lucene50_0.doc, _0_Lucene50_0.tim, _0_Lucene54_0.dvm, _0_Lucene50_0.pos, _0.nvd, _0.fdx, _0_Lucene54_0.dvd, _0_Lucene50_0.tip, _0.fdt, _0.nvm, _0.fnm]
[Test worker] INFO org.apache.solr.update.LoggingInfoStream - [IW][Test worker]: commit: pendingCommit != null
[Test worker] INFO org.apache.solr.update.LoggingInfoStream - [IW][Test worker]: commit: done writing segments file "segments_2"
[Test worker] INFO org.apache.solr.update.LoggingInfoStream - [IFD][Test worker]: now checkpoint "_0(5.5.1):C2" [1 segments ; isCommit = true]
[Test worker] INFO org.apache.solr.core.SolrDeletionPolicy - SolrDeletionPolicy.onCommit: commits: num=2
	commit{dir=NRTCachingDirectory(MMapDirectory@/tmp/solr-home4396894196001398929/core/data/index lockFactory=org.apache.lucene.store.NativeFSLockFactory@2c3d74f6; maxCacheMB=48.0 maxMergeSizeMB=4.0),segFN=segments_1,generation=1}
	commit{dir=NRTCachingDirectory(MMapDirectory@/tmp/solr-home4396894196001398929/core/data/index lockFactory=org.apache.lucene.store.NativeFSLockFactory@2c3d74f6; maxCacheMB=48.0 maxMergeSizeMB=4.0),segFN=segments_2,generation=2}
[Test worker] INFO org.apache.solr.core.SolrDeletionPolicy - newest commit generation = 2
[Test worker] INFO org.apache.solr.update.LoggingInfoStream - [IFD][Test worker]: deleteCommits: now decRef commit "segments_1"
[Test worker] INFO org.apache.solr.update.LoggingInfoStream - [IFD][Test worker]: delete "segments_1"
[Test worker] INFO org.apache.solr.update.LoggingInfoStream - [IFD][Test worker]: 0 msec to checkpoint
[Test worker] INFO org.apache.solr.update.LoggingInfoStream - [IW][Test worker]: commit: took 53.5 msec
[Test worker] INFO org.apache.solr.update.LoggingInfoStream - [IW][Test worker]: commit: done
[Test worker] INFO org.apache.solr.update.LoggingInfoStream - [IW][Test worker]: nrtIsCurrent: infoVersion matches: false; DW changes: false; BD changes: false
[Test worker] INFO org.apache.solr.update.LoggingInfoStream - [IW][Test worker]: flush at getReader
[Test worker] INFO org.apache.solr.update.LoggingInfoStream - [DW][Test worker]: startFullFlush
[Test worker] INFO org.apache.solr.update.LoggingInfoStream - [IW][Test worker]: apply all deletes during flush
[Test worker] INFO org.apache.solr.update.LoggingInfoStream - [IW][Test worker]: now apply all deletes for all segments maxDoc=2
[Test worker] INFO org.apache.solr.update.LoggingInfoStream - [BD][Test worker]: applyDeletes: open segment readers took 0 msec
[Test worker] INFO org.apache.solr.update.LoggingInfoStream - [BD][Test worker]: applyDeletes: no segments; skipping
[Test worker] INFO org.apache.solr.update.LoggingInfoStream - [BD][Test worker]: prune sis=segments_2: _0(5.5.1):C2 minGen=3 packetCount=0
[Test worker] INFO org.apache.solr.update.LoggingInfoStream - [IW][Test worker]: incRefDeleter for NRT reader version=6 segments=_0(5.5.1):C2
[Test worker] INFO org.apache.solr.update.LoggingInfoStream - [IW][Test worker]: return reader version=6 reader=StandardDirectoryReader(segments_2:6:nrt _0(5.5.1):C2)
[Test worker] INFO org.apache.solr.update.LoggingInfoStream - [DW][Test worker]: Test worker finishFullFlush success=true
[Test worker] INFO org.apache.solr.update.LoggingInfoStream - [IW][Test worker]: getReader took 1 msec
[Test worker] INFO org.apache.solr.search.SolrIndexSearcher - Opening Searcher@75df5841[core] main
[searcherExecutor-396-thread-1] INFO org.apache.solr.handler.component.SpellCheckComponent - Building spell index for spell checker: default
[Test worker] INFO org.apache.solr.update.DirectUpdateHandler2 - end_commit_flush
[searcherExecutor-396-thread-1] INFO org.apache.solr.core.SolrCore - [core] Registered new searcher Searcher@75df5841[core] main{ExitableDirectoryReader(UninvertingDirectoryReader(Uninverting(_0(5.5.1):C2)))}
[searcherExecutor-396-thread-1] INFO org.apache.solr.update.LoggingInfoStream - [IW][searcherExecutor-396-thread-1]: decRefDeleter for NRT reader version=2 segments=
[Test worker] INFO org.apache.solr.update.processor.LogUpdateProcessorFactory - [core]  webapp=null path=/update params={commit=true&softCommit=false&waitSearcher=true}{commit=} 0 64
[Test worker] INFO org.apache.solr.core.SolrCore.Request - [core]  webapp=null path=/select params={q=*&fl=*,score&df=text&fq=_type_:asset&start=0&rows=10} hits=2 status=0 QTime=0
[Test worker] INFO org.apache.solr.core.CoreContainer - Shutting down CoreContainer instance=217269763
[coreCloseExecutor-401-thread-1] INFO org.apache.solr.core.SolrCore - [core]  CLOSING SolrCore org.apache.solr.core.SolrCore@39257da6
[coreCloseExecutor-401-thread-1] INFO org.apache.solr.update.DirectUpdateHandler2 - closing DirectUpdateHandler2{commits=1,autocommit maxTime=15000ms,autocommits=0,soft autocommits=0,optimizes=0,rollbacks=0,expungeDeletes=0,docsPending=0,adds=0,deletesById=0,deletesByQuery=0,errors=0,cumulative_adds=2,cumulative_deletesById=0,cumulative_deletesByQuery=0,cumulative_errors=0,transaction_logs_total_size=510,transaction_logs_total_number=1}
[coreCloseExecutor-401-thread-1] INFO org.apache.solr.update.SolrCoreState - Closing SolrCoreState
[coreCloseExecutor-401-thread-1] INFO org.apache.solr.update.DefaultSolrCoreState - SolrCoreState ref count has reached 0 - closing IndexWriter
[coreCloseExecutor-401-thread-1] INFO org.apache.solr.update.DefaultSolrCoreState - closing IndexWriter with IndexWriterCloser
[coreCloseExecutor-401-thread-1] INFO org.apache.solr.update.LoggingInfoStream - [IW][coreCloseExecutor-401-thread-1]: now flush at close
[coreCloseExecutor-401-thread-1] INFO org.apache.solr.update.LoggingInfoStream - [IW][coreCloseExecutor-401-thread-1]:   start flush: applyAllDeletes=true
[coreCloseExecutor-401-thread-1] INFO org.apache.solr.update.LoggingInfoStream - [IW][coreCloseExecutor-401-thread-1]:   index before flush _0(5.5.1):C2
[coreCloseExecutor-401-thread-1] INFO org.apache.solr.update.LoggingInfoStream - [DW][coreCloseExecutor-401-thread-1]: startFullFlush
[coreCloseExecutor-401-thread-1] INFO org.apache.solr.update.LoggingInfoStream - [DW][coreCloseExecutor-401-thread-1]: coreCloseExecutor-401-thread-1 finishFullFlush success=true
[coreCloseExecutor-401-thread-1] INFO org.apache.solr.update.LoggingInfoStream - [IW][coreCloseExecutor-401-thread-1]: apply all deletes during flush
[coreCloseExecutor-401-thread-1] INFO org.apache.solr.update.LoggingInfoStream - [IW][coreCloseExecutor-401-thread-1]: now apply all deletes for all segments maxDoc=2
[coreCloseExecutor-401-thread-1] INFO org.apache.solr.update.LoggingInfoStream - [BD][coreCloseExecutor-401-thread-1]: applyDeletes: open segment readers took 0 msec
[coreCloseExecutor-401-thread-1] INFO org.apache.solr.update.LoggingInfoStream - [BD][coreCloseExecutor-401-thread-1]: applyDeletes: no segments; skipping
[coreCloseExecutor-401-thread-1] INFO org.apache.solr.update.LoggingInfoStream - [BD][coreCloseExecutor-401-thread-1]: prune sis=segments_2: _0(5.5.1):C2 minGen=3 packetCount=0
[coreCloseExecutor-401-thread-1] INFO org.apache.solr.update.LoggingInfoStream - [MS][coreCloseExecutor-401-thread-1]: updateMergeThreads ioThrottle=true targetMBPerSec=10240.0 MB/sec
[coreCloseExecutor-401-thread-1] INFO org.apache.solr.update.LoggingInfoStream - [MS][coreCloseExecutor-401-thread-1]: now merge
[coreCloseExecutor-401-thread-1] INFO org.apache.solr.update.LoggingInfoStream - [MS][coreCloseExecutor-401-thread-1]:   index: _0(5.5.1):C2
[coreCloseExecutor-401-thread-1] INFO org.apache.solr.update.LoggingInfoStream - [MS][coreCloseExecutor-401-thread-1]:   no more merges pending; now return
[coreCloseExecutor-401-thread-1] INFO org.apache.solr.update.LoggingInfoStream - [IW][coreCloseExecutor-401-thread-1]: waitForMerges
[coreCloseExecutor-401-thread-1] INFO org.apache.solr.update.LoggingInfoStream - [IW][coreCloseExecutor-401-thread-1]: waitForMerges done
[coreCloseExecutor-401-thread-1] INFO org.apache.solr.update.LoggingInfoStream - [IW][coreCloseExecutor-401-thread-1]: commit: start
[coreCloseExecutor-401-thread-1] INFO org.apache.solr.update.LoggingInfoStream - [IW][coreCloseExecutor-401-thread-1]: commit: enter lock
[coreCloseExecutor-401-thread-1] INFO org.apache.solr.update.LoggingInfoStream - [IW][coreCloseExecutor-401-thread-1]: commit: now prepare
[coreCloseExecutor-401-thread-1] INFO org.apache.solr.update.LoggingInfoStream - [IW][coreCloseExecutor-401-thread-1]: prepareCommit: flush
[coreCloseExecutor-401-thread-1] INFO org.apache.solr.update.LoggingInfoStream - [IW][coreCloseExecutor-401-thread-1]:   index before flush _0(5.5.1):C2
[coreCloseExecutor-401-thread-1] INFO org.apache.solr.update.LoggingInfoStream - [DW][coreCloseExecutor-401-thread-1]: startFullFlush
[coreCloseExecutor-401-thread-1] INFO org.apache.solr.update.LoggingInfoStream - [IW][coreCloseExecutor-401-thread-1]: apply all deletes during flush
[coreCloseExecutor-401-thread-1] INFO org.apache.solr.update.LoggingInfoStream - [IW][coreCloseExecutor-401-thread-1]: now apply all deletes for all segments maxDoc=2
[coreCloseExecutor-401-thread-1] INFO org.apache.solr.update.LoggingInfoStream - [BD][coreCloseExecutor-401-thread-1]: applyDeletes: open segment readers took 0 msec
[coreCloseExecutor-401-thread-1] INFO org.apache.solr.update.LoggingInfoStream - [BD][coreCloseExecutor-401-thread-1]: applyDeletes: no segments; skipping
[coreCloseExecutor-401-thread-1] INFO org.apache.solr.update.LoggingInfoStream - [BD][coreCloseExecutor-401-thread-1]: prune sis=segments_2: _0(5.5.1):C2 minGen=3 packetCount=0
[coreCloseExecutor-401-thread-1] INFO org.apache.solr.update.LoggingInfoStream - [DW][coreCloseExecutor-401-thread-1]: coreCloseExecutor-401-thread-1 finishFullFlush success=true
[coreCloseExecutor-401-thread-1] INFO org.apache.solr.update.LoggingInfoStream - [IW][coreCloseExecutor-401-thread-1]: startCommit(): start
[coreCloseExecutor-401-thread-1] INFO org.apache.solr.update.LoggingInfoStream - [IW][coreCloseExecutor-401-thread-1]:   skip startCommit(): no changes pending
[coreCloseExecutor-401-thread-1] INFO org.apache.solr.update.LoggingInfoStream - [IW][coreCloseExecutor-401-thread-1]: commit: pendingCommit == null; skip
[coreCloseExecutor-401-thread-1] INFO org.apache.solr.update.LoggingInfoStream - [IW][coreCloseExecutor-401-thread-1]: commit: took 0.2 msec
[coreCloseExecutor-401-thread-1] INFO org.apache.solr.update.LoggingInfoStream - [IW][coreCloseExecutor-401-thread-1]: commit: done
[coreCloseExecutor-401-thread-1] INFO org.apache.solr.update.LoggingInfoStream - [IW][coreCloseExecutor-401-thread-1]: rollback
[coreCloseExecutor-401-thread-1] INFO org.apache.solr.update.LoggingInfoStream - [IW][coreCloseExecutor-401-thread-1]: all running merges have aborted
[coreCloseExecutor-401-thread-1] INFO org.apache.solr.update.LoggingInfoStream - [IW][coreCloseExecutor-401-thread-1]: rollback: done finish merges
[coreCloseExecutor-401-thread-1] INFO org.apache.solr.update.LoggingInfoStream - [DW][coreCloseExecutor-401-thread-1]: abort
[coreCloseExecutor-401-thread-1] INFO org.apache.solr.update.LoggingInfoStream - [DW][coreCloseExecutor-401-thread-1]: done abort success=true
[coreCloseExecutor-401-thread-1] INFO org.apache.solr.update.LoggingInfoStream - [IW][coreCloseExecutor-401-thread-1]: rollback: infos=_0(5.5.1):C2
[coreCloseExecutor-401-thread-1] INFO org.apache.solr.update.LoggingInfoStream - [IFD][coreCloseExecutor-401-thread-1]: now checkpoint "_0(5.5.1):C2" [1 segments ; isCommit = false]
[coreCloseExecutor-401-thread-1] INFO org.apache.solr.update.LoggingInfoStream - [IFD][coreCloseExecutor-401-thread-1]: 0 msec to checkpoint
[coreCloseExecutor-401-thread-1] INFO org.apache.solr.core.SolrCore - [core] Closing main searcher on request.
[coreCloseExecutor-401-thread-1] INFO org.apache.solr.core.CachingDirectoryFactory - Closing NRTCachingDirectoryFactory - 2 directories currently being tracked
[coreCloseExecutor-401-thread-1] INFO org.apache.solr.core.CachingDirectoryFactory - looking to close /tmp/solr-home4396894196001398929/core/data [CachedDir<<refCount=0;path=/tmp/solr-home4396894196001398929/core/data;done=false>>]
[coreCloseExecutor-401-thread-1] INFO org.apache.solr.core.CachingDirectoryFactory - Closing directory: /tmp/solr-home4396894196001398929/core/data
[coreCloseExecutor-401-thread-1] INFO org.apache.solr.core.CachingDirectoryFactory - looking to close /tmp/solr-home4396894196001398929/core/data/index [CachedDir<<refCount=0;path=/tmp/solr-home4396894196001398929/core/data/index;done=false>>]
[coreCloseExecutor-401-thread-1] INFO org.apache.solr.core.CachingDirectoryFactory - Closing directory: /tmp/solr-home4396894196001398929/core/data/index
[Test worker] INFO com.rbmhtechnology.vind.solr.SolrSearchServer - No server provider of type class com.rbmhtechnology.vind.solr.EmbeddedSolrServerProvider found in classpath for server com.rbmhtechnology.vind.solr.SolrSearchServer
[Test worker] INFO com.rbmhtechnology.vind.solr.SolrSearchServer - No server provider of type class com.rbmhtechnology.vind.solr.EmbeddedSolrServerProvider found in classpath for server com.rbmhtechnology.vind.solr.SolrSearchServer
[Test worker] INFO org.apache.solr.core.SolrResourceLoader - new SolrResourceLoader for directory: '/tmp/solr-home7437513531087488992'
[Test worker] INFO org.apache.solr.core.SolrResourceLoader - JNDI not configured for solr (NoInitialContextEx)
[Test worker] INFO org.apache.solr.core.SolrResourceLoader - solr home defaulted to 'solr/' (could not find system property or JNDI)
[Test worker] INFO org.apache.solr.core.SolrXmlConfig - Loading container configuration from /tmp/solr-home7437513531087488992/solr.xml
[Test worker] INFO org.apache.solr.core.CorePropertiesLocator - Config-defined core root directory: /tmp/solr-home7437513531087488992
[Test worker] INFO org.apache.solr.core.CoreContainer - New CoreContainer 2143852093
[Test worker] INFO org.apache.solr.core.CoreContainer - Loading cores into CoreContainer [instanceDir=/tmp/solr-home7437513531087488992]
[Test worker] WARN org.apache.solr.core.CoreContainer - Couldn't add files from /tmp/solr-home7437513531087488992/lib to classpath: /tmp/solr-home7437513531087488992/lib
[Test worker] INFO org.apache.solr.handler.component.HttpShardHandlerFactory - created with socketTimeout : 120000,connTimeout : 15000,maxConnectionsPerHost : 20,maxConnections : 10000,corePoolSize : 0,maximumPoolSize : 2147483647,maxThreadIdleTime : 5,sizeOfQueue : -1,fairnessPolicy : false,useRetries : false,
[Test worker] INFO org.apache.solr.update.UpdateShardHandler - Creating UpdateShardHandler HTTP client with params: socketTimeout=600000&connTimeout=60000&retry=true
[Test worker] INFO org.apache.solr.logging.LogWatcher - SLF4J impl is org.slf4j.impl.SimpleLoggerFactory
[Test worker] INFO org.apache.solr.logging.LogWatcher - No LogWatcher configured
[Test worker] INFO org.apache.solr.core.CoreContainer - Security conf doesn't exist. Skipping setup for authorization module.
[Test worker] INFO org.apache.solr.core.CoreContainer - No authentication plugin used.
[Test worker] INFO org.apache.solr.core.CorePropertiesLocator - Looking for core definitions underneath /tmp/solr-home7437513531087488992
[Test worker] INFO org.apache.solr.core.CoreDescriptor - Created CoreDescriptor: {runtimeLib=false, name=core, config=solrconfig.xml, loadOnStartup=true, schema=schema.xml, configSetProperties=configsetprops.json, transient=false, dataDir=data/}
[Test worker] INFO org.apache.solr.core.CorePropertiesLocator - Found core core in /tmp/solr-home7437513531087488992/core
[Test worker] INFO org.apache.solr.core.CorePropertiesLocator - Found 1 core definitions
[coreLoadExecutor-408-thread-1] INFO org.apache.solr.core.SolrResourceLoader - new SolrResourceLoader for directory: '/tmp/solr-home7437513531087488992/core'
[coreLoadExecutor-408-thread-1] INFO org.apache.solr.core.SolrResourceLoader - JNDI not configured for solr (NoInitialContextEx)
[coreLoadExecutor-408-thread-1] INFO org.apache.solr.core.SolrResourceLoader - solr home defaulted to 'solr/' (could not find system property or JNDI)
[coreLoadExecutor-408-thread-1] INFO org.apache.solr.core.SolrResourceLoader - Adding 'file:/tmp/solr-home7437513531087488992/core/lib/marker-search-handler-0.3.0.jar' to classloader
[coreLoadExecutor-408-thread-1] INFO org.apache.solr.core.SolrResourceLoader - Adding 'file:/tmp/solr-home7437513531087488992/core/lib/suggestion-request-handler-2.1.0.jar' to classloader
[coreLoadExecutor-408-thread-1] INFO org.apache.solr.core.SolrConfig - current version of requestparams : -1
[coreLoadExecutor-408-thread-1] INFO org.apache.solr.update.SolrIndexConfig - IndexWriter infoStream solr logging is enabled
[coreLoadExecutor-408-thread-1] INFO org.apache.solr.core.SolrConfig - Using Lucene MatchVersion: 5.5.0
[coreLoadExecutor-408-thread-1] INFO org.apache.solr.core.SolrConfig - Loaded SolrConfig: solrconfig.xml
[coreLoadExecutor-408-thread-1] INFO org.apache.solr.schema.ManagedIndexSchemaFactory - The schema is configured as managed, but managed schema resource managed-schema not found - loading non-managed schema schema.xml instead
[coreLoadExecutor-408-thread-1] INFO org.apache.solr.schema.IndexSchema - [core] Schema name=basic search lib core
[coreLoadExecutor-408-thread-1] INFO org.apache.solr.schema.IndexSchema - unique key field: _id_
[coreLoadExecutor-408-thread-1] INFO org.apache.solr.schema.ManagedIndexSchema - Upgraded to managed schema at /tmp/solr-home7437513531087488992/core/conf/managed-schema
[coreLoadExecutor-408-thread-1] INFO org.apache.solr.schema.ManagedIndexSchemaFactory - After upgrading to managed schema, renamed the non-managed schema /tmp/solr-home7437513531087488992/core/conf/schema.xml to /tmp/solr-home7437513531087488992/core/conf/schema.xml.bak
[coreLoadExecutor-408-thread-1] INFO org.apache.solr.core.ConfigSetProperties - Did not find ConfigSet properties, assuming default properties: Can't find resource 'configsetprops.json' in classpath or '/tmp/solr-home7437513531087488992/core'
[coreLoadExecutor-408-thread-1] INFO org.apache.solr.core.CoreContainer - Creating SolrCore 'core' using configuration from instancedir /tmp/solr-home7437513531087488992/core
[coreLoadExecutor-408-thread-1] INFO org.apache.solr.core.SolrCore - solr.NRTCachingDirectoryFactory
[coreLoadExecutor-408-thread-1] INFO org.apache.solr.core.SolrCore - [[core] ] Opening new SolrCore at [/tmp/solr-home7437513531087488992/core], dataDir=[/tmp/solr-home7437513531087488992/core/data/]
[coreLoadExecutor-408-thread-1] INFO org.apache.solr.core.JmxMonitoredMap - No JMX servers found, not exposing Solr information with JMX.
[coreLoadExecutor-408-thread-1] INFO org.apache.solr.core.SchemaCodecFactory - Using default compressionMode: BEST_SPEED
[coreLoadExecutor-408-thread-1] INFO org.apache.solr.core.CachingDirectoryFactory - return new directory for /tmp/solr-home7437513531087488992/core/data
[coreLoadExecutor-408-thread-1] INFO org.apache.solr.core.SolrCore - New index directory detected: old=null new=/tmp/solr-home7437513531087488992/core/data/index/
[coreLoadExecutor-408-thread-1] WARN org.apache.solr.core.SolrCore - [core] Solr index directory '/tmp/solr-home7437513531087488992/core/data/index' doesn't exist. Creating new index...
[coreLoadExecutor-408-thread-1] INFO org.apache.solr.core.CachingDirectoryFactory - return new directory for /tmp/solr-home7437513531087488992/core/data/index
[coreLoadExecutor-408-thread-1] INFO org.apache.solr.update.LoggingInfoStream - [IFD][coreLoadExecutor-408-thread-1]: init: current segments file is "segments"; deletionPolicy=org.apache.solr.core.IndexDeletionPolicyWrapper@589dcd97
[coreLoadExecutor-408-thread-1] INFO org.apache.solr.update.LoggingInfoStream - [IFD][coreLoadExecutor-408-thread-1]: now checkpoint "" [0 segments ; isCommit = false]
[coreLoadExecutor-408-thread-1] INFO org.apache.solr.update.LoggingInfoStream - [IFD][coreLoadExecutor-408-thread-1]: 0 msec to checkpoint
[coreLoadExecutor-408-thread-1] INFO org.apache.solr.update.LoggingInfoStream - [IW][coreLoadExecutor-408-thread-1]: init: create=true
[coreLoadExecutor-408-thread-1] INFO org.apache.solr.update.LoggingInfoStream - [IW][coreLoadExecutor-408-thread-1]: 
dir=NRTCachingDirectory(MMapDirectory@/tmp/solr-home7437513531087488992/core/data/index lockFactory=org.apache.lucene.store.NativeFSLockFactory@2c3d74f6; maxCacheMB=48.0 maxMergeSizeMB=4.0)
index=
version=5.5.1
analyzer=org.apache.solr.update.SolrIndexConfig$DelayedSchemaAnalyzer
ramBufferSizeMB=100.0
maxBufferedDocs=-1
maxBufferedDeleteTerms=-1
mergedSegmentWarmer=null
delPolicy=org.apache.solr.core.IndexDeletionPolicyWrapper
commit=null
openMode=CREATE
similarity=org.apache.lucene.search.similarities.ClassicSimilarity
mergeScheduler=ConcurrentMergeScheduler: maxThreadCount=-1, maxMergeCount=-1, ioThrottle=true
default WRITE_LOCK_TIMEOUT=0
writeLockTimeout=0
codec=Lucene54
infoStream=org.apache.solr.update.LoggingInfoStream
mergePolicy=[TieredMergePolicy: maxMergeAtOnce=10, maxMergeAtOnceExplicit=30, maxMergedSegmentMB=5120.0, floorSegmentMB=2.0, forceMergeDeletesPctAllowed=10.0, segmentsPerTier=10.0, maxCFSSegmentSizeMB=8.796093022207999E12, noCFSRatio=0.1
indexerThreadPool=org.apache.lucene.index.DocumentsWriterPerThreadPool@734e87c
readerPooling=false
perThreadHardLimitMB=1945
useCompoundFile=false
commitOnClose=true
writer=org.apache.solr.update.SolrIndexWriter@627ccfe3

[coreLoadExecutor-408-thread-1] INFO org.apache.solr.update.LoggingInfoStream - [IW][coreLoadExecutor-408-thread-1]: MMapDirectory.UNMAP_SUPPORTED=true
[coreLoadExecutor-408-thread-1] INFO org.apache.solr.update.LoggingInfoStream - [IW][coreLoadExecutor-408-thread-1]: now flush at close
[coreLoadExecutor-408-thread-1] INFO org.apache.solr.update.LoggingInfoStream - [IW][coreLoadExecutor-408-thread-1]:   start flush: applyAllDeletes=true
[coreLoadExecutor-408-thread-1] INFO org.apache.solr.update.LoggingInfoStream - [IW][coreLoadExecutor-408-thread-1]:   index before flush 
[coreLoadExecutor-408-thread-1] INFO org.apache.solr.update.LoggingInfoStream - [DW][coreLoadExecutor-408-thread-1]: startFullFlush
[coreLoadExecutor-408-thread-1] INFO org.apache.solr.update.LoggingInfoStream - [DW][coreLoadExecutor-408-thread-1]: coreLoadExecutor-408-thread-1 finishFullFlush success=true
[coreLoadExecutor-408-thread-1] INFO org.apache.solr.update.LoggingInfoStream - [IW][coreLoadExecutor-408-thread-1]: apply all deletes during flush
[coreLoadExecutor-408-thread-1] INFO org.apache.solr.update.LoggingInfoStream - [IW][coreLoadExecutor-408-thread-1]: now apply all deletes for all segments maxDoc=0
[coreLoadExecutor-408-thread-1] INFO org.apache.solr.update.LoggingInfoStream - [BD][coreLoadExecutor-408-thread-1]: prune sis=segments:  minGen=9223372036854775807 packetCount=0
[coreLoadExecutor-408-thread-1] INFO org.apache.solr.update.LoggingInfoStream - [MS][coreLoadExecutor-408-thread-1]: initDynamicDefaults spins=false maxThreadCount=2 maxMergeCount=7
[coreLoadExecutor-408-thread-1] INFO org.apache.solr.update.LoggingInfoStream - [MS][coreLoadExecutor-408-thread-1]: updateMergeThreads ioThrottle=true targetMBPerSec=10240.0 MB/sec
[coreLoadExecutor-408-thread-1] INFO org.apache.solr.update.LoggingInfoStream - [MS][coreLoadExecutor-408-thread-1]: now merge
[coreLoadExecutor-408-thread-1] INFO org.apache.solr.update.LoggingInfoStream - [MS][coreLoadExecutor-408-thread-1]:   index: 
[coreLoadExecutor-408-thread-1] INFO org.apache.solr.update.LoggingInfoStream - [MS][coreLoadExecutor-408-thread-1]:   no more merges pending; now return
[coreLoadExecutor-408-thread-1] INFO org.apache.solr.update.LoggingInfoStream - [IW][coreLoadExecutor-408-thread-1]: waitForMerges
[coreLoadExecutor-408-thread-1] INFO org.apache.solr.update.LoggingInfoStream - [IW][coreLoadExecutor-408-thread-1]: waitForMerges done
[coreLoadExecutor-408-thread-1] INFO org.apache.solr.update.LoggingInfoStream - [IW][coreLoadExecutor-408-thread-1]: commit: start
[coreLoadExecutor-408-thread-1] INFO org.apache.solr.update.LoggingInfoStream - [IW][coreLoadExecutor-408-thread-1]: commit: enter lock
[coreLoadExecutor-408-thread-1] INFO org.apache.solr.update.LoggingInfoStream - [IW][coreLoadExecutor-408-thread-1]: commit: now prepare
[coreLoadExecutor-408-thread-1] INFO org.apache.solr.update.LoggingInfoStream - [IW][coreLoadExecutor-408-thread-1]: prepareCommit: flush
[coreLoadExecutor-408-thread-1] INFO org.apache.solr.update.LoggingInfoStream - [IW][coreLoadExecutor-408-thread-1]:   index before flush 
[coreLoadExecutor-408-thread-1] INFO org.apache.solr.update.LoggingInfoStream - [DW][coreLoadExecutor-408-thread-1]: startFullFlush
[coreLoadExecutor-408-thread-1] INFO org.apache.solr.update.LoggingInfoStream - [IW][coreLoadExecutor-408-thread-1]: apply all deletes during flush
[coreLoadExecutor-408-thread-1] INFO org.apache.solr.update.LoggingInfoStream - [IW][coreLoadExecutor-408-thread-1]: now apply all deletes for all segments maxDoc=0
[coreLoadExecutor-408-thread-1] INFO org.apache.solr.update.LoggingInfoStream - [BD][coreLoadExecutor-408-thread-1]: prune sis=segments:  minGen=9223372036854775807 packetCount=0
[coreLoadExecutor-408-thread-1] INFO org.apache.solr.update.LoggingInfoStream - [DW][coreLoadExecutor-408-thread-1]: coreLoadExecutor-408-thread-1 finishFullFlush success=true
[coreLoadExecutor-408-thread-1] INFO org.apache.solr.update.LoggingInfoStream - [IW][coreLoadExecutor-408-thread-1]: startCommit(): start
[coreLoadExecutor-408-thread-1] INFO org.apache.solr.update.LoggingInfoStream - [IW][coreLoadExecutor-408-thread-1]: startCommit index= changeCount=2
[coreLoadExecutor-408-thread-1] INFO org.apache.solr.update.LoggingInfoStream - [IW][coreLoadExecutor-408-thread-1]: startCommit: wrote pending segments file "pending_segments_1"
[coreLoadExecutor-408-thread-1] INFO org.apache.solr.update.LoggingInfoStream - [IW][coreLoadExecutor-408-thread-1]: done all syncs: []
[coreLoadExecutor-408-thread-1] INFO org.apache.solr.update.LoggingInfoStream - [IW][coreLoadExecutor-408-thread-1]: commit: pendingCommit != null
[coreLoadExecutor-408-thread-1] INFO org.apache.solr.update.LoggingInfoStream - [IW][coreLoadExecutor-408-thread-1]: commit: done writing segments file "segments_1"
[coreLoadExecutor-408-thread-1] INFO org.apache.solr.update.LoggingInfoStream - [IFD][coreLoadExecutor-408-thread-1]: now checkpoint "" [0 segments ; isCommit = true]
[coreLoadExecutor-408-thread-1] INFO org.apache.solr.core.SolrDeletionPolicy - SolrDeletionPolicy.onCommit: commits: num=1
	commit{dir=NRTCachingDirectory(MMapDirectory@/tmp/solr-home7437513531087488992/core/data/index lockFactory=org.apache.lucene.store.NativeFSLockFactory@2c3d74f6; maxCacheMB=48.0 maxMergeSizeMB=4.0),segFN=segments_1,generation=1}
[coreLoadExecutor-408-thread-1] INFO org.apache.solr.core.SolrDeletionPolicy - newest commit generation = 1
[coreLoadExecutor-408-thread-1] INFO org.apache.solr.update.LoggingInfoStream - [IFD][coreLoadExecutor-408-thread-1]: 0 msec to checkpoint
[coreLoadExecutor-408-thread-1] INFO org.apache.solr.update.LoggingInfoStream - [IW][coreLoadExecutor-408-thread-1]: commit: took 5.1 msec
[coreLoadExecutor-408-thread-1] INFO org.apache.solr.update.LoggingInfoStream - [IW][coreLoadExecutor-408-thread-1]: commit: done
[coreLoadExecutor-408-thread-1] INFO org.apache.solr.update.LoggingInfoStream - [IW][coreLoadExecutor-408-thread-1]: rollback
[coreLoadExecutor-408-thread-1] INFO org.apache.solr.update.LoggingInfoStream - [IW][coreLoadExecutor-408-thread-1]: all running merges have aborted
[coreLoadExecutor-408-thread-1] INFO org.apache.solr.update.LoggingInfoStream - [IW][coreLoadExecutor-408-thread-1]: rollback: done finish merges
[coreLoadExecutor-408-thread-1] INFO org.apache.solr.update.LoggingInfoStream - [DW][coreLoadExecutor-408-thread-1]: abort
[coreLoadExecutor-408-thread-1] INFO org.apache.solr.update.LoggingInfoStream - [DW][coreLoadExecutor-408-thread-1]: done abort success=true
[coreLoadExecutor-408-thread-1] INFO org.apache.solr.update.LoggingInfoStream - [IW][coreLoadExecutor-408-thread-1]: rollback: infos=
[coreLoadExecutor-408-thread-1] INFO org.apache.solr.update.LoggingInfoStream - [IFD][coreLoadExecutor-408-thread-1]: now checkpoint "" [0 segments ; isCommit = false]
[coreLoadExecutor-408-thread-1] INFO org.apache.solr.update.LoggingInfoStream - [IFD][coreLoadExecutor-408-thread-1]: 0 msec to checkpoint
[OldIndexDirectoryCleanupThreadForCore-core] INFO org.apache.solr.core.SolrCore - Looking for old index directories to cleanup for core core in /tmp/solr-home7437513531087488992/core/data/
[coreLoadExecutor-408-thread-1] INFO org.apache.solr.core.SolrCore - no updateRequestProcessorChain defined as default, creating implicit default
[coreLoadExecutor-408-thread-1] INFO org.apache.solr.handler.loader.XMLLoader - xsltCacheLifetimeSeconds=60
[coreLoadExecutor-408-thread-1] INFO org.apache.solr.handler.loader.XMLLoader - xsltCacheLifetimeSeconds=60
[coreLoadExecutor-408-thread-1] INFO org.apache.solr.handler.loader.XMLLoader - xsltCacheLifetimeSeconds=60
[coreLoadExecutor-408-thread-1] INFO org.apache.solr.handler.loader.XMLLoader - xsltCacheLifetimeSeconds=60
[coreLoadExecutor-408-thread-1] INFO org.apache.solr.core.RequestHandlers - Registered paths: /admin/mbeans,,/update/csv,/update/json/docs,/admin/luke,/select,/suggester,/admin/segments,/get,/admin/system,/replication,/admin/properties,/config,/schema,/admin/plugins,/admin/logging,/update/json,/admin/threads,/admin/ping,/update,/admin/file
[coreLoadExecutor-408-thread-1] INFO org.apache.solr.core.SolrCore - Using default statsCache cache: org.apache.solr.search.stats.LocalStatsCache
[coreLoadExecutor-408-thread-1] INFO org.apache.solr.update.UpdateHandler - Using UpdateLog implementation: org.apache.solr.update.UpdateLog
[coreLoadExecutor-408-thread-1] INFO org.apache.solr.update.UpdateLog - Initializing UpdateLog: dataDir= defaultSyncLevel=FLUSH numRecordsToKeep=100 maxNumLogsToKeep=10 numVersionBuckets=65536
[coreLoadExecutor-408-thread-1] INFO org.apache.solr.update.CommitTracker - Hard AutoCommit: if uncommited for 15000ms; 
[coreLoadExecutor-408-thread-1] INFO org.apache.solr.update.CommitTracker - Soft AutoCommit: disabled
[coreLoadExecutor-408-thread-1] INFO org.apache.solr.update.LoggingInfoStream - [IFD][coreLoadExecutor-408-thread-1]: init: current segments file is "segments_1"; deletionPolicy=org.apache.solr.core.IndexDeletionPolicyWrapper@589dcd97
[coreLoadExecutor-408-thread-1] INFO org.apache.solr.update.LoggingInfoStream - [IFD][coreLoadExecutor-408-thread-1]: init: load commit "segments_1"
[coreLoadExecutor-408-thread-1] INFO org.apache.solr.core.SolrDeletionPolicy - SolrDeletionPolicy.onInit: commits: num=1
	commit{dir=NRTCachingDirectory(MMapDirectory@/tmp/solr-home7437513531087488992/core/data/index lockFactory=org.apache.lucene.store.NativeFSLockFactory@2c3d74f6; maxCacheMB=48.0 maxMergeSizeMB=4.0),segFN=segments_1,generation=1}
[coreLoadExecutor-408-thread-1] INFO org.apache.solr.core.SolrDeletionPolicy - newest commit generation = 1
[coreLoadExecutor-408-thread-1] INFO org.apache.solr.update.LoggingInfoStream - [IFD][coreLoadExecutor-408-thread-1]: now checkpoint "" [0 segments ; isCommit = false]
[coreLoadExecutor-408-thread-1] INFO org.apache.solr.update.LoggingInfoStream - [IFD][coreLoadExecutor-408-thread-1]: 0 msec to checkpoint
[coreLoadExecutor-408-thread-1] INFO org.apache.solr.update.LoggingInfoStream - [IW][coreLoadExecutor-408-thread-1]: init: create=false
[coreLoadExecutor-408-thread-1] INFO org.apache.solr.update.LoggingInfoStream - [IW][coreLoadExecutor-408-thread-1]: 
dir=NRTCachingDirectory(MMapDirectory@/tmp/solr-home7437513531087488992/core/data/index lockFactory=org.apache.lucene.store.NativeFSLockFactory@2c3d74f6; maxCacheMB=48.0 maxMergeSizeMB=4.0)
index=
version=5.5.1
analyzer=org.apache.solr.update.SolrIndexConfig$DelayedSchemaAnalyzer
ramBufferSizeMB=100.0
maxBufferedDocs=-1
maxBufferedDeleteTerms=-1
mergedSegmentWarmer=null
delPolicy=org.apache.solr.core.IndexDeletionPolicyWrapper
commit=null
openMode=APPEND
similarity=org.apache.lucene.search.similarities.ClassicSimilarity
mergeScheduler=ConcurrentMergeScheduler: maxThreadCount=-1, maxMergeCount=-1, ioThrottle=true
default WRITE_LOCK_TIMEOUT=0
writeLockTimeout=0
codec=Lucene54
infoStream=org.apache.solr.update.LoggingInfoStream
mergePolicy=[TieredMergePolicy: maxMergeAtOnce=10, maxMergeAtOnceExplicit=30, maxMergedSegmentMB=5120.0, floorSegmentMB=2.0, forceMergeDeletesPctAllowed=10.0, segmentsPerTier=10.0, maxCFSSegmentSizeMB=8.796093022207999E12, noCFSRatio=0.1
indexerThreadPool=org.apache.lucene.index.DocumentsWriterPerThreadPool@10c38bc7
readerPooling=false
perThreadHardLimitMB=1945
useCompoundFile=false
commitOnClose=true
writer=org.apache.solr.update.SolrIndexWriter@44cab888

[coreLoadExecutor-408-thread-1] INFO org.apache.solr.update.LoggingInfoStream - [IW][coreLoadExecutor-408-thread-1]: MMapDirectory.UNMAP_SUPPORTED=true
[coreLoadExecutor-408-thread-1] INFO org.apache.solr.update.LoggingInfoStream - [IW][coreLoadExecutor-408-thread-1]: flush at getReader
[coreLoadExecutor-408-thread-1] INFO org.apache.solr.update.LoggingInfoStream - [DW][coreLoadExecutor-408-thread-1]: startFullFlush
[coreLoadExecutor-408-thread-1] INFO org.apache.solr.update.LoggingInfoStream - [IW][coreLoadExecutor-408-thread-1]: apply all deletes during flush
[coreLoadExecutor-408-thread-1] INFO org.apache.solr.update.LoggingInfoStream - [IW][coreLoadExecutor-408-thread-1]: now apply all deletes for all segments maxDoc=0
[coreLoadExecutor-408-thread-1] INFO org.apache.solr.update.LoggingInfoStream - [BD][coreLoadExecutor-408-thread-1]: prune sis=segments_1:  minGen=9223372036854775807 packetCount=0
[coreLoadExecutor-408-thread-1] INFO org.apache.solr.update.LoggingInfoStream - [IW][coreLoadExecutor-408-thread-1]: incRefDeleter for NRT reader version=2 segments=
[coreLoadExecutor-408-thread-1] INFO org.apache.solr.update.LoggingInfoStream - [IW][coreLoadExecutor-408-thread-1]: return reader version=2 reader=StandardDirectoryReader(segments_1:2:nrt)
[coreLoadExecutor-408-thread-1] INFO org.apache.solr.update.LoggingInfoStream - [DW][coreLoadExecutor-408-thread-1]: coreLoadExecutor-408-thread-1 finishFullFlush success=true
[coreLoadExecutor-408-thread-1] INFO org.apache.solr.update.LoggingInfoStream - [IW][coreLoadExecutor-408-thread-1]: getReader took 0 msec
[coreLoadExecutor-408-thread-1] INFO org.apache.solr.search.SolrIndexSearcher - Opening Searcher@3d8b7695[core] main
[coreLoadExecutor-408-thread-1] INFO org.apache.solr.rest.ManagedResourceStorage - File-based storage initialized to use dir: /tmp/solr-home7437513531087488992/core/conf
[coreLoadExecutor-408-thread-1] INFO org.apache.solr.rest.RestManager - Initializing RestManager with initArgs: {storageDir=/tmp/solr-home7437513531087488992/core/conf}
[coreLoadExecutor-408-thread-1] INFO org.apache.solr.rest.ManagedResourceStorage - Reading _rest_managed.json using file:dir=/tmp/solr-home7437513531087488992/core/conf
[coreLoadExecutor-408-thread-1] INFO org.apache.solr.rest.RestManager - Initializing 0 registered ManagedResources
[coreLoadExecutor-408-thread-1] INFO org.apache.solr.handler.component.SpellCheckComponent - Initializing spell checkers
[coreLoadExecutor-408-thread-1] INFO org.apache.solr.handler.component.SpellCheckComponent - Registering newSearcher listener for spellchecker: default
[coreLoadExecutor-408-thread-1] INFO org.apache.solr.handler.component.SpellCheckComponent - No queryConverter defined, using default converter
[coreLoadExecutor-408-thread-1] INFO org.apache.solr.handler.ReplicationHandler - Commits will be reserved for  10000
[coreLoadExecutor-408-thread-1] INFO org.apache.solr.update.UpdateLog - Looking up max value of version field to seed version buckets
[coreLoadExecutor-408-thread-1] INFO org.apache.solr.update.VersionInfo - Refreshing highest value of _version_ for 65536 version buckets from index
[coreLoadExecutor-408-thread-1] INFO org.apache.solr.update.VersionInfo - No terms found for _version_, cannot seed version bucket highest value from index
[coreLoadExecutor-408-thread-1] INFO org.apache.solr.update.UpdateLog - Could not find max version in index or recent updates, using new clock 1576087838754078720
[searcherExecutor-409-thread-1] INFO org.apache.solr.handler.component.SpellCheckComponent - Loading spell index for spellchecker: default
[coreLoadExecutor-408-thread-1] INFO org.apache.solr.update.UpdateLog - Took 1.0ms to seed version buckets with highest version 1576087838754078720
[searcherExecutor-409-thread-1] INFO org.apache.solr.core.SolrCore - [core] Registered new searcher Searcher@3d8b7695[core] main{ExitableDirectoryReader(UninvertingDirectoryReader())}
[coreLoadExecutor-408-thread-1] INFO org.apache.solr.core.CoreContainer - registering core: core
[Test worker] INFO org.apache.solr.core.SolrCore.Request - [core]  webapp=null path=/admin/ping params={} hits=0 status=0 QTime=0
[Test worker] INFO org.apache.solr.core.SolrCore.Request - [core]  webapp=null path=/admin/ping params={} status=0 QTime=0
[Test worker] INFO com.rbmhtechnology.vind.solr.SolrSearchServer - Connection to solr server successful
[Test worker] INFO org.apache.solr.core.SolrCore.Request - [core]  webapp=null path=/schema params={} status=0 QTime=0
[Test worker] INFO com.rbmhtechnology.vind.solr.SolrSearchServer - No server provider of type class com.rbmhtechnology.vind.solr.EmbeddedSolrServerProvider found in classpath for server com.rbmhtechnology.vind.solr.SolrSearchServer
[Test worker] INFO org.apache.solr.update.processor.LogUpdateProcessorFactory - [core]  webapp=null path=/update params={}{add=[1 (1576087838760370176)]} 0 2
[Test worker] INFO org.apache.solr.update.processor.LogUpdateProcessorFactory - [core]  webapp=null path=/update params={}{add=[2 (1576087838764564480)]} 0 0
[Test worker] INFO org.apache.solr.update.processor.LogUpdateProcessorFactory - [core]  webapp=null path=/update params={}{add=[3 (1576087838765613056)]} 0 0
[Test worker] INFO org.apache.solr.update.processor.LogUpdateProcessorFactory - [core]  webapp=null path=/update params={}{add=[4 (1576087838766661632)]} 0 0
[Test worker] INFO org.apache.solr.update.processor.LogUpdateProcessorFactory - [core]  webapp=null path=/update params={}{add=[5 (1576087838768758784)]} 0 0
[Test worker] INFO org.apache.solr.update.processor.LogUpdateProcessorFactory - [core]  webapp=null path=/update params={}{add=[6 (1576087838769807360)]} 0 0
[Test worker] INFO org.apache.solr.update.DirectUpdateHandler2 - start commit{,optimize=false,openSearcher=true,waitSearcher=true,expungeDeletes=false,softCommit=false,prepareCommit=false}
[Test worker] INFO org.apache.solr.update.LoggingInfoStream - [IW][Test worker]: commit: start
[Test worker] INFO org.apache.solr.update.LoggingInfoStream - [IW][Test worker]: commit: enter lock
[Test worker] INFO org.apache.solr.update.LoggingInfoStream - [IW][Test worker]: commit: now prepare
[Test worker] INFO org.apache.solr.update.LoggingInfoStream - [IW][Test worker]: prepareCommit: flush
[Test worker] INFO org.apache.solr.update.LoggingInfoStream - [IW][Test worker]:   index before flush 
[Test worker] INFO org.apache.solr.update.LoggingInfoStream - [DW][Test worker]: startFullFlush
[Test worker] INFO org.apache.solr.update.LoggingInfoStream - [DW][Test worker]: anyChanges? numDocsInRam=6 deletes=true hasTickets:false pendingChangesInFullFlush: false
[Test worker] INFO org.apache.solr.update.LoggingInfoStream - [DWFC][Test worker]: addFlushableState DocumentsWriterPerThread [pendingDeletes=gen=0 5 deleted terms (unique count=5) bytesUsed=845, segment=_0, aborted=false, numDocsInRAM=6, deleteQueue=DWDQ: [ generation: 1 ]]
[Test worker] INFO org.apache.solr.update.LoggingInfoStream - [DWPT][Test worker]: flush postings as segment _0 numDocs=6
[Test worker] INFO org.apache.solr.update.LoggingInfoStream - [IW][Test worker]: 0 msec to write norms
[Test worker] INFO org.apache.solr.update.LoggingInfoStream - [IW][Test worker]: 3 msec to write docValues
[Test worker] INFO org.apache.solr.update.LoggingInfoStream - [IW][Test worker]: 0 msec to finish stored fields
[Test worker] INFO org.apache.solr.update.LoggingInfoStream - [IW][Test worker]: 1 msec to write postings and finish vectors
[Test worker] INFO org.apache.solr.update.LoggingInfoStream - [IW][Test worker]: 0 msec to write fieldInfos
[Test worker] INFO org.apache.solr.update.LoggingInfoStream - [DWPT][Test worker]: new segment has 0 deleted docs
[Test worker] INFO org.apache.solr.update.LoggingInfoStream - [DWPT][Test worker]: new segment has no vectors; norms; docValues; prox; freqs
[Test worker] INFO org.apache.solr.update.LoggingInfoStream - [DWPT][Test worker]: flushedFiles=[_0_Lucene54_0.dvm, _0_Lucene50_0.doc, _0_Lucene50_0.tim, _0_Lucene50_0.pos, _0.nvd, _0.fdx, _0_Lucene54_0.dvd, _0_Lucene50_0.tip, _0.fdt, _0.nvm, _0.fnm]
[Test worker] INFO org.apache.solr.update.LoggingInfoStream - [DWPT][Test worker]: flushed codec=Lucene54
[Test worker] INFO org.apache.solr.update.LoggingInfoStream - [DWPT][Test worker]: flushed: segment=_0 ramUsed=0.411 MB newFlushedSize=0.007 MB docs/MB=884.501
[Test worker] INFO org.apache.solr.update.LoggingInfoStream - [DW][Test worker]: publishFlushedSegment seg-private updates=null
[Test worker] INFO org.apache.solr.update.LoggingInfoStream - [IW][Test worker]: publishFlushedSegment
[Test worker] INFO org.apache.solr.update.LoggingInfoStream - [BD][Test worker]: push deletes  6 deleted terms (unique count=6) bytesUsed=1072 segmentPrivate?=false delGen=2 packetCount=1 totBytesUsed=1072
[Test worker] INFO org.apache.solr.update.LoggingInfoStream - [IW][Test worker]: publish sets newSegment delGen=3 seg=_0(5.5.1):C6
[Test worker] INFO org.apache.solr.update.LoggingInfoStream - [IFD][Test worker]: now checkpoint "_0(5.5.1):C6" [1 segments ; isCommit = false]
[Test worker] INFO org.apache.solr.update.LoggingInfoStream - [IFD][Test worker]: 0 msec to checkpoint
[Test worker] INFO org.apache.solr.update.LoggingInfoStream - [IW][Test worker]: apply all deletes during flush
[Test worker] INFO org.apache.solr.update.LoggingInfoStream - [IW][Test worker]: now apply all deletes for all segments maxDoc=6
[Test worker] INFO org.apache.solr.update.LoggingInfoStream - [BD][Test worker]: applyDeletes: open segment readers took 0 msec
[Test worker] INFO org.apache.solr.update.LoggingInfoStream - [BD][Test worker]: applyDeletes: infos=[_0(5.5.1):C6] packetCount=1
[Test worker] INFO org.apache.solr.update.LoggingInfoStream - [BD][Test worker]: applyDeletes took 0 msec for 1 segments, 0 newly deleted docs (query deletes), 0 visited terms, allDeleted=null
[Test worker] INFO org.apache.solr.update.LoggingInfoStream - [BD][Test worker]: prune sis=segments_1: _0(5.5.1):C6 minGen=3 packetCount=1
[Test worker] INFO org.apache.solr.update.LoggingInfoStream - [BD][Test worker]: pruneDeletes: prune 1 packets; 0 packets remain
[Test worker] INFO org.apache.solr.update.LoggingInfoStream - [DW][Test worker]: Test worker finishFullFlush success=true
[Test worker] INFO org.apache.solr.update.LoggingInfoStream - [TMP][Test worker]: findMerges: 1 segments
[Test worker] INFO org.apache.solr.update.LoggingInfoStream - [TMP][Test worker]:   seg=_0(5.5.1):C6 size=0.007 MB [floored]
[Test worker] INFO org.apache.solr.update.LoggingInfoStream - [TMP][Test worker]:   allowedSegmentCount=1 vs count=1 (eligible count=1) tooBigCount=0
[Test worker] INFO org.apache.solr.update.LoggingInfoStream - [MS][Test worker]: initDynamicDefaults spins=false maxThreadCount=2 maxMergeCount=7
[Test worker] INFO org.apache.solr.update.LoggingInfoStream - [MS][Test worker]: now merge
[Test worker] INFO org.apache.solr.update.LoggingInfoStream - [MS][Test worker]:   index: _0(5.5.1):C6
[Test worker] INFO org.apache.solr.update.LoggingInfoStream - [MS][Test worker]:   no more merges pending; now return
[Test worker] INFO org.apache.solr.update.LoggingInfoStream - [IW][Test worker]: startCommit(): start
[Test worker] INFO org.apache.solr.update.LoggingInfoStream - [IW][Test worker]: startCommit index=_0(5.5.1):C6 changeCount=4
[Test worker] INFO org.apache.solr.update.LoggingInfoStream - [IW][Test worker]: startCommit: wrote pending segments file "pending_segments_2"
[Test worker] INFO org.apache.solr.update.LoggingInfoStream - [IW][Test worker]: done all syncs: [_0.si, _0_Lucene50_0.doc, _0_Lucene50_0.tim, _0_Lucene54_0.dvm, _0_Lucene50_0.pos, _0.nvd, _0.fdx, _0_Lucene54_0.dvd, _0_Lucene50_0.tip, _0.fdt, _0.nvm, _0.fnm]
[Test worker] INFO org.apache.solr.update.LoggingInfoStream - [IW][Test worker]: commit: pendingCommit != null
[Test worker] INFO org.apache.solr.update.LoggingInfoStream - [IW][Test worker]: commit: done writing segments file "segments_2"
[Test worker] INFO org.apache.solr.update.LoggingInfoStream - [IFD][Test worker]: now checkpoint "_0(5.5.1):C6" [1 segments ; isCommit = true]
[Test worker] INFO org.apache.solr.core.SolrDeletionPolicy - SolrDeletionPolicy.onCommit: commits: num=2
	commit{dir=NRTCachingDirectory(MMapDirectory@/tmp/solr-home7437513531087488992/core/data/index lockFactory=org.apache.lucene.store.NativeFSLockFactory@2c3d74f6; maxCacheMB=48.0 maxMergeSizeMB=4.0),segFN=segments_1,generation=1}
	commit{dir=NRTCachingDirectory(MMapDirectory@/tmp/solr-home7437513531087488992/core/data/index lockFactory=org.apache.lucene.store.NativeFSLockFactory@2c3d74f6; maxCacheMB=48.0 maxMergeSizeMB=4.0),segFN=segments_2,generation=2}
[Test worker] INFO org.apache.solr.core.SolrDeletionPolicy - newest commit generation = 2
[Test worker] INFO org.apache.solr.update.LoggingInfoStream - [IFD][Test worker]: deleteCommits: now decRef commit "segments_1"
[Test worker] INFO org.apache.solr.update.LoggingInfoStream - [IFD][Test worker]: delete "segments_1"
[Test worker] INFO org.apache.solr.update.LoggingInfoStream - [IFD][Test worker]: 0 msec to checkpoint
[Test worker] INFO org.apache.solr.update.LoggingInfoStream - [IW][Test worker]: commit: took 55.8 msec
[Test worker] INFO org.apache.solr.update.LoggingInfoStream - [IW][Test worker]: commit: done
[Test worker] INFO org.apache.solr.update.LoggingInfoStream - [IW][Test worker]: nrtIsCurrent: infoVersion matches: false; DW changes: false; BD changes: false
[Test worker] INFO org.apache.solr.update.LoggingInfoStream - [IW][Test worker]: flush at getReader
[Test worker] INFO org.apache.solr.update.LoggingInfoStream - [DW][Test worker]: startFullFlush
[Test worker] INFO org.apache.solr.update.LoggingInfoStream - [IW][Test worker]: apply all deletes during flush
[Test worker] INFO org.apache.solr.update.LoggingInfoStream - [IW][Test worker]: now apply all deletes for all segments maxDoc=6
[Test worker] INFO org.apache.solr.update.LoggingInfoStream - [BD][Test worker]: applyDeletes: open segment readers took 0 msec
[Test worker] INFO org.apache.solr.update.LoggingInfoStream - [BD][Test worker]: applyDeletes: no segments; skipping
[Test worker] INFO org.apache.solr.update.LoggingInfoStream - [BD][Test worker]: prune sis=segments_2: _0(5.5.1):C6 minGen=3 packetCount=0
[Test worker] INFO org.apache.solr.update.LoggingInfoStream - [IW][Test worker]: incRefDeleter for NRT reader version=6 segments=_0(5.5.1):C6
[Test worker] INFO org.apache.solr.update.LoggingInfoStream - [IW][Test worker]: return reader version=6 reader=StandardDirectoryReader(segments_2:6:nrt _0(5.5.1):C6)
[Test worker] INFO org.apache.solr.update.LoggingInfoStream - [DW][Test worker]: Test worker finishFullFlush success=true
[Test worker] INFO org.apache.solr.update.LoggingInfoStream - [IW][Test worker]: getReader took 0 msec
[Test worker] INFO org.apache.solr.search.SolrIndexSearcher - Opening Searcher@553874e7[core] main
[Test worker] INFO org.apache.solr.update.DirectUpdateHandler2 - end_commit_flush
[searcherExecutor-409-thread-1] INFO org.apache.solr.handler.component.SpellCheckComponent - Building spell index for spell checker: default
[searcherExecutor-409-thread-1] INFO org.apache.solr.core.SolrCore - [core] Registered new searcher Searcher@553874e7[core] main{ExitableDirectoryReader(UninvertingDirectoryReader(Uninverting(_0(5.5.1):C6)))}
[searcherExecutor-409-thread-1] INFO org.apache.solr.update.LoggingInfoStream - [IW][searcherExecutor-409-thread-1]: decRefDeleter for NRT reader version=2 segments=
[Test worker] INFO org.apache.solr.update.processor.LogUpdateProcessorFactory - [core]  webapp=null path=/update params={commit=true&softCommit=false&waitSearcher=true}{commit=} 0 94
[Test worker] INFO org.apache.solr.core.SolrCore.Request - [core]  webapp=null path=/select params={q=A-20170322-001+1234-34345-54656+PN-1HBTR8P952111&fl=*,score&qf=dynamic_single_none_internalId^1.0+dynamic_single_none_textField^1.0&defType=edismax&fq=_type_:asset&start=0&rows=10} hits=3 status=0 QTime=2
[Test worker] INFO org.apache.solr.core.SolrCore.Request - [core]  webapp=null path=/select params={q=1234&fl=*,score&qf=dynamic_single_none_internalId^1.0+dynamic_single_none_textField^1.0&defType=edismax&fq=_type_:asset&start=0&rows=10} hits=1 status=0 QTime=0
[Test worker] INFO org.apache.solr.core.CoreContainer - Shutting down CoreContainer instance=2143852093
[coreCloseExecutor-414-thread-1] INFO org.apache.solr.core.SolrCore - [core]  CLOSING SolrCore org.apache.solr.core.SolrCore@5682ed5f
[coreCloseExecutor-414-thread-1] INFO org.apache.solr.update.DirectUpdateHandler2 - closing DirectUpdateHandler2{commits=1,autocommit maxTime=15000ms,autocommits=0,soft autocommits=0,optimizes=0,rollbacks=0,expungeDeletes=0,docsPending=0,adds=0,deletesById=0,deletesByQuery=0,errors=0,cumulative_adds=6,cumulative_deletesById=0,cumulative_deletesByQuery=0,cumulative_errors=0,transaction_logs_total_size=1348,transaction_logs_total_number=1}
[coreCloseExecutor-414-thread-1] INFO org.apache.solr.update.SolrCoreState - Closing SolrCoreState
[coreCloseExecutor-414-thread-1] INFO org.apache.solr.update.DefaultSolrCoreState - SolrCoreState ref count has reached 0 - closing IndexWriter
[coreCloseExecutor-414-thread-1] INFO org.apache.solr.update.DefaultSolrCoreState - closing IndexWriter with IndexWriterCloser
[coreCloseExecutor-414-thread-1] INFO org.apache.solr.update.LoggingInfoStream - [IW][coreCloseExecutor-414-thread-1]: now flush at close
[coreCloseExecutor-414-thread-1] INFO org.apache.solr.update.LoggingInfoStream - [IW][coreCloseExecutor-414-thread-1]:   start flush: applyAllDeletes=true
[coreCloseExecutor-414-thread-1] INFO org.apache.solr.update.LoggingInfoStream - [IW][coreCloseExecutor-414-thread-1]:   index before flush _0(5.5.1):C6
[coreCloseExecutor-414-thread-1] INFO org.apache.solr.update.LoggingInfoStream - [DW][coreCloseExecutor-414-thread-1]: startFullFlush
[coreCloseExecutor-414-thread-1] INFO org.apache.solr.update.LoggingInfoStream - [DW][coreCloseExecutor-414-thread-1]: coreCloseExecutor-414-thread-1 finishFullFlush success=true
[coreCloseExecutor-414-thread-1] INFO org.apache.solr.update.LoggingInfoStream - [IW][coreCloseExecutor-414-thread-1]: apply all deletes during flush
[coreCloseExecutor-414-thread-1] INFO org.apache.solr.update.LoggingInfoStream - [IW][coreCloseExecutor-414-thread-1]: now apply all deletes for all segments maxDoc=6
[coreCloseExecutor-414-thread-1] INFO org.apache.solr.update.LoggingInfoStream - [BD][coreCloseExecutor-414-thread-1]: applyDeletes: open segment readers took 0 msec
[coreCloseExecutor-414-thread-1] INFO org.apache.solr.update.LoggingInfoStream - [BD][coreCloseExecutor-414-thread-1]: applyDeletes: no segments; skipping
[coreCloseExecutor-414-thread-1] INFO org.apache.solr.update.LoggingInfoStream - [BD][coreCloseExecutor-414-thread-1]: prune sis=segments_2: _0(5.5.1):C6 minGen=3 packetCount=0
[coreCloseExecutor-414-thread-1] INFO org.apache.solr.update.LoggingInfoStream - [MS][coreCloseExecutor-414-thread-1]: updateMergeThreads ioThrottle=true targetMBPerSec=10240.0 MB/sec
[coreCloseExecutor-414-thread-1] INFO org.apache.solr.update.LoggingInfoStream - [MS][coreCloseExecutor-414-thread-1]: now merge
[coreCloseExecutor-414-thread-1] INFO org.apache.solr.update.LoggingInfoStream - [MS][coreCloseExecutor-414-thread-1]:   index: _0(5.5.1):C6
[coreCloseExecutor-414-thread-1] INFO org.apache.solr.update.LoggingInfoStream - [MS][coreCloseExecutor-414-thread-1]:   no more merges pending; now return
[coreCloseExecutor-414-thread-1] INFO org.apache.solr.update.LoggingInfoStream - [IW][coreCloseExecutor-414-thread-1]: waitForMerges
[coreCloseExecutor-414-thread-1] INFO org.apache.solr.update.LoggingInfoStream - [IW][coreCloseExecutor-414-thread-1]: waitForMerges done
[coreCloseExecutor-414-thread-1] INFO org.apache.solr.update.LoggingInfoStream - [IW][coreCloseExecutor-414-thread-1]: commit: start
[coreCloseExecutor-414-thread-1] INFO org.apache.solr.update.LoggingInfoStream - [IW][coreCloseExecutor-414-thread-1]: commit: enter lock
[coreCloseExecutor-414-thread-1] INFO org.apache.solr.update.LoggingInfoStream - [IW][coreCloseExecutor-414-thread-1]: commit: now prepare
[coreCloseExecutor-414-thread-1] INFO org.apache.solr.update.LoggingInfoStream - [IW][coreCloseExecutor-414-thread-1]: prepareCommit: flush
[coreCloseExecutor-414-thread-1] INFO org.apache.solr.update.LoggingInfoStream - [IW][coreCloseExecutor-414-thread-1]:   index before flush _0(5.5.1):C6
[coreCloseExecutor-414-thread-1] INFO org.apache.solr.update.LoggingInfoStream - [DW][coreCloseExecutor-414-thread-1]: startFullFlush
[coreCloseExecutor-414-thread-1] INFO org.apache.solr.update.LoggingInfoStream - [IW][coreCloseExecutor-414-thread-1]: apply all deletes during flush
[coreCloseExecutor-414-thread-1] INFO org.apache.solr.update.LoggingInfoStream - [IW][coreCloseExecutor-414-thread-1]: now apply all deletes for all segments maxDoc=6
[coreCloseExecutor-414-thread-1] INFO org.apache.solr.update.LoggingInfoStream - [BD][coreCloseExecutor-414-thread-1]: applyDeletes: open segment readers took 0 msec
[coreCloseExecutor-414-thread-1] INFO org.apache.solr.update.LoggingInfoStream - [BD][coreCloseExecutor-414-thread-1]: applyDeletes: no segments; skipping
[coreCloseExecutor-414-thread-1] INFO org.apache.solr.update.LoggingInfoStream - [BD][coreCloseExecutor-414-thread-1]: prune sis=segments_2: _0(5.5.1):C6 minGen=3 packetCount=0
[coreCloseExecutor-414-thread-1] INFO org.apache.solr.update.LoggingInfoStream - [DW][coreCloseExecutor-414-thread-1]: coreCloseExecutor-414-thread-1 finishFullFlush success=true
[coreCloseExecutor-414-thread-1] INFO org.apache.solr.update.LoggingInfoStream - [IW][coreCloseExecutor-414-thread-1]: startCommit(): start
[coreCloseExecutor-414-thread-1] INFO org.apache.solr.update.LoggingInfoStream - [IW][coreCloseExecutor-414-thread-1]:   skip startCommit(): no changes pending
[coreCloseExecutor-414-thread-1] INFO org.apache.solr.update.LoggingInfoStream - [IW][coreCloseExecutor-414-thread-1]: commit: pendingCommit == null; skip
[coreCloseExecutor-414-thread-1] INFO org.apache.solr.update.LoggingInfoStream - [IW][coreCloseExecutor-414-thread-1]: commit: took 0.1 msec
[coreCloseExecutor-414-thread-1] INFO org.apache.solr.update.LoggingInfoStream - [IW][coreCloseExecutor-414-thread-1]: commit: done
[coreCloseExecutor-414-thread-1] INFO org.apache.solr.update.LoggingInfoStream - [IW][coreCloseExecutor-414-thread-1]: rollback
[coreCloseExecutor-414-thread-1] INFO org.apache.solr.update.LoggingInfoStream - [IW][coreCloseExecutor-414-thread-1]: all running merges have aborted
[coreCloseExecutor-414-thread-1] INFO org.apache.solr.update.LoggingInfoStream - [IW][coreCloseExecutor-414-thread-1]: rollback: done finish merges
[coreCloseExecutor-414-thread-1] INFO org.apache.solr.update.LoggingInfoStream - [DW][coreCloseExecutor-414-thread-1]: abort
[coreCloseExecutor-414-thread-1] INFO org.apache.solr.update.LoggingInfoStream - [DW][coreCloseExecutor-414-thread-1]: done abort success=true
[coreCloseExecutor-414-thread-1] INFO org.apache.solr.update.LoggingInfoStream - [IW][coreCloseExecutor-414-thread-1]: rollback: infos=_0(5.5.1):C6
[coreCloseExecutor-414-thread-1] INFO org.apache.solr.update.LoggingInfoStream - [IFD][coreCloseExecutor-414-thread-1]: now checkpoint "_0(5.5.1):C6" [1 segments ; isCommit = false]
[coreCloseExecutor-414-thread-1] INFO org.apache.solr.update.LoggingInfoStream - [IFD][coreCloseExecutor-414-thread-1]: 0 msec to checkpoint
[coreCloseExecutor-414-thread-1] INFO org.apache.solr.core.SolrCore - [core] Closing main searcher on request.
[coreCloseExecutor-414-thread-1] INFO org.apache.solr.core.CachingDirectoryFactory - Closing NRTCachingDirectoryFactory - 2 directories currently being tracked
[coreCloseExecutor-414-thread-1] INFO org.apache.solr.core.CachingDirectoryFactory - looking to close /tmp/solr-home7437513531087488992/core/data [CachedDir<<refCount=0;path=/tmp/solr-home7437513531087488992/core/data;done=false>>]
[coreCloseExecutor-414-thread-1] INFO org.apache.solr.core.CachingDirectoryFactory - Closing directory: /tmp/solr-home7437513531087488992/core/data
[coreCloseExecutor-414-thread-1] INFO org.apache.solr.core.CachingDirectoryFactory - looking to close /tmp/solr-home7437513531087488992/core/data/index [CachedDir<<refCount=0;path=/tmp/solr-home7437513531087488992/core/data/index;done=false>>]
[coreCloseExecutor-414-thread-1] INFO org.apache.solr.core.CachingDirectoryFactory - Closing directory: /tmp/solr-home7437513531087488992/core/data/index
[Test worker] INFO com.rbmhtechnology.vind.solr.SolrSearchServer - No server provider of type class com.rbmhtechnology.vind.solr.EmbeddedSolrServerProvider found in classpath for server com.rbmhtechnology.vind.solr.SolrSearchServer
[Test worker] INFO com.rbmhtechnology.vind.solr.SolrSearchServer - No server provider of type class com.rbmhtechnology.vind.solr.EmbeddedSolrServerProvider found in classpath for server com.rbmhtechnology.vind.solr.SolrSearchServer
[Test worker] INFO org.apache.solr.core.SolrResourceLoader - new SolrResourceLoader for directory: '/tmp/solr-home1450696350062495969'
[Test worker] INFO org.apache.solr.core.SolrResourceLoader - JNDI not configured for solr (NoInitialContextEx)
[Test worker] INFO org.apache.solr.core.SolrResourceLoader - solr home defaulted to 'solr/' (could not find system property or JNDI)
[Test worker] INFO org.apache.solr.core.SolrXmlConfig - Loading container configuration from /tmp/solr-home1450696350062495969/solr.xml
[Test worker] INFO org.apache.solr.core.CorePropertiesLocator - Config-defined core root directory: /tmp/solr-home1450696350062495969
[Test worker] INFO org.apache.solr.core.CoreContainer - New CoreContainer 1241606527
[Test worker] INFO org.apache.solr.core.CoreContainer - Loading cores into CoreContainer [instanceDir=/tmp/solr-home1450696350062495969]
[Test worker] WARN org.apache.solr.core.CoreContainer - Couldn't add files from /tmp/solr-home1450696350062495969/lib to classpath: /tmp/solr-home1450696350062495969/lib
[Test worker] INFO org.apache.solr.handler.component.HttpShardHandlerFactory - created with socketTimeout : 120000,connTimeout : 15000,maxConnectionsPerHost : 20,maxConnections : 10000,corePoolSize : 0,maximumPoolSize : 2147483647,maxThreadIdleTime : 5,sizeOfQueue : -1,fairnessPolicy : false,useRetries : false,
[Test worker] INFO org.apache.solr.update.UpdateShardHandler - Creating UpdateShardHandler HTTP client with params: socketTimeout=600000&connTimeout=60000&retry=true
[Test worker] INFO org.apache.solr.logging.LogWatcher - SLF4J impl is org.slf4j.impl.SimpleLoggerFactory
[Test worker] INFO org.apache.solr.logging.LogWatcher - No LogWatcher configured
[Test worker] INFO org.apache.solr.core.CoreContainer - Security conf doesn't exist. Skipping setup for authorization module.
[Test worker] INFO org.apache.solr.core.CoreContainer - No authentication plugin used.
[Test worker] INFO org.apache.solr.core.CorePropertiesLocator - Looking for core definitions underneath /tmp/solr-home1450696350062495969
[Test worker] INFO org.apache.solr.core.CoreDescriptor - Created CoreDescriptor: {runtimeLib=false, name=core, config=solrconfig.xml, loadOnStartup=true, schema=schema.xml, configSetProperties=configsetprops.json, transient=false, dataDir=data/}
[Test worker] INFO org.apache.solr.core.CorePropertiesLocator - Found core core in /tmp/solr-home1450696350062495969/core
[Test worker] INFO org.apache.solr.core.CorePropertiesLocator - Found 1 core definitions
[coreLoadExecutor-421-thread-1] INFO org.apache.solr.core.SolrResourceLoader - new SolrResourceLoader for directory: '/tmp/solr-home1450696350062495969/core'
[coreLoadExecutor-421-thread-1] INFO org.apache.solr.core.SolrResourceLoader - JNDI not configured for solr (NoInitialContextEx)
[coreLoadExecutor-421-thread-1] INFO org.apache.solr.core.SolrResourceLoader - solr home defaulted to 'solr/' (could not find system property or JNDI)
[coreLoadExecutor-421-thread-1] INFO org.apache.solr.core.SolrResourceLoader - Adding 'file:/tmp/solr-home1450696350062495969/core/lib/marker-search-handler-0.3.0.jar' to classloader
[coreLoadExecutor-421-thread-1] INFO org.apache.solr.core.SolrResourceLoader - Adding 'file:/tmp/solr-home1450696350062495969/core/lib/suggestion-request-handler-2.1.0.jar' to classloader
[coreLoadExecutor-421-thread-1] INFO org.apache.solr.core.SolrConfig - current version of requestparams : -1
[coreLoadExecutor-421-thread-1] INFO org.apache.solr.update.SolrIndexConfig - IndexWriter infoStream solr logging is enabled
[coreLoadExecutor-421-thread-1] INFO org.apache.solr.core.SolrConfig - Using Lucene MatchVersion: 5.5.0
[coreLoadExecutor-421-thread-1] INFO org.apache.solr.core.SolrConfig - Loaded SolrConfig: solrconfig.xml
[coreLoadExecutor-421-thread-1] INFO org.apache.solr.schema.ManagedIndexSchemaFactory - The schema is configured as managed, but managed schema resource managed-schema not found - loading non-managed schema schema.xml instead
[coreLoadExecutor-421-thread-1] INFO org.apache.solr.schema.IndexSchema - [core] Schema name=basic search lib core
[coreLoadExecutor-421-thread-1] INFO org.apache.solr.schema.IndexSchema - unique key field: _id_
[coreLoadExecutor-421-thread-1] INFO org.apache.solr.schema.ManagedIndexSchema - Upgraded to managed schema at /tmp/solr-home1450696350062495969/core/conf/managed-schema
[coreLoadExecutor-421-thread-1] INFO org.apache.solr.schema.ManagedIndexSchemaFactory - After upgrading to managed schema, renamed the non-managed schema /tmp/solr-home1450696350062495969/core/conf/schema.xml to /tmp/solr-home1450696350062495969/core/conf/schema.xml.bak
[coreLoadExecutor-421-thread-1] INFO org.apache.solr.core.ConfigSetProperties - Did not find ConfigSet properties, assuming default properties: Can't find resource 'configsetprops.json' in classpath or '/tmp/solr-home1450696350062495969/core'
[coreLoadExecutor-421-thread-1] INFO org.apache.solr.core.CoreContainer - Creating SolrCore 'core' using configuration from instancedir /tmp/solr-home1450696350062495969/core
[coreLoadExecutor-421-thread-1] INFO org.apache.solr.core.SolrCore - solr.NRTCachingDirectoryFactory
[coreLoadExecutor-421-thread-1] INFO org.apache.solr.core.SolrCore - [[core] ] Opening new SolrCore at [/tmp/solr-home1450696350062495969/core], dataDir=[/tmp/solr-home1450696350062495969/core/data/]
[coreLoadExecutor-421-thread-1] INFO org.apache.solr.core.JmxMonitoredMap - No JMX servers found, not exposing Solr information with JMX.
[coreLoadExecutor-421-thread-1] INFO org.apache.solr.core.SchemaCodecFactory - Using default compressionMode: BEST_SPEED
[coreLoadExecutor-421-thread-1] INFO org.apache.solr.core.CachingDirectoryFactory - return new directory for /tmp/solr-home1450696350062495969/core/data
[coreLoadExecutor-421-thread-1] INFO org.apache.solr.core.SolrCore - New index directory detected: old=null new=/tmp/solr-home1450696350062495969/core/data/index/
[coreLoadExecutor-421-thread-1] WARN org.apache.solr.core.SolrCore - [core] Solr index directory '/tmp/solr-home1450696350062495969/core/data/index' doesn't exist. Creating new index...
[coreLoadExecutor-421-thread-1] INFO org.apache.solr.core.CachingDirectoryFactory - return new directory for /tmp/solr-home1450696350062495969/core/data/index
[coreLoadExecutor-421-thread-1] INFO org.apache.solr.update.LoggingInfoStream - [IFD][coreLoadExecutor-421-thread-1]: init: current segments file is "segments"; deletionPolicy=org.apache.solr.core.IndexDeletionPolicyWrapper@4d49acda
[coreLoadExecutor-421-thread-1] INFO org.apache.solr.update.LoggingInfoStream - [IFD][coreLoadExecutor-421-thread-1]: now checkpoint "" [0 segments ; isCommit = false]
[coreLoadExecutor-421-thread-1] INFO org.apache.solr.update.LoggingInfoStream - [IFD][coreLoadExecutor-421-thread-1]: 0 msec to checkpoint
[coreLoadExecutor-421-thread-1] INFO org.apache.solr.update.LoggingInfoStream - [IW][coreLoadExecutor-421-thread-1]: init: create=true
[coreLoadExecutor-421-thread-1] INFO org.apache.solr.update.LoggingInfoStream - [IW][coreLoadExecutor-421-thread-1]: 
dir=NRTCachingDirectory(MMapDirectory@/tmp/solr-home1450696350062495969/core/data/index lockFactory=org.apache.lucene.store.NativeFSLockFactory@2c3d74f6; maxCacheMB=48.0 maxMergeSizeMB=4.0)
index=
version=5.5.1
analyzer=org.apache.solr.update.SolrIndexConfig$DelayedSchemaAnalyzer
ramBufferSizeMB=100.0
maxBufferedDocs=-1
maxBufferedDeleteTerms=-1
mergedSegmentWarmer=null
delPolicy=org.apache.solr.core.IndexDeletionPolicyWrapper
commit=null
openMode=CREATE
similarity=org.apache.lucene.search.similarities.ClassicSimilarity
mergeScheduler=ConcurrentMergeScheduler: maxThreadCount=-1, maxMergeCount=-1, ioThrottle=true
default WRITE_LOCK_TIMEOUT=0
writeLockTimeout=0
codec=Lucene54
infoStream=org.apache.solr.update.LoggingInfoStream
mergePolicy=[TieredMergePolicy: maxMergeAtOnce=10, maxMergeAtOnceExplicit=30, maxMergedSegmentMB=5120.0, floorSegmentMB=2.0, forceMergeDeletesPctAllowed=10.0, segmentsPerTier=10.0, maxCFSSegmentSizeMB=8.796093022207999E12, noCFSRatio=0.1
indexerThreadPool=org.apache.lucene.index.DocumentsWriterPerThreadPool@3a7298ab
readerPooling=false
perThreadHardLimitMB=1945
useCompoundFile=false
commitOnClose=true
writer=org.apache.solr.update.SolrIndexWriter@dc718bf

[coreLoadExecutor-421-thread-1] INFO org.apache.solr.update.LoggingInfoStream - [IW][coreLoadExecutor-421-thread-1]: MMapDirectory.UNMAP_SUPPORTED=true
[coreLoadExecutor-421-thread-1] INFO org.apache.solr.update.LoggingInfoStream - [IW][coreLoadExecutor-421-thread-1]: now flush at close
[coreLoadExecutor-421-thread-1] INFO org.apache.solr.update.LoggingInfoStream - [IW][coreLoadExecutor-421-thread-1]:   start flush: applyAllDeletes=true
[coreLoadExecutor-421-thread-1] INFO org.apache.solr.update.LoggingInfoStream - [IW][coreLoadExecutor-421-thread-1]:   index before flush 
[coreLoadExecutor-421-thread-1] INFO org.apache.solr.update.LoggingInfoStream - [DW][coreLoadExecutor-421-thread-1]: startFullFlush
[coreLoadExecutor-421-thread-1] INFO org.apache.solr.update.LoggingInfoStream - [DW][coreLoadExecutor-421-thread-1]: coreLoadExecutor-421-thread-1 finishFullFlush success=true
[coreLoadExecutor-421-thread-1] INFO org.apache.solr.update.LoggingInfoStream - [IW][coreLoadExecutor-421-thread-1]: apply all deletes during flush
[coreLoadExecutor-421-thread-1] INFO org.apache.solr.update.LoggingInfoStream - [IW][coreLoadExecutor-421-thread-1]: now apply all deletes for all segments maxDoc=0
[coreLoadExecutor-421-thread-1] INFO org.apache.solr.update.LoggingInfoStream - [BD][coreLoadExecutor-421-thread-1]: prune sis=segments:  minGen=9223372036854775807 packetCount=0
[coreLoadExecutor-421-thread-1] INFO org.apache.solr.update.LoggingInfoStream - [MS][coreLoadExecutor-421-thread-1]: initDynamicDefaults spins=false maxThreadCount=2 maxMergeCount=7
[coreLoadExecutor-421-thread-1] INFO org.apache.solr.update.LoggingInfoStream - [MS][coreLoadExecutor-421-thread-1]: updateMergeThreads ioThrottle=true targetMBPerSec=10240.0 MB/sec
[coreLoadExecutor-421-thread-1] INFO org.apache.solr.update.LoggingInfoStream - [MS][coreLoadExecutor-421-thread-1]: now merge
[coreLoadExecutor-421-thread-1] INFO org.apache.solr.update.LoggingInfoStream - [MS][coreLoadExecutor-421-thread-1]:   index: 
[coreLoadExecutor-421-thread-1] INFO org.apache.solr.update.LoggingInfoStream - [MS][coreLoadExecutor-421-thread-1]:   no more merges pending; now return
[coreLoadExecutor-421-thread-1] INFO org.apache.solr.update.LoggingInfoStream - [IW][coreLoadExecutor-421-thread-1]: waitForMerges
[coreLoadExecutor-421-thread-1] INFO org.apache.solr.update.LoggingInfoStream - [IW][coreLoadExecutor-421-thread-1]: waitForMerges done
[coreLoadExecutor-421-thread-1] INFO org.apache.solr.update.LoggingInfoStream - [IW][coreLoadExecutor-421-thread-1]: commit: start
[coreLoadExecutor-421-thread-1] INFO org.apache.solr.update.LoggingInfoStream - [IW][coreLoadExecutor-421-thread-1]: commit: enter lock
[coreLoadExecutor-421-thread-1] INFO org.apache.solr.update.LoggingInfoStream - [IW][coreLoadExecutor-421-thread-1]: commit: now prepare
[coreLoadExecutor-421-thread-1] INFO org.apache.solr.update.LoggingInfoStream - [IW][coreLoadExecutor-421-thread-1]: prepareCommit: flush
[coreLoadExecutor-421-thread-1] INFO org.apache.solr.update.LoggingInfoStream - [IW][coreLoadExecutor-421-thread-1]:   index before flush 
[coreLoadExecutor-421-thread-1] INFO org.apache.solr.update.LoggingInfoStream - [DW][coreLoadExecutor-421-thread-1]: startFullFlush
[coreLoadExecutor-421-thread-1] INFO org.apache.solr.update.LoggingInfoStream - [IW][coreLoadExecutor-421-thread-1]: apply all deletes during flush
[coreLoadExecutor-421-thread-1] INFO org.apache.solr.update.LoggingInfoStream - [IW][coreLoadExecutor-421-thread-1]: now apply all deletes for all segments maxDoc=0
[coreLoadExecutor-421-thread-1] INFO org.apache.solr.update.LoggingInfoStream - [BD][coreLoadExecutor-421-thread-1]: prune sis=segments:  minGen=9223372036854775807 packetCount=0
[coreLoadExecutor-421-thread-1] INFO org.apache.solr.update.LoggingInfoStream - [DW][coreLoadExecutor-421-thread-1]: coreLoadExecutor-421-thread-1 finishFullFlush success=true
[coreLoadExecutor-421-thread-1] INFO org.apache.solr.update.LoggingInfoStream - [IW][coreLoadExecutor-421-thread-1]: startCommit(): start
[coreLoadExecutor-421-thread-1] INFO org.apache.solr.update.LoggingInfoStream - [IW][coreLoadExecutor-421-thread-1]: startCommit index= changeCount=2
[coreLoadExecutor-421-thread-1] INFO org.apache.solr.update.LoggingInfoStream - [IW][coreLoadExecutor-421-thread-1]: startCommit: wrote pending segments file "pending_segments_1"
[coreLoadExecutor-421-thread-1] INFO org.apache.solr.update.LoggingInfoStream - [IW][coreLoadExecutor-421-thread-1]: done all syncs: []
[coreLoadExecutor-421-thread-1] INFO org.apache.solr.update.LoggingInfoStream - [IW][coreLoadExecutor-421-thread-1]: commit: pendingCommit != null
[coreLoadExecutor-421-thread-1] INFO org.apache.solr.update.LoggingInfoStream - [IW][coreLoadExecutor-421-thread-1]: commit: done writing segments file "segments_1"
[coreLoadExecutor-421-thread-1] INFO org.apache.solr.update.LoggingInfoStream - [IFD][coreLoadExecutor-421-thread-1]: now checkpoint "" [0 segments ; isCommit = true]
[coreLoadExecutor-421-thread-1] INFO org.apache.solr.core.SolrDeletionPolicy - SolrDeletionPolicy.onCommit: commits: num=1
	commit{dir=NRTCachingDirectory(MMapDirectory@/tmp/solr-home1450696350062495969/core/data/index lockFactory=org.apache.lucene.store.NativeFSLockFactory@2c3d74f6; maxCacheMB=48.0 maxMergeSizeMB=4.0),segFN=segments_1,generation=1}
[coreLoadExecutor-421-thread-1] INFO org.apache.solr.core.SolrDeletionPolicy - newest commit generation = 1
[coreLoadExecutor-421-thread-1] INFO org.apache.solr.update.LoggingInfoStream - [IFD][coreLoadExecutor-421-thread-1]: 0 msec to checkpoint
[coreLoadExecutor-421-thread-1] INFO org.apache.solr.update.LoggingInfoStream - [IW][coreLoadExecutor-421-thread-1]: commit: took 5.0 msec
[coreLoadExecutor-421-thread-1] INFO org.apache.solr.update.LoggingInfoStream - [IW][coreLoadExecutor-421-thread-1]: commit: done
[coreLoadExecutor-421-thread-1] INFO org.apache.solr.update.LoggingInfoStream - [IW][coreLoadExecutor-421-thread-1]: rollback
[coreLoadExecutor-421-thread-1] INFO org.apache.solr.update.LoggingInfoStream - [IW][coreLoadExecutor-421-thread-1]: all running merges have aborted
[coreLoadExecutor-421-thread-1] INFO org.apache.solr.update.LoggingInfoStream - [IW][coreLoadExecutor-421-thread-1]: rollback: done finish merges
[coreLoadExecutor-421-thread-1] INFO org.apache.solr.update.LoggingInfoStream - [DW][coreLoadExecutor-421-thread-1]: abort
[coreLoadExecutor-421-thread-1] INFO org.apache.solr.update.LoggingInfoStream - [DW][coreLoadExecutor-421-thread-1]: done abort success=true
[coreLoadExecutor-421-thread-1] INFO org.apache.solr.update.LoggingInfoStream - [IW][coreLoadExecutor-421-thread-1]: rollback: infos=
[coreLoadExecutor-421-thread-1] INFO org.apache.solr.update.LoggingInfoStream - [IFD][coreLoadExecutor-421-thread-1]: now checkpoint "" [0 segments ; isCommit = false]
[coreLoadExecutor-421-thread-1] INFO org.apache.solr.update.LoggingInfoStream - [IFD][coreLoadExecutor-421-thread-1]: 0 msec to checkpoint
[OldIndexDirectoryCleanupThreadForCore-core] INFO org.apache.solr.core.SolrCore - Looking for old index directories to cleanup for core core in /tmp/solr-home1450696350062495969/core/data/
[coreLoadExecutor-421-thread-1] INFO org.apache.solr.core.SolrCore - no updateRequestProcessorChain defined as default, creating implicit default
[coreLoadExecutor-421-thread-1] INFO org.apache.solr.handler.loader.XMLLoader - xsltCacheLifetimeSeconds=60
[coreLoadExecutor-421-thread-1] INFO org.apache.solr.handler.loader.XMLLoader - xsltCacheLifetimeSeconds=60
[coreLoadExecutor-421-thread-1] INFO org.apache.solr.handler.loader.XMLLoader - xsltCacheLifetimeSeconds=60
[coreLoadExecutor-421-thread-1] INFO org.apache.solr.handler.loader.XMLLoader - xsltCacheLifetimeSeconds=60
[coreLoadExecutor-421-thread-1] INFO org.apache.solr.core.RequestHandlers - Registered paths: /admin/mbeans,,/update/csv,/update/json/docs,/admin/luke,/select,/suggester,/admin/segments,/get,/admin/system,/replication,/admin/properties,/config,/schema,/admin/plugins,/admin/logging,/update/json,/admin/threads,/admin/ping,/update,/admin/file
[coreLoadExecutor-421-thread-1] INFO org.apache.solr.core.SolrCore - Using default statsCache cache: org.apache.solr.search.stats.LocalStatsCache
[coreLoadExecutor-421-thread-1] INFO org.apache.solr.update.UpdateHandler - Using UpdateLog implementation: org.apache.solr.update.UpdateLog
[coreLoadExecutor-421-thread-1] INFO org.apache.solr.update.UpdateLog - Initializing UpdateLog: dataDir= defaultSyncLevel=FLUSH numRecordsToKeep=100 maxNumLogsToKeep=10 numVersionBuckets=65536
[coreLoadExecutor-421-thread-1] INFO org.apache.solr.update.CommitTracker - Hard AutoCommit: if uncommited for 15000ms; 
[coreLoadExecutor-421-thread-1] INFO org.apache.solr.update.CommitTracker - Soft AutoCommit: disabled
[coreLoadExecutor-421-thread-1] INFO org.apache.solr.update.LoggingInfoStream - [IFD][coreLoadExecutor-421-thread-1]: init: current segments file is "segments_1"; deletionPolicy=org.apache.solr.core.IndexDeletionPolicyWrapper@4d49acda
[coreLoadExecutor-421-thread-1] INFO org.apache.solr.update.LoggingInfoStream - [IFD][coreLoadExecutor-421-thread-1]: init: load commit "segments_1"
[coreLoadExecutor-421-thread-1] INFO org.apache.solr.core.SolrDeletionPolicy - SolrDeletionPolicy.onInit: commits: num=1
	commit{dir=NRTCachingDirectory(MMapDirectory@/tmp/solr-home1450696350062495969/core/data/index lockFactory=org.apache.lucene.store.NativeFSLockFactory@2c3d74f6; maxCacheMB=48.0 maxMergeSizeMB=4.0),segFN=segments_1,generation=1}
[coreLoadExecutor-421-thread-1] INFO org.apache.solr.core.SolrDeletionPolicy - newest commit generation = 1
[coreLoadExecutor-421-thread-1] INFO org.apache.solr.update.LoggingInfoStream - [IFD][coreLoadExecutor-421-thread-1]: now checkpoint "" [0 segments ; isCommit = false]
[coreLoadExecutor-421-thread-1] INFO org.apache.solr.update.LoggingInfoStream - [IFD][coreLoadExecutor-421-thread-1]: 0 msec to checkpoint
[coreLoadExecutor-421-thread-1] INFO org.apache.solr.update.LoggingInfoStream - [IW][coreLoadExecutor-421-thread-1]: init: create=false
[coreLoadExecutor-421-thread-1] INFO org.apache.solr.update.LoggingInfoStream - [IW][coreLoadExecutor-421-thread-1]: 
dir=NRTCachingDirectory(MMapDirectory@/tmp/solr-home1450696350062495969/core/data/index lockFactory=org.apache.lucene.store.NativeFSLockFactory@2c3d74f6; maxCacheMB=48.0 maxMergeSizeMB=4.0)
index=
version=5.5.1
analyzer=org.apache.solr.update.SolrIndexConfig$DelayedSchemaAnalyzer
ramBufferSizeMB=100.0
maxBufferedDocs=-1
maxBufferedDeleteTerms=-1
mergedSegmentWarmer=null
delPolicy=org.apache.solr.core.IndexDeletionPolicyWrapper
commit=null
openMode=APPEND
similarity=org.apache.lucene.search.similarities.ClassicSimilarity
mergeScheduler=ConcurrentMergeScheduler: maxThreadCount=-1, maxMergeCount=-1, ioThrottle=true
default WRITE_LOCK_TIMEOUT=0
writeLockTimeout=0
codec=Lucene54
infoStream=org.apache.solr.update.LoggingInfoStream
mergePolicy=[TieredMergePolicy: maxMergeAtOnce=10, maxMergeAtOnceExplicit=30, maxMergedSegmentMB=5120.0, floorSegmentMB=2.0, forceMergeDeletesPctAllowed=10.0, segmentsPerTier=10.0, maxCFSSegmentSizeMB=8.796093022207999E12, noCFSRatio=0.1
indexerThreadPool=org.apache.lucene.index.DocumentsWriterPerThreadPool@2be79ef5
readerPooling=false
perThreadHardLimitMB=1945
useCompoundFile=false
commitOnClose=true
writer=org.apache.solr.update.SolrIndexWriter@1f432b5a

[coreLoadExecutor-421-thread-1] INFO org.apache.solr.update.LoggingInfoStream - [IW][coreLoadExecutor-421-thread-1]: MMapDirectory.UNMAP_SUPPORTED=true
[coreLoadExecutor-421-thread-1] INFO org.apache.solr.update.LoggingInfoStream - [IW][coreLoadExecutor-421-thread-1]: flush at getReader
[coreLoadExecutor-421-thread-1] INFO org.apache.solr.update.LoggingInfoStream - [DW][coreLoadExecutor-421-thread-1]: startFullFlush
[coreLoadExecutor-421-thread-1] INFO org.apache.solr.update.LoggingInfoStream - [IW][coreLoadExecutor-421-thread-1]: apply all deletes during flush
[coreLoadExecutor-421-thread-1] INFO org.apache.solr.update.LoggingInfoStream - [IW][coreLoadExecutor-421-thread-1]: now apply all deletes for all segments maxDoc=0
[coreLoadExecutor-421-thread-1] INFO org.apache.solr.update.LoggingInfoStream - [BD][coreLoadExecutor-421-thread-1]: prune sis=segments_1:  minGen=9223372036854775807 packetCount=0
[coreLoadExecutor-421-thread-1] INFO org.apache.solr.update.LoggingInfoStream - [IW][coreLoadExecutor-421-thread-1]: incRefDeleter for NRT reader version=2 segments=
[coreLoadExecutor-421-thread-1] INFO org.apache.solr.update.LoggingInfoStream - [IW][coreLoadExecutor-421-thread-1]: return reader version=2 reader=StandardDirectoryReader(segments_1:2:nrt)
[coreLoadExecutor-421-thread-1] INFO org.apache.solr.update.LoggingInfoStream - [DW][coreLoadExecutor-421-thread-1]: coreLoadExecutor-421-thread-1 finishFullFlush success=true
[coreLoadExecutor-421-thread-1] INFO org.apache.solr.update.LoggingInfoStream - [IW][coreLoadExecutor-421-thread-1]: getReader took 0 msec
[coreLoadExecutor-421-thread-1] INFO org.apache.solr.search.SolrIndexSearcher - Opening Searcher@5af1290b[core] main
[coreLoadExecutor-421-thread-1] INFO org.apache.solr.rest.ManagedResourceStorage - File-based storage initialized to use dir: /tmp/solr-home1450696350062495969/core/conf
[coreLoadExecutor-421-thread-1] INFO org.apache.solr.rest.RestManager - Initializing RestManager with initArgs: {storageDir=/tmp/solr-home1450696350062495969/core/conf}
[coreLoadExecutor-421-thread-1] INFO org.apache.solr.rest.ManagedResourceStorage - Reading _rest_managed.json using file:dir=/tmp/solr-home1450696350062495969/core/conf
[coreLoadExecutor-421-thread-1] INFO org.apache.solr.rest.RestManager - Initializing 0 registered ManagedResources
[coreLoadExecutor-421-thread-1] INFO org.apache.solr.handler.component.SpellCheckComponent - Initializing spell checkers
[coreLoadExecutor-421-thread-1] INFO org.apache.solr.handler.component.SpellCheckComponent - Registering newSearcher listener for spellchecker: default
[coreLoadExecutor-421-thread-1] INFO org.apache.solr.handler.component.SpellCheckComponent - No queryConverter defined, using default converter
[coreLoadExecutor-421-thread-1] INFO org.apache.solr.handler.ReplicationHandler - Commits will be reserved for  10000
[coreLoadExecutor-421-thread-1] INFO org.apache.solr.update.UpdateLog - Looking up max value of version field to seed version buckets
[coreLoadExecutor-421-thread-1] INFO org.apache.solr.update.VersionInfo - Refreshing highest value of _version_ for 65536 version buckets from index
[coreLoadExecutor-421-thread-1] INFO org.apache.solr.update.VersionInfo - No terms found for _version_, cannot seed version bucket highest value from index
[searcherExecutor-422-thread-1] INFO org.apache.solr.handler.component.SpellCheckComponent - Loading spell index for spellchecker: default
[coreLoadExecutor-421-thread-1] INFO org.apache.solr.update.UpdateLog - Could not find max version in index or recent updates, using new clock 1576087839005736960
[searcherExecutor-422-thread-1] INFO org.apache.solr.core.SolrCore - [core] Registered new searcher Searcher@5af1290b[core] main{ExitableDirectoryReader(UninvertingDirectoryReader())}
[coreLoadExecutor-421-thread-1] INFO org.apache.solr.update.UpdateLog - Took 1.0ms to seed version buckets with highest version 1576087839005736960
[coreLoadExecutor-421-thread-1] INFO org.apache.solr.core.CoreContainer - registering core: core
[Test worker] INFO org.apache.solr.core.SolrCore.Request - [core]  webapp=null path=/admin/ping params={} hits=0 status=0 QTime=0
[Test worker] INFO org.apache.solr.core.SolrCore.Request - [core]  webapp=null path=/admin/ping params={} status=0 QTime=0
[Test worker] INFO com.rbmhtechnology.vind.solr.SolrSearchServer - Connection to solr server successful
[Test worker] INFO org.apache.solr.core.SolrCore.Request - [core]  webapp=null path=/schema params={} status=0 QTime=0
[Test worker] INFO com.rbmhtechnology.vind.solr.SolrSearchServer - No server provider of type class com.rbmhtechnology.vind.solr.EmbeddedSolrServerProvider found in classpath for server com.rbmhtechnology.vind.solr.SolrSearchServer
[Test worker] INFO org.apache.solr.update.processor.LogUpdateProcessorFactory - [core]  webapp=null path=/update params={}{add=[1 (1576087839010979840)]} 0 2
[Test worker] INFO org.apache.solr.update.processor.LogUpdateProcessorFactory - [core]  webapp=null path=/update params={}{add=[2 (1576087839014125568)]} 0 1
[Test worker] INFO org.apache.solr.update.DirectUpdateHandler2 - start commit{,optimize=false,openSearcher=true,waitSearcher=true,expungeDeletes=false,softCommit=false,prepareCommit=false}
[Test worker] INFO org.apache.solr.update.LoggingInfoStream - [IW][Test worker]: commit: start
[Test worker] INFO org.apache.solr.update.LoggingInfoStream - [IW][Test worker]: commit: enter lock
[Test worker] INFO org.apache.solr.update.LoggingInfoStream - [IW][Test worker]: commit: now prepare
[Test worker] INFO org.apache.solr.update.LoggingInfoStream - [IW][Test worker]: prepareCommit: flush
[Test worker] INFO org.apache.solr.update.LoggingInfoStream - [IW][Test worker]:   index before flush 
[Test worker] INFO org.apache.solr.update.LoggingInfoStream - [DW][Test worker]: startFullFlush
[Test worker] INFO org.apache.solr.update.LoggingInfoStream - [DW][Test worker]: anyChanges? numDocsInRam=2 deletes=true hasTickets:false pendingChangesInFullFlush: false
[Test worker] INFO org.apache.solr.update.LoggingInfoStream - [DWFC][Test worker]: addFlushableState DocumentsWriterPerThread [pendingDeletes=gen=0 1 deleted terms (unique count=1) bytesUsed=169, segment=_0, aborted=false, numDocsInRAM=2, deleteQueue=DWDQ: [ generation: 1 ]]
[Test worker] INFO org.apache.solr.update.LoggingInfoStream - [DWPT][Test worker]: flush postings as segment _0 numDocs=2
[Test worker] INFO org.apache.solr.update.LoggingInfoStream - [IW][Test worker]: 0 msec to write norms
[Test worker] INFO org.apache.solr.update.LoggingInfoStream - [IW][Test worker]: 0 msec to write docValues
[Test worker] INFO org.apache.solr.update.LoggingInfoStream - [IW][Test worker]: 0 msec to finish stored fields
[Test worker] INFO org.apache.solr.update.LoggingInfoStream - [IW][Test worker]: 1 msec to write postings and finish vectors
[Test worker] INFO org.apache.solr.update.LoggingInfoStream - [IW][Test worker]: 0 msec to write fieldInfos
[Test worker] INFO org.apache.solr.update.LoggingInfoStream - [DWPT][Test worker]: new segment has 0 deleted docs
[Test worker] INFO org.apache.solr.update.LoggingInfoStream - [DWPT][Test worker]: new segment has no vectors; norms; docValues; prox; freqs
[Test worker] INFO org.apache.solr.update.LoggingInfoStream - [DWPT][Test worker]: flushedFiles=[_0_Lucene54_0.dvm, _0_Lucene50_0.doc, _0_Lucene50_0.tim, _0_Lucene50_0.pos, _0.nvd, _0.fdx, _0_Lucene54_0.dvd, _0_Lucene50_0.tip, _0.fdt, _0.nvm, _0.fnm]
[Test worker] INFO org.apache.solr.update.LoggingInfoStream - [DWPT][Test worker]: flushed codec=Lucene54
[Test worker] INFO org.apache.solr.update.LoggingInfoStream - [DWPT][Test worker]: flushed: segment=_0 ramUsed=0.379 MB newFlushedSize=0.006 MB docs/MB=331.566
[Test worker] INFO org.apache.solr.update.LoggingInfoStream - [DW][Test worker]: publishFlushedSegment seg-private updates=null
[Test worker] INFO org.apache.solr.update.LoggingInfoStream - [IW][Test worker]: publishFlushedSegment
[Test worker] INFO org.apache.solr.update.LoggingInfoStream - [BD][Test worker]: push deletes  2 deleted terms (unique count=2) bytesUsed=1072 segmentPrivate?=false delGen=2 packetCount=1 totBytesUsed=1072
[Test worker] INFO org.apache.solr.update.LoggingInfoStream - [IW][Test worker]: publish sets newSegment delGen=3 seg=_0(5.5.1):C2
[Test worker] INFO org.apache.solr.update.LoggingInfoStream - [IFD][Test worker]: now checkpoint "_0(5.5.1):C2" [1 segments ; isCommit = false]
[Test worker] INFO org.apache.solr.update.LoggingInfoStream - [IFD][Test worker]: 0 msec to checkpoint
[Test worker] INFO org.apache.solr.update.LoggingInfoStream - [IW][Test worker]: apply all deletes during flush
[Test worker] INFO org.apache.solr.update.LoggingInfoStream - [IW][Test worker]: now apply all deletes for all segments maxDoc=2
[Test worker] INFO org.apache.solr.update.LoggingInfoStream - [BD][Test worker]: applyDeletes: open segment readers took 0 msec
[Test worker] INFO org.apache.solr.update.LoggingInfoStream - [BD][Test worker]: applyDeletes: infos=[_0(5.5.1):C2] packetCount=1
[Test worker] INFO org.apache.solr.update.LoggingInfoStream - [BD][Test worker]: applyDeletes took 0 msec for 1 segments, 0 newly deleted docs (query deletes), 0 visited terms, allDeleted=null
[Test worker] INFO org.apache.solr.update.LoggingInfoStream - [BD][Test worker]: prune sis=segments_1: _0(5.5.1):C2 minGen=3 packetCount=1
[Test worker] INFO org.apache.solr.update.LoggingInfoStream - [BD][Test worker]: pruneDeletes: prune 1 packets; 0 packets remain
[Test worker] INFO org.apache.solr.update.LoggingInfoStream - [DW][Test worker]: Test worker finishFullFlush success=true
[Test worker] INFO org.apache.solr.update.LoggingInfoStream - [TMP][Test worker]: findMerges: 1 segments
[Test worker] INFO org.apache.solr.update.LoggingInfoStream - [TMP][Test worker]:   seg=_0(5.5.1):C2 size=0.006 MB [floored]
[Test worker] INFO org.apache.solr.update.LoggingInfoStream - [TMP][Test worker]:   allowedSegmentCount=1 vs count=1 (eligible count=1) tooBigCount=0
[Test worker] INFO org.apache.solr.update.LoggingInfoStream - [MS][Test worker]: initDynamicDefaults spins=false maxThreadCount=2 maxMergeCount=7
[Test worker] INFO org.apache.solr.update.LoggingInfoStream - [MS][Test worker]: now merge
[Test worker] INFO org.apache.solr.update.LoggingInfoStream - [MS][Test worker]:   index: _0(5.5.1):C2
[Test worker] INFO org.apache.solr.update.LoggingInfoStream - [MS][Test worker]:   no more merges pending; now return
[Test worker] INFO org.apache.solr.update.LoggingInfoStream - [IW][Test worker]: startCommit(): start
[Test worker] INFO org.apache.solr.update.LoggingInfoStream - [IW][Test worker]: startCommit index=_0(5.5.1):C2 changeCount=4
[Test worker] INFO org.apache.solr.update.LoggingInfoStream - [IW][Test worker]: startCommit: wrote pending segments file "pending_segments_2"
[Test worker] INFO org.apache.solr.update.LoggingInfoStream - [IW][Test worker]: done all syncs: [_0.si, _0_Lucene50_0.doc, _0_Lucene50_0.tim, _0_Lucene54_0.dvm, _0_Lucene50_0.pos, _0.nvd, _0.fdx, _0_Lucene54_0.dvd, _0_Lucene50_0.tip, _0.fdt, _0.nvm, _0.fnm]
[Test worker] INFO org.apache.solr.update.LoggingInfoStream - [IW][Test worker]: commit: pendingCommit != null
[Test worker] INFO org.apache.solr.update.LoggingInfoStream - [IW][Test worker]: commit: done writing segments file "segments_2"
[Test worker] INFO org.apache.solr.update.LoggingInfoStream - [IFD][Test worker]: now checkpoint "_0(5.5.1):C2" [1 segments ; isCommit = true]
[Test worker] INFO org.apache.solr.core.SolrDeletionPolicy - SolrDeletionPolicy.onCommit: commits: num=2
	commit{dir=NRTCachingDirectory(MMapDirectory@/tmp/solr-home1450696350062495969/core/data/index lockFactory=org.apache.lucene.store.NativeFSLockFactory@2c3d74f6; maxCacheMB=48.0 maxMergeSizeMB=4.0),segFN=segments_1,generation=1}
	commit{dir=NRTCachingDirectory(MMapDirectory@/tmp/solr-home1450696350062495969/core/data/index lockFactory=org.apache.lucene.store.NativeFSLockFactory@2c3d74f6; maxCacheMB=48.0 maxMergeSizeMB=4.0),segFN=segments_2,generation=2}
[Test worker] INFO org.apache.solr.core.SolrDeletionPolicy - newest commit generation = 2
[Test worker] INFO org.apache.solr.update.LoggingInfoStream - [IFD][Test worker]: deleteCommits: now decRef commit "segments_1"
[Test worker] INFO org.apache.solr.update.LoggingInfoStream - [IFD][Test worker]: delete "segments_1"
[Test worker] INFO org.apache.solr.update.LoggingInfoStream - [IFD][Test worker]: 0 msec to checkpoint
[Test worker] INFO org.apache.solr.update.LoggingInfoStream - [IW][Test worker]: commit: took 51.0 msec
[Test worker] INFO org.apache.solr.update.LoggingInfoStream - [IW][Test worker]: commit: done
[Test worker] INFO org.apache.solr.update.LoggingInfoStream - [IW][Test worker]: nrtIsCurrent: infoVersion matches: false; DW changes: false; BD changes: false
[Test worker] INFO org.apache.solr.update.LoggingInfoStream - [IW][Test worker]: flush at getReader
[Test worker] INFO org.apache.solr.update.LoggingInfoStream - [DW][Test worker]: startFullFlush
[Test worker] INFO org.apache.solr.update.LoggingInfoStream - [IW][Test worker]: apply all deletes during flush
[Test worker] INFO org.apache.solr.update.LoggingInfoStream - [IW][Test worker]: now apply all deletes for all segments maxDoc=2
[Test worker] INFO org.apache.solr.update.LoggingInfoStream - [BD][Test worker]: applyDeletes: open segment readers took 0 msec
[Test worker] INFO org.apache.solr.update.LoggingInfoStream - [BD][Test worker]: applyDeletes: no segments; skipping
[Test worker] INFO org.apache.solr.update.LoggingInfoStream - [BD][Test worker]: prune sis=segments_2: _0(5.5.1):C2 minGen=3 packetCount=0
[Test worker] INFO org.apache.solr.update.LoggingInfoStream - [IW][Test worker]: incRefDeleter for NRT reader version=6 segments=_0(5.5.1):C2
[Test worker] INFO org.apache.solr.update.LoggingInfoStream - [IW][Test worker]: return reader version=6 reader=StandardDirectoryReader(segments_2:6:nrt _0(5.5.1):C2)
[Test worker] INFO org.apache.solr.update.LoggingInfoStream - [DW][Test worker]: Test worker finishFullFlush success=true
[Test worker] INFO org.apache.solr.update.LoggingInfoStream - [IW][Test worker]: getReader took 0 msec
[Test worker] INFO org.apache.solr.search.SolrIndexSearcher - Opening Searcher@36dcf204[core] main
[Test worker] INFO org.apache.solr.update.DirectUpdateHandler2 - end_commit_flush
[searcherExecutor-422-thread-1] INFO org.apache.solr.handler.component.SpellCheckComponent - Building spell index for spell checker: default
[searcherExecutor-422-thread-1] INFO org.apache.solr.core.SolrCore - [core] Registered new searcher Searcher@36dcf204[core] main{ExitableDirectoryReader(UninvertingDirectoryReader(Uninverting(_0(5.5.1):C2)))}
[searcherExecutor-422-thread-1] INFO org.apache.solr.update.LoggingInfoStream - [IW][searcherExecutor-422-thread-1]: decRefDeleter for NRT reader version=2 segments=
[Test worker] INFO org.apache.solr.update.processor.LogUpdateProcessorFactory - [core]  webapp=null path=/update params={commit=true&softCommit=false&waitSearcher=true}{commit=} 0 93
[Test worker] INFO org.apache.solr.core.SolrCore.Request - [core]  webapp=null path=/select params={q=hello&fl=*,score&qf=dynamic_single_none_title^1.0&defType=edismax&fq=_type_:asset&fq=dynamic_single_facet_date_created:[*+TO+NOW]&facet=true&facet.mincount=1&facet.limit=10&facet.query={!tag%3D''+ex%3Ddt+key%3D'anotherQuery'}%2B_type_:asset+%2B(dynamic_multi_facet_long_category:[7+TO+10]+AND+dynamic_single_facet_date_created:[NOW-1DAY+TO+*])&facet.interval={!key%3Dtime2}dynamic_single_facet_date_modified&facet.interval={!key%3Dtime3}dynamic_single_facet_date_modified&facet.interval={!key%3Dtime}dynamic_single_facet_date_created&facet.interval={!key%3Dquality}dynamic_multi_facet_long_category&f.dynamic_single_facet_date_modified.facet.interval.set={!key%3Dlate}[1970-01-01T00:00:10.000Z,1970-01-01T00:00:20.000Z]&f.dynamic_single_facet_date_modified.facet.interval.set={!key%3Dearly}[1970-01-01T00:00:00.000Z,1970-01-01T00:00:10.000Z]&f.dynamic_single_facet_date_modified.facet.interval.set={!key%3Dearly}[NOW,NOW%2B10000MILLISECONDS]&f.dynamic_single_facet_date_modified.facet.interval.set={!key%3Dlate}[NOW%2B10000MILLISECONDS,NOW%2B20000MILLISECONDS]&f.dynamic_single_facet_date_created.facet.interval.set={!key%3Dpast_24_hours}[NOW-1DAY,NOW]&f.dynamic_single_facet_date_created.facet.interval.set={!key%3Dpast_week}[NOW-7DAY,NOW]&f.dynamic_multi_facet_long_category.facet.interval.set={!key%3Dhigh}[3,4]&f.dynamic_multi_facet_long_category.facet.interval.set={!key%3Dlow}[0,2]&facet.range={!tag%3D'cats'+ex%3Ddt+key%3D'mod+a'}dynamic_single_facet_date_modified&facet.range={!tag%3D''+ex%3Ddt+key%3D'dates'}dynamic_single_facet_date_created&f.dynamic_single_facet_date_modified.facet.range.start=2017-08-18T16:41:32.563Z&f.dynamic_single_facet_date_modified.facet.range.end=2017-08-18T16:41:32.563Z&f.dynamic_single_facet_date_modified.facet.range.gap=%2B3600000MILLISECOND&f.dynamic_single_facet_date_created.facet.range.start=NOW-1DAY&f.dynamic_single_facet_date_created.facet.range.end=NOW&f.dynamic_single_facet_date_created.facet.range.gap=%2B3600000MILLISECOND&sort=dynamic_single_sort_date_created+Desc&bf=&start=0&rows=25} hits=2 status=0 QTime=8
[Test worker] INFO org.apache.solr.core.SolrCore.Request - [core]  webapp=null path=/select params={q=hello&fl=*,score&qf=dynamic_single_none_title^1.0&defType=edismax&fq=_type_:asset&fq=dynamic_single_facet_date_created:[*+TO+NOW]&facet=true&facet.mincount=1&facet.limit=10&facet.query={!tag%3D''+ex%3Ddt+key%3D'anotherQuery'}%2B_type_:asset+%2B(dynamic_multi_facet_long_category:[7+TO+10]+AND+dynamic_single_facet_date_created:[NOW-1DAY+TO+*])&facet.interval={!key%3Dtime2}dynamic_single_facet_date_modified&facet.interval={!key%3Dtime3}dynamic_single_facet_date_modified&facet.interval={!key%3Dtime}dynamic_single_facet_date_created&facet.interval={!key%3Dquality}dynamic_multi_facet_long_category&f.dynamic_single_facet_date_modified.facet.interval.set={!key%3Dlate}[1970-01-01T00:00:10.000Z,1970-01-01T00:00:20.000Z]&f.dynamic_single_facet_date_modified.facet.interval.set={!key%3Dearly}[1970-01-01T00:00:00.000Z,1970-01-01T00:00:10.000Z]&f.dynamic_single_facet_date_modified.facet.interval.set={!key%3Dearly}[NOW,NOW%2B10000MILLISECONDS]&f.dynamic_single_facet_date_modified.facet.interval.set={!key%3Dlate}[NOW%2B10000MILLISECONDS,NOW%2B20000MILLISECONDS]&f.dynamic_single_facet_date_created.facet.interval.set={!key%3Dpast_24_hours}[NOW-1DAY,NOW]&f.dynamic_single_facet_date_created.facet.interval.set={!key%3Dpast_week}[NOW-7DAY,NOW]&f.dynamic_multi_facet_long_category.facet.interval.set={!key%3Dhigh}[3,4]&f.dynamic_multi_facet_long_category.facet.interval.set={!key%3Dlow}[0,2]&facet.range={!tag%3D'cats'+ex%3Ddt+key%3D'mod+a'}dynamic_single_facet_date_modified&facet.range={!tag%3D''+ex%3Ddt+key%3D'dates'}dynamic_single_facet_date_created&f.dynamic_single_facet_date_modified.facet.range.start=2017-08-18T16:41:32.563Z&f.dynamic_single_facet_date_modified.facet.range.end=2017-08-18T16:41:32.563Z&f.dynamic_single_facet_date_modified.facet.range.gap=%2B3600000MILLISECOND&f.dynamic_single_facet_date_created.facet.range.start=NOW-1DAY&f.dynamic_single_facet_date_created.facet.range.end=NOW&f.dynamic_single_facet_date_created.facet.range.gap=%2B3600000MILLISECOND&sort=dynamic_single_sort_date_created+Desc&bf=&start=25&rows=25} hits=2 status=0 QTime=7
[Test worker] INFO org.apache.solr.core.SolrCore.Request - [core]  webapp=null path=/select params={q=hello&fl=*,score&qf=dynamic_single_none_title^1.0&defType=edismax&fq=_type_:asset&fq=dynamic_single_facet_date_created:[*+TO+NOW]&facet=true&facet.mincount=1&facet.limit=10&facet.query={!tag%3D''+ex%3Ddt+key%3D'anotherQuery'}%2B_type_:asset+%2B(dynamic_multi_facet_long_category:[7+TO+10]+AND+dynamic_single_facet_date_created:[NOW-1DAY+TO+*])&facet.interval={!key%3Dtime2}dynamic_single_facet_date_modified&facet.interval={!key%3Dtime3}dynamic_single_facet_date_modified&facet.interval={!key%3Dtime}dynamic_single_facet_date_created&facet.interval={!key%3Dquality}dynamic_multi_facet_long_category&f.dynamic_single_facet_date_modified.facet.interval.set={!key%3Dlate}[1970-01-01T00:00:10.000Z,1970-01-01T00:00:20.000Z]&f.dynamic_single_facet_date_modified.facet.interval.set={!key%3Dearly}[1970-01-01T00:00:00.000Z,1970-01-01T00:00:10.000Z]&f.dynamic_single_facet_date_modified.facet.interval.set={!key%3Dearly}[NOW,NOW%2B10000MILLISECONDS]&f.dynamic_single_facet_date_modified.facet.interval.set={!key%3Dlate}[NOW%2B10000MILLISECONDS,NOW%2B20000MILLISECONDS]&f.dynamic_single_facet_date_created.facet.interval.set={!key%3Dpast_24_hours}[NOW-1DAY,NOW]&f.dynamic_single_facet_date_created.facet.interval.set={!key%3Dpast_week}[NOW-7DAY,NOW]&f.dynamic_multi_facet_long_category.facet.interval.set={!key%3Dhigh}[3,4]&f.dynamic_multi_facet_long_category.facet.interval.set={!key%3Dlow}[0,2]&facet.range={!tag%3D'cats'+ex%3Ddt+key%3D'mod+a'}dynamic_single_facet_date_modified&facet.range={!tag%3D''+ex%3Ddt+key%3D'dates'}dynamic_single_facet_date_created&f.dynamic_single_facet_date_modified.facet.range.start=2017-08-18T16:41:32.563Z&f.dynamic_single_facet_date_modified.facet.range.end=2017-08-18T16:41:32.563Z&f.dynamic_single_facet_date_modified.facet.range.gap=%2B3600000MILLISECOND&f.dynamic_single_facet_date_created.facet.range.start=NOW-1DAY&f.dynamic_single_facet_date_created.facet.range.end=NOW&f.dynamic_single_facet_date_created.facet.range.gap=%2B3600000MILLISECOND&sort=dynamic_single_sort_date_created+Desc&bf=&start=0&rows=25} hits=2 status=0 QTime=7
[Test worker] INFO org.apache.solr.core.CoreContainer - Shutting down CoreContainer instance=1241606527
[coreCloseExecutor-427-thread-1] INFO org.apache.solr.core.SolrCore - [core]  CLOSING SolrCore org.apache.solr.core.SolrCore@4b608b8b
[coreCloseExecutor-427-thread-1] INFO org.apache.solr.update.DirectUpdateHandler2 - closing DirectUpdateHandler2{commits=1,autocommit maxTime=15000ms,autocommits=0,soft autocommits=0,optimizes=0,rollbacks=0,expungeDeletes=0,docsPending=0,adds=0,deletesById=0,deletesByQuery=0,errors=0,cumulative_adds=2,cumulative_deletesById=0,cumulative_deletesByQuery=0,cumulative_errors=0,transaction_logs_total_size=1020,transaction_logs_total_number=1}
[coreCloseExecutor-427-thread-1] INFO org.apache.solr.update.SolrCoreState - Closing SolrCoreState
[coreCloseExecutor-427-thread-1] INFO org.apache.solr.update.DefaultSolrCoreState - SolrCoreState ref count has reached 0 - closing IndexWriter
[coreCloseExecutor-427-thread-1] INFO org.apache.solr.update.DefaultSolrCoreState - closing IndexWriter with IndexWriterCloser
[coreCloseExecutor-427-thread-1] INFO org.apache.solr.update.LoggingInfoStream - [IW][coreCloseExecutor-427-thread-1]: now flush at close
[coreCloseExecutor-427-thread-1] INFO org.apache.solr.update.LoggingInfoStream - [IW][coreCloseExecutor-427-thread-1]:   start flush: applyAllDeletes=true
[coreCloseExecutor-427-thread-1] INFO org.apache.solr.update.LoggingInfoStream - [IW][coreCloseExecutor-427-thread-1]:   index before flush _0(5.5.1):C2
[coreCloseExecutor-427-thread-1] INFO org.apache.solr.update.LoggingInfoStream - [DW][coreCloseExecutor-427-thread-1]: startFullFlush
[coreCloseExecutor-427-thread-1] INFO org.apache.solr.update.LoggingInfoStream - [DW][coreCloseExecutor-427-thread-1]: coreCloseExecutor-427-thread-1 finishFullFlush success=true
[coreCloseExecutor-427-thread-1] INFO org.apache.solr.update.LoggingInfoStream - [IW][coreCloseExecutor-427-thread-1]: apply all deletes during flush
[coreCloseExecutor-427-thread-1] INFO org.apache.solr.update.LoggingInfoStream - [IW][coreCloseExecutor-427-thread-1]: now apply all deletes for all segments maxDoc=2
[coreCloseExecutor-427-thread-1] INFO org.apache.solr.update.LoggingInfoStream - [BD][coreCloseExecutor-427-thread-1]: applyDeletes: open segment readers took 0 msec
[coreCloseExecutor-427-thread-1] INFO org.apache.solr.update.LoggingInfoStream - [BD][coreCloseExecutor-427-thread-1]: applyDeletes: no segments; skipping
[coreCloseExecutor-427-thread-1] INFO org.apache.solr.update.LoggingInfoStream - [BD][coreCloseExecutor-427-thread-1]: prune sis=segments_2: _0(5.5.1):C2 minGen=3 packetCount=0
[coreCloseExecutor-427-thread-1] INFO org.apache.solr.update.LoggingInfoStream - [MS][coreCloseExecutor-427-thread-1]: updateMergeThreads ioThrottle=true targetMBPerSec=10240.0 MB/sec
[coreCloseExecutor-427-thread-1] INFO org.apache.solr.update.LoggingInfoStream - [MS][coreCloseExecutor-427-thread-1]: now merge
[coreCloseExecutor-427-thread-1] INFO org.apache.solr.update.LoggingInfoStream - [MS][coreCloseExecutor-427-thread-1]:   index: _0(5.5.1):C2
[coreCloseExecutor-427-thread-1] INFO org.apache.solr.update.LoggingInfoStream - [MS][coreCloseExecutor-427-thread-1]:   no more merges pending; now return
[coreCloseExecutor-427-thread-1] INFO org.apache.solr.update.LoggingInfoStream - [IW][coreCloseExecutor-427-thread-1]: waitForMerges
[coreCloseExecutor-427-thread-1] INFO org.apache.solr.update.LoggingInfoStream - [IW][coreCloseExecutor-427-thread-1]: waitForMerges done
[coreCloseExecutor-427-thread-1] INFO org.apache.solr.update.LoggingInfoStream - [IW][coreCloseExecutor-427-thread-1]: commit: start
[coreCloseExecutor-427-thread-1] INFO org.apache.solr.update.LoggingInfoStream - [IW][coreCloseExecutor-427-thread-1]: commit: enter lock
[coreCloseExecutor-427-thread-1] INFO org.apache.solr.update.LoggingInfoStream - [IW][coreCloseExecutor-427-thread-1]: commit: now prepare
[coreCloseExecutor-427-thread-1] INFO org.apache.solr.update.LoggingInfoStream - [IW][coreCloseExecutor-427-thread-1]: prepareCommit: flush
[coreCloseExecutor-427-thread-1] INFO org.apache.solr.update.LoggingInfoStream - [IW][coreCloseExecutor-427-thread-1]:   index before flush _0(5.5.1):C2
[coreCloseExecutor-427-thread-1] INFO org.apache.solr.update.LoggingInfoStream - [DW][coreCloseExecutor-427-thread-1]: startFullFlush
[coreCloseExecutor-427-thread-1] INFO org.apache.solr.update.LoggingInfoStream - [IW][coreCloseExecutor-427-thread-1]: apply all deletes during flush
[coreCloseExecutor-427-thread-1] INFO org.apache.solr.update.LoggingInfoStream - [IW][coreCloseExecutor-427-thread-1]: now apply all deletes for all segments maxDoc=2
[coreCloseExecutor-427-thread-1] INFO org.apache.solr.update.LoggingInfoStream - [BD][coreCloseExecutor-427-thread-1]: applyDeletes: open segment readers took 0 msec
[coreCloseExecutor-427-thread-1] INFO org.apache.solr.update.LoggingInfoStream - [BD][coreCloseExecutor-427-thread-1]: applyDeletes: no segments; skipping
[coreCloseExecutor-427-thread-1] INFO org.apache.solr.update.LoggingInfoStream - [BD][coreCloseExecutor-427-thread-1]: prune sis=segments_2: _0(5.5.1):C2 minGen=3 packetCount=0
[coreCloseExecutor-427-thread-1] INFO org.apache.solr.update.LoggingInfoStream - [DW][coreCloseExecutor-427-thread-1]: coreCloseExecutor-427-thread-1 finishFullFlush success=true
[coreCloseExecutor-427-thread-1] INFO org.apache.solr.update.LoggingInfoStream - [IW][coreCloseExecutor-427-thread-1]: startCommit(): start
[coreCloseExecutor-427-thread-1] INFO org.apache.solr.update.LoggingInfoStream - [IW][coreCloseExecutor-427-thread-1]:   skip startCommit(): no changes pending
[coreCloseExecutor-427-thread-1] INFO org.apache.solr.update.LoggingInfoStream - [IW][coreCloseExecutor-427-thread-1]: commit: pendingCommit == null; skip
[coreCloseExecutor-427-thread-1] INFO org.apache.solr.update.LoggingInfoStream - [IW][coreCloseExecutor-427-thread-1]: commit: took 0.4 msec
[coreCloseExecutor-427-thread-1] INFO org.apache.solr.update.LoggingInfoStream - [IW][coreCloseExecutor-427-thread-1]: commit: done
[coreCloseExecutor-427-thread-1] INFO org.apache.solr.update.LoggingInfoStream - [IW][coreCloseExecutor-427-thread-1]: rollback
[coreCloseExecutor-427-thread-1] INFO org.apache.solr.update.LoggingInfoStream - [IW][coreCloseExecutor-427-thread-1]: all running merges have aborted
[coreCloseExecutor-427-thread-1] INFO org.apache.solr.update.LoggingInfoStream - [IW][coreCloseExecutor-427-thread-1]: rollback: done finish merges
[coreCloseExecutor-427-thread-1] INFO org.apache.solr.update.LoggingInfoStream - [DW][coreCloseExecutor-427-thread-1]: abort
[coreCloseExecutor-427-thread-1] INFO org.apache.solr.update.LoggingInfoStream - [DW][coreCloseExecutor-427-thread-1]: done abort success=true
[coreCloseExecutor-427-thread-1] INFO org.apache.solr.update.LoggingInfoStream - [IW][coreCloseExecutor-427-thread-1]: rollback: infos=_0(5.5.1):C2
[coreCloseExecutor-427-thread-1] INFO org.apache.solr.update.LoggingInfoStream - [IFD][coreCloseExecutor-427-thread-1]: now checkpoint "_0(5.5.1):C2" [1 segments ; isCommit = false]
[coreCloseExecutor-427-thread-1] INFO org.apache.solr.update.LoggingInfoStream - [IFD][coreCloseExecutor-427-thread-1]: 0 msec to checkpoint
[coreCloseExecutor-427-thread-1] INFO org.apache.solr.core.SolrCore - [core] Closing main searcher on request.
[coreCloseExecutor-427-thread-1] INFO org.apache.solr.core.CachingDirectoryFactory - Closing NRTCachingDirectoryFactory - 2 directories currently being tracked
[coreCloseExecutor-427-thread-1] INFO org.apache.solr.core.CachingDirectoryFactory - looking to close /tmp/solr-home1450696350062495969/core/data [CachedDir<<refCount=0;path=/tmp/solr-home1450696350062495969/core/data;done=false>>]
[coreCloseExecutor-427-thread-1] INFO org.apache.solr.core.CachingDirectoryFactory - Closing directory: /tmp/solr-home1450696350062495969/core/data
[coreCloseExecutor-427-thread-1] INFO org.apache.solr.core.CachingDirectoryFactory - looking to close /tmp/solr-home1450696350062495969/core/data/index [CachedDir<<refCount=0;path=/tmp/solr-home1450696350062495969/core/data/index;done=false>>]
[coreCloseExecutor-427-thread-1] INFO org.apache.solr.core.CachingDirectoryFactory - Closing directory: /tmp/solr-home1450696350062495969/core/data/index
[Test worker] INFO com.rbmhtechnology.vind.solr.SolrSearchServer - No server provider of type class com.rbmhtechnology.vind.solr.EmbeddedSolrServerProvider found in classpath for server com.rbmhtechnology.vind.solr.SolrSearchServer
[Test worker] INFO com.rbmhtechnology.vind.solr.SolrSearchServer - No server provider of type class com.rbmhtechnology.vind.solr.EmbeddedSolrServerProvider found in classpath for server com.rbmhtechnology.vind.solr.SolrSearchServer
[Test worker] INFO org.apache.solr.core.SolrResourceLoader - new SolrResourceLoader for directory: '/tmp/solr-home8814870479678241484'
[Test worker] INFO org.apache.solr.core.SolrResourceLoader - JNDI not configured for solr (NoInitialContextEx)
[Test worker] INFO org.apache.solr.core.SolrResourceLoader - solr home defaulted to 'solr/' (could not find system property or JNDI)
[Test worker] INFO org.apache.solr.core.SolrXmlConfig - Loading container configuration from /tmp/solr-home8814870479678241484/solr.xml
[Test worker] INFO org.apache.solr.core.CorePropertiesLocator - Config-defined core root directory: /tmp/solr-home8814870479678241484
[Test worker] INFO org.apache.solr.core.CoreContainer - New CoreContainer 1076964422
[Test worker] INFO org.apache.solr.core.CoreContainer - Loading cores into CoreContainer [instanceDir=/tmp/solr-home8814870479678241484]
[Test worker] WARN org.apache.solr.core.CoreContainer - Couldn't add files from /tmp/solr-home8814870479678241484/lib to classpath: /tmp/solr-home8814870479678241484/lib
[Test worker] INFO org.apache.solr.handler.component.HttpShardHandlerFactory - created with socketTimeout : 120000,connTimeout : 15000,maxConnectionsPerHost : 20,maxConnections : 10000,corePoolSize : 0,maximumPoolSize : 2147483647,maxThreadIdleTime : 5,sizeOfQueue : -1,fairnessPolicy : false,useRetries : false,
[Test worker] INFO org.apache.solr.update.UpdateShardHandler - Creating UpdateShardHandler HTTP client with params: socketTimeout=600000&connTimeout=60000&retry=true
[Test worker] INFO org.apache.solr.logging.LogWatcher - SLF4J impl is org.slf4j.impl.SimpleLoggerFactory
[Test worker] INFO org.apache.solr.logging.LogWatcher - No LogWatcher configured
[Test worker] INFO org.apache.solr.core.CoreContainer - Security conf doesn't exist. Skipping setup for authorization module.
[Test worker] INFO org.apache.solr.core.CoreContainer - No authentication plugin used.
[Test worker] INFO org.apache.solr.core.CorePropertiesLocator - Looking for core definitions underneath /tmp/solr-home8814870479678241484
[Test worker] INFO org.apache.solr.core.CoreDescriptor - Created CoreDescriptor: {runtimeLib=false, name=core, config=solrconfig.xml, loadOnStartup=true, schema=schema.xml, configSetProperties=configsetprops.json, transient=false, dataDir=data/}
[Test worker] INFO org.apache.solr.core.CorePropertiesLocator - Found core core in /tmp/solr-home8814870479678241484/core
[Test worker] INFO org.apache.solr.core.CorePropertiesLocator - Found 1 core definitions
[coreLoadExecutor-434-thread-1] INFO org.apache.solr.core.SolrResourceLoader - new SolrResourceLoader for directory: '/tmp/solr-home8814870479678241484/core'
[coreLoadExecutor-434-thread-1] INFO org.apache.solr.core.SolrResourceLoader - JNDI not configured for solr (NoInitialContextEx)
[coreLoadExecutor-434-thread-1] INFO org.apache.solr.core.SolrResourceLoader - solr home defaulted to 'solr/' (could not find system property or JNDI)
[coreLoadExecutor-434-thread-1] INFO org.apache.solr.core.SolrResourceLoader - Adding 'file:/tmp/solr-home8814870479678241484/core/lib/marker-search-handler-0.3.0.jar' to classloader
[coreLoadExecutor-434-thread-1] INFO org.apache.solr.core.SolrResourceLoader - Adding 'file:/tmp/solr-home8814870479678241484/core/lib/suggestion-request-handler-2.1.0.jar' to classloader
[coreLoadExecutor-434-thread-1] INFO org.apache.solr.core.SolrConfig - current version of requestparams : -1
[coreLoadExecutor-434-thread-1] INFO org.apache.solr.update.SolrIndexConfig - IndexWriter infoStream solr logging is enabled
[coreLoadExecutor-434-thread-1] INFO org.apache.solr.core.SolrConfig - Using Lucene MatchVersion: 5.5.0
[coreLoadExecutor-434-thread-1] INFO org.apache.solr.core.SolrConfig - Loaded SolrConfig: solrconfig.xml
[coreLoadExecutor-434-thread-1] INFO org.apache.solr.schema.ManagedIndexSchemaFactory - The schema is configured as managed, but managed schema resource managed-schema not found - loading non-managed schema schema.xml instead
[coreLoadExecutor-434-thread-1] INFO org.apache.solr.schema.IndexSchema - [core] Schema name=basic search lib core
[coreLoadExecutor-434-thread-1] INFO org.apache.solr.schema.IndexSchema - unique key field: _id_
[coreLoadExecutor-434-thread-1] INFO org.apache.solr.schema.ManagedIndexSchema - Upgraded to managed schema at /tmp/solr-home8814870479678241484/core/conf/managed-schema
[coreLoadExecutor-434-thread-1] INFO org.apache.solr.schema.ManagedIndexSchemaFactory - After upgrading to managed schema, renamed the non-managed schema /tmp/solr-home8814870479678241484/core/conf/schema.xml to /tmp/solr-home8814870479678241484/core/conf/schema.xml.bak
[coreLoadExecutor-434-thread-1] INFO org.apache.solr.core.ConfigSetProperties - Did not find ConfigSet properties, assuming default properties: Can't find resource 'configsetprops.json' in classpath or '/tmp/solr-home8814870479678241484/core'
[coreLoadExecutor-434-thread-1] INFO org.apache.solr.core.CoreContainer - Creating SolrCore 'core' using configuration from instancedir /tmp/solr-home8814870479678241484/core
[coreLoadExecutor-434-thread-1] INFO org.apache.solr.core.SolrCore - solr.NRTCachingDirectoryFactory
[coreLoadExecutor-434-thread-1] INFO org.apache.solr.core.SolrCore - [[core] ] Opening new SolrCore at [/tmp/solr-home8814870479678241484/core], dataDir=[/tmp/solr-home8814870479678241484/core/data/]
[coreLoadExecutor-434-thread-1] INFO org.apache.solr.core.JmxMonitoredMap - No JMX servers found, not exposing Solr information with JMX.
[coreLoadExecutor-434-thread-1] INFO org.apache.solr.core.SchemaCodecFactory - Using default compressionMode: BEST_SPEED
[coreLoadExecutor-434-thread-1] INFO org.apache.solr.core.CachingDirectoryFactory - return new directory for /tmp/solr-home8814870479678241484/core/data
[coreLoadExecutor-434-thread-1] INFO org.apache.solr.core.SolrCore - New index directory detected: old=null new=/tmp/solr-home8814870479678241484/core/data/index/
[coreLoadExecutor-434-thread-1] WARN org.apache.solr.core.SolrCore - [core] Solr index directory '/tmp/solr-home8814870479678241484/core/data/index' doesn't exist. Creating new index...
[coreLoadExecutor-434-thread-1] INFO org.apache.solr.core.CachingDirectoryFactory - return new directory for /tmp/solr-home8814870479678241484/core/data/index
[coreLoadExecutor-434-thread-1] INFO org.apache.solr.update.LoggingInfoStream - [IFD][coreLoadExecutor-434-thread-1]: init: current segments file is "segments"; deletionPolicy=org.apache.solr.core.IndexDeletionPolicyWrapper@2a081a8b
[coreLoadExecutor-434-thread-1] INFO org.apache.solr.update.LoggingInfoStream - [IFD][coreLoadExecutor-434-thread-1]: now checkpoint "" [0 segments ; isCommit = false]
[coreLoadExecutor-434-thread-1] INFO org.apache.solr.update.LoggingInfoStream - [IFD][coreLoadExecutor-434-thread-1]: 0 msec to checkpoint
[coreLoadExecutor-434-thread-1] INFO org.apache.solr.update.LoggingInfoStream - [IW][coreLoadExecutor-434-thread-1]: init: create=true
[coreLoadExecutor-434-thread-1] INFO org.apache.solr.update.LoggingInfoStream - [IW][coreLoadExecutor-434-thread-1]: 
dir=NRTCachingDirectory(MMapDirectory@/tmp/solr-home8814870479678241484/core/data/index lockFactory=org.apache.lucene.store.NativeFSLockFactory@2c3d74f6; maxCacheMB=48.0 maxMergeSizeMB=4.0)
index=
version=5.5.1
analyzer=org.apache.solr.update.SolrIndexConfig$DelayedSchemaAnalyzer
ramBufferSizeMB=100.0
maxBufferedDocs=-1
maxBufferedDeleteTerms=-1
mergedSegmentWarmer=null
delPolicy=org.apache.solr.core.IndexDeletionPolicyWrapper
commit=null
openMode=CREATE
similarity=org.apache.lucene.search.similarities.ClassicSimilarity
mergeScheduler=ConcurrentMergeScheduler: maxThreadCount=-1, maxMergeCount=-1, ioThrottle=true
default WRITE_LOCK_TIMEOUT=0
writeLockTimeout=0
codec=Lucene54
infoStream=org.apache.solr.update.LoggingInfoStream
mergePolicy=[TieredMergePolicy: maxMergeAtOnce=10, maxMergeAtOnceExplicit=30, maxMergedSegmentMB=5120.0, floorSegmentMB=2.0, forceMergeDeletesPctAllowed=10.0, segmentsPerTier=10.0, maxCFSSegmentSizeMB=8.796093022207999E12, noCFSRatio=0.1
indexerThreadPool=org.apache.lucene.index.DocumentsWriterPerThreadPool@31e374b2
readerPooling=false
perThreadHardLimitMB=1945
useCompoundFile=false
commitOnClose=true
writer=org.apache.solr.update.SolrIndexWriter@6e865ad6

[coreLoadExecutor-434-thread-1] INFO org.apache.solr.update.LoggingInfoStream - [IW][coreLoadExecutor-434-thread-1]: MMapDirectory.UNMAP_SUPPORTED=true
[coreLoadExecutor-434-thread-1] INFO org.apache.solr.update.LoggingInfoStream - [IW][coreLoadExecutor-434-thread-1]: now flush at close
[coreLoadExecutor-434-thread-1] INFO org.apache.solr.update.LoggingInfoStream - [IW][coreLoadExecutor-434-thread-1]:   start flush: applyAllDeletes=true
[coreLoadExecutor-434-thread-1] INFO org.apache.solr.update.LoggingInfoStream - [IW][coreLoadExecutor-434-thread-1]:   index before flush 
[coreLoadExecutor-434-thread-1] INFO org.apache.solr.update.LoggingInfoStream - [DW][coreLoadExecutor-434-thread-1]: startFullFlush
[coreLoadExecutor-434-thread-1] INFO org.apache.solr.update.LoggingInfoStream - [DW][coreLoadExecutor-434-thread-1]: coreLoadExecutor-434-thread-1 finishFullFlush success=true
[coreLoadExecutor-434-thread-1] INFO org.apache.solr.update.LoggingInfoStream - [IW][coreLoadExecutor-434-thread-1]: apply all deletes during flush
[coreLoadExecutor-434-thread-1] INFO org.apache.solr.update.LoggingInfoStream - [IW][coreLoadExecutor-434-thread-1]: now apply all deletes for all segments maxDoc=0
[coreLoadExecutor-434-thread-1] INFO org.apache.solr.update.LoggingInfoStream - [BD][coreLoadExecutor-434-thread-1]: prune sis=segments:  minGen=9223372036854775807 packetCount=0
[coreLoadExecutor-434-thread-1] INFO org.apache.solr.update.LoggingInfoStream - [MS][coreLoadExecutor-434-thread-1]: initDynamicDefaults spins=false maxThreadCount=2 maxMergeCount=7
[coreLoadExecutor-434-thread-1] INFO org.apache.solr.update.LoggingInfoStream - [MS][coreLoadExecutor-434-thread-1]: updateMergeThreads ioThrottle=true targetMBPerSec=10240.0 MB/sec
[coreLoadExecutor-434-thread-1] INFO org.apache.solr.update.LoggingInfoStream - [MS][coreLoadExecutor-434-thread-1]: now merge
[coreLoadExecutor-434-thread-1] INFO org.apache.solr.update.LoggingInfoStream - [MS][coreLoadExecutor-434-thread-1]:   index: 
[coreLoadExecutor-434-thread-1] INFO org.apache.solr.update.LoggingInfoStream - [MS][coreLoadExecutor-434-thread-1]:   no more merges pending; now return
[coreLoadExecutor-434-thread-1] INFO org.apache.solr.update.LoggingInfoStream - [IW][coreLoadExecutor-434-thread-1]: waitForMerges
[coreLoadExecutor-434-thread-1] INFO org.apache.solr.update.LoggingInfoStream - [IW][coreLoadExecutor-434-thread-1]: waitForMerges done
[coreLoadExecutor-434-thread-1] INFO org.apache.solr.update.LoggingInfoStream - [IW][coreLoadExecutor-434-thread-1]: commit: start
[coreLoadExecutor-434-thread-1] INFO org.apache.solr.update.LoggingInfoStream - [IW][coreLoadExecutor-434-thread-1]: commit: enter lock
[coreLoadExecutor-434-thread-1] INFO org.apache.solr.update.LoggingInfoStream - [IW][coreLoadExecutor-434-thread-1]: commit: now prepare
[coreLoadExecutor-434-thread-1] INFO org.apache.solr.update.LoggingInfoStream - [IW][coreLoadExecutor-434-thread-1]: prepareCommit: flush
[coreLoadExecutor-434-thread-1] INFO org.apache.solr.update.LoggingInfoStream - [IW][coreLoadExecutor-434-thread-1]:   index before flush 
[coreLoadExecutor-434-thread-1] INFO org.apache.solr.update.LoggingInfoStream - [DW][coreLoadExecutor-434-thread-1]: startFullFlush
[coreLoadExecutor-434-thread-1] INFO org.apache.solr.update.LoggingInfoStream - [IW][coreLoadExecutor-434-thread-1]: apply all deletes during flush
[coreLoadExecutor-434-thread-1] INFO org.apache.solr.update.LoggingInfoStream - [IW][coreLoadExecutor-434-thread-1]: now apply all deletes for all segments maxDoc=0
[coreLoadExecutor-434-thread-1] INFO org.apache.solr.update.LoggingInfoStream - [BD][coreLoadExecutor-434-thread-1]: prune sis=segments:  minGen=9223372036854775807 packetCount=0
[coreLoadExecutor-434-thread-1] INFO org.apache.solr.update.LoggingInfoStream - [DW][coreLoadExecutor-434-thread-1]: coreLoadExecutor-434-thread-1 finishFullFlush success=true
[coreLoadExecutor-434-thread-1] INFO org.apache.solr.update.LoggingInfoStream - [IW][coreLoadExecutor-434-thread-1]: startCommit(): start
[coreLoadExecutor-434-thread-1] INFO org.apache.solr.update.LoggingInfoStream - [IW][coreLoadExecutor-434-thread-1]: startCommit index= changeCount=2
[coreLoadExecutor-434-thread-1] INFO org.apache.solr.update.LoggingInfoStream - [IW][coreLoadExecutor-434-thread-1]: startCommit: wrote pending segments file "pending_segments_1"
[coreLoadExecutor-434-thread-1] INFO org.apache.solr.update.LoggingInfoStream - [IW][coreLoadExecutor-434-thread-1]: done all syncs: []
[coreLoadExecutor-434-thread-1] INFO org.apache.solr.update.LoggingInfoStream - [IW][coreLoadExecutor-434-thread-1]: commit: pendingCommit != null
[coreLoadExecutor-434-thread-1] INFO org.apache.solr.update.LoggingInfoStream - [IW][coreLoadExecutor-434-thread-1]: commit: done writing segments file "segments_1"
[coreLoadExecutor-434-thread-1] INFO org.apache.solr.update.LoggingInfoStream - [IFD][coreLoadExecutor-434-thread-1]: now checkpoint "" [0 segments ; isCommit = true]
[coreLoadExecutor-434-thread-1] INFO org.apache.solr.core.SolrDeletionPolicy - SolrDeletionPolicy.onCommit: commits: num=1
	commit{dir=NRTCachingDirectory(MMapDirectory@/tmp/solr-home8814870479678241484/core/data/index lockFactory=org.apache.lucene.store.NativeFSLockFactory@2c3d74f6; maxCacheMB=48.0 maxMergeSizeMB=4.0),segFN=segments_1,generation=1}
[coreLoadExecutor-434-thread-1] INFO org.apache.solr.core.SolrDeletionPolicy - newest commit generation = 1
[coreLoadExecutor-434-thread-1] INFO org.apache.solr.update.LoggingInfoStream - [IFD][coreLoadExecutor-434-thread-1]: 0 msec to checkpoint
[coreLoadExecutor-434-thread-1] INFO org.apache.solr.update.LoggingInfoStream - [IW][coreLoadExecutor-434-thread-1]: commit: took 5.1 msec
[coreLoadExecutor-434-thread-1] INFO org.apache.solr.update.LoggingInfoStream - [IW][coreLoadExecutor-434-thread-1]: commit: done
[coreLoadExecutor-434-thread-1] INFO org.apache.solr.update.LoggingInfoStream - [IW][coreLoadExecutor-434-thread-1]: rollback
[coreLoadExecutor-434-thread-1] INFO org.apache.solr.update.LoggingInfoStream - [IW][coreLoadExecutor-434-thread-1]: all running merges have aborted
[coreLoadExecutor-434-thread-1] INFO org.apache.solr.update.LoggingInfoStream - [IW][coreLoadExecutor-434-thread-1]: rollback: done finish merges
[coreLoadExecutor-434-thread-1] INFO org.apache.solr.update.LoggingInfoStream - [DW][coreLoadExecutor-434-thread-1]: abort
[coreLoadExecutor-434-thread-1] INFO org.apache.solr.update.LoggingInfoStream - [DW][coreLoadExecutor-434-thread-1]: done abort success=true
[coreLoadExecutor-434-thread-1] INFO org.apache.solr.update.LoggingInfoStream - [IW][coreLoadExecutor-434-thread-1]: rollback: infos=
[coreLoadExecutor-434-thread-1] INFO org.apache.solr.update.LoggingInfoStream - [IFD][coreLoadExecutor-434-thread-1]: now checkpoint "" [0 segments ; isCommit = false]
[coreLoadExecutor-434-thread-1] INFO org.apache.solr.update.LoggingInfoStream - [IFD][coreLoadExecutor-434-thread-1]: 0 msec to checkpoint
[OldIndexDirectoryCleanupThreadForCore-core] INFO org.apache.solr.core.SolrCore - Looking for old index directories to cleanup for core core in /tmp/solr-home8814870479678241484/core/data/
[coreLoadExecutor-434-thread-1] INFO org.apache.solr.core.SolrCore - no updateRequestProcessorChain defined as default, creating implicit default
[coreLoadExecutor-434-thread-1] INFO org.apache.solr.handler.loader.XMLLoader - xsltCacheLifetimeSeconds=60
[coreLoadExecutor-434-thread-1] INFO org.apache.solr.handler.loader.XMLLoader - xsltCacheLifetimeSeconds=60
[coreLoadExecutor-434-thread-1] INFO org.apache.solr.handler.loader.XMLLoader - xsltCacheLifetimeSeconds=60
[coreLoadExecutor-434-thread-1] INFO org.apache.solr.handler.loader.XMLLoader - xsltCacheLifetimeSeconds=60
[coreLoadExecutor-434-thread-1] INFO org.apache.solr.core.RequestHandlers - Registered paths: /admin/mbeans,,/update/csv,/update/json/docs,/admin/luke,/select,/suggester,/admin/segments,/get,/admin/system,/replication,/admin/properties,/config,/schema,/admin/plugins,/admin/logging,/update/json,/admin/threads,/admin/ping,/update,/admin/file
[coreLoadExecutor-434-thread-1] INFO org.apache.solr.core.SolrCore - Using default statsCache cache: org.apache.solr.search.stats.LocalStatsCache
[coreLoadExecutor-434-thread-1] INFO org.apache.solr.update.UpdateHandler - Using UpdateLog implementation: org.apache.solr.update.UpdateLog
[coreLoadExecutor-434-thread-1] INFO org.apache.solr.update.UpdateLog - Initializing UpdateLog: dataDir= defaultSyncLevel=FLUSH numRecordsToKeep=100 maxNumLogsToKeep=10 numVersionBuckets=65536
[coreLoadExecutor-434-thread-1] INFO org.apache.solr.update.CommitTracker - Hard AutoCommit: if uncommited for 15000ms; 
[coreLoadExecutor-434-thread-1] INFO org.apache.solr.update.CommitTracker - Soft AutoCommit: disabled
[coreLoadExecutor-434-thread-1] INFO org.apache.solr.update.LoggingInfoStream - [IFD][coreLoadExecutor-434-thread-1]: init: current segments file is "segments_1"; deletionPolicy=org.apache.solr.core.IndexDeletionPolicyWrapper@2a081a8b
[coreLoadExecutor-434-thread-1] INFO org.apache.solr.update.LoggingInfoStream - [IFD][coreLoadExecutor-434-thread-1]: init: load commit "segments_1"
[coreLoadExecutor-434-thread-1] INFO org.apache.solr.core.SolrDeletionPolicy - SolrDeletionPolicy.onInit: commits: num=1
	commit{dir=NRTCachingDirectory(MMapDirectory@/tmp/solr-home8814870479678241484/core/data/index lockFactory=org.apache.lucene.store.NativeFSLockFactory@2c3d74f6; maxCacheMB=48.0 maxMergeSizeMB=4.0),segFN=segments_1,generation=1}
[coreLoadExecutor-434-thread-1] INFO org.apache.solr.core.SolrDeletionPolicy - newest commit generation = 1
[coreLoadExecutor-434-thread-1] INFO org.apache.solr.update.LoggingInfoStream - [IFD][coreLoadExecutor-434-thread-1]: now checkpoint "" [0 segments ; isCommit = false]
[coreLoadExecutor-434-thread-1] INFO org.apache.solr.update.LoggingInfoStream - [IFD][coreLoadExecutor-434-thread-1]: 0 msec to checkpoint
[coreLoadExecutor-434-thread-1] INFO org.apache.solr.update.LoggingInfoStream - [IW][coreLoadExecutor-434-thread-1]: init: create=false
[coreLoadExecutor-434-thread-1] INFO org.apache.solr.update.LoggingInfoStream - [IW][coreLoadExecutor-434-thread-1]: 
dir=NRTCachingDirectory(MMapDirectory@/tmp/solr-home8814870479678241484/core/data/index lockFactory=org.apache.lucene.store.NativeFSLockFactory@2c3d74f6; maxCacheMB=48.0 maxMergeSizeMB=4.0)
index=
version=5.5.1
analyzer=org.apache.solr.update.SolrIndexConfig$DelayedSchemaAnalyzer
ramBufferSizeMB=100.0
maxBufferedDocs=-1
maxBufferedDeleteTerms=-1
mergedSegmentWarmer=null
delPolicy=org.apache.solr.core.IndexDeletionPolicyWrapper
commit=null
openMode=APPEND
similarity=org.apache.lucene.search.similarities.ClassicSimilarity
mergeScheduler=ConcurrentMergeScheduler: maxThreadCount=-1, maxMergeCount=-1, ioThrottle=true
default WRITE_LOCK_TIMEOUT=0
writeLockTimeout=0
codec=Lucene54
infoStream=org.apache.solr.update.LoggingInfoStream
mergePolicy=[TieredMergePolicy: maxMergeAtOnce=10, maxMergeAtOnceExplicit=30, maxMergedSegmentMB=5120.0, floorSegmentMB=2.0, forceMergeDeletesPctAllowed=10.0, segmentsPerTier=10.0, maxCFSSegmentSizeMB=8.796093022207999E12, noCFSRatio=0.1
indexerThreadPool=org.apache.lucene.index.DocumentsWriterPerThreadPool@2687c40c
readerPooling=false
perThreadHardLimitMB=1945
useCompoundFile=false
commitOnClose=true
writer=org.apache.solr.update.SolrIndexWriter@6d398d52

[coreLoadExecutor-434-thread-1] INFO org.apache.solr.update.LoggingInfoStream - [IW][coreLoadExecutor-434-thread-1]: MMapDirectory.UNMAP_SUPPORTED=true
[coreLoadExecutor-434-thread-1] INFO org.apache.solr.update.LoggingInfoStream - [IW][coreLoadExecutor-434-thread-1]: flush at getReader
[coreLoadExecutor-434-thread-1] INFO org.apache.solr.update.LoggingInfoStream - [DW][coreLoadExecutor-434-thread-1]: startFullFlush
[coreLoadExecutor-434-thread-1] INFO org.apache.solr.update.LoggingInfoStream - [IW][coreLoadExecutor-434-thread-1]: apply all deletes during flush
[coreLoadExecutor-434-thread-1] INFO org.apache.solr.update.LoggingInfoStream - [IW][coreLoadExecutor-434-thread-1]: now apply all deletes for all segments maxDoc=0
[coreLoadExecutor-434-thread-1] INFO org.apache.solr.update.LoggingInfoStream - [BD][coreLoadExecutor-434-thread-1]: prune sis=segments_1:  minGen=9223372036854775807 packetCount=0
[coreLoadExecutor-434-thread-1] INFO org.apache.solr.update.LoggingInfoStream - [IW][coreLoadExecutor-434-thread-1]: incRefDeleter for NRT reader version=2 segments=
[coreLoadExecutor-434-thread-1] INFO org.apache.solr.update.LoggingInfoStream - [IW][coreLoadExecutor-434-thread-1]: return reader version=2 reader=StandardDirectoryReader(segments_1:2:nrt)
[coreLoadExecutor-434-thread-1] INFO org.apache.solr.update.LoggingInfoStream - [DW][coreLoadExecutor-434-thread-1]: coreLoadExecutor-434-thread-1 finishFullFlush success=true
[coreLoadExecutor-434-thread-1] INFO org.apache.solr.update.LoggingInfoStream - [IW][coreLoadExecutor-434-thread-1]: getReader took 0 msec
[coreLoadExecutor-434-thread-1] INFO org.apache.solr.search.SolrIndexSearcher - Opening Searcher@239c6c39[core] main
[coreLoadExecutor-434-thread-1] INFO org.apache.solr.rest.ManagedResourceStorage - File-based storage initialized to use dir: /tmp/solr-home8814870479678241484/core/conf
[coreLoadExecutor-434-thread-1] INFO org.apache.solr.rest.RestManager - Initializing RestManager with initArgs: {storageDir=/tmp/solr-home8814870479678241484/core/conf}
[coreLoadExecutor-434-thread-1] INFO org.apache.solr.rest.ManagedResourceStorage - Reading _rest_managed.json using file:dir=/tmp/solr-home8814870479678241484/core/conf
[coreLoadExecutor-434-thread-1] INFO org.apache.solr.rest.RestManager - Initializing 0 registered ManagedResources
[coreLoadExecutor-434-thread-1] INFO org.apache.solr.handler.component.SpellCheckComponent - Initializing spell checkers
[coreLoadExecutor-434-thread-1] INFO org.apache.solr.handler.component.SpellCheckComponent - Registering newSearcher listener for spellchecker: default
[coreLoadExecutor-434-thread-1] INFO org.apache.solr.handler.component.SpellCheckComponent - No queryConverter defined, using default converter
[coreLoadExecutor-434-thread-1] INFO org.apache.solr.handler.ReplicationHandler - Commits will be reserved for  10000
[coreLoadExecutor-434-thread-1] INFO org.apache.solr.update.UpdateLog - Looking up max value of version field to seed version buckets
[searcherExecutor-435-thread-1] INFO org.apache.solr.handler.component.SpellCheckComponent - Loading spell index for spellchecker: default
[coreLoadExecutor-434-thread-1] INFO org.apache.solr.update.VersionInfo - Refreshing highest value of _version_ for 65536 version buckets from index
[coreLoadExecutor-434-thread-1] INFO org.apache.solr.update.VersionInfo - No terms found for _version_, cannot seed version bucket highest value from index
[coreLoadExecutor-434-thread-1] INFO org.apache.solr.update.UpdateLog - Could not find max version in index or recent updates, using new clock 1576087839250055168
[searcherExecutor-435-thread-1] INFO org.apache.solr.core.SolrCore - [core] Registered new searcher Searcher@239c6c39[core] main{ExitableDirectoryReader(UninvertingDirectoryReader())}
[coreLoadExecutor-434-thread-1] INFO org.apache.solr.update.UpdateLog - Took 1.0ms to seed version buckets with highest version 1576087839250055168
[coreLoadExecutor-434-thread-1] INFO org.apache.solr.core.CoreContainer - registering core: core
[Test worker] INFO org.apache.solr.core.SolrCore.Request - [core]  webapp=null path=/admin/ping params={} hits=0 status=0 QTime=0
[Test worker] INFO org.apache.solr.core.SolrCore.Request - [core]  webapp=null path=/admin/ping params={} status=0 QTime=0
[Test worker] INFO com.rbmhtechnology.vind.solr.SolrSearchServer - Connection to solr server successful
[Test worker] INFO org.apache.solr.core.SolrCore.Request - [core]  webapp=null path=/schema params={} status=0 QTime=0
[Test worker] INFO com.rbmhtechnology.vind.solr.SolrSearchServer - No server provider of type class com.rbmhtechnology.vind.solr.EmbeddedSolrServerProvider found in classpath for server com.rbmhtechnology.vind.solr.SolrSearchServer
[Test worker] INFO org.apache.solr.update.processor.LogUpdateProcessorFactory - [core]  webapp=null path=/update params={}{add=[1 (1576087839256346624)]} 0 2
[Test worker] INFO org.apache.solr.update.DirectUpdateHandler2 - start commit{,optimize=false,openSearcher=true,waitSearcher=true,expungeDeletes=false,softCommit=false,prepareCommit=false}
[Test worker] INFO org.apache.solr.update.LoggingInfoStream - [IW][Test worker]: commit: start
[Test worker] INFO org.apache.solr.update.LoggingInfoStream - [IW][Test worker]: commit: enter lock
[Test worker] INFO org.apache.solr.update.LoggingInfoStream - [IW][Test worker]: commit: now prepare
[Test worker] INFO org.apache.solr.update.LoggingInfoStream - [IW][Test worker]: prepareCommit: flush
[Test worker] INFO org.apache.solr.update.LoggingInfoStream - [IW][Test worker]:   index before flush 
[Test worker] INFO org.apache.solr.update.LoggingInfoStream - [DW][Test worker]: startFullFlush
[Test worker] INFO org.apache.solr.update.LoggingInfoStream - [DW][Test worker]: anyChanges? numDocsInRam=1 deletes=true hasTickets:false pendingChangesInFullFlush: false
[Test worker] INFO org.apache.solr.update.LoggingInfoStream - [DWFC][Test worker]: addFlushableState DocumentsWriterPerThread [pendingDeletes=gen=0, segment=_0, aborted=false, numDocsInRAM=1, deleteQueue=DWDQ: [ generation: 1 ]]
[Test worker] INFO org.apache.solr.update.LoggingInfoStream - [DWPT][Test worker]: flush postings as segment _0 numDocs=1
[Test worker] INFO org.apache.solr.update.LoggingInfoStream - [IW][Test worker]: 0 msec to write norms
[Test worker] INFO org.apache.solr.update.LoggingInfoStream - [IW][Test worker]: 0 msec to write docValues
[Test worker] INFO org.apache.solr.update.LoggingInfoStream - [IW][Test worker]: 0 msec to finish stored fields
[Test worker] INFO org.apache.solr.update.LoggingInfoStream - [IW][Test worker]: 0 msec to write postings and finish vectors
[Test worker] INFO org.apache.solr.update.LoggingInfoStream - [IW][Test worker]: 0 msec to write fieldInfos
[Test worker] INFO org.apache.solr.update.LoggingInfoStream - [DWPT][Test worker]: new segment has 0 deleted docs
[Test worker] INFO org.apache.solr.update.LoggingInfoStream - [DWPT][Test worker]: new segment has no vectors; norms; docValues; prox; freqs
[Test worker] INFO org.apache.solr.update.LoggingInfoStream - [DWPT][Test worker]: flushedFiles=[_0_Lucene54_0.dvm, _0_Lucene50_0.doc, _0_Lucene50_0.tim, _0_Lucene50_0.pos, _0.nvd, _0.fdx, _0_Lucene54_0.dvd, _0_Lucene50_0.tip, _0.fdt, _0.nvm, _0.fnm]
[Test worker] INFO org.apache.solr.update.LoggingInfoStream - [DWPT][Test worker]: flushed codec=Lucene54
[Test worker] INFO org.apache.solr.update.LoggingInfoStream - [DWPT][Test worker]: flushed: segment=_0 ramUsed=0.542 MB newFlushedSize=0.005 MB docs/MB=188.831
[Test worker] INFO org.apache.solr.update.LoggingInfoStream - [DW][Test worker]: publishFlushedSegment seg-private updates=null
[Test worker] INFO org.apache.solr.update.LoggingInfoStream - [IW][Test worker]: publishFlushedSegment
[Test worker] INFO org.apache.solr.update.LoggingInfoStream - [BD][Test worker]: push deletes  1 deleted terms (unique count=1) bytesUsed=1072 segmentPrivate?=false delGen=2 packetCount=1 totBytesUsed=1072
[Test worker] INFO org.apache.solr.update.LoggingInfoStream - [IW][Test worker]: publish sets newSegment delGen=3 seg=_0(5.5.1):C1
[Test worker] INFO org.apache.solr.update.LoggingInfoStream - [IFD][Test worker]: now checkpoint "_0(5.5.1):C1" [1 segments ; isCommit = false]
[Test worker] INFO org.apache.solr.update.LoggingInfoStream - [IFD][Test worker]: 0 msec to checkpoint
[Test worker] INFO org.apache.solr.update.LoggingInfoStream - [IW][Test worker]: apply all deletes during flush
[Test worker] INFO org.apache.solr.update.LoggingInfoStream - [IW][Test worker]: now apply all deletes for all segments maxDoc=1
[Test worker] INFO org.apache.solr.update.LoggingInfoStream - [BD][Test worker]: applyDeletes: open segment readers took 0 msec
[Test worker] INFO org.apache.solr.update.LoggingInfoStream - [BD][Test worker]: applyDeletes: infos=[_0(5.5.1):C1] packetCount=1
[Test worker] INFO org.apache.solr.update.LoggingInfoStream - [BD][Test worker]: applyDeletes took 0 msec for 1 segments, 0 newly deleted docs (query deletes), 0 visited terms, allDeleted=null
[Test worker] INFO org.apache.solr.update.LoggingInfoStream - [BD][Test worker]: prune sis=segments_1: _0(5.5.1):C1 minGen=3 packetCount=1
[Test worker] INFO org.apache.solr.update.LoggingInfoStream - [BD][Test worker]: pruneDeletes: prune 1 packets; 0 packets remain
[Test worker] INFO org.apache.solr.update.LoggingInfoStream - [DW][Test worker]: Test worker finishFullFlush success=true
[Test worker] INFO org.apache.solr.update.LoggingInfoStream - [TMP][Test worker]: findMerges: 1 segments
[Test worker] INFO org.apache.solr.update.LoggingInfoStream - [TMP][Test worker]:   seg=_0(5.5.1):C1 size=0.005 MB [floored]
[Test worker] INFO org.apache.solr.update.LoggingInfoStream - [TMP][Test worker]:   allowedSegmentCount=1 vs count=1 (eligible count=1) tooBigCount=0
[Test worker] INFO org.apache.solr.update.LoggingInfoStream - [MS][Test worker]: initDynamicDefaults spins=false maxThreadCount=2 maxMergeCount=7
[Test worker] INFO org.apache.solr.update.LoggingInfoStream - [MS][Test worker]: now merge
[Test worker] INFO org.apache.solr.update.LoggingInfoStream - [MS][Test worker]:   index: _0(5.5.1):C1
[Test worker] INFO org.apache.solr.update.LoggingInfoStream - [MS][Test worker]:   no more merges pending; now return
[Test worker] INFO org.apache.solr.update.LoggingInfoStream - [IW][Test worker]: startCommit(): start
[Test worker] INFO org.apache.solr.update.LoggingInfoStream - [IW][Test worker]: startCommit index=_0(5.5.1):C1 changeCount=4
[Test worker] INFO org.apache.solr.update.LoggingInfoStream - [IW][Test worker]: startCommit: wrote pending segments file "pending_segments_2"
[Test worker] INFO org.apache.solr.update.LoggingInfoStream - [IW][Test worker]: done all syncs: [_0.si, _0_Lucene50_0.doc, _0_Lucene50_0.tim, _0_Lucene54_0.dvm, _0_Lucene50_0.pos, _0.nvd, _0.fdx, _0_Lucene54_0.dvd, _0_Lucene50_0.tip, _0.fdt, _0.nvm, _0.fnm]
[Test worker] INFO org.apache.solr.update.LoggingInfoStream - [IW][Test worker]: commit: pendingCommit != null
[Test worker] INFO org.apache.solr.update.LoggingInfoStream - [IW][Test worker]: commit: done writing segments file "segments_2"
[Test worker] INFO org.apache.solr.update.LoggingInfoStream - [IFD][Test worker]: now checkpoint "_0(5.5.1):C1" [1 segments ; isCommit = true]
[Test worker] INFO org.apache.solr.core.SolrDeletionPolicy - SolrDeletionPolicy.onCommit: commits: num=2
	commit{dir=NRTCachingDirectory(MMapDirectory@/tmp/solr-home8814870479678241484/core/data/index lockFactory=org.apache.lucene.store.NativeFSLockFactory@2c3d74f6; maxCacheMB=48.0 maxMergeSizeMB=4.0),segFN=segments_1,generation=1}
	commit{dir=NRTCachingDirectory(MMapDirectory@/tmp/solr-home8814870479678241484/core/data/index lockFactory=org.apache.lucene.store.NativeFSLockFactory@2c3d74f6; maxCacheMB=48.0 maxMergeSizeMB=4.0),segFN=segments_2,generation=2}
[Test worker] INFO org.apache.solr.core.SolrDeletionPolicy - newest commit generation = 2
[Test worker] INFO org.apache.solr.update.LoggingInfoStream - [IFD][Test worker]: deleteCommits: now decRef commit "segments_1"
[Test worker] INFO org.apache.solr.update.LoggingInfoStream - [IFD][Test worker]: delete "segments_1"
[Test worker] INFO org.apache.solr.update.LoggingInfoStream - [IFD][Test worker]: 0 msec to checkpoint
[Test worker] INFO org.apache.solr.update.LoggingInfoStream - [IW][Test worker]: commit: took 53.4 msec
[Test worker] INFO org.apache.solr.update.LoggingInfoStream - [IW][Test worker]: commit: done
[Test worker] INFO org.apache.solr.update.LoggingInfoStream - [IW][Test worker]: nrtIsCurrent: infoVersion matches: false; DW changes: false; BD changes: false
[Test worker] INFO org.apache.solr.update.LoggingInfoStream - [IW][Test worker]: flush at getReader
[Test worker] INFO org.apache.solr.update.LoggingInfoStream - [DW][Test worker]: startFullFlush
[Test worker] INFO org.apache.solr.update.LoggingInfoStream - [IW][Test worker]: apply all deletes during flush
[Test worker] INFO org.apache.solr.update.LoggingInfoStream - [IW][Test worker]: now apply all deletes for all segments maxDoc=1
[Test worker] INFO org.apache.solr.update.LoggingInfoStream - [BD][Test worker]: applyDeletes: open segment readers took 0 msec
[Test worker] INFO org.apache.solr.update.LoggingInfoStream - [BD][Test worker]: applyDeletes: no segments; skipping
[Test worker] INFO org.apache.solr.update.LoggingInfoStream - [BD][Test worker]: prune sis=segments_2: _0(5.5.1):C1 minGen=3 packetCount=0
[Test worker] INFO org.apache.solr.update.LoggingInfoStream - [IW][Test worker]: incRefDeleter for NRT reader version=6 segments=_0(5.5.1):C1
[Test worker] INFO org.apache.solr.update.LoggingInfoStream - [IW][Test worker]: return reader version=6 reader=StandardDirectoryReader(segments_2:6:nrt _0(5.5.1):C1)
[Test worker] INFO org.apache.solr.update.LoggingInfoStream - [DW][Test worker]: Test worker finishFullFlush success=true
[Test worker] INFO org.apache.solr.update.LoggingInfoStream - [IW][Test worker]: getReader took 1 msec
[Test worker] INFO org.apache.solr.search.SolrIndexSearcher - Opening Searcher@e735e1f[core] main
[Test worker] INFO org.apache.solr.update.DirectUpdateHandler2 - end_commit_flush
[searcherExecutor-435-thread-1] INFO org.apache.solr.handler.component.SpellCheckComponent - Building spell index for spell checker: default
[searcherExecutor-435-thread-1] INFO org.apache.solr.core.SolrCore - [core] Registered new searcher Searcher@e735e1f[core] main{ExitableDirectoryReader(UninvertingDirectoryReader(Uninverting(_0(5.5.1):C1)))}
[searcherExecutor-435-thread-1] INFO org.apache.solr.update.LoggingInfoStream - [IW][searcherExecutor-435-thread-1]: decRefDeleter for NRT reader version=2 segments=
[Test worker] INFO org.apache.solr.update.processor.LogUpdateProcessorFactory - [core]  webapp=null path=/update params={commit=true&softCommit=false&waitSearcher=true}{commit=} 0 92
[Test worker] INFO org.apache.solr.core.SolrCore.Request - [core]  webapp=null path=/select params={q=*&fl=*,score&qf=dynamic_single_none_id^1.0+dynamic_single_none_type^1.0+dynamic_single_none_title^1.0&defType=edismax&fq=_type_:test&facet=true&facet.mincount=1&facet.limit=10&facet.field=dynamic_single_facet_string_score&facet.field=dynamic_single_facet_string_id&facet.field=dynamic_single_facet_string_type&start=0&rows=10} hits=1 status=0 QTime=0
[Test worker] INFO org.apache.solr.core.CoreContainer - Shutting down CoreContainer instance=1076964422
[coreCloseExecutor-440-thread-1] INFO org.apache.solr.core.SolrCore - [core]  CLOSING SolrCore org.apache.solr.core.SolrCore@ccbf967
[coreCloseExecutor-440-thread-1] INFO org.apache.solr.update.DirectUpdateHandler2 - closing DirectUpdateHandler2{commits=1,autocommit maxTime=15000ms,autocommits=0,soft autocommits=0,optimizes=0,rollbacks=0,expungeDeletes=0,docsPending=0,adds=0,deletesById=0,deletesByQuery=0,errors=0,cumulative_adds=1,cumulative_deletesById=0,cumulative_deletesByQuery=0,cumulative_errors=0,transaction_logs_total_size=648,transaction_logs_total_number=1}
[coreCloseExecutor-440-thread-1] INFO org.apache.solr.update.SolrCoreState - Closing SolrCoreState
[coreCloseExecutor-440-thread-1] INFO org.apache.solr.update.DefaultSolrCoreState - SolrCoreState ref count has reached 0 - closing IndexWriter
[coreCloseExecutor-440-thread-1] INFO org.apache.solr.update.DefaultSolrCoreState - closing IndexWriter with IndexWriterCloser
[coreCloseExecutor-440-thread-1] INFO org.apache.solr.update.LoggingInfoStream - [IW][coreCloseExecutor-440-thread-1]: now flush at close
[coreCloseExecutor-440-thread-1] INFO org.apache.solr.update.LoggingInfoStream - [IW][coreCloseExecutor-440-thread-1]:   start flush: applyAllDeletes=true
[coreCloseExecutor-440-thread-1] INFO org.apache.solr.update.LoggingInfoStream - [IW][coreCloseExecutor-440-thread-1]:   index before flush _0(5.5.1):C1
[coreCloseExecutor-440-thread-1] INFO org.apache.solr.update.LoggingInfoStream - [DW][coreCloseExecutor-440-thread-1]: startFullFlush
[coreCloseExecutor-440-thread-1] INFO org.apache.solr.update.LoggingInfoStream - [DW][coreCloseExecutor-440-thread-1]: coreCloseExecutor-440-thread-1 finishFullFlush success=true
[coreCloseExecutor-440-thread-1] INFO org.apache.solr.update.LoggingInfoStream - [IW][coreCloseExecutor-440-thread-1]: apply all deletes during flush
[coreCloseExecutor-440-thread-1] INFO org.apache.solr.update.LoggingInfoStream - [IW][coreCloseExecutor-440-thread-1]: now apply all deletes for all segments maxDoc=1
[coreCloseExecutor-440-thread-1] INFO org.apache.solr.update.LoggingInfoStream - [BD][coreCloseExecutor-440-thread-1]: applyDeletes: open segment readers took 0 msec
[coreCloseExecutor-440-thread-1] INFO org.apache.solr.update.LoggingInfoStream - [BD][coreCloseExecutor-440-thread-1]: applyDeletes: no segments; skipping
[coreCloseExecutor-440-thread-1] INFO org.apache.solr.update.LoggingInfoStream - [BD][coreCloseExecutor-440-thread-1]: prune sis=segments_2: _0(5.5.1):C1 minGen=3 packetCount=0
[coreCloseExecutor-440-thread-1] INFO org.apache.solr.update.LoggingInfoStream - [MS][coreCloseExecutor-440-thread-1]: updateMergeThreads ioThrottle=true targetMBPerSec=10240.0 MB/sec
[coreCloseExecutor-440-thread-1] INFO org.apache.solr.update.LoggingInfoStream - [MS][coreCloseExecutor-440-thread-1]: now merge
[coreCloseExecutor-440-thread-1] INFO org.apache.solr.update.LoggingInfoStream - [MS][coreCloseExecutor-440-thread-1]:   index: _0(5.5.1):C1
[coreCloseExecutor-440-thread-1] INFO org.apache.solr.update.LoggingInfoStream - [MS][coreCloseExecutor-440-thread-1]:   no more merges pending; now return
[coreCloseExecutor-440-thread-1] INFO org.apache.solr.update.LoggingInfoStream - [IW][coreCloseExecutor-440-thread-1]: waitForMerges
[coreCloseExecutor-440-thread-1] INFO org.apache.solr.update.LoggingInfoStream - [IW][coreCloseExecutor-440-thread-1]: waitForMerges done
[coreCloseExecutor-440-thread-1] INFO org.apache.solr.update.LoggingInfoStream - [IW][coreCloseExecutor-440-thread-1]: commit: start
[coreCloseExecutor-440-thread-1] INFO org.apache.solr.update.LoggingInfoStream - [IW][coreCloseExecutor-440-thread-1]: commit: enter lock
[coreCloseExecutor-440-thread-1] INFO org.apache.solr.update.LoggingInfoStream - [IW][coreCloseExecutor-440-thread-1]: commit: now prepare
[coreCloseExecutor-440-thread-1] INFO org.apache.solr.update.LoggingInfoStream - [IW][coreCloseExecutor-440-thread-1]: prepareCommit: flush
[coreCloseExecutor-440-thread-1] INFO org.apache.solr.update.LoggingInfoStream - [IW][coreCloseExecutor-440-thread-1]:   index before flush _0(5.5.1):C1
[coreCloseExecutor-440-thread-1] INFO org.apache.solr.update.LoggingInfoStream - [DW][coreCloseExecutor-440-thread-1]: startFullFlush
[coreCloseExecutor-440-thread-1] INFO org.apache.solr.update.LoggingInfoStream - [IW][coreCloseExecutor-440-thread-1]: apply all deletes during flush
[coreCloseExecutor-440-thread-1] INFO org.apache.solr.update.LoggingInfoStream - [IW][coreCloseExecutor-440-thread-1]: now apply all deletes for all segments maxDoc=1
[coreCloseExecutor-440-thread-1] INFO org.apache.solr.update.LoggingInfoStream - [BD][coreCloseExecutor-440-thread-1]: applyDeletes: open segment readers took 0 msec
[coreCloseExecutor-440-thread-1] INFO org.apache.solr.update.LoggingInfoStream - [BD][coreCloseExecutor-440-thread-1]: applyDeletes: no segments; skipping
[coreCloseExecutor-440-thread-1] INFO org.apache.solr.update.LoggingInfoStream - [BD][coreCloseExecutor-440-thread-1]: prune sis=segments_2: _0(5.5.1):C1 minGen=3 packetCount=0
[coreCloseExecutor-440-thread-1] INFO org.apache.solr.update.LoggingInfoStream - [DW][coreCloseExecutor-440-thread-1]: coreCloseExecutor-440-thread-1 finishFullFlush success=true
[coreCloseExecutor-440-thread-1] INFO org.apache.solr.update.LoggingInfoStream - [IW][coreCloseExecutor-440-thread-1]: startCommit(): start
[coreCloseExecutor-440-thread-1] INFO org.apache.solr.update.LoggingInfoStream - [IW][coreCloseExecutor-440-thread-1]:   skip startCommit(): no changes pending
[coreCloseExecutor-440-thread-1] INFO org.apache.solr.update.LoggingInfoStream - [IW][coreCloseExecutor-440-thread-1]: commit: pendingCommit == null; skip
[coreCloseExecutor-440-thread-1] INFO org.apache.solr.update.LoggingInfoStream - [IW][coreCloseExecutor-440-thread-1]: commit: took 0.1 msec
[coreCloseExecutor-440-thread-1] INFO org.apache.solr.update.LoggingInfoStream - [IW][coreCloseExecutor-440-thread-1]: commit: done
[coreCloseExecutor-440-thread-1] INFO org.apache.solr.update.LoggingInfoStream - [IW][coreCloseExecutor-440-thread-1]: rollback
[coreCloseExecutor-440-thread-1] INFO org.apache.solr.update.LoggingInfoStream - [IW][coreCloseExecutor-440-thread-1]: all running merges have aborted
[coreCloseExecutor-440-thread-1] INFO org.apache.solr.update.LoggingInfoStream - [IW][coreCloseExecutor-440-thread-1]: rollback: done finish merges
[coreCloseExecutor-440-thread-1] INFO org.apache.solr.update.LoggingInfoStream - [DW][coreCloseExecutor-440-thread-1]: abort
[coreCloseExecutor-440-thread-1] INFO org.apache.solr.update.LoggingInfoStream - [DW][coreCloseExecutor-440-thread-1]: done abort success=true
[coreCloseExecutor-440-thread-1] INFO org.apache.solr.update.LoggingInfoStream - [IW][coreCloseExecutor-440-thread-1]: rollback: infos=_0(5.5.1):C1
[coreCloseExecutor-440-thread-1] INFO org.apache.solr.update.LoggingInfoStream - [IFD][coreCloseExecutor-440-thread-1]: now checkpoint "_0(5.5.1):C1" [1 segments ; isCommit = false]
[coreCloseExecutor-440-thread-1] INFO org.apache.solr.update.LoggingInfoStream - [IFD][coreCloseExecutor-440-thread-1]: 0 msec to checkpoint
[coreCloseExecutor-440-thread-1] INFO org.apache.solr.core.SolrCore - [core] Closing main searcher on request.
[coreCloseExecutor-440-thread-1] INFO org.apache.solr.core.CachingDirectoryFactory - Closing NRTCachingDirectoryFactory - 2 directories currently being tracked
[coreCloseExecutor-440-thread-1] INFO org.apache.solr.core.CachingDirectoryFactory - looking to close /tmp/solr-home8814870479678241484/core/data [CachedDir<<refCount=0;path=/tmp/solr-home8814870479678241484/core/data;done=false>>]
[coreCloseExecutor-440-thread-1] INFO org.apache.solr.core.CachingDirectoryFactory - Closing directory: /tmp/solr-home8814870479678241484/core/data
[coreCloseExecutor-440-thread-1] INFO org.apache.solr.core.CachingDirectoryFactory - looking to close /tmp/solr-home8814870479678241484/core/data/index [CachedDir<<refCount=0;path=/tmp/solr-home8814870479678241484/core/data/index;done=false>>]
[coreCloseExecutor-440-thread-1] INFO org.apache.solr.core.CachingDirectoryFactory - Closing directory: /tmp/solr-home8814870479678241484/core/data/index
[Test worker] INFO com.rbmhtechnology.vind.solr.SolrSearchServer - No server provider of type class com.rbmhtechnology.vind.solr.EmbeddedSolrServerProvider found in classpath for server com.rbmhtechnology.vind.solr.SolrSearchServer
[Test worker] INFO com.rbmhtechnology.vind.solr.SolrSearchServer - No server provider of type class com.rbmhtechnology.vind.solr.EmbeddedSolrServerProvider found in classpath for server com.rbmhtechnology.vind.solr.SolrSearchServer
[Test worker] INFO org.apache.solr.core.SolrResourceLoader - new SolrResourceLoader for directory: '/tmp/solr-home1403060732219336219'
[Test worker] INFO org.apache.solr.core.SolrResourceLoader - JNDI not configured for solr (NoInitialContextEx)
[Test worker] INFO org.apache.solr.core.SolrResourceLoader - solr home defaulted to 'solr/' (could not find system property or JNDI)
[Test worker] INFO org.apache.solr.core.SolrXmlConfig - Loading container configuration from /tmp/solr-home1403060732219336219/solr.xml
[Test worker] INFO org.apache.solr.core.CorePropertiesLocator - Config-defined core root directory: /tmp/solr-home1403060732219336219
[Test worker] INFO org.apache.solr.core.CoreContainer - New CoreContainer 686078202
[Test worker] INFO org.apache.solr.core.CoreContainer - Loading cores into CoreContainer [instanceDir=/tmp/solr-home1403060732219336219]
[Test worker] WARN org.apache.solr.core.CoreContainer - Couldn't add files from /tmp/solr-home1403060732219336219/lib to classpath: /tmp/solr-home1403060732219336219/lib
[Test worker] INFO org.apache.solr.handler.component.HttpShardHandlerFactory - created with socketTimeout : 120000,connTimeout : 15000,maxConnectionsPerHost : 20,maxConnections : 10000,corePoolSize : 0,maximumPoolSize : 2147483647,maxThreadIdleTime : 5,sizeOfQueue : -1,fairnessPolicy : false,useRetries : false,
[Test worker] INFO org.apache.solr.update.UpdateShardHandler - Creating UpdateShardHandler HTTP client with params: socketTimeout=600000&connTimeout=60000&retry=true
[Test worker] INFO org.apache.solr.logging.LogWatcher - SLF4J impl is org.slf4j.impl.SimpleLoggerFactory
[Test worker] INFO org.apache.solr.logging.LogWatcher - No LogWatcher configured
[Test worker] INFO org.apache.solr.core.CoreContainer - Security conf doesn't exist. Skipping setup for authorization module.
[Test worker] INFO org.apache.solr.core.CoreContainer - No authentication plugin used.
[Test worker] INFO org.apache.solr.core.CorePropertiesLocator - Looking for core definitions underneath /tmp/solr-home1403060732219336219
[Test worker] INFO org.apache.solr.core.CoreDescriptor - Created CoreDescriptor: {runtimeLib=false, name=core, config=solrconfig.xml, loadOnStartup=true, schema=schema.xml, configSetProperties=configsetprops.json, transient=false, dataDir=data/}
[Test worker] INFO org.apache.solr.core.CorePropertiesLocator - Found core core in /tmp/solr-home1403060732219336219/core
[Test worker] INFO org.apache.solr.core.CorePropertiesLocator - Found 1 core definitions
[coreLoadExecutor-447-thread-1] INFO org.apache.solr.core.SolrResourceLoader - new SolrResourceLoader for directory: '/tmp/solr-home1403060732219336219/core'
[coreLoadExecutor-447-thread-1] INFO org.apache.solr.core.SolrResourceLoader - JNDI not configured for solr (NoInitialContextEx)
[coreLoadExecutor-447-thread-1] INFO org.apache.solr.core.SolrResourceLoader - solr home defaulted to 'solr/' (could not find system property or JNDI)
[coreLoadExecutor-447-thread-1] INFO org.apache.solr.core.SolrResourceLoader - Adding 'file:/tmp/solr-home1403060732219336219/core/lib/marker-search-handler-0.3.0.jar' to classloader
[coreLoadExecutor-447-thread-1] INFO org.apache.solr.core.SolrResourceLoader - Adding 'file:/tmp/solr-home1403060732219336219/core/lib/suggestion-request-handler-2.1.0.jar' to classloader
[coreLoadExecutor-447-thread-1] INFO org.apache.solr.core.SolrConfig - current version of requestparams : -1
[coreLoadExecutor-447-thread-1] INFO org.apache.solr.update.SolrIndexConfig - IndexWriter infoStream solr logging is enabled
[coreLoadExecutor-447-thread-1] INFO org.apache.solr.core.SolrConfig - Using Lucene MatchVersion: 5.5.0
[coreLoadExecutor-447-thread-1] INFO org.apache.solr.core.SolrConfig - Loaded SolrConfig: solrconfig.xml
[coreLoadExecutor-447-thread-1] INFO org.apache.solr.schema.ManagedIndexSchemaFactory - The schema is configured as managed, but managed schema resource managed-schema not found - loading non-managed schema schema.xml instead
[coreLoadExecutor-447-thread-1] INFO org.apache.solr.schema.IndexSchema - [core] Schema name=basic search lib core
[coreLoadExecutor-447-thread-1] INFO org.apache.solr.schema.IndexSchema - unique key field: _id_
[coreLoadExecutor-447-thread-1] INFO org.apache.solr.schema.ManagedIndexSchema - Upgraded to managed schema at /tmp/solr-home1403060732219336219/core/conf/managed-schema
[coreLoadExecutor-447-thread-1] INFO org.apache.solr.schema.ManagedIndexSchemaFactory - After upgrading to managed schema, renamed the non-managed schema /tmp/solr-home1403060732219336219/core/conf/schema.xml to /tmp/solr-home1403060732219336219/core/conf/schema.xml.bak
[coreLoadExecutor-447-thread-1] INFO org.apache.solr.core.ConfigSetProperties - Did not find ConfigSet properties, assuming default properties: Can't find resource 'configsetprops.json' in classpath or '/tmp/solr-home1403060732219336219/core'
[coreLoadExecutor-447-thread-1] INFO org.apache.solr.core.CoreContainer - Creating SolrCore 'core' using configuration from instancedir /tmp/solr-home1403060732219336219/core
[coreLoadExecutor-447-thread-1] INFO org.apache.solr.core.SolrCore - solr.NRTCachingDirectoryFactory
[coreLoadExecutor-447-thread-1] INFO org.apache.solr.core.SolrCore - [[core] ] Opening new SolrCore at [/tmp/solr-home1403060732219336219/core], dataDir=[/tmp/solr-home1403060732219336219/core/data/]
[coreLoadExecutor-447-thread-1] INFO org.apache.solr.core.JmxMonitoredMap - No JMX servers found, not exposing Solr information with JMX.
[coreLoadExecutor-447-thread-1] INFO org.apache.solr.core.SchemaCodecFactory - Using default compressionMode: BEST_SPEED
[coreLoadExecutor-447-thread-1] INFO org.apache.solr.core.CachingDirectoryFactory - return new directory for /tmp/solr-home1403060732219336219/core/data
[coreLoadExecutor-447-thread-1] INFO org.apache.solr.core.SolrCore - New index directory detected: old=null new=/tmp/solr-home1403060732219336219/core/data/index/
[coreLoadExecutor-447-thread-1] WARN org.apache.solr.core.SolrCore - [core] Solr index directory '/tmp/solr-home1403060732219336219/core/data/index' doesn't exist. Creating new index...
[coreLoadExecutor-447-thread-1] INFO org.apache.solr.core.CachingDirectoryFactory - return new directory for /tmp/solr-home1403060732219336219/core/data/index
[coreLoadExecutor-447-thread-1] INFO org.apache.solr.update.LoggingInfoStream - [IFD][coreLoadExecutor-447-thread-1]: init: current segments file is "segments"; deletionPolicy=org.apache.solr.core.IndexDeletionPolicyWrapper@1b0cfcf2
[coreLoadExecutor-447-thread-1] INFO org.apache.solr.update.LoggingInfoStream - [IFD][coreLoadExecutor-447-thread-1]: now checkpoint "" [0 segments ; isCommit = false]
[coreLoadExecutor-447-thread-1] INFO org.apache.solr.update.LoggingInfoStream - [IFD][coreLoadExecutor-447-thread-1]: 0 msec to checkpoint
[coreLoadExecutor-447-thread-1] INFO org.apache.solr.update.LoggingInfoStream - [IW][coreLoadExecutor-447-thread-1]: init: create=true
[coreLoadExecutor-447-thread-1] INFO org.apache.solr.update.LoggingInfoStream - [IW][coreLoadExecutor-447-thread-1]: 
dir=NRTCachingDirectory(MMapDirectory@/tmp/solr-home1403060732219336219/core/data/index lockFactory=org.apache.lucene.store.NativeFSLockFactory@2c3d74f6; maxCacheMB=48.0 maxMergeSizeMB=4.0)
index=
version=5.5.1
analyzer=org.apache.solr.update.SolrIndexConfig$DelayedSchemaAnalyzer
ramBufferSizeMB=100.0
maxBufferedDocs=-1
maxBufferedDeleteTerms=-1
mergedSegmentWarmer=null
delPolicy=org.apache.solr.core.IndexDeletionPolicyWrapper
commit=null
openMode=CREATE
similarity=org.apache.lucene.search.similarities.ClassicSimilarity
mergeScheduler=ConcurrentMergeScheduler: maxThreadCount=-1, maxMergeCount=-1, ioThrottle=true
default WRITE_LOCK_TIMEOUT=0
writeLockTimeout=0
codec=Lucene54
infoStream=org.apache.solr.update.LoggingInfoStream
mergePolicy=[TieredMergePolicy: maxMergeAtOnce=10, maxMergeAtOnceExplicit=30, maxMergedSegmentMB=5120.0, floorSegmentMB=2.0, forceMergeDeletesPctAllowed=10.0, segmentsPerTier=10.0, maxCFSSegmentSizeMB=8.796093022207999E12, noCFSRatio=0.1
indexerThreadPool=org.apache.lucene.index.DocumentsWriterPerThreadPool@2e1330f6
readerPooling=false
perThreadHardLimitMB=1945
useCompoundFile=false
commitOnClose=true
writer=org.apache.solr.update.SolrIndexWriter@6ef7ff56

[coreLoadExecutor-447-thread-1] INFO org.apache.solr.update.LoggingInfoStream - [IW][coreLoadExecutor-447-thread-1]: MMapDirectory.UNMAP_SUPPORTED=true
[coreLoadExecutor-447-thread-1] INFO org.apache.solr.update.LoggingInfoStream - [IW][coreLoadExecutor-447-thread-1]: now flush at close
[coreLoadExecutor-447-thread-1] INFO org.apache.solr.update.LoggingInfoStream - [IW][coreLoadExecutor-447-thread-1]:   start flush: applyAllDeletes=true
[coreLoadExecutor-447-thread-1] INFO org.apache.solr.update.LoggingInfoStream - [IW][coreLoadExecutor-447-thread-1]:   index before flush 
[coreLoadExecutor-447-thread-1] INFO org.apache.solr.update.LoggingInfoStream - [DW][coreLoadExecutor-447-thread-1]: startFullFlush
[coreLoadExecutor-447-thread-1] INFO org.apache.solr.update.LoggingInfoStream - [DW][coreLoadExecutor-447-thread-1]: coreLoadExecutor-447-thread-1 finishFullFlush success=true
[coreLoadExecutor-447-thread-1] INFO org.apache.solr.update.LoggingInfoStream - [IW][coreLoadExecutor-447-thread-1]: apply all deletes during flush
[coreLoadExecutor-447-thread-1] INFO org.apache.solr.update.LoggingInfoStream - [IW][coreLoadExecutor-447-thread-1]: now apply all deletes for all segments maxDoc=0
[coreLoadExecutor-447-thread-1] INFO org.apache.solr.update.LoggingInfoStream - [BD][coreLoadExecutor-447-thread-1]: prune sis=segments:  minGen=9223372036854775807 packetCount=0
[coreLoadExecutor-447-thread-1] INFO org.apache.solr.update.LoggingInfoStream - [MS][coreLoadExecutor-447-thread-1]: initDynamicDefaults spins=false maxThreadCount=2 maxMergeCount=7
[coreLoadExecutor-447-thread-1] INFO org.apache.solr.update.LoggingInfoStream - [MS][coreLoadExecutor-447-thread-1]: updateMergeThreads ioThrottle=true targetMBPerSec=10240.0 MB/sec
[coreLoadExecutor-447-thread-1] INFO org.apache.solr.update.LoggingInfoStream - [MS][coreLoadExecutor-447-thread-1]: now merge
[coreLoadExecutor-447-thread-1] INFO org.apache.solr.update.LoggingInfoStream - [MS][coreLoadExecutor-447-thread-1]:   index: 
[coreLoadExecutor-447-thread-1] INFO org.apache.solr.update.LoggingInfoStream - [MS][coreLoadExecutor-447-thread-1]:   no more merges pending; now return
[coreLoadExecutor-447-thread-1] INFO org.apache.solr.update.LoggingInfoStream - [IW][coreLoadExecutor-447-thread-1]: waitForMerges
[coreLoadExecutor-447-thread-1] INFO org.apache.solr.update.LoggingInfoStream - [IW][coreLoadExecutor-447-thread-1]: waitForMerges done
[coreLoadExecutor-447-thread-1] INFO org.apache.solr.update.LoggingInfoStream - [IW][coreLoadExecutor-447-thread-1]: commit: start
[coreLoadExecutor-447-thread-1] INFO org.apache.solr.update.LoggingInfoStream - [IW][coreLoadExecutor-447-thread-1]: commit: enter lock
[coreLoadExecutor-447-thread-1] INFO org.apache.solr.update.LoggingInfoStream - [IW][coreLoadExecutor-447-thread-1]: commit: now prepare
[coreLoadExecutor-447-thread-1] INFO org.apache.solr.update.LoggingInfoStream - [IW][coreLoadExecutor-447-thread-1]: prepareCommit: flush
[coreLoadExecutor-447-thread-1] INFO org.apache.solr.update.LoggingInfoStream - [IW][coreLoadExecutor-447-thread-1]:   index before flush 
[coreLoadExecutor-447-thread-1] INFO org.apache.solr.update.LoggingInfoStream - [DW][coreLoadExecutor-447-thread-1]: startFullFlush
[coreLoadExecutor-447-thread-1] INFO org.apache.solr.update.LoggingInfoStream - [IW][coreLoadExecutor-447-thread-1]: apply all deletes during flush
[coreLoadExecutor-447-thread-1] INFO org.apache.solr.update.LoggingInfoStream - [IW][coreLoadExecutor-447-thread-1]: now apply all deletes for all segments maxDoc=0
[coreLoadExecutor-447-thread-1] INFO org.apache.solr.update.LoggingInfoStream - [BD][coreLoadExecutor-447-thread-1]: prune sis=segments:  minGen=9223372036854775807 packetCount=0
[coreLoadExecutor-447-thread-1] INFO org.apache.solr.update.LoggingInfoStream - [DW][coreLoadExecutor-447-thread-1]: coreLoadExecutor-447-thread-1 finishFullFlush success=true
[coreLoadExecutor-447-thread-1] INFO org.apache.solr.update.LoggingInfoStream - [IW][coreLoadExecutor-447-thread-1]: startCommit(): start
[coreLoadExecutor-447-thread-1] INFO org.apache.solr.update.LoggingInfoStream - [IW][coreLoadExecutor-447-thread-1]: startCommit index= changeCount=2
[coreLoadExecutor-447-thread-1] INFO org.apache.solr.update.LoggingInfoStream - [IW][coreLoadExecutor-447-thread-1]: startCommit: wrote pending segments file "pending_segments_1"
[coreLoadExecutor-447-thread-1] INFO org.apache.solr.update.LoggingInfoStream - [IW][coreLoadExecutor-447-thread-1]: done all syncs: []
[coreLoadExecutor-447-thread-1] INFO org.apache.solr.update.LoggingInfoStream - [IW][coreLoadExecutor-447-thread-1]: commit: pendingCommit != null
[coreLoadExecutor-447-thread-1] INFO org.apache.solr.update.LoggingInfoStream - [IW][coreLoadExecutor-447-thread-1]: commit: done writing segments file "segments_1"
[coreLoadExecutor-447-thread-1] INFO org.apache.solr.update.LoggingInfoStream - [IFD][coreLoadExecutor-447-thread-1]: now checkpoint "" [0 segments ; isCommit = true]
[coreLoadExecutor-447-thread-1] INFO org.apache.solr.core.SolrDeletionPolicy - SolrDeletionPolicy.onCommit: commits: num=1
	commit{dir=NRTCachingDirectory(MMapDirectory@/tmp/solr-home1403060732219336219/core/data/index lockFactory=org.apache.lucene.store.NativeFSLockFactory@2c3d74f6; maxCacheMB=48.0 maxMergeSizeMB=4.0),segFN=segments_1,generation=1}
[coreLoadExecutor-447-thread-1] INFO org.apache.solr.core.SolrDeletionPolicy - newest commit generation = 1
[coreLoadExecutor-447-thread-1] INFO org.apache.solr.update.LoggingInfoStream - [IFD][coreLoadExecutor-447-thread-1]: 0 msec to checkpoint
[coreLoadExecutor-447-thread-1] INFO org.apache.solr.update.LoggingInfoStream - [IW][coreLoadExecutor-447-thread-1]: commit: took 5.2 msec
[coreLoadExecutor-447-thread-1] INFO org.apache.solr.update.LoggingInfoStream - [IW][coreLoadExecutor-447-thread-1]: commit: done
[coreLoadExecutor-447-thread-1] INFO org.apache.solr.update.LoggingInfoStream - [IW][coreLoadExecutor-447-thread-1]: rollback
[coreLoadExecutor-447-thread-1] INFO org.apache.solr.update.LoggingInfoStream - [IW][coreLoadExecutor-447-thread-1]: all running merges have aborted
[coreLoadExecutor-447-thread-1] INFO org.apache.solr.update.LoggingInfoStream - [IW][coreLoadExecutor-447-thread-1]: rollback: done finish merges
[coreLoadExecutor-447-thread-1] INFO org.apache.solr.update.LoggingInfoStream - [DW][coreLoadExecutor-447-thread-1]: abort
[coreLoadExecutor-447-thread-1] INFO org.apache.solr.update.LoggingInfoStream - [DW][coreLoadExecutor-447-thread-1]: done abort success=true
[coreLoadExecutor-447-thread-1] INFO org.apache.solr.update.LoggingInfoStream - [IW][coreLoadExecutor-447-thread-1]: rollback: infos=
[coreLoadExecutor-447-thread-1] INFO org.apache.solr.update.LoggingInfoStream - [IFD][coreLoadExecutor-447-thread-1]: now checkpoint "" [0 segments ; isCommit = false]
[coreLoadExecutor-447-thread-1] INFO org.apache.solr.update.LoggingInfoStream - [IFD][coreLoadExecutor-447-thread-1]: 0 msec to checkpoint
[OldIndexDirectoryCleanupThreadForCore-core] INFO org.apache.solr.core.SolrCore - Looking for old index directories to cleanup for core core in /tmp/solr-home1403060732219336219/core/data/
[coreLoadExecutor-447-thread-1] INFO org.apache.solr.core.SolrCore - no updateRequestProcessorChain defined as default, creating implicit default
[coreLoadExecutor-447-thread-1] INFO org.apache.solr.handler.loader.XMLLoader - xsltCacheLifetimeSeconds=60
[coreLoadExecutor-447-thread-1] INFO org.apache.solr.handler.loader.XMLLoader - xsltCacheLifetimeSeconds=60
[coreLoadExecutor-447-thread-1] INFO org.apache.solr.handler.loader.XMLLoader - xsltCacheLifetimeSeconds=60
[coreLoadExecutor-447-thread-1] INFO org.apache.solr.handler.loader.XMLLoader - xsltCacheLifetimeSeconds=60
[coreLoadExecutor-447-thread-1] INFO org.apache.solr.core.RequestHandlers - Registered paths: /admin/mbeans,,/update/csv,/update/json/docs,/admin/luke,/select,/suggester,/admin/segments,/get,/admin/system,/replication,/admin/properties,/config,/schema,/admin/plugins,/admin/logging,/update/json,/admin/threads,/admin/ping,/update,/admin/file
[coreLoadExecutor-447-thread-1] INFO org.apache.solr.core.SolrCore - Using default statsCache cache: org.apache.solr.search.stats.LocalStatsCache
[coreLoadExecutor-447-thread-1] INFO org.apache.solr.update.UpdateHandler - Using UpdateLog implementation: org.apache.solr.update.UpdateLog
[coreLoadExecutor-447-thread-1] INFO org.apache.solr.update.UpdateLog - Initializing UpdateLog: dataDir= defaultSyncLevel=FLUSH numRecordsToKeep=100 maxNumLogsToKeep=10 numVersionBuckets=65536
[coreLoadExecutor-447-thread-1] INFO org.apache.solr.update.CommitTracker - Hard AutoCommit: if uncommited for 15000ms; 
[coreLoadExecutor-447-thread-1] INFO org.apache.solr.update.CommitTracker - Soft AutoCommit: disabled
[coreLoadExecutor-447-thread-1] INFO org.apache.solr.update.LoggingInfoStream - [IFD][coreLoadExecutor-447-thread-1]: init: current segments file is "segments_1"; deletionPolicy=org.apache.solr.core.IndexDeletionPolicyWrapper@1b0cfcf2
[coreLoadExecutor-447-thread-1] INFO org.apache.solr.update.LoggingInfoStream - [IFD][coreLoadExecutor-447-thread-1]: init: load commit "segments_1"
[coreLoadExecutor-447-thread-1] INFO org.apache.solr.core.SolrDeletionPolicy - SolrDeletionPolicy.onInit: commits: num=1
	commit{dir=NRTCachingDirectory(MMapDirectory@/tmp/solr-home1403060732219336219/core/data/index lockFactory=org.apache.lucene.store.NativeFSLockFactory@2c3d74f6; maxCacheMB=48.0 maxMergeSizeMB=4.0),segFN=segments_1,generation=1}
[coreLoadExecutor-447-thread-1] INFO org.apache.solr.core.SolrDeletionPolicy - newest commit generation = 1
[coreLoadExecutor-447-thread-1] INFO org.apache.solr.update.LoggingInfoStream - [IFD][coreLoadExecutor-447-thread-1]: now checkpoint "" [0 segments ; isCommit = false]
[coreLoadExecutor-447-thread-1] INFO org.apache.solr.update.LoggingInfoStream - [IFD][coreLoadExecutor-447-thread-1]: 0 msec to checkpoint
[coreLoadExecutor-447-thread-1] INFO org.apache.solr.update.LoggingInfoStream - [IW][coreLoadExecutor-447-thread-1]: init: create=false
[coreLoadExecutor-447-thread-1] INFO org.apache.solr.update.LoggingInfoStream - [IW][coreLoadExecutor-447-thread-1]: 
dir=NRTCachingDirectory(MMapDirectory@/tmp/solr-home1403060732219336219/core/data/index lockFactory=org.apache.lucene.store.NativeFSLockFactory@2c3d74f6; maxCacheMB=48.0 maxMergeSizeMB=4.0)
index=
version=5.5.1
analyzer=org.apache.solr.update.SolrIndexConfig$DelayedSchemaAnalyzer
ramBufferSizeMB=100.0
maxBufferedDocs=-1
maxBufferedDeleteTerms=-1
mergedSegmentWarmer=null
delPolicy=org.apache.solr.core.IndexDeletionPolicyWrapper
commit=null
openMode=APPEND
similarity=org.apache.lucene.search.similarities.ClassicSimilarity
mergeScheduler=ConcurrentMergeScheduler: maxThreadCount=-1, maxMergeCount=-1, ioThrottle=true
default WRITE_LOCK_TIMEOUT=0
writeLockTimeout=0
codec=Lucene54
infoStream=org.apache.solr.update.LoggingInfoStream
mergePolicy=[TieredMergePolicy: maxMergeAtOnce=10, maxMergeAtOnceExplicit=30, maxMergedSegmentMB=5120.0, floorSegmentMB=2.0, forceMergeDeletesPctAllowed=10.0, segmentsPerTier=10.0, maxCFSSegmentSizeMB=8.796093022207999E12, noCFSRatio=0.1
indexerThreadPool=org.apache.lucene.index.DocumentsWriterPerThreadPool@14cd91f0
readerPooling=false
perThreadHardLimitMB=1945
useCompoundFile=false
commitOnClose=true
writer=org.apache.solr.update.SolrIndexWriter@efa743e

[coreLoadExecutor-447-thread-1] INFO org.apache.solr.update.LoggingInfoStream - [IW][coreLoadExecutor-447-thread-1]: MMapDirectory.UNMAP_SUPPORTED=true
[coreLoadExecutor-447-thread-1] INFO org.apache.solr.update.LoggingInfoStream - [IW][coreLoadExecutor-447-thread-1]: flush at getReader
[coreLoadExecutor-447-thread-1] INFO org.apache.solr.update.LoggingInfoStream - [DW][coreLoadExecutor-447-thread-1]: startFullFlush
[coreLoadExecutor-447-thread-1] INFO org.apache.solr.update.LoggingInfoStream - [IW][coreLoadExecutor-447-thread-1]: apply all deletes during flush
[coreLoadExecutor-447-thread-1] INFO org.apache.solr.update.LoggingInfoStream - [IW][coreLoadExecutor-447-thread-1]: now apply all deletes for all segments maxDoc=0
[coreLoadExecutor-447-thread-1] INFO org.apache.solr.update.LoggingInfoStream - [BD][coreLoadExecutor-447-thread-1]: prune sis=segments_1:  minGen=9223372036854775807 packetCount=0
[coreLoadExecutor-447-thread-1] INFO org.apache.solr.update.LoggingInfoStream - [IW][coreLoadExecutor-447-thread-1]: incRefDeleter for NRT reader version=2 segments=
[coreLoadExecutor-447-thread-1] INFO org.apache.solr.update.LoggingInfoStream - [IW][coreLoadExecutor-447-thread-1]: return reader version=2 reader=StandardDirectoryReader(segments_1:2:nrt)
[coreLoadExecutor-447-thread-1] INFO org.apache.solr.update.LoggingInfoStream - [DW][coreLoadExecutor-447-thread-1]: coreLoadExecutor-447-thread-1 finishFullFlush success=true
[coreLoadExecutor-447-thread-1] INFO org.apache.solr.update.LoggingInfoStream - [IW][coreLoadExecutor-447-thread-1]: getReader took 0 msec
[coreLoadExecutor-447-thread-1] INFO org.apache.solr.search.SolrIndexSearcher - Opening Searcher@4cf15830[core] main
[coreLoadExecutor-447-thread-1] INFO org.apache.solr.rest.ManagedResourceStorage - File-based storage initialized to use dir: /tmp/solr-home1403060732219336219/core/conf
[coreLoadExecutor-447-thread-1] INFO org.apache.solr.rest.RestManager - Initializing RestManager with initArgs: {storageDir=/tmp/solr-home1403060732219336219/core/conf}
[coreLoadExecutor-447-thread-1] INFO org.apache.solr.rest.ManagedResourceStorage - Reading _rest_managed.json using file:dir=/tmp/solr-home1403060732219336219/core/conf
[coreLoadExecutor-447-thread-1] INFO org.apache.solr.rest.RestManager - Initializing 0 registered ManagedResources
[coreLoadExecutor-447-thread-1] INFO org.apache.solr.handler.component.SpellCheckComponent - Initializing spell checkers
[coreLoadExecutor-447-thread-1] INFO org.apache.solr.handler.component.SpellCheckComponent - Registering newSearcher listener for spellchecker: default
[coreLoadExecutor-447-thread-1] INFO org.apache.solr.handler.component.SpellCheckComponent - No queryConverter defined, using default converter
[coreLoadExecutor-447-thread-1] INFO org.apache.solr.handler.ReplicationHandler - Commits will be reserved for  10000
[coreLoadExecutor-447-thread-1] INFO org.apache.solr.update.UpdateLog - Looking up max value of version field to seed version buckets
[coreLoadExecutor-447-thread-1] INFO org.apache.solr.update.VersionInfo - Refreshing highest value of _version_ for 65536 version buckets from index
[searcherExecutor-448-thread-1] INFO org.apache.solr.handler.component.SpellCheckComponent - Loading spell index for spellchecker: default
[coreLoadExecutor-447-thread-1] INFO org.apache.solr.update.VersionInfo - No terms found for _version_, cannot seed version bucket highest value from index
[coreLoadExecutor-447-thread-1] INFO org.apache.solr.update.UpdateLog - Could not find max version in index or recent updates, using new clock 1576087839472353280
[searcherExecutor-448-thread-1] INFO org.apache.solr.core.SolrCore - [core] Registered new searcher Searcher@4cf15830[core] main{ExitableDirectoryReader(UninvertingDirectoryReader())}
[coreLoadExecutor-447-thread-1] INFO org.apache.solr.update.UpdateLog - Took 1.0ms to seed version buckets with highest version 1576087839472353280
[coreLoadExecutor-447-thread-1] INFO org.apache.solr.core.CoreContainer - registering core: core
[Test worker] INFO org.apache.solr.core.SolrCore.Request - [core]  webapp=null path=/admin/ping params={} hits=0 status=0 QTime=0
[Test worker] INFO org.apache.solr.core.SolrCore.Request - [core]  webapp=null path=/admin/ping params={} status=0 QTime=0
[Test worker] INFO com.rbmhtechnology.vind.solr.SolrSearchServer - Connection to solr server successful
[Test worker] INFO org.apache.solr.core.SolrCore.Request - [core]  webapp=null path=/schema params={} status=0 QTime=0
[Test worker] INFO com.rbmhtechnology.vind.solr.SolrSearchServer - No server provider of type class com.rbmhtechnology.vind.solr.EmbeddedSolrServerProvider found in classpath for server com.rbmhtechnology.vind.solr.SolrSearchServer
[Test worker] INFO org.apache.solr.update.processor.LogUpdateProcessorFactory - [core]  webapp=null path=/update params={}{add=[1 (1576087839477596160)]} 0 2
[Test worker] INFO org.apache.solr.update.DirectUpdateHandler2 - start commit{,optimize=false,openSearcher=true,waitSearcher=true,expungeDeletes=false,softCommit=false,prepareCommit=false}
[Test worker] INFO org.apache.solr.update.LoggingInfoStream - [IW][Test worker]: commit: start
[Test worker] INFO org.apache.solr.update.LoggingInfoStream - [IW][Test worker]: commit: enter lock
[Test worker] INFO org.apache.solr.update.LoggingInfoStream - [IW][Test worker]: commit: now prepare
[Test worker] INFO org.apache.solr.update.LoggingInfoStream - [IW][Test worker]: prepareCommit: flush
[Test worker] INFO org.apache.solr.update.LoggingInfoStream - [IW][Test worker]:   index before flush 
[Test worker] INFO org.apache.solr.update.LoggingInfoStream - [DW][Test worker]: startFullFlush
[Test worker] INFO org.apache.solr.update.LoggingInfoStream - [DW][Test worker]: anyChanges? numDocsInRam=1 deletes=true hasTickets:false pendingChangesInFullFlush: false
[Test worker] INFO org.apache.solr.update.LoggingInfoStream - [DWFC][Test worker]: addFlushableState DocumentsWriterPerThread [pendingDeletes=gen=0, segment=_0, aborted=false, numDocsInRAM=1, deleteQueue=DWDQ: [ generation: 1 ]]
[Test worker] INFO org.apache.solr.update.LoggingInfoStream - [DWPT][Test worker]: flush postings as segment _0 numDocs=1
[Test worker] INFO org.apache.solr.update.LoggingInfoStream - [IW][Test worker]: 0 msec to write norms
[Test worker] INFO org.apache.solr.update.LoggingInfoStream - [IW][Test worker]: 0 msec to write docValues
[Test worker] INFO org.apache.solr.update.LoggingInfoStream - [IW][Test worker]: 0 msec to finish stored fields
[Test worker] INFO org.apache.solr.update.LoggingInfoStream - [IW][Test worker]: 0 msec to write postings and finish vectors
[Test worker] INFO org.apache.solr.update.LoggingInfoStream - [IW][Test worker]: 0 msec to write fieldInfos
[Test worker] INFO org.apache.solr.update.LoggingInfoStream - [DWPT][Test worker]: new segment has 0 deleted docs
[Test worker] INFO org.apache.solr.update.LoggingInfoStream - [DWPT][Test worker]: new segment has no vectors; norms; docValues; prox; freqs
[Test worker] INFO org.apache.solr.update.LoggingInfoStream - [DWPT][Test worker]: flushedFiles=[_0_Lucene54_0.dvm, _0_Lucene50_0.doc, _0_Lucene50_0.tim, _0_Lucene50_0.pos, _0.nvd, _0.fdx, _0_Lucene54_0.dvd, _0_Lucene50_0.tip, _0.fdt, _0.nvm, _0.fnm]
[Test worker] INFO org.apache.solr.update.LoggingInfoStream - [DWPT][Test worker]: flushed codec=Lucene54
[Test worker] INFO org.apache.solr.update.LoggingInfoStream - [DWPT][Test worker]: flushed: segment=_0 ramUsed=0.192 MB newFlushedSize=0.003 MB docs/MB=365.995
[Test worker] INFO org.apache.solr.update.LoggingInfoStream - [DW][Test worker]: publishFlushedSegment seg-private updates=null
[Test worker] INFO org.apache.solr.update.LoggingInfoStream - [IW][Test worker]: publishFlushedSegment
[Test worker] INFO org.apache.solr.update.LoggingInfoStream - [BD][Test worker]: push deletes  1 deleted terms (unique count=1) bytesUsed=1072 segmentPrivate?=false delGen=2 packetCount=1 totBytesUsed=1072
[Test worker] INFO org.apache.solr.update.LoggingInfoStream - [IW][Test worker]: publish sets newSegment delGen=3 seg=_0(5.5.1):C1
[Test worker] INFO org.apache.solr.update.LoggingInfoStream - [IFD][Test worker]: now checkpoint "_0(5.5.1):C1" [1 segments ; isCommit = false]
[Test worker] INFO org.apache.solr.update.LoggingInfoStream - [IFD][Test worker]: 0 msec to checkpoint
[Test worker] INFO org.apache.solr.update.LoggingInfoStream - [IW][Test worker]: apply all deletes during flush
[Test worker] INFO org.apache.solr.update.LoggingInfoStream - [IW][Test worker]: now apply all deletes for all segments maxDoc=1
[Test worker] INFO org.apache.solr.update.LoggingInfoStream - [BD][Test worker]: applyDeletes: open segment readers took 0 msec
[Test worker] INFO org.apache.solr.update.LoggingInfoStream - [BD][Test worker]: applyDeletes: infos=[_0(5.5.1):C1] packetCount=1
[Test worker] INFO org.apache.solr.update.LoggingInfoStream - [BD][Test worker]: applyDeletes took 0 msec for 1 segments, 0 newly deleted docs (query deletes), 0 visited terms, allDeleted=null
[Test worker] INFO org.apache.solr.update.LoggingInfoStream - [BD][Test worker]: prune sis=segments_1: _0(5.5.1):C1 minGen=3 packetCount=1
[Test worker] INFO org.apache.solr.update.LoggingInfoStream - [BD][Test worker]: pruneDeletes: prune 1 packets; 0 packets remain
[Test worker] INFO org.apache.solr.update.LoggingInfoStream - [DW][Test worker]: Test worker finishFullFlush success=true
[Test worker] INFO org.apache.solr.update.LoggingInfoStream - [TMP][Test worker]: findMerges: 1 segments
[Test worker] INFO org.apache.solr.update.LoggingInfoStream - [TMP][Test worker]:   seg=_0(5.5.1):C1 size=0.003 MB [floored]
[Test worker] INFO org.apache.solr.update.LoggingInfoStream - [TMP][Test worker]:   allowedSegmentCount=1 vs count=1 (eligible count=1) tooBigCount=0
[Test worker] INFO org.apache.solr.update.LoggingInfoStream - [MS][Test worker]: initDynamicDefaults spins=false maxThreadCount=2 maxMergeCount=7
[Test worker] INFO org.apache.solr.update.LoggingInfoStream - [MS][Test worker]: now merge
[Test worker] INFO org.apache.solr.update.LoggingInfoStream - [MS][Test worker]:   index: _0(5.5.1):C1
[Test worker] INFO org.apache.solr.update.LoggingInfoStream - [MS][Test worker]:   no more merges pending; now return
[Test worker] INFO org.apache.solr.update.LoggingInfoStream - [IW][Test worker]: startCommit(): start
[Test worker] INFO org.apache.solr.update.LoggingInfoStream - [IW][Test worker]: startCommit index=_0(5.5.1):C1 changeCount=4
[Test worker] INFO org.apache.solr.update.LoggingInfoStream - [IW][Test worker]: startCommit: wrote pending segments file "pending_segments_2"
[Test worker] INFO org.apache.solr.update.LoggingInfoStream - [IW][Test worker]: done all syncs: [_0.si, _0_Lucene50_0.doc, _0_Lucene50_0.tim, _0_Lucene54_0.dvm, _0_Lucene50_0.pos, _0.nvd, _0.fdx, _0_Lucene54_0.dvd, _0_Lucene50_0.tip, _0.fdt, _0.nvm, _0.fnm]
[Test worker] INFO org.apache.solr.update.LoggingInfoStream - [IW][Test worker]: commit: pendingCommit != null
[Test worker] INFO org.apache.solr.update.LoggingInfoStream - [IW][Test worker]: commit: done writing segments file "segments_2"
[Test worker] INFO org.apache.solr.update.LoggingInfoStream - [IFD][Test worker]: now checkpoint "_0(5.5.1):C1" [1 segments ; isCommit = true]
[Test worker] INFO org.apache.solr.core.SolrDeletionPolicy - SolrDeletionPolicy.onCommit: commits: num=2
	commit{dir=NRTCachingDirectory(MMapDirectory@/tmp/solr-home1403060732219336219/core/data/index lockFactory=org.apache.lucene.store.NativeFSLockFactory@2c3d74f6; maxCacheMB=48.0 maxMergeSizeMB=4.0),segFN=segments_1,generation=1}
	commit{dir=NRTCachingDirectory(MMapDirectory@/tmp/solr-home1403060732219336219/core/data/index lockFactory=org.apache.lucene.store.NativeFSLockFactory@2c3d74f6; maxCacheMB=48.0 maxMergeSizeMB=4.0),segFN=segments_2,generation=2}
[Test worker] INFO org.apache.solr.core.SolrDeletionPolicy - newest commit generation = 2
[Test worker] INFO org.apache.solr.update.LoggingInfoStream - [IFD][Test worker]: deleteCommits: now decRef commit "segments_1"
[Test worker] INFO org.apache.solr.update.LoggingInfoStream - [IFD][Test worker]: delete "segments_1"
[Test worker] INFO org.apache.solr.update.LoggingInfoStream - [IFD][Test worker]: 0 msec to checkpoint
[Test worker] INFO org.apache.solr.update.LoggingInfoStream - [IW][Test worker]: commit: took 55.4 msec
[Test worker] INFO org.apache.solr.update.LoggingInfoStream - [IW][Test worker]: commit: done
[Test worker] INFO org.apache.solr.update.LoggingInfoStream - [IW][Test worker]: nrtIsCurrent: infoVersion matches: false; DW changes: false; BD changes: false
[Test worker] INFO org.apache.solr.update.LoggingInfoStream - [IW][Test worker]: flush at getReader
[Test worker] INFO org.apache.solr.update.LoggingInfoStream - [DW][Test worker]: startFullFlush
[Test worker] INFO org.apache.solr.update.LoggingInfoStream - [IW][Test worker]: apply all deletes during flush
[Test worker] INFO org.apache.solr.update.LoggingInfoStream - [IW][Test worker]: now apply all deletes for all segments maxDoc=1
[Test worker] INFO org.apache.solr.update.LoggingInfoStream - [BD][Test worker]: applyDeletes: open segment readers took 0 msec
[Test worker] INFO org.apache.solr.update.LoggingInfoStream - [BD][Test worker]: applyDeletes: no segments; skipping
[Test worker] INFO org.apache.solr.update.LoggingInfoStream - [BD][Test worker]: prune sis=segments_2: _0(5.5.1):C1 minGen=3 packetCount=0
[Test worker] INFO org.apache.solr.update.LoggingInfoStream - [IW][Test worker]: incRefDeleter for NRT reader version=6 segments=_0(5.5.1):C1
[Test worker] INFO org.apache.solr.update.LoggingInfoStream - [IW][Test worker]: return reader version=6 reader=StandardDirectoryReader(segments_2:6:nrt _0(5.5.1):C1)
[Test worker] INFO org.apache.solr.update.LoggingInfoStream - [DW][Test worker]: Test worker finishFullFlush success=true
[Test worker] INFO org.apache.solr.update.LoggingInfoStream - [IW][Test worker]: getReader took 1 msec
[Test worker] INFO org.apache.solr.search.SolrIndexSearcher - Opening Searcher@4bcdcd3e[core] main
[searcherExecutor-448-thread-1] INFO org.apache.solr.handler.component.SpellCheckComponent - Building spell index for spell checker: default
[Test worker] INFO org.apache.solr.update.DirectUpdateHandler2 - end_commit_flush
[searcherExecutor-448-thread-1] INFO org.apache.solr.core.SolrCore - [core] Registered new searcher Searcher@4bcdcd3e[core] main{ExitableDirectoryReader(UninvertingDirectoryReader(Uninverting(_0(5.5.1):C1)))}
[searcherExecutor-448-thread-1] INFO org.apache.solr.update.LoggingInfoStream - [IW][searcherExecutor-448-thread-1]: decRefDeleter for NRT reader version=2 segments=
[Test worker] INFO org.apache.solr.update.processor.LogUpdateProcessorFactory - [core]  webapp=null path=/update params={commit=true&softCommit=false&waitSearcher=true}{commit=} 0 65
[Test worker] INFO org.apache.solr.core.SolrCore.Request - [core]  webapp=null path=/get params={qt=/get&id=1} status=0 QTime=0
[Test worker] INFO org.apache.solr.update.processor.LogUpdateProcessorFactory - [core]  webapp=null path=/update params={}{add=[1 (1576087839550996480)]} 0 1
[Test worker] INFO org.apache.solr.core.SolrCore.Request - [core]  webapp=null path=/select params={q=!(+_id_:1)%26(_root_:1)} hits=0 status=0 QTime=0
[Test worker] INFO org.apache.solr.update.DirectUpdateHandler2 - start commit{,optimize=false,openSearcher=true,waitSearcher=true,expungeDeletes=false,softCommit=false,prepareCommit=false}
[Test worker] INFO org.apache.solr.update.LoggingInfoStream - [IW][Test worker]: commit: start
[Test worker] INFO org.apache.solr.update.LoggingInfoStream - [IW][Test worker]: commit: enter lock
[Test worker] INFO org.apache.solr.update.LoggingInfoStream - [IW][Test worker]: commit: now prepare
[Test worker] INFO org.apache.solr.update.LoggingInfoStream - [IW][Test worker]: prepareCommit: flush
[Test worker] INFO org.apache.solr.update.LoggingInfoStream - [IW][Test worker]:   index before flush _0(5.5.1):C1
[Test worker] INFO org.apache.solr.update.LoggingInfoStream - [DW][Test worker]: startFullFlush
[Test worker] INFO org.apache.solr.update.LoggingInfoStream - [DW][Test worker]: anyChanges? numDocsInRam=1 deletes=true hasTickets:false pendingChangesInFullFlush: false
[Test worker] INFO org.apache.solr.update.LoggingInfoStream - [DWFC][Test worker]: addFlushableState DocumentsWriterPerThread [pendingDeletes=gen=0, segment=_1, aborted=false, numDocsInRAM=1, deleteQueue=DWDQ: [ generation: 3 ]]
[Test worker] INFO org.apache.solr.update.LoggingInfoStream - [DWPT][Test worker]: flush postings as segment _1 numDocs=1
[Test worker] INFO org.apache.solr.update.LoggingInfoStream - [IW][Test worker]: 0 msec to write norms
[Test worker] INFO org.apache.solr.update.LoggingInfoStream - [IW][Test worker]: 0 msec to write docValues
[Test worker] INFO org.apache.solr.update.LoggingInfoStream - [IW][Test worker]: 0 msec to finish stored fields
[Test worker] INFO org.apache.solr.update.LoggingInfoStream - [IW][Test worker]: 0 msec to write postings and finish vectors
[Test worker] INFO org.apache.solr.update.LoggingInfoStream - [IW][Test worker]: 0 msec to write fieldInfos
[Test worker] INFO org.apache.solr.update.LoggingInfoStream - [DWPT][Test worker]: new segment has 0 deleted docs
[Test worker] INFO org.apache.solr.update.LoggingInfoStream - [DWPT][Test worker]: new segment has no vectors; norms; docValues; prox; freqs
[Test worker] INFO org.apache.solr.update.LoggingInfoStream - [DWPT][Test worker]: flushedFiles=[_1_Lucene50_0.doc, _1_Lucene50_0.tim, _1_Lucene54_0.dvd, _1.nvd, _1_Lucene50_0.pos, _1.fdx, _1.nvm, _1_Lucene54_0.dvm, _1.fnm, _1.fdt, _1_Lucene50_0.tip]
[Test worker] INFO org.apache.solr.update.LoggingInfoStream - [DWPT][Test worker]: flushed codec=Lucene54
[Test worker] INFO org.apache.solr.update.LoggingInfoStream - [DWPT][Test worker]: flushed: segment=_1 ramUsed=0.193 MB newFlushedSize=0.003 MB docs/MB=348.48
[Test worker] INFO org.apache.solr.update.LoggingInfoStream - [DW][Test worker]: publishFlushedSegment seg-private updates=null
[Test worker] INFO org.apache.solr.update.LoggingInfoStream - [IW][Test worker]: publishFlushedSegment
[Test worker] INFO org.apache.solr.update.LoggingInfoStream - [BD][Test worker]: push deletes  1 deleted terms (unique count=1) bytesUsed=1072 segmentPrivate?=false delGen=6 packetCount=1 totBytesUsed=1072
[Test worker] INFO org.apache.solr.update.LoggingInfoStream - [IW][Test worker]: publish sets newSegment delGen=7 seg=_1(5.5.1):C1
[Test worker] INFO org.apache.solr.update.LoggingInfoStream - [IFD][Test worker]: now checkpoint "_0(5.5.1):C1 _1(5.5.1):C1" [2 segments ; isCommit = false]
[Test worker] INFO org.apache.solr.update.LoggingInfoStream - [IFD][Test worker]: 0 msec to checkpoint
[Test worker] INFO org.apache.solr.update.LoggingInfoStream - [IW][Test worker]: apply all deletes during flush
[Test worker] INFO org.apache.solr.update.LoggingInfoStream - [IW][Test worker]: now apply all deletes for all segments maxDoc=2
[Test worker] INFO org.apache.solr.update.LoggingInfoStream - [BD][Test worker]: applyDeletes: open segment readers took 0 msec
[Test worker] INFO org.apache.solr.update.LoggingInfoStream - [BD][Test worker]: applyDeletes: infos=[_0(5.5.1):C1, _1(5.5.1):C1] packetCount=1
[Test worker] INFO org.apache.solr.update.LoggingInfoStream - [BD][Test worker]: applyTermDeletes took 0.1 msec for 2 segments and 1 packets; 1 del terms visited; 2 seg terms visited
[Test worker] INFO org.apache.solr.update.LoggingInfoStream - [BD][Test worker]: applyDeletes: 1 new deleted documents
[Test worker] INFO org.apache.solr.update.LoggingInfoStream - [BD][Test worker]: applyDeletes took 0 msec for 2 segments, 0 newly deleted docs (query deletes), 1 visited terms, allDeleted=[_0(5.5.1):C1]
[Test worker] INFO org.apache.solr.update.LoggingInfoStream - [IFD][Test worker]: now checkpoint "_0(5.5.1):C1/1 _1(5.5.1):C1" [2 segments ; isCommit = false]
[Test worker] INFO org.apache.solr.update.LoggingInfoStream - [IFD][Test worker]: 0 msec to checkpoint
[Test worker] INFO org.apache.solr.update.LoggingInfoStream - [IW][Test worker]: drop 100% deleted segments: _0(5.5.1):C1/1
[Test worker] INFO org.apache.solr.update.LoggingInfoStream - [IFD][Test worker]: now checkpoint "_1(5.5.1):C1" [1 segments ; isCommit = false]
[Test worker] INFO org.apache.solr.update.LoggingInfoStream - [IFD][Test worker]: 0 msec to checkpoint
[Test worker] INFO org.apache.solr.update.LoggingInfoStream - [BD][Test worker]: prune sis=segments_2: _1(5.5.1):C1 minGen=8 packetCount=1
[Test worker] INFO org.apache.solr.update.LoggingInfoStream - [BD][Test worker]: pruneDeletes: prune 1 packets; 0 packets remain
[Test worker] INFO org.apache.solr.update.LoggingInfoStream - [DW][Test worker]: Test worker finishFullFlush success=true
[Test worker] INFO org.apache.solr.update.LoggingInfoStream - [TMP][Test worker]: findMerges: 1 segments
[Test worker] INFO org.apache.solr.update.LoggingInfoStream - [TMP][Test worker]:   seg=_1(5.5.1):C1 size=0.003 MB [floored]
[Test worker] INFO org.apache.solr.update.LoggingInfoStream - [TMP][Test worker]:   allowedSegmentCount=1 vs count=1 (eligible count=1) tooBigCount=0
[Test worker] INFO org.apache.solr.update.LoggingInfoStream - [MS][Test worker]: now merge
[Test worker] INFO org.apache.solr.update.LoggingInfoStream - [MS][Test worker]:   index: _1(5.5.1):C1
[Test worker] INFO org.apache.solr.update.LoggingInfoStream - [MS][Test worker]:   no more merges pending; now return
[Test worker] INFO org.apache.solr.update.LoggingInfoStream - [IW][Test worker]: startCommit(): start
[Test worker] INFO org.apache.solr.update.LoggingInfoStream - [IW][Test worker]: startCommit index=_1(5.5.1):C1 changeCount=10
[Test worker] INFO org.apache.solr.update.LoggingInfoStream - [IW][Test worker]: startCommit: wrote pending segments file "pending_segments_3"
[Test worker] INFO org.apache.solr.update.LoggingInfoStream - [IW][Test worker]: done all syncs: [_1_Lucene50_0.doc, _1_Lucene50_0.tim, _1.si, _1_Lucene54_0.dvd, _1.nvd, _1_Lucene50_0.pos, _1.fdx, _1.nvm, _1.fnm, _1_Lucene54_0.dvm, _1.fdt, _1_Lucene50_0.tip]
[Test worker] INFO org.apache.solr.update.LoggingInfoStream - [IW][Test worker]: commit: pendingCommit != null
[Test worker] INFO org.apache.solr.update.LoggingInfoStream - [IW][Test worker]: commit: done writing segments file "segments_3"
[Test worker] INFO org.apache.solr.update.LoggingInfoStream - [IFD][Test worker]: now checkpoint "_1(5.5.1):C1" [1 segments ; isCommit = true]
[Test worker] INFO org.apache.solr.core.SolrDeletionPolicy - SolrDeletionPolicy.onCommit: commits: num=2
	commit{dir=NRTCachingDirectory(MMapDirectory@/tmp/solr-home1403060732219336219/core/data/index lockFactory=org.apache.lucene.store.NativeFSLockFactory@2c3d74f6; maxCacheMB=48.0 maxMergeSizeMB=4.0),segFN=segments_2,generation=2}
	commit{dir=NRTCachingDirectory(MMapDirectory@/tmp/solr-home1403060732219336219/core/data/index lockFactory=org.apache.lucene.store.NativeFSLockFactory@2c3d74f6; maxCacheMB=48.0 maxMergeSizeMB=4.0),segFN=segments_3,generation=3}
[Test worker] INFO org.apache.solr.core.SolrDeletionPolicy - newest commit generation = 3
[Test worker] INFO org.apache.solr.update.LoggingInfoStream - [IFD][Test worker]: deleteCommits: now decRef commit "segments_2"
[Test worker] INFO org.apache.solr.update.LoggingInfoStream - [IFD][Test worker]: delete "segments_2"
[Test worker] INFO org.apache.solr.update.LoggingInfoStream - [IFD][Test worker]: 0 msec to checkpoint
[Test worker] INFO org.apache.solr.update.LoggingInfoStream - [IW][Test worker]: commit: took 51.6 msec
[Test worker] INFO org.apache.solr.update.LoggingInfoStream - [IW][Test worker]: commit: done
[Test worker] INFO org.apache.solr.update.LoggingInfoStream - [IW][Test worker]: nrtIsCurrent: infoVersion matches: false; DW changes: false; BD changes: false
[Test worker] INFO org.apache.solr.update.LoggingInfoStream - [IW][Test worker]: flush at getReader
[Test worker] INFO org.apache.solr.update.LoggingInfoStream - [DW][Test worker]: startFullFlush
[Test worker] INFO org.apache.solr.update.LoggingInfoStream - [IW][Test worker]: apply all deletes during flush
[Test worker] INFO org.apache.solr.update.LoggingInfoStream - [IW][Test worker]: now apply all deletes for all segments maxDoc=1
[Test worker] INFO org.apache.solr.update.LoggingInfoStream - [BD][Test worker]: applyDeletes: open segment readers took 0 msec
[Test worker] INFO org.apache.solr.update.LoggingInfoStream - [BD][Test worker]: applyDeletes: no segments; skipping
[Test worker] INFO org.apache.solr.update.LoggingInfoStream - [BD][Test worker]: prune sis=segments_3: _1(5.5.1):C1 minGen=8 packetCount=0
[Test worker] INFO org.apache.solr.update.LoggingInfoStream - [IW][Test worker]: incRefDeleter for NRT reader version=12 segments=_1(5.5.1):C1
[Test worker] INFO org.apache.solr.update.LoggingInfoStream - [IW][Test worker]: return reader version=12 reader=StandardDirectoryReader(segments_3:12:nrt _1(5.5.1):C1)
[Test worker] INFO org.apache.solr.update.LoggingInfoStream - [DW][Test worker]: Test worker finishFullFlush success=true
[Test worker] INFO org.apache.solr.update.LoggingInfoStream - [IW][Test worker]: getReader took 0 msec
[Test worker] INFO org.apache.solr.search.SolrIndexSearcher - Opening Searcher@40a0c017[core] main
[searcherExecutor-448-thread-1] INFO org.apache.solr.handler.component.SpellCheckComponent - Building spell index for spell checker: default
[Test worker] INFO org.apache.solr.update.DirectUpdateHandler2 - end_commit_flush
[searcherExecutor-448-thread-1] INFO org.apache.solr.core.SolrCore - [core] Registered new searcher Searcher@40a0c017[core] main{ExitableDirectoryReader(UninvertingDirectoryReader(Uninverting(_1(5.5.1):C1)))}
[searcherExecutor-448-thread-1] INFO org.apache.solr.update.LoggingInfoStream - [IFD][searcherExecutor-448-thread-1]: delete "_0.si"
[searcherExecutor-448-thread-1] INFO org.apache.solr.update.LoggingInfoStream - [IFD][searcherExecutor-448-thread-1]: delete "_0_Lucene50_0.doc"
[searcherExecutor-448-thread-1] INFO org.apache.solr.update.LoggingInfoStream - [IFD][searcherExecutor-448-thread-1]: delete "_0_Lucene50_0.tim"
[searcherExecutor-448-thread-1] INFO org.apache.solr.update.LoggingInfoStream - [IFD][searcherExecutor-448-thread-1]: delete "_0_Lucene54_0.dvm"
[searcherExecutor-448-thread-1] INFO org.apache.solr.update.LoggingInfoStream - [IFD][searcherExecutor-448-thread-1]: delete "_0_Lucene50_0.pos"
[searcherExecutor-448-thread-1] INFO org.apache.solr.update.LoggingInfoStream - [IFD][searcherExecutor-448-thread-1]: delete "_0.nvd"
[searcherExecutor-448-thread-1] INFO org.apache.solr.update.LoggingInfoStream - [IFD][searcherExecutor-448-thread-1]: delete "_0.fdx"
[searcherExecutor-448-thread-1] INFO org.apache.solr.update.LoggingInfoStream - [IFD][searcherExecutor-448-thread-1]: delete "_0_Lucene54_0.dvd"
[searcherExecutor-448-thread-1] INFO org.apache.solr.update.LoggingInfoStream - [IFD][searcherExecutor-448-thread-1]: delete "_0_Lucene50_0.tip"
[searcherExecutor-448-thread-1] INFO org.apache.solr.update.LoggingInfoStream - [IFD][searcherExecutor-448-thread-1]: delete "_0.fdt"
[searcherExecutor-448-thread-1] INFO org.apache.solr.update.LoggingInfoStream - [IFD][searcherExecutor-448-thread-1]: delete "_0.nvm"
[searcherExecutor-448-thread-1] INFO org.apache.solr.update.LoggingInfoStream - [IFD][searcherExecutor-448-thread-1]: delete "_0.fnm"
[searcherExecutor-448-thread-1] INFO org.apache.solr.update.LoggingInfoStream - [IW][searcherExecutor-448-thread-1]: decRefDeleter for NRT reader version=6 segments=_0(5.5.1):C1
[Test worker] INFO org.apache.solr.update.processor.LogUpdateProcessorFactory - [core]  webapp=null path=/update params={commit=true&softCommit=false&waitSearcher=true}{commit=} 0 65
[Test worker] INFO org.apache.solr.core.SolrCore.Request - [core]  webapp=null path=/get params={qt=/get&id=1} status=0 QTime=0
[Test worker] INFO org.apache.solr.update.processor.LogUpdateProcessorFactory - [core]  webapp=null path=/update params={}{add=[1 (1576087839623348224)]} 0 1
[Test worker] INFO org.apache.solr.core.SolrCore.Request - [core]  webapp=null path=/select params={q=!(+_id_:1)%26(_root_:1)} hits=0 status=0 QTime=0
[Test worker] INFO org.apache.solr.update.DirectUpdateHandler2 - start commit{,optimize=false,openSearcher=true,waitSearcher=true,expungeDeletes=false,softCommit=false,prepareCommit=false}
[Test worker] INFO org.apache.solr.update.LoggingInfoStream - [IW][Test worker]: commit: start
[Test worker] INFO org.apache.solr.update.LoggingInfoStream - [IW][Test worker]: commit: enter lock
[Test worker] INFO org.apache.solr.update.LoggingInfoStream - [IW][Test worker]: commit: now prepare
[Test worker] INFO org.apache.solr.update.LoggingInfoStream - [IW][Test worker]: prepareCommit: flush
[Test worker] INFO org.apache.solr.update.LoggingInfoStream - [IW][Test worker]:   index before flush _1(5.5.1):C1
[Test worker] INFO org.apache.solr.update.LoggingInfoStream - [DW][Test worker]: startFullFlush
[Test worker] INFO org.apache.solr.update.LoggingInfoStream - [DW][Test worker]: anyChanges? numDocsInRam=1 deletes=true hasTickets:false pendingChangesInFullFlush: false
[Test worker] INFO org.apache.solr.update.LoggingInfoStream - [DWFC][Test worker]: addFlushableState DocumentsWriterPerThread [pendingDeletes=gen=0, segment=_2, aborted=false, numDocsInRAM=1, deleteQueue=DWDQ: [ generation: 5 ]]
[Test worker] INFO org.apache.solr.update.LoggingInfoStream - [DWPT][Test worker]: flush postings as segment _2 numDocs=1
[Test worker] INFO org.apache.solr.update.LoggingInfoStream - [IW][Test worker]: 0 msec to write norms
[Test worker] INFO org.apache.solr.update.LoggingInfoStream - [IW][Test worker]: 0 msec to write docValues
[Test worker] INFO org.apache.solr.update.LoggingInfoStream - [IW][Test worker]: 0 msec to finish stored fields
[Test worker] INFO org.apache.solr.update.LoggingInfoStream - [IW][Test worker]: 0 msec to write postings and finish vectors
[Test worker] INFO org.apache.solr.update.LoggingInfoStream - [IW][Test worker]: 0 msec to write fieldInfos
[Test worker] INFO org.apache.solr.update.LoggingInfoStream - [DWPT][Test worker]: new segment has 0 deleted docs
[Test worker] INFO org.apache.solr.update.LoggingInfoStream - [DWPT][Test worker]: new segment has no vectors; norms; docValues; prox; freqs
[Test worker] INFO org.apache.solr.update.LoggingInfoStream - [DWPT][Test worker]: flushedFiles=[_2_Lucene54_0.dvd, _2.nvd, _2.fdt, _2.nvm, _2_Lucene54_0.dvm, _2_Lucene50_0.pos, _2.fnm, _2.fdx, _2_Lucene50_0.doc, _2_Lucene50_0.tim, _2_Lucene50_0.tip]
[Test worker] INFO org.apache.solr.update.LoggingInfoStream - [DWPT][Test worker]: flushed codec=Lucene54
[Test worker] INFO org.apache.solr.update.LoggingInfoStream - [DWPT][Test worker]: flushed: segment=_2 ramUsed=0.192 MB newFlushedSize=0.003 MB docs/MB=377.865
[Test worker] INFO org.apache.solr.update.LoggingInfoStream - [DW][Test worker]: publishFlushedSegment seg-private updates=null
[Test worker] INFO org.apache.solr.update.LoggingInfoStream - [IW][Test worker]: publishFlushedSegment
[Test worker] INFO org.apache.solr.update.LoggingInfoStream - [BD][Test worker]: push deletes  1 deleted terms (unique count=1) bytesUsed=1072 segmentPrivate?=false delGen=10 packetCount=1 totBytesUsed=1072
[Test worker] INFO org.apache.solr.update.LoggingInfoStream - [IW][Test worker]: publish sets newSegment delGen=11 seg=_2(5.5.1):C1
[Test worker] INFO org.apache.solr.update.LoggingInfoStream - [IFD][Test worker]: now checkpoint "_1(5.5.1):C1 _2(5.5.1):C1" [2 segments ; isCommit = false]
[Test worker] INFO org.apache.solr.update.LoggingInfoStream - [IFD][Test worker]: 0 msec to checkpoint
[Test worker] INFO org.apache.solr.update.LoggingInfoStream - [IW][Test worker]: apply all deletes during flush
[Test worker] INFO org.apache.solr.update.LoggingInfoStream - [IW][Test worker]: now apply all deletes for all segments maxDoc=2
[Test worker] INFO org.apache.solr.update.LoggingInfoStream - [BD][Test worker]: applyDeletes: open segment readers took 0 msec
[Test worker] INFO org.apache.solr.update.LoggingInfoStream - [BD][Test worker]: applyDeletes: infos=[_1(5.5.1):C1, _2(5.5.1):C1] packetCount=1
[Test worker] INFO org.apache.solr.update.LoggingInfoStream - [BD][Test worker]: applyTermDeletes took 0.1 msec for 2 segments and 1 packets; 1 del terms visited; 2 seg terms visited
[Test worker] INFO org.apache.solr.update.LoggingInfoStream - [BD][Test worker]: applyDeletes: 1 new deleted documents
[Test worker] INFO org.apache.solr.update.LoggingInfoStream - [BD][Test worker]: applyDeletes took 1 msec for 2 segments, 0 newly deleted docs (query deletes), 1 visited terms, allDeleted=[_1(5.5.1):C1]
[Test worker] INFO org.apache.solr.update.LoggingInfoStream - [IFD][Test worker]: now checkpoint "_1(5.5.1):C1/1 _2(5.5.1):C1" [2 segments ; isCommit = false]
[Test worker] INFO org.apache.solr.update.LoggingInfoStream - [IFD][Test worker]: 0 msec to checkpoint
[Test worker] INFO org.apache.solr.update.LoggingInfoStream - [IW][Test worker]: drop 100% deleted segments: _1(5.5.1):C1/1
[Test worker] INFO org.apache.solr.update.LoggingInfoStream - [IFD][Test worker]: now checkpoint "_2(5.5.1):C1" [1 segments ; isCommit = false]
[Test worker] INFO org.apache.solr.update.LoggingInfoStream - [IFD][Test worker]: 0 msec to checkpoint
[Test worker] INFO org.apache.solr.update.LoggingInfoStream - [BD][Test worker]: prune sis=segments_3: _2(5.5.1):C1 minGen=12 packetCount=1
[Test worker] INFO org.apache.solr.update.LoggingInfoStream - [BD][Test worker]: pruneDeletes: prune 1 packets; 0 packets remain
[Test worker] INFO org.apache.solr.update.LoggingInfoStream - [DW][Test worker]: Test worker finishFullFlush success=true
[Test worker] INFO org.apache.solr.update.LoggingInfoStream - [TMP][Test worker]: findMerges: 1 segments
[Test worker] INFO org.apache.solr.update.LoggingInfoStream - [TMP][Test worker]:   seg=_2(5.5.1):C1 size=0.003 MB [floored]
[Test worker] INFO org.apache.solr.update.LoggingInfoStream - [TMP][Test worker]:   allowedSegmentCount=1 vs count=1 (eligible count=1) tooBigCount=0
[Test worker] INFO org.apache.solr.update.LoggingInfoStream - [MS][Test worker]: now merge
[Test worker] INFO org.apache.solr.update.LoggingInfoStream - [MS][Test worker]:   index: _2(5.5.1):C1
[Test worker] INFO org.apache.solr.update.LoggingInfoStream - [MS][Test worker]:   no more merges pending; now return
[Test worker] INFO org.apache.solr.update.LoggingInfoStream - [IW][Test worker]: startCommit(): start
[Test worker] INFO org.apache.solr.update.LoggingInfoStream - [IW][Test worker]: startCommit index=_2(5.5.1):C1 changeCount=16
[Test worker] INFO org.apache.solr.update.LoggingInfoStream - [IW][Test worker]: startCommit: wrote pending segments file "pending_segments_4"
[Test worker] INFO org.apache.solr.update.LoggingInfoStream - [IW][Test worker]: done all syncs: [_2_Lucene54_0.dvd, _2.nvd, _2.si, _2.fdt, _2_Lucene54_0.dvm, _2_Lucene50_0.pos, _2.nvm, _2.fnm, _2.fdx, _2_Lucene50_0.doc, _2_Lucene50_0.tim, _2_Lucene50_0.tip]
[Test worker] INFO org.apache.solr.update.LoggingInfoStream - [IW][Test worker]: commit: pendingCommit != null
[Test worker] INFO org.apache.solr.update.LoggingInfoStream - [IW][Test worker]: commit: done writing segments file "segments_4"
[Test worker] INFO org.apache.solr.update.LoggingInfoStream - [IFD][Test worker]: now checkpoint "_2(5.5.1):C1" [1 segments ; isCommit = true]
[Test worker] INFO org.apache.solr.core.SolrDeletionPolicy - SolrDeletionPolicy.onCommit: commits: num=2
	commit{dir=NRTCachingDirectory(MMapDirectory@/tmp/solr-home1403060732219336219/core/data/index lockFactory=org.apache.lucene.store.NativeFSLockFactory@2c3d74f6; maxCacheMB=48.0 maxMergeSizeMB=4.0),segFN=segments_3,generation=3}
	commit{dir=NRTCachingDirectory(MMapDirectory@/tmp/solr-home1403060732219336219/core/data/index lockFactory=org.apache.lucene.store.NativeFSLockFactory@2c3d74f6; maxCacheMB=48.0 maxMergeSizeMB=4.0),segFN=segments_4,generation=4}
[Test worker] INFO org.apache.solr.core.SolrDeletionPolicy - newest commit generation = 4
[Test worker] INFO org.apache.solr.update.LoggingInfoStream - [IFD][Test worker]: deleteCommits: now decRef commit "segments_3"
[Test worker] INFO org.apache.solr.update.LoggingInfoStream - [IFD][Test worker]: delete "segments_3"
[Test worker] INFO org.apache.solr.update.LoggingInfoStream - [IFD][Test worker]: 0 msec to checkpoint
[Test worker] INFO org.apache.solr.update.LoggingInfoStream - [IW][Test worker]: commit: took 55.7 msec
[Test worker] INFO org.apache.solr.update.LoggingInfoStream - [IW][Test worker]: commit: done
[Test worker] INFO org.apache.solr.update.LoggingInfoStream - [IW][Test worker]: nrtIsCurrent: infoVersion matches: false; DW changes: false; BD changes: false
[Test worker] INFO org.apache.solr.update.LoggingInfoStream - [IW][Test worker]: flush at getReader
[Test worker] INFO org.apache.solr.update.LoggingInfoStream - [DW][Test worker]: startFullFlush
[Test worker] INFO org.apache.solr.update.LoggingInfoStream - [IW][Test worker]: apply all deletes during flush
[Test worker] INFO org.apache.solr.update.LoggingInfoStream - [IW][Test worker]: now apply all deletes for all segments maxDoc=1
[Test worker] INFO org.apache.solr.update.LoggingInfoStream - [BD][Test worker]: applyDeletes: open segment readers took 0 msec
[Test worker] INFO org.apache.solr.update.LoggingInfoStream - [BD][Test worker]: applyDeletes: no segments; skipping
[Test worker] INFO org.apache.solr.update.LoggingInfoStream - [BD][Test worker]: prune sis=segments_4: _2(5.5.1):C1 minGen=12 packetCount=0
[Test worker] INFO org.apache.solr.update.LoggingInfoStream - [IW][Test worker]: incRefDeleter for NRT reader version=18 segments=_2(5.5.1):C1
[Test worker] INFO org.apache.solr.update.LoggingInfoStream - [IW][Test worker]: return reader version=18 reader=StandardDirectoryReader(segments_4:18:nrt _2(5.5.1):C1)
[Test worker] INFO org.apache.solr.update.LoggingInfoStream - [DW][Test worker]: Test worker finishFullFlush success=true
[Test worker] INFO org.apache.solr.update.LoggingInfoStream - [IW][Test worker]: getReader took 1 msec
[Test worker] INFO org.apache.solr.search.SolrIndexSearcher - Opening Searcher@693c19f4[core] main
[Test worker] INFO org.apache.solr.update.DirectUpdateHandler2 - end_commit_flush
[searcherExecutor-448-thread-1] INFO org.apache.solr.handler.component.SpellCheckComponent - Building spell index for spell checker: default
[searcherExecutor-448-thread-1] INFO org.apache.solr.core.SolrCore - [core] Registered new searcher Searcher@693c19f4[core] main{ExitableDirectoryReader(UninvertingDirectoryReader(Uninverting(_2(5.5.1):C1)))}
[searcherExecutor-448-thread-1] INFO org.apache.solr.update.LoggingInfoStream - [IFD][searcherExecutor-448-thread-1]: delete "_1_Lucene50_0.doc"
[searcherExecutor-448-thread-1] INFO org.apache.solr.update.LoggingInfoStream - [IFD][searcherExecutor-448-thread-1]: delete "_1_Lucene50_0.tim"
[searcherExecutor-448-thread-1] INFO org.apache.solr.update.LoggingInfoStream - [IFD][searcherExecutor-448-thread-1]: delete "_1.si"
[searcherExecutor-448-thread-1] INFO org.apache.solr.update.LoggingInfoStream - [IFD][searcherExecutor-448-thread-1]: delete "_1_Lucene54_0.dvd"
[searcherExecutor-448-thread-1] INFO org.apache.solr.update.LoggingInfoStream - [IFD][searcherExecutor-448-thread-1]: delete "_1.nvd"
[searcherExecutor-448-thread-1] INFO org.apache.solr.update.LoggingInfoStream - [IFD][searcherExecutor-448-thread-1]: delete "_1_Lucene50_0.pos"
[searcherExecutor-448-thread-1] INFO org.apache.solr.update.LoggingInfoStream - [IFD][searcherExecutor-448-thread-1]: delete "_1.fdx"
[searcherExecutor-448-thread-1] INFO org.apache.solr.update.LoggingInfoStream - [IFD][searcherExecutor-448-thread-1]: delete "_1.nvm"
[searcherExecutor-448-thread-1] INFO org.apache.solr.update.LoggingInfoStream - [IFD][searcherExecutor-448-thread-1]: delete "_1.fnm"
[searcherExecutor-448-thread-1] INFO org.apache.solr.update.LoggingInfoStream - [IFD][searcherExecutor-448-thread-1]: delete "_1_Lucene54_0.dvm"
[searcherExecutor-448-thread-1] INFO org.apache.solr.update.LoggingInfoStream - [IFD][searcherExecutor-448-thread-1]: delete "_1.fdt"
[searcherExecutor-448-thread-1] INFO org.apache.solr.update.LoggingInfoStream - [IFD][searcherExecutor-448-thread-1]: delete "_1_Lucene50_0.tip"
[searcherExecutor-448-thread-1] INFO org.apache.solr.update.LoggingInfoStream - [IW][searcherExecutor-448-thread-1]: decRefDeleter for NRT reader version=12 segments=_1(5.5.1):C1
[Test worker] INFO org.apache.solr.update.processor.LogUpdateProcessorFactory - [core]  webapp=null path=/update params={commit=true&softCommit=false&waitSearcher=true}{commit=} 0 68
[Test worker] INFO org.apache.solr.core.SolrCore.Request - [core]  webapp=null path=/get params={qt=/get&id=1} status=0 QTime=0
[Test worker] INFO org.apache.solr.core.CoreContainer - Shutting down CoreContainer instance=686078202
[coreCloseExecutor-453-thread-1] INFO org.apache.solr.core.SolrCore - [core]  CLOSING SolrCore org.apache.solr.core.SolrCore@3ce09850
[coreCloseExecutor-453-thread-1] INFO org.apache.solr.update.DirectUpdateHandler2 - closing DirectUpdateHandler2{commits=3,autocommit maxTime=15000ms,autocommits=0,soft autocommits=0,optimizes=0,rollbacks=0,expungeDeletes=0,docsPending=0,adds=0,deletesById=0,deletesByQuery=0,errors=0,cumulative_adds=3,cumulative_deletesById=0,cumulative_deletesByQuery=0,cumulative_errors=0,transaction_logs_total_size=787,transaction_logs_total_number=3}
[coreCloseExecutor-453-thread-1] INFO org.apache.solr.update.SolrCoreState - Closing SolrCoreState
[coreCloseExecutor-453-thread-1] INFO org.apache.solr.update.DefaultSolrCoreState - SolrCoreState ref count has reached 0 - closing IndexWriter
[coreCloseExecutor-453-thread-1] INFO org.apache.solr.update.DefaultSolrCoreState - closing IndexWriter with IndexWriterCloser
[coreCloseExecutor-453-thread-1] INFO org.apache.solr.update.LoggingInfoStream - [IW][coreCloseExecutor-453-thread-1]: now flush at close
[coreCloseExecutor-453-thread-1] INFO org.apache.solr.update.LoggingInfoStream - [IW][coreCloseExecutor-453-thread-1]:   start flush: applyAllDeletes=true
[coreCloseExecutor-453-thread-1] INFO org.apache.solr.update.LoggingInfoStream - [IW][coreCloseExecutor-453-thread-1]:   index before flush _2(5.5.1):C1
[coreCloseExecutor-453-thread-1] INFO org.apache.solr.update.LoggingInfoStream - [DW][coreCloseExecutor-453-thread-1]: startFullFlush
[coreCloseExecutor-453-thread-1] INFO org.apache.solr.update.LoggingInfoStream - [DW][coreCloseExecutor-453-thread-1]: coreCloseExecutor-453-thread-1 finishFullFlush success=true
[coreCloseExecutor-453-thread-1] INFO org.apache.solr.update.LoggingInfoStream - [IW][coreCloseExecutor-453-thread-1]: apply all deletes during flush
[coreCloseExecutor-453-thread-1] INFO org.apache.solr.update.LoggingInfoStream - [IW][coreCloseExecutor-453-thread-1]: now apply all deletes for all segments maxDoc=1
[coreCloseExecutor-453-thread-1] INFO org.apache.solr.update.LoggingInfoStream - [BD][coreCloseExecutor-453-thread-1]: applyDeletes: open segment readers took 0 msec
[coreCloseExecutor-453-thread-1] INFO org.apache.solr.update.LoggingInfoStream - [BD][coreCloseExecutor-453-thread-1]: applyDeletes: no segments; skipping
[coreCloseExecutor-453-thread-1] INFO org.apache.solr.update.LoggingInfoStream - [BD][coreCloseExecutor-453-thread-1]: prune sis=segments_4: _2(5.5.1):C1 minGen=12 packetCount=0
[coreCloseExecutor-453-thread-1] INFO org.apache.solr.update.LoggingInfoStream - [MS][coreCloseExecutor-453-thread-1]: updateMergeThreads ioThrottle=true targetMBPerSec=10240.0 MB/sec
[coreCloseExecutor-453-thread-1] INFO org.apache.solr.update.LoggingInfoStream - [MS][coreCloseExecutor-453-thread-1]: now merge
[coreCloseExecutor-453-thread-1] INFO org.apache.solr.update.LoggingInfoStream - [MS][coreCloseExecutor-453-thread-1]:   index: _2(5.5.1):C1
[coreCloseExecutor-453-thread-1] INFO org.apache.solr.update.LoggingInfoStream - [MS][coreCloseExecutor-453-thread-1]:   no more merges pending; now return
[coreCloseExecutor-453-thread-1] INFO org.apache.solr.update.LoggingInfoStream - [IW][coreCloseExecutor-453-thread-1]: waitForMerges
[coreCloseExecutor-453-thread-1] INFO org.apache.solr.update.LoggingInfoStream - [IW][coreCloseExecutor-453-thread-1]: waitForMerges done
[coreCloseExecutor-453-thread-1] INFO org.apache.solr.update.LoggingInfoStream - [IW][coreCloseExecutor-453-thread-1]: commit: start
[coreCloseExecutor-453-thread-1] INFO org.apache.solr.update.LoggingInfoStream - [IW][coreCloseExecutor-453-thread-1]: commit: enter lock
[coreCloseExecutor-453-thread-1] INFO org.apache.solr.update.LoggingInfoStream - [IW][coreCloseExecutor-453-thread-1]: commit: now prepare
[coreCloseExecutor-453-thread-1] INFO org.apache.solr.update.LoggingInfoStream - [IW][coreCloseExecutor-453-thread-1]: prepareCommit: flush
[coreCloseExecutor-453-thread-1] INFO org.apache.solr.update.LoggingInfoStream - [IW][coreCloseExecutor-453-thread-1]:   index before flush _2(5.5.1):C1
[coreCloseExecutor-453-thread-1] INFO org.apache.solr.update.LoggingInfoStream - [DW][coreCloseExecutor-453-thread-1]: startFullFlush
[coreCloseExecutor-453-thread-1] INFO org.apache.solr.update.LoggingInfoStream - [IW][coreCloseExecutor-453-thread-1]: apply all deletes during flush
[coreCloseExecutor-453-thread-1] INFO org.apache.solr.update.LoggingInfoStream - [IW][coreCloseExecutor-453-thread-1]: now apply all deletes for all segments maxDoc=1
[coreCloseExecutor-453-thread-1] INFO org.apache.solr.update.LoggingInfoStream - [BD][coreCloseExecutor-453-thread-1]: applyDeletes: open segment readers took 0 msec
[coreCloseExecutor-453-thread-1] INFO org.apache.solr.update.LoggingInfoStream - [BD][coreCloseExecutor-453-thread-1]: applyDeletes: no segments; skipping
[coreCloseExecutor-453-thread-1] INFO org.apache.solr.update.LoggingInfoStream - [BD][coreCloseExecutor-453-thread-1]: prune sis=segments_4: _2(5.5.1):C1 minGen=12 packetCount=0
[coreCloseExecutor-453-thread-1] INFO org.apache.solr.update.LoggingInfoStream - [DW][coreCloseExecutor-453-thread-1]: coreCloseExecutor-453-thread-1 finishFullFlush success=true
[coreCloseExecutor-453-thread-1] INFO org.apache.solr.update.LoggingInfoStream - [IW][coreCloseExecutor-453-thread-1]: startCommit(): start
[coreCloseExecutor-453-thread-1] INFO org.apache.solr.update.LoggingInfoStream - [IW][coreCloseExecutor-453-thread-1]:   skip startCommit(): no changes pending
[coreCloseExecutor-453-thread-1] INFO org.apache.solr.update.LoggingInfoStream - [IW][coreCloseExecutor-453-thread-1]: commit: pendingCommit == null; skip
[coreCloseExecutor-453-thread-1] INFO org.apache.solr.update.LoggingInfoStream - [IW][coreCloseExecutor-453-thread-1]: commit: took 1.7 msec
[coreCloseExecutor-453-thread-1] INFO org.apache.solr.update.LoggingInfoStream - [IW][coreCloseExecutor-453-thread-1]: commit: done
[coreCloseExecutor-453-thread-1] INFO org.apache.solr.update.LoggingInfoStream - [IW][coreCloseExecutor-453-thread-1]: rollback
[coreCloseExecutor-453-thread-1] INFO org.apache.solr.update.LoggingInfoStream - [IW][coreCloseExecutor-453-thread-1]: all running merges have aborted
[coreCloseExecutor-453-thread-1] INFO org.apache.solr.update.LoggingInfoStream - [IW][coreCloseExecutor-453-thread-1]: rollback: done finish merges
[coreCloseExecutor-453-thread-1] INFO org.apache.solr.update.LoggingInfoStream - [DW][coreCloseExecutor-453-thread-1]: abort
[coreCloseExecutor-453-thread-1] INFO org.apache.solr.update.LoggingInfoStream - [DW][coreCloseExecutor-453-thread-1]: done abort success=true
[coreCloseExecutor-453-thread-1] INFO org.apache.solr.update.LoggingInfoStream - [IW][coreCloseExecutor-453-thread-1]: rollback: infos=_2(5.5.1):C1
[coreCloseExecutor-453-thread-1] INFO org.apache.solr.update.LoggingInfoStream - [IFD][coreCloseExecutor-453-thread-1]: now checkpoint "_2(5.5.1):C1" [1 segments ; isCommit = false]
[coreCloseExecutor-453-thread-1] INFO org.apache.solr.update.LoggingInfoStream - [IFD][coreCloseExecutor-453-thread-1]: 0 msec to checkpoint
[coreCloseExecutor-453-thread-1] INFO org.apache.solr.core.SolrCore - [core] Closing main searcher on request.
[coreCloseExecutor-453-thread-1] INFO org.apache.solr.core.CachingDirectoryFactory - Closing NRTCachingDirectoryFactory - 2 directories currently being tracked
[coreCloseExecutor-453-thread-1] INFO org.apache.solr.core.CachingDirectoryFactory - looking to close /tmp/solr-home1403060732219336219/core/data/index [CachedDir<<refCount=0;path=/tmp/solr-home1403060732219336219/core/data/index;done=false>>]
[coreCloseExecutor-453-thread-1] INFO org.apache.solr.core.CachingDirectoryFactory - Closing directory: /tmp/solr-home1403060732219336219/core/data/index
[coreCloseExecutor-453-thread-1] INFO org.apache.solr.core.CachingDirectoryFactory - looking to close /tmp/solr-home1403060732219336219/core/data [CachedDir<<refCount=0;path=/tmp/solr-home1403060732219336219/core/data;done=false>>]
[coreCloseExecutor-453-thread-1] INFO org.apache.solr.core.CachingDirectoryFactory - Closing directory: /tmp/solr-home1403060732219336219/core/data
[Test worker] INFO com.rbmhtechnology.vind.solr.SolrSearchServer - No server provider of type class com.rbmhtechnology.vind.solr.EmbeddedSolrServerProvider found in classpath for server com.rbmhtechnology.vind.solr.SolrSearchServer
[Test worker] INFO com.rbmhtechnology.vind.solr.SolrSearchServer - No server provider of type class com.rbmhtechnology.vind.solr.EmbeddedSolrServerProvider found in classpath for server com.rbmhtechnology.vind.solr.SolrSearchServer
[Test worker] INFO org.apache.solr.core.SolrResourceLoader - new SolrResourceLoader for directory: '/tmp/solr-home5862195178653226836'
[Test worker] INFO org.apache.solr.core.SolrResourceLoader - JNDI not configured for solr (NoInitialContextEx)
[Test worker] INFO org.apache.solr.core.SolrResourceLoader - solr home defaulted to 'solr/' (could not find system property or JNDI)
[Test worker] INFO org.apache.solr.core.SolrXmlConfig - Loading container configuration from /tmp/solr-home5862195178653226836/solr.xml
[Test worker] INFO org.apache.solr.core.CorePropertiesLocator - Config-defined core root directory: /tmp/solr-home5862195178653226836
[Test worker] INFO org.apache.solr.core.CoreContainer - New CoreContainer 1988566504
[Test worker] INFO org.apache.solr.core.CoreContainer - Loading cores into CoreContainer [instanceDir=/tmp/solr-home5862195178653226836]
[Test worker] WARN org.apache.solr.core.CoreContainer - Couldn't add files from /tmp/solr-home5862195178653226836/lib to classpath: /tmp/solr-home5862195178653226836/lib
[Test worker] INFO org.apache.solr.handler.component.HttpShardHandlerFactory - created with socketTimeout : 120000,connTimeout : 15000,maxConnectionsPerHost : 20,maxConnections : 10000,corePoolSize : 0,maximumPoolSize : 2147483647,maxThreadIdleTime : 5,sizeOfQueue : -1,fairnessPolicy : false,useRetries : false,
[Test worker] INFO org.apache.solr.update.UpdateShardHandler - Creating UpdateShardHandler HTTP client with params: socketTimeout=600000&connTimeout=60000&retry=true
[Test worker] INFO org.apache.solr.logging.LogWatcher - SLF4J impl is org.slf4j.impl.SimpleLoggerFactory
[Test worker] INFO org.apache.solr.logging.LogWatcher - No LogWatcher configured
[Test worker] INFO org.apache.solr.core.CoreContainer - Security conf doesn't exist. Skipping setup for authorization module.
[Test worker] INFO org.apache.solr.core.CoreContainer - No authentication plugin used.
[Test worker] INFO org.apache.solr.core.CorePropertiesLocator - Looking for core definitions underneath /tmp/solr-home5862195178653226836
[Test worker] INFO org.apache.solr.core.CoreDescriptor - Created CoreDescriptor: {runtimeLib=false, name=core, config=solrconfig.xml, loadOnStartup=true, schema=schema.xml, configSetProperties=configsetprops.json, transient=false, dataDir=data/}
[Test worker] INFO org.apache.solr.core.CorePropertiesLocator - Found core core in /tmp/solr-home5862195178653226836/core
[Test worker] INFO org.apache.solr.core.CorePropertiesLocator - Found 1 core definitions
[coreLoadExecutor-460-thread-1] INFO org.apache.solr.core.SolrResourceLoader - new SolrResourceLoader for directory: '/tmp/solr-home5862195178653226836/core'
[coreLoadExecutor-460-thread-1] INFO org.apache.solr.core.SolrResourceLoader - JNDI not configured for solr (NoInitialContextEx)
[coreLoadExecutor-460-thread-1] INFO org.apache.solr.core.SolrResourceLoader - solr home defaulted to 'solr/' (could not find system property or JNDI)
[coreLoadExecutor-460-thread-1] INFO org.apache.solr.core.SolrResourceLoader - Adding 'file:/tmp/solr-home5862195178653226836/core/lib/marker-search-handler-0.3.0.jar' to classloader
[coreLoadExecutor-460-thread-1] INFO org.apache.solr.core.SolrResourceLoader - Adding 'file:/tmp/solr-home5862195178653226836/core/lib/suggestion-request-handler-2.1.0.jar' to classloader
[coreLoadExecutor-460-thread-1] INFO org.apache.solr.core.SolrConfig - current version of requestparams : -1
[coreLoadExecutor-460-thread-1] INFO org.apache.solr.update.SolrIndexConfig - IndexWriter infoStream solr logging is enabled
[coreLoadExecutor-460-thread-1] INFO org.apache.solr.core.SolrConfig - Using Lucene MatchVersion: 5.5.0
[coreLoadExecutor-460-thread-1] INFO org.apache.solr.core.SolrConfig - Loaded SolrConfig: solrconfig.xml
[coreLoadExecutor-460-thread-1] INFO org.apache.solr.schema.ManagedIndexSchemaFactory - The schema is configured as managed, but managed schema resource managed-schema not found - loading non-managed schema schema.xml instead
[coreLoadExecutor-460-thread-1] INFO org.apache.solr.schema.IndexSchema - [core] Schema name=basic search lib core
[coreLoadExecutor-460-thread-1] INFO org.apache.solr.schema.IndexSchema - unique key field: _id_
[coreLoadExecutor-460-thread-1] INFO org.apache.solr.schema.ManagedIndexSchema - Upgraded to managed schema at /tmp/solr-home5862195178653226836/core/conf/managed-schema
[coreLoadExecutor-460-thread-1] INFO org.apache.solr.schema.ManagedIndexSchemaFactory - After upgrading to managed schema, renamed the non-managed schema /tmp/solr-home5862195178653226836/core/conf/schema.xml to /tmp/solr-home5862195178653226836/core/conf/schema.xml.bak
[coreLoadExecutor-460-thread-1] INFO org.apache.solr.core.ConfigSetProperties - Did not find ConfigSet properties, assuming default properties: Can't find resource 'configsetprops.json' in classpath or '/tmp/solr-home5862195178653226836/core'
[coreLoadExecutor-460-thread-1] INFO org.apache.solr.core.CoreContainer - Creating SolrCore 'core' using configuration from instancedir /tmp/solr-home5862195178653226836/core
[coreLoadExecutor-460-thread-1] INFO org.apache.solr.core.SolrCore - solr.NRTCachingDirectoryFactory
[coreLoadExecutor-460-thread-1] INFO org.apache.solr.core.SolrCore - [[core] ] Opening new SolrCore at [/tmp/solr-home5862195178653226836/core], dataDir=[/tmp/solr-home5862195178653226836/core/data/]
[coreLoadExecutor-460-thread-1] INFO org.apache.solr.core.JmxMonitoredMap - No JMX servers found, not exposing Solr information with JMX.
[coreLoadExecutor-460-thread-1] INFO org.apache.solr.core.SchemaCodecFactory - Using default compressionMode: BEST_SPEED
[coreLoadExecutor-460-thread-1] INFO org.apache.solr.core.CachingDirectoryFactory - return new directory for /tmp/solr-home5862195178653226836/core/data
[coreLoadExecutor-460-thread-1] INFO org.apache.solr.core.SolrCore - New index directory detected: old=null new=/tmp/solr-home5862195178653226836/core/data/index/
[coreLoadExecutor-460-thread-1] WARN org.apache.solr.core.SolrCore - [core] Solr index directory '/tmp/solr-home5862195178653226836/core/data/index' doesn't exist. Creating new index...
[coreLoadExecutor-460-thread-1] INFO org.apache.solr.core.CachingDirectoryFactory - return new directory for /tmp/solr-home5862195178653226836/core/data/index
[coreLoadExecutor-460-thread-1] INFO org.apache.solr.update.LoggingInfoStream - [IFD][coreLoadExecutor-460-thread-1]: init: current segments file is "segments"; deletionPolicy=org.apache.solr.core.IndexDeletionPolicyWrapper@19af4448
[coreLoadExecutor-460-thread-1] INFO org.apache.solr.update.LoggingInfoStream - [IFD][coreLoadExecutor-460-thread-1]: now checkpoint "" [0 segments ; isCommit = false]
[coreLoadExecutor-460-thread-1] INFO org.apache.solr.update.LoggingInfoStream - [IFD][coreLoadExecutor-460-thread-1]: 0 msec to checkpoint
[coreLoadExecutor-460-thread-1] INFO org.apache.solr.update.LoggingInfoStream - [IW][coreLoadExecutor-460-thread-1]: init: create=true
[coreLoadExecutor-460-thread-1] INFO org.apache.solr.update.LoggingInfoStream - [IW][coreLoadExecutor-460-thread-1]: 
dir=NRTCachingDirectory(MMapDirectory@/tmp/solr-home5862195178653226836/core/data/index lockFactory=org.apache.lucene.store.NativeFSLockFactory@2c3d74f6; maxCacheMB=48.0 maxMergeSizeMB=4.0)
index=
version=5.5.1
analyzer=org.apache.solr.update.SolrIndexConfig$DelayedSchemaAnalyzer
ramBufferSizeMB=100.0
maxBufferedDocs=-1
maxBufferedDeleteTerms=-1
mergedSegmentWarmer=null
delPolicy=org.apache.solr.core.IndexDeletionPolicyWrapper
commit=null
openMode=CREATE
similarity=org.apache.lucene.search.similarities.ClassicSimilarity
mergeScheduler=ConcurrentMergeScheduler: maxThreadCount=-1, maxMergeCount=-1, ioThrottle=true
default WRITE_LOCK_TIMEOUT=0
writeLockTimeout=0
codec=Lucene54
infoStream=org.apache.solr.update.LoggingInfoStream
mergePolicy=[TieredMergePolicy: maxMergeAtOnce=10, maxMergeAtOnceExplicit=30, maxMergedSegmentMB=5120.0, floorSegmentMB=2.0, forceMergeDeletesPctAllowed=10.0, segmentsPerTier=10.0, maxCFSSegmentSizeMB=8.796093022207999E12, noCFSRatio=0.1
indexerThreadPool=org.apache.lucene.index.DocumentsWriterPerThreadPool@2f656747
readerPooling=false
perThreadHardLimitMB=1945
useCompoundFile=false
commitOnClose=true
writer=org.apache.solr.update.SolrIndexWriter@9d1b54f

[coreLoadExecutor-460-thread-1] INFO org.apache.solr.update.LoggingInfoStream - [IW][coreLoadExecutor-460-thread-1]: MMapDirectory.UNMAP_SUPPORTED=true
[coreLoadExecutor-460-thread-1] INFO org.apache.solr.update.LoggingInfoStream - [IW][coreLoadExecutor-460-thread-1]: now flush at close
[coreLoadExecutor-460-thread-1] INFO org.apache.solr.update.LoggingInfoStream - [IW][coreLoadExecutor-460-thread-1]:   start flush: applyAllDeletes=true
[coreLoadExecutor-460-thread-1] INFO org.apache.solr.update.LoggingInfoStream - [IW][coreLoadExecutor-460-thread-1]:   index before flush 
[coreLoadExecutor-460-thread-1] INFO org.apache.solr.update.LoggingInfoStream - [DW][coreLoadExecutor-460-thread-1]: startFullFlush
[coreLoadExecutor-460-thread-1] INFO org.apache.solr.update.LoggingInfoStream - [DW][coreLoadExecutor-460-thread-1]: coreLoadExecutor-460-thread-1 finishFullFlush success=true
[coreLoadExecutor-460-thread-1] INFO org.apache.solr.update.LoggingInfoStream - [IW][coreLoadExecutor-460-thread-1]: apply all deletes during flush
[coreLoadExecutor-460-thread-1] INFO org.apache.solr.update.LoggingInfoStream - [IW][coreLoadExecutor-460-thread-1]: now apply all deletes for all segments maxDoc=0
[coreLoadExecutor-460-thread-1] INFO org.apache.solr.update.LoggingInfoStream - [BD][coreLoadExecutor-460-thread-1]: prune sis=segments:  minGen=9223372036854775807 packetCount=0
[coreLoadExecutor-460-thread-1] INFO org.apache.solr.update.LoggingInfoStream - [MS][coreLoadExecutor-460-thread-1]: initDynamicDefaults spins=false maxThreadCount=2 maxMergeCount=7
[coreLoadExecutor-460-thread-1] INFO org.apache.solr.update.LoggingInfoStream - [MS][coreLoadExecutor-460-thread-1]: updateMergeThreads ioThrottle=true targetMBPerSec=10240.0 MB/sec
[coreLoadExecutor-460-thread-1] INFO org.apache.solr.update.LoggingInfoStream - [MS][coreLoadExecutor-460-thread-1]: now merge
[coreLoadExecutor-460-thread-1] INFO org.apache.solr.update.LoggingInfoStream - [MS][coreLoadExecutor-460-thread-1]:   index: 
[coreLoadExecutor-460-thread-1] INFO org.apache.solr.update.LoggingInfoStream - [MS][coreLoadExecutor-460-thread-1]:   no more merges pending; now return
[coreLoadExecutor-460-thread-1] INFO org.apache.solr.update.LoggingInfoStream - [IW][coreLoadExecutor-460-thread-1]: waitForMerges
[coreLoadExecutor-460-thread-1] INFO org.apache.solr.update.LoggingInfoStream - [IW][coreLoadExecutor-460-thread-1]: waitForMerges done
[coreLoadExecutor-460-thread-1] INFO org.apache.solr.update.LoggingInfoStream - [IW][coreLoadExecutor-460-thread-1]: commit: start
[coreLoadExecutor-460-thread-1] INFO org.apache.solr.update.LoggingInfoStream - [IW][coreLoadExecutor-460-thread-1]: commit: enter lock
[coreLoadExecutor-460-thread-1] INFO org.apache.solr.update.LoggingInfoStream - [IW][coreLoadExecutor-460-thread-1]: commit: now prepare
[coreLoadExecutor-460-thread-1] INFO org.apache.solr.update.LoggingInfoStream - [IW][coreLoadExecutor-460-thread-1]: prepareCommit: flush
[coreLoadExecutor-460-thread-1] INFO org.apache.solr.update.LoggingInfoStream - [IW][coreLoadExecutor-460-thread-1]:   index before flush 
[coreLoadExecutor-460-thread-1] INFO org.apache.solr.update.LoggingInfoStream - [DW][coreLoadExecutor-460-thread-1]: startFullFlush
[coreLoadExecutor-460-thread-1] INFO org.apache.solr.update.LoggingInfoStream - [IW][coreLoadExecutor-460-thread-1]: apply all deletes during flush
[coreLoadExecutor-460-thread-1] INFO org.apache.solr.update.LoggingInfoStream - [IW][coreLoadExecutor-460-thread-1]: now apply all deletes for all segments maxDoc=0
[coreLoadExecutor-460-thread-1] INFO org.apache.solr.update.LoggingInfoStream - [BD][coreLoadExecutor-460-thread-1]: prune sis=segments:  minGen=9223372036854775807 packetCount=0
[coreLoadExecutor-460-thread-1] INFO org.apache.solr.update.LoggingInfoStream - [DW][coreLoadExecutor-460-thread-1]: coreLoadExecutor-460-thread-1 finishFullFlush success=true
[coreLoadExecutor-460-thread-1] INFO org.apache.solr.update.LoggingInfoStream - [IW][coreLoadExecutor-460-thread-1]: startCommit(): start
[coreLoadExecutor-460-thread-1] INFO org.apache.solr.update.LoggingInfoStream - [IW][coreLoadExecutor-460-thread-1]: startCommit index= changeCount=2
[coreLoadExecutor-460-thread-1] INFO org.apache.solr.update.LoggingInfoStream - [IW][coreLoadExecutor-460-thread-1]: startCommit: wrote pending segments file "pending_segments_1"
[coreLoadExecutor-460-thread-1] INFO org.apache.solr.update.LoggingInfoStream - [IW][coreLoadExecutor-460-thread-1]: done all syncs: []
[coreLoadExecutor-460-thread-1] INFO org.apache.solr.update.LoggingInfoStream - [IW][coreLoadExecutor-460-thread-1]: commit: pendingCommit != null
[coreLoadExecutor-460-thread-1] INFO org.apache.solr.update.LoggingInfoStream - [IW][coreLoadExecutor-460-thread-1]: commit: done writing segments file "segments_1"
[coreLoadExecutor-460-thread-1] INFO org.apache.solr.update.LoggingInfoStream - [IFD][coreLoadExecutor-460-thread-1]: now checkpoint "" [0 segments ; isCommit = true]
[coreLoadExecutor-460-thread-1] INFO org.apache.solr.core.SolrDeletionPolicy - SolrDeletionPolicy.onCommit: commits: num=1
	commit{dir=NRTCachingDirectory(MMapDirectory@/tmp/solr-home5862195178653226836/core/data/index lockFactory=org.apache.lucene.store.NativeFSLockFactory@2c3d74f6; maxCacheMB=48.0 maxMergeSizeMB=4.0),segFN=segments_1,generation=1}
[coreLoadExecutor-460-thread-1] INFO org.apache.solr.core.SolrDeletionPolicy - newest commit generation = 1
[coreLoadExecutor-460-thread-1] INFO org.apache.solr.update.LoggingInfoStream - [IFD][coreLoadExecutor-460-thread-1]: 0 msec to checkpoint
[coreLoadExecutor-460-thread-1] INFO org.apache.solr.update.LoggingInfoStream - [IW][coreLoadExecutor-460-thread-1]: commit: took 7.6 msec
[coreLoadExecutor-460-thread-1] INFO org.apache.solr.update.LoggingInfoStream - [IW][coreLoadExecutor-460-thread-1]: commit: done
[coreLoadExecutor-460-thread-1] INFO org.apache.solr.update.LoggingInfoStream - [IW][coreLoadExecutor-460-thread-1]: rollback
[coreLoadExecutor-460-thread-1] INFO org.apache.solr.update.LoggingInfoStream - [IW][coreLoadExecutor-460-thread-1]: all running merges have aborted
[coreLoadExecutor-460-thread-1] INFO org.apache.solr.update.LoggingInfoStream - [IW][coreLoadExecutor-460-thread-1]: rollback: done finish merges
[coreLoadExecutor-460-thread-1] INFO org.apache.solr.update.LoggingInfoStream - [DW][coreLoadExecutor-460-thread-1]: abort
[coreLoadExecutor-460-thread-1] INFO org.apache.solr.update.LoggingInfoStream - [DW][coreLoadExecutor-460-thread-1]: done abort success=true
[coreLoadExecutor-460-thread-1] INFO org.apache.solr.update.LoggingInfoStream - [IW][coreLoadExecutor-460-thread-1]: rollback: infos=
[coreLoadExecutor-460-thread-1] INFO org.apache.solr.update.LoggingInfoStream - [IFD][coreLoadExecutor-460-thread-1]: now checkpoint "" [0 segments ; isCommit = false]
[coreLoadExecutor-460-thread-1] INFO org.apache.solr.update.LoggingInfoStream - [IFD][coreLoadExecutor-460-thread-1]: 0 msec to checkpoint
[OldIndexDirectoryCleanupThreadForCore-core] INFO org.apache.solr.core.SolrCore - Looking for old index directories to cleanup for core core in /tmp/solr-home5862195178653226836/core/data/
[coreLoadExecutor-460-thread-1] INFO org.apache.solr.core.SolrCore - no updateRequestProcessorChain defined as default, creating implicit default
[coreLoadExecutor-460-thread-1] INFO org.apache.solr.handler.loader.XMLLoader - xsltCacheLifetimeSeconds=60
[coreLoadExecutor-460-thread-1] INFO org.apache.solr.handler.loader.XMLLoader - xsltCacheLifetimeSeconds=60
[coreLoadExecutor-460-thread-1] INFO org.apache.solr.handler.loader.XMLLoader - xsltCacheLifetimeSeconds=60
[coreLoadExecutor-460-thread-1] INFO org.apache.solr.handler.loader.XMLLoader - xsltCacheLifetimeSeconds=60
[coreLoadExecutor-460-thread-1] INFO org.apache.solr.core.RequestHandlers - Registered paths: /admin/mbeans,,/update/csv,/update/json/docs,/admin/luke,/select,/suggester,/admin/segments,/get,/admin/system,/replication,/admin/properties,/config,/schema,/admin/plugins,/admin/logging,/update/json,/admin/threads,/admin/ping,/update,/admin/file
[coreLoadExecutor-460-thread-1] INFO org.apache.solr.core.SolrCore - Using default statsCache cache: org.apache.solr.search.stats.LocalStatsCache
[coreLoadExecutor-460-thread-1] INFO org.apache.solr.update.UpdateHandler - Using UpdateLog implementation: org.apache.solr.update.UpdateLog
[coreLoadExecutor-460-thread-1] INFO org.apache.solr.update.UpdateLog - Initializing UpdateLog: dataDir= defaultSyncLevel=FLUSH numRecordsToKeep=100 maxNumLogsToKeep=10 numVersionBuckets=65536
[coreLoadExecutor-460-thread-1] INFO org.apache.solr.update.CommitTracker - Hard AutoCommit: if uncommited for 15000ms; 
[coreLoadExecutor-460-thread-1] INFO org.apache.solr.update.CommitTracker - Soft AutoCommit: disabled
[coreLoadExecutor-460-thread-1] INFO org.apache.solr.update.LoggingInfoStream - [IFD][coreLoadExecutor-460-thread-1]: init: current segments file is "segments_1"; deletionPolicy=org.apache.solr.core.IndexDeletionPolicyWrapper@19af4448
[coreLoadExecutor-460-thread-1] INFO org.apache.solr.update.LoggingInfoStream - [IFD][coreLoadExecutor-460-thread-1]: init: load commit "segments_1"
[coreLoadExecutor-460-thread-1] INFO org.apache.solr.core.SolrDeletionPolicy - SolrDeletionPolicy.onInit: commits: num=1
	commit{dir=NRTCachingDirectory(MMapDirectory@/tmp/solr-home5862195178653226836/core/data/index lockFactory=org.apache.lucene.store.NativeFSLockFactory@2c3d74f6; maxCacheMB=48.0 maxMergeSizeMB=4.0),segFN=segments_1,generation=1}
[coreLoadExecutor-460-thread-1] INFO org.apache.solr.core.SolrDeletionPolicy - newest commit generation = 1
[coreLoadExecutor-460-thread-1] INFO org.apache.solr.update.LoggingInfoStream - [IFD][coreLoadExecutor-460-thread-1]: now checkpoint "" [0 segments ; isCommit = false]
[coreLoadExecutor-460-thread-1] INFO org.apache.solr.update.LoggingInfoStream - [IFD][coreLoadExecutor-460-thread-1]: 0 msec to checkpoint
[coreLoadExecutor-460-thread-1] INFO org.apache.solr.update.LoggingInfoStream - [IW][coreLoadExecutor-460-thread-1]: init: create=false
[coreLoadExecutor-460-thread-1] INFO org.apache.solr.update.LoggingInfoStream - [IW][coreLoadExecutor-460-thread-1]: 
dir=NRTCachingDirectory(MMapDirectory@/tmp/solr-home5862195178653226836/core/data/index lockFactory=org.apache.lucene.store.NativeFSLockFactory@2c3d74f6; maxCacheMB=48.0 maxMergeSizeMB=4.0)
index=
version=5.5.1
analyzer=org.apache.solr.update.SolrIndexConfig$DelayedSchemaAnalyzer
ramBufferSizeMB=100.0
maxBufferedDocs=-1
maxBufferedDeleteTerms=-1
mergedSegmentWarmer=null
delPolicy=org.apache.solr.core.IndexDeletionPolicyWrapper
commit=null
openMode=APPEND
similarity=org.apache.lucene.search.similarities.ClassicSimilarity
mergeScheduler=ConcurrentMergeScheduler: maxThreadCount=-1, maxMergeCount=-1, ioThrottle=true
default WRITE_LOCK_TIMEOUT=0
writeLockTimeout=0
codec=Lucene54
infoStream=org.apache.solr.update.LoggingInfoStream
mergePolicy=[TieredMergePolicy: maxMergeAtOnce=10, maxMergeAtOnceExplicit=30, maxMergedSegmentMB=5120.0, floorSegmentMB=2.0, forceMergeDeletesPctAllowed=10.0, segmentsPerTier=10.0, maxCFSSegmentSizeMB=8.796093022207999E12, noCFSRatio=0.1
indexerThreadPool=org.apache.lucene.index.DocumentsWriterPerThreadPool@457a5e00
readerPooling=false
perThreadHardLimitMB=1945
useCompoundFile=false
commitOnClose=true
writer=org.apache.solr.update.SolrIndexWriter@3f452ae5

[coreLoadExecutor-460-thread-1] INFO org.apache.solr.update.LoggingInfoStream - [IW][coreLoadExecutor-460-thread-1]: MMapDirectory.UNMAP_SUPPORTED=true
[coreLoadExecutor-460-thread-1] INFO org.apache.solr.update.LoggingInfoStream - [IW][coreLoadExecutor-460-thread-1]: flush at getReader
[coreLoadExecutor-460-thread-1] INFO org.apache.solr.update.LoggingInfoStream - [DW][coreLoadExecutor-460-thread-1]: startFullFlush
[coreLoadExecutor-460-thread-1] INFO org.apache.solr.update.LoggingInfoStream - [IW][coreLoadExecutor-460-thread-1]: apply all deletes during flush
[coreLoadExecutor-460-thread-1] INFO org.apache.solr.update.LoggingInfoStream - [IW][coreLoadExecutor-460-thread-1]: now apply all deletes for all segments maxDoc=0
[coreLoadExecutor-460-thread-1] INFO org.apache.solr.update.LoggingInfoStream - [BD][coreLoadExecutor-460-thread-1]: prune sis=segments_1:  minGen=9223372036854775807 packetCount=0
[coreLoadExecutor-460-thread-1] INFO org.apache.solr.update.LoggingInfoStream - [IW][coreLoadExecutor-460-thread-1]: incRefDeleter for NRT reader version=2 segments=
[coreLoadExecutor-460-thread-1] INFO org.apache.solr.update.LoggingInfoStream - [IW][coreLoadExecutor-460-thread-1]: return reader version=2 reader=StandardDirectoryReader(segments_1:2:nrt)
[coreLoadExecutor-460-thread-1] INFO org.apache.solr.update.LoggingInfoStream - [DW][coreLoadExecutor-460-thread-1]: coreLoadExecutor-460-thread-1 finishFullFlush success=true
[coreLoadExecutor-460-thread-1] INFO org.apache.solr.update.LoggingInfoStream - [IW][coreLoadExecutor-460-thread-1]: getReader took 0 msec
[coreLoadExecutor-460-thread-1] INFO org.apache.solr.search.SolrIndexSearcher - Opening Searcher@3c20afcb[core] main
[coreLoadExecutor-460-thread-1] INFO org.apache.solr.rest.ManagedResourceStorage - File-based storage initialized to use dir: /tmp/solr-home5862195178653226836/core/conf
[coreLoadExecutor-460-thread-1] INFO org.apache.solr.rest.RestManager - Initializing RestManager with initArgs: {storageDir=/tmp/solr-home5862195178653226836/core/conf}
[coreLoadExecutor-460-thread-1] INFO org.apache.solr.rest.ManagedResourceStorage - Reading _rest_managed.json using file:dir=/tmp/solr-home5862195178653226836/core/conf
[coreLoadExecutor-460-thread-1] INFO org.apache.solr.rest.RestManager - Initializing 0 registered ManagedResources
[coreLoadExecutor-460-thread-1] INFO org.apache.solr.handler.component.SpellCheckComponent - Initializing spell checkers
[coreLoadExecutor-460-thread-1] INFO org.apache.solr.handler.component.SpellCheckComponent - Registering newSearcher listener for spellchecker: default
[coreLoadExecutor-460-thread-1] INFO org.apache.solr.handler.component.SpellCheckComponent - No queryConverter defined, using default converter
[coreLoadExecutor-460-thread-1] INFO org.apache.solr.handler.ReplicationHandler - Commits will be reserved for  10000
[coreLoadExecutor-460-thread-1] INFO org.apache.solr.update.UpdateLog - Looking up max value of version field to seed version buckets
[coreLoadExecutor-460-thread-1] INFO org.apache.solr.update.VersionInfo - Refreshing highest value of _version_ for 65536 version buckets from index
[coreLoadExecutor-460-thread-1] INFO org.apache.solr.update.VersionInfo - No terms found for _version_, cannot seed version bucket highest value from index
[searcherExecutor-461-thread-1] INFO org.apache.solr.handler.component.SpellCheckComponent - Loading spell index for spellchecker: default
[coreLoadExecutor-460-thread-1] INFO org.apache.solr.update.UpdateLog - Could not find max version in index or recent updates, using new clock 1576087839803703296
[searcherExecutor-461-thread-1] INFO org.apache.solr.core.SolrCore - [core] Registered new searcher Searcher@3c20afcb[core] main{ExitableDirectoryReader(UninvertingDirectoryReader())}
[coreLoadExecutor-460-thread-1] INFO org.apache.solr.update.UpdateLog - Took 1.0ms to seed version buckets with highest version 1576087839803703296
[coreLoadExecutor-460-thread-1] INFO org.apache.solr.core.CoreContainer - registering core: core
[Test worker] INFO org.apache.solr.core.SolrCore.Request - [core]  webapp=null path=/admin/ping params={} hits=0 status=0 QTime=0
[Test worker] INFO org.apache.solr.core.SolrCore.Request - [core]  webapp=null path=/admin/ping params={} status=0 QTime=0
[Test worker] INFO com.rbmhtechnology.vind.solr.SolrSearchServer - Connection to solr server successful
[Test worker] INFO org.apache.solr.core.SolrCore.Request - [core]  webapp=null path=/schema params={} status=0 QTime=0
[Test worker] INFO com.rbmhtechnology.vind.solr.SolrSearchServer - No server provider of type class com.rbmhtechnology.vind.solr.EmbeddedSolrServerProvider found in classpath for server com.rbmhtechnology.vind.solr.SolrSearchServer
[Test worker] INFO org.apache.solr.update.processor.LogUpdateProcessorFactory - [core]  webapp=null path=/update params={}{add=[1 (1576087839808946176)]} 0 2
[Test worker] INFO org.apache.solr.update.processor.LogUpdateProcessorFactory - [core]  webapp=null path=/update params={}{add=[2 (1576087839812091904)]} 0 1
[Test worker] INFO org.apache.solr.update.processor.LogUpdateProcessorFactory - [core]  webapp=null path=/update params={}{add=[3 (1576087839814189056)]} 0 1
[Test worker] INFO org.apache.solr.update.DirectUpdateHandler2 - start commit{,optimize=false,openSearcher=true,waitSearcher=true,expungeDeletes=false,softCommit=false,prepareCommit=false}
[Test worker] INFO org.apache.solr.update.LoggingInfoStream - [IW][Test worker]: commit: start
[Test worker] INFO org.apache.solr.update.LoggingInfoStream - [IW][Test worker]: commit: enter lock
[Test worker] INFO org.apache.solr.update.LoggingInfoStream - [IW][Test worker]: commit: now prepare
[Test worker] INFO org.apache.solr.update.LoggingInfoStream - [IW][Test worker]: prepareCommit: flush
[Test worker] INFO org.apache.solr.update.LoggingInfoStream - [IW][Test worker]:   index before flush 
[Test worker] INFO org.apache.solr.update.LoggingInfoStream - [DW][Test worker]: startFullFlush
[Test worker] INFO org.apache.solr.update.LoggingInfoStream - [DW][Test worker]: anyChanges? numDocsInRam=3 deletes=true hasTickets:false pendingChangesInFullFlush: false
[Test worker] INFO org.apache.solr.update.LoggingInfoStream - [DWFC][Test worker]: addFlushableState DocumentsWriterPerThread [pendingDeletes=gen=0 2 deleted terms (unique count=2) bytesUsed=338, segment=_0, aborted=false, numDocsInRAM=3, deleteQueue=DWDQ: [ generation: 1 ]]
[Test worker] INFO org.apache.solr.update.LoggingInfoStream - [DWPT][Test worker]: flush postings as segment _0 numDocs=3
[Test worker] INFO org.apache.solr.update.LoggingInfoStream - [IW][Test worker]: 0 msec to write norms
[Test worker] INFO org.apache.solr.update.LoggingInfoStream - [IW][Test worker]: 0 msec to write docValues
[Test worker] INFO org.apache.solr.update.LoggingInfoStream - [IW][Test worker]: 0 msec to finish stored fields
[Test worker] INFO org.apache.solr.update.LoggingInfoStream - [IW][Test worker]: 0 msec to write postings and finish vectors
[Test worker] INFO org.apache.solr.update.LoggingInfoStream - [IW][Test worker]: 0 msec to write fieldInfos
[Test worker] INFO org.apache.solr.update.LoggingInfoStream - [DWPT][Test worker]: new segment has 0 deleted docs
[Test worker] INFO org.apache.solr.update.LoggingInfoStream - [DWPT][Test worker]: new segment has no vectors; norms; docValues; prox; freqs
[Test worker] INFO org.apache.solr.update.LoggingInfoStream - [DWPT][Test worker]: flushedFiles=[_0_Lucene54_0.dvm, _0_Lucene50_0.doc, _0_Lucene50_0.tim, _0_Lucene50_0.pos, _0.nvd, _0.fdx, _0_Lucene54_0.dvd, _0_Lucene50_0.tip, _0.fdt, _0.nvm, _0.fnm]
[Test worker] INFO org.apache.solr.update.LoggingInfoStream - [DWPT][Test worker]: flushed codec=Lucene54
[Test worker] INFO org.apache.solr.update.LoggingInfoStream - [DWPT][Test worker]: flushed: segment=_0 ramUsed=0.379 MB newFlushedSize=0.006 MB docs/MB=488.164
[Test worker] INFO org.apache.solr.update.LoggingInfoStream - [DW][Test worker]: publishFlushedSegment seg-private updates=null
[Test worker] INFO org.apache.solr.update.LoggingInfoStream - [IW][Test worker]: publishFlushedSegment
[Test worker] INFO org.apache.solr.update.LoggingInfoStream - [BD][Test worker]: push deletes  3 deleted terms (unique count=3) bytesUsed=1072 segmentPrivate?=false delGen=2 packetCount=1 totBytesUsed=1072
[Test worker] INFO org.apache.solr.update.LoggingInfoStream - [IW][Test worker]: publish sets newSegment delGen=3 seg=_0(5.5.1):C3
[Test worker] INFO org.apache.solr.update.LoggingInfoStream - [IFD][Test worker]: now checkpoint "_0(5.5.1):C3" [1 segments ; isCommit = false]
[Test worker] INFO org.apache.solr.update.LoggingInfoStream - [IFD][Test worker]: 0 msec to checkpoint
[Test worker] INFO org.apache.solr.update.LoggingInfoStream - [IW][Test worker]: apply all deletes during flush
[Test worker] INFO org.apache.solr.update.LoggingInfoStream - [IW][Test worker]: now apply all deletes for all segments maxDoc=3
[Test worker] INFO org.apache.solr.update.LoggingInfoStream - [BD][Test worker]: applyDeletes: open segment readers took 0 msec
[Test worker] INFO org.apache.solr.update.LoggingInfoStream - [BD][Test worker]: applyDeletes: infos=[_0(5.5.1):C3] packetCount=1
[Test worker] INFO org.apache.solr.update.LoggingInfoStream - [BD][Test worker]: applyDeletes took 0 msec for 1 segments, 0 newly deleted docs (query deletes), 0 visited terms, allDeleted=null
[Test worker] INFO org.apache.solr.update.LoggingInfoStream - [BD][Test worker]: prune sis=segments_1: _0(5.5.1):C3 minGen=3 packetCount=1
[Test worker] INFO org.apache.solr.update.LoggingInfoStream - [BD][Test worker]: pruneDeletes: prune 1 packets; 0 packets remain
[Test worker] INFO org.apache.solr.update.LoggingInfoStream - [DW][Test worker]: Test worker finishFullFlush success=true
[Test worker] INFO org.apache.solr.update.LoggingInfoStream - [TMP][Test worker]: findMerges: 1 segments
[Test worker] INFO org.apache.solr.update.LoggingInfoStream - [TMP][Test worker]:   seg=_0(5.5.1):C3 size=0.006 MB [floored]
[Test worker] INFO org.apache.solr.update.LoggingInfoStream - [TMP][Test worker]:   allowedSegmentCount=1 vs count=1 (eligible count=1) tooBigCount=0
[Test worker] INFO org.apache.solr.update.LoggingInfoStream - [MS][Test worker]: initDynamicDefaults spins=false maxThreadCount=2 maxMergeCount=7
[Test worker] INFO org.apache.solr.update.LoggingInfoStream - [MS][Test worker]: now merge
[Test worker] INFO org.apache.solr.update.LoggingInfoStream - [MS][Test worker]:   index: _0(5.5.1):C3
[Test worker] INFO org.apache.solr.update.LoggingInfoStream - [MS][Test worker]:   no more merges pending; now return
[Test worker] INFO org.apache.solr.update.LoggingInfoStream - [IW][Test worker]: startCommit(): start
[Test worker] INFO org.apache.solr.update.LoggingInfoStream - [IW][Test worker]: startCommit index=_0(5.5.1):C3 changeCount=4
[Test worker] INFO org.apache.solr.update.LoggingInfoStream - [IW][Test worker]: startCommit: wrote pending segments file "pending_segments_2"
[Test worker] INFO org.apache.solr.update.LoggingInfoStream - [IW][Test worker]: done all syncs: [_0.si, _0_Lucene50_0.doc, _0_Lucene50_0.tim, _0_Lucene54_0.dvm, _0_Lucene50_0.pos, _0.nvd, _0.fdx, _0_Lucene54_0.dvd, _0_Lucene50_0.tip, _0.fdt, _0.nvm, _0.fnm]
[Test worker] INFO org.apache.solr.update.LoggingInfoStream - [IW][Test worker]: commit: pendingCommit != null
[Test worker] INFO org.apache.solr.update.LoggingInfoStream - [IW][Test worker]: commit: done writing segments file "segments_2"
[Test worker] INFO org.apache.solr.update.LoggingInfoStream - [IFD][Test worker]: now checkpoint "_0(5.5.1):C3" [1 segments ; isCommit = true]
[Test worker] INFO org.apache.solr.core.SolrDeletionPolicy - SolrDeletionPolicy.onCommit: commits: num=2
	commit{dir=NRTCachingDirectory(MMapDirectory@/tmp/solr-home5862195178653226836/core/data/index lockFactory=org.apache.lucene.store.NativeFSLockFactory@2c3d74f6; maxCacheMB=48.0 maxMergeSizeMB=4.0),segFN=segments_1,generation=1}
	commit{dir=NRTCachingDirectory(MMapDirectory@/tmp/solr-home5862195178653226836/core/data/index lockFactory=org.apache.lucene.store.NativeFSLockFactory@2c3d74f6; maxCacheMB=48.0 maxMergeSizeMB=4.0),segFN=segments_2,generation=2}
[Test worker] INFO org.apache.solr.core.SolrDeletionPolicy - newest commit generation = 2
[Test worker] INFO org.apache.solr.update.LoggingInfoStream - [IFD][Test worker]: deleteCommits: now decRef commit "segments_1"
[Test worker] INFO org.apache.solr.update.LoggingInfoStream - [IFD][Test worker]: delete "segments_1"
[Test worker] INFO org.apache.solr.update.LoggingInfoStream - [IFD][Test worker]: 0 msec to checkpoint
[Test worker] INFO org.apache.solr.update.LoggingInfoStream - [IW][Test worker]: commit: took 60.1 msec
[Test worker] INFO org.apache.solr.update.LoggingInfoStream - [IW][Test worker]: commit: done
[Test worker] INFO org.apache.solr.update.LoggingInfoStream - [IW][Test worker]: nrtIsCurrent: infoVersion matches: false; DW changes: false; BD changes: false
[Test worker] INFO org.apache.solr.update.LoggingInfoStream - [IW][Test worker]: flush at getReader
[Test worker] INFO org.apache.solr.update.LoggingInfoStream - [DW][Test worker]: startFullFlush
[Test worker] INFO org.apache.solr.update.LoggingInfoStream - [IW][Test worker]: apply all deletes during flush
[Test worker] INFO org.apache.solr.update.LoggingInfoStream - [IW][Test worker]: now apply all deletes for all segments maxDoc=3
[Test worker] INFO org.apache.solr.update.LoggingInfoStream - [BD][Test worker]: applyDeletes: open segment readers took 0 msec
[Test worker] INFO org.apache.solr.update.LoggingInfoStream - [BD][Test worker]: applyDeletes: no segments; skipping
[Test worker] INFO org.apache.solr.update.LoggingInfoStream - [BD][Test worker]: prune sis=segments_2: _0(5.5.1):C3 minGen=3 packetCount=0
[Test worker] INFO org.apache.solr.update.LoggingInfoStream - [IW][Test worker]: incRefDeleter for NRT reader version=6 segments=_0(5.5.1):C3
[Test worker] INFO org.apache.solr.update.LoggingInfoStream - [IW][Test worker]: return reader version=6 reader=StandardDirectoryReader(segments_2:6:nrt _0(5.5.1):C3)
[Test worker] INFO org.apache.solr.update.LoggingInfoStream - [DW][Test worker]: Test worker finishFullFlush success=true
[Test worker] INFO org.apache.solr.update.LoggingInfoStream - [IW][Test worker]: getReader took 1 msec
[Test worker] INFO org.apache.solr.search.SolrIndexSearcher - Opening Searcher@1b6cb57a[core] main
[Test worker] INFO org.apache.solr.update.DirectUpdateHandler2 - end_commit_flush
[searcherExecutor-461-thread-1] INFO org.apache.solr.handler.component.SpellCheckComponent - Building spell index for spell checker: default
[searcherExecutor-461-thread-1] INFO org.apache.solr.core.SolrCore - [core] Registered new searcher Searcher@1b6cb57a[core] main{ExitableDirectoryReader(UninvertingDirectoryReader(Uninverting(_0(5.5.1):C3)))}
[searcherExecutor-461-thread-1] INFO org.apache.solr.update.LoggingInfoStream - [IW][searcherExecutor-461-thread-1]: decRefDeleter for NRT reader version=2 segments=
[Test worker] INFO org.apache.solr.update.processor.LogUpdateProcessorFactory - [core]  webapp=null path=/update params={commit=true&softCommit=false&waitSearcher=true}{commit=} 0 88
[Test worker] INFO org.apache.solr.core.SolrCore.Request - [core]  webapp=null path=/select params={q=hello&fl=*,score&qf=dynamic_single_none_title^1.0&defType=edismax&fq=_type_:asset&facet=true&facet.mincount=1&facet.limit=2&facet.field=dynamic_multi_facet_long_category&sort=dynamic_single_sort_date_created+Desc&bf=&start=0&rows=10} hits=2 status=0 QTime=1
[Test worker] INFO org.apache.solr.core.CoreContainer - Shutting down CoreContainer instance=1988566504
[coreCloseExecutor-466-thread-1] INFO org.apache.solr.core.SolrCore - [core]  CLOSING SolrCore org.apache.solr.core.SolrCore@303dc64b
[coreCloseExecutor-466-thread-1] INFO org.apache.solr.update.DirectUpdateHandler2 - closing DirectUpdateHandler2{commits=1,autocommit maxTime=15000ms,autocommits=0,soft autocommits=0,optimizes=0,rollbacks=0,expungeDeletes=0,docsPending=0,adds=0,deletesById=0,deletesByQuery=0,errors=0,cumulative_adds=3,cumulative_deletesById=0,cumulative_deletesByQuery=0,cumulative_errors=0,transaction_logs_total_size=1222,transaction_logs_total_number=1}
[coreCloseExecutor-466-thread-1] INFO org.apache.solr.update.SolrCoreState - Closing SolrCoreState
[coreCloseExecutor-466-thread-1] INFO org.apache.solr.update.DefaultSolrCoreState - SolrCoreState ref count has reached 0 - closing IndexWriter
[coreCloseExecutor-466-thread-1] INFO org.apache.solr.update.DefaultSolrCoreState - closing IndexWriter with IndexWriterCloser
[coreCloseExecutor-466-thread-1] INFO org.apache.solr.update.LoggingInfoStream - [IW][coreCloseExecutor-466-thread-1]: now flush at close
[coreCloseExecutor-466-thread-1] INFO org.apache.solr.update.LoggingInfoStream - [IW][coreCloseExecutor-466-thread-1]:   start flush: applyAllDeletes=true
[coreCloseExecutor-466-thread-1] INFO org.apache.solr.update.LoggingInfoStream - [IW][coreCloseExecutor-466-thread-1]:   index before flush _0(5.5.1):C3
[coreCloseExecutor-466-thread-1] INFO org.apache.solr.update.LoggingInfoStream - [DW][coreCloseExecutor-466-thread-1]: startFullFlush
[coreCloseExecutor-466-thread-1] INFO org.apache.solr.update.LoggingInfoStream - [DW][coreCloseExecutor-466-thread-1]: coreCloseExecutor-466-thread-1 finishFullFlush success=true
[coreCloseExecutor-466-thread-1] INFO org.apache.solr.update.LoggingInfoStream - [IW][coreCloseExecutor-466-thread-1]: apply all deletes during flush
[coreCloseExecutor-466-thread-1] INFO org.apache.solr.update.LoggingInfoStream - [IW][coreCloseExecutor-466-thread-1]: now apply all deletes for all segments maxDoc=3
[coreCloseExecutor-466-thread-1] INFO org.apache.solr.update.LoggingInfoStream - [BD][coreCloseExecutor-466-thread-1]: applyDeletes: open segment readers took 0 msec
[coreCloseExecutor-466-thread-1] INFO org.apache.solr.update.LoggingInfoStream - [BD][coreCloseExecutor-466-thread-1]: applyDeletes: no segments; skipping
[coreCloseExecutor-466-thread-1] INFO org.apache.solr.update.LoggingInfoStream - [BD][coreCloseExecutor-466-thread-1]: prune sis=segments_2: _0(5.5.1):C3 minGen=3 packetCount=0
[coreCloseExecutor-466-thread-1] INFO org.apache.solr.update.LoggingInfoStream - [MS][coreCloseExecutor-466-thread-1]: updateMergeThreads ioThrottle=true targetMBPerSec=10240.0 MB/sec
[coreCloseExecutor-466-thread-1] INFO org.apache.solr.update.LoggingInfoStream - [MS][coreCloseExecutor-466-thread-1]: now merge
[coreCloseExecutor-466-thread-1] INFO org.apache.solr.update.LoggingInfoStream - [MS][coreCloseExecutor-466-thread-1]:   index: _0(5.5.1):C3
[coreCloseExecutor-466-thread-1] INFO org.apache.solr.update.LoggingInfoStream - [MS][coreCloseExecutor-466-thread-1]:   no more merges pending; now return
[coreCloseExecutor-466-thread-1] INFO org.apache.solr.update.LoggingInfoStream - [IW][coreCloseExecutor-466-thread-1]: waitForMerges
[coreCloseExecutor-466-thread-1] INFO org.apache.solr.update.LoggingInfoStream - [IW][coreCloseExecutor-466-thread-1]: waitForMerges done
[coreCloseExecutor-466-thread-1] INFO org.apache.solr.update.LoggingInfoStream - [IW][coreCloseExecutor-466-thread-1]: commit: start
[coreCloseExecutor-466-thread-1] INFO org.apache.solr.update.LoggingInfoStream - [IW][coreCloseExecutor-466-thread-1]: commit: enter lock
[coreCloseExecutor-466-thread-1] INFO org.apache.solr.update.LoggingInfoStream - [IW][coreCloseExecutor-466-thread-1]: commit: now prepare
[coreCloseExecutor-466-thread-1] INFO org.apache.solr.update.LoggingInfoStream - [IW][coreCloseExecutor-466-thread-1]: prepareCommit: flush
[coreCloseExecutor-466-thread-1] INFO org.apache.solr.update.LoggingInfoStream - [IW][coreCloseExecutor-466-thread-1]:   index before flush _0(5.5.1):C3
[coreCloseExecutor-466-thread-1] INFO org.apache.solr.update.LoggingInfoStream - [DW][coreCloseExecutor-466-thread-1]: startFullFlush
[coreCloseExecutor-466-thread-1] INFO org.apache.solr.update.LoggingInfoStream - [IW][coreCloseExecutor-466-thread-1]: apply all deletes during flush
[coreCloseExecutor-466-thread-1] INFO org.apache.solr.update.LoggingInfoStream - [IW][coreCloseExecutor-466-thread-1]: now apply all deletes for all segments maxDoc=3
[coreCloseExecutor-466-thread-1] INFO org.apache.solr.update.LoggingInfoStream - [BD][coreCloseExecutor-466-thread-1]: applyDeletes: open segment readers took 0 msec
[coreCloseExecutor-466-thread-1] INFO org.apache.solr.update.LoggingInfoStream - [BD][coreCloseExecutor-466-thread-1]: applyDeletes: no segments; skipping
[coreCloseExecutor-466-thread-1] INFO org.apache.solr.update.LoggingInfoStream - [BD][coreCloseExecutor-466-thread-1]: prune sis=segments_2: _0(5.5.1):C3 minGen=3 packetCount=0
[coreCloseExecutor-466-thread-1] INFO org.apache.solr.update.LoggingInfoStream - [DW][coreCloseExecutor-466-thread-1]: coreCloseExecutor-466-thread-1 finishFullFlush success=true
[coreCloseExecutor-466-thread-1] INFO org.apache.solr.update.LoggingInfoStream - [IW][coreCloseExecutor-466-thread-1]: startCommit(): start
[coreCloseExecutor-466-thread-1] INFO org.apache.solr.update.LoggingInfoStream - [IW][coreCloseExecutor-466-thread-1]:   skip startCommit(): no changes pending
[coreCloseExecutor-466-thread-1] INFO org.apache.solr.update.LoggingInfoStream - [IW][coreCloseExecutor-466-thread-1]: commit: pendingCommit == null; skip
[coreCloseExecutor-466-thread-1] INFO org.apache.solr.update.LoggingInfoStream - [IW][coreCloseExecutor-466-thread-1]: commit: took 0.1 msec
[coreCloseExecutor-466-thread-1] INFO org.apache.solr.update.LoggingInfoStream - [IW][coreCloseExecutor-466-thread-1]: commit: done
[coreCloseExecutor-466-thread-1] INFO org.apache.solr.update.LoggingInfoStream - [IW][coreCloseExecutor-466-thread-1]: rollback
[coreCloseExecutor-466-thread-1] INFO org.apache.solr.update.LoggingInfoStream - [IW][coreCloseExecutor-466-thread-1]: all running merges have aborted
[coreCloseExecutor-466-thread-1] INFO org.apache.solr.update.LoggingInfoStream - [IW][coreCloseExecutor-466-thread-1]: rollback: done finish merges
[coreCloseExecutor-466-thread-1] INFO org.apache.solr.update.LoggingInfoStream - [DW][coreCloseExecutor-466-thread-1]: abort
[coreCloseExecutor-466-thread-1] INFO org.apache.solr.update.LoggingInfoStream - [DW][coreCloseExecutor-466-thread-1]: done abort success=true
[coreCloseExecutor-466-thread-1] INFO org.apache.solr.update.LoggingInfoStream - [IW][coreCloseExecutor-466-thread-1]: rollback: infos=_0(5.5.1):C3
[coreCloseExecutor-466-thread-1] INFO org.apache.solr.update.LoggingInfoStream - [IFD][coreCloseExecutor-466-thread-1]: now checkpoint "_0(5.5.1):C3" [1 segments ; isCommit = false]
[coreCloseExecutor-466-thread-1] INFO org.apache.solr.update.LoggingInfoStream - [IFD][coreCloseExecutor-466-thread-1]: 0 msec to checkpoint
[coreCloseExecutor-466-thread-1] INFO org.apache.solr.core.SolrCore - [core] Closing main searcher on request.
[coreCloseExecutor-466-thread-1] INFO org.apache.solr.core.CachingDirectoryFactory - Closing NRTCachingDirectoryFactory - 2 directories currently being tracked
[coreCloseExecutor-466-thread-1] INFO org.apache.solr.core.CachingDirectoryFactory - looking to close /tmp/solr-home5862195178653226836/core/data/index [CachedDir<<refCount=0;path=/tmp/solr-home5862195178653226836/core/data/index;done=false>>]
[coreCloseExecutor-466-thread-1] INFO org.apache.solr.core.CachingDirectoryFactory - Closing directory: /tmp/solr-home5862195178653226836/core/data/index
[coreCloseExecutor-466-thread-1] INFO org.apache.solr.core.CachingDirectoryFactory - looking to close /tmp/solr-home5862195178653226836/core/data [CachedDir<<refCount=0;path=/tmp/solr-home5862195178653226836/core/data;done=false>>]
[coreCloseExecutor-466-thread-1] INFO org.apache.solr.core.CachingDirectoryFactory - Closing directory: /tmp/solr-home5862195178653226836/core/data
[Test worker] INFO com.rbmhtechnology.vind.solr.SolrSearchServer - No server provider of type class com.rbmhtechnology.vind.solr.EmbeddedSolrServerProvider found in classpath for server com.rbmhtechnology.vind.solr.SolrSearchServer
[Test worker] INFO com.rbmhtechnology.vind.solr.SolrSearchServer - No server provider of type class com.rbmhtechnology.vind.solr.EmbeddedSolrServerProvider found in classpath for server com.rbmhtechnology.vind.solr.SolrSearchServer
[Test worker] INFO org.apache.solr.core.SolrResourceLoader - new SolrResourceLoader for directory: '/tmp/solr-home2493265139315873130'
[Test worker] INFO org.apache.solr.core.SolrResourceLoader - JNDI not configured for solr (NoInitialContextEx)
[Test worker] INFO org.apache.solr.core.SolrResourceLoader - solr home defaulted to 'solr/' (could not find system property or JNDI)
[Test worker] INFO org.apache.solr.core.SolrXmlConfig - Loading container configuration from /tmp/solr-home2493265139315873130/solr.xml
[Test worker] INFO org.apache.solr.core.CorePropertiesLocator - Config-defined core root directory: /tmp/solr-home2493265139315873130
[Test worker] INFO org.apache.solr.core.CoreContainer - New CoreContainer 2095410633
[Test worker] INFO org.apache.solr.core.CoreContainer - Loading cores into CoreContainer [instanceDir=/tmp/solr-home2493265139315873130]
[Test worker] WARN org.apache.solr.core.CoreContainer - Couldn't add files from /tmp/solr-home2493265139315873130/lib to classpath: /tmp/solr-home2493265139315873130/lib
[Test worker] INFO org.apache.solr.handler.component.HttpShardHandlerFactory - created with socketTimeout : 120000,connTimeout : 15000,maxConnectionsPerHost : 20,maxConnections : 10000,corePoolSize : 0,maximumPoolSize : 2147483647,maxThreadIdleTime : 5,sizeOfQueue : -1,fairnessPolicy : false,useRetries : false,
[Test worker] INFO org.apache.solr.update.UpdateShardHandler - Creating UpdateShardHandler HTTP client with params: socketTimeout=600000&connTimeout=60000&retry=true
[Test worker] INFO org.apache.solr.logging.LogWatcher - SLF4J impl is org.slf4j.impl.SimpleLoggerFactory
[Test worker] INFO org.apache.solr.logging.LogWatcher - No LogWatcher configured
[Test worker] INFO org.apache.solr.core.CoreContainer - Security conf doesn't exist. Skipping setup for authorization module.
[Test worker] INFO org.apache.solr.core.CoreContainer - No authentication plugin used.
[Test worker] INFO org.apache.solr.core.CorePropertiesLocator - Looking for core definitions underneath /tmp/solr-home2493265139315873130
[Test worker] INFO org.apache.solr.core.CoreDescriptor - Created CoreDescriptor: {runtimeLib=false, name=core, config=solrconfig.xml, loadOnStartup=true, schema=schema.xml, configSetProperties=configsetprops.json, transient=false, dataDir=data/}
[Test worker] INFO org.apache.solr.core.CorePropertiesLocator - Found core core in /tmp/solr-home2493265139315873130/core
[Test worker] INFO org.apache.solr.core.CorePropertiesLocator - Found 1 core definitions
[coreLoadExecutor-473-thread-1] INFO org.apache.solr.core.SolrResourceLoader - new SolrResourceLoader for directory: '/tmp/solr-home2493265139315873130/core'
[coreLoadExecutor-473-thread-1] INFO org.apache.solr.core.SolrResourceLoader - JNDI not configured for solr (NoInitialContextEx)
[coreLoadExecutor-473-thread-1] INFO org.apache.solr.core.SolrResourceLoader - solr home defaulted to 'solr/' (could not find system property or JNDI)
[coreLoadExecutor-473-thread-1] INFO org.apache.solr.core.SolrResourceLoader - Adding 'file:/tmp/solr-home2493265139315873130/core/lib/marker-search-handler-0.3.0.jar' to classloader
[coreLoadExecutor-473-thread-1] INFO org.apache.solr.core.SolrResourceLoader - Adding 'file:/tmp/solr-home2493265139315873130/core/lib/suggestion-request-handler-2.1.0.jar' to classloader
[coreLoadExecutor-473-thread-1] INFO org.apache.solr.core.SolrConfig - current version of requestparams : -1
[coreLoadExecutor-473-thread-1] INFO org.apache.solr.update.SolrIndexConfig - IndexWriter infoStream solr logging is enabled
[coreLoadExecutor-473-thread-1] INFO org.apache.solr.core.SolrConfig - Using Lucene MatchVersion: 5.5.0
[coreLoadExecutor-473-thread-1] INFO org.apache.solr.core.SolrConfig - Loaded SolrConfig: solrconfig.xml
[coreLoadExecutor-473-thread-1] INFO org.apache.solr.schema.ManagedIndexSchemaFactory - The schema is configured as managed, but managed schema resource managed-schema not found - loading non-managed schema schema.xml instead
[coreLoadExecutor-473-thread-1] INFO org.apache.solr.schema.IndexSchema - [core] Schema name=basic search lib core
[coreLoadExecutor-473-thread-1] INFO org.apache.solr.schema.IndexSchema - unique key field: _id_
[coreLoadExecutor-473-thread-1] INFO org.apache.solr.schema.ManagedIndexSchema - Upgraded to managed schema at /tmp/solr-home2493265139315873130/core/conf/managed-schema
[coreLoadExecutor-473-thread-1] INFO org.apache.solr.schema.ManagedIndexSchemaFactory - After upgrading to managed schema, renamed the non-managed schema /tmp/solr-home2493265139315873130/core/conf/schema.xml to /tmp/solr-home2493265139315873130/core/conf/schema.xml.bak
[coreLoadExecutor-473-thread-1] INFO org.apache.solr.core.ConfigSetProperties - Did not find ConfigSet properties, assuming default properties: Can't find resource 'configsetprops.json' in classpath or '/tmp/solr-home2493265139315873130/core'
[coreLoadExecutor-473-thread-1] INFO org.apache.solr.core.CoreContainer - Creating SolrCore 'core' using configuration from instancedir /tmp/solr-home2493265139315873130/core
[coreLoadExecutor-473-thread-1] INFO org.apache.solr.core.SolrCore - solr.NRTCachingDirectoryFactory
[coreLoadExecutor-473-thread-1] INFO org.apache.solr.core.SolrCore - [[core] ] Opening new SolrCore at [/tmp/solr-home2493265139315873130/core], dataDir=[/tmp/solr-home2493265139315873130/core/data/]
[coreLoadExecutor-473-thread-1] INFO org.apache.solr.core.JmxMonitoredMap - No JMX servers found, not exposing Solr information with JMX.
[coreLoadExecutor-473-thread-1] INFO org.apache.solr.core.SchemaCodecFactory - Using default compressionMode: BEST_SPEED
[coreLoadExecutor-473-thread-1] INFO org.apache.solr.core.CachingDirectoryFactory - return new directory for /tmp/solr-home2493265139315873130/core/data
[coreLoadExecutor-473-thread-1] INFO org.apache.solr.core.SolrCore - New index directory detected: old=null new=/tmp/solr-home2493265139315873130/core/data/index/
[coreLoadExecutor-473-thread-1] WARN org.apache.solr.core.SolrCore - [core] Solr index directory '/tmp/solr-home2493265139315873130/core/data/index' doesn't exist. Creating new index...
[coreLoadExecutor-473-thread-1] INFO org.apache.solr.core.CachingDirectoryFactory - return new directory for /tmp/solr-home2493265139315873130/core/data/index
[coreLoadExecutor-473-thread-1] INFO org.apache.solr.update.LoggingInfoStream - [IFD][coreLoadExecutor-473-thread-1]: init: current segments file is "segments"; deletionPolicy=org.apache.solr.core.IndexDeletionPolicyWrapper@7f529b6
[coreLoadExecutor-473-thread-1] INFO org.apache.solr.update.LoggingInfoStream - [IFD][coreLoadExecutor-473-thread-1]: now checkpoint "" [0 segments ; isCommit = false]
[coreLoadExecutor-473-thread-1] INFO org.apache.solr.update.LoggingInfoStream - [IFD][coreLoadExecutor-473-thread-1]: 0 msec to checkpoint
[coreLoadExecutor-473-thread-1] INFO org.apache.solr.update.LoggingInfoStream - [IW][coreLoadExecutor-473-thread-1]: init: create=true
[coreLoadExecutor-473-thread-1] INFO org.apache.solr.update.LoggingInfoStream - [IW][coreLoadExecutor-473-thread-1]: 
dir=NRTCachingDirectory(MMapDirectory@/tmp/solr-home2493265139315873130/core/data/index lockFactory=org.apache.lucene.store.NativeFSLockFactory@2c3d74f6; maxCacheMB=48.0 maxMergeSizeMB=4.0)
index=
version=5.5.1
analyzer=org.apache.solr.update.SolrIndexConfig$DelayedSchemaAnalyzer
ramBufferSizeMB=100.0
maxBufferedDocs=-1
maxBufferedDeleteTerms=-1
mergedSegmentWarmer=null
delPolicy=org.apache.solr.core.IndexDeletionPolicyWrapper
commit=null
openMode=CREATE
similarity=org.apache.lucene.search.similarities.ClassicSimilarity
mergeScheduler=ConcurrentMergeScheduler: maxThreadCount=-1, maxMergeCount=-1, ioThrottle=true
default WRITE_LOCK_TIMEOUT=0
writeLockTimeout=0
codec=Lucene54
infoStream=org.apache.solr.update.LoggingInfoStream
mergePolicy=[TieredMergePolicy: maxMergeAtOnce=10, maxMergeAtOnceExplicit=30, maxMergedSegmentMB=5120.0, floorSegmentMB=2.0, forceMergeDeletesPctAllowed=10.0, segmentsPerTier=10.0, maxCFSSegmentSizeMB=8.796093022207999E12, noCFSRatio=0.1
indexerThreadPool=org.apache.lucene.index.DocumentsWriterPerThreadPool@783c2f3c
readerPooling=false
perThreadHardLimitMB=1945
useCompoundFile=false
commitOnClose=true
writer=org.apache.solr.update.SolrIndexWriter@4eef7503

[coreLoadExecutor-473-thread-1] INFO org.apache.solr.update.LoggingInfoStream - [IW][coreLoadExecutor-473-thread-1]: MMapDirectory.UNMAP_SUPPORTED=true
[coreLoadExecutor-473-thread-1] INFO org.apache.solr.update.LoggingInfoStream - [IW][coreLoadExecutor-473-thread-1]: now flush at close
[coreLoadExecutor-473-thread-1] INFO org.apache.solr.update.LoggingInfoStream - [IW][coreLoadExecutor-473-thread-1]:   start flush: applyAllDeletes=true
[coreLoadExecutor-473-thread-1] INFO org.apache.solr.update.LoggingInfoStream - [IW][coreLoadExecutor-473-thread-1]:   index before flush 
[coreLoadExecutor-473-thread-1] INFO org.apache.solr.update.LoggingInfoStream - [DW][coreLoadExecutor-473-thread-1]: startFullFlush
[coreLoadExecutor-473-thread-1] INFO org.apache.solr.update.LoggingInfoStream - [DW][coreLoadExecutor-473-thread-1]: coreLoadExecutor-473-thread-1 finishFullFlush success=true
[coreLoadExecutor-473-thread-1] INFO org.apache.solr.update.LoggingInfoStream - [IW][coreLoadExecutor-473-thread-1]: apply all deletes during flush
[coreLoadExecutor-473-thread-1] INFO org.apache.solr.update.LoggingInfoStream - [IW][coreLoadExecutor-473-thread-1]: now apply all deletes for all segments maxDoc=0
[coreLoadExecutor-473-thread-1] INFO org.apache.solr.update.LoggingInfoStream - [BD][coreLoadExecutor-473-thread-1]: prune sis=segments:  minGen=9223372036854775807 packetCount=0
[coreLoadExecutor-473-thread-1] INFO org.apache.solr.update.LoggingInfoStream - [MS][coreLoadExecutor-473-thread-1]: initDynamicDefaults spins=false maxThreadCount=2 maxMergeCount=7
[coreLoadExecutor-473-thread-1] INFO org.apache.solr.update.LoggingInfoStream - [MS][coreLoadExecutor-473-thread-1]: updateMergeThreads ioThrottle=true targetMBPerSec=10240.0 MB/sec
[coreLoadExecutor-473-thread-1] INFO org.apache.solr.update.LoggingInfoStream - [MS][coreLoadExecutor-473-thread-1]: now merge
[coreLoadExecutor-473-thread-1] INFO org.apache.solr.update.LoggingInfoStream - [MS][coreLoadExecutor-473-thread-1]:   index: 
[coreLoadExecutor-473-thread-1] INFO org.apache.solr.update.LoggingInfoStream - [MS][coreLoadExecutor-473-thread-1]:   no more merges pending; now return
[coreLoadExecutor-473-thread-1] INFO org.apache.solr.update.LoggingInfoStream - [IW][coreLoadExecutor-473-thread-1]: waitForMerges
[coreLoadExecutor-473-thread-1] INFO org.apache.solr.update.LoggingInfoStream - [IW][coreLoadExecutor-473-thread-1]: waitForMerges done
[coreLoadExecutor-473-thread-1] INFO org.apache.solr.update.LoggingInfoStream - [IW][coreLoadExecutor-473-thread-1]: commit: start
[coreLoadExecutor-473-thread-1] INFO org.apache.solr.update.LoggingInfoStream - [IW][coreLoadExecutor-473-thread-1]: commit: enter lock
[coreLoadExecutor-473-thread-1] INFO org.apache.solr.update.LoggingInfoStream - [IW][coreLoadExecutor-473-thread-1]: commit: now prepare
[coreLoadExecutor-473-thread-1] INFO org.apache.solr.update.LoggingInfoStream - [IW][coreLoadExecutor-473-thread-1]: prepareCommit: flush
[coreLoadExecutor-473-thread-1] INFO org.apache.solr.update.LoggingInfoStream - [IW][coreLoadExecutor-473-thread-1]:   index before flush 
[coreLoadExecutor-473-thread-1] INFO org.apache.solr.update.LoggingInfoStream - [DW][coreLoadExecutor-473-thread-1]: startFullFlush
[coreLoadExecutor-473-thread-1] INFO org.apache.solr.update.LoggingInfoStream - [IW][coreLoadExecutor-473-thread-1]: apply all deletes during flush
[coreLoadExecutor-473-thread-1] INFO org.apache.solr.update.LoggingInfoStream - [IW][coreLoadExecutor-473-thread-1]: now apply all deletes for all segments maxDoc=0
[coreLoadExecutor-473-thread-1] INFO org.apache.solr.update.LoggingInfoStream - [BD][coreLoadExecutor-473-thread-1]: prune sis=segments:  minGen=9223372036854775807 packetCount=0
[coreLoadExecutor-473-thread-1] INFO org.apache.solr.update.LoggingInfoStream - [DW][coreLoadExecutor-473-thread-1]: coreLoadExecutor-473-thread-1 finishFullFlush success=true
[coreLoadExecutor-473-thread-1] INFO org.apache.solr.update.LoggingInfoStream - [IW][coreLoadExecutor-473-thread-1]: startCommit(): start
[coreLoadExecutor-473-thread-1] INFO org.apache.solr.update.LoggingInfoStream - [IW][coreLoadExecutor-473-thread-1]: startCommit index= changeCount=2
[coreLoadExecutor-473-thread-1] INFO org.apache.solr.update.LoggingInfoStream - [IW][coreLoadExecutor-473-thread-1]: startCommit: wrote pending segments file "pending_segments_1"
[coreLoadExecutor-473-thread-1] INFO org.apache.solr.update.LoggingInfoStream - [IW][coreLoadExecutor-473-thread-1]: done all syncs: []
[coreLoadExecutor-473-thread-1] INFO org.apache.solr.update.LoggingInfoStream - [IW][coreLoadExecutor-473-thread-1]: commit: pendingCommit != null
[coreLoadExecutor-473-thread-1] INFO org.apache.solr.update.LoggingInfoStream - [IW][coreLoadExecutor-473-thread-1]: commit: done writing segments file "segments_1"
[coreLoadExecutor-473-thread-1] INFO org.apache.solr.update.LoggingInfoStream - [IFD][coreLoadExecutor-473-thread-1]: now checkpoint "" [0 segments ; isCommit = true]
[coreLoadExecutor-473-thread-1] INFO org.apache.solr.core.SolrDeletionPolicy - SolrDeletionPolicy.onCommit: commits: num=1
	commit{dir=NRTCachingDirectory(MMapDirectory@/tmp/solr-home2493265139315873130/core/data/index lockFactory=org.apache.lucene.store.NativeFSLockFactory@2c3d74f6; maxCacheMB=48.0 maxMergeSizeMB=4.0),segFN=segments_1,generation=1}
[coreLoadExecutor-473-thread-1] INFO org.apache.solr.core.SolrDeletionPolicy - newest commit generation = 1
[coreLoadExecutor-473-thread-1] INFO org.apache.solr.update.LoggingInfoStream - [IFD][coreLoadExecutor-473-thread-1]: 0 msec to checkpoint
[coreLoadExecutor-473-thread-1] INFO org.apache.solr.update.LoggingInfoStream - [IW][coreLoadExecutor-473-thread-1]: commit: took 9.8 msec
[coreLoadExecutor-473-thread-1] INFO org.apache.solr.update.LoggingInfoStream - [IW][coreLoadExecutor-473-thread-1]: commit: done
[coreLoadExecutor-473-thread-1] INFO org.apache.solr.update.LoggingInfoStream - [IW][coreLoadExecutor-473-thread-1]: rollback
[coreLoadExecutor-473-thread-1] INFO org.apache.solr.update.LoggingInfoStream - [IW][coreLoadExecutor-473-thread-1]: all running merges have aborted
[coreLoadExecutor-473-thread-1] INFO org.apache.solr.update.LoggingInfoStream - [IW][coreLoadExecutor-473-thread-1]: rollback: done finish merges
[coreLoadExecutor-473-thread-1] INFO org.apache.solr.update.LoggingInfoStream - [DW][coreLoadExecutor-473-thread-1]: abort
[coreLoadExecutor-473-thread-1] INFO org.apache.solr.update.LoggingInfoStream - [DW][coreLoadExecutor-473-thread-1]: done abort success=true
[coreLoadExecutor-473-thread-1] INFO org.apache.solr.update.LoggingInfoStream - [IW][coreLoadExecutor-473-thread-1]: rollback: infos=
[coreLoadExecutor-473-thread-1] INFO org.apache.solr.update.LoggingInfoStream - [IFD][coreLoadExecutor-473-thread-1]: now checkpoint "" [0 segments ; isCommit = false]
[coreLoadExecutor-473-thread-1] INFO org.apache.solr.update.LoggingInfoStream - [IFD][coreLoadExecutor-473-thread-1]: 0 msec to checkpoint
[OldIndexDirectoryCleanupThreadForCore-core] INFO org.apache.solr.core.SolrCore - Looking for old index directories to cleanup for core core in /tmp/solr-home2493265139315873130/core/data/
[coreLoadExecutor-473-thread-1] INFO org.apache.solr.core.SolrCore - no updateRequestProcessorChain defined as default, creating implicit default
[coreLoadExecutor-473-thread-1] INFO org.apache.solr.handler.loader.XMLLoader - xsltCacheLifetimeSeconds=60
[coreLoadExecutor-473-thread-1] INFO org.apache.solr.handler.loader.XMLLoader - xsltCacheLifetimeSeconds=60
[coreLoadExecutor-473-thread-1] INFO org.apache.solr.handler.loader.XMLLoader - xsltCacheLifetimeSeconds=60
[coreLoadExecutor-473-thread-1] INFO org.apache.solr.handler.loader.XMLLoader - xsltCacheLifetimeSeconds=60
[coreLoadExecutor-473-thread-1] INFO org.apache.solr.core.RequestHandlers - Registered paths: /admin/mbeans,,/update/csv,/update/json/docs,/admin/luke,/select,/suggester,/admin/segments,/get,/admin/system,/replication,/admin/properties,/config,/schema,/admin/plugins,/admin/logging,/update/json,/admin/threads,/admin/ping,/update,/admin/file
[coreLoadExecutor-473-thread-1] INFO org.apache.solr.core.SolrCore - Using default statsCache cache: org.apache.solr.search.stats.LocalStatsCache
[coreLoadExecutor-473-thread-1] INFO org.apache.solr.update.UpdateHandler - Using UpdateLog implementation: org.apache.solr.update.UpdateLog
[coreLoadExecutor-473-thread-1] INFO org.apache.solr.update.UpdateLog - Initializing UpdateLog: dataDir= defaultSyncLevel=FLUSH numRecordsToKeep=100 maxNumLogsToKeep=10 numVersionBuckets=65536
[coreLoadExecutor-473-thread-1] INFO org.apache.solr.update.CommitTracker - Hard AutoCommit: if uncommited for 15000ms; 
[coreLoadExecutor-473-thread-1] INFO org.apache.solr.update.CommitTracker - Soft AutoCommit: disabled
[coreLoadExecutor-473-thread-1] INFO org.apache.solr.update.LoggingInfoStream - [IFD][coreLoadExecutor-473-thread-1]: init: current segments file is "segments_1"; deletionPolicy=org.apache.solr.core.IndexDeletionPolicyWrapper@7f529b6
[coreLoadExecutor-473-thread-1] INFO org.apache.solr.update.LoggingInfoStream - [IFD][coreLoadExecutor-473-thread-1]: init: load commit "segments_1"
[coreLoadExecutor-473-thread-1] INFO org.apache.solr.core.SolrDeletionPolicy - SolrDeletionPolicy.onInit: commits: num=1
	commit{dir=NRTCachingDirectory(MMapDirectory@/tmp/solr-home2493265139315873130/core/data/index lockFactory=org.apache.lucene.store.NativeFSLockFactory@2c3d74f6; maxCacheMB=48.0 maxMergeSizeMB=4.0),segFN=segments_1,generation=1}
[coreLoadExecutor-473-thread-1] INFO org.apache.solr.core.SolrDeletionPolicy - newest commit generation = 1
[coreLoadExecutor-473-thread-1] INFO org.apache.solr.update.LoggingInfoStream - [IFD][coreLoadExecutor-473-thread-1]: now checkpoint "" [0 segments ; isCommit = false]
[coreLoadExecutor-473-thread-1] INFO org.apache.solr.update.LoggingInfoStream - [IFD][coreLoadExecutor-473-thread-1]: 0 msec to checkpoint
[coreLoadExecutor-473-thread-1] INFO org.apache.solr.update.LoggingInfoStream - [IW][coreLoadExecutor-473-thread-1]: init: create=false
[coreLoadExecutor-473-thread-1] INFO org.apache.solr.update.LoggingInfoStream - [IW][coreLoadExecutor-473-thread-1]: 
dir=NRTCachingDirectory(MMapDirectory@/tmp/solr-home2493265139315873130/core/data/index lockFactory=org.apache.lucene.store.NativeFSLockFactory@2c3d74f6; maxCacheMB=48.0 maxMergeSizeMB=4.0)
index=
version=5.5.1
analyzer=org.apache.solr.update.SolrIndexConfig$DelayedSchemaAnalyzer
ramBufferSizeMB=100.0
maxBufferedDocs=-1
maxBufferedDeleteTerms=-1
mergedSegmentWarmer=null
delPolicy=org.apache.solr.core.IndexDeletionPolicyWrapper
commit=null
openMode=APPEND
similarity=org.apache.lucene.search.similarities.ClassicSimilarity
mergeScheduler=ConcurrentMergeScheduler: maxThreadCount=-1, maxMergeCount=-1, ioThrottle=true
default WRITE_LOCK_TIMEOUT=0
writeLockTimeout=0
codec=Lucene54
infoStream=org.apache.solr.update.LoggingInfoStream
mergePolicy=[TieredMergePolicy: maxMergeAtOnce=10, maxMergeAtOnceExplicit=30, maxMergedSegmentMB=5120.0, floorSegmentMB=2.0, forceMergeDeletesPctAllowed=10.0, segmentsPerTier=10.0, maxCFSSegmentSizeMB=8.796093022207999E12, noCFSRatio=0.1
indexerThreadPool=org.apache.lucene.index.DocumentsWriterPerThreadPool@7a729f30
readerPooling=false
perThreadHardLimitMB=1945
useCompoundFile=false
commitOnClose=true
writer=org.apache.solr.update.SolrIndexWriter@424b2342

[coreLoadExecutor-473-thread-1] INFO org.apache.solr.update.LoggingInfoStream - [IW][coreLoadExecutor-473-thread-1]: MMapDirectory.UNMAP_SUPPORTED=true
[coreLoadExecutor-473-thread-1] INFO org.apache.solr.update.LoggingInfoStream - [IW][coreLoadExecutor-473-thread-1]: flush at getReader
[coreLoadExecutor-473-thread-1] INFO org.apache.solr.update.LoggingInfoStream - [DW][coreLoadExecutor-473-thread-1]: startFullFlush
[coreLoadExecutor-473-thread-1] INFO org.apache.solr.update.LoggingInfoStream - [IW][coreLoadExecutor-473-thread-1]: apply all deletes during flush
[coreLoadExecutor-473-thread-1] INFO org.apache.solr.update.LoggingInfoStream - [IW][coreLoadExecutor-473-thread-1]: now apply all deletes for all segments maxDoc=0
[coreLoadExecutor-473-thread-1] INFO org.apache.solr.update.LoggingInfoStream - [BD][coreLoadExecutor-473-thread-1]: prune sis=segments_1:  minGen=9223372036854775807 packetCount=0
[coreLoadExecutor-473-thread-1] INFO org.apache.solr.update.LoggingInfoStream - [IW][coreLoadExecutor-473-thread-1]: incRefDeleter for NRT reader version=2 segments=
[coreLoadExecutor-473-thread-1] INFO org.apache.solr.update.LoggingInfoStream - [IW][coreLoadExecutor-473-thread-1]: return reader version=2 reader=StandardDirectoryReader(segments_1:2:nrt)
[coreLoadExecutor-473-thread-1] INFO org.apache.solr.update.LoggingInfoStream - [DW][coreLoadExecutor-473-thread-1]: coreLoadExecutor-473-thread-1 finishFullFlush success=true
[coreLoadExecutor-473-thread-1] INFO org.apache.solr.update.LoggingInfoStream - [IW][coreLoadExecutor-473-thread-1]: getReader took 1 msec
[coreLoadExecutor-473-thread-1] INFO org.apache.solr.search.SolrIndexSearcher - Opening Searcher@5afe1621[core] main
[coreLoadExecutor-473-thread-1] INFO org.apache.solr.rest.ManagedResourceStorage - File-based storage initialized to use dir: /tmp/solr-home2493265139315873130/core/conf
[coreLoadExecutor-473-thread-1] INFO org.apache.solr.rest.RestManager - Initializing RestManager with initArgs: {storageDir=/tmp/solr-home2493265139315873130/core/conf}
[coreLoadExecutor-473-thread-1] INFO org.apache.solr.rest.ManagedResourceStorage - Reading _rest_managed.json using file:dir=/tmp/solr-home2493265139315873130/core/conf
[coreLoadExecutor-473-thread-1] INFO org.apache.solr.rest.RestManager - Initializing 0 registered ManagedResources
[coreLoadExecutor-473-thread-1] INFO org.apache.solr.handler.component.SpellCheckComponent - Initializing spell checkers
[coreLoadExecutor-473-thread-1] INFO org.apache.solr.handler.component.SpellCheckComponent - Registering newSearcher listener for spellchecker: default
[coreLoadExecutor-473-thread-1] INFO org.apache.solr.handler.component.SpellCheckComponent - No queryConverter defined, using default converter
[coreLoadExecutor-473-thread-1] INFO org.apache.solr.handler.ReplicationHandler - Commits will be reserved for  10000
[coreLoadExecutor-473-thread-1] INFO org.apache.solr.update.UpdateLog - Looking up max value of version field to seed version buckets
[coreLoadExecutor-473-thread-1] INFO org.apache.solr.update.VersionInfo - Refreshing highest value of _version_ for 65536 version buckets from index
[searcherExecutor-474-thread-1] INFO org.apache.solr.handler.component.SpellCheckComponent - Loading spell index for spellchecker: default
[coreLoadExecutor-473-thread-1] INFO org.apache.solr.update.VersionInfo - No terms found for _version_, cannot seed version bucket highest value from index
[coreLoadExecutor-473-thread-1] INFO org.apache.solr.update.UpdateLog - Could not find max version in index or recent updates, using new clock 1576087840012369920
[searcherExecutor-474-thread-1] INFO org.apache.solr.core.SolrCore - [core] Registered new searcher Searcher@5afe1621[core] main{ExitableDirectoryReader(UninvertingDirectoryReader())}
[coreLoadExecutor-473-thread-1] INFO org.apache.solr.update.UpdateLog - Took 1.0ms to seed version buckets with highest version 1576087840012369920
[coreLoadExecutor-473-thread-1] INFO org.apache.solr.core.CoreContainer - registering core: core
[Test worker] INFO org.apache.solr.core.SolrCore.Request - [core]  webapp=null path=/admin/ping params={} hits=0 status=0 QTime=0
[Test worker] INFO org.apache.solr.core.SolrCore.Request - [core]  webapp=null path=/admin/ping params={} status=0 QTime=0
[Test worker] INFO com.rbmhtechnology.vind.solr.SolrSearchServer - Connection to solr server successful
[Test worker] INFO org.apache.solr.core.SolrCore.Request - [core]  webapp=null path=/schema params={} status=0 QTime=0
[Test worker] INFO com.rbmhtechnology.vind.solr.SolrSearchServer - No server provider of type class com.rbmhtechnology.vind.solr.EmbeddedSolrServerProvider found in classpath for server com.rbmhtechnology.vind.solr.SolrSearchServer
[Test worker] INFO org.apache.solr.update.processor.LogUpdateProcessorFactory - [core]  webapp=null path=/update params={}{add=[1 (1576087840017612800)]} 0 1
[Test worker] INFO org.apache.solr.update.processor.LogUpdateProcessorFactory - [core]  webapp=null path=/update params={}{add=[2 (1576087840019709952)]} 0 0
[Test worker] INFO org.apache.solr.update.DirectUpdateHandler2 - start commit{,optimize=false,openSearcher=true,waitSearcher=true,expungeDeletes=false,softCommit=false,prepareCommit=false}
[Test worker] INFO org.apache.solr.update.LoggingInfoStream - [IW][Test worker]: commit: start
[Test worker] INFO org.apache.solr.update.LoggingInfoStream - [IW][Test worker]: commit: enter lock
[Test worker] INFO org.apache.solr.update.LoggingInfoStream - [IW][Test worker]: commit: now prepare
[Test worker] INFO org.apache.solr.update.LoggingInfoStream - [IW][Test worker]: prepareCommit: flush
[Test worker] INFO org.apache.solr.update.LoggingInfoStream - [IW][Test worker]:   index before flush 
[Test worker] INFO org.apache.solr.update.LoggingInfoStream - [DW][Test worker]: startFullFlush
[Test worker] INFO org.apache.solr.update.LoggingInfoStream - [DW][Test worker]: anyChanges? numDocsInRam=2 deletes=true hasTickets:false pendingChangesInFullFlush: false
[Test worker] INFO org.apache.solr.update.LoggingInfoStream - [DWFC][Test worker]: addFlushableState DocumentsWriterPerThread [pendingDeletes=gen=0 1 deleted terms (unique count=1) bytesUsed=169, segment=_0, aborted=false, numDocsInRAM=2, deleteQueue=DWDQ: [ generation: 1 ]]
[Test worker] INFO org.apache.solr.update.LoggingInfoStream - [DWPT][Test worker]: flush postings as segment _0 numDocs=2
[Test worker] INFO org.apache.solr.update.LoggingInfoStream - [IW][Test worker]: 0 msec to write norms
[Test worker] INFO org.apache.solr.update.LoggingInfoStream - [IW][Test worker]: 0 msec to write docValues
[Test worker] INFO org.apache.solr.update.LoggingInfoStream - [IW][Test worker]: 0 msec to finish stored fields
[Test worker] INFO org.apache.solr.update.LoggingInfoStream - [IW][Test worker]: 0 msec to write postings and finish vectors
[Test worker] INFO org.apache.solr.update.LoggingInfoStream - [IW][Test worker]: 0 msec to write fieldInfos
[Test worker] INFO org.apache.solr.update.LoggingInfoStream - [DWPT][Test worker]: new segment has 0 deleted docs
[Test worker] INFO org.apache.solr.update.LoggingInfoStream - [DWPT][Test worker]: new segment has no vectors; norms; docValues; prox; freqs
[Test worker] INFO org.apache.solr.update.LoggingInfoStream - [DWPT][Test worker]: flushedFiles=[_0_Lucene54_0.dvm, _0_Lucene50_0.doc, _0_Lucene50_0.tim, _0_Lucene50_0.pos, _0.nvd, _0.fdx, _0_Lucene54_0.dvd, _0_Lucene50_0.tip, _0.fdt, _0.nvm, _0.fnm]
[Test worker] INFO org.apache.solr.update.LoggingInfoStream - [DWPT][Test worker]: flushed codec=Lucene54
[Test worker] INFO org.apache.solr.update.LoggingInfoStream - [DWPT][Test worker]: flushed: segment=_0 ramUsed=0.531 MB newFlushedSize=0.007 MB docs/MB=271.793
[Test worker] INFO org.apache.solr.update.LoggingInfoStream - [DW][Test worker]: publishFlushedSegment seg-private updates=null
[Test worker] INFO org.apache.solr.update.LoggingInfoStream - [IW][Test worker]: publishFlushedSegment
[Test worker] INFO org.apache.solr.update.LoggingInfoStream - [BD][Test worker]: push deletes  2 deleted terms (unique count=2) bytesUsed=1072 segmentPrivate?=false delGen=2 packetCount=1 totBytesUsed=1072
[Test worker] INFO org.apache.solr.update.LoggingInfoStream - [IW][Test worker]: publish sets newSegment delGen=3 seg=_0(5.5.1):C2
[Test worker] INFO org.apache.solr.update.LoggingInfoStream - [IFD][Test worker]: now checkpoint "_0(5.5.1):C2" [1 segments ; isCommit = false]
[Test worker] INFO org.apache.solr.update.LoggingInfoStream - [IFD][Test worker]: 0 msec to checkpoint
[Test worker] INFO org.apache.solr.update.LoggingInfoStream - [IW][Test worker]: apply all deletes during flush
[Test worker] INFO org.apache.solr.update.LoggingInfoStream - [IW][Test worker]: now apply all deletes for all segments maxDoc=2
[Test worker] INFO org.apache.solr.update.LoggingInfoStream - [BD][Test worker]: applyDeletes: open segment readers took 0 msec
[Test worker] INFO org.apache.solr.update.LoggingInfoStream - [BD][Test worker]: applyDeletes: infos=[_0(5.5.1):C2] packetCount=1
[Test worker] INFO org.apache.solr.update.LoggingInfoStream - [BD][Test worker]: applyDeletes took 0 msec for 1 segments, 0 newly deleted docs (query deletes), 0 visited terms, allDeleted=null
[Test worker] INFO org.apache.solr.update.LoggingInfoStream - [BD][Test worker]: prune sis=segments_1: _0(5.5.1):C2 minGen=3 packetCount=1
[Test worker] INFO org.apache.solr.update.LoggingInfoStream - [BD][Test worker]: pruneDeletes: prune 1 packets; 0 packets remain
[Test worker] INFO org.apache.solr.update.LoggingInfoStream - [DW][Test worker]: Test worker finishFullFlush success=true
[Test worker] INFO org.apache.solr.update.LoggingInfoStream - [TMP][Test worker]: findMerges: 1 segments
[Test worker] INFO org.apache.solr.update.LoggingInfoStream - [TMP][Test worker]:   seg=_0(5.5.1):C2 size=0.008 MB [floored]
[Test worker] INFO org.apache.solr.update.LoggingInfoStream - [TMP][Test worker]:   allowedSegmentCount=1 vs count=1 (eligible count=1) tooBigCount=0
[Test worker] INFO org.apache.solr.update.LoggingInfoStream - [MS][Test worker]: initDynamicDefaults spins=false maxThreadCount=2 maxMergeCount=7
[Test worker] INFO org.apache.solr.update.LoggingInfoStream - [MS][Test worker]: now merge
[Test worker] INFO org.apache.solr.update.LoggingInfoStream - [MS][Test worker]:   index: _0(5.5.1):C2
[Test worker] INFO org.apache.solr.update.LoggingInfoStream - [MS][Test worker]:   no more merges pending; now return
[Test worker] INFO org.apache.solr.update.LoggingInfoStream - [IW][Test worker]: startCommit(): start
[Test worker] INFO org.apache.solr.update.LoggingInfoStream - [IW][Test worker]: startCommit index=_0(5.5.1):C2 changeCount=4
[Test worker] INFO org.apache.solr.update.LoggingInfoStream - [IW][Test worker]: startCommit: wrote pending segments file "pending_segments_2"
[Test worker] INFO org.apache.solr.update.LoggingInfoStream - [IW][Test worker]: done all syncs: [_0.si, _0_Lucene50_0.doc, _0_Lucene50_0.tim, _0_Lucene54_0.dvm, _0_Lucene50_0.pos, _0.nvd, _0.fdx, _0_Lucene54_0.dvd, _0_Lucene50_0.tip, _0.fdt, _0.nvm, _0.fnm]
[Test worker] INFO org.apache.solr.update.LoggingInfoStream - [IW][Test worker]: commit: pendingCommit != null
[Test worker] INFO org.apache.solr.update.LoggingInfoStream - [IW][Test worker]: commit: done writing segments file "segments_2"
[Test worker] INFO org.apache.solr.update.LoggingInfoStream - [IFD][Test worker]: now checkpoint "_0(5.5.1):C2" [1 segments ; isCommit = true]
[Test worker] INFO org.apache.solr.core.SolrDeletionPolicy - SolrDeletionPolicy.onCommit: commits: num=2
	commit{dir=NRTCachingDirectory(MMapDirectory@/tmp/solr-home2493265139315873130/core/data/index lockFactory=org.apache.lucene.store.NativeFSLockFactory@2c3d74f6; maxCacheMB=48.0 maxMergeSizeMB=4.0),segFN=segments_1,generation=1}
	commit{dir=NRTCachingDirectory(MMapDirectory@/tmp/solr-home2493265139315873130/core/data/index lockFactory=org.apache.lucene.store.NativeFSLockFactory@2c3d74f6; maxCacheMB=48.0 maxMergeSizeMB=4.0),segFN=segments_2,generation=2}
[Test worker] INFO org.apache.solr.core.SolrDeletionPolicy - newest commit generation = 2
[Test worker] INFO org.apache.solr.update.LoggingInfoStream - [IFD][Test worker]: deleteCommits: now decRef commit "segments_1"
[Test worker] INFO org.apache.solr.update.LoggingInfoStream - [IFD][Test worker]: delete "segments_1"
[Test worker] INFO org.apache.solr.update.LoggingInfoStream - [IFD][Test worker]: 0 msec to checkpoint
[Test worker] INFO org.apache.solr.update.LoggingInfoStream - [IW][Test worker]: commit: took 57.4 msec
[Test worker] INFO org.apache.solr.update.LoggingInfoStream - [IW][Test worker]: commit: done
[Test worker] INFO org.apache.solr.update.LoggingInfoStream - [IW][Test worker]: nrtIsCurrent: infoVersion matches: false; DW changes: false; BD changes: false
[Test worker] INFO org.apache.solr.update.LoggingInfoStream - [IW][Test worker]: flush at getReader
[Test worker] INFO org.apache.solr.update.LoggingInfoStream - [DW][Test worker]: startFullFlush
[Test worker] INFO org.apache.solr.update.LoggingInfoStream - [IW][Test worker]: apply all deletes during flush
[Test worker] INFO org.apache.solr.update.LoggingInfoStream - [IW][Test worker]: now apply all deletes for all segments maxDoc=2
[Test worker] INFO org.apache.solr.update.LoggingInfoStream - [BD][Test worker]: applyDeletes: open segment readers took 0 msec
[Test worker] INFO org.apache.solr.update.LoggingInfoStream - [BD][Test worker]: applyDeletes: no segments; skipping
[Test worker] INFO org.apache.solr.update.LoggingInfoStream - [BD][Test worker]: prune sis=segments_2: _0(5.5.1):C2 minGen=3 packetCount=0
[Test worker] INFO org.apache.solr.update.LoggingInfoStream - [IW][Test worker]: incRefDeleter for NRT reader version=6 segments=_0(5.5.1):C2
[Test worker] INFO org.apache.solr.update.LoggingInfoStream - [IW][Test worker]: return reader version=6 reader=StandardDirectoryReader(segments_2:6:nrt _0(5.5.1):C2)
[Test worker] INFO org.apache.solr.update.LoggingInfoStream - [DW][Test worker]: Test worker finishFullFlush success=true
[Test worker] INFO org.apache.solr.update.LoggingInfoStream - [IW][Test worker]: getReader took 1 msec
[Test worker] INFO org.apache.solr.search.SolrIndexSearcher - Opening Searcher@b9c61ee[core] main
[Test worker] INFO org.apache.solr.update.DirectUpdateHandler2 - end_commit_flush
[searcherExecutor-474-thread-1] INFO org.apache.solr.handler.component.SpellCheckComponent - Building spell index for spell checker: default
[searcherExecutor-474-thread-1] INFO org.apache.solr.core.SolrCore - [core] Registered new searcher Searcher@b9c61ee[core] main{ExitableDirectoryReader(UninvertingDirectoryReader(Uninverting(_0(5.5.1):C2)))}
[searcherExecutor-474-thread-1] INFO org.apache.solr.update.LoggingInfoStream - [IW][searcherExecutor-474-thread-1]: decRefDeleter for NRT reader version=2 segments=
[Test worker] INFO org.apache.solr.update.processor.LogUpdateProcessorFactory - [core]  webapp=null path=/update params={commit=true&softCommit=false&waitSearcher=true}{commit=} 0 82
[Test worker] INFO org.apache.solr.core.SolrCore.Request - [core]  webapp=null path=/suggester params={qt=/suggester&suggestion.field=dynamic_multi_stored_suggest_string_multicontext_textMulti&q=text1&suggestion.df=suggestions&suggestion.limit=10} status=0 QTime=5
[Test worker] INFO org.apache.solr.core.SolrCore.Request - [core]  webapp=null path=/select params={q=*&fl=*,score&df=text&fq=_type_:asset&start=0&rows=10} hits=2 status=0 QTime=0
[Test worker] INFO org.apache.solr.core.SolrCore.Request - [core]  webapp=null path=/select params={q=*&fl=*,score&df=text&fq=_type_:asset&fq=(dynamic_single_stored_facet_float_numberContext_numberone:"24.0"+AND+dynamic_single_stored_facet_string_entityID:"123")&facet=true&facet.mincount=1&facet.limit=10&facet.field=dynamic_single_stored_facet_string_entityID&start=0&rows=10} hits=1 status=0 QTime=0
[Test worker] INFO org.apache.solr.core.SolrCore.Request - [core]  webapp=null path=/select params={q=*&fl=*,score&df=text&fq=_type_:asset&start=0&rows=10} hits=2 status=0 QTime=0
[Test worker] INFO org.apache.solr.core.SolrCore.Request - [core]  webapp=null path=/select params={q=*&fl=*,score&df=text&fq=_type_:asset&start=0&rows=10} hits=2 status=0 QTime=0
[Test worker] INFO org.apache.solr.update.LoggingInfoStream - [DW][Test worker]: anyChanges? numDocsInRam=0 deletes=true hasTickets:false pendingChangesInFullFlush: false
[Test worker] INFO org.apache.solr.update.LoggingInfoStream - [DW][Test worker]: anyChanges? numDocsInRam=0 deletes=true hasTickets:false pendingChangesInFullFlush: false
[Test worker] INFO org.apache.solr.update.LoggingInfoStream - [IW][Test worker]: nrtIsCurrent: infoVersion matches: true; DW changes: true; BD changes: false
[Test worker] INFO org.apache.solr.update.LoggingInfoStream - [IW][Test worker]: flush at getReader
[Test worker] INFO org.apache.solr.update.LoggingInfoStream - [DW][Test worker]: startFullFlush
[Test worker] INFO org.apache.solr.update.LoggingInfoStream - [DW][Test worker]: anyChanges? numDocsInRam=0 deletes=true hasTickets:false pendingChangesInFullFlush: false
[Test worker] INFO org.apache.solr.update.LoggingInfoStream - [DW][Test worker]: Test worker: flush naked frozen global deletes
[Test worker] INFO org.apache.solr.update.LoggingInfoStream - [BD][Test worker]: push deletes  1 deleted queries bytesUsed=80 segmentPrivate?=false delGen=6 packetCount=1 totBytesUsed=80
[Test worker] INFO org.apache.solr.update.LoggingInfoStream - [DW][Test worker]: flush: push buffered updates:  1 deleted queries bytesUsed=80
[Test worker] INFO org.apache.solr.update.LoggingInfoStream - [IW][Test worker]: apply all deletes during flush
[Test worker] INFO org.apache.solr.update.LoggingInfoStream - [IW][Test worker]: now apply all deletes for all segments maxDoc=2
[Test worker] INFO org.apache.solr.update.LoggingInfoStream - [BD][Test worker]: applyDeletes: open segment readers took 0 msec
[Test worker] INFO org.apache.solr.update.LoggingInfoStream - [BD][Test worker]: applyDeletes: infos=[_0(5.5.1):C2] packetCount=1
[Test worker] INFO org.apache.solr.update.LoggingInfoStream - [BD][Test worker]: applyDeletes: 1 new deleted documents
[Test worker] INFO org.apache.solr.update.LoggingInfoStream - [BD][Test worker]: applyDeletes took 1 msec for 1 segments, 1 newly deleted docs (query deletes), 0 visited terms, allDeleted=null
[Test worker] INFO org.apache.solr.update.LoggingInfoStream - [IFD][Test worker]: now checkpoint "_0(5.5.1):C2/1" [1 segments ; isCommit = false]
[Test worker] INFO org.apache.solr.update.LoggingInfoStream - [IFD][Test worker]: 0 msec to checkpoint
[Test worker] INFO org.apache.solr.update.LoggingInfoStream - [BD][Test worker]: prune sis=segments_2: _0(5.5.1):C2 minGen=7 packetCount=1
[Test worker] INFO org.apache.solr.update.LoggingInfoStream - [BD][Test worker]: pruneDeletes: prune 1 packets; 0 packets remain
[Test worker] INFO org.apache.solr.update.LoggingInfoStream - [IW][Test worker]: incRefDeleter for NRT reader version=7 segments=_0(5.5.1):C2
[Test worker] INFO org.apache.solr.update.LoggingInfoStream - [IW][Test worker]: return reader version=7 reader=StandardDirectoryReader(segments_2:7:nrt _0(5.5.1):C2/1)
[Test worker] INFO org.apache.solr.update.LoggingInfoStream - [DW][Test worker]: Test worker finishFullFlush success=true
[Test worker] INFO org.apache.solr.update.LoggingInfoStream - [TMP][Test worker]: findMerges: 1 segments
[Test worker] INFO org.apache.solr.update.LoggingInfoStream - [TMP][Test worker]:   seg=_0(5.5.1):C2/1 size=0.004 MB [floored]
[Test worker] INFO org.apache.solr.update.LoggingInfoStream - [TMP][Test worker]:   allowedSegmentCount=1 vs count=1 (eligible count=1) tooBigCount=0
[Test worker] INFO org.apache.solr.update.LoggingInfoStream - [MS][Test worker]: now merge
[Test worker] INFO org.apache.solr.update.LoggingInfoStream - [MS][Test worker]:   index: _0(5.5.1):C2/1
[Test worker] INFO org.apache.solr.update.LoggingInfoStream - [MS][Test worker]:   no more merges pending; now return
[Test worker] INFO org.apache.solr.update.LoggingInfoStream - [IW][Test worker]: getReader took 2 msec
[Test worker] INFO org.apache.solr.search.SolrIndexSearcher - Opening Searcher@9578b85[core] realtime
[Test worker] INFO org.apache.solr.update.processor.LogUpdateProcessorFactory - [core]  webapp=null path=/update params={}{deleteByQuery=+_type_:asset +dynamic_multi_stored_facet_string_multicontext_textMulti:['' TO *] (-1576087840121421824)} 0 4
[Test worker] INFO org.apache.solr.update.DirectUpdateHandler2 - start commit{,optimize=false,openSearcher=true,waitSearcher=true,expungeDeletes=false,softCommit=false,prepareCommit=false}
[Test worker] INFO org.apache.solr.update.LoggingInfoStream - [IW][Test worker]: commit: start
[Test worker] INFO org.apache.solr.update.LoggingInfoStream - [IW][Test worker]: commit: enter lock
[Test worker] INFO org.apache.solr.update.LoggingInfoStream - [IW][Test worker]: commit: now prepare
[Test worker] INFO org.apache.solr.update.LoggingInfoStream - [IW][Test worker]: prepareCommit: flush
[Test worker] INFO org.apache.solr.update.LoggingInfoStream - [IW][Test worker]:   index before flush _0(5.5.1):C2/1
[Test worker] INFO org.apache.solr.update.LoggingInfoStream - [DW][Test worker]: startFullFlush
[Test worker] INFO org.apache.solr.update.LoggingInfoStream - [IW][Test worker]: apply all deletes during flush
[Test worker] INFO org.apache.solr.update.LoggingInfoStream - [IW][Test worker]: now apply all deletes for all segments maxDoc=2
[Test worker] INFO org.apache.solr.update.LoggingInfoStream - [BD][Test worker]: applyDeletes: open segment readers took 0 msec
[Test worker] INFO org.apache.solr.update.LoggingInfoStream - [BD][Test worker]: applyDeletes: no segments; skipping
[Test worker] INFO org.apache.solr.update.LoggingInfoStream - [BD][Test worker]: prune sis=segments_2: _0(5.5.1):C2 minGen=7 packetCount=0
[Test worker] INFO org.apache.solr.update.LoggingInfoStream - [IFD][Test worker]: now checkpoint "_0(5.5.1):C2/1:delGen=1" [1 segments ; isCommit = false]
[Test worker] INFO org.apache.solr.update.LoggingInfoStream - [IFD][Test worker]: 0 msec to checkpoint
[Test worker] INFO org.apache.solr.update.LoggingInfoStream - [DW][Test worker]: Test worker finishFullFlush success=true
[Test worker] INFO org.apache.solr.update.LoggingInfoStream - [IW][Test worker]: startCommit(): start
[Test worker] INFO org.apache.solr.update.LoggingInfoStream - [IW][Test worker]: startCommit index=_0(5.5.1):C2/1:delGen=1 changeCount=8
[Test worker] INFO org.apache.solr.update.LoggingInfoStream - [IW][Test worker]: startCommit: wrote pending segments file "pending_segments_3"
[Test worker] INFO org.apache.solr.update.LoggingInfoStream - [IW][Test worker]: done all syncs: [_0.si, _0_Lucene50_0.doc, _0_Lucene50_0.tim, _0_Lucene50_0.pos, _0.nvd, _0.fdx, _0_Lucene50_0.tip, _0.fdt, _0_1.liv, _0_Lucene54_0.dvm, _0_Lucene54_0.dvd, _0.nvm, _0.fnm]
[Test worker] INFO org.apache.solr.update.LoggingInfoStream - [IW][Test worker]: commit: pendingCommit != null
[Test worker] INFO org.apache.solr.update.LoggingInfoStream - [IW][Test worker]: commit: done writing segments file "segments_3"
[Test worker] INFO org.apache.solr.update.LoggingInfoStream - [IFD][Test worker]: now checkpoint "_0(5.5.1):C2/1:delGen=1" [1 segments ; isCommit = true]
[Test worker] INFO org.apache.solr.core.SolrDeletionPolicy - SolrDeletionPolicy.onCommit: commits: num=2
	commit{dir=NRTCachingDirectory(MMapDirectory@/tmp/solr-home2493265139315873130/core/data/index lockFactory=org.apache.lucene.store.NativeFSLockFactory@2c3d74f6; maxCacheMB=48.0 maxMergeSizeMB=4.0),segFN=segments_2,generation=2}
	commit{dir=NRTCachingDirectory(MMapDirectory@/tmp/solr-home2493265139315873130/core/data/index lockFactory=org.apache.lucene.store.NativeFSLockFactory@2c3d74f6; maxCacheMB=48.0 maxMergeSizeMB=4.0),segFN=segments_3,generation=3}
[Test worker] INFO org.apache.solr.core.SolrDeletionPolicy - newest commit generation = 3
[Test worker] INFO org.apache.solr.update.LoggingInfoStream - [IFD][Test worker]: deleteCommits: now decRef commit "segments_2"
[Test worker] INFO org.apache.solr.update.LoggingInfoStream - [IFD][Test worker]: delete "segments_2"
[Test worker] INFO org.apache.solr.update.LoggingInfoStream - [IFD][Test worker]: 0 msec to checkpoint
[Test worker] INFO org.apache.solr.update.LoggingInfoStream - [IW][Test worker]: commit: took 18.9 msec
[Test worker] INFO org.apache.solr.update.LoggingInfoStream - [IW][Test worker]: commit: done
[Test worker] INFO org.apache.solr.update.LoggingInfoStream - [IW][Test worker]: nrtIsCurrent: infoVersion matches: false; DW changes: false; BD changes: false
[Test worker] INFO org.apache.solr.update.LoggingInfoStream - [IW][Test worker]: flush at getReader
[Test worker] INFO org.apache.solr.update.LoggingInfoStream - [DW][Test worker]: startFullFlush
[Test worker] INFO org.apache.solr.update.LoggingInfoStream - [IW][Test worker]: apply all deletes during flush
[Test worker] INFO org.apache.solr.update.LoggingInfoStream - [IW][Test worker]: now apply all deletes for all segments maxDoc=2
[Test worker] INFO org.apache.solr.update.LoggingInfoStream - [BD][Test worker]: applyDeletes: open segment readers took 0 msec
[Test worker] INFO org.apache.solr.update.LoggingInfoStream - [BD][Test worker]: applyDeletes: no segments; skipping
[Test worker] INFO org.apache.solr.update.LoggingInfoStream - [BD][Test worker]: prune sis=segments_3: _0(5.5.1):C2/1:delGen=1 minGen=7 packetCount=0
[Test worker] INFO org.apache.solr.update.LoggingInfoStream - [IW][Test worker]: incRefDeleter for NRT reader version=9 segments=_0(5.5.1):C2/1:delGen=1
[Test worker] INFO org.apache.solr.update.LoggingInfoStream - [IW][Test worker]: return reader version=9 reader=StandardDirectoryReader(segments_3:9:nrt _0(5.5.1):C2/1:delGen=1)
[Test worker] INFO org.apache.solr.update.LoggingInfoStream - [DW][Test worker]: Test worker finishFullFlush success=true
[Test worker] INFO org.apache.solr.update.LoggingInfoStream - [IW][Test worker]: getReader took 0 msec
[Test worker] INFO org.apache.solr.search.SolrIndexSearcher - Opening Searcher@47f691ab[core] main
[Test worker] INFO org.apache.solr.update.LoggingInfoStream - [IW][Test worker]: decRefDeleter for NRT reader version=7 segments=_0(5.5.1):C2
[Test worker] INFO org.apache.solr.update.DirectUpdateHandler2 - end_commit_flush
[searcherExecutor-474-thread-1] INFO org.apache.solr.handler.component.SpellCheckComponent - Building spell index for spell checker: default
[searcherExecutor-474-thread-1] INFO org.apache.solr.core.SolrCore - [core] Registered new searcher Searcher@47f691ab[core] main{ExitableDirectoryReader(UninvertingDirectoryReader(Uninverting(_0(5.5.1):C2/1:delGen=1)))}
[searcherExecutor-474-thread-1] INFO org.apache.solr.update.LoggingInfoStream - [IW][searcherExecutor-474-thread-1]: decRefDeleter for NRT reader version=6 segments=_0(5.5.1):C2
[Test worker] INFO org.apache.solr.update.processor.LogUpdateProcessorFactory - [core]  webapp=null path=/update params={commit=true&softCommit=false&waitSearcher=true}{commit=} 0 47
[Test worker] INFO org.apache.solr.core.SolrCore.Request - [core]  webapp=null path=/select params={q=*&fl=*,score&df=text&fq=_type_:asset&start=0&rows=10} hits=1 status=0 QTime=0
[Test worker] INFO org.apache.solr.update.processor.LogUpdateProcessorFactory - [core]  webapp=null path=/update params={}{add=[1 (1576087840179093504)]} 0 1
[Test worker] INFO org.apache.solr.core.SolrCore.Request - [core]  webapp=null path=/select params={q=!(+_id_:1)%26(_root_:1)} hits=0 status=0 QTime=0
[Test worker] INFO org.apache.solr.update.DirectUpdateHandler2 - start commit{,optimize=false,openSearcher=true,waitSearcher=true,expungeDeletes=false,softCommit=false,prepareCommit=false}
[Test worker] INFO org.apache.solr.update.LoggingInfoStream - [IW][Test worker]: commit: start
[Test worker] INFO org.apache.solr.update.LoggingInfoStream - [IW][Test worker]: commit: enter lock
[Test worker] INFO org.apache.solr.update.LoggingInfoStream - [IW][Test worker]: commit: now prepare
[Test worker] INFO org.apache.solr.update.LoggingInfoStream - [IW][Test worker]: prepareCommit: flush
[Test worker] INFO org.apache.solr.update.LoggingInfoStream - [IW][Test worker]:   index before flush _0(5.5.1):C2/1:delGen=1
[Test worker] INFO org.apache.solr.update.LoggingInfoStream - [DW][Test worker]: startFullFlush
[Test worker] INFO org.apache.solr.update.LoggingInfoStream - [DW][Test worker]: anyChanges? numDocsInRam=1 deletes=true hasTickets:false pendingChangesInFullFlush: false
[Test worker] INFO org.apache.solr.update.LoggingInfoStream - [DWFC][Test worker]: addFlushableState DocumentsWriterPerThread [pendingDeletes=gen=0, segment=_1, aborted=false, numDocsInRAM=1, deleteQueue=DWDQ: [ generation: 6 ]]
[Test worker] INFO org.apache.solr.update.LoggingInfoStream - [DWPT][Test worker]: flush postings as segment _1 numDocs=1
[Test worker] INFO org.apache.solr.update.LoggingInfoStream - [IW][Test worker]: 0 msec to write norms
[Test worker] INFO org.apache.solr.update.LoggingInfoStream - [IW][Test worker]: 0 msec to write docValues
[Test worker] INFO org.apache.solr.update.LoggingInfoStream - [IW][Test worker]: 0 msec to finish stored fields
[Test worker] INFO org.apache.solr.update.LoggingInfoStream - [IW][Test worker]: 0 msec to write postings and finish vectors
[Test worker] INFO org.apache.solr.update.LoggingInfoStream - [IW][Test worker]: 0 msec to write fieldInfos
[Test worker] INFO org.apache.solr.update.LoggingInfoStream - [DWPT][Test worker]: new segment has 0 deleted docs
[Test worker] INFO org.apache.solr.update.LoggingInfoStream - [DWPT][Test worker]: new segment has no vectors; norms; docValues; prox; freqs
[Test worker] INFO org.apache.solr.update.LoggingInfoStream - [DWPT][Test worker]: flushedFiles=[_1_Lucene50_0.doc, _1_Lucene50_0.tim, _1_Lucene54_0.dvd, _1.nvd, _1_Lucene50_0.pos, _1.fdx, _1.nvm, _1_Lucene54_0.dvm, _1.fnm, _1.fdt, _1_Lucene50_0.tip]
[Test worker] INFO org.apache.solr.update.LoggingInfoStream - [DWPT][Test worker]: flushed codec=Lucene54
[Test worker] INFO org.apache.solr.update.LoggingInfoStream - [DWPT][Test worker]: flushed: segment=_1 ramUsed=0.356 MB newFlushedSize=0.006 MB docs/MB=179.489
[Test worker] INFO org.apache.solr.update.LoggingInfoStream - [DW][Test worker]: publishFlushedSegment seg-private updates=null
[Test worker] INFO org.apache.solr.update.LoggingInfoStream - [IW][Test worker]: publishFlushedSegment
[Test worker] INFO org.apache.solr.update.LoggingInfoStream - [BD][Test worker]: push deletes  1 deleted terms (unique count=1) bytesUsed=1072 segmentPrivate?=false delGen=10 packetCount=1 totBytesUsed=1072
[Test worker] INFO org.apache.solr.update.LoggingInfoStream - [IW][Test worker]: publish sets newSegment delGen=11 seg=_1(5.5.1):C1
[Test worker] INFO org.apache.solr.update.LoggingInfoStream - [IFD][Test worker]: now checkpoint "_0(5.5.1):C2/1:delGen=1 _1(5.5.1):C1" [2 segments ; isCommit = false]
[Test worker] INFO org.apache.solr.update.LoggingInfoStream - [IFD][Test worker]: 0 msec to checkpoint
[Test worker] INFO org.apache.solr.update.LoggingInfoStream - [IW][Test worker]: apply all deletes during flush
[Test worker] INFO org.apache.solr.update.LoggingInfoStream - [IW][Test worker]: now apply all deletes for all segments maxDoc=3
[Test worker] INFO org.apache.solr.update.LoggingInfoStream - [BD][Test worker]: applyDeletes: open segment readers took 0 msec
[Test worker] INFO org.apache.solr.update.LoggingInfoStream - [BD][Test worker]: applyDeletes: infos=[_0(5.5.1):C2/1:delGen=1, _1(5.5.1):C1] packetCount=1
[Test worker] INFO org.apache.solr.update.LoggingInfoStream - [BD][Test worker]: applyTermDeletes took 0.1 msec for 2 segments and 1 packets; 1 del terms visited; 3 seg terms visited
[Test worker] INFO org.apache.solr.update.LoggingInfoStream - [BD][Test worker]: applyDeletes: 1 new deleted documents
[Test worker] INFO org.apache.solr.update.LoggingInfoStream - [BD][Test worker]: applyDeletes took 0 msec for 2 segments, 0 newly deleted docs (query deletes), 1 visited terms, allDeleted=[_0(5.5.1):C2/1:delGen=1]
[Test worker] INFO org.apache.solr.update.LoggingInfoStream - [IFD][Test worker]: now checkpoint "_0(5.5.1):C2/2:delGen=1 _1(5.5.1):C1" [2 segments ; isCommit = false]
[Test worker] INFO org.apache.solr.update.LoggingInfoStream - [IFD][Test worker]: 0 msec to checkpoint
[Test worker] INFO org.apache.solr.update.LoggingInfoStream - [IW][Test worker]: drop 100% deleted segments: _0(5.5.1):C2/2:delGen=1
[Test worker] INFO org.apache.solr.update.LoggingInfoStream - [IFD][Test worker]: now checkpoint "_1(5.5.1):C1" [1 segments ; isCommit = false]
[Test worker] INFO org.apache.solr.update.LoggingInfoStream - [IFD][Test worker]: 0 msec to checkpoint
[Test worker] INFO org.apache.solr.update.LoggingInfoStream - [BD][Test worker]: prune sis=segments_3: _1(5.5.1):C1 minGen=12 packetCount=1
[Test worker] INFO org.apache.solr.update.LoggingInfoStream - [BD][Test worker]: pruneDeletes: prune 1 packets; 0 packets remain
[Test worker] INFO org.apache.solr.update.LoggingInfoStream - [DW][Test worker]: Test worker finishFullFlush success=true
[Test worker] INFO org.apache.solr.update.LoggingInfoStream - [TMP][Test worker]: findMerges: 1 segments
[Test worker] INFO org.apache.solr.update.LoggingInfoStream - [TMP][Test worker]:   seg=_1(5.5.1):C1 size=0.006 MB [floored]
[Test worker] INFO org.apache.solr.update.LoggingInfoStream - [TMP][Test worker]:   allowedSegmentCount=1 vs count=1 (eligible count=1) tooBigCount=0
[Test worker] INFO org.apache.solr.update.LoggingInfoStream - [MS][Test worker]: now merge
[Test worker] INFO org.apache.solr.update.LoggingInfoStream - [MS][Test worker]:   index: _1(5.5.1):C1
[Test worker] INFO org.apache.solr.update.LoggingInfoStream - [MS][Test worker]:   no more merges pending; now return
[Test worker] INFO org.apache.solr.update.LoggingInfoStream - [IW][Test worker]: startCommit(): start
[Test worker] INFO org.apache.solr.update.LoggingInfoStream - [IW][Test worker]: startCommit index=_1(5.5.1):C1 changeCount=14
[Test worker] INFO org.apache.solr.update.LoggingInfoStream - [IW][Test worker]: startCommit: wrote pending segments file "pending_segments_4"
[Test worker] INFO org.apache.solr.update.LoggingInfoStream - [IW][Test worker]: done all syncs: [_1_Lucene50_0.doc, _1_Lucene50_0.tim, _1.si, _1_Lucene54_0.dvd, _1.nvd, _1_Lucene50_0.pos, _1.fdx, _1.nvm, _1.fnm, _1_Lucene54_0.dvm, _1.fdt, _1_Lucene50_0.tip]
[Test worker] INFO org.apache.solr.update.LoggingInfoStream - [IW][Test worker]: commit: pendingCommit != null
[Test worker] INFO org.apache.solr.update.LoggingInfoStream - [IW][Test worker]: commit: done writing segments file "segments_4"
[Test worker] INFO org.apache.solr.update.LoggingInfoStream - [IFD][Test worker]: now checkpoint "_1(5.5.1):C1" [1 segments ; isCommit = true]
[Test worker] INFO org.apache.solr.core.SolrDeletionPolicy - SolrDeletionPolicy.onCommit: commits: num=2
	commit{dir=NRTCachingDirectory(MMapDirectory@/tmp/solr-home2493265139315873130/core/data/index lockFactory=org.apache.lucene.store.NativeFSLockFactory@2c3d74f6; maxCacheMB=48.0 maxMergeSizeMB=4.0),segFN=segments_3,generation=3}
	commit{dir=NRTCachingDirectory(MMapDirectory@/tmp/solr-home2493265139315873130/core/data/index lockFactory=org.apache.lucene.store.NativeFSLockFactory@2c3d74f6; maxCacheMB=48.0 maxMergeSizeMB=4.0),segFN=segments_4,generation=4}
[Test worker] INFO org.apache.solr.core.SolrDeletionPolicy - newest commit generation = 4
[Test worker] INFO org.apache.solr.update.LoggingInfoStream - [IFD][Test worker]: deleteCommits: now decRef commit "segments_3"
[Test worker] INFO org.apache.solr.update.LoggingInfoStream - [IFD][Test worker]: delete "segments_3"
[Test worker] INFO org.apache.solr.update.LoggingInfoStream - [IFD][Test worker]: 0 msec to checkpoint
[Test worker] INFO org.apache.solr.update.LoggingInfoStream - [IW][Test worker]: commit: took 58.2 msec
[Test worker] INFO org.apache.solr.update.LoggingInfoStream - [IW][Test worker]: commit: done
[Test worker] INFO org.apache.solr.update.LoggingInfoStream - [IW][Test worker]: nrtIsCurrent: infoVersion matches: false; DW changes: false; BD changes: false
[Test worker] INFO org.apache.solr.update.LoggingInfoStream - [IW][Test worker]: flush at getReader
[Test worker] INFO org.apache.solr.update.LoggingInfoStream - [DW][Test worker]: startFullFlush
[Test worker] INFO org.apache.solr.update.LoggingInfoStream - [IW][Test worker]: apply all deletes during flush
[Test worker] INFO org.apache.solr.update.LoggingInfoStream - [IW][Test worker]: now apply all deletes for all segments maxDoc=1
[Test worker] INFO org.apache.solr.update.LoggingInfoStream - [BD][Test worker]: applyDeletes: open segment readers took 0 msec
[Test worker] INFO org.apache.solr.update.LoggingInfoStream - [BD][Test worker]: applyDeletes: no segments; skipping
[Test worker] INFO org.apache.solr.update.LoggingInfoStream - [BD][Test worker]: prune sis=segments_4: _1(5.5.1):C1 minGen=12 packetCount=0
[Test worker] INFO org.apache.solr.update.LoggingInfoStream - [IW][Test worker]: incRefDeleter for NRT reader version=15 segments=_1(5.5.1):C1
[Test worker] INFO org.apache.solr.update.LoggingInfoStream - [IW][Test worker]: return reader version=15 reader=StandardDirectoryReader(segments_4:15:nrt _1(5.5.1):C1)
[Test worker] INFO org.apache.solr.update.LoggingInfoStream - [DW][Test worker]: Test worker finishFullFlush success=true
[Test worker] INFO org.apache.solr.update.LoggingInfoStream - [IW][Test worker]: getReader took 1 msec
[Test worker] INFO org.apache.solr.search.SolrIndexSearcher - Opening Searcher@39e7a5e6[core] main
[Test worker] INFO org.apache.solr.update.DirectUpdateHandler2 - end_commit_flush
[searcherExecutor-474-thread-1] INFO org.apache.solr.handler.component.SpellCheckComponent - Building spell index for spell checker: default
[searcherExecutor-474-thread-1] INFO org.apache.solr.core.SolrCore - [core] Registered new searcher Searcher@39e7a5e6[core] main{ExitableDirectoryReader(UninvertingDirectoryReader(Uninverting(_1(5.5.1):C1)))}
[searcherExecutor-474-thread-1] INFO org.apache.solr.update.LoggingInfoStream - [IFD][searcherExecutor-474-thread-1]: delete "_0.si"
[searcherExecutor-474-thread-1] INFO org.apache.solr.update.LoggingInfoStream - [IFD][searcherExecutor-474-thread-1]: delete "_0_Lucene50_0.doc"
[searcherExecutor-474-thread-1] INFO org.apache.solr.update.LoggingInfoStream - [IFD][searcherExecutor-474-thread-1]: delete "_0_Lucene50_0.tim"
[searcherExecutor-474-thread-1] INFO org.apache.solr.update.LoggingInfoStream - [IFD][searcherExecutor-474-thread-1]: delete "_0_Lucene50_0.pos"
[searcherExecutor-474-thread-1] INFO org.apache.solr.update.LoggingInfoStream - [IFD][searcherExecutor-474-thread-1]: delete "_0.nvd"
[searcherExecutor-474-thread-1] INFO org.apache.solr.update.LoggingInfoStream - [IFD][searcherExecutor-474-thread-1]: delete "_0.fdx"
[searcherExecutor-474-thread-1] INFO org.apache.solr.update.LoggingInfoStream - [IFD][searcherExecutor-474-thread-1]: delete "_0_Lucene50_0.tip"
[searcherExecutor-474-thread-1] INFO org.apache.solr.update.LoggingInfoStream - [IFD][searcherExecutor-474-thread-1]: delete "_0.fdt"
[searcherExecutor-474-thread-1] INFO org.apache.solr.update.LoggingInfoStream - [IFD][searcherExecutor-474-thread-1]: delete "_0_1.liv"
[searcherExecutor-474-thread-1] INFO org.apache.solr.update.LoggingInfoStream - [IFD][searcherExecutor-474-thread-1]: delete "_0_Lucene54_0.dvm"
[searcherExecutor-474-thread-1] INFO org.apache.solr.update.LoggingInfoStream - [IFD][searcherExecutor-474-thread-1]: delete "_0_Lucene54_0.dvd"
[searcherExecutor-474-thread-1] INFO org.apache.solr.update.LoggingInfoStream - [IFD][searcherExecutor-474-thread-1]: delete "_0.nvm"
[searcherExecutor-474-thread-1] INFO org.apache.solr.update.LoggingInfoStream - [IFD][searcherExecutor-474-thread-1]: delete "_0.fnm"
[searcherExecutor-474-thread-1] INFO org.apache.solr.update.LoggingInfoStream - [IW][searcherExecutor-474-thread-1]: decRefDeleter for NRT reader version=9 segments=_0(5.5.1):C2/1:delGen=1
[Test worker] INFO org.apache.solr.update.processor.LogUpdateProcessorFactory - [core]  webapp=null path=/update params={commit=true&softCommit=false&waitSearcher=true}{commit=} 0 92
[Test worker] INFO org.apache.solr.core.SolrCore.Request - [core]  webapp=null path=/select params={q=*&fl=*,score&df=text&fq=_type_:asset&start=0&rows=10} hits=1 status=0 QTime=0
[Test worker] INFO org.apache.solr.update.processor.LogUpdateProcessorFactory - [core]  webapp=null path=/update params={}{add=[1 (1576087840279756800)]} 0 1
[Test worker] INFO org.apache.solr.core.SolrCore.Request - [core]  webapp=null path=/select params={q=!(+_id_:1)%26(_root_:1)} hits=0 status=0 QTime=0
[Test worker] INFO org.apache.solr.update.DirectUpdateHandler2 - start commit{,optimize=false,openSearcher=true,waitSearcher=true,expungeDeletes=false,softCommit=false,prepareCommit=false}
[Test worker] INFO org.apache.solr.update.LoggingInfoStream - [IW][Test worker]: commit: start
[Test worker] INFO org.apache.solr.update.LoggingInfoStream - [IW][Test worker]: commit: enter lock
[Test worker] INFO org.apache.solr.update.LoggingInfoStream - [IW][Test worker]: commit: now prepare
[Test worker] INFO org.apache.solr.update.LoggingInfoStream - [IW][Test worker]: prepareCommit: flush
[Test worker] INFO org.apache.solr.update.LoggingInfoStream - [IW][Test worker]:   index before flush _1(5.5.1):C1
[Test worker] INFO org.apache.solr.update.LoggingInfoStream - [DW][Test worker]: startFullFlush
[Test worker] INFO org.apache.solr.update.LoggingInfoStream - [DW][Test worker]: anyChanges? numDocsInRam=1 deletes=true hasTickets:false pendingChangesInFullFlush: false
[Test worker] INFO org.apache.solr.update.LoggingInfoStream - [DWFC][Test worker]: addFlushableState DocumentsWriterPerThread [pendingDeletes=gen=0, segment=_2, aborted=false, numDocsInRAM=1, deleteQueue=DWDQ: [ generation: 8 ]]
[Test worker] INFO org.apache.solr.update.LoggingInfoStream - [DWPT][Test worker]: flush postings as segment _2 numDocs=1
[Test worker] INFO org.apache.solr.update.LoggingInfoStream - [IW][Test worker]: 0 msec to write norms
[Test worker] INFO org.apache.solr.update.LoggingInfoStream - [IW][Test worker]: 0 msec to write docValues
[Test worker] INFO org.apache.solr.update.LoggingInfoStream - [IW][Test worker]: 0 msec to finish stored fields
[Test worker] INFO org.apache.solr.update.LoggingInfoStream - [IW][Test worker]: 0 msec to write postings and finish vectors
[Test worker] INFO org.apache.solr.update.LoggingInfoStream - [IW][Test worker]: 0 msec to write fieldInfos
[Test worker] INFO org.apache.solr.update.LoggingInfoStream - [DWPT][Test worker]: new segment has 0 deleted docs
[Test worker] INFO org.apache.solr.update.LoggingInfoStream - [DWPT][Test worker]: new segment has no vectors; norms; docValues; prox; freqs
[Test worker] INFO org.apache.solr.update.LoggingInfoStream - [DWPT][Test worker]: flushedFiles=[_2_Lucene54_0.dvd, _2.nvd, _2.fdt, _2.nvm, _2_Lucene54_0.dvm, _2_Lucene50_0.pos, _2.fnm, _2.fdx, _2_Lucene50_0.doc, _2_Lucene50_0.tim, _2_Lucene50_0.tip]
[Test worker] INFO org.apache.solr.update.LoggingInfoStream - [DWPT][Test worker]: flushed codec=Lucene54
[Test worker] INFO org.apache.solr.update.LoggingInfoStream - [DWPT][Test worker]: flushed: segment=_2 ramUsed=0.356 MB newFlushedSize=0.006 MB docs/MB=179.489
[Test worker] INFO org.apache.solr.update.LoggingInfoStream - [DW][Test worker]: publishFlushedSegment seg-private updates=null
[Test worker] INFO org.apache.solr.update.LoggingInfoStream - [IW][Test worker]: publishFlushedSegment
[Test worker] INFO org.apache.solr.update.LoggingInfoStream - [BD][Test worker]: push deletes  1 deleted terms (unique count=1) bytesUsed=1072 segmentPrivate?=false delGen=14 packetCount=1 totBytesUsed=1072
[Test worker] INFO org.apache.solr.update.LoggingInfoStream - [IW][Test worker]: publish sets newSegment delGen=15 seg=_2(5.5.1):C1
[Test worker] INFO org.apache.solr.update.LoggingInfoStream - [IFD][Test worker]: now checkpoint "_1(5.5.1):C1 _2(5.5.1):C1" [2 segments ; isCommit = false]
[Test worker] INFO org.apache.solr.update.LoggingInfoStream - [IFD][Test worker]: 0 msec to checkpoint
[Test worker] INFO org.apache.solr.update.LoggingInfoStream - [IW][Test worker]: apply all deletes during flush
[Test worker] INFO org.apache.solr.update.LoggingInfoStream - [IW][Test worker]: now apply all deletes for all segments maxDoc=2
[Test worker] INFO org.apache.solr.update.LoggingInfoStream - [BD][Test worker]: applyDeletes: open segment readers took 0 msec
[Test worker] INFO org.apache.solr.update.LoggingInfoStream - [BD][Test worker]: applyDeletes: infos=[_1(5.5.1):C1, _2(5.5.1):C1] packetCount=1
[Test worker] INFO org.apache.solr.update.LoggingInfoStream - [BD][Test worker]: applyTermDeletes took 0.1 msec for 2 segments and 1 packets; 1 del terms visited; 2 seg terms visited
[Test worker] INFO org.apache.solr.update.LoggingInfoStream - [BD][Test worker]: applyDeletes: 1 new deleted documents
[Test worker] INFO org.apache.solr.update.LoggingInfoStream - [BD][Test worker]: applyDeletes took 1 msec for 2 segments, 0 newly deleted docs (query deletes), 1 visited terms, allDeleted=[_1(5.5.1):C1]
[Test worker] INFO org.apache.solr.update.LoggingInfoStream - [IFD][Test worker]: now checkpoint "_1(5.5.1):C1/1 _2(5.5.1):C1" [2 segments ; isCommit = false]
[Test worker] INFO org.apache.solr.update.LoggingInfoStream - [IFD][Test worker]: 0 msec to checkpoint
[Test worker] INFO org.apache.solr.update.LoggingInfoStream - [IW][Test worker]: drop 100% deleted segments: _1(5.5.1):C1/1
[Test worker] INFO org.apache.solr.update.LoggingInfoStream - [IFD][Test worker]: now checkpoint "_2(5.5.1):C1" [1 segments ; isCommit = false]
[Test worker] INFO org.apache.solr.update.LoggingInfoStream - [IFD][Test worker]: 0 msec to checkpoint
[Test worker] INFO org.apache.solr.update.LoggingInfoStream - [BD][Test worker]: prune sis=segments_4: _2(5.5.1):C1 minGen=16 packetCount=1
[Test worker] INFO org.apache.solr.update.LoggingInfoStream - [BD][Test worker]: pruneDeletes: prune 1 packets; 0 packets remain
[Test worker] INFO org.apache.solr.update.LoggingInfoStream - [DW][Test worker]: Test worker finishFullFlush success=true
[Test worker] INFO org.apache.solr.update.LoggingInfoStream - [TMP][Test worker]: findMerges: 1 segments
[Test worker] INFO org.apache.solr.update.LoggingInfoStream - [TMP][Test worker]:   seg=_2(5.5.1):C1 size=0.006 MB [floored]
[Test worker] INFO org.apache.solr.update.LoggingInfoStream - [TMP][Test worker]:   allowedSegmentCount=1 vs count=1 (eligible count=1) tooBigCount=0
[Test worker] INFO org.apache.solr.update.LoggingInfoStream - [MS][Test worker]: now merge
[Test worker] INFO org.apache.solr.update.LoggingInfoStream - [MS][Test worker]:   index: _2(5.5.1):C1
[Test worker] INFO org.apache.solr.update.LoggingInfoStream - [MS][Test worker]:   no more merges pending; now return
[Test worker] INFO org.apache.solr.update.LoggingInfoStream - [IW][Test worker]: startCommit(): start
[Test worker] INFO org.apache.solr.update.LoggingInfoStream - [IW][Test worker]: startCommit index=_2(5.5.1):C1 changeCount=20
[Test worker] INFO org.apache.solr.update.LoggingInfoStream - [IW][Test worker]: startCommit: wrote pending segments file "pending_segments_5"
[Test worker] INFO org.apache.solr.update.LoggingInfoStream - [IW][Test worker]: done all syncs: [_2_Lucene54_0.dvd, _2.nvd, _2.si, _2.fdt, _2_Lucene54_0.dvm, _2_Lucene50_0.pos, _2.nvm, _2.fnm, _2.fdx, _2_Lucene50_0.doc, _2_Lucene50_0.tim, _2_Lucene50_0.tip]
[Test worker] INFO org.apache.solr.update.LoggingInfoStream - [IW][Test worker]: commit: pendingCommit != null
[Test worker] INFO org.apache.solr.update.LoggingInfoStream - [IW][Test worker]: commit: done writing segments file "segments_5"
[Test worker] INFO org.apache.solr.update.LoggingInfoStream - [IFD][Test worker]: now checkpoint "_2(5.5.1):C1" [1 segments ; isCommit = true]
[Test worker] INFO org.apache.solr.core.SolrDeletionPolicy - SolrDeletionPolicy.onCommit: commits: num=2
	commit{dir=NRTCachingDirectory(MMapDirectory@/tmp/solr-home2493265139315873130/core/data/index lockFactory=org.apache.lucene.store.NativeFSLockFactory@2c3d74f6; maxCacheMB=48.0 maxMergeSizeMB=4.0),segFN=segments_4,generation=4}
	commit{dir=NRTCachingDirectory(MMapDirectory@/tmp/solr-home2493265139315873130/core/data/index lockFactory=org.apache.lucene.store.NativeFSLockFactory@2c3d74f6; maxCacheMB=48.0 maxMergeSizeMB=4.0),segFN=segments_5,generation=5}
[Test worker] INFO org.apache.solr.core.SolrDeletionPolicy - newest commit generation = 5
[Test worker] INFO org.apache.solr.update.LoggingInfoStream - [IFD][Test worker]: deleteCommits: now decRef commit "segments_4"
[Test worker] INFO org.apache.solr.update.LoggingInfoStream - [IFD][Test worker]: delete "segments_4"
[Test worker] INFO org.apache.solr.update.LoggingInfoStream - [IFD][Test worker]: 0 msec to checkpoint
[Test worker] INFO org.apache.solr.update.LoggingInfoStream - [IW][Test worker]: commit: took 53.6 msec
[Test worker] INFO org.apache.solr.update.LoggingInfoStream - [IW][Test worker]: commit: done
[Test worker] INFO org.apache.solr.update.LoggingInfoStream - [IW][Test worker]: nrtIsCurrent: infoVersion matches: false; DW changes: false; BD changes: false
[Test worker] INFO org.apache.solr.update.LoggingInfoStream - [IW][Test worker]: flush at getReader
[Test worker] INFO org.apache.solr.update.LoggingInfoStream - [DW][Test worker]: startFullFlush
[Test worker] INFO org.apache.solr.update.LoggingInfoStream - [IW][Test worker]: apply all deletes during flush
[Test worker] INFO org.apache.solr.update.LoggingInfoStream - [IW][Test worker]: now apply all deletes for all segments maxDoc=1
[Test worker] INFO org.apache.solr.update.LoggingInfoStream - [BD][Test worker]: applyDeletes: open segment readers took 0 msec
[Test worker] INFO org.apache.solr.update.LoggingInfoStream - [BD][Test worker]: applyDeletes: no segments; skipping
[Test worker] INFO org.apache.solr.update.LoggingInfoStream - [BD][Test worker]: prune sis=segments_5: _2(5.5.1):C1 minGen=16 packetCount=0
[Test worker] INFO org.apache.solr.update.LoggingInfoStream - [IW][Test worker]: incRefDeleter for NRT reader version=21 segments=_2(5.5.1):C1
[Test worker] INFO org.apache.solr.update.LoggingInfoStream - [IW][Test worker]: return reader version=21 reader=StandardDirectoryReader(segments_5:21:nrt _2(5.5.1):C1)
[Test worker] INFO org.apache.solr.update.LoggingInfoStream - [DW][Test worker]: Test worker finishFullFlush success=true
[Test worker] INFO org.apache.solr.update.LoggingInfoStream - [IW][Test worker]: getReader took 0 msec
[Test worker] INFO org.apache.solr.search.SolrIndexSearcher - Opening Searcher@70c8b7f5[core] main
[searcherExecutor-474-thread-1] INFO org.apache.solr.handler.component.SpellCheckComponent - Building spell index for spell checker: default
[Test worker] INFO org.apache.solr.update.DirectUpdateHandler2 - end_commit_flush
[searcherExecutor-474-thread-1] INFO org.apache.solr.core.SolrCore - [core] Registered new searcher Searcher@70c8b7f5[core] main{ExitableDirectoryReader(UninvertingDirectoryReader(Uninverting(_2(5.5.1):C1)))}
[searcherExecutor-474-thread-1] INFO org.apache.solr.update.LoggingInfoStream - [IFD][searcherExecutor-474-thread-1]: delete "_1.si"
[searcherExecutor-474-thread-1] INFO org.apache.solr.update.LoggingInfoStream - [IFD][searcherExecutor-474-thread-1]: delete "_1.nvd"
[searcherExecutor-474-thread-1] INFO org.apache.solr.update.LoggingInfoStream - [IFD][searcherExecutor-474-thread-1]: delete "_1.nvm"
[searcherExecutor-474-thread-1] INFO org.apache.solr.update.LoggingInfoStream - [IFD][searcherExecutor-474-thread-1]: delete "_1.fnm"
[searcherExecutor-474-thread-1] INFO org.apache.solr.update.LoggingInfoStream - [IFD][searcherExecutor-474-thread-1]: delete "_1_Lucene50_0.doc"
[searcherExecutor-474-thread-1] INFO org.apache.solr.update.LoggingInfoStream - [IFD][searcherExecutor-474-thread-1]: delete "_1_Lucene50_0.tim"
[searcherExecutor-474-thread-1] INFO org.apache.solr.update.LoggingInfoStream - [IFD][searcherExecutor-474-thread-1]: delete "_1_Lucene54_0.dvd"
[searcherExecutor-474-thread-1] INFO org.apache.solr.update.LoggingInfoStream - [IFD][searcherExecutor-474-thread-1]: delete "_1_Lucene50_0.pos"
[searcherExecutor-474-thread-1] INFO org.apache.solr.update.LoggingInfoStream - [IFD][searcherExecutor-474-thread-1]: delete "_1.fdx"
[searcherExecutor-474-thread-1] INFO org.apache.solr.update.LoggingInfoStream - [IFD][searcherExecutor-474-thread-1]: delete "_1_Lucene54_0.dvm"
[searcherExecutor-474-thread-1] INFO org.apache.solr.update.LoggingInfoStream - [IFD][searcherExecutor-474-thread-1]: delete "_1.fdt"
[searcherExecutor-474-thread-1] INFO org.apache.solr.update.LoggingInfoStream - [IFD][searcherExecutor-474-thread-1]: delete "_1_Lucene50_0.tip"
[searcherExecutor-474-thread-1] INFO org.apache.solr.update.LoggingInfoStream - [IW][searcherExecutor-474-thread-1]: decRefDeleter for NRT reader version=15 segments=_1(5.5.1):C1
[Test worker] INFO org.apache.solr.update.processor.LogUpdateProcessorFactory - [core]  webapp=null path=/update params={commit=true&softCommit=false&waitSearcher=true}{commit=} 0 80
[Test worker] INFO org.apache.solr.core.SolrCore.Request - [core]  webapp=null path=/select params={q=*&fl=*,score&df=text&fq=_type_:asset&start=0&rows=10} hits=1 status=0 QTime=0
[Test worker] INFO org.apache.solr.update.processor.LogUpdateProcessorFactory - [core]  webapp=null path=/update params={}{add=[1 (1576087840369934336)]} 0 1
[Test worker] INFO org.apache.solr.core.SolrCore.Request - [core]  webapp=null path=/select params={q=!(+_id_:1)%26(_root_:1)} hits=0 status=0 QTime=0
[Test worker] INFO org.apache.solr.update.DirectUpdateHandler2 - start commit{,optimize=false,openSearcher=true,waitSearcher=true,expungeDeletes=false,softCommit=false,prepareCommit=false}
[Test worker] INFO org.apache.solr.update.LoggingInfoStream - [IW][Test worker]: commit: start
[Test worker] INFO org.apache.solr.update.LoggingInfoStream - [IW][Test worker]: commit: enter lock
[Test worker] INFO org.apache.solr.update.LoggingInfoStream - [IW][Test worker]: commit: now prepare
[Test worker] INFO org.apache.solr.update.LoggingInfoStream - [IW][Test worker]: prepareCommit: flush
[Test worker] INFO org.apache.solr.update.LoggingInfoStream - [IW][Test worker]:   index before flush _2(5.5.1):C1
[Test worker] INFO org.apache.solr.update.LoggingInfoStream - [DW][Test worker]: startFullFlush
[Test worker] INFO org.apache.solr.update.LoggingInfoStream - [DW][Test worker]: anyChanges? numDocsInRam=1 deletes=true hasTickets:false pendingChangesInFullFlush: false
[Test worker] INFO org.apache.solr.update.LoggingInfoStream - [DWFC][Test worker]: addFlushableState DocumentsWriterPerThread [pendingDeletes=gen=0, segment=_3, aborted=false, numDocsInRAM=1, deleteQueue=DWDQ: [ generation: 10 ]]
[Test worker] INFO org.apache.solr.update.LoggingInfoStream - [DWPT][Test worker]: flush postings as segment _3 numDocs=1
[Test worker] INFO org.apache.solr.update.LoggingInfoStream - [IW][Test worker]: 0 msec to write norms
[Test worker] INFO org.apache.solr.update.LoggingInfoStream - [IW][Test worker]: 0 msec to write docValues
[Test worker] INFO org.apache.solr.update.LoggingInfoStream - [IW][Test worker]: 0 msec to finish stored fields
[Test worker] INFO org.apache.solr.update.LoggingInfoStream - [IW][Test worker]: 0 msec to write postings and finish vectors
[Test worker] INFO org.apache.solr.update.LoggingInfoStream - [IW][Test worker]: 0 msec to write fieldInfos
[Test worker] INFO org.apache.solr.update.LoggingInfoStream - [DWPT][Test worker]: new segment has 0 deleted docs
[Test worker] INFO org.apache.solr.update.LoggingInfoStream - [DWPT][Test worker]: new segment has no vectors; norms; docValues; prox; freqs
[Test worker] INFO org.apache.solr.update.LoggingInfoStream - [DWPT][Test worker]: flushedFiles=[_3.fdx, _3.nvd, _3_Lucene50_0.pos, _3_Lucene54_0.dvd, _3_Lucene50_0.doc, _3_Lucene50_0.tim, _3.nvm, _3.fnm, _3.fdt, _3_Lucene50_0.tip, _3_Lucene54_0.dvm]
[Test worker] INFO org.apache.solr.update.LoggingInfoStream - [DWPT][Test worker]: flushed codec=Lucene54
[Test worker] INFO org.apache.solr.update.LoggingInfoStream - [DWPT][Test worker]: flushed: segment=_3 ramUsed=0.314 MB newFlushedSize=0.005 MB docs/MB=212.305
[Test worker] INFO org.apache.solr.update.LoggingInfoStream - [DW][Test worker]: publishFlushedSegment seg-private updates=null
[Test worker] INFO org.apache.solr.update.LoggingInfoStream - [IW][Test worker]: publishFlushedSegment
[Test worker] INFO org.apache.solr.update.LoggingInfoStream - [BD][Test worker]: push deletes  1 deleted terms (unique count=1) bytesUsed=1072 segmentPrivate?=false delGen=18 packetCount=1 totBytesUsed=1072
[Test worker] INFO org.apache.solr.update.LoggingInfoStream - [IW][Test worker]: publish sets newSegment delGen=19 seg=_3(5.5.1):C1
[Test worker] INFO org.apache.solr.update.LoggingInfoStream - [IFD][Test worker]: now checkpoint "_2(5.5.1):C1 _3(5.5.1):C1" [2 segments ; isCommit = false]
[Test worker] INFO org.apache.solr.update.LoggingInfoStream - [IFD][Test worker]: 0 msec to checkpoint
[Test worker] INFO org.apache.solr.update.LoggingInfoStream - [IW][Test worker]: apply all deletes during flush
[Test worker] INFO org.apache.solr.update.LoggingInfoStream - [IW][Test worker]: now apply all deletes for all segments maxDoc=2
[Test worker] INFO org.apache.solr.update.LoggingInfoStream - [BD][Test worker]: applyDeletes: open segment readers took 0 msec
[Test worker] INFO org.apache.solr.update.LoggingInfoStream - [BD][Test worker]: applyDeletes: infos=[_2(5.5.1):C1, _3(5.5.1):C1] packetCount=1
[Test worker] INFO org.apache.solr.update.LoggingInfoStream - [BD][Test worker]: applyTermDeletes took 0.1 msec for 2 segments and 1 packets; 1 del terms visited; 2 seg terms visited
[Test worker] INFO org.apache.solr.update.LoggingInfoStream - [BD][Test worker]: applyDeletes: 1 new deleted documents
[Test worker] INFO org.apache.solr.update.LoggingInfoStream - [BD][Test worker]: applyDeletes took 1 msec for 2 segments, 0 newly deleted docs (query deletes), 1 visited terms, allDeleted=[_2(5.5.1):C1]
[Test worker] INFO org.apache.solr.update.LoggingInfoStream - [IFD][Test worker]: now checkpoint "_2(5.5.1):C1/1 _3(5.5.1):C1" [2 segments ; isCommit = false]
[Test worker] INFO org.apache.solr.update.LoggingInfoStream - [IFD][Test worker]: 0 msec to checkpoint
[Test worker] INFO org.apache.solr.update.LoggingInfoStream - [IW][Test worker]: drop 100% deleted segments: _2(5.5.1):C1/1
[Test worker] INFO org.apache.solr.update.LoggingInfoStream - [IFD][Test worker]: now checkpoint "_3(5.5.1):C1" [1 segments ; isCommit = false]
[Test worker] INFO org.apache.solr.update.LoggingInfoStream - [IFD][Test worker]: 0 msec to checkpoint
[Test worker] INFO org.apache.solr.update.LoggingInfoStream - [BD][Test worker]: prune sis=segments_5: _3(5.5.1):C1 minGen=20 packetCount=1
[Test worker] INFO org.apache.solr.update.LoggingInfoStream - [BD][Test worker]: pruneDeletes: prune 1 packets; 0 packets remain
[Test worker] INFO org.apache.solr.update.LoggingInfoStream - [DW][Test worker]: Test worker finishFullFlush success=true
[Test worker] INFO org.apache.solr.update.LoggingInfoStream - [TMP][Test worker]: findMerges: 1 segments
[Test worker] INFO org.apache.solr.update.LoggingInfoStream - [TMP][Test worker]:   seg=_3(5.5.1):C1 size=0.005 MB [floored]
[Test worker] INFO org.apache.solr.update.LoggingInfoStream - [TMP][Test worker]:   allowedSegmentCount=1 vs count=1 (eligible count=1) tooBigCount=0
[Test worker] INFO org.apache.solr.update.LoggingInfoStream - [MS][Test worker]: now merge
[Test worker] INFO org.apache.solr.update.LoggingInfoStream - [MS][Test worker]:   index: _3(5.5.1):C1
[Test worker] INFO org.apache.solr.update.LoggingInfoStream - [MS][Test worker]:   no more merges pending; now return
[Test worker] INFO org.apache.solr.update.LoggingInfoStream - [IW][Test worker]: startCommit(): start
[Test worker] INFO org.apache.solr.update.LoggingInfoStream - [IW][Test worker]: startCommit index=_3(5.5.1):C1 changeCount=26
[Test worker] INFO org.apache.solr.update.LoggingInfoStream - [IW][Test worker]: startCommit: wrote pending segments file "pending_segments_6"
[Test worker] INFO org.apache.solr.update.LoggingInfoStream - [IW][Test worker]: done all syncs: [_3.fdx, _3.si, _3.nvd, _3_Lucene50_0.pos, _3_Lucene54_0.dvd, _3_Lucene50_0.doc, _3_Lucene50_0.tim, _3.nvm, _3.fnm, _3.fdt, _3_Lucene50_0.tip, _3_Lucene54_0.dvm]
[Test worker] INFO org.apache.solr.update.LoggingInfoStream - [IW][Test worker]: commit: pendingCommit != null
[Test worker] INFO org.apache.solr.update.LoggingInfoStream - [IW][Test worker]: commit: done writing segments file "segments_6"
[Test worker] INFO org.apache.solr.update.LoggingInfoStream - [IFD][Test worker]: now checkpoint "_3(5.5.1):C1" [1 segments ; isCommit = true]
[Test worker] INFO org.apache.solr.core.SolrDeletionPolicy - SolrDeletionPolicy.onCommit: commits: num=2
	commit{dir=NRTCachingDirectory(MMapDirectory@/tmp/solr-home2493265139315873130/core/data/index lockFactory=org.apache.lucene.store.NativeFSLockFactory@2c3d74f6; maxCacheMB=48.0 maxMergeSizeMB=4.0),segFN=segments_5,generation=5}
	commit{dir=NRTCachingDirectory(MMapDirectory@/tmp/solr-home2493265139315873130/core/data/index lockFactory=org.apache.lucene.store.NativeFSLockFactory@2c3d74f6; maxCacheMB=48.0 maxMergeSizeMB=4.0),segFN=segments_6,generation=6}
[Test worker] INFO org.apache.solr.core.SolrDeletionPolicy - newest commit generation = 6
[Test worker] INFO org.apache.solr.update.LoggingInfoStream - [IFD][Test worker]: deleteCommits: now decRef commit "segments_5"
[Test worker] INFO org.apache.solr.update.LoggingInfoStream - [IFD][Test worker]: delete "segments_5"
[Test worker] INFO org.apache.solr.update.LoggingInfoStream - [IFD][Test worker]: 0 msec to checkpoint
[Test worker] INFO org.apache.solr.update.LoggingInfoStream - [IW][Test worker]: commit: took 56.3 msec
[Test worker] INFO org.apache.solr.update.LoggingInfoStream - [IW][Test worker]: commit: done
[Test worker] INFO org.apache.solr.update.LoggingInfoStream - [IW][Test worker]: nrtIsCurrent: infoVersion matches: false; DW changes: false; BD changes: false
[Test worker] INFO org.apache.solr.update.LoggingInfoStream - [IW][Test worker]: flush at getReader
[Test worker] INFO org.apache.solr.update.LoggingInfoStream - [DW][Test worker]: startFullFlush
[Test worker] INFO org.apache.solr.update.LoggingInfoStream - [IW][Test worker]: apply all deletes during flush
[Test worker] INFO org.apache.solr.update.LoggingInfoStream - [IW][Test worker]: now apply all deletes for all segments maxDoc=1
[Test worker] INFO org.apache.solr.update.LoggingInfoStream - [BD][Test worker]: applyDeletes: open segment readers took 0 msec
[Test worker] INFO org.apache.solr.update.LoggingInfoStream - [BD][Test worker]: applyDeletes: no segments; skipping
[Test worker] INFO org.apache.solr.update.LoggingInfoStream - [BD][Test worker]: prune sis=segments_6: _3(5.5.1):C1 minGen=20 packetCount=0
[Test worker] INFO org.apache.solr.update.LoggingInfoStream - [IW][Test worker]: incRefDeleter for NRT reader version=27 segments=_3(5.5.1):C1
[Test worker] INFO org.apache.solr.update.LoggingInfoStream - [IW][Test worker]: return reader version=27 reader=StandardDirectoryReader(segments_6:27:nrt _3(5.5.1):C1)
[Test worker] INFO org.apache.solr.update.LoggingInfoStream - [DW][Test worker]: Test worker finishFullFlush success=true
[Test worker] INFO org.apache.solr.update.LoggingInfoStream - [IW][Test worker]: getReader took 1 msec
[Test worker] INFO org.apache.solr.search.SolrIndexSearcher - Opening Searcher@2742b41b[core] main
[Test worker] INFO org.apache.solr.update.DirectUpdateHandler2 - end_commit_flush
[searcherExecutor-474-thread-1] INFO org.apache.solr.handler.component.SpellCheckComponent - Building spell index for spell checker: default
[searcherExecutor-474-thread-1] INFO org.apache.solr.core.SolrCore - [core] Registered new searcher Searcher@2742b41b[core] main{ExitableDirectoryReader(UninvertingDirectoryReader(Uninverting(_3(5.5.1):C1)))}
[searcherExecutor-474-thread-1] INFO org.apache.solr.update.LoggingInfoStream - [IFD][searcherExecutor-474-thread-1]: delete "_2_Lucene54_0.dvd"
[searcherExecutor-474-thread-1] INFO org.apache.solr.update.LoggingInfoStream - [IFD][searcherExecutor-474-thread-1]: delete "_2.si"
[searcherExecutor-474-thread-1] INFO org.apache.solr.update.LoggingInfoStream - [IFD][searcherExecutor-474-thread-1]: delete "_2.fdt"
[searcherExecutor-474-thread-1] INFO org.apache.solr.update.LoggingInfoStream - [IFD][searcherExecutor-474-thread-1]: delete "_2_Lucene54_0.dvm"
[searcherExecutor-474-thread-1] INFO org.apache.solr.update.LoggingInfoStream - [IFD][searcherExecutor-474-thread-1]: delete "_2_Lucene50_0.pos"
[searcherExecutor-474-thread-1] INFO org.apache.solr.update.LoggingInfoStream - [IFD][searcherExecutor-474-thread-1]: delete "_2.fdx"
[searcherExecutor-474-thread-1] INFO org.apache.solr.update.LoggingInfoStream - [IFD][searcherExecutor-474-thread-1]: delete "_2_Lucene50_0.doc"
[searcherExecutor-474-thread-1] INFO org.apache.solr.update.LoggingInfoStream - [IFD][searcherExecutor-474-thread-1]: delete "_2_Lucene50_0.tim"
[searcherExecutor-474-thread-1] INFO org.apache.solr.update.LoggingInfoStream - [IFD][searcherExecutor-474-thread-1]: delete "_2_Lucene50_0.tip"
[searcherExecutor-474-thread-1] INFO org.apache.solr.update.LoggingInfoStream - [IFD][searcherExecutor-474-thread-1]: delete "_2.nvd"
[searcherExecutor-474-thread-1] INFO org.apache.solr.update.LoggingInfoStream - [IFD][searcherExecutor-474-thread-1]: delete "_2.nvm"
[searcherExecutor-474-thread-1] INFO org.apache.solr.update.LoggingInfoStream - [IFD][searcherExecutor-474-thread-1]: delete "_2.fnm"
[searcherExecutor-474-thread-1] INFO org.apache.solr.update.LoggingInfoStream - [IW][searcherExecutor-474-thread-1]: decRefDeleter for NRT reader version=21 segments=_2(5.5.1):C1
[Test worker] INFO org.apache.solr.update.processor.LogUpdateProcessorFactory - [core]  webapp=null path=/update params={commit=true&softCommit=false&waitSearcher=true}{commit=} 0 89
[Test worker] INFO org.apache.solr.core.SolrCore.Request - [core]  webapp=null path=/select params={q=*&fl=*,score&df=text&fq=_type_:asset&start=0&rows=10} hits=1 status=0 QTime=0
[Test worker] INFO org.apache.solr.core.CoreContainer - Shutting down CoreContainer instance=2095410633
[coreCloseExecutor-479-thread-1] INFO org.apache.solr.core.SolrCore - [core]  CLOSING SolrCore org.apache.solr.core.SolrCore@4f7d0705
[coreCloseExecutor-479-thread-1] INFO org.apache.solr.update.DirectUpdateHandler2 - closing DirectUpdateHandler2{commits=5,autocommit maxTime=15000ms,autocommits=0,soft autocommits=0,optimizes=0,rollbacks=0,expungeDeletes=0,docsPending=0,adds=0,deletesById=0,deletesByQuery=0,errors=0,cumulative_adds=5,cumulative_deletesById=0,cumulative_deletesByQuery=1,cumulative_errors=0,transaction_logs_total_size=3910,transaction_logs_total_number=5}
[coreCloseExecutor-479-thread-1] INFO org.apache.solr.update.SolrCoreState - Closing SolrCoreState
[coreCloseExecutor-479-thread-1] INFO org.apache.solr.update.DefaultSolrCoreState - SolrCoreState ref count has reached 0 - closing IndexWriter
[coreCloseExecutor-479-thread-1] INFO org.apache.solr.update.DefaultSolrCoreState - closing IndexWriter with IndexWriterCloser
[coreCloseExecutor-479-thread-1] INFO org.apache.solr.update.LoggingInfoStream - [IW][coreCloseExecutor-479-thread-1]: now flush at close
[coreCloseExecutor-479-thread-1] INFO org.apache.solr.update.LoggingInfoStream - [IW][coreCloseExecutor-479-thread-1]:   start flush: applyAllDeletes=true
[coreCloseExecutor-479-thread-1] INFO org.apache.solr.update.LoggingInfoStream - [IW][coreCloseExecutor-479-thread-1]:   index before flush _3(5.5.1):C1
[coreCloseExecutor-479-thread-1] INFO org.apache.solr.update.LoggingInfoStream - [DW][coreCloseExecutor-479-thread-1]: startFullFlush
[coreCloseExecutor-479-thread-1] INFO org.apache.solr.update.LoggingInfoStream - [DW][coreCloseExecutor-479-thread-1]: coreCloseExecutor-479-thread-1 finishFullFlush success=true
[coreCloseExecutor-479-thread-1] INFO org.apache.solr.update.LoggingInfoStream - [IW][coreCloseExecutor-479-thread-1]: apply all deletes during flush
[coreCloseExecutor-479-thread-1] INFO org.apache.solr.update.LoggingInfoStream - [IW][coreCloseExecutor-479-thread-1]: now apply all deletes for all segments maxDoc=1
[coreCloseExecutor-479-thread-1] INFO org.apache.solr.update.LoggingInfoStream - [BD][coreCloseExecutor-479-thread-1]: applyDeletes: open segment readers took 0 msec
[coreCloseExecutor-479-thread-1] INFO org.apache.solr.update.LoggingInfoStream - [BD][coreCloseExecutor-479-thread-1]: applyDeletes: no segments; skipping
[coreCloseExecutor-479-thread-1] INFO org.apache.solr.update.LoggingInfoStream - [BD][coreCloseExecutor-479-thread-1]: prune sis=segments_6: _3(5.5.1):C1 minGen=20 packetCount=0
[coreCloseExecutor-479-thread-1] INFO org.apache.solr.update.LoggingInfoStream - [MS][coreCloseExecutor-479-thread-1]: updateMergeThreads ioThrottle=true targetMBPerSec=10240.0 MB/sec
[coreCloseExecutor-479-thread-1] INFO org.apache.solr.update.LoggingInfoStream - [MS][coreCloseExecutor-479-thread-1]: now merge
[coreCloseExecutor-479-thread-1] INFO org.apache.solr.update.LoggingInfoStream - [MS][coreCloseExecutor-479-thread-1]:   index: _3(5.5.1):C1
[coreCloseExecutor-479-thread-1] INFO org.apache.solr.update.LoggingInfoStream - [MS][coreCloseExecutor-479-thread-1]:   no more merges pending; now return
[coreCloseExecutor-479-thread-1] INFO org.apache.solr.update.LoggingInfoStream - [IW][coreCloseExecutor-479-thread-1]: waitForMerges
[coreCloseExecutor-479-thread-1] INFO org.apache.solr.update.LoggingInfoStream - [IW][coreCloseExecutor-479-thread-1]: waitForMerges done
[coreCloseExecutor-479-thread-1] INFO org.apache.solr.update.LoggingInfoStream - [IW][coreCloseExecutor-479-thread-1]: commit: start
[coreCloseExecutor-479-thread-1] INFO org.apache.solr.update.LoggingInfoStream - [IW][coreCloseExecutor-479-thread-1]: commit: enter lock
[coreCloseExecutor-479-thread-1] INFO org.apache.solr.update.LoggingInfoStream - [IW][coreCloseExecutor-479-thread-1]: commit: now prepare
[coreCloseExecutor-479-thread-1] INFO org.apache.solr.update.LoggingInfoStream - [IW][coreCloseExecutor-479-thread-1]: prepareCommit: flush
[coreCloseExecutor-479-thread-1] INFO org.apache.solr.update.LoggingInfoStream - [IW][coreCloseExecutor-479-thread-1]:   index before flush _3(5.5.1):C1
[coreCloseExecutor-479-thread-1] INFO org.apache.solr.update.LoggingInfoStream - [DW][coreCloseExecutor-479-thread-1]: startFullFlush
[coreCloseExecutor-479-thread-1] INFO org.apache.solr.update.LoggingInfoStream - [IW][coreCloseExecutor-479-thread-1]: apply all deletes during flush
[coreCloseExecutor-479-thread-1] INFO org.apache.solr.update.LoggingInfoStream - [IW][coreCloseExecutor-479-thread-1]: now apply all deletes for all segments maxDoc=1
[coreCloseExecutor-479-thread-1] INFO org.apache.solr.update.LoggingInfoStream - [BD][coreCloseExecutor-479-thread-1]: applyDeletes: open segment readers took 0 msec
[coreCloseExecutor-479-thread-1] INFO org.apache.solr.update.LoggingInfoStream - [BD][coreCloseExecutor-479-thread-1]: applyDeletes: no segments; skipping
[coreCloseExecutor-479-thread-1] INFO org.apache.solr.update.LoggingInfoStream - [BD][coreCloseExecutor-479-thread-1]: prune sis=segments_6: _3(5.5.1):C1 minGen=20 packetCount=0
[coreCloseExecutor-479-thread-1] INFO org.apache.solr.update.LoggingInfoStream - [DW][coreCloseExecutor-479-thread-1]: coreCloseExecutor-479-thread-1 finishFullFlush success=true
[coreCloseExecutor-479-thread-1] INFO org.apache.solr.update.LoggingInfoStream - [IW][coreCloseExecutor-479-thread-1]: startCommit(): start
[coreCloseExecutor-479-thread-1] INFO org.apache.solr.update.LoggingInfoStream - [IW][coreCloseExecutor-479-thread-1]:   skip startCommit(): no changes pending
[coreCloseExecutor-479-thread-1] INFO org.apache.solr.update.LoggingInfoStream - [IW][coreCloseExecutor-479-thread-1]: commit: pendingCommit == null; skip
[coreCloseExecutor-479-thread-1] INFO org.apache.solr.update.LoggingInfoStream - [IW][coreCloseExecutor-479-thread-1]: commit: took 0.1 msec
[coreCloseExecutor-479-thread-1] INFO org.apache.solr.update.LoggingInfoStream - [IW][coreCloseExecutor-479-thread-1]: commit: done
[coreCloseExecutor-479-thread-1] INFO org.apache.solr.update.LoggingInfoStream - [IW][coreCloseExecutor-479-thread-1]: rollback
[coreCloseExecutor-479-thread-1] INFO org.apache.solr.update.LoggingInfoStream - [IW][coreCloseExecutor-479-thread-1]: all running merges have aborted
[coreCloseExecutor-479-thread-1] INFO org.apache.solr.update.LoggingInfoStream - [IW][coreCloseExecutor-479-thread-1]: rollback: done finish merges
[coreCloseExecutor-479-thread-1] INFO org.apache.solr.update.LoggingInfoStream - [DW][coreCloseExecutor-479-thread-1]: abort
[coreCloseExecutor-479-thread-1] INFO org.apache.solr.update.LoggingInfoStream - [DW][coreCloseExecutor-479-thread-1]: done abort success=true
[coreCloseExecutor-479-thread-1] INFO org.apache.solr.update.LoggingInfoStream - [IW][coreCloseExecutor-479-thread-1]: rollback: infos=_3(5.5.1):C1
[coreCloseExecutor-479-thread-1] INFO org.apache.solr.update.LoggingInfoStream - [IFD][coreCloseExecutor-479-thread-1]: now checkpoint "_3(5.5.1):C1" [1 segments ; isCommit = false]
[coreCloseExecutor-479-thread-1] INFO org.apache.solr.update.LoggingInfoStream - [IFD][coreCloseExecutor-479-thread-1]: 0 msec to checkpoint
[coreCloseExecutor-479-thread-1] INFO org.apache.solr.core.SolrCore - [core] Closing main searcher on request.
[coreCloseExecutor-479-thread-1] INFO org.apache.solr.core.CachingDirectoryFactory - Closing NRTCachingDirectoryFactory - 2 directories currently being tracked
[coreCloseExecutor-479-thread-1] INFO org.apache.solr.core.CachingDirectoryFactory - looking to close /tmp/solr-home2493265139315873130/core/data/index [CachedDir<<refCount=0;path=/tmp/solr-home2493265139315873130/core/data/index;done=false>>]
[coreCloseExecutor-479-thread-1] INFO org.apache.solr.core.CachingDirectoryFactory - Closing directory: /tmp/solr-home2493265139315873130/core/data/index
[coreCloseExecutor-479-thread-1] INFO org.apache.solr.core.CachingDirectoryFactory - looking to close /tmp/solr-home2493265139315873130/core/data [CachedDir<<refCount=0;path=/tmp/solr-home2493265139315873130/core/data;done=false>>]
[coreCloseExecutor-479-thread-1] INFO org.apache.solr.core.CachingDirectoryFactory - Closing directory: /tmp/solr-home2493265139315873130/core/data
[Test worker] INFO com.rbmhtechnology.vind.solr.SolrSearchServer - No server provider of type class com.rbmhtechnology.vind.solr.EmbeddedSolrServerProvider found in classpath for server com.rbmhtechnology.vind.solr.SolrSearchServer
[Test worker] INFO com.rbmhtechnology.vind.solr.SolrSearchServer - No server provider of type class com.rbmhtechnology.vind.solr.EmbeddedSolrServerProvider found in classpath for server com.rbmhtechnology.vind.solr.SolrSearchServer
[Test worker] INFO org.apache.solr.core.SolrResourceLoader - new SolrResourceLoader for directory: '/tmp/solr-home4347620048488640618'
[Test worker] INFO org.apache.solr.core.SolrResourceLoader - JNDI not configured for solr (NoInitialContextEx)
[Test worker] INFO org.apache.solr.core.SolrResourceLoader - solr home defaulted to 'solr/' (could not find system property or JNDI)
[Test worker] INFO org.apache.solr.core.SolrXmlConfig - Loading container configuration from /tmp/solr-home4347620048488640618/solr.xml
[Test worker] INFO org.apache.solr.core.CorePropertiesLocator - Config-defined core root directory: /tmp/solr-home4347620048488640618
[Test worker] INFO org.apache.solr.core.CoreContainer - New CoreContainer 529897126
[Test worker] INFO org.apache.solr.core.CoreContainer - Loading cores into CoreContainer [instanceDir=/tmp/solr-home4347620048488640618]
[Test worker] WARN org.apache.solr.core.CoreContainer - Couldn't add files from /tmp/solr-home4347620048488640618/lib to classpath: /tmp/solr-home4347620048488640618/lib
[Test worker] INFO org.apache.solr.handler.component.HttpShardHandlerFactory - created with socketTimeout : 120000,connTimeout : 15000,maxConnectionsPerHost : 20,maxConnections : 10000,corePoolSize : 0,maximumPoolSize : 2147483647,maxThreadIdleTime : 5,sizeOfQueue : -1,fairnessPolicy : false,useRetries : false,
[Test worker] INFO org.apache.solr.update.UpdateShardHandler - Creating UpdateShardHandler HTTP client with params: socketTimeout=600000&connTimeout=60000&retry=true
[Test worker] INFO org.apache.solr.logging.LogWatcher - SLF4J impl is org.slf4j.impl.SimpleLoggerFactory
[Test worker] INFO org.apache.solr.logging.LogWatcher - No LogWatcher configured
[Test worker] INFO org.apache.solr.core.CoreContainer - Security conf doesn't exist. Skipping setup for authorization module.
[Test worker] INFO org.apache.solr.core.CoreContainer - No authentication plugin used.
[Test worker] INFO org.apache.solr.core.CorePropertiesLocator - Looking for core definitions underneath /tmp/solr-home4347620048488640618
[Test worker] INFO org.apache.solr.core.CoreDescriptor - Created CoreDescriptor: {runtimeLib=false, name=core, config=solrconfig.xml, loadOnStartup=true, schema=schema.xml, configSetProperties=configsetprops.json, transient=false, dataDir=data/}
[Test worker] INFO org.apache.solr.core.CorePropertiesLocator - Found core core in /tmp/solr-home4347620048488640618/core
[Test worker] INFO org.apache.solr.core.CorePropertiesLocator - Found 1 core definitions
[coreLoadExecutor-486-thread-1] INFO org.apache.solr.core.SolrResourceLoader - new SolrResourceLoader for directory: '/tmp/solr-home4347620048488640618/core'
[coreLoadExecutor-486-thread-1] INFO org.apache.solr.core.SolrResourceLoader - JNDI not configured for solr (NoInitialContextEx)
[coreLoadExecutor-486-thread-1] INFO org.apache.solr.core.SolrResourceLoader - solr home defaulted to 'solr/' (could not find system property or JNDI)
[coreLoadExecutor-486-thread-1] INFO org.apache.solr.core.SolrResourceLoader - Adding 'file:/tmp/solr-home4347620048488640618/core/lib/marker-search-handler-0.3.0.jar' to classloader
[coreLoadExecutor-486-thread-1] INFO org.apache.solr.core.SolrResourceLoader - Adding 'file:/tmp/solr-home4347620048488640618/core/lib/suggestion-request-handler-2.1.0.jar' to classloader
[coreLoadExecutor-486-thread-1] INFO org.apache.solr.core.SolrConfig - current version of requestparams : -1
[coreLoadExecutor-486-thread-1] INFO org.apache.solr.update.SolrIndexConfig - IndexWriter infoStream solr logging is enabled
[coreLoadExecutor-486-thread-1] INFO org.apache.solr.core.SolrConfig - Using Lucene MatchVersion: 5.5.0
[coreLoadExecutor-486-thread-1] INFO org.apache.solr.core.SolrConfig - Loaded SolrConfig: solrconfig.xml
[coreLoadExecutor-486-thread-1] INFO org.apache.solr.schema.ManagedIndexSchemaFactory - The schema is configured as managed, but managed schema resource managed-schema not found - loading non-managed schema schema.xml instead
[coreLoadExecutor-486-thread-1] INFO org.apache.solr.schema.IndexSchema - [core] Schema name=basic search lib core
[coreLoadExecutor-486-thread-1] INFO org.apache.solr.schema.IndexSchema - unique key field: _id_
[coreLoadExecutor-486-thread-1] INFO org.apache.solr.schema.ManagedIndexSchema - Upgraded to managed schema at /tmp/solr-home4347620048488640618/core/conf/managed-schema
[coreLoadExecutor-486-thread-1] INFO org.apache.solr.schema.ManagedIndexSchemaFactory - After upgrading to managed schema, renamed the non-managed schema /tmp/solr-home4347620048488640618/core/conf/schema.xml to /tmp/solr-home4347620048488640618/core/conf/schema.xml.bak
[coreLoadExecutor-486-thread-1] INFO org.apache.solr.core.ConfigSetProperties - Did not find ConfigSet properties, assuming default properties: Can't find resource 'configsetprops.json' in classpath or '/tmp/solr-home4347620048488640618/core'
[coreLoadExecutor-486-thread-1] INFO org.apache.solr.core.CoreContainer - Creating SolrCore 'core' using configuration from instancedir /tmp/solr-home4347620048488640618/core
[coreLoadExecutor-486-thread-1] INFO org.apache.solr.core.SolrCore - solr.NRTCachingDirectoryFactory
[coreLoadExecutor-486-thread-1] INFO org.apache.solr.core.SolrCore - [[core] ] Opening new SolrCore at [/tmp/solr-home4347620048488640618/core], dataDir=[/tmp/solr-home4347620048488640618/core/data/]
[coreLoadExecutor-486-thread-1] INFO org.apache.solr.core.JmxMonitoredMap - No JMX servers found, not exposing Solr information with JMX.
[coreLoadExecutor-486-thread-1] INFO org.apache.solr.core.SchemaCodecFactory - Using default compressionMode: BEST_SPEED
[coreLoadExecutor-486-thread-1] INFO org.apache.solr.core.CachingDirectoryFactory - return new directory for /tmp/solr-home4347620048488640618/core/data
[coreLoadExecutor-486-thread-1] INFO org.apache.solr.core.SolrCore - New index directory detected: old=null new=/tmp/solr-home4347620048488640618/core/data/index/
[coreLoadExecutor-486-thread-1] WARN org.apache.solr.core.SolrCore - [core] Solr index directory '/tmp/solr-home4347620048488640618/core/data/index' doesn't exist. Creating new index...
[coreLoadExecutor-486-thread-1] INFO org.apache.solr.core.CachingDirectoryFactory - return new directory for /tmp/solr-home4347620048488640618/core/data/index
[coreLoadExecutor-486-thread-1] INFO org.apache.solr.update.LoggingInfoStream - [IFD][coreLoadExecutor-486-thread-1]: init: current segments file is "segments"; deletionPolicy=org.apache.solr.core.IndexDeletionPolicyWrapper@54edf05a
[coreLoadExecutor-486-thread-1] INFO org.apache.solr.update.LoggingInfoStream - [IFD][coreLoadExecutor-486-thread-1]: now checkpoint "" [0 segments ; isCommit = false]
[coreLoadExecutor-486-thread-1] INFO org.apache.solr.update.LoggingInfoStream - [IFD][coreLoadExecutor-486-thread-1]: 0 msec to checkpoint
[coreLoadExecutor-486-thread-1] INFO org.apache.solr.update.LoggingInfoStream - [IW][coreLoadExecutor-486-thread-1]: init: create=true
[coreLoadExecutor-486-thread-1] INFO org.apache.solr.update.LoggingInfoStream - [IW][coreLoadExecutor-486-thread-1]: 
dir=NRTCachingDirectory(MMapDirectory@/tmp/solr-home4347620048488640618/core/data/index lockFactory=org.apache.lucene.store.NativeFSLockFactory@2c3d74f6; maxCacheMB=48.0 maxMergeSizeMB=4.0)
index=
version=5.5.1
analyzer=org.apache.solr.update.SolrIndexConfig$DelayedSchemaAnalyzer
ramBufferSizeMB=100.0
maxBufferedDocs=-1
maxBufferedDeleteTerms=-1
mergedSegmentWarmer=null
delPolicy=org.apache.solr.core.IndexDeletionPolicyWrapper
commit=null
openMode=CREATE
similarity=org.apache.lucene.search.similarities.ClassicSimilarity
mergeScheduler=ConcurrentMergeScheduler: maxThreadCount=-1, maxMergeCount=-1, ioThrottle=true
default WRITE_LOCK_TIMEOUT=0
writeLockTimeout=0
codec=Lucene54
infoStream=org.apache.solr.update.LoggingInfoStream
mergePolicy=[TieredMergePolicy: maxMergeAtOnce=10, maxMergeAtOnceExplicit=30, maxMergedSegmentMB=5120.0, floorSegmentMB=2.0, forceMergeDeletesPctAllowed=10.0, segmentsPerTier=10.0, maxCFSSegmentSizeMB=8.796093022207999E12, noCFSRatio=0.1
indexerThreadPool=org.apache.lucene.index.DocumentsWriterPerThreadPool@59671671
readerPooling=false
perThreadHardLimitMB=1945
useCompoundFile=false
commitOnClose=true
writer=org.apache.solr.update.SolrIndexWriter@49b22e

[coreLoadExecutor-486-thread-1] INFO org.apache.solr.update.LoggingInfoStream - [IW][coreLoadExecutor-486-thread-1]: MMapDirectory.UNMAP_SUPPORTED=true
[coreLoadExecutor-486-thread-1] INFO org.apache.solr.update.LoggingInfoStream - [IW][coreLoadExecutor-486-thread-1]: now flush at close
[coreLoadExecutor-486-thread-1] INFO org.apache.solr.update.LoggingInfoStream - [IW][coreLoadExecutor-486-thread-1]:   start flush: applyAllDeletes=true
[coreLoadExecutor-486-thread-1] INFO org.apache.solr.update.LoggingInfoStream - [IW][coreLoadExecutor-486-thread-1]:   index before flush 
[coreLoadExecutor-486-thread-1] INFO org.apache.solr.update.LoggingInfoStream - [DW][coreLoadExecutor-486-thread-1]: startFullFlush
[coreLoadExecutor-486-thread-1] INFO org.apache.solr.update.LoggingInfoStream - [DW][coreLoadExecutor-486-thread-1]: coreLoadExecutor-486-thread-1 finishFullFlush success=true
[coreLoadExecutor-486-thread-1] INFO org.apache.solr.update.LoggingInfoStream - [IW][coreLoadExecutor-486-thread-1]: apply all deletes during flush
[coreLoadExecutor-486-thread-1] INFO org.apache.solr.update.LoggingInfoStream - [IW][coreLoadExecutor-486-thread-1]: now apply all deletes for all segments maxDoc=0
[coreLoadExecutor-486-thread-1] INFO org.apache.solr.update.LoggingInfoStream - [BD][coreLoadExecutor-486-thread-1]: prune sis=segments:  minGen=9223372036854775807 packetCount=0
[coreLoadExecutor-486-thread-1] INFO org.apache.solr.update.LoggingInfoStream - [MS][coreLoadExecutor-486-thread-1]: initDynamicDefaults spins=false maxThreadCount=2 maxMergeCount=7
[coreLoadExecutor-486-thread-1] INFO org.apache.solr.update.LoggingInfoStream - [MS][coreLoadExecutor-486-thread-1]: updateMergeThreads ioThrottle=true targetMBPerSec=10240.0 MB/sec
[coreLoadExecutor-486-thread-1] INFO org.apache.solr.update.LoggingInfoStream - [MS][coreLoadExecutor-486-thread-1]: now merge
[coreLoadExecutor-486-thread-1] INFO org.apache.solr.update.LoggingInfoStream - [MS][coreLoadExecutor-486-thread-1]:   index: 
[coreLoadExecutor-486-thread-1] INFO org.apache.solr.update.LoggingInfoStream - [MS][coreLoadExecutor-486-thread-1]:   no more merges pending; now return
[coreLoadExecutor-486-thread-1] INFO org.apache.solr.update.LoggingInfoStream - [IW][coreLoadExecutor-486-thread-1]: waitForMerges
[coreLoadExecutor-486-thread-1] INFO org.apache.solr.update.LoggingInfoStream - [IW][coreLoadExecutor-486-thread-1]: waitForMerges done
[coreLoadExecutor-486-thread-1] INFO org.apache.solr.update.LoggingInfoStream - [IW][coreLoadExecutor-486-thread-1]: commit: start
[coreLoadExecutor-486-thread-1] INFO org.apache.solr.update.LoggingInfoStream - [IW][coreLoadExecutor-486-thread-1]: commit: enter lock
[coreLoadExecutor-486-thread-1] INFO org.apache.solr.update.LoggingInfoStream - [IW][coreLoadExecutor-486-thread-1]: commit: now prepare
[coreLoadExecutor-486-thread-1] INFO org.apache.solr.update.LoggingInfoStream - [IW][coreLoadExecutor-486-thread-1]: prepareCommit: flush
[coreLoadExecutor-486-thread-1] INFO org.apache.solr.update.LoggingInfoStream - [IW][coreLoadExecutor-486-thread-1]:   index before flush 
[coreLoadExecutor-486-thread-1] INFO org.apache.solr.update.LoggingInfoStream - [DW][coreLoadExecutor-486-thread-1]: startFullFlush
[coreLoadExecutor-486-thread-1] INFO org.apache.solr.update.LoggingInfoStream - [IW][coreLoadExecutor-486-thread-1]: apply all deletes during flush
[coreLoadExecutor-486-thread-1] INFO org.apache.solr.update.LoggingInfoStream - [IW][coreLoadExecutor-486-thread-1]: now apply all deletes for all segments maxDoc=0
[coreLoadExecutor-486-thread-1] INFO org.apache.solr.update.LoggingInfoStream - [BD][coreLoadExecutor-486-thread-1]: prune sis=segments:  minGen=9223372036854775807 packetCount=0
[coreLoadExecutor-486-thread-1] INFO org.apache.solr.update.LoggingInfoStream - [DW][coreLoadExecutor-486-thread-1]: coreLoadExecutor-486-thread-1 finishFullFlush success=true
[coreLoadExecutor-486-thread-1] INFO org.apache.solr.update.LoggingInfoStream - [IW][coreLoadExecutor-486-thread-1]: startCommit(): start
[coreLoadExecutor-486-thread-1] INFO org.apache.solr.update.LoggingInfoStream - [IW][coreLoadExecutor-486-thread-1]: startCommit index= changeCount=2
[coreLoadExecutor-486-thread-1] INFO org.apache.solr.update.LoggingInfoStream - [IW][coreLoadExecutor-486-thread-1]: startCommit: wrote pending segments file "pending_segments_1"
[coreLoadExecutor-486-thread-1] INFO org.apache.solr.update.LoggingInfoStream - [IW][coreLoadExecutor-486-thread-1]: done all syncs: []
[coreLoadExecutor-486-thread-1] INFO org.apache.solr.update.LoggingInfoStream - [IW][coreLoadExecutor-486-thread-1]: commit: pendingCommit != null
[coreLoadExecutor-486-thread-1] INFO org.apache.solr.update.LoggingInfoStream - [IW][coreLoadExecutor-486-thread-1]: commit: done writing segments file "segments_1"
[coreLoadExecutor-486-thread-1] INFO org.apache.solr.update.LoggingInfoStream - [IFD][coreLoadExecutor-486-thread-1]: now checkpoint "" [0 segments ; isCommit = true]
[coreLoadExecutor-486-thread-1] INFO org.apache.solr.core.SolrDeletionPolicy - SolrDeletionPolicy.onCommit: commits: num=1
	commit{dir=NRTCachingDirectory(MMapDirectory@/tmp/solr-home4347620048488640618/core/data/index lockFactory=org.apache.lucene.store.NativeFSLockFactory@2c3d74f6; maxCacheMB=48.0 maxMergeSizeMB=4.0),segFN=segments_1,generation=1}
[coreLoadExecutor-486-thread-1] INFO org.apache.solr.core.SolrDeletionPolicy - newest commit generation = 1
[coreLoadExecutor-486-thread-1] INFO org.apache.solr.update.LoggingInfoStream - [IFD][coreLoadExecutor-486-thread-1]: 0 msec to checkpoint
[coreLoadExecutor-486-thread-1] INFO org.apache.solr.update.LoggingInfoStream - [IW][coreLoadExecutor-486-thread-1]: commit: took 6.0 msec
[coreLoadExecutor-486-thread-1] INFO org.apache.solr.update.LoggingInfoStream - [IW][coreLoadExecutor-486-thread-1]: commit: done
[coreLoadExecutor-486-thread-1] INFO org.apache.solr.update.LoggingInfoStream - [IW][coreLoadExecutor-486-thread-1]: rollback
[coreLoadExecutor-486-thread-1] INFO org.apache.solr.update.LoggingInfoStream - [IW][coreLoadExecutor-486-thread-1]: all running merges have aborted
[coreLoadExecutor-486-thread-1] INFO org.apache.solr.update.LoggingInfoStream - [IW][coreLoadExecutor-486-thread-1]: rollback: done finish merges
[coreLoadExecutor-486-thread-1] INFO org.apache.solr.update.LoggingInfoStream - [DW][coreLoadExecutor-486-thread-1]: abort
[coreLoadExecutor-486-thread-1] INFO org.apache.solr.update.LoggingInfoStream - [DW][coreLoadExecutor-486-thread-1]: done abort success=true
[coreLoadExecutor-486-thread-1] INFO org.apache.solr.update.LoggingInfoStream - [IW][coreLoadExecutor-486-thread-1]: rollback: infos=
[coreLoadExecutor-486-thread-1] INFO org.apache.solr.update.LoggingInfoStream - [IFD][coreLoadExecutor-486-thread-1]: now checkpoint "" [0 segments ; isCommit = false]
[coreLoadExecutor-486-thread-1] INFO org.apache.solr.update.LoggingInfoStream - [IFD][coreLoadExecutor-486-thread-1]: 0 msec to checkpoint
[OldIndexDirectoryCleanupThreadForCore-core] INFO org.apache.solr.core.SolrCore - Looking for old index directories to cleanup for core core in /tmp/solr-home4347620048488640618/core/data/
[coreLoadExecutor-486-thread-1] INFO org.apache.solr.core.SolrCore - no updateRequestProcessorChain defined as default, creating implicit default
[coreLoadExecutor-486-thread-1] INFO org.apache.solr.handler.loader.XMLLoader - xsltCacheLifetimeSeconds=60
[coreLoadExecutor-486-thread-1] INFO org.apache.solr.handler.loader.XMLLoader - xsltCacheLifetimeSeconds=60
[coreLoadExecutor-486-thread-1] INFO org.apache.solr.handler.loader.XMLLoader - xsltCacheLifetimeSeconds=60
[coreLoadExecutor-486-thread-1] INFO org.apache.solr.handler.loader.XMLLoader - xsltCacheLifetimeSeconds=60
[coreLoadExecutor-486-thread-1] INFO org.apache.solr.core.RequestHandlers - Registered paths: /admin/mbeans,,/update/csv,/update/json/docs,/admin/luke,/select,/suggester,/admin/segments,/get,/admin/system,/replication,/admin/properties,/config,/schema,/admin/plugins,/admin/logging,/update/json,/admin/threads,/admin/ping,/update,/admin/file
[coreLoadExecutor-486-thread-1] INFO org.apache.solr.core.SolrCore - Using default statsCache cache: org.apache.solr.search.stats.LocalStatsCache
[coreLoadExecutor-486-thread-1] INFO org.apache.solr.update.UpdateHandler - Using UpdateLog implementation: org.apache.solr.update.UpdateLog
[coreLoadExecutor-486-thread-1] INFO org.apache.solr.update.UpdateLog - Initializing UpdateLog: dataDir= defaultSyncLevel=FLUSH numRecordsToKeep=100 maxNumLogsToKeep=10 numVersionBuckets=65536
[coreLoadExecutor-486-thread-1] INFO org.apache.solr.update.CommitTracker - Hard AutoCommit: if uncommited for 15000ms; 
[coreLoadExecutor-486-thread-1] INFO org.apache.solr.update.CommitTracker - Soft AutoCommit: disabled
[coreLoadExecutor-486-thread-1] INFO org.apache.solr.update.LoggingInfoStream - [IFD][coreLoadExecutor-486-thread-1]: init: current segments file is "segments_1"; deletionPolicy=org.apache.solr.core.IndexDeletionPolicyWrapper@54edf05a
[coreLoadExecutor-486-thread-1] INFO org.apache.solr.update.LoggingInfoStream - [IFD][coreLoadExecutor-486-thread-1]: init: load commit "segments_1"
[coreLoadExecutor-486-thread-1] INFO org.apache.solr.core.SolrDeletionPolicy - SolrDeletionPolicy.onInit: commits: num=1
	commit{dir=NRTCachingDirectory(MMapDirectory@/tmp/solr-home4347620048488640618/core/data/index lockFactory=org.apache.lucene.store.NativeFSLockFactory@2c3d74f6; maxCacheMB=48.0 maxMergeSizeMB=4.0),segFN=segments_1,generation=1}
[coreLoadExecutor-486-thread-1] INFO org.apache.solr.core.SolrDeletionPolicy - newest commit generation = 1
[coreLoadExecutor-486-thread-1] INFO org.apache.solr.update.LoggingInfoStream - [IFD][coreLoadExecutor-486-thread-1]: now checkpoint "" [0 segments ; isCommit = false]
[coreLoadExecutor-486-thread-1] INFO org.apache.solr.update.LoggingInfoStream - [IFD][coreLoadExecutor-486-thread-1]: 0 msec to checkpoint
[coreLoadExecutor-486-thread-1] INFO org.apache.solr.update.LoggingInfoStream - [IW][coreLoadExecutor-486-thread-1]: init: create=false
[coreLoadExecutor-486-thread-1] INFO org.apache.solr.update.LoggingInfoStream - [IW][coreLoadExecutor-486-thread-1]: 
dir=NRTCachingDirectory(MMapDirectory@/tmp/solr-home4347620048488640618/core/data/index lockFactory=org.apache.lucene.store.NativeFSLockFactory@2c3d74f6; maxCacheMB=48.0 maxMergeSizeMB=4.0)
index=
version=5.5.1
analyzer=org.apache.solr.update.SolrIndexConfig$DelayedSchemaAnalyzer
ramBufferSizeMB=100.0
maxBufferedDocs=-1
maxBufferedDeleteTerms=-1
mergedSegmentWarmer=null
delPolicy=org.apache.solr.core.IndexDeletionPolicyWrapper
commit=null
openMode=APPEND
similarity=org.apache.lucene.search.similarities.ClassicSimilarity
mergeScheduler=ConcurrentMergeScheduler: maxThreadCount=-1, maxMergeCount=-1, ioThrottle=true
default WRITE_LOCK_TIMEOUT=0
writeLockTimeout=0
codec=Lucene54
infoStream=org.apache.solr.update.LoggingInfoStream
mergePolicy=[TieredMergePolicy: maxMergeAtOnce=10, maxMergeAtOnceExplicit=30, maxMergedSegmentMB=5120.0, floorSegmentMB=2.0, forceMergeDeletesPctAllowed=10.0, segmentsPerTier=10.0, maxCFSSegmentSizeMB=8.796093022207999E12, noCFSRatio=0.1
indexerThreadPool=org.apache.lucene.index.DocumentsWriterPerThreadPool@11f788ed
readerPooling=false
perThreadHardLimitMB=1945
useCompoundFile=false
commitOnClose=true
writer=org.apache.solr.update.SolrIndexWriter@79ebd77b

[coreLoadExecutor-486-thread-1] INFO org.apache.solr.update.LoggingInfoStream - [IW][coreLoadExecutor-486-thread-1]: MMapDirectory.UNMAP_SUPPORTED=true
[coreLoadExecutor-486-thread-1] INFO org.apache.solr.update.LoggingInfoStream - [IW][coreLoadExecutor-486-thread-1]: flush at getReader
[coreLoadExecutor-486-thread-1] INFO org.apache.solr.update.LoggingInfoStream - [DW][coreLoadExecutor-486-thread-1]: startFullFlush
[coreLoadExecutor-486-thread-1] INFO org.apache.solr.update.LoggingInfoStream - [IW][coreLoadExecutor-486-thread-1]: apply all deletes during flush
[coreLoadExecutor-486-thread-1] INFO org.apache.solr.update.LoggingInfoStream - [IW][coreLoadExecutor-486-thread-1]: now apply all deletes for all segments maxDoc=0
[coreLoadExecutor-486-thread-1] INFO org.apache.solr.update.LoggingInfoStream - [BD][coreLoadExecutor-486-thread-1]: prune sis=segments_1:  minGen=9223372036854775807 packetCount=0
[coreLoadExecutor-486-thread-1] INFO org.apache.solr.update.LoggingInfoStream - [IW][coreLoadExecutor-486-thread-1]: incRefDeleter for NRT reader version=2 segments=
[coreLoadExecutor-486-thread-1] INFO org.apache.solr.update.LoggingInfoStream - [IW][coreLoadExecutor-486-thread-1]: return reader version=2 reader=StandardDirectoryReader(segments_1:2:nrt)
[coreLoadExecutor-486-thread-1] INFO org.apache.solr.update.LoggingInfoStream - [DW][coreLoadExecutor-486-thread-1]: coreLoadExecutor-486-thread-1 finishFullFlush success=true
[coreLoadExecutor-486-thread-1] INFO org.apache.solr.update.LoggingInfoStream - [IW][coreLoadExecutor-486-thread-1]: getReader took 0 msec
[coreLoadExecutor-486-thread-1] INFO org.apache.solr.search.SolrIndexSearcher - Opening Searcher@7f982b4c[core] main
[coreLoadExecutor-486-thread-1] INFO org.apache.solr.rest.ManagedResourceStorage - File-based storage initialized to use dir: /tmp/solr-home4347620048488640618/core/conf
[coreLoadExecutor-486-thread-1] INFO org.apache.solr.rest.RestManager - Initializing RestManager with initArgs: {storageDir=/tmp/solr-home4347620048488640618/core/conf}
[coreLoadExecutor-486-thread-1] INFO org.apache.solr.rest.ManagedResourceStorage - Reading _rest_managed.json using file:dir=/tmp/solr-home4347620048488640618/core/conf
[coreLoadExecutor-486-thread-1] INFO org.apache.solr.rest.RestManager - Initializing 0 registered ManagedResources
[coreLoadExecutor-486-thread-1] INFO org.apache.solr.handler.component.SpellCheckComponent - Initializing spell checkers
[coreLoadExecutor-486-thread-1] INFO org.apache.solr.handler.component.SpellCheckComponent - Registering newSearcher listener for spellchecker: default
[coreLoadExecutor-486-thread-1] INFO org.apache.solr.handler.component.SpellCheckComponent - No queryConverter defined, using default converter
[coreLoadExecutor-486-thread-1] INFO org.apache.solr.handler.ReplicationHandler - Commits will be reserved for  10000
[coreLoadExecutor-486-thread-1] INFO org.apache.solr.update.UpdateLog - Looking up max value of version field to seed version buckets
[searcherExecutor-487-thread-1] INFO org.apache.solr.handler.component.SpellCheckComponent - Loading spell index for spellchecker: default
[coreLoadExecutor-486-thread-1] INFO org.apache.solr.update.VersionInfo - Refreshing highest value of _version_ for 65536 version buckets from index
[coreLoadExecutor-486-thread-1] INFO org.apache.solr.update.VersionInfo - No terms found for _version_, cannot seed version bucket highest value from index
[coreLoadExecutor-486-thread-1] INFO org.apache.solr.update.UpdateLog - Could not find max version in index or recent updates, using new clock 1576087840563920896
[searcherExecutor-487-thread-1] INFO org.apache.solr.core.SolrCore - [core] Registered new searcher Searcher@7f982b4c[core] main{ExitableDirectoryReader(UninvertingDirectoryReader())}
[coreLoadExecutor-486-thread-1] INFO org.apache.solr.update.UpdateLog - Took 1.0ms to seed version buckets with highest version 1576087840563920896
[coreLoadExecutor-486-thread-1] INFO org.apache.solr.core.CoreContainer - registering core: core
[Test worker] INFO org.apache.solr.core.SolrCore.Request - [core]  webapp=null path=/admin/ping params={} hits=0 status=0 QTime=0
[Test worker] INFO org.apache.solr.core.SolrCore.Request - [core]  webapp=null path=/admin/ping params={} status=0 QTime=0
[Test worker] INFO com.rbmhtechnology.vind.solr.SolrSearchServer - Connection to solr server successful
[Test worker] INFO org.apache.solr.core.SolrCore.Request - [core]  webapp=null path=/schema params={} status=0 QTime=0
[Test worker] INFO com.rbmhtechnology.vind.solr.SolrSearchServer - No server provider of type class com.rbmhtechnology.vind.solr.EmbeddedSolrServerProvider found in classpath for server com.rbmhtechnology.vind.solr.SolrSearchServer
[Test worker] INFO org.apache.solr.update.LoggingInfoStream - [DW][Test worker]: anyChanges? numDocsInRam=0 deletes=true hasTickets:false pendingChangesInFullFlush: false
[Test worker] INFO org.apache.solr.update.LoggingInfoStream - [DW][Test worker]: anyChanges? numDocsInRam=0 deletes=true hasTickets:false pendingChangesInFullFlush: false
[Test worker] INFO org.apache.solr.update.LoggingInfoStream - [IW][Test worker]: nrtIsCurrent: infoVersion matches: true; DW changes: true; BD changes: false
[Test worker] INFO org.apache.solr.update.LoggingInfoStream - [IW][Test worker]: flush at getReader
[Test worker] INFO org.apache.solr.update.LoggingInfoStream - [DW][Test worker]: startFullFlush
[Test worker] INFO org.apache.solr.update.LoggingInfoStream - [DW][Test worker]: anyChanges? numDocsInRam=0 deletes=true hasTickets:false pendingChangesInFullFlush: false
[Test worker] INFO org.apache.solr.update.LoggingInfoStream - [DW][Test worker]: Test worker: flush naked frozen global deletes
[Test worker] INFO org.apache.solr.update.LoggingInfoStream - [BD][Test worker]: push deletes  1 deleted queries bytesUsed=80 segmentPrivate?=false delGen=2 packetCount=1 totBytesUsed=80
[Test worker] INFO org.apache.solr.update.LoggingInfoStream - [DW][Test worker]: flush: push buffered updates:  1 deleted queries bytesUsed=80
[Test worker] INFO org.apache.solr.update.LoggingInfoStream - [IW][Test worker]: apply all deletes during flush
[Test worker] INFO org.apache.solr.update.LoggingInfoStream - [IW][Test worker]: now apply all deletes for all segments maxDoc=0
[Test worker] INFO org.apache.solr.update.LoggingInfoStream - [BD][Test worker]: prune sis=segments_1:  minGen=9223372036854775807 packetCount=1
[Test worker] INFO org.apache.solr.update.LoggingInfoStream - [BD][Test worker]: pruneDeletes: prune 1 packets; 0 packets remain
[Test worker] INFO org.apache.solr.update.LoggingInfoStream - [IW][Test worker]: incRefDeleter for NRT reader version=2 segments=
[Test worker] INFO org.apache.solr.update.LoggingInfoStream - [IW][Test worker]: return reader version=2 reader=StandardDirectoryReader(segments_1:2:nrt)
[Test worker] INFO org.apache.solr.update.LoggingInfoStream - [DW][Test worker]: Test worker finishFullFlush success=true
[Test worker] INFO org.apache.solr.update.LoggingInfoStream - [IW][Test worker]: getReader took 0 msec
[Test worker] INFO org.apache.solr.update.LoggingInfoStream - [IW][Test worker]: decRefDeleter for NRT reader version=2 segments=
[Test worker] INFO org.apache.solr.update.processor.LogUpdateProcessorFactory - [core]  webapp=null path=/update params={}{deleteByQuery=*:* (-1576087840568115200)} 0 1
[Test worker] INFO org.apache.solr.update.DirectUpdateHandler2 - start commit{,optimize=false,openSearcher=true,waitSearcher=true,expungeDeletes=false,softCommit=false,prepareCommit=false}
[Test worker] INFO org.apache.solr.update.DirectUpdateHandler2 - No uncommitted changes. Skipping IW.commit.
[Test worker] INFO org.apache.solr.core.SolrCore - SolrIndexSearcher has not changed - not re-opening: org.apache.solr.search.SolrIndexSearcher
[Test worker] INFO org.apache.solr.update.DirectUpdateHandler2 - end_commit_flush
[Test worker] INFO org.apache.solr.update.processor.LogUpdateProcessorFactory - [core]  webapp=null path=/update params={commit=true&softCommit=false&waitSearcher=true}{commit=} 0 0
[Test worker] INFO org.apache.solr.update.processor.LogUpdateProcessorFactory - [core]  webapp=null path=/update params={}{add=[A1 (1576087840570212352)]} 0 1
[Test worker] INFO org.apache.solr.update.processor.LogUpdateProcessorFactory - [core]  webapp=null path=/update params={}{add=[A2 (1576087840573358080)]} 0 1
[Test worker] INFO org.apache.solr.update.processor.LogUpdateProcessorFactory - [core]  webapp=null path=/update params={}{add=[A3 (1576087840575455232)]} 0 1
[Test worker] INFO org.apache.solr.update.processor.LogUpdateProcessorFactory - [core]  webapp=null path=/update params={}{add=[A4 (1576087840576503808)]} 0 0
[Test worker] INFO org.apache.solr.update.DirectUpdateHandler2 - start commit{,optimize=false,openSearcher=true,waitSearcher=true,expungeDeletes=false,softCommit=false,prepareCommit=false}
[Test worker] INFO org.apache.solr.update.LoggingInfoStream - [IW][Test worker]: commit: start
[Test worker] INFO org.apache.solr.update.LoggingInfoStream - [IW][Test worker]: commit: enter lock
[Test worker] INFO org.apache.solr.update.LoggingInfoStream - [IW][Test worker]: commit: now prepare
[Test worker] INFO org.apache.solr.update.LoggingInfoStream - [IW][Test worker]: prepareCommit: flush
[Test worker] INFO org.apache.solr.update.LoggingInfoStream - [IW][Test worker]:   index before flush 
[Test worker] INFO org.apache.solr.update.LoggingInfoStream - [DW][Test worker]: startFullFlush
[Test worker] INFO org.apache.solr.update.LoggingInfoStream - [DW][Test worker]: anyChanges? numDocsInRam=9 deletes=true hasTickets:false pendingChangesInFullFlush: false
[Test worker] INFO org.apache.solr.update.LoggingInfoStream - [DWFC][Test worker]: addFlushableState DocumentsWriterPerThread [pendingDeletes=gen=0 3 deleted terms (unique count=3) bytesUsed=522, segment=_0, aborted=false, numDocsInRAM=9, deleteQueue=DWDQ: [ generation: 2 ]]
[Test worker] INFO org.apache.solr.update.LoggingInfoStream - [DWPT][Test worker]: flush postings as segment _0 numDocs=9
[Test worker] INFO org.apache.solr.update.LoggingInfoStream - [IW][Test worker]: 0 msec to write norms
[Test worker] INFO org.apache.solr.update.LoggingInfoStream - [IW][Test worker]: 0 msec to write docValues
[Test worker] INFO org.apache.solr.update.LoggingInfoStream - [IW][Test worker]: 0 msec to finish stored fields
[Test worker] INFO org.apache.solr.update.LoggingInfoStream - [IW][Test worker]: 1 msec to write postings and finish vectors
[Test worker] INFO org.apache.solr.update.LoggingInfoStream - [IW][Test worker]: 0 msec to write fieldInfos
[Test worker] INFO org.apache.solr.update.LoggingInfoStream - [DWPT][Test worker]: new segment has 0 deleted docs
[Test worker] INFO org.apache.solr.update.LoggingInfoStream - [DWPT][Test worker]: new segment has no vectors; norms; docValues; prox; freqs
[Test worker] INFO org.apache.solr.update.LoggingInfoStream - [DWPT][Test worker]: flushedFiles=[_0_Lucene54_0.dvm, _0_Lucene50_0.doc, _0_Lucene50_0.tim, _0_Lucene50_0.pos, _0.nvd, _0.fdx, _0_Lucene54_0.dvd, _0_Lucene50_0.tip, _0.fdt, _0.nvm, _0.fnm]
[Test worker] INFO org.apache.solr.update.LoggingInfoStream - [DWPT][Test worker]: flushed codec=Lucene54
[Test worker] INFO org.apache.solr.update.LoggingInfoStream - [DWPT][Test worker]: flushed: segment=_0 ramUsed=0.498 MB newFlushedSize=0.007 MB docs/MB=1,347.207
[Test worker] INFO org.apache.solr.update.LoggingInfoStream - [DW][Test worker]: publishFlushedSegment seg-private updates=null
[Test worker] INFO org.apache.solr.update.LoggingInfoStream - [IW][Test worker]: publishFlushedSegment
[Test worker] INFO org.apache.solr.update.LoggingInfoStream - [BD][Test worker]: push deletes  4 deleted terms (unique count=4) bytesUsed=1072 segmentPrivate?=false delGen=4 packetCount=1 totBytesUsed=1072
[Test worker] INFO org.apache.solr.update.LoggingInfoStream - [IW][Test worker]: publish sets newSegment delGen=5 seg=_0(5.5.1):C9
[Test worker] INFO org.apache.solr.update.LoggingInfoStream - [IFD][Test worker]: now checkpoint "_0(5.5.1):C9" [1 segments ; isCommit = false]
[Test worker] INFO org.apache.solr.update.LoggingInfoStream - [IFD][Test worker]: 0 msec to checkpoint
[Test worker] INFO org.apache.solr.update.LoggingInfoStream - [IW][Test worker]: apply all deletes during flush
[Test worker] INFO org.apache.solr.update.LoggingInfoStream - [IW][Test worker]: now apply all deletes for all segments maxDoc=9
[Test worker] INFO org.apache.solr.update.LoggingInfoStream - [BD][Test worker]: applyDeletes: open segment readers took 0 msec
[Test worker] INFO org.apache.solr.update.LoggingInfoStream - [BD][Test worker]: applyDeletes: infos=[_0(5.5.1):C9] packetCount=1
[Test worker] INFO org.apache.solr.update.LoggingInfoStream - [BD][Test worker]: applyDeletes took 0 msec for 1 segments, 0 newly deleted docs (query deletes), 0 visited terms, allDeleted=null
[Test worker] INFO org.apache.solr.update.LoggingInfoStream - [BD][Test worker]: prune sis=segments_1: _0(5.5.1):C9 minGen=5 packetCount=1
[Test worker] INFO org.apache.solr.update.LoggingInfoStream - [BD][Test worker]: pruneDeletes: prune 1 packets; 0 packets remain
[Test worker] INFO org.apache.solr.update.LoggingInfoStream - [DW][Test worker]: Test worker finishFullFlush success=true
[Test worker] INFO org.apache.solr.update.LoggingInfoStream - [TMP][Test worker]: findMerges: 1 segments
[Test worker] INFO org.apache.solr.update.LoggingInfoStream - [TMP][Test worker]:   seg=_0(5.5.1):C9 size=0.007 MB [floored]
[Test worker] INFO org.apache.solr.update.LoggingInfoStream - [TMP][Test worker]:   allowedSegmentCount=1 vs count=1 (eligible count=1) tooBigCount=0
[Test worker] INFO org.apache.solr.update.LoggingInfoStream - [MS][Test worker]: initDynamicDefaults spins=false maxThreadCount=2 maxMergeCount=7
[Test worker] INFO org.apache.solr.update.LoggingInfoStream - [MS][Test worker]: now merge
[Test worker] INFO org.apache.solr.update.LoggingInfoStream - [MS][Test worker]:   index: _0(5.5.1):C9
[Test worker] INFO org.apache.solr.update.LoggingInfoStream - [MS][Test worker]:   no more merges pending; now return
[Test worker] INFO org.apache.solr.update.LoggingInfoStream - [IW][Test worker]: startCommit(): start
[Test worker] INFO org.apache.solr.update.LoggingInfoStream - [IW][Test worker]: startCommit index=_0(5.5.1):C9 changeCount=4
[Test worker] INFO org.apache.solr.update.LoggingInfoStream - [IW][Test worker]: startCommit: wrote pending segments file "pending_segments_2"
[Test worker] INFO org.apache.solr.update.LoggingInfoStream - [IW][Test worker]: done all syncs: [_0.si, _0_Lucene50_0.doc, _0_Lucene50_0.tim, _0_Lucene54_0.dvm, _0_Lucene50_0.pos, _0.nvd, _0.fdx, _0_Lucene54_0.dvd, _0_Lucene50_0.tip, _0.fdt, _0.nvm, _0.fnm]
[Test worker] INFO org.apache.solr.update.LoggingInfoStream - [IW][Test worker]: commit: pendingCommit != null
[Test worker] INFO org.apache.solr.update.LoggingInfoStream - [IW][Test worker]: commit: done writing segments file "segments_2"
[Test worker] INFO org.apache.solr.update.LoggingInfoStream - [IFD][Test worker]: now checkpoint "_0(5.5.1):C9" [1 segments ; isCommit = true]
[Test worker] INFO org.apache.solr.core.SolrDeletionPolicy - SolrDeletionPolicy.onCommit: commits: num=2
	commit{dir=NRTCachingDirectory(MMapDirectory@/tmp/solr-home4347620048488640618/core/data/index lockFactory=org.apache.lucene.store.NativeFSLockFactory@2c3d74f6; maxCacheMB=48.0 maxMergeSizeMB=4.0),segFN=segments_1,generation=1}
	commit{dir=NRTCachingDirectory(MMapDirectory@/tmp/solr-home4347620048488640618/core/data/index lockFactory=org.apache.lucene.store.NativeFSLockFactory@2c3d74f6; maxCacheMB=48.0 maxMergeSizeMB=4.0),segFN=segments_2,generation=2}
[Test worker] INFO org.apache.solr.core.SolrDeletionPolicy - newest commit generation = 2
[Test worker] INFO org.apache.solr.update.LoggingInfoStream - [IFD][Test worker]: deleteCommits: now decRef commit "segments_1"
[Test worker] INFO org.apache.solr.update.LoggingInfoStream - [IFD][Test worker]: delete "segments_1"
[Test worker] INFO org.apache.solr.update.LoggingInfoStream - [IFD][Test worker]: 0 msec to checkpoint
[Test worker] INFO org.apache.solr.update.LoggingInfoStream - [IW][Test worker]: commit: took 63.8 msec
[Test worker] INFO org.apache.solr.update.LoggingInfoStream - [IW][Test worker]: commit: done
[Test worker] INFO org.apache.solr.update.LoggingInfoStream - [IW][Test worker]: nrtIsCurrent: infoVersion matches: false; DW changes: false; BD changes: false
[Test worker] INFO org.apache.solr.update.LoggingInfoStream - [IW][Test worker]: flush at getReader
[Test worker] INFO org.apache.solr.update.LoggingInfoStream - [DW][Test worker]: startFullFlush
[Test worker] INFO org.apache.solr.update.LoggingInfoStream - [IW][Test worker]: apply all deletes during flush
[Test worker] INFO org.apache.solr.update.LoggingInfoStream - [IW][Test worker]: now apply all deletes for all segments maxDoc=9
[Test worker] INFO org.apache.solr.update.LoggingInfoStream - [BD][Test worker]: applyDeletes: open segment readers took 0 msec
[Test worker] INFO org.apache.solr.update.LoggingInfoStream - [BD][Test worker]: applyDeletes: no segments; skipping
[Test worker] INFO org.apache.solr.update.LoggingInfoStream - [BD][Test worker]: prune sis=segments_2: _0(5.5.1):C9 minGen=5 packetCount=0
[Test worker] INFO org.apache.solr.update.LoggingInfoStream - [IW][Test worker]: incRefDeleter for NRT reader version=6 segments=_0(5.5.1):C9
[Test worker] INFO org.apache.solr.update.LoggingInfoStream - [IW][Test worker]: return reader version=6 reader=StandardDirectoryReader(segments_2:6:nrt _0(5.5.1):C9)
[Test worker] INFO org.apache.solr.update.LoggingInfoStream - [DW][Test worker]: Test worker finishFullFlush success=true
[Test worker] INFO org.apache.solr.update.LoggingInfoStream - [IW][Test worker]: getReader took 1 msec
[Test worker] INFO org.apache.solr.search.SolrIndexSearcher - Opening Searcher@257378a3[core] main
[searcherExecutor-487-thread-1] INFO org.apache.solr.handler.component.SpellCheckComponent - Building spell index for spell checker: default
[Test worker] INFO org.apache.solr.update.DirectUpdateHandler2 - end_commit_flush
[searcherExecutor-487-thread-1] INFO org.apache.solr.core.SolrCore - [core] Registered new searcher Searcher@257378a3[core] main{ExitableDirectoryReader(UninvertingDirectoryReader(Uninverting(_0(5.5.1):C9)))}
[searcherExecutor-487-thread-1] INFO org.apache.solr.update.LoggingInfoStream - [IW][searcherExecutor-487-thread-1]: decRefDeleter for NRT reader version=2 segments=
[Test worker] INFO org.apache.solr.update.processor.LogUpdateProcessorFactory - [core]  webapp=null path=/update params={commit=true&softCommit=false&waitSearcher=true}{commit=} 0 93
[Test worker] INFO org.apache.solr.update.processor.LogUpdateProcessorFactory - [core]  webapp=null path=/update params={}{add=[A2 (1576087840676118528)]} 0 1
[Test worker] INFO org.apache.solr.update.DirectUpdateHandler2 - start commit{,optimize=false,openSearcher=true,waitSearcher=true,expungeDeletes=false,softCommit=false,prepareCommit=false}
[Test worker] INFO org.apache.solr.update.LoggingInfoStream - [IW][Test worker]: commit: start
[Test worker] INFO org.apache.solr.update.LoggingInfoStream - [IW][Test worker]: commit: enter lock
[Test worker] INFO org.apache.solr.update.LoggingInfoStream - [IW][Test worker]: commit: now prepare
[Test worker] INFO org.apache.solr.update.LoggingInfoStream - [IW][Test worker]: prepareCommit: flush
[Test worker] INFO org.apache.solr.update.LoggingInfoStream - [IW][Test worker]:   index before flush _0(5.5.1):C9
[Test worker] INFO org.apache.solr.update.LoggingInfoStream - [DW][Test worker]: startFullFlush
[Test worker] INFO org.apache.solr.update.LoggingInfoStream - [DW][Test worker]: anyChanges? numDocsInRam=2 deletes=true hasTickets:false pendingChangesInFullFlush: false
[Test worker] INFO org.apache.solr.update.LoggingInfoStream - [DWFC][Test worker]: addFlushableState DocumentsWriterPerThread [pendingDeletes=gen=0 1 deleted terms (unique count=1) bytesUsed=174, segment=_1, aborted=false, numDocsInRAM=2, deleteQueue=DWDQ: [ generation: 4 ]]
[Test worker] INFO org.apache.solr.update.LoggingInfoStream - [DWPT][Test worker]: flush postings as segment _1 numDocs=2
[Test worker] INFO org.apache.solr.update.LoggingInfoStream - [IW][Test worker]: 0 msec to write norms
[Test worker] INFO org.apache.solr.update.LoggingInfoStream - [IW][Test worker]: 0 msec to write docValues
[Test worker] INFO org.apache.solr.update.LoggingInfoStream - [IW][Test worker]: 0 msec to finish stored fields
[Test worker] INFO org.apache.solr.update.LoggingInfoStream - [IW][Test worker]: 0 msec to write postings and finish vectors
[Test worker] INFO org.apache.solr.update.LoggingInfoStream - [IW][Test worker]: 0 msec to write fieldInfos
[Test worker] INFO org.apache.solr.update.LoggingInfoStream - [DWPT][Test worker]: new segment has 0 deleted docs
[Test worker] INFO org.apache.solr.update.LoggingInfoStream - [DWPT][Test worker]: new segment has no vectors; norms; docValues; prox; freqs
[Test worker] INFO org.apache.solr.update.LoggingInfoStream - [DWPT][Test worker]: flushedFiles=[_1_Lucene50_0.doc, _1_Lucene50_0.tim, _1_Lucene54_0.dvd, _1.nvd, _1_Lucene50_0.pos, _1.fdx, _1.nvm, _1_Lucene54_0.dvm, _1.fnm, _1.fdt, _1_Lucene50_0.tip]
[Test worker] INFO org.apache.solr.update.LoggingInfoStream - [DWPT][Test worker]: flushed codec=Lucene54
[Test worker] INFO org.apache.solr.update.LoggingInfoStream - [DWPT][Test worker]: flushed: segment=_1 ramUsed=0.494 MB newFlushedSize=0.005 MB docs/MB=375.43
[Test worker] INFO org.apache.solr.update.LoggingInfoStream - [DW][Test worker]: publishFlushedSegment seg-private updates=null
[Test worker] INFO org.apache.solr.update.LoggingInfoStream - [IW][Test worker]: publishFlushedSegment
[Test worker] INFO org.apache.solr.update.LoggingInfoStream - [BD][Test worker]: push deletes  1 deleted terms (unique count=1) bytesUsed=1072 segmentPrivate?=false delGen=8 packetCount=1 totBytesUsed=1072
[Test worker] INFO org.apache.solr.update.LoggingInfoStream - [IW][Test worker]: publish sets newSegment delGen=9 seg=_1(5.5.1):C2
[Test worker] INFO org.apache.solr.update.LoggingInfoStream - [IFD][Test worker]: now checkpoint "_0(5.5.1):C9 _1(5.5.1):C2" [2 segments ; isCommit = false]
[Test worker] INFO org.apache.solr.update.LoggingInfoStream - [IFD][Test worker]: 0 msec to checkpoint
[Test worker] INFO org.apache.solr.update.LoggingInfoStream - [IW][Test worker]: apply all deletes during flush
[Test worker] INFO org.apache.solr.update.LoggingInfoStream - [IW][Test worker]: now apply all deletes for all segments maxDoc=11
[Test worker] INFO org.apache.solr.update.LoggingInfoStream - [BD][Test worker]: applyDeletes: open segment readers took 0 msec
[Test worker] INFO org.apache.solr.update.LoggingInfoStream - [BD][Test worker]: applyDeletes: infos=[_0(5.5.1):C9, _1(5.5.1):C2] packetCount=1
[Test worker] INFO org.apache.solr.update.LoggingInfoStream - [BD][Test worker]: applyTermDeletes took 0.1 msec for 2 segments and 1 packets; 1 del terms visited; 3 seg terms visited
[Test worker] INFO org.apache.solr.update.LoggingInfoStream - [BD][Test worker]: applyDeletes: 4 new deleted documents
[Test worker] INFO org.apache.solr.update.LoggingInfoStream - [BD][Test worker]: applyDeletes took 1 msec for 2 segments, 0 newly deleted docs (query deletes), 1 visited terms, allDeleted=null
[Test worker] INFO org.apache.solr.update.LoggingInfoStream - [IFD][Test worker]: now checkpoint "_0(5.5.1):C9/4 _1(5.5.1):C2" [2 segments ; isCommit = false]
[Test worker] INFO org.apache.solr.update.LoggingInfoStream - [IFD][Test worker]: 0 msec to checkpoint
[Test worker] INFO org.apache.solr.update.LoggingInfoStream - [BD][Test worker]: prune sis=segments_2: _0(5.5.1):C9 _1(5.5.1):C2 minGen=10 packetCount=1
[Test worker] INFO org.apache.solr.update.LoggingInfoStream - [BD][Test worker]: pruneDeletes: prune 1 packets; 0 packets remain
[Test worker] INFO org.apache.solr.update.LoggingInfoStream - [IFD][Test worker]: now checkpoint "_0(5.5.1):C9/4:delGen=1 _1(5.5.1):C2" [2 segments ; isCommit = false]
[Test worker] INFO org.apache.solr.update.LoggingInfoStream - [IFD][Test worker]: 0 msec to checkpoint
[Test worker] INFO org.apache.solr.update.LoggingInfoStream - [DW][Test worker]: Test worker finishFullFlush success=true
[Test worker] INFO org.apache.solr.update.LoggingInfoStream - [TMP][Test worker]: findMerges: 2 segments
[Test worker] INFO org.apache.solr.update.LoggingInfoStream - [TMP][Test worker]:   seg=_1(5.5.1):C2 size=0.005 MB [floored]
[Test worker] INFO org.apache.solr.update.LoggingInfoStream - [TMP][Test worker]:   seg=_0(5.5.1):C9/4:delGen=1 size=0.004 MB [floored]
[Test worker] INFO org.apache.solr.update.LoggingInfoStream - [TMP][Test worker]:   allowedSegmentCount=1 vs count=2 (eligible count=2) tooBigCount=0
[Test worker] INFO org.apache.solr.update.LoggingInfoStream - [MS][Test worker]: now merge
[Test worker] INFO org.apache.solr.update.LoggingInfoStream - [MS][Test worker]:   index: _0(5.5.1):C9/4:delGen=1 _1(5.5.1):C2
[Test worker] INFO org.apache.solr.update.LoggingInfoStream - [MS][Test worker]:   no more merges pending; now return
[Test worker] INFO org.apache.solr.update.LoggingInfoStream - [IW][Test worker]: startCommit(): start
[Test worker] INFO org.apache.solr.update.LoggingInfoStream - [IW][Test worker]: startCommit index=_0(5.5.1):C9/4:delGen=1 _1(5.5.1):C2 changeCount=10
[Test worker] INFO org.apache.solr.update.LoggingInfoStream - [IW][Test worker]: startCommit: wrote pending segments file "pending_segments_3"
[Test worker] INFO org.apache.solr.update.LoggingInfoStream - [IW][Test worker]: done all syncs: [_0_Lucene50_0.doc, _1.si, _1.nvd, _0.nvd, _1.nvm, _1.fnm, _1_Lucene50_0.tim, _1_Lucene50_0.pos, _1.fdx, _1.fdt, _1_Lucene50_0.tip, _0.si, _0_Lucene50_0.tim, _0_Lucene50_0.pos, _0.fdx, _0_Lucene50_0.tip, _0.fdt, _0_1.liv, _1_Lucene50_0.doc, _0_Lucene54_0.dvm, _1_Lucene54_0.dvd, _0_Lucene54_0.dvd, _1_Lucene54_0.dvm, _0.nvm, _0.fnm]
[Test worker] INFO org.apache.solr.update.LoggingInfoStream - [IW][Test worker]: commit: pendingCommit != null
[Test worker] INFO org.apache.solr.update.LoggingInfoStream - [IW][Test worker]: commit: done writing segments file "segments_3"
[Test worker] INFO org.apache.solr.update.LoggingInfoStream - [IFD][Test worker]: now checkpoint "_0(5.5.1):C9/4:delGen=1 _1(5.5.1):C2" [2 segments ; isCommit = true]
[Test worker] INFO org.apache.solr.core.SolrDeletionPolicy - SolrDeletionPolicy.onCommit: commits: num=2
	commit{dir=NRTCachingDirectory(MMapDirectory@/tmp/solr-home4347620048488640618/core/data/index lockFactory=org.apache.lucene.store.NativeFSLockFactory@2c3d74f6; maxCacheMB=48.0 maxMergeSizeMB=4.0),segFN=segments_2,generation=2}
	commit{dir=NRTCachingDirectory(MMapDirectory@/tmp/solr-home4347620048488640618/core/data/index lockFactory=org.apache.lucene.store.NativeFSLockFactory@2c3d74f6; maxCacheMB=48.0 maxMergeSizeMB=4.0),segFN=segments_3,generation=3}
[Test worker] INFO org.apache.solr.core.SolrDeletionPolicy - newest commit generation = 3
[Test worker] INFO org.apache.solr.update.LoggingInfoStream - [IFD][Test worker]: deleteCommits: now decRef commit "segments_2"
[Test worker] INFO org.apache.solr.update.LoggingInfoStream - [IFD][Test worker]: delete "segments_2"
[Test worker] INFO org.apache.solr.update.LoggingInfoStream - [IFD][Test worker]: 0 msec to checkpoint
[Test worker] INFO org.apache.solr.update.LoggingInfoStream - [IW][Test worker]: commit: took 60.1 msec
[Test worker] INFO org.apache.solr.update.LoggingInfoStream - [IW][Test worker]: commit: done
[Test worker] INFO org.apache.solr.update.LoggingInfoStream - [IW][Test worker]: nrtIsCurrent: infoVersion matches: false; DW changes: false; BD changes: false
[Test worker] INFO org.apache.solr.update.LoggingInfoStream - [IW][Test worker]: flush at getReader
[Test worker] INFO org.apache.solr.update.LoggingInfoStream - [DW][Test worker]: startFullFlush
[Test worker] INFO org.apache.solr.update.LoggingInfoStream - [IW][Test worker]: apply all deletes during flush
[Test worker] INFO org.apache.solr.update.LoggingInfoStream - [IW][Test worker]: now apply all deletes for all segments maxDoc=11
[Test worker] INFO org.apache.solr.update.LoggingInfoStream - [BD][Test worker]: applyDeletes: open segment readers took 0 msec
[Test worker] INFO org.apache.solr.update.LoggingInfoStream - [BD][Test worker]: applyDeletes: no segments; skipping
[Test worker] INFO org.apache.solr.update.LoggingInfoStream - [BD][Test worker]: prune sis=segments_3: _0(5.5.1):C9/4:delGen=1 _1(5.5.1):C2 minGen=10 packetCount=0
[Test worker] INFO org.apache.solr.update.LoggingInfoStream - [IW][Test worker]: incRefDeleter for NRT reader version=11 segments=_0(5.5.1):C9/4:delGen=1 _1(5.5.1):C2
[Test worker] INFO org.apache.solr.update.LoggingInfoStream - [IW][Test worker]: return reader version=11 reader=StandardDirectoryReader(segments_3:11:nrt _0(5.5.1):C9/4:delGen=1 _1(5.5.1):C2)
[Test worker] INFO org.apache.solr.update.LoggingInfoStream - [DW][Test worker]: Test worker finishFullFlush success=true
[Test worker] INFO org.apache.solr.update.LoggingInfoStream - [IW][Test worker]: getReader took 0 msec
[Test worker] INFO org.apache.solr.search.SolrIndexSearcher - Opening Searcher@28c56ccd[core] main
[Test worker] INFO org.apache.solr.update.DirectUpdateHandler2 - end_commit_flush
[searcherExecutor-487-thread-1] INFO org.apache.solr.handler.component.SpellCheckComponent - Index is not optimized therefore skipping building spell check index for: default
[searcherExecutor-487-thread-1] INFO org.apache.solr.core.SolrCore - [core] Registered new searcher Searcher@28c56ccd[core] main{ExitableDirectoryReader(UninvertingDirectoryReader(Uninverting(_0(5.5.1):C9/4:delGen=1) Uninverting(_1(5.5.1):C2)))}
[searcherExecutor-487-thread-1] INFO org.apache.solr.update.LoggingInfoStream - [IW][searcherExecutor-487-thread-1]: decRefDeleter for NRT reader version=6 segments=_0(5.5.1):C9
[Test worker] INFO org.apache.solr.update.processor.LogUpdateProcessorFactory - [core]  webapp=null path=/update params={commit=true&softCommit=false&waitSearcher=true}{commit=} 0 61
[Test worker] INFO org.apache.solr.core.SolrCore.Request - [core]  webapp=null path=/get params={qt=/get&id=M6} status=0 QTime=0
[Test worker] INFO org.apache.solr.core.SolrCore.Request - [core]  webapp=null path=/get params={qt=/get&id=M4} status=0 QTime=0
[Test worker] INFO org.apache.solr.core.SolrCore.Request - [core]  webapp=null path=/select params={q=(*+AND+_type_:asset)+OR+_query_:"{!parent+which%3D_type_:asset}(_type_:marker+AND+(*))"&fl=*,score&qf=dynamic_single_stored_none_color^1.0+dynamic_single_stored_none_title^1.0&defType=edismax&fq=_type_:asset&facet=true&facet.mincount=1&facet.limit=10&facet.field=_type_&json.facet={parent_facet:{type:terms,field:_id_,limit:999999999,mincount:1,sort:{index:asc},domain:{blockParent:"_type_:asset"},facet:{children_facet:{type:query,q:"%2B_type_:marker+AND+*",domain:{blockChildren:"_type_:asset"}}}}}&start=0&rows=10} hits=4 status=0 QTime=2
[Test worker] INFO org.apache.solr.core.SolrCore.Request - [core]  webapp=null path=/select params={q=*&fl=*,score&qf=dynamic_single_stored_none_color^1.0+dynamic_single_stored_none_title^1.0&defType=edismax&fq=_type_:asset&fq={!parent+which%3D"_type_:asset"}+(_id_:*+AND+-_type_:asset)&start=0&rows=10} hits=3 status=0 QTime=2
[Test worker] INFO org.apache.solr.update.processor.LogUpdateProcessorFactory - [core]  webapp=null path=/update params={}{add=[M6 (1576087840753713152)]} 0 1
[Test worker] INFO org.apache.solr.core.SolrCore.Request - [core]  webapp=null path=/select params={q=!(+_id_:M6)%26(_root_:M6)} hits=0 status=0 QTime=0
[Test worker] INFO org.apache.solr.update.DirectUpdateHandler2 - start commit{,optimize=false,openSearcher=true,waitSearcher=true,expungeDeletes=false,softCommit=false,prepareCommit=false}
[Test worker] INFO org.apache.solr.update.LoggingInfoStream - [IW][Test worker]: commit: start
[Test worker] INFO org.apache.solr.update.LoggingInfoStream - [IW][Test worker]: commit: enter lock
[Test worker] INFO org.apache.solr.update.LoggingInfoStream - [IW][Test worker]: commit: now prepare
[Test worker] INFO org.apache.solr.update.LoggingInfoStream - [IW][Test worker]: prepareCommit: flush
[Test worker] INFO org.apache.solr.update.LoggingInfoStream - [IW][Test worker]:   index before flush _0(5.5.1):C9/4:delGen=1 _1(5.5.1):C2
[Test worker] INFO org.apache.solr.update.LoggingInfoStream - [DW][Test worker]: startFullFlush
[Test worker] INFO org.apache.solr.update.LoggingInfoStream - [DW][Test worker]: anyChanges? numDocsInRam=1 deletes=true hasTickets:false pendingChangesInFullFlush: false
[Test worker] INFO org.apache.solr.update.LoggingInfoStream - [DWFC][Test worker]: addFlushableState DocumentsWriterPerThread [pendingDeletes=gen=0, segment=_2, aborted=false, numDocsInRAM=1, deleteQueue=DWDQ: [ generation: 6 ]]
[Test worker] INFO org.apache.solr.update.LoggingInfoStream - [DWPT][Test worker]: flush postings as segment _2 numDocs=1
[Test worker] INFO org.apache.solr.update.LoggingInfoStream - [IW][Test worker]: 0 msec to write norms
[Test worker] INFO org.apache.solr.update.LoggingInfoStream - [IW][Test worker]: 0 msec to write docValues
[Test worker] INFO org.apache.solr.update.LoggingInfoStream - [IW][Test worker]: 0 msec to finish stored fields
[Test worker] INFO org.apache.solr.update.LoggingInfoStream - [IW][Test worker]: 0 msec to write postings and finish vectors
[Test worker] INFO org.apache.solr.update.LoggingInfoStream - [IW][Test worker]: 0 msec to write fieldInfos
[Test worker] INFO org.apache.solr.update.LoggingInfoStream - [DWPT][Test worker]: new segment has 0 deleted docs
[Test worker] INFO org.apache.solr.update.LoggingInfoStream - [DWPT][Test worker]: new segment has no vectors; norms; docValues; prox; freqs
[Test worker] INFO org.apache.solr.update.LoggingInfoStream - [DWPT][Test worker]: flushedFiles=[_2_Lucene54_0.dvd, _2.nvd, _2.fdt, _2.nvm, _2_Lucene54_0.dvm, _2_Lucene50_0.pos, _2.fnm, _2.fdx, _2_Lucene50_0.doc, _2_Lucene50_0.tim, _2_Lucene50_0.tip]
[Test worker] INFO org.apache.solr.update.LoggingInfoStream - [DWPT][Test worker]: flushed codec=Lucene54
[Test worker] INFO org.apache.solr.update.LoggingInfoStream - [DWPT][Test worker]: flushed: segment=_2 ramUsed=0.486 MB newFlushedSize=0.005 MB docs/MB=199.805
[Test worker] INFO org.apache.solr.update.LoggingInfoStream - [DW][Test worker]: publishFlushedSegment seg-private updates=null
[Test worker] INFO org.apache.solr.update.LoggingInfoStream - [IW][Test worker]: publishFlushedSegment
[Test worker] INFO org.apache.solr.update.LoggingInfoStream - [BD][Test worker]: push deletes  1 deleted terms (unique count=1) bytesUsed=1072 segmentPrivate?=false delGen=12 packetCount=1 totBytesUsed=1072
[Test worker] INFO org.apache.solr.update.LoggingInfoStream - [IW][Test worker]: publish sets newSegment delGen=13 seg=_2(5.5.1):C1
[Test worker] INFO org.apache.solr.update.LoggingInfoStream - [IFD][Test worker]: now checkpoint "_0(5.5.1):C9/4:delGen=1 _1(5.5.1):C2 _2(5.5.1):C1" [3 segments ; isCommit = false]
[Test worker] INFO org.apache.solr.update.LoggingInfoStream - [IFD][Test worker]: 0 msec to checkpoint
[Test worker] INFO org.apache.solr.update.LoggingInfoStream - [IW][Test worker]: apply all deletes during flush
[Test worker] INFO org.apache.solr.update.LoggingInfoStream - [IW][Test worker]: now apply all deletes for all segments maxDoc=12
[Test worker] INFO org.apache.solr.update.LoggingInfoStream - [BD][Test worker]: applyDeletes: open segment readers took 0 msec
[Test worker] INFO org.apache.solr.update.LoggingInfoStream - [BD][Test worker]: applyDeletes: infos=[_0(5.5.1):C9/4:delGen=1, _1(5.5.1):C2, _2(5.5.1):C1] packetCount=1
[Test worker] INFO org.apache.solr.update.LoggingInfoStream - [BD][Test worker]: applyTermDeletes took 0.1 msec for 3 segments and 1 packets; 1 del terms visited; 3 seg terms visited
[Test worker] INFO org.apache.solr.update.LoggingInfoStream - [BD][Test worker]: applyDeletes: 1 new deleted documents
[Test worker] INFO org.apache.solr.update.LoggingInfoStream - [BD][Test worker]: applyDeletes took 2 msec for 3 segments, 0 newly deleted docs (query deletes), 1 visited terms, allDeleted=null
[Test worker] INFO org.apache.solr.update.LoggingInfoStream - [IFD][Test worker]: now checkpoint "_0(5.5.1):C9/4:delGen=1 _1(5.5.1):C2/1 _2(5.5.1):C1" [3 segments ; isCommit = false]
[Test worker] INFO org.apache.solr.update.LoggingInfoStream - [IFD][Test worker]: 0 msec to checkpoint
[Test worker] INFO org.apache.solr.update.LoggingInfoStream - [BD][Test worker]: prune sis=segments_3: _0(5.5.1):C9/4:delGen=1 _1(5.5.1):C2 _2(5.5.1):C1 minGen=14 packetCount=1
[Test worker] INFO org.apache.solr.update.LoggingInfoStream - [BD][Test worker]: pruneDeletes: prune 1 packets; 0 packets remain
[Test worker] INFO org.apache.solr.update.LoggingInfoStream - [IFD][Test worker]: now checkpoint "_0(5.5.1):C9/4:delGen=1 _1(5.5.1):C2/1:delGen=1 _2(5.5.1):C1" [3 segments ; isCommit = false]
[Test worker] INFO org.apache.solr.update.LoggingInfoStream - [IFD][Test worker]: 0 msec to checkpoint
[Test worker] INFO org.apache.solr.update.LoggingInfoStream - [DW][Test worker]: Test worker finishFullFlush success=true
[Test worker] INFO org.apache.solr.update.LoggingInfoStream - [TMP][Test worker]: findMerges: 3 segments
[Test worker] INFO org.apache.solr.update.LoggingInfoStream - [TMP][Test worker]:   seg=_2(5.5.1):C1 size=0.005 MB [floored]
[Test worker] INFO org.apache.solr.update.LoggingInfoStream - [TMP][Test worker]:   seg=_0(5.5.1):C9/4:delGen=1 size=0.004 MB [floored]
[Test worker] INFO org.apache.solr.update.LoggingInfoStream - [TMP][Test worker]:   seg=_1(5.5.1):C2/1:delGen=1 size=0.003 MB [floored]
[Test worker] INFO org.apache.solr.update.LoggingInfoStream - [TMP][Test worker]:   allowedSegmentCount=1 vs count=3 (eligible count=3) tooBigCount=0
[Test worker] INFO org.apache.solr.update.LoggingInfoStream - [MS][Test worker]: now merge
[Test worker] INFO org.apache.solr.update.LoggingInfoStream - [MS][Test worker]:   index: _0(5.5.1):C9/4:delGen=1 _1(5.5.1):C2/1:delGen=1 _2(5.5.1):C1
[Test worker] INFO org.apache.solr.update.LoggingInfoStream - [MS][Test worker]:   no more merges pending; now return
[Test worker] INFO org.apache.solr.update.LoggingInfoStream - [IW][Test worker]: startCommit(): start
[Test worker] INFO org.apache.solr.update.LoggingInfoStream - [IW][Test worker]: startCommit index=_0(5.5.1):C9/4:delGen=1 _1(5.5.1):C2/1:delGen=1 _2(5.5.1):C1 changeCount=16
[Test worker] INFO org.apache.solr.update.LoggingInfoStream - [IW][Test worker]: startCommit: wrote pending segments file "pending_segments_4"
[Test worker] INFO org.apache.solr.update.LoggingInfoStream - [IW][Test worker]: done all syncs: [_0_Lucene50_0.doc, _1.si, _1.nvd, _0.nvd, _2.fdt, _1_1.liv, _2_Lucene50_0.pos, _1.nvm, _1.fnm, _2.fdx, _2_Lucene50_0.tim, _2_Lucene50_0.tip, _1_Lucene50_0.tim, _2.nvd, _1_Lucene50_0.pos, _2.nvm, _2.fnm, _1.fdx, _1.fdt, _1_Lucene50_0.tip, _2_Lucene54_0.dvd, _0.si, _0_Lucene50_0.tim, _2.si, _0_Lucene50_0.pos, _2_Lucene54_0.dvm, _0.fdx, _0_Lucene50_0.tip, _2_Lucene50_0.doc, _0.fdt, _0_1.liv, _1_Lucene50_0.doc, _0_Lucene54_0.dvm, _1_Lucene54_0.dvd, _0_Lucene54_0.dvd, _1_Lucene54_0.dvm, _0.nvm, _0.fnm]
[Test worker] INFO org.apache.solr.update.LoggingInfoStream - [IW][Test worker]: commit: pendingCommit != null
[Test worker] INFO org.apache.solr.update.LoggingInfoStream - [IW][Test worker]: commit: done writing segments file "segments_4"
[Test worker] INFO org.apache.solr.update.LoggingInfoStream - [IFD][Test worker]: now checkpoint "_0(5.5.1):C9/4:delGen=1 _1(5.5.1):C2/1:delGen=1 _2(5.5.1):C1" [3 segments ; isCommit = true]
[Test worker] INFO org.apache.solr.core.SolrDeletionPolicy - SolrDeletionPolicy.onCommit: commits: num=2
	commit{dir=NRTCachingDirectory(MMapDirectory@/tmp/solr-home4347620048488640618/core/data/index lockFactory=org.apache.lucene.store.NativeFSLockFactory@2c3d74f6; maxCacheMB=48.0 maxMergeSizeMB=4.0),segFN=segments_3,generation=3}
	commit{dir=NRTCachingDirectory(MMapDirectory@/tmp/solr-home4347620048488640618/core/data/index lockFactory=org.apache.lucene.store.NativeFSLockFactory@2c3d74f6; maxCacheMB=48.0 maxMergeSizeMB=4.0),segFN=segments_4,generation=4}
[Test worker] INFO org.apache.solr.core.SolrDeletionPolicy - newest commit generation = 4
[Test worker] INFO org.apache.solr.update.LoggingInfoStream - [IFD][Test worker]: deleteCommits: now decRef commit "segments_3"
[Test worker] INFO org.apache.solr.update.LoggingInfoStream - [IFD][Test worker]: delete "segments_3"
[Test worker] INFO org.apache.solr.update.LoggingInfoStream - [IFD][Test worker]: 0 msec to checkpoint
[Test worker] INFO org.apache.solr.update.LoggingInfoStream - [IW][Test worker]: commit: took 68.0 msec
[Test worker] INFO org.apache.solr.update.LoggingInfoStream - [IW][Test worker]: commit: done
[Test worker] INFO org.apache.solr.update.LoggingInfoStream - [IW][Test worker]: nrtIsCurrent: infoVersion matches: false; DW changes: false; BD changes: false
[Test worker] INFO org.apache.solr.update.LoggingInfoStream - [IW][Test worker]: flush at getReader
[Test worker] INFO org.apache.solr.update.LoggingInfoStream - [DW][Test worker]: startFullFlush
[Test worker] INFO org.apache.solr.update.LoggingInfoStream - [IW][Test worker]: apply all deletes during flush
[Test worker] INFO org.apache.solr.update.LoggingInfoStream - [IW][Test worker]: now apply all deletes for all segments maxDoc=12
[Test worker] INFO org.apache.solr.update.LoggingInfoStream - [BD][Test worker]: applyDeletes: open segment readers took 0 msec
[Test worker] INFO org.apache.solr.update.LoggingInfoStream - [BD][Test worker]: applyDeletes: no segments; skipping
[Test worker] INFO org.apache.solr.update.LoggingInfoStream - [BD][Test worker]: prune sis=segments_4: _0(5.5.1):C9/4:delGen=1 _1(5.5.1):C2/1:delGen=1 _2(5.5.1):C1 minGen=14 packetCount=0
[Test worker] INFO org.apache.solr.update.LoggingInfoStream - [IW][Test worker]: incRefDeleter for NRT reader version=16 segments=_0(5.5.1):C9/4:delGen=1 _1(5.5.1):C2/1:delGen=1 _2(5.5.1):C1
[Test worker] INFO org.apache.solr.update.LoggingInfoStream - [IW][Test worker]: return reader version=16 reader=StandardDirectoryReader(segments_4:16:nrt _0(5.5.1):C9/4:delGen=1 _1(5.5.1):C2/1:delGen=1 _2(5.5.1):C1)
[Test worker] INFO org.apache.solr.update.LoggingInfoStream - [DW][Test worker]: Test worker finishFullFlush success=true
[Test worker] INFO org.apache.solr.update.LoggingInfoStream - [IW][Test worker]: getReader took 0 msec
[Test worker] INFO org.apache.solr.search.SolrIndexSearcher - Opening Searcher@70a15ab7[core] main
[searcherExecutor-487-thread-1] INFO org.apache.solr.handler.component.SpellCheckComponent - Index is not optimized therefore skipping building spell check index for: default
[Test worker] INFO org.apache.solr.update.DirectUpdateHandler2 - end_commit_flush
[searcherExecutor-487-thread-1] INFO org.apache.solr.core.SolrCore - [core] Registered new searcher Searcher@70a15ab7[core] main{ExitableDirectoryReader(UninvertingDirectoryReader(Uninverting(_0(5.5.1):C9/4:delGen=1) Uninverting(_1(5.5.1):C2/1:delGen=1) Uninverting(_2(5.5.1):C1)))}
[searcherExecutor-487-thread-1] INFO org.apache.solr.update.LoggingInfoStream - [IW][searcherExecutor-487-thread-1]: decRefDeleter for NRT reader version=11 segments=_0(5.5.1):C9/4:delGen=1 _1(5.5.1):C2
[Test worker] INFO org.apache.solr.update.processor.LogUpdateProcessorFactory - [core]  webapp=null path=/update params={commit=true&softCommit=false&waitSearcher=true}{commit=} 0 69
[Test worker] INFO org.apache.solr.core.SolrCore.Request - [core]  webapp=null path=/select params={q=(*+AND+_type_:asset)+OR+_query_:"{!parent+which%3D_type_:asset}(_type_:marker+AND+(*))"&fl=*,score&qf=dynamic_single_stored_none_color^1.0+dynamic_single_stored_none_title^1.0&defType=edismax&fq=(%2B_type_:asset+%2Bdynamic_single_stored_suggest_string_color:"purple")+OR+({!parent+which%3D'_type_:asset'+v%3D'_type_:marker+AND+dynamic_single_stored_suggest_string_color:"purple"'})&facet=true&facet.mincount=1&facet.limit=10&json.facet={parent_facet:{type:terms,field:_id_,limit:999999999,mincount:1,sort:{index:asc},domain:{blockParent:"_type_:asset"},facet:{children_facet:{type:query,q:"%2B_type_:marker+%2B(dynamic_single_stored_facet_string_color:purple)+AND+*",domain:{blockChildren:"_type_:asset"}}}}}&start=0&rows=10} hits=1 status=0 QTime=2
[Test worker] INFO org.apache.solr.update.processor.LogUpdateProcessorFactory - [core]  webapp=null path=/update params={}{add=[A2 (1576087840832356352)]} 0 2
[Test worker] INFO org.apache.solr.update.DirectUpdateHandler2 - start commit{,optimize=false,openSearcher=true,waitSearcher=true,expungeDeletes=false,softCommit=false,prepareCommit=false}
[Test worker] INFO org.apache.solr.update.LoggingInfoStream - [IW][Test worker]: commit: start
[Test worker] INFO org.apache.solr.update.LoggingInfoStream - [IW][Test worker]: commit: enter lock
[Test worker] INFO org.apache.solr.update.LoggingInfoStream - [IW][Test worker]: commit: now prepare
[Test worker] INFO org.apache.solr.update.LoggingInfoStream - [IW][Test worker]: prepareCommit: flush
[Test worker] INFO org.apache.solr.update.LoggingInfoStream - [IW][Test worker]:   index before flush _0(5.5.1):C9/4:delGen=1 _1(5.5.1):C2/1:delGen=1 _2(5.5.1):C1
[Test worker] INFO org.apache.solr.update.LoggingInfoStream - [DW][Test worker]: startFullFlush
[Test worker] INFO org.apache.solr.update.LoggingInfoStream - [DW][Test worker]: anyChanges? numDocsInRam=2 deletes=true hasTickets:false pendingChangesInFullFlush: false
[Test worker] INFO org.apache.solr.update.LoggingInfoStream - [DWFC][Test worker]: addFlushableState DocumentsWriterPerThread [pendingDeletes=gen=0 1 deleted terms (unique count=1) bytesUsed=174, segment=_3, aborted=false, numDocsInRAM=2, deleteQueue=DWDQ: [ generation: 8 ]]
[Test worker] INFO org.apache.solr.update.LoggingInfoStream - [DWPT][Test worker]: flush postings as segment _3 numDocs=2
[Test worker] INFO org.apache.solr.update.LoggingInfoStream - [IW][Test worker]: 0 msec to write norms
[Test worker] INFO org.apache.solr.update.LoggingInfoStream - [IW][Test worker]: 1 msec to write docValues
[Test worker] INFO org.apache.solr.update.LoggingInfoStream - [IW][Test worker]: 0 msec to finish stored fields
[Test worker] INFO org.apache.solr.update.LoggingInfoStream - [IW][Test worker]: 0 msec to write postings and finish vectors
[Test worker] INFO org.apache.solr.update.LoggingInfoStream - [IW][Test worker]: 0 msec to write fieldInfos
[Test worker] INFO org.apache.solr.update.LoggingInfoStream - [DWPT][Test worker]: new segment has 0 deleted docs
[Test worker] INFO org.apache.solr.update.LoggingInfoStream - [DWPT][Test worker]: new segment has no vectors; norms; docValues; prox; freqs
[Test worker] INFO org.apache.solr.update.LoggingInfoStream - [DWPT][Test worker]: flushedFiles=[_3.fdx, _3.nvd, _3_Lucene50_0.pos, _3_Lucene54_0.dvd, _3_Lucene50_0.doc, _3_Lucene50_0.tim, _3.nvm, _3.fnm, _3.fdt, _3_Lucene50_0.tip, _3_Lucene54_0.dvm]
[Test worker] INFO org.apache.solr.update.LoggingInfoStream - [DWPT][Test worker]: flushed codec=Lucene54
[Test worker] INFO org.apache.solr.update.LoggingInfoStream - [DWPT][Test worker]: flushed: segment=_3 ramUsed=0.391 MB newFlushedSize=0.005 MB docs/MB=423.924
[Test worker] INFO org.apache.solr.update.LoggingInfoStream - [DW][Test worker]: publishFlushedSegment seg-private updates=null
[Test worker] INFO org.apache.solr.update.LoggingInfoStream - [IW][Test worker]: publishFlushedSegment
[Test worker] INFO org.apache.solr.update.LoggingInfoStream - [BD][Test worker]: push deletes  1 deleted terms (unique count=1) bytesUsed=1072 segmentPrivate?=false delGen=16 packetCount=1 totBytesUsed=1072
[Test worker] INFO org.apache.solr.update.LoggingInfoStream - [IW][Test worker]: publish sets newSegment delGen=17 seg=_3(5.5.1):C2
[Test worker] INFO org.apache.solr.update.LoggingInfoStream - [IFD][Test worker]: now checkpoint "_0(5.5.1):C9/4:delGen=1 _1(5.5.1):C2/1:delGen=1 _2(5.5.1):C1 _3(5.5.1):C2" [4 segments ; isCommit = false]
[Test worker] INFO org.apache.solr.update.LoggingInfoStream - [IFD][Test worker]: 0 msec to checkpoint
[Test worker] INFO org.apache.solr.update.LoggingInfoStream - [IW][Test worker]: apply all deletes during flush
[Test worker] INFO org.apache.solr.update.LoggingInfoStream - [IW][Test worker]: now apply all deletes for all segments maxDoc=14
[Test worker] INFO org.apache.solr.update.LoggingInfoStream - [BD][Test worker]: applyDeletes: open segment readers took 0 msec
[Test worker] INFO org.apache.solr.update.LoggingInfoStream - [BD][Test worker]: applyDeletes: infos=[_0(5.5.1):C9/4:delGen=1, _1(5.5.1):C2/1:delGen=1, _2(5.5.1):C1, _3(5.5.1):C2] packetCount=1
[Test worker] INFO org.apache.solr.update.LoggingInfoStream - [BD][Test worker]: applyTermDeletes took 0.1 msec for 4 segments and 1 packets; 1 del terms visited; 4 seg terms visited
[Test worker] INFO org.apache.solr.update.LoggingInfoStream - [BD][Test worker]: applyDeletes: 1 new deleted documents
[Test worker] INFO org.apache.solr.update.LoggingInfoStream - [BD][Test worker]: applyDeletes took 0 msec for 4 segments, 0 newly deleted docs (query deletes), 1 visited terms, allDeleted=[_1(5.5.1):C2/1:delGen=1]
[Test worker] INFO org.apache.solr.update.LoggingInfoStream - [IFD][Test worker]: now checkpoint "_0(5.5.1):C9/4:delGen=1 _1(5.5.1):C2/2:delGen=1 _2(5.5.1):C1 _3(5.5.1):C2" [4 segments ; isCommit = false]
[Test worker] INFO org.apache.solr.update.LoggingInfoStream - [IFD][Test worker]: 0 msec to checkpoint
[Test worker] INFO org.apache.solr.update.LoggingInfoStream - [IW][Test worker]: drop 100% deleted segments: _1(5.5.1):C2/2:delGen=1
[Test worker] INFO org.apache.solr.update.LoggingInfoStream - [IFD][Test worker]: now checkpoint "_0(5.5.1):C9/4:delGen=1 _2(5.5.1):C1 _3(5.5.1):C2" [3 segments ; isCommit = false]
[Test worker] INFO org.apache.solr.update.LoggingInfoStream - [IFD][Test worker]: 0 msec to checkpoint
[Test worker] INFO org.apache.solr.update.LoggingInfoStream - [BD][Test worker]: prune sis=segments_4: _0(5.5.1):C9/4:delGen=1 _2(5.5.1):C1 _3(5.5.1):C2 minGen=18 packetCount=1
[Test worker] INFO org.apache.solr.update.LoggingInfoStream - [BD][Test worker]: pruneDeletes: prune 1 packets; 0 packets remain
[Test worker] INFO org.apache.solr.update.LoggingInfoStream - [DW][Test worker]: Test worker finishFullFlush success=true
[Test worker] INFO org.apache.solr.update.LoggingInfoStream - [TMP][Test worker]: findMerges: 3 segments
[Test worker] INFO org.apache.solr.update.LoggingInfoStream - [TMP][Test worker]:   seg=_2(5.5.1):C1 size=0.005 MB [floored]
[Test worker] INFO org.apache.solr.update.LoggingInfoStream - [TMP][Test worker]:   seg=_3(5.5.1):C2 size=0.005 MB [floored]
[Test worker] INFO org.apache.solr.update.LoggingInfoStream - [TMP][Test worker]:   seg=_0(5.5.1):C9/4:delGen=1 size=0.004 MB [floored]
[Test worker] INFO org.apache.solr.update.LoggingInfoStream - [TMP][Test worker]:   allowedSegmentCount=1 vs count=3 (eligible count=3) tooBigCount=0
[Test worker] INFO org.apache.solr.update.LoggingInfoStream - [MS][Test worker]: now merge
[Test worker] INFO org.apache.solr.update.LoggingInfoStream - [MS][Test worker]:   index: _0(5.5.1):C9/4:delGen=1 _2(5.5.1):C1 _3(5.5.1):C2
[Test worker] INFO org.apache.solr.update.LoggingInfoStream - [MS][Test worker]:   no more merges pending; now return
[Test worker] INFO org.apache.solr.update.LoggingInfoStream - [IW][Test worker]: startCommit(): start
[Test worker] INFO org.apache.solr.update.LoggingInfoStream - [IW][Test worker]: startCommit index=_0(5.5.1):C9/4:delGen=1 _2(5.5.1):C1 _3(5.5.1):C2 changeCount=22
[Test worker] INFO org.apache.solr.update.LoggingInfoStream - [IW][Test worker]: startCommit: wrote pending segments file "pending_segments_5"
[Test worker] INFO org.apache.solr.update.LoggingInfoStream - [IW][Test worker]: done all syncs: [_3.fdx, _3.si, _0_Lucene50_0.doc, _3_Lucene50_0.pos, _0.nvd, _2.fdt, _2_Lucene50_0.pos, _2.fdx, _2_Lucene50_0.tim, _2_Lucene50_0.tip, _2.nvd, _3_Lucene54_0.dvd, _3_Lucene50_0.doc, _2.nvm, _2.fnm, _3_Lucene54_0.dvm, _2_Lucene54_0.dvd, _0.si, _0_Lucene50_0.tim, _2.si, _3.nvd, _0_Lucene50_0.pos, _2_Lucene54_0.dvm, _0.fdx, _3.nvm, _3.fnm, _0_Lucene50_0.tip, _2_Lucene50_0.doc, _0.fdt, _0_1.liv, _0_Lucene54_0.dvm, _3_Lucene50_0.tim, _0_Lucene54_0.dvd, _3.fdt, _3_Lucene50_0.tip, _0.nvm, _0.fnm]
[Test worker] INFO org.apache.solr.update.LoggingInfoStream - [IW][Test worker]: commit: pendingCommit != null
[Test worker] INFO org.apache.solr.update.LoggingInfoStream - [IW][Test worker]: commit: done writing segments file "segments_5"
[Test worker] INFO org.apache.solr.update.LoggingInfoStream - [IFD][Test worker]: now checkpoint "_0(5.5.1):C9/4:delGen=1 _2(5.5.1):C1 _3(5.5.1):C2" [3 segments ; isCommit = true]
[Test worker] INFO org.apache.solr.core.SolrDeletionPolicy - SolrDeletionPolicy.onCommit: commits: num=2
	commit{dir=NRTCachingDirectory(MMapDirectory@/tmp/solr-home4347620048488640618/core/data/index lockFactory=org.apache.lucene.store.NativeFSLockFactory@2c3d74f6; maxCacheMB=48.0 maxMergeSizeMB=4.0),segFN=segments_4,generation=4}
	commit{dir=NRTCachingDirectory(MMapDirectory@/tmp/solr-home4347620048488640618/core/data/index lockFactory=org.apache.lucene.store.NativeFSLockFactory@2c3d74f6; maxCacheMB=48.0 maxMergeSizeMB=4.0),segFN=segments_5,generation=5}
[Test worker] INFO org.apache.solr.core.SolrDeletionPolicy - newest commit generation = 5
[Test worker] INFO org.apache.solr.update.LoggingInfoStream - [IFD][Test worker]: deleteCommits: now decRef commit "segments_4"
[Test worker] INFO org.apache.solr.update.LoggingInfoStream - [IFD][Test worker]: delete "segments_4"
[Test worker] INFO org.apache.solr.update.LoggingInfoStream - [IFD][Test worker]: 0 msec to checkpoint
[Test worker] INFO org.apache.solr.update.LoggingInfoStream - [IW][Test worker]: commit: took 61.3 msec
[Test worker] INFO org.apache.solr.update.LoggingInfoStream - [IW][Test worker]: commit: done
[Test worker] INFO org.apache.solr.update.LoggingInfoStream - [IW][Test worker]: nrtIsCurrent: infoVersion matches: false; DW changes: false; BD changes: false
[Test worker] INFO org.apache.solr.update.LoggingInfoStream - [IW][Test worker]: flush at getReader
[Test worker] INFO org.apache.solr.update.LoggingInfoStream - [DW][Test worker]: startFullFlush
[Test worker] INFO org.apache.solr.update.LoggingInfoStream - [IW][Test worker]: apply all deletes during flush
[Test worker] INFO org.apache.solr.update.LoggingInfoStream - [IW][Test worker]: now apply all deletes for all segments maxDoc=12
[Test worker] INFO org.apache.solr.update.LoggingInfoStream - [BD][Test worker]: applyDeletes: open segment readers took 0 msec
[Test worker] INFO org.apache.solr.update.LoggingInfoStream - [BD][Test worker]: applyDeletes: no segments; skipping
[Test worker] INFO org.apache.solr.update.LoggingInfoStream - [BD][Test worker]: prune sis=segments_5: _0(5.5.1):C9/4:delGen=1 _2(5.5.1):C1 _3(5.5.1):C2 minGen=18 packetCount=0
[Test worker] INFO org.apache.solr.update.LoggingInfoStream - [IW][Test worker]: incRefDeleter for NRT reader version=22 segments=_0(5.5.1):C9/4:delGen=1 _2(5.5.1):C1 _3(5.5.1):C2
[Test worker] INFO org.apache.solr.update.LoggingInfoStream - [IW][Test worker]: return reader version=22 reader=StandardDirectoryReader(segments_5:22:nrt _0(5.5.1):C9/4:delGen=1 _2(5.5.1):C1 _3(5.5.1):C2)
[Test worker] INFO org.apache.solr.update.LoggingInfoStream - [DW][Test worker]: Test worker finishFullFlush success=true
[Test worker] INFO org.apache.solr.update.LoggingInfoStream - [IW][Test worker]: getReader took 0 msec
[Test worker] INFO org.apache.solr.search.SolrIndexSearcher - Opening Searcher@30bf3b3a[core] main
[Test worker] INFO org.apache.solr.update.DirectUpdateHandler2 - end_commit_flush
[searcherExecutor-487-thread-1] INFO org.apache.solr.handler.component.SpellCheckComponent - Index is not optimized therefore skipping building spell check index for: default
[searcherExecutor-487-thread-1] INFO org.apache.solr.core.SolrCore - [core] Registered new searcher Searcher@30bf3b3a[core] main{ExitableDirectoryReader(UninvertingDirectoryReader(Uninverting(_0(5.5.1):C9/4:delGen=1) Uninverting(_2(5.5.1):C1) Uninverting(_3(5.5.1):C2)))}
[searcherExecutor-487-thread-1] INFO org.apache.solr.update.LoggingInfoStream - [IFD][searcherExecutor-487-thread-1]: delete "_1.si"
[searcherExecutor-487-thread-1] INFO org.apache.solr.update.LoggingInfoStream - [IFD][searcherExecutor-487-thread-1]: delete "_1.nvd"
[searcherExecutor-487-thread-1] INFO org.apache.solr.update.LoggingInfoStream - [IFD][searcherExecutor-487-thread-1]: delete "_1_1.liv"
[searcherExecutor-487-thread-1] INFO org.apache.solr.update.LoggingInfoStream - [IFD][searcherExecutor-487-thread-1]: delete "_1.nvm"
[searcherExecutor-487-thread-1] INFO org.apache.solr.update.LoggingInfoStream - [IFD][searcherExecutor-487-thread-1]: delete "_1.fnm"
[searcherExecutor-487-thread-1] INFO org.apache.solr.update.LoggingInfoStream - [IFD][searcherExecutor-487-thread-1]: delete "_1_Lucene50_0.tim"
[searcherExecutor-487-thread-1] INFO org.apache.solr.update.LoggingInfoStream - [IFD][searcherExecutor-487-thread-1]: delete "_1_Lucene50_0.doc"
[searcherExecutor-487-thread-1] INFO org.apache.solr.update.LoggingInfoStream - [IFD][searcherExecutor-487-thread-1]: delete "_1_Lucene54_0.dvd"
[searcherExecutor-487-thread-1] INFO org.apache.solr.update.LoggingInfoStream - [IFD][searcherExecutor-487-thread-1]: delete "_1_Lucene50_0.pos"
[searcherExecutor-487-thread-1] INFO org.apache.solr.update.LoggingInfoStream - [IFD][searcherExecutor-487-thread-1]: delete "_1.fdx"
[searcherExecutor-487-thread-1] INFO org.apache.solr.update.LoggingInfoStream - [IFD][searcherExecutor-487-thread-1]: delete "_1_Lucene54_0.dvm"
[searcherExecutor-487-thread-1] INFO org.apache.solr.update.LoggingInfoStream - [IFD][searcherExecutor-487-thread-1]: delete "_1.fdt"
[searcherExecutor-487-thread-1] INFO org.apache.solr.update.LoggingInfoStream - [IFD][searcherExecutor-487-thread-1]: delete "_1_Lucene50_0.tip"
[searcherExecutor-487-thread-1] INFO org.apache.solr.update.LoggingInfoStream - [IW][searcherExecutor-487-thread-1]: decRefDeleter for NRT reader version=16 segments=_0(5.5.1):C9/4:delGen=1 _1(5.5.1):C2/1:delGen=1 _2(5.5.1):C1
[Test worker] INFO org.apache.solr.update.processor.LogUpdateProcessorFactory - [core]  webapp=null path=/update params={commit=true&softCommit=false&waitSearcher=true}{commit=} 0 62
[Test worker] INFO org.apache.solr.core.SolrCore.Request - [core]  webapp=null path=/select params={q=(*+AND+_type_:asset)+OR+_query_:"{!parent+which%3D_type_:asset}(_type_:marker+AND+(*))"&fl=*,score&qf=dynamic_single_stored_none_color^1.0+dynamic_single_stored_none_title^1.0&defType=edismax&fq=(%2B_type_:asset+%2Bdynamic_single_stored_facet_string_color:"purple")+OR+({!parent+which%3D'_type_:asset'+v%3D'_type_:marker+AND+dynamic_single_stored_facet_string_color:"purple"'})&facet=true&facet.mincount=1&facet.limit=10&json.facet={parent_facet:{type:terms,field:_id_,limit:999999999,mincount:1,sort:{index:asc},domain:{blockParent:"_type_:asset"},facet:{children_facet:{type:query,q:"%2B_type_:marker+%2B(dynamic_single_stored_facet_string_color:purple)+AND+*",domain:{blockChildren:"_type_:asset"}}}}}&start=0&rows=10} hits=1 status=0 QTime=2
[Test worker] INFO org.apache.solr.core.SolrCore.Request - [core]  webapp=null path=/get params={qt=/get&id=A2} status=0 QTime=0
[Test worker] INFO org.apache.solr.core.SolrCore.Request - [core]  webapp=null path=/select params={q=*&fl=*,score&qf=dynamic_single_stored_none_color^1.0+dynamic_single_stored_none_title^1.0&defType=edismax&fq=_type_:asset&start=0&rows=10} hits=4 status=0 QTime=0
[Test worker] INFO org.apache.solr.update.processor.LogUpdateProcessorFactory - [core]  webapp=null path=/update params={}{add=[A2 (1576087840907853824)]} 0 2
[Test worker] INFO org.apache.solr.core.SolrCore.Request - [core]  webapp=null path=/select params={q=!(+_id_:A2)%26(_root_:A2)} hits=1 status=0 QTime=0
[Test worker] INFO org.apache.solr.core.SolrCore.Request - [core]  webapp=null path=/get params={qt=/get&ids=A2} status=0 QTime=0
[Test worker] INFO org.apache.solr.update.processor.LogUpdateProcessorFactory - [core]  webapp=null path=/update params={}{add=[A2 (1576087840912048128)]} 0 1
[Test worker] INFO org.apache.solr.update.LoggingInfoStream - [DW][Test worker]: anyChanges? numDocsInRam=3 deletes=true hasTickets:false pendingChangesInFullFlush: false
[Test worker] INFO org.apache.solr.update.LoggingInfoStream - [IW][Test worker]: nrtIsCurrent: infoVersion matches: false; DW changes: true; BD changes: false
[Test worker] INFO org.apache.solr.update.LoggingInfoStream - [IW][Test worker]: flush at getReader
[Test worker] INFO org.apache.solr.update.LoggingInfoStream - [DW][Test worker]: startFullFlush
[Test worker] INFO org.apache.solr.update.LoggingInfoStream - [DW][Test worker]: anyChanges? numDocsInRam=3 deletes=true hasTickets:false pendingChangesInFullFlush: false
[Test worker] INFO org.apache.solr.update.LoggingInfoStream - [DWFC][Test worker]: addFlushableState DocumentsWriterPerThread [pendingDeletes=gen=0 1 deleted terms (unique count=1) bytesUsed=174, segment=_4, aborted=false, numDocsInRAM=3, deleteQueue=DWDQ: [ generation: 10 ]]
[Test worker] INFO org.apache.solr.update.LoggingInfoStream - [DWPT][Test worker]: flush postings as segment _4 numDocs=3
[Test worker] INFO org.apache.solr.update.LoggingInfoStream - [IW][Test worker]: 0 msec to write norms
[Test worker] INFO org.apache.solr.update.LoggingInfoStream - [IW][Test worker]: 0 msec to write docValues
[Test worker] INFO org.apache.solr.update.LoggingInfoStream - [IW][Test worker]: 0 msec to finish stored fields
[Test worker] INFO org.apache.solr.update.LoggingInfoStream - [IW][Test worker]: 1 msec to write postings and finish vectors
[Test worker] INFO org.apache.solr.update.LoggingInfoStream - [IW][Test worker]: 0 msec to write fieldInfos
[Test worker] INFO org.apache.solr.update.LoggingInfoStream - [DWPT][Test worker]: new segment has 0 deleted docs
[Test worker] INFO org.apache.solr.update.LoggingInfoStream - [DWPT][Test worker]: new segment has no vectors; norms; docValues; prox; freqs
[Test worker] INFO org.apache.solr.update.LoggingInfoStream - [DWPT][Test worker]: flushedFiles=[_4.fdt, _4.nvm, _4_Lucene50_0.pos, _4.fnm, _4_Lucene54_0.dvd, _4_Lucene50_0.tip, _4.nvd, _4.fdx, _4_Lucene54_0.dvm, _4_Lucene50_0.doc, _4_Lucene50_0.tim]
[Test worker] INFO org.apache.solr.update.LoggingInfoStream - [DWPT][Test worker]: flushed codec=Lucene54
[Test worker] INFO org.apache.solr.update.LoggingInfoStream - [DWPT][Test worker]: flushed: segment=_4 ramUsed=0.391 MB newFlushedSize=0.005 MB docs/MB=615.362
[Test worker] INFO org.apache.solr.update.LoggingInfoStream - [DW][Test worker]: publishFlushedSegment seg-private updates= 1 deleted terms (unique count=0) 1 deleted queries bytesUsed=80
[Test worker] INFO org.apache.solr.update.LoggingInfoStream - [DW][Test worker]: flush: push buffered seg private updates:  1 deleted terms (unique count=0) 1 deleted queries bytesUsed=80
[Test worker] INFO org.apache.solr.update.LoggingInfoStream - [IW][Test worker]: publishFlushedSegment
[Test worker] INFO org.apache.solr.update.LoggingInfoStream - [BD][Test worker]: push deletes  2 deleted terms (unique count=2) 1 deleted queries bytesUsed=1104 segmentPrivate?=false delGen=20 packetCount=1 totBytesUsed=1104
[Test worker] INFO org.apache.solr.update.LoggingInfoStream - [BD][Test worker]: push deletes  1 deleted terms (unique count=0) 1 deleted queries bytesUsed=80 segmentPrivate?=true delGen=21 packetCount=2 totBytesUsed=1184
[Test worker] INFO org.apache.solr.update.LoggingInfoStream - [IW][Test worker]: publish sets newSegment delGen=21 seg=_4(5.5.1):C3
[Test worker] INFO org.apache.solr.update.LoggingInfoStream - [IFD][Test worker]: now checkpoint "_0(5.5.1):C9/4:delGen=1 _2(5.5.1):C1 _3(5.5.1):C2 _4(5.5.1):C3" [4 segments ; isCommit = false]
[Test worker] INFO org.apache.solr.update.LoggingInfoStream - [IFD][Test worker]: 0 msec to checkpoint
[Test worker] INFO org.apache.solr.update.LoggingInfoStream - [IW][Test worker]: apply all deletes during flush
[Test worker] INFO org.apache.solr.update.LoggingInfoStream - [IW][Test worker]: now apply all deletes for all segments maxDoc=15
[Test worker] INFO org.apache.solr.update.LoggingInfoStream - [BD][Test worker]: applyDeletes: open segment readers took 0 msec
[Test worker] INFO org.apache.solr.update.LoggingInfoStream - [BD][Test worker]: applyDeletes: infos=[_0(5.5.1):C9/4:delGen=1, _2(5.5.1):C1, _3(5.5.1):C2, _4(5.5.1):C3] packetCount=2
[Test worker] INFO org.apache.solr.update.LoggingInfoStream - [BD][Test worker]: applyTermDeletes took 0.1 msec for 4 segments and 1 packets; 2 del terms visited; 8 seg terms visited
[Test worker] INFO org.apache.solr.update.LoggingInfoStream - [BD][Test worker]: applyDeletes: 3 new deleted documents
[Test worker] INFO org.apache.solr.update.LoggingInfoStream - [BD][Test worker]: applyDeletes took 2 msec for 4 segments, 1 newly deleted docs (query deletes), 2 visited terms, allDeleted=[_3(5.5.1):C2]
[Test worker] INFO org.apache.solr.update.LoggingInfoStream - [IFD][Test worker]: now checkpoint "_0(5.5.1):C9/4:delGen=1 _2(5.5.1):C1 _3(5.5.1):C2/2 _4(5.5.1):C3/1" [4 segments ; isCommit = false]
[Test worker] INFO org.apache.solr.update.LoggingInfoStream - [IFD][Test worker]: 0 msec to checkpoint
[Test worker] INFO org.apache.solr.update.LoggingInfoStream - [IW][Test worker]: drop 100% deleted segments: _3(5.5.1):C2/2
[Test worker] INFO org.apache.solr.update.LoggingInfoStream - [IFD][Test worker]: now checkpoint "_0(5.5.1):C9/4:delGen=1 _2(5.5.1):C1 _4(5.5.1):C3/1" [3 segments ; isCommit = false]
[Test worker] INFO org.apache.solr.update.LoggingInfoStream - [IFD][Test worker]: 0 msec to checkpoint
[Test worker] INFO org.apache.solr.update.LoggingInfoStream - [BD][Test worker]: prune sis=segments_5: _0(5.5.1):C9/4:delGen=1 _2(5.5.1):C1 _4(5.5.1):C3 minGen=22 packetCount=2
[Test worker] INFO org.apache.solr.update.LoggingInfoStream - [BD][Test worker]: pruneDeletes: prune 2 packets; 0 packets remain
[Test worker] INFO org.apache.solr.update.LoggingInfoStream - [IW][Test worker]: incRefDeleter for NRT reader version=26 segments=_0(5.5.1):C9/4:delGen=1 _2(5.5.1):C1 _4(5.5.1):C3
[Test worker] INFO org.apache.solr.update.LoggingInfoStream - [IW][Test worker]: return reader version=26 reader=StandardDirectoryReader(segments_5:26:nrt _0(5.5.1):C9/4:delGen=1 _2(5.5.1):C1 _4(5.5.1):C3/1)
[Test worker] INFO org.apache.solr.update.LoggingInfoStream - [DW][Test worker]: Test worker finishFullFlush success=true
[Test worker] INFO org.apache.solr.update.LoggingInfoStream - [TMP][Test worker]: findMerges: 3 segments
[Test worker] INFO org.apache.solr.update.LoggingInfoStream - [TMP][Test worker]:   seg=_2(5.5.1):C1 size=0.005 MB [floored]
[Test worker] INFO org.apache.solr.update.LoggingInfoStream - [TMP][Test worker]:   seg=_0(5.5.1):C9/4:delGen=1 size=0.004 MB [floored]
[Test worker] INFO org.apache.solr.update.LoggingInfoStream - [TMP][Test worker]:   seg=_4(5.5.1):C3/1 size=0.003 MB [floored]
[Test worker] INFO org.apache.solr.update.LoggingInfoStream - [TMP][Test worker]:   allowedSegmentCount=1 vs count=3 (eligible count=3) tooBigCount=0
[Test worker] INFO org.apache.solr.update.LoggingInfoStream - [MS][Test worker]: now merge
[Test worker] INFO org.apache.solr.update.LoggingInfoStream - [MS][Test worker]:   index: _0(5.5.1):C9/4:delGen=1 _2(5.5.1):C1 _4(5.5.1):C3/1
[Test worker] INFO org.apache.solr.update.LoggingInfoStream - [MS][Test worker]:   no more merges pending; now return
[Test worker] INFO org.apache.solr.update.LoggingInfoStream - [IW][Test worker]: getReader took 6 msec
[Test worker] INFO org.apache.solr.search.SolrIndexSearcher - Opening Searcher@55346a19[core] realtime
[Test worker] INFO org.apache.solr.update.processor.LogUpdateProcessorFactory - [core]  webapp=null path=/update params={}{deleteByQuery=_version_:1576087840907853824 AND _id_:A2 (-1576087840913096704)} 0 6
[Test worker] INFO org.apache.solr.update.DirectUpdateHandler2 - start commit{,optimize=false,openSearcher=true,waitSearcher=true,expungeDeletes=false,softCommit=false,prepareCommit=false}
[Test worker] INFO org.apache.solr.update.LoggingInfoStream - [IW][Test worker]: commit: start
[Test worker] INFO org.apache.solr.update.LoggingInfoStream - [IW][Test worker]: commit: enter lock
[Test worker] INFO org.apache.solr.update.LoggingInfoStream - [IW][Test worker]: commit: now prepare
[Test worker] INFO org.apache.solr.update.LoggingInfoStream - [IW][Test worker]: prepareCommit: flush
[Test worker] INFO org.apache.solr.update.LoggingInfoStream - [IW][Test worker]:   index before flush _0(5.5.1):C9/4:delGen=1 _2(5.5.1):C1 _4(5.5.1):C3/1
[Test worker] INFO org.apache.solr.update.LoggingInfoStream - [DW][Test worker]: startFullFlush
[Test worker] INFO org.apache.solr.update.LoggingInfoStream - [IW][Test worker]: apply all deletes during flush
[Test worker] INFO org.apache.solr.update.LoggingInfoStream - [IW][Test worker]: now apply all deletes for all segments maxDoc=13
[Test worker] INFO org.apache.solr.update.LoggingInfoStream - [BD][Test worker]: applyDeletes: open segment readers took 0 msec
[Test worker] INFO org.apache.solr.update.LoggingInfoStream - [BD][Test worker]: applyDeletes: no segments; skipping
[Test worker] INFO org.apache.solr.update.LoggingInfoStream - [BD][Test worker]: prune sis=segments_5: _0(5.5.1):C9/4:delGen=1 _2(5.5.1):C1 _4(5.5.1):C3 minGen=22 packetCount=0
[Test worker] INFO org.apache.solr.update.LoggingInfoStream - [IFD][Test worker]: now checkpoint "_0(5.5.1):C9/4:delGen=1 _2(5.5.1):C1 _4(5.5.1):C3/1:delGen=1" [3 segments ; isCommit = false]
[Test worker] INFO org.apache.solr.update.LoggingInfoStream - [IFD][Test worker]: 0 msec to checkpoint
[Test worker] INFO org.apache.solr.update.LoggingInfoStream - [DW][Test worker]: Test worker finishFullFlush success=true
[Test worker] INFO org.apache.solr.update.LoggingInfoStream - [IW][Test worker]: startCommit(): start
[Test worker] INFO org.apache.solr.update.LoggingInfoStream - [IW][Test worker]: startCommit index=_0(5.5.1):C9/4:delGen=1 _2(5.5.1):C1 _4(5.5.1):C3/1:delGen=1 changeCount=29
[Test worker] INFO org.apache.solr.update.LoggingInfoStream - [IW][Test worker]: startCommit: wrote pending segments file "pending_segments_6"
[Test worker] INFO org.apache.solr.update.LoggingInfoStream - [IW][Test worker]: done all syncs: [_0_Lucene50_0.doc, _4_Lucene54_0.dvd, _0.nvd, _2.fdt, _2_Lucene50_0.pos, _2.fdx, _2_Lucene50_0.tim, _2_Lucene50_0.tip, _4.fdx, _4_Lucene54_0.dvm, _4_Lucene50_0.doc, _2.nvd, _4_Lucene50_0.pos, _2.nvm, _2.fnm, _2_Lucene54_0.dvd, _0.si, _0_Lucene50_0.tim, _2.si, _4.nvm, _4.fnm, _0_Lucene50_0.pos, _4_Lucene50_0.tip, _2_Lucene54_0.dvm, _0.fdx, _4_1.liv, _0_Lucene50_0.tip, _4.nvd, _2_Lucene50_0.doc, _0.fdt, _0_1.liv, _4_Lucene50_0.tim, _4.fdt, _0_Lucene54_0.dvm, _0_Lucene54_0.dvd, _4.si, _0.nvm, _0.fnm]
[Test worker] INFO org.apache.solr.update.LoggingInfoStream - [IW][Test worker]: commit: pendingCommit != null
[Test worker] INFO org.apache.solr.update.LoggingInfoStream - [IW][Test worker]: commit: done writing segments file "segments_6"
[Test worker] INFO org.apache.solr.update.LoggingInfoStream - [IFD][Test worker]: now checkpoint "_0(5.5.1):C9/4:delGen=1 _2(5.5.1):C1 _4(5.5.1):C3/1:delGen=1" [3 segments ; isCommit = true]
[Test worker] INFO org.apache.solr.core.SolrDeletionPolicy - SolrDeletionPolicy.onCommit: commits: num=2
	commit{dir=NRTCachingDirectory(MMapDirectory@/tmp/solr-home4347620048488640618/core/data/index lockFactory=org.apache.lucene.store.NativeFSLockFactory@2c3d74f6; maxCacheMB=48.0 maxMergeSizeMB=4.0),segFN=segments_5,generation=5}
	commit{dir=NRTCachingDirectory(MMapDirectory@/tmp/solr-home4347620048488640618/core/data/index lockFactory=org.apache.lucene.store.NativeFSLockFactory@2c3d74f6; maxCacheMB=48.0 maxMergeSizeMB=4.0),segFN=segments_6,generation=6}
[Test worker] INFO org.apache.solr.core.SolrDeletionPolicy - newest commit generation = 6
[Test worker] INFO org.apache.solr.update.LoggingInfoStream - [IFD][Test worker]: deleteCommits: now decRef commit "segments_5"
[Test worker] INFO org.apache.solr.update.LoggingInfoStream - [IFD][Test worker]: delete "segments_5"
[Test worker] INFO org.apache.solr.update.LoggingInfoStream - [IFD][Test worker]: 0 msec to checkpoint
[Test worker] INFO org.apache.solr.update.LoggingInfoStream - [IW][Test worker]: commit: took 60.9 msec
[Test worker] INFO org.apache.solr.update.LoggingInfoStream - [IW][Test worker]: commit: done
[Test worker] INFO org.apache.solr.update.LoggingInfoStream - [IW][Test worker]: nrtIsCurrent: infoVersion matches: false; DW changes: false; BD changes: false
[Test worker] INFO org.apache.solr.update.LoggingInfoStream - [IW][Test worker]: flush at getReader
[Test worker] INFO org.apache.solr.update.LoggingInfoStream - [DW][Test worker]: startFullFlush
[Test worker] INFO org.apache.solr.update.LoggingInfoStream - [IW][Test worker]: apply all deletes during flush
[Test worker] INFO org.apache.solr.update.LoggingInfoStream - [IW][Test worker]: now apply all deletes for all segments maxDoc=13
[Test worker] INFO org.apache.solr.update.LoggingInfoStream - [BD][Test worker]: applyDeletes: open segment readers took 0 msec
[Test worker] INFO org.apache.solr.update.LoggingInfoStream - [BD][Test worker]: applyDeletes: no segments; skipping
[Test worker] INFO org.apache.solr.update.LoggingInfoStream - [BD][Test worker]: prune sis=segments_6: _0(5.5.1):C9/4:delGen=1 _2(5.5.1):C1 _4(5.5.1):C3/1:delGen=1 minGen=22 packetCount=0
[Test worker] INFO org.apache.solr.update.LoggingInfoStream - [IW][Test worker]: incRefDeleter for NRT reader version=28 segments=_0(5.5.1):C9/4:delGen=1 _2(5.5.1):C1 _4(5.5.1):C3/1:delGen=1
[Test worker] INFO org.apache.solr.update.LoggingInfoStream - [IW][Test worker]: return reader version=28 reader=StandardDirectoryReader(segments_6:28:nrt _0(5.5.1):C9/4:delGen=1 _2(5.5.1):C1 _4(5.5.1):C3/1:delGen=1)
[Test worker] INFO org.apache.solr.update.LoggingInfoStream - [DW][Test worker]: Test worker finishFullFlush success=true
[Test worker] INFO org.apache.solr.update.LoggingInfoStream - [IW][Test worker]: getReader took 1 msec
[Test worker] INFO org.apache.solr.search.SolrIndexSearcher - Opening Searcher@1c09423b[core] main
[Test worker] INFO org.apache.solr.update.LoggingInfoStream - [IW][Test worker]: decRefDeleter for NRT reader version=26 segments=_0(5.5.1):C9/4:delGen=1 _2(5.5.1):C1 _4(5.5.1):C3
[Test worker] INFO org.apache.solr.update.DirectUpdateHandler2 - end_commit_flush
[searcherExecutor-487-thread-1] INFO org.apache.solr.handler.component.SpellCheckComponent - Index is not optimized therefore skipping building spell check index for: default
[searcherExecutor-487-thread-1] INFO org.apache.solr.core.SolrCore - [core] Registered new searcher Searcher@1c09423b[core] main{ExitableDirectoryReader(UninvertingDirectoryReader(Uninverting(_0(5.5.1):C9/4:delGen=1) Uninverting(_2(5.5.1):C1) Uninverting(_4(5.5.1):C3/1:delGen=1)))}
[searcherExecutor-487-thread-1] INFO org.apache.solr.update.LoggingInfoStream - [IFD][searcherExecutor-487-thread-1]: delete "_3.fdx"
[searcherExecutor-487-thread-1] INFO org.apache.solr.update.LoggingInfoStream - [IFD][searcherExecutor-487-thread-1]: delete "_3.si"
[searcherExecutor-487-thread-1] INFO org.apache.solr.update.LoggingInfoStream - [IFD][searcherExecutor-487-thread-1]: delete "_3.nvd"
[searcherExecutor-487-thread-1] INFO org.apache.solr.update.LoggingInfoStream - [IFD][searcherExecutor-487-thread-1]: delete "_3_Lucene50_0.pos"
[searcherExecutor-487-thread-1] INFO org.apache.solr.update.LoggingInfoStream - [IFD][searcherExecutor-487-thread-1]: delete "_3.nvm"
[searcherExecutor-487-thread-1] INFO org.apache.solr.update.LoggingInfoStream - [IFD][searcherExecutor-487-thread-1]: delete "_3.fnm"
[searcherExecutor-487-thread-1] INFO org.apache.solr.update.LoggingInfoStream - [IFD][searcherExecutor-487-thread-1]: delete "_3_Lucene54_0.dvd"
[searcherExecutor-487-thread-1] INFO org.apache.solr.update.LoggingInfoStream - [IFD][searcherExecutor-487-thread-1]: delete "_3_Lucene50_0.doc"
[searcherExecutor-487-thread-1] INFO org.apache.solr.update.LoggingInfoStream - [IFD][searcherExecutor-487-thread-1]: delete "_3_Lucene50_0.tim"
[searcherExecutor-487-thread-1] INFO org.apache.solr.update.LoggingInfoStream - [IFD][searcherExecutor-487-thread-1]: delete "_3.fdt"
[searcherExecutor-487-thread-1] INFO org.apache.solr.update.LoggingInfoStream - [IFD][searcherExecutor-487-thread-1]: delete "_3_Lucene50_0.tip"
[searcherExecutor-487-thread-1] INFO org.apache.solr.update.LoggingInfoStream - [IFD][searcherExecutor-487-thread-1]: delete "_3_Lucene54_0.dvm"
[searcherExecutor-487-thread-1] INFO org.apache.solr.update.LoggingInfoStream - [IW][searcherExecutor-487-thread-1]: decRefDeleter for NRT reader version=22 segments=_0(5.5.1):C9/4:delGen=1 _2(5.5.1):C1 _3(5.5.1):C2
[Test worker] INFO org.apache.solr.update.processor.LogUpdateProcessorFactory - [core]  webapp=null path=/update params={commit=true&softCommit=false&waitSearcher=true}{commit=} 0 62
[Test worker] INFO org.apache.solr.core.SolrCore.Request - [core]  webapp=null path=/get params={qt=/get&id=A2} status=0 QTime=0
[Test worker] INFO org.apache.solr.core.SolrCore.Request - [core]  webapp=null path=/select params={q=(*+AND+_type_:asset)+OR+_query_:"{!parent+which%3D_type_:asset}(_type_:marker+AND+(*))"&fl=*,score&qf=dynamic_single_stored_none_color^1.0+dynamic_single_stored_none_title^1.0&defType=edismax&fq=(%2B_type_:asset+%2Bdynamic_single_stored_facet_string_color:"purple")+OR+({!parent+which%3D'_type_:asset'+v%3D'_type_:marker+AND+dynamic_single_stored_facet_string_color:"purple"'})&facet=true&facet.mincount=1&facet.limit=10&json.facet={parent_facet:{type:terms,field:_id_,limit:999999999,mincount:1,sort:{index:asc},domain:{blockParent:"_type_:asset"},facet:{children_facet:{type:query,q:"%2B_type_:marker+%2B(dynamic_single_stored_facet_string_color:purple)+AND+*",domain:{blockChildren:"_type_:asset"}}}}}&start=0&rows=10} hits=1 status=0 QTime=3
[Test worker] INFO org.apache.solr.update.processor.LogUpdateProcessorFactory - [core]  webapp=null path=/update params={}{add=[A2 (1576087840991739904)]} 0 1
[Test worker] INFO org.apache.solr.update.DirectUpdateHandler2 - start commit{,optimize=false,openSearcher=true,waitSearcher=true,expungeDeletes=false,softCommit=false,prepareCommit=false}
[Test worker] INFO org.apache.solr.update.LoggingInfoStream - [IW][Test worker]: commit: start
[Test worker] INFO org.apache.solr.update.LoggingInfoStream - [IW][Test worker]: commit: enter lock
[Test worker] INFO org.apache.solr.update.LoggingInfoStream - [IW][Test worker]: commit: now prepare
[Test worker] INFO org.apache.solr.update.LoggingInfoStream - [IW][Test worker]: prepareCommit: flush
[Test worker] INFO org.apache.solr.update.LoggingInfoStream - [IW][Test worker]:   index before flush _0(5.5.1):C9/4:delGen=1 _2(5.5.1):C1 _4(5.5.1):C3/1:delGen=1
[Test worker] INFO org.apache.solr.update.LoggingInfoStream - [DW][Test worker]: startFullFlush
[Test worker] INFO org.apache.solr.update.LoggingInfoStream - [DW][Test worker]: anyChanges? numDocsInRam=2 deletes=true hasTickets:false pendingChangesInFullFlush: false
[Test worker] INFO org.apache.solr.update.LoggingInfoStream - [DWFC][Test worker]: addFlushableState DocumentsWriterPerThread [pendingDeletes=gen=0 1 deleted terms (unique count=1) bytesUsed=174, segment=_5, aborted=false, numDocsInRAM=2, deleteQueue=DWDQ: [ generation: 13 ]]
[Test worker] INFO org.apache.solr.update.LoggingInfoStream - [DWPT][Test worker]: flush postings as segment _5 numDocs=2
[Test worker] INFO org.apache.solr.update.LoggingInfoStream - [IW][Test worker]: 0 msec to write norms
[Test worker] INFO org.apache.solr.update.LoggingInfoStream - [IW][Test worker]: 0 msec to write docValues
[Test worker] INFO org.apache.solr.update.LoggingInfoStream - [IW][Test worker]: 0 msec to finish stored fields
[Test worker] INFO org.apache.solr.update.LoggingInfoStream - [IW][Test worker]: 0 msec to write postings and finish vectors
[Test worker] INFO org.apache.solr.update.LoggingInfoStream - [IW][Test worker]: 0 msec to write fieldInfos
[Test worker] INFO org.apache.solr.update.LoggingInfoStream - [DWPT][Test worker]: new segment has 0 deleted docs
[Test worker] INFO org.apache.solr.update.LoggingInfoStream - [DWPT][Test worker]: new segment has no vectors; norms; docValues; prox; freqs
[Test worker] INFO org.apache.solr.update.LoggingInfoStream - [DWPT][Test worker]: flushedFiles=[_5.nvm, _5_Lucene54_0.dvm, _5.fnm, _5_Lucene50_0.pos, _5.fdt, _5_Lucene54_0.dvd, _5.nvd, _5_Lucene50_0.tip, _5_Lucene50_0.doc, _5_Lucene50_0.tim, _5.fdx]
[Test worker] INFO org.apache.solr.update.LoggingInfoStream - [DWPT][Test worker]: flushed codec=Lucene54
[Test worker] INFO org.apache.solr.update.LoggingInfoStream - [DWPT][Test worker]: flushed: segment=_5 ramUsed=0.391 MB newFlushedSize=0.005 MB docs/MB=419.179
[Test worker] INFO org.apache.solr.update.LoggingInfoStream - [DW][Test worker]: publishFlushedSegment seg-private updates=null
[Test worker] INFO org.apache.solr.update.LoggingInfoStream - [IW][Test worker]: publishFlushedSegment
[Test worker] INFO org.apache.solr.update.LoggingInfoStream - [BD][Test worker]: push deletes  1 deleted terms (unique count=1) bytesUsed=1072 segmentPrivate?=false delGen=25 packetCount=1 totBytesUsed=1072
[Test worker] INFO org.apache.solr.update.LoggingInfoStream - [IW][Test worker]: publish sets newSegment delGen=26 seg=_5(5.5.1):C2
[Test worker] INFO org.apache.solr.update.LoggingInfoStream - [IFD][Test worker]: now checkpoint "_0(5.5.1):C9/4:delGen=1 _2(5.5.1):C1 _4(5.5.1):C3/1:delGen=1 _5(5.5.1):C2" [4 segments ; isCommit = false]
[Test worker] INFO org.apache.solr.update.LoggingInfoStream - [IFD][Test worker]: 0 msec to checkpoint
[Test worker] INFO org.apache.solr.update.LoggingInfoStream - [IW][Test worker]: apply all deletes during flush
[Test worker] INFO org.apache.solr.update.LoggingInfoStream - [IW][Test worker]: now apply all deletes for all segments maxDoc=15
[Test worker] INFO org.apache.solr.update.LoggingInfoStream - [BD][Test worker]: applyDeletes: open segment readers took 0 msec
[Test worker] INFO org.apache.solr.update.LoggingInfoStream - [BD][Test worker]: applyDeletes: infos=[_0(5.5.1):C9/4:delGen=1, _2(5.5.1):C1, _4(5.5.1):C3/1:delGen=1, _5(5.5.1):C2] packetCount=1
[Test worker] INFO org.apache.solr.update.LoggingInfoStream - [BD][Test worker]: applyTermDeletes took 0.1 msec for 4 segments and 1 packets; 1 del terms visited; 4 seg terms visited
[Test worker] INFO org.apache.solr.update.LoggingInfoStream - [BD][Test worker]: applyDeletes: 2 new deleted documents
[Test worker] INFO org.apache.solr.update.LoggingInfoStream - [BD][Test worker]: applyDeletes took 0 msec for 4 segments, 0 newly deleted docs (query deletes), 1 visited terms, allDeleted=[_4(5.5.1):C3/1:delGen=1]
[Test worker] INFO org.apache.solr.update.LoggingInfoStream - [IFD][Test worker]: now checkpoint "_0(5.5.1):C9/4:delGen=1 _2(5.5.1):C1 _4(5.5.1):C3/3:delGen=1 _5(5.5.1):C2" [4 segments ; isCommit = false]
[Test worker] INFO org.apache.solr.update.LoggingInfoStream - [IFD][Test worker]: 0 msec to checkpoint
[Test worker] INFO org.apache.solr.update.LoggingInfoStream - [IW][Test worker]: drop 100% deleted segments: _4(5.5.1):C3/3:delGen=1
[Test worker] INFO org.apache.solr.update.LoggingInfoStream - [IFD][Test worker]: now checkpoint "_0(5.5.1):C9/4:delGen=1 _2(5.5.1):C1 _5(5.5.1):C2" [3 segments ; isCommit = false]
[Test worker] INFO org.apache.solr.update.LoggingInfoStream - [IFD][Test worker]: 0 msec to checkpoint
[Test worker] INFO org.apache.solr.update.LoggingInfoStream - [BD][Test worker]: prune sis=segments_6: _0(5.5.1):C9/4:delGen=1 _2(5.5.1):C1 _5(5.5.1):C2 minGen=27 packetCount=1
[Test worker] INFO org.apache.solr.update.LoggingInfoStream - [BD][Test worker]: pruneDeletes: prune 1 packets; 0 packets remain
[Test worker] INFO org.apache.solr.update.LoggingInfoStream - [DW][Test worker]: Test worker finishFullFlush success=true
[Test worker] INFO org.apache.solr.update.LoggingInfoStream - [TMP][Test worker]: findMerges: 3 segments
[Test worker] INFO org.apache.solr.update.LoggingInfoStream - [TMP][Test worker]:   seg=_2(5.5.1):C1 size=0.005 MB [floored]
[Test worker] INFO org.apache.solr.update.LoggingInfoStream - [TMP][Test worker]:   seg=_5(5.5.1):C2 size=0.005 MB [floored]
[Test worker] INFO org.apache.solr.update.LoggingInfoStream - [TMP][Test worker]:   seg=_0(5.5.1):C9/4:delGen=1 size=0.004 MB [floored]
[Test worker] INFO org.apache.solr.update.LoggingInfoStream - [TMP][Test worker]:   allowedSegmentCount=1 vs count=3 (eligible count=3) tooBigCount=0
[Test worker] INFO org.apache.solr.update.LoggingInfoStream - [MS][Test worker]: now merge
[Test worker] INFO org.apache.solr.update.LoggingInfoStream - [MS][Test worker]:   index: _0(5.5.1):C9/4:delGen=1 _2(5.5.1):C1 _5(5.5.1):C2
[Test worker] INFO org.apache.solr.update.LoggingInfoStream - [MS][Test worker]:   no more merges pending; now return
[Test worker] INFO org.apache.solr.update.LoggingInfoStream - [IW][Test worker]: startCommit(): start
[Test worker] INFO org.apache.solr.update.LoggingInfoStream - [IW][Test worker]: startCommit index=_0(5.5.1):C9/4:delGen=1 _2(5.5.1):C1 _5(5.5.1):C2 changeCount=35
[Test worker] INFO org.apache.solr.update.LoggingInfoStream - [IW][Test worker]: startCommit: wrote pending segments file "pending_segments_7"
[Test worker] INFO org.apache.solr.update.LoggingInfoStream - [IW][Test worker]: done all syncs: [_0_Lucene50_0.doc, _5_Lucene54_0.dvd, _0.nvd, _2.fdt, _2_Lucene50_0.pos, _2.fdx, _2_Lucene50_0.tim, _2_Lucene50_0.tip, _2.nvd, _2.nvm, _2.fnm, _5_Lucene50_0.tip, _5.si, _5_Lucene50_0.tim, _5.fdx, _2_Lucene54_0.dvd, _0.si, _5_Lucene50_0.pos, _0_Lucene50_0.tim, _2.si, _5.fdt, _0_Lucene50_0.pos, _2_Lucene54_0.dvm, _0.fdx, _0_Lucene50_0.tip, _2_Lucene50_0.doc, _0.fdt, _0_1.liv, _5.nvm, _5_Lucene54_0.dvm, _5.fnm, _0_Lucene54_0.dvm, _5.nvd, _0_Lucene54_0.dvd, _5_Lucene50_0.doc, _0.nvm, _0.fnm]
[Test worker] INFO org.apache.solr.update.LoggingInfoStream - [IW][Test worker]: commit: pendingCommit != null
[Test worker] INFO org.apache.solr.update.LoggingInfoStream - [IW][Test worker]: commit: done writing segments file "segments_7"
[Test worker] INFO org.apache.solr.update.LoggingInfoStream - [IFD][Test worker]: now checkpoint "_0(5.5.1):C9/4:delGen=1 _2(5.5.1):C1 _5(5.5.1):C2" [3 segments ; isCommit = true]
[Test worker] INFO org.apache.solr.core.SolrDeletionPolicy - SolrDeletionPolicy.onCommit: commits: num=2
	commit{dir=NRTCachingDirectory(MMapDirectory@/tmp/solr-home4347620048488640618/core/data/index lockFactory=org.apache.lucene.store.NativeFSLockFactory@2c3d74f6; maxCacheMB=48.0 maxMergeSizeMB=4.0),segFN=segments_6,generation=6}
	commit{dir=NRTCachingDirectory(MMapDirectory@/tmp/solr-home4347620048488640618/core/data/index lockFactory=org.apache.lucene.store.NativeFSLockFactory@2c3d74f6; maxCacheMB=48.0 maxMergeSizeMB=4.0),segFN=segments_7,generation=7}
[Test worker] INFO org.apache.solr.core.SolrDeletionPolicy - newest commit generation = 7
[Test worker] INFO org.apache.solr.update.LoggingInfoStream - [IFD][Test worker]: deleteCommits: now decRef commit "segments_6"
[Test worker] INFO org.apache.solr.update.LoggingInfoStream - [IFD][Test worker]: delete "segments_6"
[Test worker] INFO org.apache.solr.update.LoggingInfoStream - [IFD][Test worker]: 0 msec to checkpoint
[Test worker] INFO org.apache.solr.update.LoggingInfoStream - [IW][Test worker]: commit: took 61.0 msec
[Test worker] INFO org.apache.solr.update.LoggingInfoStream - [IW][Test worker]: commit: done
[Test worker] INFO org.apache.solr.update.LoggingInfoStream - [IW][Test worker]: nrtIsCurrent: infoVersion matches: false; DW changes: false; BD changes: false
[Test worker] INFO org.apache.solr.update.LoggingInfoStream - [IW][Test worker]: flush at getReader
[Test worker] INFO org.apache.solr.update.LoggingInfoStream - [DW][Test worker]: startFullFlush
[Test worker] INFO org.apache.solr.update.LoggingInfoStream - [IW][Test worker]: apply all deletes during flush
[Test worker] INFO org.apache.solr.update.LoggingInfoStream - [IW][Test worker]: now apply all deletes for all segments maxDoc=12
[Test worker] INFO org.apache.solr.update.LoggingInfoStream - [BD][Test worker]: applyDeletes: open segment readers took 0 msec
[Test worker] INFO org.apache.solr.update.LoggingInfoStream - [BD][Test worker]: applyDeletes: no segments; skipping
[Test worker] INFO org.apache.solr.update.LoggingInfoStream - [BD][Test worker]: prune sis=segments_7: _0(5.5.1):C9/4:delGen=1 _2(5.5.1):C1 _5(5.5.1):C2 minGen=27 packetCount=0
[Test worker] INFO org.apache.solr.update.LoggingInfoStream - [IW][Test worker]: incRefDeleter for NRT reader version=34 segments=_0(5.5.1):C9/4:delGen=1 _2(5.5.1):C1 _5(5.5.1):C2
[Test worker] INFO org.apache.solr.update.LoggingInfoStream - [IW][Test worker]: return reader version=34 reader=StandardDirectoryReader(segments_7:34:nrt _0(5.5.1):C9/4:delGen=1 _2(5.5.1):C1 _5(5.5.1):C2)
[Test worker] INFO org.apache.solr.update.LoggingInfoStream - [DW][Test worker]: Test worker finishFullFlush success=true
[Test worker] INFO org.apache.solr.update.LoggingInfoStream - [IW][Test worker]: getReader took 0 msec
[Test worker] INFO org.apache.solr.search.SolrIndexSearcher - Opening Searcher@3566b689[core] main
[searcherExecutor-487-thread-1] INFO org.apache.solr.handler.component.SpellCheckComponent - Index is not optimized therefore skipping building spell check index for: default
[Test worker] INFO org.apache.solr.update.DirectUpdateHandler2 - end_commit_flush
[searcherExecutor-487-thread-1] INFO org.apache.solr.core.SolrCore - [core] Registered new searcher Searcher@3566b689[core] main{ExitableDirectoryReader(UninvertingDirectoryReader(Uninverting(_0(5.5.1):C9/4:delGen=1) Uninverting(_2(5.5.1):C1) Uninverting(_5(5.5.1):C2)))}
[searcherExecutor-487-thread-1] INFO org.apache.solr.update.LoggingInfoStream - [IFD][searcherExecutor-487-thread-1]: delete "_4.nvm"
[searcherExecutor-487-thread-1] INFO org.apache.solr.update.LoggingInfoStream - [IFD][searcherExecutor-487-thread-1]: delete "_4.fnm"
[searcherExecutor-487-thread-1] INFO org.apache.solr.update.LoggingInfoStream - [IFD][searcherExecutor-487-thread-1]: delete "_4_Lucene54_0.dvd"
[searcherExecutor-487-thread-1] INFO org.apache.solr.update.LoggingInfoStream - [IFD][searcherExecutor-487-thread-1]: delete "_4_Lucene50_0.tip"
[searcherExecutor-487-thread-1] INFO org.apache.solr.update.LoggingInfoStream - [IFD][searcherExecutor-487-thread-1]: delete "_4_1.liv"
[searcherExecutor-487-thread-1] INFO org.apache.solr.update.LoggingInfoStream - [IFD][searcherExecutor-487-thread-1]: delete "_4.nvd"
[searcherExecutor-487-thread-1] INFO org.apache.solr.update.LoggingInfoStream - [IFD][searcherExecutor-487-thread-1]: delete "_4.fdx"
[searcherExecutor-487-thread-1] INFO org.apache.solr.update.LoggingInfoStream - [IFD][searcherExecutor-487-thread-1]: delete "_4_Lucene54_0.dvm"
[searcherExecutor-487-thread-1] INFO org.apache.solr.update.LoggingInfoStream - [IFD][searcherExecutor-487-thread-1]: delete "_4_Lucene50_0.doc"
[searcherExecutor-487-thread-1] INFO org.apache.solr.update.LoggingInfoStream - [IFD][searcherExecutor-487-thread-1]: delete "_4_Lucene50_0.tim"
[searcherExecutor-487-thread-1] INFO org.apache.solr.update.LoggingInfoStream - [IFD][searcherExecutor-487-thread-1]: delete "_4.fdt"
[searcherExecutor-487-thread-1] INFO org.apache.solr.update.LoggingInfoStream - [IFD][searcherExecutor-487-thread-1]: delete "_4_Lucene50_0.pos"
[searcherExecutor-487-thread-1] INFO org.apache.solr.update.LoggingInfoStream - [IFD][searcherExecutor-487-thread-1]: delete "_4.si"
[searcherExecutor-487-thread-1] INFO org.apache.solr.update.LoggingInfoStream - [IW][searcherExecutor-487-thread-1]: decRefDeleter for NRT reader version=28 segments=_0(5.5.1):C9/4:delGen=1 _2(5.5.1):C1 _4(5.5.1):C3/1:delGen=1
[Test worker] INFO org.apache.solr.update.processor.LogUpdateProcessorFactory - [core]  webapp=null path=/update params={commit=true&softCommit=false&waitSearcher=true}{commit=} 0 63
[Test worker] INFO org.apache.solr.core.SolrCore.Request - [core]  webapp=null path=/select params={q=(*+AND+_type_:asset)+OR+_query_:"{!parent+which%3D_type_:asset}(_type_:marker+AND+(*))"&fl=*,score&qf=dynamic_single_stored_none_color^1.0+dynamic_single_stored_none_title^1.0&defType=edismax&fq=(%2B_type_:asset+%2Bdynamic_single_stored_facet_string_color:"purple")+OR+({!parent+which%3D'_type_:asset'+v%3D'_type_:marker+AND+dynamic_single_stored_facet_string_color:"purple"'})&facet=true&facet.mincount=1&facet.limit=10&json.facet={parent_facet:{type:terms,field:_id_,limit:999999999,mincount:1,sort:{index:asc},domain:{blockParent:"_type_:asset"},facet:{children_facet:{type:query,q:"%2B_type_:marker+%2B(dynamic_single_stored_facet_string_color:purple)+AND+*",domain:{blockChildren:"_type_:asset"}}}}}&start=0&rows=10} hits=1 status=0 QTime=3
[Test worker] INFO org.apache.solr.update.LoggingInfoStream - [DW][Test worker]: anyChanges? numDocsInRam=0 deletes=true hasTickets:false pendingChangesInFullFlush: false
[Test worker] INFO org.apache.solr.update.LoggingInfoStream - [DW][Test worker]: anyChanges? numDocsInRam=0 deletes=true hasTickets:false pendingChangesInFullFlush: false
[Test worker] INFO org.apache.solr.update.LoggingInfoStream - [IW][Test worker]: nrtIsCurrent: infoVersion matches: true; DW changes: true; BD changes: false
[Test worker] INFO org.apache.solr.update.LoggingInfoStream - [IW][Test worker]: flush at getReader
[Test worker] INFO org.apache.solr.update.LoggingInfoStream - [DW][Test worker]: startFullFlush
[Test worker] INFO org.apache.solr.update.LoggingInfoStream - [DW][Test worker]: anyChanges? numDocsInRam=0 deletes=true hasTickets:false pendingChangesInFullFlush: false
[Test worker] INFO org.apache.solr.update.LoggingInfoStream - [DW][Test worker]: Test worker: flush naked frozen global deletes
[Test worker] INFO org.apache.solr.update.LoggingInfoStream - [BD][Test worker]: push deletes  1 deleted queries bytesUsed=80 segmentPrivate?=false delGen=29 packetCount=1 totBytesUsed=80
[Test worker] INFO org.apache.solr.update.LoggingInfoStream - [DW][Test worker]: flush: push buffered updates:  1 deleted queries bytesUsed=80
[Test worker] INFO org.apache.solr.update.LoggingInfoStream - [IW][Test worker]: apply all deletes during flush
[Test worker] INFO org.apache.solr.update.LoggingInfoStream - [IW][Test worker]: now apply all deletes for all segments maxDoc=12
[Test worker] INFO org.apache.solr.update.LoggingInfoStream - [BD][Test worker]: applyDeletes: open segment readers took 0 msec
[Test worker] INFO org.apache.solr.update.LoggingInfoStream - [BD][Test worker]: applyDeletes: infos=[_0(5.5.1):C9/4:delGen=1, _2(5.5.1):C1, _5(5.5.1):C2] packetCount=1
[Test worker] INFO org.apache.solr.update.LoggingInfoStream - [BD][Test worker]: applyDeletes: 8 new deleted documents
[Test worker] INFO org.apache.solr.update.LoggingInfoStream - [BD][Test worker]: applyDeletes took 1 msec for 3 segments, 8 newly deleted docs (query deletes), 0 visited terms, allDeleted=[_0(5.5.1):C9/4:delGen=1, _2(5.5.1):C1, _5(5.5.1):C2]
[Test worker] INFO org.apache.solr.update.LoggingInfoStream - [IFD][Test worker]: now checkpoint "_0(5.5.1):C9/9:delGen=1 _2(5.5.1):C1/1 _5(5.5.1):C2/2" [3 segments ; isCommit = false]
[Test worker] INFO org.apache.solr.update.LoggingInfoStream - [IFD][Test worker]: 0 msec to checkpoint
[Test worker] INFO org.apache.solr.update.LoggingInfoStream - [IW][Test worker]: drop 100% deleted segments: _0(5.5.1):C9/9:delGen=1 _2(5.5.1):C1/1 _5(5.5.1):C2/2
[Test worker] INFO org.apache.solr.update.LoggingInfoStream - [IFD][Test worker]: now checkpoint "" [0 segments ; isCommit = false]
[Test worker] INFO org.apache.solr.update.LoggingInfoStream - [IFD][Test worker]: 0 msec to checkpoint
[Test worker] INFO org.apache.solr.update.LoggingInfoStream - [BD][Test worker]: prune sis=segments_7:  minGen=9223372036854775807 packetCount=1
[Test worker] INFO org.apache.solr.update.LoggingInfoStream - [BD][Test worker]: pruneDeletes: prune 1 packets; 0 packets remain
[Test worker] INFO org.apache.solr.update.LoggingInfoStream - [IW][Test worker]: incRefDeleter for NRT reader version=36 segments=
[Test worker] INFO org.apache.solr.update.LoggingInfoStream - [IW][Test worker]: return reader version=36 reader=StandardDirectoryReader(segments_7:36:nrt)
[Test worker] INFO org.apache.solr.update.LoggingInfoStream - [DW][Test worker]: Test worker finishFullFlush success=true
[Test worker] INFO org.apache.solr.update.LoggingInfoStream - [TMP][Test worker]: findMerges: 0 segments
[Test worker] INFO org.apache.solr.update.LoggingInfoStream - [MS][Test worker]: now merge
[Test worker] INFO org.apache.solr.update.LoggingInfoStream - [MS][Test worker]:   index: 
[Test worker] INFO org.apache.solr.update.LoggingInfoStream - [MS][Test worker]:   no more merges pending; now return
[Test worker] INFO org.apache.solr.update.LoggingInfoStream - [IW][Test worker]: getReader took 2 msec
[Test worker] INFO org.apache.solr.search.SolrIndexSearcher - Opening Searcher@7177cd8e[core] realtime
[Test worker] INFO org.apache.solr.update.processor.LogUpdateProcessorFactory - [core]  webapp=null path=/update params={}{deleteByQuery=*:* (-1576087841064091648)} 0 3
[Test worker] INFO org.apache.solr.update.DirectUpdateHandler2 - start commit{,optimize=false,openSearcher=true,waitSearcher=true,expungeDeletes=false,softCommit=false,prepareCommit=false}
[Test worker] INFO org.apache.solr.update.LoggingInfoStream - [IW][Test worker]: commit: start
[Test worker] INFO org.apache.solr.update.LoggingInfoStream - [IW][Test worker]: commit: enter lock
[Test worker] INFO org.apache.solr.update.LoggingInfoStream - [IW][Test worker]: commit: now prepare
[Test worker] INFO org.apache.solr.update.LoggingInfoStream - [IW][Test worker]: prepareCommit: flush
[Test worker] INFO org.apache.solr.update.LoggingInfoStream - [IW][Test worker]:   index before flush 
[Test worker] INFO org.apache.solr.update.LoggingInfoStream - [DW][Test worker]: startFullFlush
[Test worker] INFO org.apache.solr.update.LoggingInfoStream - [IW][Test worker]: apply all deletes during flush
[Test worker] INFO org.apache.solr.update.LoggingInfoStream - [IW][Test worker]: now apply all deletes for all segments maxDoc=0
[Test worker] INFO org.apache.solr.update.LoggingInfoStream - [BD][Test worker]: prune sis=segments_7:  minGen=9223372036854775807 packetCount=0
[Test worker] INFO org.apache.solr.update.LoggingInfoStream - [DW][Test worker]: Test worker finishFullFlush success=true
[Test worker] INFO org.apache.solr.update.LoggingInfoStream - [IW][Test worker]: startCommit(): start
[Test worker] INFO org.apache.solr.update.LoggingInfoStream - [IW][Test worker]: startCommit index= changeCount=39
[Test worker] INFO org.apache.solr.update.LoggingInfoStream - [IW][Test worker]: startCommit: wrote pending segments file "pending_segments_8"
[Test worker] INFO org.apache.solr.update.LoggingInfoStream - [IW][Test worker]: done all syncs: []
[Test worker] INFO org.apache.solr.update.LoggingInfoStream - [IW][Test worker]: commit: pendingCommit != null
[Test worker] INFO org.apache.solr.update.LoggingInfoStream - [IW][Test worker]: commit: done writing segments file "segments_8"
[Test worker] INFO org.apache.solr.update.LoggingInfoStream - [IFD][Test worker]: now checkpoint "" [0 segments ; isCommit = true]
[Test worker] INFO org.apache.solr.core.SolrDeletionPolicy - SolrDeletionPolicy.onCommit: commits: num=2
	commit{dir=NRTCachingDirectory(MMapDirectory@/tmp/solr-home4347620048488640618/core/data/index lockFactory=org.apache.lucene.store.NativeFSLockFactory@2c3d74f6; maxCacheMB=48.0 maxMergeSizeMB=4.0),segFN=segments_7,generation=7}
	commit{dir=NRTCachingDirectory(MMapDirectory@/tmp/solr-home4347620048488640618/core/data/index lockFactory=org.apache.lucene.store.NativeFSLockFactory@2c3d74f6; maxCacheMB=48.0 maxMergeSizeMB=4.0),segFN=segments_8,generation=8}
[Test worker] INFO org.apache.solr.core.SolrDeletionPolicy - newest commit generation = 8
[Test worker] INFO org.apache.solr.update.LoggingInfoStream - [IFD][Test worker]: deleteCommits: now decRef commit "segments_7"
[Test worker] INFO org.apache.solr.update.LoggingInfoStream - [IFD][Test worker]: delete "segments_7"
[Test worker] INFO org.apache.solr.update.LoggingInfoStream - [IFD][Test worker]: 0 msec to checkpoint
[Test worker] INFO org.apache.solr.update.LoggingInfoStream - [IW][Test worker]: commit: took 9.8 msec
[Test worker] INFO org.apache.solr.update.LoggingInfoStream - [IW][Test worker]: commit: done
[Test worker] INFO org.apache.solr.update.LoggingInfoStream - [IW][Test worker]: nrtIsCurrent: infoVersion matches: false; DW changes: false; BD changes: false
[Test worker] INFO org.apache.solr.update.LoggingInfoStream - [IW][Test worker]: flush at getReader
[Test worker] INFO org.apache.solr.update.LoggingInfoStream - [DW][Test worker]: startFullFlush
[Test worker] INFO org.apache.solr.update.LoggingInfoStream - [IW][Test worker]: apply all deletes during flush
[Test worker] INFO org.apache.solr.update.LoggingInfoStream - [IW][Test worker]: now apply all deletes for all segments maxDoc=0
[Test worker] INFO org.apache.solr.update.LoggingInfoStream - [BD][Test worker]: prune sis=segments_8:  minGen=9223372036854775807 packetCount=0
[Test worker] INFO org.apache.solr.update.LoggingInfoStream - [IW][Test worker]: incRefDeleter for NRT reader version=38 segments=
[Test worker] INFO org.apache.solr.update.LoggingInfoStream - [IW][Test worker]: return reader version=38 reader=StandardDirectoryReader(segments_8:38:nrt)
[Test worker] INFO org.apache.solr.update.LoggingInfoStream - [DW][Test worker]: Test worker finishFullFlush success=true
[Test worker] INFO org.apache.solr.update.LoggingInfoStream - [IW][Test worker]: getReader took 0 msec
[Test worker] INFO org.apache.solr.search.SolrIndexSearcher - Opening Searcher@624fe212[core] main
[Test worker] INFO org.apache.solr.update.LoggingInfoStream - [IW][Test worker]: decRefDeleter for NRT reader version=36 segments=
[Test worker] INFO org.apache.solr.update.DirectUpdateHandler2 - end_commit_flush
[searcherExecutor-487-thread-1] INFO org.apache.solr.handler.component.SpellCheckComponent - Index is not optimized therefore skipping building spell check index for: default
[searcherExecutor-487-thread-1] INFO org.apache.solr.core.SolrCore - [core] Registered new searcher Searcher@624fe212[core] main{ExitableDirectoryReader(UninvertingDirectoryReader())}
[searcherExecutor-487-thread-1] INFO org.apache.solr.update.LoggingInfoStream - [IFD][searcherExecutor-487-thread-1]: delete "_0_Lucene50_0.doc"
[searcherExecutor-487-thread-1] INFO org.apache.solr.update.LoggingInfoStream - [IFD][searcherExecutor-487-thread-1]: delete "_5_Lucene54_0.dvd"
[searcherExecutor-487-thread-1] INFO org.apache.solr.update.LoggingInfoStream - [IFD][searcherExecutor-487-thread-1]: delete "_0.nvd"
[searcherExecutor-487-thread-1] INFO org.apache.solr.update.LoggingInfoStream - [IFD][searcherExecutor-487-thread-1]: delete "_2.fdt"
[searcherExecutor-487-thread-1] INFO org.apache.solr.update.LoggingInfoStream - [IFD][searcherExecutor-487-thread-1]: delete "_2_Lucene50_0.pos"
[searcherExecutor-487-thread-1] INFO org.apache.solr.update.LoggingInfoStream - [IFD][searcherExecutor-487-thread-1]: delete "_2.fdx"
[searcherExecutor-487-thread-1] INFO org.apache.solr.update.LoggingInfoStream - [IFD][searcherExecutor-487-thread-1]: delete "_2_Lucene50_0.tim"
[searcherExecutor-487-thread-1] INFO org.apache.solr.update.LoggingInfoStream - [IFD][searcherExecutor-487-thread-1]: delete "_2_Lucene50_0.tip"
[searcherExecutor-487-thread-1] INFO org.apache.solr.update.LoggingInfoStream - [IFD][searcherExecutor-487-thread-1]: delete "_2.nvd"
[searcherExecutor-487-thread-1] INFO org.apache.solr.update.LoggingInfoStream - [IFD][searcherExecutor-487-thread-1]: delete "_2.nvm"
[searcherExecutor-487-thread-1] INFO org.apache.solr.update.LoggingInfoStream - [IFD][searcherExecutor-487-thread-1]: delete "_2.fnm"
[searcherExecutor-487-thread-1] INFO org.apache.solr.update.LoggingInfoStream - [IFD][searcherExecutor-487-thread-1]: delete "_5_Lucene50_0.tip"
[searcherExecutor-487-thread-1] INFO org.apache.solr.update.LoggingInfoStream - [IFD][searcherExecutor-487-thread-1]: delete "_5.si"
[searcherExecutor-487-thread-1] INFO org.apache.solr.update.LoggingInfoStream - [IFD][searcherExecutor-487-thread-1]: delete "_5_Lucene50_0.tim"
[searcherExecutor-487-thread-1] INFO org.apache.solr.update.LoggingInfoStream - [IFD][searcherExecutor-487-thread-1]: delete "_5.fdx"
[searcherExecutor-487-thread-1] INFO org.apache.solr.update.LoggingInfoStream - [IFD][searcherExecutor-487-thread-1]: delete "_2_Lucene54_0.dvd"
[searcherExecutor-487-thread-1] INFO org.apache.solr.update.LoggingInfoStream - [IFD][searcherExecutor-487-thread-1]: delete "_0.si"
[searcherExecutor-487-thread-1] INFO org.apache.solr.update.LoggingInfoStream - [IFD][searcherExecutor-487-thread-1]: delete "_5_Lucene50_0.pos"
[searcherExecutor-487-thread-1] INFO org.apache.solr.update.LoggingInfoStream - [IFD][searcherExecutor-487-thread-1]: delete "_0_Lucene50_0.tim"
[searcherExecutor-487-thread-1] INFO org.apache.solr.update.LoggingInfoStream - [IFD][searcherExecutor-487-thread-1]: delete "_2.si"
[searcherExecutor-487-thread-1] INFO org.apache.solr.update.LoggingInfoStream - [IFD][searcherExecutor-487-thread-1]: delete "_5.fdt"
[searcherExecutor-487-thread-1] INFO org.apache.solr.update.LoggingInfoStream - [IFD][searcherExecutor-487-thread-1]: delete "_0_Lucene50_0.pos"
[searcherExecutor-487-thread-1] INFO org.apache.solr.update.LoggingInfoStream - [IFD][searcherExecutor-487-thread-1]: delete "_2_Lucene54_0.dvm"
[searcherExecutor-487-thread-1] INFO org.apache.solr.update.LoggingInfoStream - [IFD][searcherExecutor-487-thread-1]: delete "_0.fdx"
[searcherExecutor-487-thread-1] INFO org.apache.solr.update.LoggingInfoStream - [IFD][searcherExecutor-487-thread-1]: delete "_0_Lucene50_0.tip"
[searcherExecutor-487-thread-1] INFO org.apache.solr.update.LoggingInfoStream - [IFD][searcherExecutor-487-thread-1]: delete "_2_Lucene50_0.doc"
[searcherExecutor-487-thread-1] INFO org.apache.solr.update.LoggingInfoStream - [IFD][searcherExecutor-487-thread-1]: delete "_0.fdt"
[searcherExecutor-487-thread-1] INFO org.apache.solr.update.LoggingInfoStream - [IFD][searcherExecutor-487-thread-1]: delete "_0_1.liv"
[searcherExecutor-487-thread-1] INFO org.apache.solr.update.LoggingInfoStream - [IFD][searcherExecutor-487-thread-1]: delete "_5.nvm"
[searcherExecutor-487-thread-1] INFO org.apache.solr.update.LoggingInfoStream - [IFD][searcherExecutor-487-thread-1]: delete "_5_Lucene54_0.dvm"
[searcherExecutor-487-thread-1] INFO org.apache.solr.update.LoggingInfoStream - [IFD][searcherExecutor-487-thread-1]: delete "_5.fnm"
[searcherExecutor-487-thread-1] INFO org.apache.solr.update.LoggingInfoStream - [IFD][searcherExecutor-487-thread-1]: delete "_0_Lucene54_0.dvm"
[searcherExecutor-487-thread-1] INFO org.apache.solr.update.LoggingInfoStream - [IFD][searcherExecutor-487-thread-1]: delete "_5.nvd"
[searcherExecutor-487-thread-1] INFO org.apache.solr.update.LoggingInfoStream - [IFD][searcherExecutor-487-thread-1]: delete "_0_Lucene54_0.dvd"
[searcherExecutor-487-thread-1] INFO org.apache.solr.update.LoggingInfoStream - [IFD][searcherExecutor-487-thread-1]: delete "_5_Lucene50_0.doc"
[searcherExecutor-487-thread-1] INFO org.apache.solr.update.LoggingInfoStream - [IFD][searcherExecutor-487-thread-1]: delete "_0.nvm"
[searcherExecutor-487-thread-1] INFO org.apache.solr.update.LoggingInfoStream - [IFD][searcherExecutor-487-thread-1]: delete "_0.fnm"
[searcherExecutor-487-thread-1] INFO org.apache.solr.update.LoggingInfoStream - [IW][searcherExecutor-487-thread-1]: decRefDeleter for NRT reader version=34 segments=_0(5.5.1):C9/4:delGen=1 _2(5.5.1):C1 _5(5.5.1):C2
[Test worker] INFO org.apache.solr.update.processor.LogUpdateProcessorFactory - [core]  webapp=null path=/update params={commit=true&softCommit=false&waitSearcher=true}{commit=} 0 11
[Test worker] INFO org.apache.solr.core.CoreContainer - Shutting down CoreContainer instance=529897126
[coreCloseExecutor-492-thread-1] INFO org.apache.solr.core.SolrCore - [core]  CLOSING SolrCore org.apache.solr.core.SolrCore@61bea37c
[coreCloseExecutor-492-thread-1] INFO org.apache.solr.update.DirectUpdateHandler2 - closing DirectUpdateHandler2{commits=8,autocommit maxTime=15000ms,autocommits=0,soft autocommits=0,optimizes=0,rollbacks=0,expungeDeletes=0,docsPending=0,adds=0,deletesById=0,deletesByQuery=0,errors=0,cumulative_adds=10,cumulative_deletesById=0,cumulative_deletesByQuery=3,cumulative_errors=0,transaction_logs_total_size=5272,transaction_logs_total_number=8}
[coreCloseExecutor-492-thread-1] INFO org.apache.solr.update.SolrCoreState - Closing SolrCoreState
[coreCloseExecutor-492-thread-1] INFO org.apache.solr.update.DefaultSolrCoreState - SolrCoreState ref count has reached 0 - closing IndexWriter
[coreCloseExecutor-492-thread-1] INFO org.apache.solr.update.DefaultSolrCoreState - closing IndexWriter with IndexWriterCloser
[coreCloseExecutor-492-thread-1] INFO org.apache.solr.update.LoggingInfoStream - [IW][coreCloseExecutor-492-thread-1]: now flush at close
[coreCloseExecutor-492-thread-1] INFO org.apache.solr.update.LoggingInfoStream - [IW][coreCloseExecutor-492-thread-1]:   start flush: applyAllDeletes=true
[coreCloseExecutor-492-thread-1] INFO org.apache.solr.update.LoggingInfoStream - [IW][coreCloseExecutor-492-thread-1]:   index before flush 
[coreCloseExecutor-492-thread-1] INFO org.apache.solr.update.LoggingInfoStream - [DW][coreCloseExecutor-492-thread-1]: startFullFlush
[coreCloseExecutor-492-thread-1] INFO org.apache.solr.update.LoggingInfoStream - [DW][coreCloseExecutor-492-thread-1]: coreCloseExecutor-492-thread-1 finishFullFlush success=true
[coreCloseExecutor-492-thread-1] INFO org.apache.solr.update.LoggingInfoStream - [IW][coreCloseExecutor-492-thread-1]: apply all deletes during flush
[coreCloseExecutor-492-thread-1] INFO org.apache.solr.update.LoggingInfoStream - [IW][coreCloseExecutor-492-thread-1]: now apply all deletes for all segments maxDoc=0
[coreCloseExecutor-492-thread-1] INFO org.apache.solr.update.LoggingInfoStream - [BD][coreCloseExecutor-492-thread-1]: prune sis=segments_8:  minGen=9223372036854775807 packetCount=0
[coreCloseExecutor-492-thread-1] INFO org.apache.solr.update.LoggingInfoStream - [MS][coreCloseExecutor-492-thread-1]: updateMergeThreads ioThrottle=true targetMBPerSec=10240.0 MB/sec
[coreCloseExecutor-492-thread-1] INFO org.apache.solr.update.LoggingInfoStream - [MS][coreCloseExecutor-492-thread-1]: now merge
[coreCloseExecutor-492-thread-1] INFO org.apache.solr.update.LoggingInfoStream - [MS][coreCloseExecutor-492-thread-1]:   index: 
[coreCloseExecutor-492-thread-1] INFO org.apache.solr.update.LoggingInfoStream - [MS][coreCloseExecutor-492-thread-1]:   no more merges pending; now return
[coreCloseExecutor-492-thread-1] INFO org.apache.solr.update.LoggingInfoStream - [IW][coreCloseExecutor-492-thread-1]: waitForMerges
[coreCloseExecutor-492-thread-1] INFO org.apache.solr.update.LoggingInfoStream - [IW][coreCloseExecutor-492-thread-1]: waitForMerges done
[coreCloseExecutor-492-thread-1] INFO org.apache.solr.update.LoggingInfoStream - [IW][coreCloseExecutor-492-thread-1]: commit: start
[coreCloseExecutor-492-thread-1] INFO org.apache.solr.update.LoggingInfoStream - [IW][coreCloseExecutor-492-thread-1]: commit: enter lock
[coreCloseExecutor-492-thread-1] INFO org.apache.solr.update.LoggingInfoStream - [IW][coreCloseExecutor-492-thread-1]: commit: now prepare
[coreCloseExecutor-492-thread-1] INFO org.apache.solr.update.LoggingInfoStream - [IW][coreCloseExecutor-492-thread-1]: prepareCommit: flush
[coreCloseExecutor-492-thread-1] INFO org.apache.solr.update.LoggingInfoStream - [IW][coreCloseExecutor-492-thread-1]:   index before flush 
[coreCloseExecutor-492-thread-1] INFO org.apache.solr.update.LoggingInfoStream - [DW][coreCloseExecutor-492-thread-1]: startFullFlush
[coreCloseExecutor-492-thread-1] INFO org.apache.solr.update.LoggingInfoStream - [IW][coreCloseExecutor-492-thread-1]: apply all deletes during flush
[coreCloseExecutor-492-thread-1] INFO org.apache.solr.update.LoggingInfoStream - [IW][coreCloseExecutor-492-thread-1]: now apply all deletes for all segments maxDoc=0
[coreCloseExecutor-492-thread-1] INFO org.apache.solr.update.LoggingInfoStream - [BD][coreCloseExecutor-492-thread-1]: prune sis=segments_8:  minGen=9223372036854775807 packetCount=0
[coreCloseExecutor-492-thread-1] INFO org.apache.solr.update.LoggingInfoStream - [DW][coreCloseExecutor-492-thread-1]: coreCloseExecutor-492-thread-1 finishFullFlush success=true
[coreCloseExecutor-492-thread-1] INFO org.apache.solr.update.LoggingInfoStream - [IW][coreCloseExecutor-492-thread-1]: startCommit(): start
[coreCloseExecutor-492-thread-1] INFO org.apache.solr.update.LoggingInfoStream - [IW][coreCloseExecutor-492-thread-1]:   skip startCommit(): no changes pending
[coreCloseExecutor-492-thread-1] INFO org.apache.solr.update.LoggingInfoStream - [IW][coreCloseExecutor-492-thread-1]: commit: pendingCommit == null; skip
[coreCloseExecutor-492-thread-1] INFO org.apache.solr.update.LoggingInfoStream - [IW][coreCloseExecutor-492-thread-1]: commit: took 0.1 msec
[coreCloseExecutor-492-thread-1] INFO org.apache.solr.update.LoggingInfoStream - [IW][coreCloseExecutor-492-thread-1]: commit: done
[coreCloseExecutor-492-thread-1] INFO org.apache.solr.update.LoggingInfoStream - [IW][coreCloseExecutor-492-thread-1]: rollback
[coreCloseExecutor-492-thread-1] INFO org.apache.solr.update.LoggingInfoStream - [IW][coreCloseExecutor-492-thread-1]: all running merges have aborted
[coreCloseExecutor-492-thread-1] INFO org.apache.solr.update.LoggingInfoStream - [IW][coreCloseExecutor-492-thread-1]: rollback: done finish merges
[coreCloseExecutor-492-thread-1] INFO org.apache.solr.update.LoggingInfoStream - [DW][coreCloseExecutor-492-thread-1]: abort
[coreCloseExecutor-492-thread-1] INFO org.apache.solr.update.LoggingInfoStream - [DW][coreCloseExecutor-492-thread-1]: done abort success=true
[coreCloseExecutor-492-thread-1] INFO org.apache.solr.update.LoggingInfoStream - [IW][coreCloseExecutor-492-thread-1]: rollback: infos=
[coreCloseExecutor-492-thread-1] INFO org.apache.solr.update.LoggingInfoStream - [IFD][coreCloseExecutor-492-thread-1]: now checkpoint "" [0 segments ; isCommit = false]
[coreCloseExecutor-492-thread-1] INFO org.apache.solr.update.LoggingInfoStream - [IFD][coreCloseExecutor-492-thread-1]: 0 msec to checkpoint
[coreCloseExecutor-492-thread-1] INFO org.apache.solr.core.SolrCore - [core] Closing main searcher on request.
[coreCloseExecutor-492-thread-1] INFO org.apache.solr.core.CachingDirectoryFactory - Closing NRTCachingDirectoryFactory - 2 directories currently being tracked
[coreCloseExecutor-492-thread-1] INFO org.apache.solr.core.CachingDirectoryFactory - looking to close /tmp/solr-home4347620048488640618/core/data/index [CachedDir<<refCount=0;path=/tmp/solr-home4347620048488640618/core/data/index;done=false>>]
[coreCloseExecutor-492-thread-1] INFO org.apache.solr.core.CachingDirectoryFactory - Closing directory: /tmp/solr-home4347620048488640618/core/data/index
[coreCloseExecutor-492-thread-1] INFO org.apache.solr.core.CachingDirectoryFactory - looking to close /tmp/solr-home4347620048488640618/core/data [CachedDir<<refCount=0;path=/tmp/solr-home4347620048488640618/core/data;done=false>>]
[coreCloseExecutor-492-thread-1] INFO org.apache.solr.core.CachingDirectoryFactory - Closing directory: /tmp/solr-home4347620048488640618/core/data
[Test worker] INFO com.rbmhtechnology.vind.solr.SolrSearchServer - No server provider of type class com.rbmhtechnology.vind.solr.EmbeddedSolrServerProvider found in classpath for server com.rbmhtechnology.vind.solr.SolrSearchServer
[Test worker] INFO com.rbmhtechnology.vind.solr.SolrSearchServer - No server provider of type class com.rbmhtechnology.vind.solr.EmbeddedSolrServerProvider found in classpath for server com.rbmhtechnology.vind.solr.SolrSearchServer
[Test worker] INFO org.apache.solr.core.SolrResourceLoader - new SolrResourceLoader for directory: '/tmp/solr-home6296738268636744673'
[Test worker] INFO org.apache.solr.core.SolrResourceLoader - JNDI not configured for solr (NoInitialContextEx)
[Test worker] INFO org.apache.solr.core.SolrResourceLoader - solr home defaulted to 'solr/' (could not find system property or JNDI)
[Test worker] INFO org.apache.solr.core.SolrXmlConfig - Loading container configuration from /tmp/solr-home6296738268636744673/solr.xml
[Test worker] INFO org.apache.solr.core.CorePropertiesLocator - Config-defined core root directory: /tmp/solr-home6296738268636744673
[Test worker] INFO org.apache.solr.core.CoreContainer - New CoreContainer 1898946049
[Test worker] INFO org.apache.solr.core.CoreContainer - Loading cores into CoreContainer [instanceDir=/tmp/solr-home6296738268636744673]
[Test worker] WARN org.apache.solr.core.CoreContainer - Couldn't add files from /tmp/solr-home6296738268636744673/lib to classpath: /tmp/solr-home6296738268636744673/lib
[Test worker] INFO org.apache.solr.handler.component.HttpShardHandlerFactory - created with socketTimeout : 120000,connTimeout : 15000,maxConnectionsPerHost : 20,maxConnections : 10000,corePoolSize : 0,maximumPoolSize : 2147483647,maxThreadIdleTime : 5,sizeOfQueue : -1,fairnessPolicy : false,useRetries : false,
[Test worker] INFO org.apache.solr.update.UpdateShardHandler - Creating UpdateShardHandler HTTP client with params: socketTimeout=600000&connTimeout=60000&retry=true
[Test worker] INFO org.apache.solr.logging.LogWatcher - SLF4J impl is org.slf4j.impl.SimpleLoggerFactory
[Test worker] INFO org.apache.solr.logging.LogWatcher - No LogWatcher configured
[Test worker] INFO org.apache.solr.core.CoreContainer - Security conf doesn't exist. Skipping setup for authorization module.
[Test worker] INFO org.apache.solr.core.CoreContainer - No authentication plugin used.
[Test worker] INFO org.apache.solr.core.CorePropertiesLocator - Looking for core definitions underneath /tmp/solr-home6296738268636744673
[Test worker] INFO org.apache.solr.core.CoreDescriptor - Created CoreDescriptor: {runtimeLib=false, name=core, config=solrconfig.xml, loadOnStartup=true, schema=schema.xml, configSetProperties=configsetprops.json, transient=false, dataDir=data/}
[Test worker] INFO org.apache.solr.core.CorePropertiesLocator - Found core core in /tmp/solr-home6296738268636744673/core
[Test worker] INFO org.apache.solr.core.CorePropertiesLocator - Found 1 core definitions
[coreLoadExecutor-499-thread-1] INFO org.apache.solr.core.SolrResourceLoader - new SolrResourceLoader for directory: '/tmp/solr-home6296738268636744673/core'
[coreLoadExecutor-499-thread-1] INFO org.apache.solr.core.SolrResourceLoader - JNDI not configured for solr (NoInitialContextEx)
[coreLoadExecutor-499-thread-1] INFO org.apache.solr.core.SolrResourceLoader - solr home defaulted to 'solr/' (could not find system property or JNDI)
[coreLoadExecutor-499-thread-1] INFO org.apache.solr.core.SolrResourceLoader - Adding 'file:/tmp/solr-home6296738268636744673/core/lib/marker-search-handler-0.3.0.jar' to classloader
[coreLoadExecutor-499-thread-1] INFO org.apache.solr.core.SolrResourceLoader - Adding 'file:/tmp/solr-home6296738268636744673/core/lib/suggestion-request-handler-2.1.0.jar' to classloader
[coreLoadExecutor-499-thread-1] INFO org.apache.solr.core.SolrConfig - current version of requestparams : -1
[coreLoadExecutor-499-thread-1] INFO org.apache.solr.update.SolrIndexConfig - IndexWriter infoStream solr logging is enabled
[coreLoadExecutor-499-thread-1] INFO org.apache.solr.core.SolrConfig - Using Lucene MatchVersion: 5.5.0
[coreLoadExecutor-499-thread-1] INFO org.apache.solr.core.SolrConfig - Loaded SolrConfig: solrconfig.xml
[coreLoadExecutor-499-thread-1] INFO org.apache.solr.schema.ManagedIndexSchemaFactory - The schema is configured as managed, but managed schema resource managed-schema not found - loading non-managed schema schema.xml instead
[coreLoadExecutor-499-thread-1] INFO org.apache.solr.schema.IndexSchema - [core] Schema name=basic search lib core
[coreLoadExecutor-499-thread-1] INFO org.apache.solr.schema.IndexSchema - unique key field: _id_
[coreLoadExecutor-499-thread-1] INFO org.apache.solr.schema.ManagedIndexSchema - Upgraded to managed schema at /tmp/solr-home6296738268636744673/core/conf/managed-schema
[coreLoadExecutor-499-thread-1] INFO org.apache.solr.schema.ManagedIndexSchemaFactory - After upgrading to managed schema, renamed the non-managed schema /tmp/solr-home6296738268636744673/core/conf/schema.xml to /tmp/solr-home6296738268636744673/core/conf/schema.xml.bak
[coreLoadExecutor-499-thread-1] INFO org.apache.solr.core.ConfigSetProperties - Did not find ConfigSet properties, assuming default properties: Can't find resource 'configsetprops.json' in classpath or '/tmp/solr-home6296738268636744673/core'
[coreLoadExecutor-499-thread-1] INFO org.apache.solr.core.CoreContainer - Creating SolrCore 'core' using configuration from instancedir /tmp/solr-home6296738268636744673/core
[coreLoadExecutor-499-thread-1] INFO org.apache.solr.core.SolrCore - solr.NRTCachingDirectoryFactory
[coreLoadExecutor-499-thread-1] INFO org.apache.solr.core.SolrCore - [[core] ] Opening new SolrCore at [/tmp/solr-home6296738268636744673/core], dataDir=[/tmp/solr-home6296738268636744673/core/data/]
[coreLoadExecutor-499-thread-1] INFO org.apache.solr.core.JmxMonitoredMap - No JMX servers found, not exposing Solr information with JMX.
[coreLoadExecutor-499-thread-1] INFO org.apache.solr.core.SchemaCodecFactory - Using default compressionMode: BEST_SPEED
[coreLoadExecutor-499-thread-1] INFO org.apache.solr.core.CachingDirectoryFactory - return new directory for /tmp/solr-home6296738268636744673/core/data
[coreLoadExecutor-499-thread-1] INFO org.apache.solr.core.SolrCore - New index directory detected: old=null new=/tmp/solr-home6296738268636744673/core/data/index/
[coreLoadExecutor-499-thread-1] WARN org.apache.solr.core.SolrCore - [core] Solr index directory '/tmp/solr-home6296738268636744673/core/data/index' doesn't exist. Creating new index...
[coreLoadExecutor-499-thread-1] INFO org.apache.solr.core.CachingDirectoryFactory - return new directory for /tmp/solr-home6296738268636744673/core/data/index
[coreLoadExecutor-499-thread-1] INFO org.apache.solr.update.LoggingInfoStream - [IFD][coreLoadExecutor-499-thread-1]: init: current segments file is "segments"; deletionPolicy=org.apache.solr.core.IndexDeletionPolicyWrapper@3c821bfe
[coreLoadExecutor-499-thread-1] INFO org.apache.solr.update.LoggingInfoStream - [IFD][coreLoadExecutor-499-thread-1]: now checkpoint "" [0 segments ; isCommit = false]
[coreLoadExecutor-499-thread-1] INFO org.apache.solr.update.LoggingInfoStream - [IFD][coreLoadExecutor-499-thread-1]: 0 msec to checkpoint
[coreLoadExecutor-499-thread-1] INFO org.apache.solr.update.LoggingInfoStream - [IW][coreLoadExecutor-499-thread-1]: init: create=true
[coreLoadExecutor-499-thread-1] INFO org.apache.solr.update.LoggingInfoStream - [IW][coreLoadExecutor-499-thread-1]: 
dir=NRTCachingDirectory(MMapDirectory@/tmp/solr-home6296738268636744673/core/data/index lockFactory=org.apache.lucene.store.NativeFSLockFactory@2c3d74f6; maxCacheMB=48.0 maxMergeSizeMB=4.0)
index=
version=5.5.1
analyzer=org.apache.solr.update.SolrIndexConfig$DelayedSchemaAnalyzer
ramBufferSizeMB=100.0
maxBufferedDocs=-1
maxBufferedDeleteTerms=-1
mergedSegmentWarmer=null
delPolicy=org.apache.solr.core.IndexDeletionPolicyWrapper
commit=null
openMode=CREATE
similarity=org.apache.lucene.search.similarities.ClassicSimilarity
mergeScheduler=ConcurrentMergeScheduler: maxThreadCount=-1, maxMergeCount=-1, ioThrottle=true
default WRITE_LOCK_TIMEOUT=0
writeLockTimeout=0
codec=Lucene54
infoStream=org.apache.solr.update.LoggingInfoStream
mergePolicy=[TieredMergePolicy: maxMergeAtOnce=10, maxMergeAtOnceExplicit=30, maxMergedSegmentMB=5120.0, floorSegmentMB=2.0, forceMergeDeletesPctAllowed=10.0, segmentsPerTier=10.0, maxCFSSegmentSizeMB=8.796093022207999E12, noCFSRatio=0.1
indexerThreadPool=org.apache.lucene.index.DocumentsWriterPerThreadPool@30a77ddb
readerPooling=false
perThreadHardLimitMB=1945
useCompoundFile=false
commitOnClose=true
writer=org.apache.solr.update.SolrIndexWriter@4574a32b

[coreLoadExecutor-499-thread-1] INFO org.apache.solr.update.LoggingInfoStream - [IW][coreLoadExecutor-499-thread-1]: MMapDirectory.UNMAP_SUPPORTED=true
[coreLoadExecutor-499-thread-1] INFO org.apache.solr.update.LoggingInfoStream - [IW][coreLoadExecutor-499-thread-1]: now flush at close
[coreLoadExecutor-499-thread-1] INFO org.apache.solr.update.LoggingInfoStream - [IW][coreLoadExecutor-499-thread-1]:   start flush: applyAllDeletes=true
[coreLoadExecutor-499-thread-1] INFO org.apache.solr.update.LoggingInfoStream - [IW][coreLoadExecutor-499-thread-1]:   index before flush 
[coreLoadExecutor-499-thread-1] INFO org.apache.solr.update.LoggingInfoStream - [DW][coreLoadExecutor-499-thread-1]: startFullFlush
[coreLoadExecutor-499-thread-1] INFO org.apache.solr.update.LoggingInfoStream - [DW][coreLoadExecutor-499-thread-1]: coreLoadExecutor-499-thread-1 finishFullFlush success=true
[coreLoadExecutor-499-thread-1] INFO org.apache.solr.update.LoggingInfoStream - [IW][coreLoadExecutor-499-thread-1]: apply all deletes during flush
[coreLoadExecutor-499-thread-1] INFO org.apache.solr.update.LoggingInfoStream - [IW][coreLoadExecutor-499-thread-1]: now apply all deletes for all segments maxDoc=0
[coreLoadExecutor-499-thread-1] INFO org.apache.solr.update.LoggingInfoStream - [BD][coreLoadExecutor-499-thread-1]: prune sis=segments:  minGen=9223372036854775807 packetCount=0
[coreLoadExecutor-499-thread-1] INFO org.apache.solr.update.LoggingInfoStream - [MS][coreLoadExecutor-499-thread-1]: initDynamicDefaults spins=false maxThreadCount=2 maxMergeCount=7
[coreLoadExecutor-499-thread-1] INFO org.apache.solr.update.LoggingInfoStream - [MS][coreLoadExecutor-499-thread-1]: updateMergeThreads ioThrottle=true targetMBPerSec=10240.0 MB/sec
[coreLoadExecutor-499-thread-1] INFO org.apache.solr.update.LoggingInfoStream - [MS][coreLoadExecutor-499-thread-1]: now merge
[coreLoadExecutor-499-thread-1] INFO org.apache.solr.update.LoggingInfoStream - [MS][coreLoadExecutor-499-thread-1]:   index: 
[coreLoadExecutor-499-thread-1] INFO org.apache.solr.update.LoggingInfoStream - [MS][coreLoadExecutor-499-thread-1]:   no more merges pending; now return
[coreLoadExecutor-499-thread-1] INFO org.apache.solr.update.LoggingInfoStream - [IW][coreLoadExecutor-499-thread-1]: waitForMerges
[coreLoadExecutor-499-thread-1] INFO org.apache.solr.update.LoggingInfoStream - [IW][coreLoadExecutor-499-thread-1]: waitForMerges done
[coreLoadExecutor-499-thread-1] INFO org.apache.solr.update.LoggingInfoStream - [IW][coreLoadExecutor-499-thread-1]: commit: start
[coreLoadExecutor-499-thread-1] INFO org.apache.solr.update.LoggingInfoStream - [IW][coreLoadExecutor-499-thread-1]: commit: enter lock
[coreLoadExecutor-499-thread-1] INFO org.apache.solr.update.LoggingInfoStream - [IW][coreLoadExecutor-499-thread-1]: commit: now prepare
[coreLoadExecutor-499-thread-1] INFO org.apache.solr.update.LoggingInfoStream - [IW][coreLoadExecutor-499-thread-1]: prepareCommit: flush
[coreLoadExecutor-499-thread-1] INFO org.apache.solr.update.LoggingInfoStream - [IW][coreLoadExecutor-499-thread-1]:   index before flush 
[coreLoadExecutor-499-thread-1] INFO org.apache.solr.update.LoggingInfoStream - [DW][coreLoadExecutor-499-thread-1]: startFullFlush
[coreLoadExecutor-499-thread-1] INFO org.apache.solr.update.LoggingInfoStream - [IW][coreLoadExecutor-499-thread-1]: apply all deletes during flush
[coreLoadExecutor-499-thread-1] INFO org.apache.solr.update.LoggingInfoStream - [IW][coreLoadExecutor-499-thread-1]: now apply all deletes for all segments maxDoc=0
[coreLoadExecutor-499-thread-1] INFO org.apache.solr.update.LoggingInfoStream - [BD][coreLoadExecutor-499-thread-1]: prune sis=segments:  minGen=9223372036854775807 packetCount=0
[coreLoadExecutor-499-thread-1] INFO org.apache.solr.update.LoggingInfoStream - [DW][coreLoadExecutor-499-thread-1]: coreLoadExecutor-499-thread-1 finishFullFlush success=true
[coreLoadExecutor-499-thread-1] INFO org.apache.solr.update.LoggingInfoStream - [IW][coreLoadExecutor-499-thread-1]: startCommit(): start
[coreLoadExecutor-499-thread-1] INFO org.apache.solr.update.LoggingInfoStream - [IW][coreLoadExecutor-499-thread-1]: startCommit index= changeCount=2
[coreLoadExecutor-499-thread-1] INFO org.apache.solr.update.LoggingInfoStream - [IW][coreLoadExecutor-499-thread-1]: startCommit: wrote pending segments file "pending_segments_1"
[coreLoadExecutor-499-thread-1] INFO org.apache.solr.update.LoggingInfoStream - [IW][coreLoadExecutor-499-thread-1]: done all syncs: []
[coreLoadExecutor-499-thread-1] INFO org.apache.solr.update.LoggingInfoStream - [IW][coreLoadExecutor-499-thread-1]: commit: pendingCommit != null
[coreLoadExecutor-499-thread-1] INFO org.apache.solr.update.LoggingInfoStream - [IW][coreLoadExecutor-499-thread-1]: commit: done writing segments file "segments_1"
[coreLoadExecutor-499-thread-1] INFO org.apache.solr.update.LoggingInfoStream - [IFD][coreLoadExecutor-499-thread-1]: now checkpoint "" [0 segments ; isCommit = true]
[coreLoadExecutor-499-thread-1] INFO org.apache.solr.core.SolrDeletionPolicy - SolrDeletionPolicy.onCommit: commits: num=1
	commit{dir=NRTCachingDirectory(MMapDirectory@/tmp/solr-home6296738268636744673/core/data/index lockFactory=org.apache.lucene.store.NativeFSLockFactory@2c3d74f6; maxCacheMB=48.0 maxMergeSizeMB=4.0),segFN=segments_1,generation=1}
[coreLoadExecutor-499-thread-1] INFO org.apache.solr.core.SolrDeletionPolicy - newest commit generation = 1
[coreLoadExecutor-499-thread-1] INFO org.apache.solr.update.LoggingInfoStream - [IFD][coreLoadExecutor-499-thread-1]: 0 msec to checkpoint
[coreLoadExecutor-499-thread-1] INFO org.apache.solr.update.LoggingInfoStream - [IW][coreLoadExecutor-499-thread-1]: commit: took 6.4 msec
[coreLoadExecutor-499-thread-1] INFO org.apache.solr.update.LoggingInfoStream - [IW][coreLoadExecutor-499-thread-1]: commit: done
[coreLoadExecutor-499-thread-1] INFO org.apache.solr.update.LoggingInfoStream - [IW][coreLoadExecutor-499-thread-1]: rollback
[coreLoadExecutor-499-thread-1] INFO org.apache.solr.update.LoggingInfoStream - [IW][coreLoadExecutor-499-thread-1]: all running merges have aborted
[coreLoadExecutor-499-thread-1] INFO org.apache.solr.update.LoggingInfoStream - [IW][coreLoadExecutor-499-thread-1]: rollback: done finish merges
[coreLoadExecutor-499-thread-1] INFO org.apache.solr.update.LoggingInfoStream - [DW][coreLoadExecutor-499-thread-1]: abort
[coreLoadExecutor-499-thread-1] INFO org.apache.solr.update.LoggingInfoStream - [DW][coreLoadExecutor-499-thread-1]: done abort success=true
[coreLoadExecutor-499-thread-1] INFO org.apache.solr.update.LoggingInfoStream - [IW][coreLoadExecutor-499-thread-1]: rollback: infos=
[coreLoadExecutor-499-thread-1] INFO org.apache.solr.update.LoggingInfoStream - [IFD][coreLoadExecutor-499-thread-1]: now checkpoint "" [0 segments ; isCommit = false]
[coreLoadExecutor-499-thread-1] INFO org.apache.solr.update.LoggingInfoStream - [IFD][coreLoadExecutor-499-thread-1]: 0 msec to checkpoint
[OldIndexDirectoryCleanupThreadForCore-core] INFO org.apache.solr.core.SolrCore - Looking for old index directories to cleanup for core core in /tmp/solr-home6296738268636744673/core/data/
[coreLoadExecutor-499-thread-1] INFO org.apache.solr.core.SolrCore - no updateRequestProcessorChain defined as default, creating implicit default
[coreLoadExecutor-499-thread-1] INFO org.apache.solr.handler.loader.XMLLoader - xsltCacheLifetimeSeconds=60
[coreLoadExecutor-499-thread-1] INFO org.apache.solr.handler.loader.XMLLoader - xsltCacheLifetimeSeconds=60
[coreLoadExecutor-499-thread-1] INFO org.apache.solr.handler.loader.XMLLoader - xsltCacheLifetimeSeconds=60
[coreLoadExecutor-499-thread-1] INFO org.apache.solr.handler.loader.XMLLoader - xsltCacheLifetimeSeconds=60
[coreLoadExecutor-499-thread-1] INFO org.apache.solr.core.RequestHandlers - Registered paths: /admin/mbeans,,/update/csv,/update/json/docs,/admin/luke,/select,/suggester,/admin/segments,/get,/admin/system,/replication,/admin/properties,/config,/schema,/admin/plugins,/admin/logging,/update/json,/admin/threads,/admin/ping,/update,/admin/file
[coreLoadExecutor-499-thread-1] INFO org.apache.solr.core.SolrCore - Using default statsCache cache: org.apache.solr.search.stats.LocalStatsCache
[coreLoadExecutor-499-thread-1] INFO org.apache.solr.update.UpdateHandler - Using UpdateLog implementation: org.apache.solr.update.UpdateLog
[coreLoadExecutor-499-thread-1] INFO org.apache.solr.update.UpdateLog - Initializing UpdateLog: dataDir= defaultSyncLevel=FLUSH numRecordsToKeep=100 maxNumLogsToKeep=10 numVersionBuckets=65536
[coreLoadExecutor-499-thread-1] INFO org.apache.solr.update.CommitTracker - Hard AutoCommit: if uncommited for 15000ms; 
[coreLoadExecutor-499-thread-1] INFO org.apache.solr.update.CommitTracker - Soft AutoCommit: disabled
[coreLoadExecutor-499-thread-1] INFO org.apache.solr.update.LoggingInfoStream - [IFD][coreLoadExecutor-499-thread-1]: init: current segments file is "segments_1"; deletionPolicy=org.apache.solr.core.IndexDeletionPolicyWrapper@3c821bfe
[coreLoadExecutor-499-thread-1] INFO org.apache.solr.update.LoggingInfoStream - [IFD][coreLoadExecutor-499-thread-1]: init: load commit "segments_1"
[coreLoadExecutor-499-thread-1] INFO org.apache.solr.core.SolrDeletionPolicy - SolrDeletionPolicy.onInit: commits: num=1
	commit{dir=NRTCachingDirectory(MMapDirectory@/tmp/solr-home6296738268636744673/core/data/index lockFactory=org.apache.lucene.store.NativeFSLockFactory@2c3d74f6; maxCacheMB=48.0 maxMergeSizeMB=4.0),segFN=segments_1,generation=1}
[coreLoadExecutor-499-thread-1] INFO org.apache.solr.core.SolrDeletionPolicy - newest commit generation = 1
[coreLoadExecutor-499-thread-1] INFO org.apache.solr.update.LoggingInfoStream - [IFD][coreLoadExecutor-499-thread-1]: now checkpoint "" [0 segments ; isCommit = false]
[coreLoadExecutor-499-thread-1] INFO org.apache.solr.update.LoggingInfoStream - [IFD][coreLoadExecutor-499-thread-1]: 0 msec to checkpoint
[coreLoadExecutor-499-thread-1] INFO org.apache.solr.update.LoggingInfoStream - [IW][coreLoadExecutor-499-thread-1]: init: create=false
[coreLoadExecutor-499-thread-1] INFO org.apache.solr.update.LoggingInfoStream - [IW][coreLoadExecutor-499-thread-1]: 
dir=NRTCachingDirectory(MMapDirectory@/tmp/solr-home6296738268636744673/core/data/index lockFactory=org.apache.lucene.store.NativeFSLockFactory@2c3d74f6; maxCacheMB=48.0 maxMergeSizeMB=4.0)
index=
version=5.5.1
analyzer=org.apache.solr.update.SolrIndexConfig$DelayedSchemaAnalyzer
ramBufferSizeMB=100.0
maxBufferedDocs=-1
maxBufferedDeleteTerms=-1
mergedSegmentWarmer=null
delPolicy=org.apache.solr.core.IndexDeletionPolicyWrapper
commit=null
openMode=APPEND
similarity=org.apache.lucene.search.similarities.ClassicSimilarity
mergeScheduler=ConcurrentMergeScheduler: maxThreadCount=-1, maxMergeCount=-1, ioThrottle=true
default WRITE_LOCK_TIMEOUT=0
writeLockTimeout=0
codec=Lucene54
infoStream=org.apache.solr.update.LoggingInfoStream
mergePolicy=[TieredMergePolicy: maxMergeAtOnce=10, maxMergeAtOnceExplicit=30, maxMergedSegmentMB=5120.0, floorSegmentMB=2.0, forceMergeDeletesPctAllowed=10.0, segmentsPerTier=10.0, maxCFSSegmentSizeMB=8.796093022207999E12, noCFSRatio=0.1
indexerThreadPool=org.apache.lucene.index.DocumentsWriterPerThreadPool@c2e3e1a
readerPooling=false
perThreadHardLimitMB=1945
useCompoundFile=false
commitOnClose=true
writer=org.apache.solr.update.SolrIndexWriter@1777b07b

[coreLoadExecutor-499-thread-1] INFO org.apache.solr.update.LoggingInfoStream - [IW][coreLoadExecutor-499-thread-1]: MMapDirectory.UNMAP_SUPPORTED=true
[coreLoadExecutor-499-thread-1] INFO org.apache.solr.update.LoggingInfoStream - [IW][coreLoadExecutor-499-thread-1]: flush at getReader
[coreLoadExecutor-499-thread-1] INFO org.apache.solr.update.LoggingInfoStream - [DW][coreLoadExecutor-499-thread-1]: startFullFlush
[coreLoadExecutor-499-thread-1] INFO org.apache.solr.update.LoggingInfoStream - [IW][coreLoadExecutor-499-thread-1]: apply all deletes during flush
[coreLoadExecutor-499-thread-1] INFO org.apache.solr.update.LoggingInfoStream - [IW][coreLoadExecutor-499-thread-1]: now apply all deletes for all segments maxDoc=0
[coreLoadExecutor-499-thread-1] INFO org.apache.solr.update.LoggingInfoStream - [BD][coreLoadExecutor-499-thread-1]: prune sis=segments_1:  minGen=9223372036854775807 packetCount=0
[coreLoadExecutor-499-thread-1] INFO org.apache.solr.update.LoggingInfoStream - [IW][coreLoadExecutor-499-thread-1]: incRefDeleter for NRT reader version=2 segments=
[coreLoadExecutor-499-thread-1] INFO org.apache.solr.update.LoggingInfoStream - [IW][coreLoadExecutor-499-thread-1]: return reader version=2 reader=StandardDirectoryReader(segments_1:2:nrt)
[coreLoadExecutor-499-thread-1] INFO org.apache.solr.update.LoggingInfoStream - [DW][coreLoadExecutor-499-thread-1]: coreLoadExecutor-499-thread-1 finishFullFlush success=true
[coreLoadExecutor-499-thread-1] INFO org.apache.solr.update.LoggingInfoStream - [IW][coreLoadExecutor-499-thread-1]: getReader took 0 msec
[coreLoadExecutor-499-thread-1] INFO org.apache.solr.search.SolrIndexSearcher - Opening Searcher@227cce25[core] main
[coreLoadExecutor-499-thread-1] INFO org.apache.solr.rest.ManagedResourceStorage - File-based storage initialized to use dir: /tmp/solr-home6296738268636744673/core/conf
[coreLoadExecutor-499-thread-1] INFO org.apache.solr.rest.RestManager - Initializing RestManager with initArgs: {storageDir=/tmp/solr-home6296738268636744673/core/conf}
[coreLoadExecutor-499-thread-1] INFO org.apache.solr.rest.ManagedResourceStorage - Reading _rest_managed.json using file:dir=/tmp/solr-home6296738268636744673/core/conf
[coreLoadExecutor-499-thread-1] INFO org.apache.solr.rest.RestManager - Initializing 0 registered ManagedResources
[coreLoadExecutor-499-thread-1] INFO org.apache.solr.handler.component.SpellCheckComponent - Initializing spell checkers
[coreLoadExecutor-499-thread-1] INFO org.apache.solr.handler.component.SpellCheckComponent - Registering newSearcher listener for spellchecker: default
[coreLoadExecutor-499-thread-1] INFO org.apache.solr.handler.component.SpellCheckComponent - No queryConverter defined, using default converter
[coreLoadExecutor-499-thread-1] INFO org.apache.solr.handler.ReplicationHandler - Commits will be reserved for  10000
[coreLoadExecutor-499-thread-1] INFO org.apache.solr.update.UpdateLog - Looking up max value of version field to seed version buckets
[searcherExecutor-500-thread-1] INFO org.apache.solr.handler.component.SpellCheckComponent - Loading spell index for spellchecker: default
[coreLoadExecutor-499-thread-1] INFO org.apache.solr.update.VersionInfo - Refreshing highest value of _version_ for 65536 version buckets from index
[coreLoadExecutor-499-thread-1] INFO org.apache.solr.update.VersionInfo - No terms found for _version_, cannot seed version bucket highest value from index
[coreLoadExecutor-499-thread-1] INFO org.apache.solr.update.UpdateLog - Could not find max version in index or recent updates, using new clock 1576087841188872192
[searcherExecutor-500-thread-1] INFO org.apache.solr.core.SolrCore - [core] Registered new searcher Searcher@227cce25[core] main{ExitableDirectoryReader(UninvertingDirectoryReader())}
[coreLoadExecutor-499-thread-1] INFO org.apache.solr.update.UpdateLog - Took 1.0ms to seed version buckets with highest version 1576087841188872192
[coreLoadExecutor-499-thread-1] INFO org.apache.solr.core.CoreContainer - registering core: core
[Test worker] INFO org.apache.solr.core.SolrCore.Request - [core]  webapp=null path=/admin/ping params={} hits=0 status=0 QTime=0
[Test worker] INFO org.apache.solr.core.SolrCore.Request - [core]  webapp=null path=/admin/ping params={} status=0 QTime=0
[Test worker] INFO com.rbmhtechnology.vind.solr.SolrSearchServer - Connection to solr server successful
[Test worker] INFO org.apache.solr.core.SolrCore.Request - [core]  webapp=null path=/schema params={} status=0 QTime=0
[Test worker] INFO com.rbmhtechnology.vind.solr.SolrSearchServer - No server provider of type class com.rbmhtechnology.vind.solr.EmbeddedSolrServerProvider found in classpath for server com.rbmhtechnology.vind.solr.SolrSearchServer
[Test worker] INFO org.apache.solr.update.processor.LogUpdateProcessorFactory - [core]  webapp=null path=/update params={}{add=[1 (1576087841193066496)]} 0 1
[Test worker] INFO org.apache.solr.update.processor.LogUpdateProcessorFactory - [core]  webapp=null path=/update params={}{add=[2 (1576087841195163648)]} 0 0
[Test worker] INFO org.apache.solr.update.DirectUpdateHandler2 - start commit{,optimize=false,openSearcher=true,waitSearcher=true,expungeDeletes=false,softCommit=false,prepareCommit=false}
[Test worker] INFO org.apache.solr.update.LoggingInfoStream - [IW][Test worker]: commit: start
[Test worker] INFO org.apache.solr.update.LoggingInfoStream - [IW][Test worker]: commit: enter lock
[Test worker] INFO org.apache.solr.update.LoggingInfoStream - [IW][Test worker]: commit: now prepare
[Test worker] INFO org.apache.solr.update.LoggingInfoStream - [IW][Test worker]: prepareCommit: flush
[Test worker] INFO org.apache.solr.update.LoggingInfoStream - [IW][Test worker]:   index before flush 
[Test worker] INFO org.apache.solr.update.LoggingInfoStream - [DW][Test worker]: startFullFlush
[Test worker] INFO org.apache.solr.update.LoggingInfoStream - [DW][Test worker]: anyChanges? numDocsInRam=2 deletes=true hasTickets:false pendingChangesInFullFlush: false
[Test worker] INFO org.apache.solr.update.LoggingInfoStream - [DWFC][Test worker]: addFlushableState DocumentsWriterPerThread [pendingDeletes=gen=0 1 deleted terms (unique count=1) bytesUsed=169, segment=_0, aborted=false, numDocsInRAM=2, deleteQueue=DWDQ: [ generation: 1 ]]
[Test worker] INFO org.apache.solr.update.LoggingInfoStream - [DWPT][Test worker]: flush postings as segment _0 numDocs=2
[Test worker] INFO org.apache.solr.update.LoggingInfoStream - [IW][Test worker]: 0 msec to write norms
[Test worker] INFO org.apache.solr.update.LoggingInfoStream - [IW][Test worker]: 0 msec to write docValues
[Test worker] INFO org.apache.solr.update.LoggingInfoStream - [IW][Test worker]: 0 msec to finish stored fields
[Test worker] INFO org.apache.solr.update.LoggingInfoStream - [IW][Test worker]: 0 msec to write postings and finish vectors
[Test worker] INFO org.apache.solr.update.LoggingInfoStream - [IW][Test worker]: 0 msec to write fieldInfos
[Test worker] INFO org.apache.solr.update.LoggingInfoStream - [DWPT][Test worker]: new segment has 0 deleted docs
[Test worker] INFO org.apache.solr.update.LoggingInfoStream - [DWPT][Test worker]: new segment has no vectors; norms; docValues; prox; freqs
[Test worker] INFO org.apache.solr.update.LoggingInfoStream - [DWPT][Test worker]: flushedFiles=[_0_Lucene54_0.dvm, _0_Lucene50_0.doc, _0_Lucene50_0.tim, _0_Lucene50_0.pos, _0.nvd, _0.fdx, _0_Lucene54_0.dvd, _0_Lucene50_0.tip, _0.fdt, _0.nvm, _0.fnm]
[Test worker] INFO org.apache.solr.update.LoggingInfoStream - [DWPT][Test worker]: flushed codec=Lucene54
[Test worker] INFO org.apache.solr.update.LoggingInfoStream - [DWPT][Test worker]: flushed: segment=_0 ramUsed=0.242 MB newFlushedSize=0.004 MB docs/MB=498.373
[Test worker] INFO org.apache.solr.update.LoggingInfoStream - [DW][Test worker]: publishFlushedSegment seg-private updates=null
[Test worker] INFO org.apache.solr.update.LoggingInfoStream - [IW][Test worker]: publishFlushedSegment
[Test worker] INFO org.apache.solr.update.LoggingInfoStream - [BD][Test worker]: push deletes  2 deleted terms (unique count=2) bytesUsed=1072 segmentPrivate?=false delGen=2 packetCount=1 totBytesUsed=1072
[Test worker] INFO org.apache.solr.update.LoggingInfoStream - [IW][Test worker]: publish sets newSegment delGen=3 seg=_0(5.5.1):C2
[Test worker] INFO org.apache.solr.update.LoggingInfoStream - [IFD][Test worker]: now checkpoint "_0(5.5.1):C2" [1 segments ; isCommit = false]
[Test worker] INFO org.apache.solr.update.LoggingInfoStream - [IFD][Test worker]: 0 msec to checkpoint
[Test worker] INFO org.apache.solr.update.LoggingInfoStream - [IW][Test worker]: apply all deletes during flush
[Test worker] INFO org.apache.solr.update.LoggingInfoStream - [IW][Test worker]: now apply all deletes for all segments maxDoc=2
[Test worker] INFO org.apache.solr.update.LoggingInfoStream - [BD][Test worker]: applyDeletes: open segment readers took 0 msec
[Test worker] INFO org.apache.solr.update.LoggingInfoStream - [BD][Test worker]: applyDeletes: infos=[_0(5.5.1):C2] packetCount=1
[Test worker] INFO org.apache.solr.update.LoggingInfoStream - [BD][Test worker]: applyDeletes took 0 msec for 1 segments, 0 newly deleted docs (query deletes), 0 visited terms, allDeleted=null
[Test worker] INFO org.apache.solr.update.LoggingInfoStream - [BD][Test worker]: prune sis=segments_1: _0(5.5.1):C2 minGen=3 packetCount=1
[Test worker] INFO org.apache.solr.update.LoggingInfoStream - [BD][Test worker]: pruneDeletes: prune 1 packets; 0 packets remain
[Test worker] INFO org.apache.solr.update.LoggingInfoStream - [DW][Test worker]: Test worker finishFullFlush success=true
[Test worker] INFO org.apache.solr.update.LoggingInfoStream - [TMP][Test worker]: findMerges: 1 segments
[Test worker] INFO org.apache.solr.update.LoggingInfoStream - [TMP][Test worker]:   seg=_0(5.5.1):C2 size=0.004 MB [floored]
[Test worker] INFO org.apache.solr.update.LoggingInfoStream - [TMP][Test worker]:   allowedSegmentCount=1 vs count=1 (eligible count=1) tooBigCount=0
[Test worker] INFO org.apache.solr.update.LoggingInfoStream - [MS][Test worker]: initDynamicDefaults spins=false maxThreadCount=2 maxMergeCount=7
[Test worker] INFO org.apache.solr.update.LoggingInfoStream - [MS][Test worker]: now merge
[Test worker] INFO org.apache.solr.update.LoggingInfoStream - [MS][Test worker]:   index: _0(5.5.1):C2
[Test worker] INFO org.apache.solr.update.LoggingInfoStream - [MS][Test worker]:   no more merges pending; now return
[Test worker] INFO org.apache.solr.update.LoggingInfoStream - [IW][Test worker]: startCommit(): start
[Test worker] INFO org.apache.solr.update.LoggingInfoStream - [IW][Test worker]: startCommit index=_0(5.5.1):C2 changeCount=4
[Test worker] INFO org.apache.solr.update.LoggingInfoStream - [IW][Test worker]: startCommit: wrote pending segments file "pending_segments_2"
[Test worker] INFO org.apache.solr.update.LoggingInfoStream - [IW][Test worker]: done all syncs: [_0.si, _0_Lucene50_0.doc, _0_Lucene50_0.tim, _0_Lucene54_0.dvm, _0_Lucene50_0.pos, _0.nvd, _0.fdx, _0_Lucene54_0.dvd, _0_Lucene50_0.tip, _0.fdt, _0.nvm, _0.fnm]
[Test worker] INFO org.apache.solr.update.LoggingInfoStream - [IW][Test worker]: commit: pendingCommit != null
[Test worker] INFO org.apache.solr.update.LoggingInfoStream - [IW][Test worker]: commit: done writing segments file "segments_2"
[Test worker] INFO org.apache.solr.update.LoggingInfoStream - [IFD][Test worker]: now checkpoint "_0(5.5.1):C2" [1 segments ; isCommit = true]
[Test worker] INFO org.apache.solr.core.SolrDeletionPolicy - SolrDeletionPolicy.onCommit: commits: num=2
	commit{dir=NRTCachingDirectory(MMapDirectory@/tmp/solr-home6296738268636744673/core/data/index lockFactory=org.apache.lucene.store.NativeFSLockFactory@2c3d74f6; maxCacheMB=48.0 maxMergeSizeMB=4.0),segFN=segments_1,generation=1}
	commit{dir=NRTCachingDirectory(MMapDirectory@/tmp/solr-home6296738268636744673/core/data/index lockFactory=org.apache.lucene.store.NativeFSLockFactory@2c3d74f6; maxCacheMB=48.0 maxMergeSizeMB=4.0),segFN=segments_2,generation=2}
[Test worker] INFO org.apache.solr.core.SolrDeletionPolicy - newest commit generation = 2
[Test worker] INFO org.apache.solr.update.LoggingInfoStream - [IFD][Test worker]: deleteCommits: now decRef commit "segments_1"
[Test worker] INFO org.apache.solr.update.LoggingInfoStream - [IFD][Test worker]: delete "segments_1"
[Test worker] INFO org.apache.solr.update.LoggingInfoStream - [IFD][Test worker]: 0 msec to checkpoint
[Test worker] INFO org.apache.solr.update.LoggingInfoStream - [IW][Test worker]: commit: took 56.3 msec
[Test worker] INFO org.apache.solr.update.LoggingInfoStream - [IW][Test worker]: commit: done
[Test worker] INFO org.apache.solr.update.LoggingInfoStream - [IW][Test worker]: nrtIsCurrent: infoVersion matches: false; DW changes: false; BD changes: false
[Test worker] INFO org.apache.solr.update.LoggingInfoStream - [IW][Test worker]: flush at getReader
[Test worker] INFO org.apache.solr.update.LoggingInfoStream - [DW][Test worker]: startFullFlush
[Test worker] INFO org.apache.solr.update.LoggingInfoStream - [IW][Test worker]: apply all deletes during flush
[Test worker] INFO org.apache.solr.update.LoggingInfoStream - [IW][Test worker]: now apply all deletes for all segments maxDoc=2
[Test worker] INFO org.apache.solr.update.LoggingInfoStream - [BD][Test worker]: applyDeletes: open segment readers took 0 msec
[Test worker] INFO org.apache.solr.update.LoggingInfoStream - [BD][Test worker]: applyDeletes: no segments; skipping
[Test worker] INFO org.apache.solr.update.LoggingInfoStream - [BD][Test worker]: prune sis=segments_2: _0(5.5.1):C2 minGen=3 packetCount=0
[Test worker] INFO org.apache.solr.update.LoggingInfoStream - [IW][Test worker]: incRefDeleter for NRT reader version=6 segments=_0(5.5.1):C2
[Test worker] INFO org.apache.solr.update.LoggingInfoStream - [IW][Test worker]: return reader version=6 reader=StandardDirectoryReader(segments_2:6:nrt _0(5.5.1):C2)
[Test worker] INFO org.apache.solr.update.LoggingInfoStream - [DW][Test worker]: Test worker finishFullFlush success=true
[Test worker] INFO org.apache.solr.update.LoggingInfoStream - [IW][Test worker]: getReader took 1 msec
[Test worker] INFO org.apache.solr.search.SolrIndexSearcher - Opening Searcher@4c4dc0e9[core] main
[Test worker] INFO org.apache.solr.update.DirectUpdateHandler2 - end_commit_flush
[searcherExecutor-500-thread-1] INFO org.apache.solr.handler.component.SpellCheckComponent - Building spell index for spell checker: default
[searcherExecutor-500-thread-1] INFO org.apache.solr.core.SolrCore - [core] Registered new searcher Searcher@4c4dc0e9[core] main{ExitableDirectoryReader(UninvertingDirectoryReader(Uninverting(_0(5.5.1):C2)))}
[searcherExecutor-500-thread-1] INFO org.apache.solr.update.LoggingInfoStream - [IW][searcherExecutor-500-thread-1]: decRefDeleter for NRT reader version=2 segments=
[Test worker] INFO org.apache.solr.update.processor.LogUpdateProcessorFactory - [core]  webapp=null path=/update params={commit=true&softCommit=false&waitSearcher=true}{commit=} 0 86
[Test worker] INFO org.apache.solr.core.SolrCore.Request - [core]  webapp=null path=/select params={q=*&fl=*,score&df=text&fq=_type_:asset&facet=true&facet.mincount=1&facet.limit=10&facet.interval={!key%3DnumberFacets}dynamic_single_facet_float_number&facet.interval={!key%3DdateFacets}dynamic_single_facet_date_date&f.dynamic_single_facet_float_number.facet.interval.set={!key%3Dhigh}[20.0,*]&f.dynamic_single_facet_float_number.facet.interval.set={!key%3Dlow}[*,20.0]&f.dynamic_single_facet_date_date.facet.interval.set={!key%3Dafter}[NOW%2B23DAYS/DAY,*]&f.dynamic_single_facet_date_date.facet.interval.set={!key%3Dbefore}[*,NOW%2B23DAYS/DAY]&start=0&rows=10} hits=2 status=0 QTime=0
[Test worker] INFO org.apache.solr.core.CoreContainer - Shutting down CoreContainer instance=1898946049
[coreCloseExecutor-505-thread-1] INFO org.apache.solr.core.SolrCore - [core]  CLOSING SolrCore org.apache.solr.core.SolrCore@2a8f4193
[coreCloseExecutor-505-thread-1] INFO org.apache.solr.update.DirectUpdateHandler2 - closing DirectUpdateHandler2{commits=1,autocommit maxTime=15000ms,autocommits=0,soft autocommits=0,optimizes=0,rollbacks=0,expungeDeletes=0,docsPending=0,adds=0,deletesById=0,deletesByQuery=0,errors=0,cumulative_adds=2,cumulative_deletesById=0,cumulative_deletesByQuery=0,cumulative_errors=0,transaction_logs_total_size=614,transaction_logs_total_number=1}
[coreCloseExecutor-505-thread-1] INFO org.apache.solr.update.SolrCoreState - Closing SolrCoreState
[coreCloseExecutor-505-thread-1] INFO org.apache.solr.update.DefaultSolrCoreState - SolrCoreState ref count has reached 0 - closing IndexWriter
[coreCloseExecutor-505-thread-1] INFO org.apache.solr.update.DefaultSolrCoreState - closing IndexWriter with IndexWriterCloser
[coreCloseExecutor-505-thread-1] INFO org.apache.solr.update.LoggingInfoStream - [IW][coreCloseExecutor-505-thread-1]: now flush at close
[coreCloseExecutor-505-thread-1] INFO org.apache.solr.update.LoggingInfoStream - [IW][coreCloseExecutor-505-thread-1]:   start flush: applyAllDeletes=true
[coreCloseExecutor-505-thread-1] INFO org.apache.solr.update.LoggingInfoStream - [IW][coreCloseExecutor-505-thread-1]:   index before flush _0(5.5.1):C2
[coreCloseExecutor-505-thread-1] INFO org.apache.solr.update.LoggingInfoStream - [DW][coreCloseExecutor-505-thread-1]: startFullFlush
[coreCloseExecutor-505-thread-1] INFO org.apache.solr.update.LoggingInfoStream - [DW][coreCloseExecutor-505-thread-1]: coreCloseExecutor-505-thread-1 finishFullFlush success=true
[coreCloseExecutor-505-thread-1] INFO org.apache.solr.update.LoggingInfoStream - [IW][coreCloseExecutor-505-thread-1]: apply all deletes during flush
[coreCloseExecutor-505-thread-1] INFO org.apache.solr.update.LoggingInfoStream - [IW][coreCloseExecutor-505-thread-1]: now apply all deletes for all segments maxDoc=2
[coreCloseExecutor-505-thread-1] INFO org.apache.solr.update.LoggingInfoStream - [BD][coreCloseExecutor-505-thread-1]: applyDeletes: open segment readers took 0 msec
[coreCloseExecutor-505-thread-1] INFO org.apache.solr.update.LoggingInfoStream - [BD][coreCloseExecutor-505-thread-1]: applyDeletes: no segments; skipping
[coreCloseExecutor-505-thread-1] INFO org.apache.solr.update.LoggingInfoStream - [BD][coreCloseExecutor-505-thread-1]: prune sis=segments_2: _0(5.5.1):C2 minGen=3 packetCount=0
[coreCloseExecutor-505-thread-1] INFO org.apache.solr.update.LoggingInfoStream - [MS][coreCloseExecutor-505-thread-1]: updateMergeThreads ioThrottle=true targetMBPerSec=10240.0 MB/sec
[coreCloseExecutor-505-thread-1] INFO org.apache.solr.update.LoggingInfoStream - [MS][coreCloseExecutor-505-thread-1]: now merge
[coreCloseExecutor-505-thread-1] INFO org.apache.solr.update.LoggingInfoStream - [MS][coreCloseExecutor-505-thread-1]:   index: _0(5.5.1):C2
[coreCloseExecutor-505-thread-1] INFO org.apache.solr.update.LoggingInfoStream - [MS][coreCloseExecutor-505-thread-1]:   no more merges pending; now return
[coreCloseExecutor-505-thread-1] INFO org.apache.solr.update.LoggingInfoStream - [IW][coreCloseExecutor-505-thread-1]: waitForMerges
[coreCloseExecutor-505-thread-1] INFO org.apache.solr.update.LoggingInfoStream - [IW][coreCloseExecutor-505-thread-1]: waitForMerges done
[coreCloseExecutor-505-thread-1] INFO org.apache.solr.update.LoggingInfoStream - [IW][coreCloseExecutor-505-thread-1]: commit: start
[coreCloseExecutor-505-thread-1] INFO org.apache.solr.update.LoggingInfoStream - [IW][coreCloseExecutor-505-thread-1]: commit: enter lock
[coreCloseExecutor-505-thread-1] INFO org.apache.solr.update.LoggingInfoStream - [IW][coreCloseExecutor-505-thread-1]: commit: now prepare
[coreCloseExecutor-505-thread-1] INFO org.apache.solr.update.LoggingInfoStream - [IW][coreCloseExecutor-505-thread-1]: prepareCommit: flush
[coreCloseExecutor-505-thread-1] INFO org.apache.solr.update.LoggingInfoStream - [IW][coreCloseExecutor-505-thread-1]:   index before flush _0(5.5.1):C2
[coreCloseExecutor-505-thread-1] INFO org.apache.solr.update.LoggingInfoStream - [DW][coreCloseExecutor-505-thread-1]: startFullFlush
[coreCloseExecutor-505-thread-1] INFO org.apache.solr.update.LoggingInfoStream - [IW][coreCloseExecutor-505-thread-1]: apply all deletes during flush
[coreCloseExecutor-505-thread-1] INFO org.apache.solr.update.LoggingInfoStream - [IW][coreCloseExecutor-505-thread-1]: now apply all deletes for all segments maxDoc=2
[coreCloseExecutor-505-thread-1] INFO org.apache.solr.update.LoggingInfoStream - [BD][coreCloseExecutor-505-thread-1]: applyDeletes: open segment readers took 0 msec
[coreCloseExecutor-505-thread-1] INFO org.apache.solr.update.LoggingInfoStream - [BD][coreCloseExecutor-505-thread-1]: applyDeletes: no segments; skipping
[coreCloseExecutor-505-thread-1] INFO org.apache.solr.update.LoggingInfoStream - [BD][coreCloseExecutor-505-thread-1]: prune sis=segments_2: _0(5.5.1):C2 minGen=3 packetCount=0
[coreCloseExecutor-505-thread-1] INFO org.apache.solr.update.LoggingInfoStream - [DW][coreCloseExecutor-505-thread-1]: coreCloseExecutor-505-thread-1 finishFullFlush success=true
[coreCloseExecutor-505-thread-1] INFO org.apache.solr.update.LoggingInfoStream - [IW][coreCloseExecutor-505-thread-1]: startCommit(): start
[coreCloseExecutor-505-thread-1] INFO org.apache.solr.update.LoggingInfoStream - [IW][coreCloseExecutor-505-thread-1]:   skip startCommit(): no changes pending
[coreCloseExecutor-505-thread-1] INFO org.apache.solr.update.LoggingInfoStream - [IW][coreCloseExecutor-505-thread-1]: commit: pendingCommit == null; skip
[coreCloseExecutor-505-thread-1] INFO org.apache.solr.update.LoggingInfoStream - [IW][coreCloseExecutor-505-thread-1]: commit: took 0.2 msec
[coreCloseExecutor-505-thread-1] INFO org.apache.solr.update.LoggingInfoStream - [IW][coreCloseExecutor-505-thread-1]: commit: done
[coreCloseExecutor-505-thread-1] INFO org.apache.solr.update.LoggingInfoStream - [IW][coreCloseExecutor-505-thread-1]: rollback
[coreCloseExecutor-505-thread-1] INFO org.apache.solr.update.LoggingInfoStream - [IW][coreCloseExecutor-505-thread-1]: all running merges have aborted
[coreCloseExecutor-505-thread-1] INFO org.apache.solr.update.LoggingInfoStream - [IW][coreCloseExecutor-505-thread-1]: rollback: done finish merges
[coreCloseExecutor-505-thread-1] INFO org.apache.solr.update.LoggingInfoStream - [DW][coreCloseExecutor-505-thread-1]: abort
[coreCloseExecutor-505-thread-1] INFO org.apache.solr.update.LoggingInfoStream - [DW][coreCloseExecutor-505-thread-1]: done abort success=true
[coreCloseExecutor-505-thread-1] INFO org.apache.solr.update.LoggingInfoStream - [IW][coreCloseExecutor-505-thread-1]: rollback: infos=_0(5.5.1):C2
[coreCloseExecutor-505-thread-1] INFO org.apache.solr.update.LoggingInfoStream - [IFD][coreCloseExecutor-505-thread-1]: now checkpoint "_0(5.5.1):C2" [1 segments ; isCommit = false]
[coreCloseExecutor-505-thread-1] INFO org.apache.solr.update.LoggingInfoStream - [IFD][coreCloseExecutor-505-thread-1]: 0 msec to checkpoint
[coreCloseExecutor-505-thread-1] INFO org.apache.solr.core.SolrCore - [core] Closing main searcher on request.
[coreCloseExecutor-505-thread-1] INFO org.apache.solr.core.CachingDirectoryFactory - Closing NRTCachingDirectoryFactory - 2 directories currently being tracked
[coreCloseExecutor-505-thread-1] INFO org.apache.solr.core.CachingDirectoryFactory - looking to close /tmp/solr-home6296738268636744673/core/data [CachedDir<<refCount=0;path=/tmp/solr-home6296738268636744673/core/data;done=false>>]
[coreCloseExecutor-505-thread-1] INFO org.apache.solr.core.CachingDirectoryFactory - Closing directory: /tmp/solr-home6296738268636744673/core/data
[coreCloseExecutor-505-thread-1] INFO org.apache.solr.core.CachingDirectoryFactory - looking to close /tmp/solr-home6296738268636744673/core/data/index [CachedDir<<refCount=0;path=/tmp/solr-home6296738268636744673/core/data/index;done=false>>]
[coreCloseExecutor-505-thread-1] INFO org.apache.solr.core.CachingDirectoryFactory - Closing directory: /tmp/solr-home6296738268636744673/core/data/index
[Test worker] INFO com.rbmhtechnology.vind.solr.SolrSearchServer - No server provider of type class com.rbmhtechnology.vind.solr.EmbeddedSolrServerProvider found in classpath for server com.rbmhtechnology.vind.solr.SolrSearchServer
[Test worker] INFO com.rbmhtechnology.vind.solr.SolrSearchServer - No server provider of type class com.rbmhtechnology.vind.solr.EmbeddedSolrServerProvider found in classpath for server com.rbmhtechnology.vind.solr.SolrSearchServer
[Test worker] INFO org.apache.solr.core.SolrResourceLoader - new SolrResourceLoader for directory: '/tmp/solr-home8996773341036685812'
[Test worker] INFO org.apache.solr.core.SolrResourceLoader - JNDI not configured for solr (NoInitialContextEx)
[Test worker] INFO org.apache.solr.core.SolrResourceLoader - solr home defaulted to 'solr/' (could not find system property or JNDI)
[Test worker] INFO org.apache.solr.core.SolrXmlConfig - Loading container configuration from /tmp/solr-home8996773341036685812/solr.xml
[Test worker] INFO org.apache.solr.core.CorePropertiesLocator - Config-defined core root directory: /tmp/solr-home8996773341036685812
[Test worker] INFO org.apache.solr.core.CoreContainer - New CoreContainer 1363201479
[Test worker] INFO org.apache.solr.core.CoreContainer - Loading cores into CoreContainer [instanceDir=/tmp/solr-home8996773341036685812]
[Test worker] WARN org.apache.solr.core.CoreContainer - Couldn't add files from /tmp/solr-home8996773341036685812/lib to classpath: /tmp/solr-home8996773341036685812/lib
[Test worker] INFO org.apache.solr.handler.component.HttpShardHandlerFactory - created with socketTimeout : 120000,connTimeout : 15000,maxConnectionsPerHost : 20,maxConnections : 10000,corePoolSize : 0,maximumPoolSize : 2147483647,maxThreadIdleTime : 5,sizeOfQueue : -1,fairnessPolicy : false,useRetries : false,
[Test worker] INFO org.apache.solr.update.UpdateShardHandler - Creating UpdateShardHandler HTTP client with params: socketTimeout=600000&connTimeout=60000&retry=true
[Test worker] INFO org.apache.solr.logging.LogWatcher - SLF4J impl is org.slf4j.impl.SimpleLoggerFactory
[Test worker] INFO org.apache.solr.logging.LogWatcher - No LogWatcher configured
[Test worker] INFO org.apache.solr.core.CoreContainer - Security conf doesn't exist. Skipping setup for authorization module.
[Test worker] INFO org.apache.solr.core.CoreContainer - No authentication plugin used.
[Test worker] INFO org.apache.solr.core.CorePropertiesLocator - Looking for core definitions underneath /tmp/solr-home8996773341036685812
[Test worker] INFO org.apache.solr.core.CoreDescriptor - Created CoreDescriptor: {runtimeLib=false, name=core, config=solrconfig.xml, loadOnStartup=true, schema=schema.xml, configSetProperties=configsetprops.json, transient=false, dataDir=data/}
[Test worker] INFO org.apache.solr.core.CorePropertiesLocator - Found core core in /tmp/solr-home8996773341036685812/core
[Test worker] INFO org.apache.solr.core.CorePropertiesLocator - Found 1 core definitions
[coreLoadExecutor-512-thread-1] INFO org.apache.solr.core.SolrResourceLoader - new SolrResourceLoader for directory: '/tmp/solr-home8996773341036685812/core'
[coreLoadExecutor-512-thread-1] INFO org.apache.solr.core.SolrResourceLoader - JNDI not configured for solr (NoInitialContextEx)
[coreLoadExecutor-512-thread-1] INFO org.apache.solr.core.SolrResourceLoader - solr home defaulted to 'solr/' (could not find system property or JNDI)
[coreLoadExecutor-512-thread-1] INFO org.apache.solr.core.SolrResourceLoader - Adding 'file:/tmp/solr-home8996773341036685812/core/lib/marker-search-handler-0.3.0.jar' to classloader
[coreLoadExecutor-512-thread-1] INFO org.apache.solr.core.SolrResourceLoader - Adding 'file:/tmp/solr-home8996773341036685812/core/lib/suggestion-request-handler-2.1.0.jar' to classloader
[coreLoadExecutor-512-thread-1] INFO org.apache.solr.core.SolrConfig - current version of requestparams : -1
[coreLoadExecutor-512-thread-1] INFO org.apache.solr.update.SolrIndexConfig - IndexWriter infoStream solr logging is enabled
[coreLoadExecutor-512-thread-1] INFO org.apache.solr.core.SolrConfig - Using Lucene MatchVersion: 5.5.0
[coreLoadExecutor-512-thread-1] INFO org.apache.solr.core.SolrConfig - Loaded SolrConfig: solrconfig.xml
[coreLoadExecutor-512-thread-1] INFO org.apache.solr.schema.ManagedIndexSchemaFactory - The schema is configured as managed, but managed schema resource managed-schema not found - loading non-managed schema schema.xml instead
[coreLoadExecutor-512-thread-1] INFO org.apache.solr.schema.IndexSchema - [core] Schema name=basic search lib core
[coreLoadExecutor-512-thread-1] INFO org.apache.solr.schema.IndexSchema - unique key field: _id_
[coreLoadExecutor-512-thread-1] INFO org.apache.solr.schema.ManagedIndexSchema - Upgraded to managed schema at /tmp/solr-home8996773341036685812/core/conf/managed-schema
[coreLoadExecutor-512-thread-1] INFO org.apache.solr.schema.ManagedIndexSchemaFactory - After upgrading to managed schema, renamed the non-managed schema /tmp/solr-home8996773341036685812/core/conf/schema.xml to /tmp/solr-home8996773341036685812/core/conf/schema.xml.bak
[coreLoadExecutor-512-thread-1] INFO org.apache.solr.core.ConfigSetProperties - Did not find ConfigSet properties, assuming default properties: Can't find resource 'configsetprops.json' in classpath or '/tmp/solr-home8996773341036685812/core'
[coreLoadExecutor-512-thread-1] INFO org.apache.solr.core.CoreContainer - Creating SolrCore 'core' using configuration from instancedir /tmp/solr-home8996773341036685812/core
[coreLoadExecutor-512-thread-1] INFO org.apache.solr.core.SolrCore - solr.NRTCachingDirectoryFactory
[coreLoadExecutor-512-thread-1] INFO org.apache.solr.core.SolrCore - [[core] ] Opening new SolrCore at [/tmp/solr-home8996773341036685812/core], dataDir=[/tmp/solr-home8996773341036685812/core/data/]
[coreLoadExecutor-512-thread-1] INFO org.apache.solr.core.JmxMonitoredMap - No JMX servers found, not exposing Solr information with JMX.
[coreLoadExecutor-512-thread-1] INFO org.apache.solr.core.SchemaCodecFactory - Using default compressionMode: BEST_SPEED
[coreLoadExecutor-512-thread-1] INFO org.apache.solr.core.CachingDirectoryFactory - return new directory for /tmp/solr-home8996773341036685812/core/data
[coreLoadExecutor-512-thread-1] INFO org.apache.solr.core.SolrCore - New index directory detected: old=null new=/tmp/solr-home8996773341036685812/core/data/index/
[coreLoadExecutor-512-thread-1] WARN org.apache.solr.core.SolrCore - [core] Solr index directory '/tmp/solr-home8996773341036685812/core/data/index' doesn't exist. Creating new index...
[coreLoadExecutor-512-thread-1] INFO org.apache.solr.core.CachingDirectoryFactory - return new directory for /tmp/solr-home8996773341036685812/core/data/index
[coreLoadExecutor-512-thread-1] INFO org.apache.solr.update.LoggingInfoStream - [IFD][coreLoadExecutor-512-thread-1]: init: current segments file is "segments"; deletionPolicy=org.apache.solr.core.IndexDeletionPolicyWrapper@377d2b33
[coreLoadExecutor-512-thread-1] INFO org.apache.solr.update.LoggingInfoStream - [IFD][coreLoadExecutor-512-thread-1]: now checkpoint "" [0 segments ; isCommit = false]
[coreLoadExecutor-512-thread-1] INFO org.apache.solr.update.LoggingInfoStream - [IFD][coreLoadExecutor-512-thread-1]: 0 msec to checkpoint
[coreLoadExecutor-512-thread-1] INFO org.apache.solr.update.LoggingInfoStream - [IW][coreLoadExecutor-512-thread-1]: init: create=true
[coreLoadExecutor-512-thread-1] INFO org.apache.solr.update.LoggingInfoStream - [IW][coreLoadExecutor-512-thread-1]: 
dir=NRTCachingDirectory(MMapDirectory@/tmp/solr-home8996773341036685812/core/data/index lockFactory=org.apache.lucene.store.NativeFSLockFactory@2c3d74f6; maxCacheMB=48.0 maxMergeSizeMB=4.0)
index=
version=5.5.1
analyzer=org.apache.solr.update.SolrIndexConfig$DelayedSchemaAnalyzer
ramBufferSizeMB=100.0
maxBufferedDocs=-1
maxBufferedDeleteTerms=-1
mergedSegmentWarmer=null
delPolicy=org.apache.solr.core.IndexDeletionPolicyWrapper
commit=null
openMode=CREATE
similarity=org.apache.lucene.search.similarities.ClassicSimilarity
mergeScheduler=ConcurrentMergeScheduler: maxThreadCount=-1, maxMergeCount=-1, ioThrottle=true
default WRITE_LOCK_TIMEOUT=0
writeLockTimeout=0
codec=Lucene54
infoStream=org.apache.solr.update.LoggingInfoStream
mergePolicy=[TieredMergePolicy: maxMergeAtOnce=10, maxMergeAtOnceExplicit=30, maxMergedSegmentMB=5120.0, floorSegmentMB=2.0, forceMergeDeletesPctAllowed=10.0, segmentsPerTier=10.0, maxCFSSegmentSizeMB=8.796093022207999E12, noCFSRatio=0.1
indexerThreadPool=org.apache.lucene.index.DocumentsWriterPerThreadPool@58152e1
readerPooling=false
perThreadHardLimitMB=1945
useCompoundFile=false
commitOnClose=true
writer=org.apache.solr.update.SolrIndexWriter@4d982c69

[coreLoadExecutor-512-thread-1] INFO org.apache.solr.update.LoggingInfoStream - [IW][coreLoadExecutor-512-thread-1]: MMapDirectory.UNMAP_SUPPORTED=true
[coreLoadExecutor-512-thread-1] INFO org.apache.solr.update.LoggingInfoStream - [IW][coreLoadExecutor-512-thread-1]: now flush at close
[coreLoadExecutor-512-thread-1] INFO org.apache.solr.update.LoggingInfoStream - [IW][coreLoadExecutor-512-thread-1]:   start flush: applyAllDeletes=true
[coreLoadExecutor-512-thread-1] INFO org.apache.solr.update.LoggingInfoStream - [IW][coreLoadExecutor-512-thread-1]:   index before flush 
[coreLoadExecutor-512-thread-1] INFO org.apache.solr.update.LoggingInfoStream - [DW][coreLoadExecutor-512-thread-1]: startFullFlush
[coreLoadExecutor-512-thread-1] INFO org.apache.solr.update.LoggingInfoStream - [DW][coreLoadExecutor-512-thread-1]: coreLoadExecutor-512-thread-1 finishFullFlush success=true
[coreLoadExecutor-512-thread-1] INFO org.apache.solr.update.LoggingInfoStream - [IW][coreLoadExecutor-512-thread-1]: apply all deletes during flush
[coreLoadExecutor-512-thread-1] INFO org.apache.solr.update.LoggingInfoStream - [IW][coreLoadExecutor-512-thread-1]: now apply all deletes for all segments maxDoc=0
[coreLoadExecutor-512-thread-1] INFO org.apache.solr.update.LoggingInfoStream - [BD][coreLoadExecutor-512-thread-1]: prune sis=segments:  minGen=9223372036854775807 packetCount=0
[coreLoadExecutor-512-thread-1] INFO org.apache.solr.update.LoggingInfoStream - [MS][coreLoadExecutor-512-thread-1]: initDynamicDefaults spins=false maxThreadCount=2 maxMergeCount=7
[coreLoadExecutor-512-thread-1] INFO org.apache.solr.update.LoggingInfoStream - [MS][coreLoadExecutor-512-thread-1]: updateMergeThreads ioThrottle=true targetMBPerSec=10240.0 MB/sec
[coreLoadExecutor-512-thread-1] INFO org.apache.solr.update.LoggingInfoStream - [MS][coreLoadExecutor-512-thread-1]: now merge
[coreLoadExecutor-512-thread-1] INFO org.apache.solr.update.LoggingInfoStream - [MS][coreLoadExecutor-512-thread-1]:   index: 
[coreLoadExecutor-512-thread-1] INFO org.apache.solr.update.LoggingInfoStream - [MS][coreLoadExecutor-512-thread-1]:   no more merges pending; now return
[coreLoadExecutor-512-thread-1] INFO org.apache.solr.update.LoggingInfoStream - [IW][coreLoadExecutor-512-thread-1]: waitForMerges
[coreLoadExecutor-512-thread-1] INFO org.apache.solr.update.LoggingInfoStream - [IW][coreLoadExecutor-512-thread-1]: waitForMerges done
[coreLoadExecutor-512-thread-1] INFO org.apache.solr.update.LoggingInfoStream - [IW][coreLoadExecutor-512-thread-1]: commit: start
[coreLoadExecutor-512-thread-1] INFO org.apache.solr.update.LoggingInfoStream - [IW][coreLoadExecutor-512-thread-1]: commit: enter lock
[coreLoadExecutor-512-thread-1] INFO org.apache.solr.update.LoggingInfoStream - [IW][coreLoadExecutor-512-thread-1]: commit: now prepare
[coreLoadExecutor-512-thread-1] INFO org.apache.solr.update.LoggingInfoStream - [IW][coreLoadExecutor-512-thread-1]: prepareCommit: flush
[coreLoadExecutor-512-thread-1] INFO org.apache.solr.update.LoggingInfoStream - [IW][coreLoadExecutor-512-thread-1]:   index before flush 
[coreLoadExecutor-512-thread-1] INFO org.apache.solr.update.LoggingInfoStream - [DW][coreLoadExecutor-512-thread-1]: startFullFlush
[coreLoadExecutor-512-thread-1] INFO org.apache.solr.update.LoggingInfoStream - [IW][coreLoadExecutor-512-thread-1]: apply all deletes during flush
[coreLoadExecutor-512-thread-1] INFO org.apache.solr.update.LoggingInfoStream - [IW][coreLoadExecutor-512-thread-1]: now apply all deletes for all segments maxDoc=0
[coreLoadExecutor-512-thread-1] INFO org.apache.solr.update.LoggingInfoStream - [BD][coreLoadExecutor-512-thread-1]: prune sis=segments:  minGen=9223372036854775807 packetCount=0
[coreLoadExecutor-512-thread-1] INFO org.apache.solr.update.LoggingInfoStream - [DW][coreLoadExecutor-512-thread-1]: coreLoadExecutor-512-thread-1 finishFullFlush success=true
[coreLoadExecutor-512-thread-1] INFO org.apache.solr.update.LoggingInfoStream - [IW][coreLoadExecutor-512-thread-1]: startCommit(): start
[coreLoadExecutor-512-thread-1] INFO org.apache.solr.update.LoggingInfoStream - [IW][coreLoadExecutor-512-thread-1]: startCommit index= changeCount=2
[coreLoadExecutor-512-thread-1] INFO org.apache.solr.update.LoggingInfoStream - [IW][coreLoadExecutor-512-thread-1]: startCommit: wrote pending segments file "pending_segments_1"
[coreLoadExecutor-512-thread-1] INFO org.apache.solr.update.LoggingInfoStream - [IW][coreLoadExecutor-512-thread-1]: done all syncs: []
[coreLoadExecutor-512-thread-1] INFO org.apache.solr.update.LoggingInfoStream - [IW][coreLoadExecutor-512-thread-1]: commit: pendingCommit != null
[coreLoadExecutor-512-thread-1] INFO org.apache.solr.update.LoggingInfoStream - [IW][coreLoadExecutor-512-thread-1]: commit: done writing segments file "segments_1"
[coreLoadExecutor-512-thread-1] INFO org.apache.solr.update.LoggingInfoStream - [IFD][coreLoadExecutor-512-thread-1]: now checkpoint "" [0 segments ; isCommit = true]
[coreLoadExecutor-512-thread-1] INFO org.apache.solr.core.SolrDeletionPolicy - SolrDeletionPolicy.onCommit: commits: num=1
	commit{dir=NRTCachingDirectory(MMapDirectory@/tmp/solr-home8996773341036685812/core/data/index lockFactory=org.apache.lucene.store.NativeFSLockFactory@2c3d74f6; maxCacheMB=48.0 maxMergeSizeMB=4.0),segFN=segments_1,generation=1}
[coreLoadExecutor-512-thread-1] INFO org.apache.solr.core.SolrDeletionPolicy - newest commit generation = 1
[coreLoadExecutor-512-thread-1] INFO org.apache.solr.update.LoggingInfoStream - [IFD][coreLoadExecutor-512-thread-1]: 0 msec to checkpoint
[coreLoadExecutor-512-thread-1] INFO org.apache.solr.update.LoggingInfoStream - [IW][coreLoadExecutor-512-thread-1]: commit: took 9.7 msec
[coreLoadExecutor-512-thread-1] INFO org.apache.solr.update.LoggingInfoStream - [IW][coreLoadExecutor-512-thread-1]: commit: done
[coreLoadExecutor-512-thread-1] INFO org.apache.solr.update.LoggingInfoStream - [IW][coreLoadExecutor-512-thread-1]: rollback
[coreLoadExecutor-512-thread-1] INFO org.apache.solr.update.LoggingInfoStream - [IW][coreLoadExecutor-512-thread-1]: all running merges have aborted
[coreLoadExecutor-512-thread-1] INFO org.apache.solr.update.LoggingInfoStream - [IW][coreLoadExecutor-512-thread-1]: rollback: done finish merges
[coreLoadExecutor-512-thread-1] INFO org.apache.solr.update.LoggingInfoStream - [DW][coreLoadExecutor-512-thread-1]: abort
[coreLoadExecutor-512-thread-1] INFO org.apache.solr.update.LoggingInfoStream - [DW][coreLoadExecutor-512-thread-1]: done abort success=true
[coreLoadExecutor-512-thread-1] INFO org.apache.solr.update.LoggingInfoStream - [IW][coreLoadExecutor-512-thread-1]: rollback: infos=
[coreLoadExecutor-512-thread-1] INFO org.apache.solr.update.LoggingInfoStream - [IFD][coreLoadExecutor-512-thread-1]: now checkpoint "" [0 segments ; isCommit = false]
[coreLoadExecutor-512-thread-1] INFO org.apache.solr.update.LoggingInfoStream - [IFD][coreLoadExecutor-512-thread-1]: 0 msec to checkpoint
[OldIndexDirectoryCleanupThreadForCore-core] INFO org.apache.solr.core.SolrCore - Looking for old index directories to cleanup for core core in /tmp/solr-home8996773341036685812/core/data/
[coreLoadExecutor-512-thread-1] INFO org.apache.solr.core.SolrCore - no updateRequestProcessorChain defined as default, creating implicit default
[coreLoadExecutor-512-thread-1] INFO org.apache.solr.handler.loader.XMLLoader - xsltCacheLifetimeSeconds=60
[coreLoadExecutor-512-thread-1] INFO org.apache.solr.handler.loader.XMLLoader - xsltCacheLifetimeSeconds=60
[coreLoadExecutor-512-thread-1] INFO org.apache.solr.handler.loader.XMLLoader - xsltCacheLifetimeSeconds=60
[coreLoadExecutor-512-thread-1] INFO org.apache.solr.handler.loader.XMLLoader - xsltCacheLifetimeSeconds=60
[coreLoadExecutor-512-thread-1] INFO org.apache.solr.core.RequestHandlers - Registered paths: /admin/mbeans,,/update/csv,/update/json/docs,/admin/luke,/select,/suggester,/admin/segments,/get,/admin/system,/replication,/admin/properties,/config,/schema,/admin/plugins,/admin/logging,/update/json,/admin/threads,/admin/ping,/update,/admin/file
[coreLoadExecutor-512-thread-1] INFO org.apache.solr.core.SolrCore - Using default statsCache cache: org.apache.solr.search.stats.LocalStatsCache
[coreLoadExecutor-512-thread-1] INFO org.apache.solr.update.UpdateHandler - Using UpdateLog implementation: org.apache.solr.update.UpdateLog
[coreLoadExecutor-512-thread-1] INFO org.apache.solr.update.UpdateLog - Initializing UpdateLog: dataDir= defaultSyncLevel=FLUSH numRecordsToKeep=100 maxNumLogsToKeep=10 numVersionBuckets=65536
[coreLoadExecutor-512-thread-1] INFO org.apache.solr.update.CommitTracker - Hard AutoCommit: if uncommited for 15000ms; 
[coreLoadExecutor-512-thread-1] INFO org.apache.solr.update.CommitTracker - Soft AutoCommit: disabled
[coreLoadExecutor-512-thread-1] INFO org.apache.solr.update.LoggingInfoStream - [IFD][coreLoadExecutor-512-thread-1]: init: current segments file is "segments_1"; deletionPolicy=org.apache.solr.core.IndexDeletionPolicyWrapper@377d2b33
[coreLoadExecutor-512-thread-1] INFO org.apache.solr.update.LoggingInfoStream - [IFD][coreLoadExecutor-512-thread-1]: init: load commit "segments_1"
[coreLoadExecutor-512-thread-1] INFO org.apache.solr.core.SolrDeletionPolicy - SolrDeletionPolicy.onInit: commits: num=1
	commit{dir=NRTCachingDirectory(MMapDirectory@/tmp/solr-home8996773341036685812/core/data/index lockFactory=org.apache.lucene.store.NativeFSLockFactory@2c3d74f6; maxCacheMB=48.0 maxMergeSizeMB=4.0),segFN=segments_1,generation=1}
[coreLoadExecutor-512-thread-1] INFO org.apache.solr.core.SolrDeletionPolicy - newest commit generation = 1
[coreLoadExecutor-512-thread-1] INFO org.apache.solr.update.LoggingInfoStream - [IFD][coreLoadExecutor-512-thread-1]: now checkpoint "" [0 segments ; isCommit = false]
[coreLoadExecutor-512-thread-1] INFO org.apache.solr.update.LoggingInfoStream - [IFD][coreLoadExecutor-512-thread-1]: 0 msec to checkpoint
[coreLoadExecutor-512-thread-1] INFO org.apache.solr.update.LoggingInfoStream - [IW][coreLoadExecutor-512-thread-1]: init: create=false
[coreLoadExecutor-512-thread-1] INFO org.apache.solr.update.LoggingInfoStream - [IW][coreLoadExecutor-512-thread-1]: 
dir=NRTCachingDirectory(MMapDirectory@/tmp/solr-home8996773341036685812/core/data/index lockFactory=org.apache.lucene.store.NativeFSLockFactory@2c3d74f6; maxCacheMB=48.0 maxMergeSizeMB=4.0)
index=
version=5.5.1
analyzer=org.apache.solr.update.SolrIndexConfig$DelayedSchemaAnalyzer
ramBufferSizeMB=100.0
maxBufferedDocs=-1
maxBufferedDeleteTerms=-1
mergedSegmentWarmer=null
delPolicy=org.apache.solr.core.IndexDeletionPolicyWrapper
commit=null
openMode=APPEND
similarity=org.apache.lucene.search.similarities.ClassicSimilarity
mergeScheduler=ConcurrentMergeScheduler: maxThreadCount=-1, maxMergeCount=-1, ioThrottle=true
default WRITE_LOCK_TIMEOUT=0
writeLockTimeout=0
codec=Lucene54
infoStream=org.apache.solr.update.LoggingInfoStream
mergePolicy=[TieredMergePolicy: maxMergeAtOnce=10, maxMergeAtOnceExplicit=30, maxMergedSegmentMB=5120.0, floorSegmentMB=2.0, forceMergeDeletesPctAllowed=10.0, segmentsPerTier=10.0, maxCFSSegmentSizeMB=8.796093022207999E12, noCFSRatio=0.1
indexerThreadPool=org.apache.lucene.index.DocumentsWriterPerThreadPool@6cc5b05c
readerPooling=false
perThreadHardLimitMB=1945
useCompoundFile=false
commitOnClose=true
writer=org.apache.solr.update.SolrIndexWriter@56c93272

[coreLoadExecutor-512-thread-1] INFO org.apache.solr.update.LoggingInfoStream - [IW][coreLoadExecutor-512-thread-1]: MMapDirectory.UNMAP_SUPPORTED=true
[coreLoadExecutor-512-thread-1] INFO org.apache.solr.update.LoggingInfoStream - [IW][coreLoadExecutor-512-thread-1]: flush at getReader
[coreLoadExecutor-512-thread-1] INFO org.apache.solr.update.LoggingInfoStream - [DW][coreLoadExecutor-512-thread-1]: startFullFlush
[coreLoadExecutor-512-thread-1] INFO org.apache.solr.update.LoggingInfoStream - [IW][coreLoadExecutor-512-thread-1]: apply all deletes during flush
[coreLoadExecutor-512-thread-1] INFO org.apache.solr.update.LoggingInfoStream - [IW][coreLoadExecutor-512-thread-1]: now apply all deletes for all segments maxDoc=0
[coreLoadExecutor-512-thread-1] INFO org.apache.solr.update.LoggingInfoStream - [BD][coreLoadExecutor-512-thread-1]: prune sis=segments_1:  minGen=9223372036854775807 packetCount=0
[coreLoadExecutor-512-thread-1] INFO org.apache.solr.update.LoggingInfoStream - [IW][coreLoadExecutor-512-thread-1]: incRefDeleter for NRT reader version=2 segments=
[coreLoadExecutor-512-thread-1] INFO org.apache.solr.update.LoggingInfoStream - [IW][coreLoadExecutor-512-thread-1]: return reader version=2 reader=StandardDirectoryReader(segments_1:2:nrt)
[coreLoadExecutor-512-thread-1] INFO org.apache.solr.update.LoggingInfoStream - [DW][coreLoadExecutor-512-thread-1]: coreLoadExecutor-512-thread-1 finishFullFlush success=true
[coreLoadExecutor-512-thread-1] INFO org.apache.solr.update.LoggingInfoStream - [IW][coreLoadExecutor-512-thread-1]: getReader took 0 msec
[coreLoadExecutor-512-thread-1] INFO org.apache.solr.search.SolrIndexSearcher - Opening Searcher@4d3ea357[core] main
[coreLoadExecutor-512-thread-1] INFO org.apache.solr.rest.ManagedResourceStorage - File-based storage initialized to use dir: /tmp/solr-home8996773341036685812/core/conf
[coreLoadExecutor-512-thread-1] INFO org.apache.solr.rest.RestManager - Initializing RestManager with initArgs: {storageDir=/tmp/solr-home8996773341036685812/core/conf}
[coreLoadExecutor-512-thread-1] INFO org.apache.solr.rest.ManagedResourceStorage - Reading _rest_managed.json using file:dir=/tmp/solr-home8996773341036685812/core/conf
[coreLoadExecutor-512-thread-1] INFO org.apache.solr.rest.RestManager - Initializing 0 registered ManagedResources
[coreLoadExecutor-512-thread-1] INFO org.apache.solr.handler.component.SpellCheckComponent - Initializing spell checkers
[coreLoadExecutor-512-thread-1] INFO org.apache.solr.handler.component.SpellCheckComponent - Registering newSearcher listener for spellchecker: default
[coreLoadExecutor-512-thread-1] INFO org.apache.solr.handler.component.SpellCheckComponent - No queryConverter defined, using default converter
[coreLoadExecutor-512-thread-1] INFO org.apache.solr.handler.ReplicationHandler - Commits will be reserved for  10000
[coreLoadExecutor-512-thread-1] INFO org.apache.solr.update.UpdateLog - Looking up max value of version field to seed version buckets
[coreLoadExecutor-512-thread-1] INFO org.apache.solr.update.VersionInfo - Refreshing highest value of _version_ for 65536 version buckets from index
[coreLoadExecutor-512-thread-1] INFO org.apache.solr.update.VersionInfo - No terms found for _version_, cannot seed version bucket highest value from index
[coreLoadExecutor-512-thread-1] INFO org.apache.solr.update.UpdateLog - Could not find max version in index or recent updates, using new clock 1576087841442627584
[searcherExecutor-513-thread-1] INFO org.apache.solr.handler.component.SpellCheckComponent - Loading spell index for spellchecker: default
[searcherExecutor-513-thread-1] INFO org.apache.solr.core.SolrCore - [core] Registered new searcher Searcher@4d3ea357[core] main{ExitableDirectoryReader(UninvertingDirectoryReader())}
[coreLoadExecutor-512-thread-1] INFO org.apache.solr.update.UpdateLog - Took 1.0ms to seed version buckets with highest version 1576087841442627584
[coreLoadExecutor-512-thread-1] INFO org.apache.solr.core.CoreContainer - registering core: core
[Test worker] INFO org.apache.solr.core.SolrCore.Request - [core]  webapp=null path=/admin/ping params={} hits=0 status=0 QTime=0
[Test worker] INFO org.apache.solr.core.SolrCore.Request - [core]  webapp=null path=/admin/ping params={} status=0 QTime=0
[Test worker] INFO com.rbmhtechnology.vind.solr.SolrSearchServer - Connection to solr server successful
[Test worker] INFO org.apache.solr.core.SolrCore.Request - [core]  webapp=null path=/schema params={} status=0 QTime=0
[Test worker] INFO com.rbmhtechnology.vind.solr.SolrSearchServer - No server provider of type class com.rbmhtechnology.vind.solr.EmbeddedSolrServerProvider found in classpath for server com.rbmhtechnology.vind.solr.SolrSearchServer
[Test worker] INFO org.apache.solr.update.processor.LogUpdateProcessorFactory - [core]  webapp=null path=/update params={}{add=[1 (1576087841447870464)]} 0 2
[Test worker] INFO org.apache.solr.update.processor.LogUpdateProcessorFactory - [core]  webapp=null path=/update params={}{add=[2 (1576087841451016192)]} 0 0
[Test worker] INFO org.apache.solr.update.DirectUpdateHandler2 - start commit{,optimize=false,openSearcher=true,waitSearcher=true,expungeDeletes=false,softCommit=false,prepareCommit=false}
[Test worker] INFO org.apache.solr.update.LoggingInfoStream - [IW][Test worker]: commit: start
[Test worker] INFO org.apache.solr.update.LoggingInfoStream - [IW][Test worker]: commit: enter lock
[Test worker] INFO org.apache.solr.update.LoggingInfoStream - [IW][Test worker]: commit: now prepare
[Test worker] INFO org.apache.solr.update.LoggingInfoStream - [IW][Test worker]: prepareCommit: flush
[Test worker] INFO org.apache.solr.update.LoggingInfoStream - [IW][Test worker]:   index before flush 
[Test worker] INFO org.apache.solr.update.LoggingInfoStream - [DW][Test worker]: startFullFlush
[Test worker] INFO org.apache.solr.update.LoggingInfoStream - [DW][Test worker]: anyChanges? numDocsInRam=2 deletes=true hasTickets:false pendingChangesInFullFlush: false
[Test worker] INFO org.apache.solr.update.LoggingInfoStream - [DWFC][Test worker]: addFlushableState DocumentsWriterPerThread [pendingDeletes=gen=0 1 deleted terms (unique count=1) bytesUsed=169, segment=_0, aborted=false, numDocsInRAM=2, deleteQueue=DWDQ: [ generation: 1 ]]
[Test worker] INFO org.apache.solr.update.LoggingInfoStream - [DWPT][Test worker]: flush postings as segment _0 numDocs=2
[Test worker] INFO org.apache.solr.update.LoggingInfoStream - [IW][Test worker]: 0 msec to write norms
[Test worker] INFO org.apache.solr.update.LoggingInfoStream - [IW][Test worker]: 0 msec to write docValues
[Test worker] INFO org.apache.solr.update.LoggingInfoStream - [IW][Test worker]: 0 msec to finish stored fields
[Test worker] INFO org.apache.solr.update.LoggingInfoStream - [IW][Test worker]: 0 msec to write postings and finish vectors
[Test worker] INFO org.apache.solr.update.LoggingInfoStream - [IW][Test worker]: 0 msec to write fieldInfos
[Test worker] INFO org.apache.solr.update.LoggingInfoStream - [DWPT][Test worker]: new segment has 0 deleted docs
[Test worker] INFO org.apache.solr.update.LoggingInfoStream - [DWPT][Test worker]: new segment has no vectors; norms; docValues; prox; freqs
[Test worker] INFO org.apache.solr.update.LoggingInfoStream - [DWPT][Test worker]: flushedFiles=[_0_Lucene54_0.dvm, _0_Lucene50_0.doc, _0_Lucene50_0.tim, _0_Lucene50_0.pos, _0.nvd, _0.fdx, _0_Lucene54_0.dvd, _0_Lucene50_0.tip, _0.fdt, _0.nvm, _0.fnm]
[Test worker] INFO org.apache.solr.update.LoggingInfoStream - [DWPT][Test worker]: flushed codec=Lucene54
[Test worker] INFO org.apache.solr.update.LoggingInfoStream - [DWPT][Test worker]: flushed: segment=_0 ramUsed=0.379 MB newFlushedSize=0.006 MB docs/MB=331.566
[Test worker] INFO org.apache.solr.update.LoggingInfoStream - [DW][Test worker]: publishFlushedSegment seg-private updates=null
[Test worker] INFO org.apache.solr.update.LoggingInfoStream - [IW][Test worker]: publishFlushedSegment
[Test worker] INFO org.apache.solr.update.LoggingInfoStream - [BD][Test worker]: push deletes  2 deleted terms (unique count=2) bytesUsed=1072 segmentPrivate?=false delGen=2 packetCount=1 totBytesUsed=1072
[Test worker] INFO org.apache.solr.update.LoggingInfoStream - [IW][Test worker]: publish sets newSegment delGen=3 seg=_0(5.5.1):C2
[Test worker] INFO org.apache.solr.update.LoggingInfoStream - [IFD][Test worker]: now checkpoint "_0(5.5.1):C2" [1 segments ; isCommit = false]
[Test worker] INFO org.apache.solr.update.LoggingInfoStream - [IFD][Test worker]: 0 msec to checkpoint
[Test worker] INFO org.apache.solr.update.LoggingInfoStream - [IW][Test worker]: apply all deletes during flush
[Test worker] INFO org.apache.solr.update.LoggingInfoStream - [IW][Test worker]: now apply all deletes for all segments maxDoc=2
[Test worker] INFO org.apache.solr.update.LoggingInfoStream - [BD][Test worker]: applyDeletes: open segment readers took 0 msec
[Test worker] INFO org.apache.solr.update.LoggingInfoStream - [BD][Test worker]: applyDeletes: infos=[_0(5.5.1):C2] packetCount=1
[Test worker] INFO org.apache.solr.update.LoggingInfoStream - [BD][Test worker]: applyDeletes took 0 msec for 1 segments, 0 newly deleted docs (query deletes), 0 visited terms, allDeleted=null
[Test worker] INFO org.apache.solr.update.LoggingInfoStream - [BD][Test worker]: prune sis=segments_1: _0(5.5.1):C2 minGen=3 packetCount=1
[Test worker] INFO org.apache.solr.update.LoggingInfoStream - [BD][Test worker]: pruneDeletes: prune 1 packets; 0 packets remain
[Test worker] INFO org.apache.solr.update.LoggingInfoStream - [DW][Test worker]: Test worker finishFullFlush success=true
[Test worker] INFO org.apache.solr.update.LoggingInfoStream - [TMP][Test worker]: findMerges: 1 segments
[Test worker] INFO org.apache.solr.update.LoggingInfoStream - [TMP][Test worker]:   seg=_0(5.5.1):C2 size=0.006 MB [floored]
[Test worker] INFO org.apache.solr.update.LoggingInfoStream - [TMP][Test worker]:   allowedSegmentCount=1 vs count=1 (eligible count=1) tooBigCount=0
[Test worker] INFO org.apache.solr.update.LoggingInfoStream - [MS][Test worker]: initDynamicDefaults spins=false maxThreadCount=2 maxMergeCount=7
[Test worker] INFO org.apache.solr.update.LoggingInfoStream - [MS][Test worker]: now merge
[Test worker] INFO org.apache.solr.update.LoggingInfoStream - [MS][Test worker]:   index: _0(5.5.1):C2
[Test worker] INFO org.apache.solr.update.LoggingInfoStream - [MS][Test worker]:   no more merges pending; now return
[Test worker] INFO org.apache.solr.update.LoggingInfoStream - [IW][Test worker]: startCommit(): start
[Test worker] INFO org.apache.solr.update.LoggingInfoStream - [IW][Test worker]: startCommit index=_0(5.5.1):C2 changeCount=4
[Test worker] INFO org.apache.solr.update.LoggingInfoStream - [IW][Test worker]: startCommit: wrote pending segments file "pending_segments_2"
[Test worker] INFO org.apache.solr.update.LoggingInfoStream - [IW][Test worker]: done all syncs: [_0.si, _0_Lucene50_0.doc, _0_Lucene50_0.tim, _0_Lucene54_0.dvm, _0_Lucene50_0.pos, _0.nvd, _0.fdx, _0_Lucene54_0.dvd, _0_Lucene50_0.tip, _0.fdt, _0.nvm, _0.fnm]
[Test worker] INFO org.apache.solr.update.LoggingInfoStream - [IW][Test worker]: commit: pendingCommit != null
[Test worker] INFO org.apache.solr.update.LoggingInfoStream - [IW][Test worker]: commit: done writing segments file "segments_2"
[Test worker] INFO org.apache.solr.update.LoggingInfoStream - [IFD][Test worker]: now checkpoint "_0(5.5.1):C2" [1 segments ; isCommit = true]
[Test worker] INFO org.apache.solr.core.SolrDeletionPolicy - SolrDeletionPolicy.onCommit: commits: num=2
	commit{dir=NRTCachingDirectory(MMapDirectory@/tmp/solr-home8996773341036685812/core/data/index lockFactory=org.apache.lucene.store.NativeFSLockFactory@2c3d74f6; maxCacheMB=48.0 maxMergeSizeMB=4.0),segFN=segments_1,generation=1}
	commit{dir=NRTCachingDirectory(MMapDirectory@/tmp/solr-home8996773341036685812/core/data/index lockFactory=org.apache.lucene.store.NativeFSLockFactory@2c3d74f6; maxCacheMB=48.0 maxMergeSizeMB=4.0),segFN=segments_2,generation=2}
[Test worker] INFO org.apache.solr.core.SolrDeletionPolicy - newest commit generation = 2
[Test worker] INFO org.apache.solr.update.LoggingInfoStream - [IFD][Test worker]: deleteCommits: now decRef commit "segments_1"
[Test worker] INFO org.apache.solr.update.LoggingInfoStream - [IFD][Test worker]: delete "segments_1"
[Test worker] INFO org.apache.solr.update.LoggingInfoStream - [IFD][Test worker]: 0 msec to checkpoint
[Test worker] INFO org.apache.solr.update.LoggingInfoStream - [IW][Test worker]: commit: took 56.8 msec
[Test worker] INFO org.apache.solr.update.LoggingInfoStream - [IW][Test worker]: commit: done
[Test worker] INFO org.apache.solr.update.LoggingInfoStream - [IW][Test worker]: nrtIsCurrent: infoVersion matches: false; DW changes: false; BD changes: false
[Test worker] INFO org.apache.solr.update.LoggingInfoStream - [IW][Test worker]: flush at getReader
[Test worker] INFO org.apache.solr.update.LoggingInfoStream - [DW][Test worker]: startFullFlush
[Test worker] INFO org.apache.solr.update.LoggingInfoStream - [IW][Test worker]: apply all deletes during flush
[Test worker] INFO org.apache.solr.update.LoggingInfoStream - [IW][Test worker]: now apply all deletes for all segments maxDoc=2
[Test worker] INFO org.apache.solr.update.LoggingInfoStream - [BD][Test worker]: applyDeletes: open segment readers took 0 msec
[Test worker] INFO org.apache.solr.update.LoggingInfoStream - [BD][Test worker]: applyDeletes: no segments; skipping
[Test worker] INFO org.apache.solr.update.LoggingInfoStream - [BD][Test worker]: prune sis=segments_2: _0(5.5.1):C2 minGen=3 packetCount=0
[Test worker] INFO org.apache.solr.update.LoggingInfoStream - [IW][Test worker]: incRefDeleter for NRT reader version=6 segments=_0(5.5.1):C2
[Test worker] INFO org.apache.solr.update.LoggingInfoStream - [IW][Test worker]: return reader version=6 reader=StandardDirectoryReader(segments_2:6:nrt _0(5.5.1):C2)
[Test worker] INFO org.apache.solr.update.LoggingInfoStream - [DW][Test worker]: Test worker finishFullFlush success=true
[Test worker] INFO org.apache.solr.update.LoggingInfoStream - [IW][Test worker]: getReader took 1 msec
[Test worker] INFO org.apache.solr.search.SolrIndexSearcher - Opening Searcher@17e86eae[core] main
[Test worker] INFO org.apache.solr.update.DirectUpdateHandler2 - end_commit_flush
[searcherExecutor-513-thread-1] INFO org.apache.solr.handler.component.SpellCheckComponent - Building spell index for spell checker: default
[searcherExecutor-513-thread-1] INFO org.apache.solr.core.SolrCore - [core] Registered new searcher Searcher@17e86eae[core] main{ExitableDirectoryReader(UninvertingDirectoryReader(Uninverting(_0(5.5.1):C2)))}
[searcherExecutor-513-thread-1] INFO org.apache.solr.update.LoggingInfoStream - [IW][searcherExecutor-513-thread-1]: decRefDeleter for NRT reader version=2 segments=
[Test worker] INFO org.apache.solr.update.processor.LogUpdateProcessorFactory - [core]  webapp=null path=/update params={commit=true&softCommit=false&waitSearcher=true}{commit=} 0 84
[Test worker] INFO org.apache.solr.core.SolrCore.Request - [core]  webapp=null path=/select params={q=*&fl=*,score&qf=dynamic_single_none_title^1.0&defType=edismax&fq=_type_:asset&start=0&rows=10} hits=2 status=0 QTime=0
[Test worker] INFO org.apache.solr.update.LoggingInfoStream - [DW][Test worker]: anyChanges? numDocsInRam=0 deletes=true hasTickets:false pendingChangesInFullFlush: false
[Test worker] INFO org.apache.solr.update.LoggingInfoStream - [DW][Test worker]: anyChanges? numDocsInRam=0 deletes=true hasTickets:false pendingChangesInFullFlush: false
[Test worker] INFO org.apache.solr.update.LoggingInfoStream - [IW][Test worker]: nrtIsCurrent: infoVersion matches: true; DW changes: true; BD changes: false
[Test worker] INFO org.apache.solr.update.LoggingInfoStream - [IW][Test worker]: flush at getReader
[Test worker] INFO org.apache.solr.update.LoggingInfoStream - [DW][Test worker]: startFullFlush
[Test worker] INFO org.apache.solr.update.LoggingInfoStream - [DW][Test worker]: anyChanges? numDocsInRam=0 deletes=true hasTickets:false pendingChangesInFullFlush: false
[Test worker] INFO org.apache.solr.update.LoggingInfoStream - [DW][Test worker]: Test worker: flush naked frozen global deletes
[Test worker] INFO org.apache.solr.update.LoggingInfoStream - [BD][Test worker]: push deletes  1 deleted queries bytesUsed=80 segmentPrivate?=false delGen=6 packetCount=1 totBytesUsed=80
[Test worker] INFO org.apache.solr.update.LoggingInfoStream - [DW][Test worker]: flush: push buffered updates:  1 deleted queries bytesUsed=80
[Test worker] INFO org.apache.solr.update.LoggingInfoStream - [IW][Test worker]: apply all deletes during flush
[Test worker] INFO org.apache.solr.update.LoggingInfoStream - [IW][Test worker]: now apply all deletes for all segments maxDoc=2
[Test worker] INFO org.apache.solr.update.LoggingInfoStream - [BD][Test worker]: applyDeletes: open segment readers took 0 msec
[Test worker] INFO org.apache.solr.update.LoggingInfoStream - [BD][Test worker]: applyDeletes: infos=[_0(5.5.1):C2] packetCount=1
[Test worker] INFO org.apache.solr.update.LoggingInfoStream - [BD][Test worker]: applyDeletes: 1 new deleted documents
[Test worker] INFO org.apache.solr.update.LoggingInfoStream - [BD][Test worker]: applyDeletes took 0 msec for 1 segments, 1 newly deleted docs (query deletes), 0 visited terms, allDeleted=null
[Test worker] INFO org.apache.solr.update.LoggingInfoStream - [IFD][Test worker]: now checkpoint "_0(5.5.1):C2/1" [1 segments ; isCommit = false]
[Test worker] INFO org.apache.solr.update.LoggingInfoStream - [IFD][Test worker]: 0 msec to checkpoint
[Test worker] INFO org.apache.solr.update.LoggingInfoStream - [BD][Test worker]: prune sis=segments_2: _0(5.5.1):C2 minGen=7 packetCount=1
[Test worker] INFO org.apache.solr.update.LoggingInfoStream - [BD][Test worker]: pruneDeletes: prune 1 packets; 0 packets remain
[Test worker] INFO org.apache.solr.update.LoggingInfoStream - [IW][Test worker]: incRefDeleter for NRT reader version=7 segments=_0(5.5.1):C2
[Test worker] INFO org.apache.solr.update.LoggingInfoStream - [IW][Test worker]: return reader version=7 reader=StandardDirectoryReader(segments_2:7:nrt _0(5.5.1):C2/1)
[Test worker] INFO org.apache.solr.update.LoggingInfoStream - [DW][Test worker]: Test worker finishFullFlush success=true
[Test worker] INFO org.apache.solr.update.LoggingInfoStream - [TMP][Test worker]: findMerges: 1 segments
[Test worker] INFO org.apache.solr.update.LoggingInfoStream - [TMP][Test worker]:   seg=_0(5.5.1):C2/1 size=0.003 MB [floored]
[Test worker] INFO org.apache.solr.update.LoggingInfoStream - [TMP][Test worker]:   allowedSegmentCount=1 vs count=1 (eligible count=1) tooBigCount=0
[Test worker] INFO org.apache.solr.update.LoggingInfoStream - [MS][Test worker]: now merge
[Test worker] INFO org.apache.solr.update.LoggingInfoStream - [MS][Test worker]:   index: _0(5.5.1):C2/1
[Test worker] INFO org.apache.solr.update.LoggingInfoStream - [MS][Test worker]:   no more merges pending; now return
[Test worker] INFO org.apache.solr.update.LoggingInfoStream - [IW][Test worker]: getReader took 1 msec
[Test worker] INFO org.apache.solr.search.SolrIndexSearcher - Opening Searcher@68afbeb6[core] realtime
[Test worker] INFO org.apache.solr.update.processor.LogUpdateProcessorFactory - [core]  webapp=null path=/update params={}{deleteByQuery=+_type_:asset +dynamic_single_facet_date_created:[* TO 2017-08-18T15:41:34.789Z] (-1576087841543290880)} 0 2
[Test worker] INFO org.apache.solr.update.DirectUpdateHandler2 - start commit{,optimize=false,openSearcher=true,waitSearcher=true,expungeDeletes=false,softCommit=false,prepareCommit=false}
[Test worker] INFO org.apache.solr.update.LoggingInfoStream - [IW][Test worker]: commit: start
[Test worker] INFO org.apache.solr.update.LoggingInfoStream - [IW][Test worker]: commit: enter lock
[Test worker] INFO org.apache.solr.update.LoggingInfoStream - [IW][Test worker]: commit: now prepare
[Test worker] INFO org.apache.solr.update.LoggingInfoStream - [IW][Test worker]: prepareCommit: flush
[Test worker] INFO org.apache.solr.update.LoggingInfoStream - [IW][Test worker]:   index before flush _0(5.5.1):C2/1
[Test worker] INFO org.apache.solr.update.LoggingInfoStream - [DW][Test worker]: startFullFlush
[Test worker] INFO org.apache.solr.update.LoggingInfoStream - [IW][Test worker]: apply all deletes during flush
[Test worker] INFO org.apache.solr.update.LoggingInfoStream - [IW][Test worker]: now apply all deletes for all segments maxDoc=2
[Test worker] INFO org.apache.solr.update.LoggingInfoStream - [BD][Test worker]: applyDeletes: open segment readers took 0 msec
[Test worker] INFO org.apache.solr.update.LoggingInfoStream - [BD][Test worker]: applyDeletes: no segments; skipping
[Test worker] INFO org.apache.solr.update.LoggingInfoStream - [BD][Test worker]: prune sis=segments_2: _0(5.5.1):C2 minGen=7 packetCount=0
[Test worker] INFO org.apache.solr.update.LoggingInfoStream - [IFD][Test worker]: now checkpoint "_0(5.5.1):C2/1:delGen=1" [1 segments ; isCommit = false]
[Test worker] INFO org.apache.solr.update.LoggingInfoStream - [IFD][Test worker]: 0 msec to checkpoint
[Test worker] INFO org.apache.solr.update.LoggingInfoStream - [DW][Test worker]: Test worker finishFullFlush success=true
[Test worker] INFO org.apache.solr.update.LoggingInfoStream - [IW][Test worker]: startCommit(): start
[Test worker] INFO org.apache.solr.update.LoggingInfoStream - [IW][Test worker]: startCommit index=_0(5.5.1):C2/1:delGen=1 changeCount=8
[Test worker] INFO org.apache.solr.update.LoggingInfoStream - [IW][Test worker]: startCommit: wrote pending segments file "pending_segments_3"
[Test worker] INFO org.apache.solr.update.LoggingInfoStream - [IW][Test worker]: done all syncs: [_0.si, _0_Lucene50_0.doc, _0_Lucene50_0.tim, _0_Lucene50_0.pos, _0.nvd, _0.fdx, _0_Lucene50_0.tip, _0.fdt, _0_1.liv, _0_Lucene54_0.dvm, _0_Lucene54_0.dvd, _0.nvm, _0.fnm]
[Test worker] INFO org.apache.solr.update.LoggingInfoStream - [IW][Test worker]: commit: pendingCommit != null
[Test worker] INFO org.apache.solr.update.LoggingInfoStream - [IW][Test worker]: commit: done writing segments file "segments_3"
[Test worker] INFO org.apache.solr.update.LoggingInfoStream - [IFD][Test worker]: now checkpoint "_0(5.5.1):C2/1:delGen=1" [1 segments ; isCommit = true]
[Test worker] INFO org.apache.solr.core.SolrDeletionPolicy - SolrDeletionPolicy.onCommit: commits: num=2
	commit{dir=NRTCachingDirectory(MMapDirectory@/tmp/solr-home8996773341036685812/core/data/index lockFactory=org.apache.lucene.store.NativeFSLockFactory@2c3d74f6; maxCacheMB=48.0 maxMergeSizeMB=4.0),segFN=segments_2,generation=2}
	commit{dir=NRTCachingDirectory(MMapDirectory@/tmp/solr-home8996773341036685812/core/data/index lockFactory=org.apache.lucene.store.NativeFSLockFactory@2c3d74f6; maxCacheMB=48.0 maxMergeSizeMB=4.0),segFN=segments_3,generation=3}
[Test worker] INFO org.apache.solr.core.SolrDeletionPolicy - newest commit generation = 3
[Test worker] INFO org.apache.solr.update.LoggingInfoStream - [IFD][Test worker]: deleteCommits: now decRef commit "segments_2"
[Test worker] INFO org.apache.solr.update.LoggingInfoStream - [IFD][Test worker]: delete "segments_2"
[Test worker] INFO org.apache.solr.update.LoggingInfoStream - [IFD][Test worker]: 0 msec to checkpoint
[Test worker] INFO org.apache.solr.update.LoggingInfoStream - [IW][Test worker]: commit: took 18.5 msec
[Test worker] INFO org.apache.solr.update.LoggingInfoStream - [IW][Test worker]: commit: done
[Test worker] INFO org.apache.solr.update.LoggingInfoStream - [IW][Test worker]: nrtIsCurrent: infoVersion matches: false; DW changes: false; BD changes: false
[Test worker] INFO org.apache.solr.update.LoggingInfoStream - [IW][Test worker]: flush at getReader
[Test worker] INFO org.apache.solr.update.LoggingInfoStream - [DW][Test worker]: startFullFlush
[Test worker] INFO org.apache.solr.update.LoggingInfoStream - [IW][Test worker]: apply all deletes during flush
[Test worker] INFO org.apache.solr.update.LoggingInfoStream - [IW][Test worker]: now apply all deletes for all segments maxDoc=2
[Test worker] INFO org.apache.solr.update.LoggingInfoStream - [BD][Test worker]: applyDeletes: open segment readers took 0 msec
[Test worker] INFO org.apache.solr.update.LoggingInfoStream - [BD][Test worker]: applyDeletes: no segments; skipping
[Test worker] INFO org.apache.solr.update.LoggingInfoStream - [BD][Test worker]: prune sis=segments_3: _0(5.5.1):C2/1:delGen=1 minGen=7 packetCount=0
[Test worker] INFO org.apache.solr.update.LoggingInfoStream - [IW][Test worker]: incRefDeleter for NRT reader version=9 segments=_0(5.5.1):C2/1:delGen=1
[Test worker] INFO org.apache.solr.update.LoggingInfoStream - [IW][Test worker]: return reader version=9 reader=StandardDirectoryReader(segments_3:9:nrt _0(5.5.1):C2/1:delGen=1)
[Test worker] INFO org.apache.solr.update.LoggingInfoStream - [DW][Test worker]: Test worker finishFullFlush success=true
[Test worker] INFO org.apache.solr.update.LoggingInfoStream - [IW][Test worker]: getReader took 0 msec
[Test worker] INFO org.apache.solr.search.SolrIndexSearcher - Opening Searcher@2f9c45f8[core] main
[Test worker] INFO org.apache.solr.update.LoggingInfoStream - [IW][Test worker]: decRefDeleter for NRT reader version=7 segments=_0(5.5.1):C2
[searcherExecutor-513-thread-1] INFO org.apache.solr.handler.component.SpellCheckComponent - Building spell index for spell checker: default
[Test worker] INFO org.apache.solr.update.DirectUpdateHandler2 - end_commit_flush
[searcherExecutor-513-thread-1] INFO org.apache.solr.core.SolrCore - [core] Registered new searcher Searcher@2f9c45f8[core] main{ExitableDirectoryReader(UninvertingDirectoryReader(Uninverting(_0(5.5.1):C2/1:delGen=1)))}
[searcherExecutor-513-thread-1] INFO org.apache.solr.update.LoggingInfoStream - [IW][searcherExecutor-513-thread-1]: decRefDeleter for NRT reader version=6 segments=_0(5.5.1):C2
[Test worker] INFO org.apache.solr.update.processor.LogUpdateProcessorFactory - [core]  webapp=null path=/update params={commit=true&softCommit=false&waitSearcher=true}{commit=} 0 45
[Test worker] INFO org.apache.solr.core.SolrCore.Request - [core]  webapp=null path=/select params={q=*&fl=*,score&qf=dynamic_single_none_title^1.0&defType=edismax&fq=_type_:asset&start=0&rows=10} hits=1 status=0 QTime=0
[Test worker] INFO org.apache.solr.update.LoggingInfoStream - [DW][Test worker]: anyChanges? numDocsInRam=0 deletes=true hasTickets:false pendingChangesInFullFlush: false
[Test worker] INFO org.apache.solr.update.LoggingInfoStream - [DW][Test worker]: anyChanges? numDocsInRam=0 deletes=true hasTickets:false pendingChangesInFullFlush: false
[Test worker] INFO org.apache.solr.update.LoggingInfoStream - [IW][Test worker]: nrtIsCurrent: infoVersion matches: true; DW changes: true; BD changes: false
[Test worker] INFO org.apache.solr.update.LoggingInfoStream - [IW][Test worker]: flush at getReader
[Test worker] INFO org.apache.solr.update.LoggingInfoStream - [DW][Test worker]: startFullFlush
[Test worker] INFO org.apache.solr.update.LoggingInfoStream - [DW][Test worker]: anyChanges? numDocsInRam=0 deletes=true hasTickets:false pendingChangesInFullFlush: false
[Test worker] INFO org.apache.solr.update.LoggingInfoStream - [DW][Test worker]: Test worker: flush naked frozen global deletes
[Test worker] INFO org.apache.solr.update.LoggingInfoStream - [BD][Test worker]: push deletes  1 deleted queries bytesUsed=80 segmentPrivate?=false delGen=10 packetCount=1 totBytesUsed=80
[Test worker] INFO org.apache.solr.update.LoggingInfoStream - [DW][Test worker]: flush: push buffered updates:  1 deleted queries bytesUsed=80
[Test worker] INFO org.apache.solr.update.LoggingInfoStream - [IW][Test worker]: apply all deletes during flush
[Test worker] INFO org.apache.solr.update.LoggingInfoStream - [IW][Test worker]: now apply all deletes for all segments maxDoc=2
[Test worker] INFO org.apache.solr.update.LoggingInfoStream - [BD][Test worker]: applyDeletes: open segment readers took 0 msec
[Test worker] INFO org.apache.solr.update.LoggingInfoStream - [BD][Test worker]: applyDeletes: infos=[_0(5.5.1):C2/1:delGen=1] packetCount=1
[Test worker] INFO org.apache.solr.update.LoggingInfoStream - [BD][Test worker]: applyDeletes: 1 new deleted documents
[Test worker] INFO org.apache.solr.update.LoggingInfoStream - [BD][Test worker]: applyDeletes took 1 msec for 1 segments, 1 newly deleted docs (query deletes), 0 visited terms, allDeleted=[_0(5.5.1):C2/1:delGen=1]
[Test worker] INFO org.apache.solr.update.LoggingInfoStream - [IFD][Test worker]: now checkpoint "_0(5.5.1):C2/2:delGen=1" [1 segments ; isCommit = false]
[Test worker] INFO org.apache.solr.update.LoggingInfoStream - [IFD][Test worker]: 0 msec to checkpoint
[Test worker] INFO org.apache.solr.update.LoggingInfoStream - [IW][Test worker]: drop 100% deleted segments: _0(5.5.1):C2/2:delGen=1
[Test worker] INFO org.apache.solr.update.LoggingInfoStream - [IFD][Test worker]: now checkpoint "" [0 segments ; isCommit = false]
[Test worker] INFO org.apache.solr.update.LoggingInfoStream - [IFD][Test worker]: 0 msec to checkpoint
[Test worker] INFO org.apache.solr.update.LoggingInfoStream - [BD][Test worker]: prune sis=segments_3:  minGen=9223372036854775807 packetCount=1
[Test worker] INFO org.apache.solr.update.LoggingInfoStream - [BD][Test worker]: pruneDeletes: prune 1 packets; 0 packets remain
[Test worker] INFO org.apache.solr.update.LoggingInfoStream - [IW][Test worker]: incRefDeleter for NRT reader version=11 segments=
[Test worker] INFO org.apache.solr.update.LoggingInfoStream - [IW][Test worker]: return reader version=11 reader=StandardDirectoryReader(segments_3:11:nrt)
[Test worker] INFO org.apache.solr.update.LoggingInfoStream - [DW][Test worker]: Test worker finishFullFlush success=true
[Test worker] INFO org.apache.solr.update.LoggingInfoStream - [TMP][Test worker]: findMerges: 0 segments
[Test worker] INFO org.apache.solr.update.LoggingInfoStream - [MS][Test worker]: now merge
[Test worker] INFO org.apache.solr.update.LoggingInfoStream - [MS][Test worker]:   index: 
[Test worker] INFO org.apache.solr.update.LoggingInfoStream - [MS][Test worker]:   no more merges pending; now return
[Test worker] INFO org.apache.solr.update.LoggingInfoStream - [IW][Test worker]: getReader took 1 msec
[Test worker] INFO org.apache.solr.search.SolrIndexSearcher - Opening Searcher@1db987a8[core] realtime
[Test worker] INFO org.apache.solr.update.processor.LogUpdateProcessorFactory - [core]  webapp=null path=/update params={}{deleteByQuery=+_type_:asset +dynamic_single_facet_string_title:"Hello Friends" (-1576087841594671104)} 0 1
[Test worker] INFO org.apache.solr.update.DirectUpdateHandler2 - start commit{,optimize=false,openSearcher=true,waitSearcher=true,expungeDeletes=false,softCommit=false,prepareCommit=false}
[Test worker] INFO org.apache.solr.update.LoggingInfoStream - [IW][Test worker]: commit: start
[Test worker] INFO org.apache.solr.update.LoggingInfoStream - [IW][Test worker]: commit: enter lock
[Test worker] INFO org.apache.solr.update.LoggingInfoStream - [IW][Test worker]: commit: now prepare
[Test worker] INFO org.apache.solr.update.LoggingInfoStream - [IW][Test worker]: prepareCommit: flush
[Test worker] INFO org.apache.solr.update.LoggingInfoStream - [IW][Test worker]:   index before flush 
[Test worker] INFO org.apache.solr.update.LoggingInfoStream - [DW][Test worker]: startFullFlush
[Test worker] INFO org.apache.solr.update.LoggingInfoStream - [IW][Test worker]: apply all deletes during flush
[Test worker] INFO org.apache.solr.update.LoggingInfoStream - [IW][Test worker]: now apply all deletes for all segments maxDoc=0
[Test worker] INFO org.apache.solr.update.LoggingInfoStream - [BD][Test worker]: prune sis=segments_3:  minGen=9223372036854775807 packetCount=0
[Test worker] INFO org.apache.solr.update.LoggingInfoStream - [DW][Test worker]: Test worker finishFullFlush success=true
[Test worker] INFO org.apache.solr.update.LoggingInfoStream - [IW][Test worker]: startCommit(): start
[Test worker] INFO org.apache.solr.update.LoggingInfoStream - [IW][Test worker]: startCommit index= changeCount=12
[Test worker] INFO org.apache.solr.update.LoggingInfoStream - [IW][Test worker]: startCommit: wrote pending segments file "pending_segments_4"
[Test worker] INFO org.apache.solr.update.LoggingInfoStream - [IW][Test worker]: done all syncs: []
[Test worker] INFO org.apache.solr.update.LoggingInfoStream - [IW][Test worker]: commit: pendingCommit != null
[Test worker] INFO org.apache.solr.update.LoggingInfoStream - [IW][Test worker]: commit: done writing segments file "segments_4"
[Test worker] INFO org.apache.solr.update.LoggingInfoStream - [IFD][Test worker]: now checkpoint "" [0 segments ; isCommit = true]
[Test worker] INFO org.apache.solr.core.SolrDeletionPolicy - SolrDeletionPolicy.onCommit: commits: num=2
	commit{dir=NRTCachingDirectory(MMapDirectory@/tmp/solr-home8996773341036685812/core/data/index lockFactory=org.apache.lucene.store.NativeFSLockFactory@2c3d74f6; maxCacheMB=48.0 maxMergeSizeMB=4.0),segFN=segments_3,generation=3}
	commit{dir=NRTCachingDirectory(MMapDirectory@/tmp/solr-home8996773341036685812/core/data/index lockFactory=org.apache.lucene.store.NativeFSLockFactory@2c3d74f6; maxCacheMB=48.0 maxMergeSizeMB=4.0),segFN=segments_4,generation=4}
[Test worker] INFO org.apache.solr.core.SolrDeletionPolicy - newest commit generation = 4
[Test worker] INFO org.apache.solr.update.LoggingInfoStream - [IFD][Test worker]: deleteCommits: now decRef commit "segments_3"
[Test worker] INFO org.apache.solr.update.LoggingInfoStream - [IFD][Test worker]: delete "segments_3"
[Test worker] INFO org.apache.solr.update.LoggingInfoStream - [IFD][Test worker]: 0 msec to checkpoint
[Test worker] INFO org.apache.solr.update.LoggingInfoStream - [IW][Test worker]: commit: took 5.1 msec
[Test worker] INFO org.apache.solr.update.LoggingInfoStream - [IW][Test worker]: commit: done
[Test worker] INFO org.apache.solr.update.LoggingInfoStream - [IW][Test worker]: nrtIsCurrent: infoVersion matches: false; DW changes: false; BD changes: false
[Test worker] INFO org.apache.solr.update.LoggingInfoStream - [IW][Test worker]: flush at getReader
[Test worker] INFO org.apache.solr.update.LoggingInfoStream - [DW][Test worker]: startFullFlush
[Test worker] INFO org.apache.solr.update.LoggingInfoStream - [IW][Test worker]: apply all deletes during flush
[Test worker] INFO org.apache.solr.update.LoggingInfoStream - [IW][Test worker]: now apply all deletes for all segments maxDoc=0
[Test worker] INFO org.apache.solr.update.LoggingInfoStream - [BD][Test worker]: prune sis=segments_4:  minGen=9223372036854775807 packetCount=0
[Test worker] INFO org.apache.solr.update.LoggingInfoStream - [IW][Test worker]: incRefDeleter for NRT reader version=13 segments=
[Test worker] INFO org.apache.solr.update.LoggingInfoStream - [IW][Test worker]: return reader version=13 reader=StandardDirectoryReader(segments_4:13:nrt)
[Test worker] INFO org.apache.solr.update.LoggingInfoStream - [DW][Test worker]: Test worker finishFullFlush success=true
[Test worker] INFO org.apache.solr.update.LoggingInfoStream - [IW][Test worker]: getReader took 1 msec
[Test worker] INFO org.apache.solr.search.SolrIndexSearcher - Opening Searcher@44808db9[core] main
[Test worker] INFO org.apache.solr.update.LoggingInfoStream - [IW][Test worker]: decRefDeleter for NRT reader version=11 segments=
[searcherExecutor-513-thread-1] INFO org.apache.solr.handler.component.SpellCheckComponent - Index is not optimized therefore skipping building spell check index for: default
[Test worker] INFO org.apache.solr.update.DirectUpdateHandler2 - end_commit_flush
[searcherExecutor-513-thread-1] INFO org.apache.solr.core.SolrCore - [core] Registered new searcher Searcher@44808db9[core] main{ExitableDirectoryReader(UninvertingDirectoryReader())}
[searcherExecutor-513-thread-1] INFO org.apache.solr.update.LoggingInfoStream - [IFD][searcherExecutor-513-thread-1]: delete "_0.si"
[searcherExecutor-513-thread-1] INFO org.apache.solr.update.LoggingInfoStream - [IFD][searcherExecutor-513-thread-1]: delete "_0_Lucene50_0.doc"
[searcherExecutor-513-thread-1] INFO org.apache.solr.update.LoggingInfoStream - [IFD][searcherExecutor-513-thread-1]: delete "_0_Lucene50_0.tim"
[searcherExecutor-513-thread-1] INFO org.apache.solr.update.LoggingInfoStream - [IFD][searcherExecutor-513-thread-1]: delete "_0_Lucene50_0.pos"
[searcherExecutor-513-thread-1] INFO org.apache.solr.update.LoggingInfoStream - [IFD][searcherExecutor-513-thread-1]: delete "_0.nvd"
[searcherExecutor-513-thread-1] INFO org.apache.solr.update.LoggingInfoStream - [IFD][searcherExecutor-513-thread-1]: delete "_0.fdx"
[searcherExecutor-513-thread-1] INFO org.apache.solr.update.LoggingInfoStream - [IFD][searcherExecutor-513-thread-1]: delete "_0_Lucene50_0.tip"
[searcherExecutor-513-thread-1] INFO org.apache.solr.update.LoggingInfoStream - [IFD][searcherExecutor-513-thread-1]: delete "_0.fdt"
[searcherExecutor-513-thread-1] INFO org.apache.solr.update.LoggingInfoStream - [IFD][searcherExecutor-513-thread-1]: delete "_0_1.liv"
[searcherExecutor-513-thread-1] INFO org.apache.solr.update.LoggingInfoStream - [IFD][searcherExecutor-513-thread-1]: delete "_0_Lucene54_0.dvm"
[searcherExecutor-513-thread-1] INFO org.apache.solr.update.LoggingInfoStream - [IFD][searcherExecutor-513-thread-1]: delete "_0_Lucene54_0.dvd"
[searcherExecutor-513-thread-1] INFO org.apache.solr.update.LoggingInfoStream - [IFD][searcherExecutor-513-thread-1]: delete "_0.nvm"
[searcherExecutor-513-thread-1] INFO org.apache.solr.update.LoggingInfoStream - [IFD][searcherExecutor-513-thread-1]: delete "_0.fnm"
[searcherExecutor-513-thread-1] INFO org.apache.solr.update.LoggingInfoStream - [IW][searcherExecutor-513-thread-1]: decRefDeleter for NRT reader version=9 segments=_0(5.5.1):C2/1:delGen=1
[Test worker] INFO org.apache.solr.update.processor.LogUpdateProcessorFactory - [core]  webapp=null path=/update params={commit=true&softCommit=false&waitSearcher=true}{commit=} 0 6
[Test worker] INFO org.apache.solr.core.SolrCore.Request - [core]  webapp=null path=/select params={q=*&fl=*,score&qf=dynamic_single_none_title^1.0&defType=edismax&fq=_type_:asset&start=0&rows=10} hits=0 status=0 QTime=0
[Test worker] INFO org.apache.solr.core.CoreContainer - Shutting down CoreContainer instance=1363201479
[coreCloseExecutor-518-thread-1] INFO org.apache.solr.core.SolrCore - [core]  CLOSING SolrCore org.apache.solr.core.SolrCore@1b9c3cac
[coreCloseExecutor-518-thread-1] INFO org.apache.solr.update.DirectUpdateHandler2 - closing DirectUpdateHandler2{commits=3,autocommit maxTime=15000ms,autocommits=0,soft autocommits=0,optimizes=0,rollbacks=0,expungeDeletes=0,docsPending=0,adds=0,deletesById=0,deletesByQuery=0,errors=0,cumulative_adds=2,cumulative_deletesById=0,cumulative_deletesByQuery=2,cumulative_errors=0,transaction_logs_total_size=1294,transaction_logs_total_number=3}
[coreCloseExecutor-518-thread-1] INFO org.apache.solr.update.SolrCoreState - Closing SolrCoreState
[coreCloseExecutor-518-thread-1] INFO org.apache.solr.update.DefaultSolrCoreState - SolrCoreState ref count has reached 0 - closing IndexWriter
[coreCloseExecutor-518-thread-1] INFO org.apache.solr.update.DefaultSolrCoreState - closing IndexWriter with IndexWriterCloser
[coreCloseExecutor-518-thread-1] INFO org.apache.solr.update.LoggingInfoStream - [IW][coreCloseExecutor-518-thread-1]: now flush at close
[coreCloseExecutor-518-thread-1] INFO org.apache.solr.update.LoggingInfoStream - [IW][coreCloseExecutor-518-thread-1]:   start flush: applyAllDeletes=true
[coreCloseExecutor-518-thread-1] INFO org.apache.solr.update.LoggingInfoStream - [IW][coreCloseExecutor-518-thread-1]:   index before flush 
[coreCloseExecutor-518-thread-1] INFO org.apache.solr.update.LoggingInfoStream - [DW][coreCloseExecutor-518-thread-1]: startFullFlush
[coreCloseExecutor-518-thread-1] INFO org.apache.solr.update.LoggingInfoStream - [DW][coreCloseExecutor-518-thread-1]: coreCloseExecutor-518-thread-1 finishFullFlush success=true
[coreCloseExecutor-518-thread-1] INFO org.apache.solr.update.LoggingInfoStream - [IW][coreCloseExecutor-518-thread-1]: apply all deletes during flush
[coreCloseExecutor-518-thread-1] INFO org.apache.solr.update.LoggingInfoStream - [IW][coreCloseExecutor-518-thread-1]: now apply all deletes for all segments maxDoc=0
[coreCloseExecutor-518-thread-1] INFO org.apache.solr.update.LoggingInfoStream - [BD][coreCloseExecutor-518-thread-1]: prune sis=segments_4:  minGen=9223372036854775807 packetCount=0
[coreCloseExecutor-518-thread-1] INFO org.apache.solr.update.LoggingInfoStream - [MS][coreCloseExecutor-518-thread-1]: updateMergeThreads ioThrottle=true targetMBPerSec=10240.0 MB/sec
[coreCloseExecutor-518-thread-1] INFO org.apache.solr.update.LoggingInfoStream - [MS][coreCloseExecutor-518-thread-1]: now merge
[coreCloseExecutor-518-thread-1] INFO org.apache.solr.update.LoggingInfoStream - [MS][coreCloseExecutor-518-thread-1]:   index: 
[coreCloseExecutor-518-thread-1] INFO org.apache.solr.update.LoggingInfoStream - [MS][coreCloseExecutor-518-thread-1]:   no more merges pending; now return
[coreCloseExecutor-518-thread-1] INFO org.apache.solr.update.LoggingInfoStream - [IW][coreCloseExecutor-518-thread-1]: waitForMerges
[coreCloseExecutor-518-thread-1] INFO org.apache.solr.update.LoggingInfoStream - [IW][coreCloseExecutor-518-thread-1]: waitForMerges done
[coreCloseExecutor-518-thread-1] INFO org.apache.solr.update.LoggingInfoStream - [IW][coreCloseExecutor-518-thread-1]: commit: start
[coreCloseExecutor-518-thread-1] INFO org.apache.solr.update.LoggingInfoStream - [IW][coreCloseExecutor-518-thread-1]: commit: enter lock
[coreCloseExecutor-518-thread-1] INFO org.apache.solr.update.LoggingInfoStream - [IW][coreCloseExecutor-518-thread-1]: commit: now prepare
[coreCloseExecutor-518-thread-1] INFO org.apache.solr.update.LoggingInfoStream - [IW][coreCloseExecutor-518-thread-1]: prepareCommit: flush
[coreCloseExecutor-518-thread-1] INFO org.apache.solr.update.LoggingInfoStream - [IW][coreCloseExecutor-518-thread-1]:   index before flush 
[coreCloseExecutor-518-thread-1] INFO org.apache.solr.update.LoggingInfoStream - [DW][coreCloseExecutor-518-thread-1]: startFullFlush
[coreCloseExecutor-518-thread-1] INFO org.apache.solr.update.LoggingInfoStream - [IW][coreCloseExecutor-518-thread-1]: apply all deletes during flush
[coreCloseExecutor-518-thread-1] INFO org.apache.solr.update.LoggingInfoStream - [IW][coreCloseExecutor-518-thread-1]: now apply all deletes for all segments maxDoc=0
[coreCloseExecutor-518-thread-1] INFO org.apache.solr.update.LoggingInfoStream - [BD][coreCloseExecutor-518-thread-1]: prune sis=segments_4:  minGen=9223372036854775807 packetCount=0
[coreCloseExecutor-518-thread-1] INFO org.apache.solr.update.LoggingInfoStream - [DW][coreCloseExecutor-518-thread-1]: coreCloseExecutor-518-thread-1 finishFullFlush success=true
[coreCloseExecutor-518-thread-1] INFO org.apache.solr.update.LoggingInfoStream - [IW][coreCloseExecutor-518-thread-1]: startCommit(): start
[coreCloseExecutor-518-thread-1] INFO org.apache.solr.update.LoggingInfoStream - [IW][coreCloseExecutor-518-thread-1]:   skip startCommit(): no changes pending
[coreCloseExecutor-518-thread-1] INFO org.apache.solr.update.LoggingInfoStream - [IW][coreCloseExecutor-518-thread-1]: commit: pendingCommit == null; skip
[coreCloseExecutor-518-thread-1] INFO org.apache.solr.update.LoggingInfoStream - [IW][coreCloseExecutor-518-thread-1]: commit: took 0.1 msec
[coreCloseExecutor-518-thread-1] INFO org.apache.solr.update.LoggingInfoStream - [IW][coreCloseExecutor-518-thread-1]: commit: done
[coreCloseExecutor-518-thread-1] INFO org.apache.solr.update.LoggingInfoStream - [IW][coreCloseExecutor-518-thread-1]: rollback
[coreCloseExecutor-518-thread-1] INFO org.apache.solr.update.LoggingInfoStream - [IW][coreCloseExecutor-518-thread-1]: all running merges have aborted
[coreCloseExecutor-518-thread-1] INFO org.apache.solr.update.LoggingInfoStream - [IW][coreCloseExecutor-518-thread-1]: rollback: done finish merges
[coreCloseExecutor-518-thread-1] INFO org.apache.solr.update.LoggingInfoStream - [DW][coreCloseExecutor-518-thread-1]: abort
[coreCloseExecutor-518-thread-1] INFO org.apache.solr.update.LoggingInfoStream - [DW][coreCloseExecutor-518-thread-1]: done abort success=true
[coreCloseExecutor-518-thread-1] INFO org.apache.solr.update.LoggingInfoStream - [IW][coreCloseExecutor-518-thread-1]: rollback: infos=
[coreCloseExecutor-518-thread-1] INFO org.apache.solr.update.LoggingInfoStream - [IFD][coreCloseExecutor-518-thread-1]: now checkpoint "" [0 segments ; isCommit = false]
[coreCloseExecutor-518-thread-1] INFO org.apache.solr.update.LoggingInfoStream - [IFD][coreCloseExecutor-518-thread-1]: 0 msec to checkpoint
[coreCloseExecutor-518-thread-1] INFO org.apache.solr.core.SolrCore - [core] Closing main searcher on request.
[coreCloseExecutor-518-thread-1] INFO org.apache.solr.core.CachingDirectoryFactory - Closing NRTCachingDirectoryFactory - 2 directories currently being tracked
[coreCloseExecutor-518-thread-1] INFO org.apache.solr.core.CachingDirectoryFactory - looking to close /tmp/solr-home8996773341036685812/core/data/index [CachedDir<<refCount=0;path=/tmp/solr-home8996773341036685812/core/data/index;done=false>>]
[coreCloseExecutor-518-thread-1] INFO org.apache.solr.core.CachingDirectoryFactory - Closing directory: /tmp/solr-home8996773341036685812/core/data/index
[coreCloseExecutor-518-thread-1] INFO org.apache.solr.core.CachingDirectoryFactory - looking to close /tmp/solr-home8996773341036685812/core/data [CachedDir<<refCount=0;path=/tmp/solr-home8996773341036685812/core/data;done=false>>]
[coreCloseExecutor-518-thread-1] INFO org.apache.solr.core.CachingDirectoryFactory - Closing directory: /tmp/solr-home8996773341036685812/core/data
[Test worker] INFO com.rbmhtechnology.vind.solr.SolrSearchServer - No server provider of type class com.rbmhtechnology.vind.solr.EmbeddedSolrServerProvider found in classpath for server com.rbmhtechnology.vind.solr.SolrSearchServer
[Test worker] INFO com.rbmhtechnology.vind.solr.SolrSearchServer - No server provider of type class com.rbmhtechnology.vind.solr.EmbeddedSolrServerProvider found in classpath for server com.rbmhtechnology.vind.solr.SolrSearchServer
[Test worker] INFO org.apache.solr.core.SolrResourceLoader - new SolrResourceLoader for directory: '/tmp/solr-home8288667206474285054'
[Test worker] INFO org.apache.solr.core.SolrResourceLoader - JNDI not configured for solr (NoInitialContextEx)
[Test worker] INFO org.apache.solr.core.SolrResourceLoader - solr home defaulted to 'solr/' (could not find system property or JNDI)
[Test worker] INFO org.apache.solr.core.SolrXmlConfig - Loading container configuration from /tmp/solr-home8288667206474285054/solr.xml
[Test worker] INFO org.apache.solr.core.CorePropertiesLocator - Config-defined core root directory: /tmp/solr-home8288667206474285054
[Test worker] INFO org.apache.solr.core.CoreContainer - New CoreContainer 1572795258
[Test worker] INFO org.apache.solr.core.CoreContainer - Loading cores into CoreContainer [instanceDir=/tmp/solr-home8288667206474285054]
[Test worker] WARN org.apache.solr.core.CoreContainer - Couldn't add files from /tmp/solr-home8288667206474285054/lib to classpath: /tmp/solr-home8288667206474285054/lib
[Test worker] INFO org.apache.solr.handler.component.HttpShardHandlerFactory - created with socketTimeout : 120000,connTimeout : 15000,maxConnectionsPerHost : 20,maxConnections : 10000,corePoolSize : 0,maximumPoolSize : 2147483647,maxThreadIdleTime : 5,sizeOfQueue : -1,fairnessPolicy : false,useRetries : false,
[Test worker] INFO org.apache.solr.update.UpdateShardHandler - Creating UpdateShardHandler HTTP client with params: socketTimeout=600000&connTimeout=60000&retry=true
[Test worker] INFO org.apache.solr.logging.LogWatcher - SLF4J impl is org.slf4j.impl.SimpleLoggerFactory
[Test worker] INFO org.apache.solr.logging.LogWatcher - No LogWatcher configured
[Test worker] INFO org.apache.solr.core.CoreContainer - Security conf doesn't exist. Skipping setup for authorization module.
[Test worker] INFO org.apache.solr.core.CoreContainer - No authentication plugin used.
[Test worker] INFO org.apache.solr.core.CorePropertiesLocator - Looking for core definitions underneath /tmp/solr-home8288667206474285054
[Test worker] INFO org.apache.solr.core.CoreDescriptor - Created CoreDescriptor: {runtimeLib=false, name=core, config=solrconfig.xml, loadOnStartup=true, schema=schema.xml, configSetProperties=configsetprops.json, transient=false, dataDir=data/}
[Test worker] INFO org.apache.solr.core.CorePropertiesLocator - Found core core in /tmp/solr-home8288667206474285054/core
[Test worker] INFO org.apache.solr.core.CorePropertiesLocator - Found 1 core definitions
[coreLoadExecutor-525-thread-1] INFO org.apache.solr.core.SolrResourceLoader - new SolrResourceLoader for directory: '/tmp/solr-home8288667206474285054/core'
[coreLoadExecutor-525-thread-1] INFO org.apache.solr.core.SolrResourceLoader - JNDI not configured for solr (NoInitialContextEx)
[coreLoadExecutor-525-thread-1] INFO org.apache.solr.core.SolrResourceLoader - solr home defaulted to 'solr/' (could not find system property or JNDI)
[coreLoadExecutor-525-thread-1] INFO org.apache.solr.core.SolrResourceLoader - Adding 'file:/tmp/solr-home8288667206474285054/core/lib/marker-search-handler-0.3.0.jar' to classloader
[coreLoadExecutor-525-thread-1] INFO org.apache.solr.core.SolrResourceLoader - Adding 'file:/tmp/solr-home8288667206474285054/core/lib/suggestion-request-handler-2.1.0.jar' to classloader
[coreLoadExecutor-525-thread-1] INFO org.apache.solr.core.SolrConfig - current version of requestparams : -1
[coreLoadExecutor-525-thread-1] INFO org.apache.solr.update.SolrIndexConfig - IndexWriter infoStream solr logging is enabled
[coreLoadExecutor-525-thread-1] INFO org.apache.solr.core.SolrConfig - Using Lucene MatchVersion: 5.5.0
[coreLoadExecutor-525-thread-1] INFO org.apache.solr.core.SolrConfig - Loaded SolrConfig: solrconfig.xml
[coreLoadExecutor-525-thread-1] INFO org.apache.solr.schema.ManagedIndexSchemaFactory - The schema is configured as managed, but managed schema resource managed-schema not found - loading non-managed schema schema.xml instead
[coreLoadExecutor-525-thread-1] INFO org.apache.solr.schema.IndexSchema - [core] Schema name=basic search lib core
[coreLoadExecutor-525-thread-1] INFO org.apache.solr.schema.IndexSchema - unique key field: _id_
[coreLoadExecutor-525-thread-1] INFO org.apache.solr.schema.ManagedIndexSchema - Upgraded to managed schema at /tmp/solr-home8288667206474285054/core/conf/managed-schema
[coreLoadExecutor-525-thread-1] INFO org.apache.solr.schema.ManagedIndexSchemaFactory - After upgrading to managed schema, renamed the non-managed schema /tmp/solr-home8288667206474285054/core/conf/schema.xml to /tmp/solr-home8288667206474285054/core/conf/schema.xml.bak
[coreLoadExecutor-525-thread-1] INFO org.apache.solr.core.ConfigSetProperties - Did not find ConfigSet properties, assuming default properties: Can't find resource 'configsetprops.json' in classpath or '/tmp/solr-home8288667206474285054/core'
[coreLoadExecutor-525-thread-1] INFO org.apache.solr.core.CoreContainer - Creating SolrCore 'core' using configuration from instancedir /tmp/solr-home8288667206474285054/core
[coreLoadExecutor-525-thread-1] INFO org.apache.solr.core.SolrCore - solr.NRTCachingDirectoryFactory
[coreLoadExecutor-525-thread-1] INFO org.apache.solr.core.SolrCore - [[core] ] Opening new SolrCore at [/tmp/solr-home8288667206474285054/core], dataDir=[/tmp/solr-home8288667206474285054/core/data/]
[coreLoadExecutor-525-thread-1] INFO org.apache.solr.core.JmxMonitoredMap - No JMX servers found, not exposing Solr information with JMX.
[coreLoadExecutor-525-thread-1] INFO org.apache.solr.core.SchemaCodecFactory - Using default compressionMode: BEST_SPEED
[coreLoadExecutor-525-thread-1] INFO org.apache.solr.core.CachingDirectoryFactory - return new directory for /tmp/solr-home8288667206474285054/core/data
[coreLoadExecutor-525-thread-1] INFO org.apache.solr.core.SolrCore - New index directory detected: old=null new=/tmp/solr-home8288667206474285054/core/data/index/
[coreLoadExecutor-525-thread-1] WARN org.apache.solr.core.SolrCore - [core] Solr index directory '/tmp/solr-home8288667206474285054/core/data/index' doesn't exist. Creating new index...
[coreLoadExecutor-525-thread-1] INFO org.apache.solr.core.CachingDirectoryFactory - return new directory for /tmp/solr-home8288667206474285054/core/data/index
[coreLoadExecutor-525-thread-1] INFO org.apache.solr.update.LoggingInfoStream - [IFD][coreLoadExecutor-525-thread-1]: init: current segments file is "segments"; deletionPolicy=org.apache.solr.core.IndexDeletionPolicyWrapper@6f9d21f9
[coreLoadExecutor-525-thread-1] INFO org.apache.solr.update.LoggingInfoStream - [IFD][coreLoadExecutor-525-thread-1]: now checkpoint "" [0 segments ; isCommit = false]
[coreLoadExecutor-525-thread-1] INFO org.apache.solr.update.LoggingInfoStream - [IFD][coreLoadExecutor-525-thread-1]: 0 msec to checkpoint
[coreLoadExecutor-525-thread-1] INFO org.apache.solr.update.LoggingInfoStream - [IW][coreLoadExecutor-525-thread-1]: init: create=true
[coreLoadExecutor-525-thread-1] INFO org.apache.solr.update.LoggingInfoStream - [IW][coreLoadExecutor-525-thread-1]: 
dir=NRTCachingDirectory(MMapDirectory@/tmp/solr-home8288667206474285054/core/data/index lockFactory=org.apache.lucene.store.NativeFSLockFactory@2c3d74f6; maxCacheMB=48.0 maxMergeSizeMB=4.0)
index=
version=5.5.1
analyzer=org.apache.solr.update.SolrIndexConfig$DelayedSchemaAnalyzer
ramBufferSizeMB=100.0
maxBufferedDocs=-1
maxBufferedDeleteTerms=-1
mergedSegmentWarmer=null
delPolicy=org.apache.solr.core.IndexDeletionPolicyWrapper
commit=null
openMode=CREATE
similarity=org.apache.lucene.search.similarities.ClassicSimilarity
mergeScheduler=ConcurrentMergeScheduler: maxThreadCount=-1, maxMergeCount=-1, ioThrottle=true
default WRITE_LOCK_TIMEOUT=0
writeLockTimeout=0
codec=Lucene54
infoStream=org.apache.solr.update.LoggingInfoStream
mergePolicy=[TieredMergePolicy: maxMergeAtOnce=10, maxMergeAtOnceExplicit=30, maxMergedSegmentMB=5120.0, floorSegmentMB=2.0, forceMergeDeletesPctAllowed=10.0, segmentsPerTier=10.0, maxCFSSegmentSizeMB=8.796093022207999E12, noCFSRatio=0.1
indexerThreadPool=org.apache.lucene.index.DocumentsWriterPerThreadPool@44c68e5e
readerPooling=false
perThreadHardLimitMB=1945
useCompoundFile=false
commitOnClose=true
writer=org.apache.solr.update.SolrIndexWriter@1788ee45

[coreLoadExecutor-525-thread-1] INFO org.apache.solr.update.LoggingInfoStream - [IW][coreLoadExecutor-525-thread-1]: MMapDirectory.UNMAP_SUPPORTED=true
[coreLoadExecutor-525-thread-1] INFO org.apache.solr.update.LoggingInfoStream - [IW][coreLoadExecutor-525-thread-1]: now flush at close
[coreLoadExecutor-525-thread-1] INFO org.apache.solr.update.LoggingInfoStream - [IW][coreLoadExecutor-525-thread-1]:   start flush: applyAllDeletes=true
[coreLoadExecutor-525-thread-1] INFO org.apache.solr.update.LoggingInfoStream - [IW][coreLoadExecutor-525-thread-1]:   index before flush 
[coreLoadExecutor-525-thread-1] INFO org.apache.solr.update.LoggingInfoStream - [DW][coreLoadExecutor-525-thread-1]: startFullFlush
[coreLoadExecutor-525-thread-1] INFO org.apache.solr.update.LoggingInfoStream - [DW][coreLoadExecutor-525-thread-1]: coreLoadExecutor-525-thread-1 finishFullFlush success=true
[coreLoadExecutor-525-thread-1] INFO org.apache.solr.update.LoggingInfoStream - [IW][coreLoadExecutor-525-thread-1]: apply all deletes during flush
[coreLoadExecutor-525-thread-1] INFO org.apache.solr.update.LoggingInfoStream - [IW][coreLoadExecutor-525-thread-1]: now apply all deletes for all segments maxDoc=0
[coreLoadExecutor-525-thread-1] INFO org.apache.solr.update.LoggingInfoStream - [BD][coreLoadExecutor-525-thread-1]: prune sis=segments:  minGen=9223372036854775807 packetCount=0
[coreLoadExecutor-525-thread-1] INFO org.apache.solr.update.LoggingInfoStream - [MS][coreLoadExecutor-525-thread-1]: initDynamicDefaults spins=false maxThreadCount=2 maxMergeCount=7
[coreLoadExecutor-525-thread-1] INFO org.apache.solr.update.LoggingInfoStream - [MS][coreLoadExecutor-525-thread-1]: updateMergeThreads ioThrottle=true targetMBPerSec=10240.0 MB/sec
[coreLoadExecutor-525-thread-1] INFO org.apache.solr.update.LoggingInfoStream - [MS][coreLoadExecutor-525-thread-1]: now merge
[coreLoadExecutor-525-thread-1] INFO org.apache.solr.update.LoggingInfoStream - [MS][coreLoadExecutor-525-thread-1]:   index: 
[coreLoadExecutor-525-thread-1] INFO org.apache.solr.update.LoggingInfoStream - [MS][coreLoadExecutor-525-thread-1]:   no more merges pending; now return
[coreLoadExecutor-525-thread-1] INFO org.apache.solr.update.LoggingInfoStream - [IW][coreLoadExecutor-525-thread-1]: waitForMerges
[coreLoadExecutor-525-thread-1] INFO org.apache.solr.update.LoggingInfoStream - [IW][coreLoadExecutor-525-thread-1]: waitForMerges done
[coreLoadExecutor-525-thread-1] INFO org.apache.solr.update.LoggingInfoStream - [IW][coreLoadExecutor-525-thread-1]: commit: start
[coreLoadExecutor-525-thread-1] INFO org.apache.solr.update.LoggingInfoStream - [IW][coreLoadExecutor-525-thread-1]: commit: enter lock
[coreLoadExecutor-525-thread-1] INFO org.apache.solr.update.LoggingInfoStream - [IW][coreLoadExecutor-525-thread-1]: commit: now prepare
[coreLoadExecutor-525-thread-1] INFO org.apache.solr.update.LoggingInfoStream - [IW][coreLoadExecutor-525-thread-1]: prepareCommit: flush
[coreLoadExecutor-525-thread-1] INFO org.apache.solr.update.LoggingInfoStream - [IW][coreLoadExecutor-525-thread-1]:   index before flush 
[coreLoadExecutor-525-thread-1] INFO org.apache.solr.update.LoggingInfoStream - [DW][coreLoadExecutor-525-thread-1]: startFullFlush
[coreLoadExecutor-525-thread-1] INFO org.apache.solr.update.LoggingInfoStream - [IW][coreLoadExecutor-525-thread-1]: apply all deletes during flush
[coreLoadExecutor-525-thread-1] INFO org.apache.solr.update.LoggingInfoStream - [IW][coreLoadExecutor-525-thread-1]: now apply all deletes for all segments maxDoc=0
[coreLoadExecutor-525-thread-1] INFO org.apache.solr.update.LoggingInfoStream - [BD][coreLoadExecutor-525-thread-1]: prune sis=segments:  minGen=9223372036854775807 packetCount=0
[coreLoadExecutor-525-thread-1] INFO org.apache.solr.update.LoggingInfoStream - [DW][coreLoadExecutor-525-thread-1]: coreLoadExecutor-525-thread-1 finishFullFlush success=true
[coreLoadExecutor-525-thread-1] INFO org.apache.solr.update.LoggingInfoStream - [IW][coreLoadExecutor-525-thread-1]: startCommit(): start
[coreLoadExecutor-525-thread-1] INFO org.apache.solr.update.LoggingInfoStream - [IW][coreLoadExecutor-525-thread-1]: startCommit index= changeCount=2
[coreLoadExecutor-525-thread-1] INFO org.apache.solr.update.LoggingInfoStream - [IW][coreLoadExecutor-525-thread-1]: startCommit: wrote pending segments file "pending_segments_1"
[coreLoadExecutor-525-thread-1] INFO org.apache.solr.update.LoggingInfoStream - [IW][coreLoadExecutor-525-thread-1]: done all syncs: []
[coreLoadExecutor-525-thread-1] INFO org.apache.solr.update.LoggingInfoStream - [IW][coreLoadExecutor-525-thread-1]: commit: pendingCommit != null
[coreLoadExecutor-525-thread-1] INFO org.apache.solr.update.LoggingInfoStream - [IW][coreLoadExecutor-525-thread-1]: commit: done writing segments file "segments_1"
[coreLoadExecutor-525-thread-1] INFO org.apache.solr.update.LoggingInfoStream - [IFD][coreLoadExecutor-525-thread-1]: now checkpoint "" [0 segments ; isCommit = true]
[coreLoadExecutor-525-thread-1] INFO org.apache.solr.core.SolrDeletionPolicy - SolrDeletionPolicy.onCommit: commits: num=1
	commit{dir=NRTCachingDirectory(MMapDirectory@/tmp/solr-home8288667206474285054/core/data/index lockFactory=org.apache.lucene.store.NativeFSLockFactory@2c3d74f6; maxCacheMB=48.0 maxMergeSizeMB=4.0),segFN=segments_1,generation=1}
[coreLoadExecutor-525-thread-1] INFO org.apache.solr.core.SolrDeletionPolicy - newest commit generation = 1
[coreLoadExecutor-525-thread-1] INFO org.apache.solr.update.LoggingInfoStream - [IFD][coreLoadExecutor-525-thread-1]: 0 msec to checkpoint
[coreLoadExecutor-525-thread-1] INFO org.apache.solr.update.LoggingInfoStream - [IW][coreLoadExecutor-525-thread-1]: commit: took 11.9 msec
[coreLoadExecutor-525-thread-1] INFO org.apache.solr.update.LoggingInfoStream - [IW][coreLoadExecutor-525-thread-1]: commit: done
[coreLoadExecutor-525-thread-1] INFO org.apache.solr.update.LoggingInfoStream - [IW][coreLoadExecutor-525-thread-1]: rollback
[coreLoadExecutor-525-thread-1] INFO org.apache.solr.update.LoggingInfoStream - [IW][coreLoadExecutor-525-thread-1]: all running merges have aborted
[coreLoadExecutor-525-thread-1] INFO org.apache.solr.update.LoggingInfoStream - [IW][coreLoadExecutor-525-thread-1]: rollback: done finish merges
[coreLoadExecutor-525-thread-1] INFO org.apache.solr.update.LoggingInfoStream - [DW][coreLoadExecutor-525-thread-1]: abort
[coreLoadExecutor-525-thread-1] INFO org.apache.solr.update.LoggingInfoStream - [DW][coreLoadExecutor-525-thread-1]: done abort success=true
[coreLoadExecutor-525-thread-1] INFO org.apache.solr.update.LoggingInfoStream - [IW][coreLoadExecutor-525-thread-1]: rollback: infos=
[coreLoadExecutor-525-thread-1] INFO org.apache.solr.update.LoggingInfoStream - [IFD][coreLoadExecutor-525-thread-1]: now checkpoint "" [0 segments ; isCommit = false]
[coreLoadExecutor-525-thread-1] INFO org.apache.solr.update.LoggingInfoStream - [IFD][coreLoadExecutor-525-thread-1]: 0 msec to checkpoint
[OldIndexDirectoryCleanupThreadForCore-core] INFO org.apache.solr.core.SolrCore - Looking for old index directories to cleanup for core core in /tmp/solr-home8288667206474285054/core/data/
[coreLoadExecutor-525-thread-1] INFO org.apache.solr.core.SolrCore - no updateRequestProcessorChain defined as default, creating implicit default
[coreLoadExecutor-525-thread-1] INFO org.apache.solr.handler.loader.XMLLoader - xsltCacheLifetimeSeconds=60
[coreLoadExecutor-525-thread-1] INFO org.apache.solr.handler.loader.XMLLoader - xsltCacheLifetimeSeconds=60
[coreLoadExecutor-525-thread-1] INFO org.apache.solr.handler.loader.XMLLoader - xsltCacheLifetimeSeconds=60
[coreLoadExecutor-525-thread-1] INFO org.apache.solr.handler.loader.XMLLoader - xsltCacheLifetimeSeconds=60
[coreLoadExecutor-525-thread-1] INFO org.apache.solr.core.RequestHandlers - Registered paths: /admin/mbeans,,/update/csv,/update/json/docs,/admin/luke,/select,/suggester,/admin/segments,/get,/admin/system,/replication,/admin/properties,/config,/schema,/admin/plugins,/admin/logging,/update/json,/admin/threads,/admin/ping,/update,/admin/file
[coreLoadExecutor-525-thread-1] INFO org.apache.solr.core.SolrCore - Using default statsCache cache: org.apache.solr.search.stats.LocalStatsCache
[coreLoadExecutor-525-thread-1] INFO org.apache.solr.update.UpdateHandler - Using UpdateLog implementation: org.apache.solr.update.UpdateLog
[coreLoadExecutor-525-thread-1] INFO org.apache.solr.update.UpdateLog - Initializing UpdateLog: dataDir= defaultSyncLevel=FLUSH numRecordsToKeep=100 maxNumLogsToKeep=10 numVersionBuckets=65536
[coreLoadExecutor-525-thread-1] INFO org.apache.solr.update.CommitTracker - Hard AutoCommit: if uncommited for 15000ms; 
[coreLoadExecutor-525-thread-1] INFO org.apache.solr.update.CommitTracker - Soft AutoCommit: disabled
[coreLoadExecutor-525-thread-1] INFO org.apache.solr.update.LoggingInfoStream - [IFD][coreLoadExecutor-525-thread-1]: init: current segments file is "segments_1"; deletionPolicy=org.apache.solr.core.IndexDeletionPolicyWrapper@6f9d21f9
[coreLoadExecutor-525-thread-1] INFO org.apache.solr.update.LoggingInfoStream - [IFD][coreLoadExecutor-525-thread-1]: init: load commit "segments_1"
[coreLoadExecutor-525-thread-1] INFO org.apache.solr.core.SolrDeletionPolicy - SolrDeletionPolicy.onInit: commits: num=1
	commit{dir=NRTCachingDirectory(MMapDirectory@/tmp/solr-home8288667206474285054/core/data/index lockFactory=org.apache.lucene.store.NativeFSLockFactory@2c3d74f6; maxCacheMB=48.0 maxMergeSizeMB=4.0),segFN=segments_1,generation=1}
[coreLoadExecutor-525-thread-1] INFO org.apache.solr.core.SolrDeletionPolicy - newest commit generation = 1
[coreLoadExecutor-525-thread-1] INFO org.apache.solr.update.LoggingInfoStream - [IFD][coreLoadExecutor-525-thread-1]: now checkpoint "" [0 segments ; isCommit = false]
[coreLoadExecutor-525-thread-1] INFO org.apache.solr.update.LoggingInfoStream - [IFD][coreLoadExecutor-525-thread-1]: 0 msec to checkpoint
[coreLoadExecutor-525-thread-1] INFO org.apache.solr.update.LoggingInfoStream - [IW][coreLoadExecutor-525-thread-1]: init: create=false
[coreLoadExecutor-525-thread-1] INFO org.apache.solr.update.LoggingInfoStream - [IW][coreLoadExecutor-525-thread-1]: 
dir=NRTCachingDirectory(MMapDirectory@/tmp/solr-home8288667206474285054/core/data/index lockFactory=org.apache.lucene.store.NativeFSLockFactory@2c3d74f6; maxCacheMB=48.0 maxMergeSizeMB=4.0)
index=
version=5.5.1
analyzer=org.apache.solr.update.SolrIndexConfig$DelayedSchemaAnalyzer
ramBufferSizeMB=100.0
maxBufferedDocs=-1
maxBufferedDeleteTerms=-1
mergedSegmentWarmer=null
delPolicy=org.apache.solr.core.IndexDeletionPolicyWrapper
commit=null
openMode=APPEND
similarity=org.apache.lucene.search.similarities.ClassicSimilarity
mergeScheduler=ConcurrentMergeScheduler: maxThreadCount=-1, maxMergeCount=-1, ioThrottle=true
default WRITE_LOCK_TIMEOUT=0
writeLockTimeout=0
codec=Lucene54
infoStream=org.apache.solr.update.LoggingInfoStream
mergePolicy=[TieredMergePolicy: maxMergeAtOnce=10, maxMergeAtOnceExplicit=30, maxMergedSegmentMB=5120.0, floorSegmentMB=2.0, forceMergeDeletesPctAllowed=10.0, segmentsPerTier=10.0, maxCFSSegmentSizeMB=8.796093022207999E12, noCFSRatio=0.1
indexerThreadPool=org.apache.lucene.index.DocumentsWriterPerThreadPool@4c91ff90
readerPooling=false
perThreadHardLimitMB=1945
useCompoundFile=false
commitOnClose=true
writer=org.apache.solr.update.SolrIndexWriter@63311691

[coreLoadExecutor-525-thread-1] INFO org.apache.solr.update.LoggingInfoStream - [IW][coreLoadExecutor-525-thread-1]: MMapDirectory.UNMAP_SUPPORTED=true
[coreLoadExecutor-525-thread-1] INFO org.apache.solr.update.LoggingInfoStream - [IW][coreLoadExecutor-525-thread-1]: flush at getReader
[coreLoadExecutor-525-thread-1] INFO org.apache.solr.update.LoggingInfoStream - [DW][coreLoadExecutor-525-thread-1]: startFullFlush
[coreLoadExecutor-525-thread-1] INFO org.apache.solr.update.LoggingInfoStream - [IW][coreLoadExecutor-525-thread-1]: apply all deletes during flush
[coreLoadExecutor-525-thread-1] INFO org.apache.solr.update.LoggingInfoStream - [IW][coreLoadExecutor-525-thread-1]: now apply all deletes for all segments maxDoc=0
[coreLoadExecutor-525-thread-1] INFO org.apache.solr.update.LoggingInfoStream - [BD][coreLoadExecutor-525-thread-1]: prune sis=segments_1:  minGen=9223372036854775807 packetCount=0
[coreLoadExecutor-525-thread-1] INFO org.apache.solr.update.LoggingInfoStream - [IW][coreLoadExecutor-525-thread-1]: incRefDeleter for NRT reader version=2 segments=
[coreLoadExecutor-525-thread-1] INFO org.apache.solr.update.LoggingInfoStream - [IW][coreLoadExecutor-525-thread-1]: return reader version=2 reader=StandardDirectoryReader(segments_1:2:nrt)
[coreLoadExecutor-525-thread-1] INFO org.apache.solr.update.LoggingInfoStream - [DW][coreLoadExecutor-525-thread-1]: coreLoadExecutor-525-thread-1 finishFullFlush success=true
[coreLoadExecutor-525-thread-1] INFO org.apache.solr.update.LoggingInfoStream - [IW][coreLoadExecutor-525-thread-1]: getReader took 0 msec
[coreLoadExecutor-525-thread-1] INFO org.apache.solr.search.SolrIndexSearcher - Opening Searcher@441a6a6c[core] main
[coreLoadExecutor-525-thread-1] INFO org.apache.solr.rest.ManagedResourceStorage - File-based storage initialized to use dir: /tmp/solr-home8288667206474285054/core/conf
[coreLoadExecutor-525-thread-1] INFO org.apache.solr.rest.RestManager - Initializing RestManager with initArgs: {storageDir=/tmp/solr-home8288667206474285054/core/conf}
[coreLoadExecutor-525-thread-1] INFO org.apache.solr.rest.ManagedResourceStorage - Reading _rest_managed.json using file:dir=/tmp/solr-home8288667206474285054/core/conf
[coreLoadExecutor-525-thread-1] INFO org.apache.solr.rest.RestManager - Initializing 0 registered ManagedResources
[coreLoadExecutor-525-thread-1] INFO org.apache.solr.handler.component.SpellCheckComponent - Initializing spell checkers
[coreLoadExecutor-525-thread-1] INFO org.apache.solr.handler.component.SpellCheckComponent - Registering newSearcher listener for spellchecker: default
[coreLoadExecutor-525-thread-1] INFO org.apache.solr.handler.component.SpellCheckComponent - No queryConverter defined, using default converter
[coreLoadExecutor-525-thread-1] INFO org.apache.solr.handler.ReplicationHandler - Commits will be reserved for  10000
[coreLoadExecutor-525-thread-1] INFO org.apache.solr.update.UpdateLog - Looking up max value of version field to seed version buckets
[coreLoadExecutor-525-thread-1] INFO org.apache.solr.update.VersionInfo - Refreshing highest value of _version_ for 65536 version buckets from index
[coreLoadExecutor-525-thread-1] INFO org.apache.solr.update.VersionInfo - No terms found for _version_, cannot seed version bucket highest value from index
[coreLoadExecutor-525-thread-1] INFO org.apache.solr.update.UpdateLog - Could not find max version in index or recent updates, using new clock 1576087841705820160
[searcherExecutor-526-thread-1] INFO org.apache.solr.handler.component.SpellCheckComponent - Loading spell index for spellchecker: default
[searcherExecutor-526-thread-1] INFO org.apache.solr.core.SolrCore - [core] Registered new searcher Searcher@441a6a6c[core] main{ExitableDirectoryReader(UninvertingDirectoryReader())}
[coreLoadExecutor-525-thread-1] INFO org.apache.solr.update.UpdateLog - Took 1.0ms to seed version buckets with highest version 1576087841705820160
[coreLoadExecutor-525-thread-1] INFO org.apache.solr.core.CoreContainer - registering core: core
[Test worker] INFO org.apache.solr.core.SolrCore.Request - [core]  webapp=null path=/admin/ping params={} hits=0 status=0 QTime=0
[Test worker] INFO org.apache.solr.core.SolrCore.Request - [core]  webapp=null path=/admin/ping params={} status=0 QTime=0
[Test worker] INFO com.rbmhtechnology.vind.solr.SolrSearchServer - Connection to solr server successful
[Test worker] INFO org.apache.solr.core.SolrCore.Request - [core]  webapp=null path=/schema params={} status=0 QTime=0
[Test worker] INFO com.rbmhtechnology.vind.solr.SolrSearchServer - No server provider of type class com.rbmhtechnology.vind.solr.EmbeddedSolrServerProvider found in classpath for server com.rbmhtechnology.vind.solr.SolrSearchServer
[Test worker] INFO org.apache.solr.update.processor.LogUpdateProcessorFactory - [core]  webapp=null path=/update params={}{add=[A1 (1576087841711063040)]} 0 1
[Test worker] INFO org.apache.solr.update.processor.LogUpdateProcessorFactory - [core]  webapp=null path=/update params={}{add=[A2 (1576087841712111616)]} 0 0
[Test worker] INFO org.apache.solr.update.processor.LogUpdateProcessorFactory - [core]  webapp=null path=/update params={}{add=[A3 (1576087841714208768)]} 0 0
[Test worker] INFO org.apache.solr.update.processor.LogUpdateProcessorFactory - [core]  webapp=null path=/update params={}{add=[A4 (1576087841715257344)]} 0 0
[Test worker] INFO org.apache.solr.update.DirectUpdateHandler2 - start commit{,optimize=false,openSearcher=true,waitSearcher=true,expungeDeletes=false,softCommit=false,prepareCommit=false}
[Test worker] INFO org.apache.solr.update.LoggingInfoStream - [IW][Test worker]: commit: start
[Test worker] INFO org.apache.solr.update.LoggingInfoStream - [IW][Test worker]: commit: enter lock
[Test worker] INFO org.apache.solr.update.LoggingInfoStream - [IW][Test worker]: commit: now prepare
[Test worker] INFO org.apache.solr.update.LoggingInfoStream - [IW][Test worker]: prepareCommit: flush
[Test worker] INFO org.apache.solr.update.LoggingInfoStream - [IW][Test worker]:   index before flush 
[Test worker] INFO org.apache.solr.update.LoggingInfoStream - [DW][Test worker]: startFullFlush
[Test worker] INFO org.apache.solr.update.LoggingInfoStream - [DW][Test worker]: anyChanges? numDocsInRam=7 deletes=true hasTickets:false pendingChangesInFullFlush: false
[Test worker] INFO org.apache.solr.update.LoggingInfoStream - [DWFC][Test worker]: addFlushableState DocumentsWriterPerThread [pendingDeletes=gen=0 3 deleted terms (unique count=3) bytesUsed=522, segment=_0, aborted=false, numDocsInRAM=7, deleteQueue=DWDQ: [ generation: 1 ]]
[Test worker] INFO org.apache.solr.update.LoggingInfoStream - [DWPT][Test worker]: flush postings as segment _0 numDocs=7
[Test worker] INFO org.apache.solr.update.LoggingInfoStream - [IW][Test worker]: 0 msec to write norms
[Test worker] INFO org.apache.solr.update.LoggingInfoStream - [IW][Test worker]: 0 msec to write docValues
[Test worker] INFO org.apache.solr.update.LoggingInfoStream - [IW][Test worker]: 0 msec to finish stored fields
[Test worker] INFO org.apache.solr.update.LoggingInfoStream - [IW][Test worker]: 0 msec to write postings and finish vectors
[Test worker] INFO org.apache.solr.update.LoggingInfoStream - [IW][Test worker]: 0 msec to write fieldInfos
[Test worker] INFO org.apache.solr.update.LoggingInfoStream - [DWPT][Test worker]: new segment has 0 deleted docs
[Test worker] INFO org.apache.solr.update.LoggingInfoStream - [DWPT][Test worker]: new segment has no vectors; norms; docValues; prox; freqs
[Test worker] INFO org.apache.solr.update.LoggingInfoStream - [DWPT][Test worker]: flushedFiles=[_0_Lucene54_0.dvm, _0_Lucene50_0.doc, _0_Lucene50_0.tim, _0_Lucene50_0.pos, _0.nvd, _0.fdx, _0_Lucene54_0.dvd, _0_Lucene50_0.tip, _0.fdt, _0.nvm, _0.fnm]
[Test worker] INFO org.apache.solr.update.LoggingInfoStream - [DWPT][Test worker]: flushed codec=Lucene54
[Test worker] INFO org.apache.solr.update.LoggingInfoStream - [DWPT][Test worker]: flushed: segment=_0 ramUsed=0.338 MB newFlushedSize=0.005 MB docs/MB=1,490.967
[Test worker] INFO org.apache.solr.update.LoggingInfoStream - [DW][Test worker]: publishFlushedSegment seg-private updates=null
[Test worker] INFO org.apache.solr.update.LoggingInfoStream - [IW][Test worker]: publishFlushedSegment
[Test worker] INFO org.apache.solr.update.LoggingInfoStream - [BD][Test worker]: push deletes  4 deleted terms (unique count=4) bytesUsed=1072 segmentPrivate?=false delGen=2 packetCount=1 totBytesUsed=1072
[Test worker] INFO org.apache.solr.update.LoggingInfoStream - [IW][Test worker]: publish sets newSegment delGen=3 seg=_0(5.5.1):C7
[Test worker] INFO org.apache.solr.update.LoggingInfoStream - [IFD][Test worker]: now checkpoint "_0(5.5.1):C7" [1 segments ; isCommit = false]
[Test worker] INFO org.apache.solr.update.LoggingInfoStream - [IFD][Test worker]: 0 msec to checkpoint
[Test worker] INFO org.apache.solr.update.LoggingInfoStream - [IW][Test worker]: apply all deletes during flush
[Test worker] INFO org.apache.solr.update.LoggingInfoStream - [IW][Test worker]: now apply all deletes for all segments maxDoc=7
[Test worker] INFO org.apache.solr.update.LoggingInfoStream - [BD][Test worker]: applyDeletes: open segment readers took 0 msec
[Test worker] INFO org.apache.solr.update.LoggingInfoStream - [BD][Test worker]: applyDeletes: infos=[_0(5.5.1):C7] packetCount=1
[Test worker] INFO org.apache.solr.update.LoggingInfoStream - [BD][Test worker]: applyDeletes took 0 msec for 1 segments, 0 newly deleted docs (query deletes), 0 visited terms, allDeleted=null
[Test worker] INFO org.apache.solr.update.LoggingInfoStream - [BD][Test worker]: prune sis=segments_1: _0(5.5.1):C7 minGen=3 packetCount=1
[Test worker] INFO org.apache.solr.update.LoggingInfoStream - [BD][Test worker]: pruneDeletes: prune 1 packets; 0 packets remain
[Test worker] INFO org.apache.solr.update.LoggingInfoStream - [DW][Test worker]: Test worker finishFullFlush success=true
[Test worker] INFO org.apache.solr.update.LoggingInfoStream - [TMP][Test worker]: findMerges: 1 segments
[Test worker] INFO org.apache.solr.update.LoggingInfoStream - [TMP][Test worker]:   seg=_0(5.5.1):C7 size=0.005 MB [floored]
[Test worker] INFO org.apache.solr.update.LoggingInfoStream - [TMP][Test worker]:   allowedSegmentCount=1 vs count=1 (eligible count=1) tooBigCount=0
[Test worker] INFO org.apache.solr.update.LoggingInfoStream - [MS][Test worker]: initDynamicDefaults spins=false maxThreadCount=2 maxMergeCount=7
[Test worker] INFO org.apache.solr.update.LoggingInfoStream - [MS][Test worker]: now merge
[Test worker] INFO org.apache.solr.update.LoggingInfoStream - [MS][Test worker]:   index: _0(5.5.1):C7
[Test worker] INFO org.apache.solr.update.LoggingInfoStream - [MS][Test worker]:   no more merges pending; now return
[Test worker] INFO org.apache.solr.update.LoggingInfoStream - [IW][Test worker]: startCommit(): start
[Test worker] INFO org.apache.solr.update.LoggingInfoStream - [IW][Test worker]: startCommit index=_0(5.5.1):C7 changeCount=4
[Test worker] INFO org.apache.solr.update.LoggingInfoStream - [IW][Test worker]: startCommit: wrote pending segments file "pending_segments_2"
[Test worker] INFO org.apache.solr.update.LoggingInfoStream - [IW][Test worker]: done all syncs: [_0.si, _0_Lucene50_0.doc, _0_Lucene50_0.tim, _0_Lucene54_0.dvm, _0_Lucene50_0.pos, _0.nvd, _0.fdx, _0_Lucene54_0.dvd, _0_Lucene50_0.tip, _0.fdt, _0.nvm, _0.fnm]
[Test worker] INFO org.apache.solr.update.LoggingInfoStream - [IW][Test worker]: commit: pendingCommit != null
[Test worker] INFO org.apache.solr.update.LoggingInfoStream - [IW][Test worker]: commit: done writing segments file "segments_2"
[Test worker] INFO org.apache.solr.update.LoggingInfoStream - [IFD][Test worker]: now checkpoint "_0(5.5.1):C7" [1 segments ; isCommit = true]
[Test worker] INFO org.apache.solr.core.SolrDeletionPolicy - SolrDeletionPolicy.onCommit: commits: num=2
	commit{dir=NRTCachingDirectory(MMapDirectory@/tmp/solr-home8288667206474285054/core/data/index lockFactory=org.apache.lucene.store.NativeFSLockFactory@2c3d74f6; maxCacheMB=48.0 maxMergeSizeMB=4.0),segFN=segments_1,generation=1}
	commit{dir=NRTCachingDirectory(MMapDirectory@/tmp/solr-home8288667206474285054/core/data/index lockFactory=org.apache.lucene.store.NativeFSLockFactory@2c3d74f6; maxCacheMB=48.0 maxMergeSizeMB=4.0),segFN=segments_2,generation=2}
[Test worker] INFO org.apache.solr.core.SolrDeletionPolicy - newest commit generation = 2
[Test worker] INFO org.apache.solr.update.LoggingInfoStream - [IFD][Test worker]: deleteCommits: now decRef commit "segments_1"
[Test worker] INFO org.apache.solr.update.LoggingInfoStream - [IFD][Test worker]: delete "segments_1"
[Test worker] INFO org.apache.solr.update.LoggingInfoStream - [IFD][Test worker]: 0 msec to checkpoint
[Test worker] INFO org.apache.solr.update.LoggingInfoStream - [IW][Test worker]: commit: took 55.0 msec
[Test worker] INFO org.apache.solr.update.LoggingInfoStream - [IW][Test worker]: commit: done
[Test worker] INFO org.apache.solr.update.LoggingInfoStream - [IW][Test worker]: nrtIsCurrent: infoVersion matches: false; DW changes: false; BD changes: false
[Test worker] INFO org.apache.solr.update.LoggingInfoStream - [IW][Test worker]: flush at getReader
[Test worker] INFO org.apache.solr.update.LoggingInfoStream - [DW][Test worker]: startFullFlush
[Test worker] INFO org.apache.solr.update.LoggingInfoStream - [IW][Test worker]: apply all deletes during flush
[Test worker] INFO org.apache.solr.update.LoggingInfoStream - [IW][Test worker]: now apply all deletes for all segments maxDoc=7
[Test worker] INFO org.apache.solr.update.LoggingInfoStream - [BD][Test worker]: applyDeletes: open segment readers took 0 msec
[Test worker] INFO org.apache.solr.update.LoggingInfoStream - [BD][Test worker]: applyDeletes: no segments; skipping
[Test worker] INFO org.apache.solr.update.LoggingInfoStream - [BD][Test worker]: prune sis=segments_2: _0(5.5.1):C7 minGen=3 packetCount=0
[Test worker] INFO org.apache.solr.update.LoggingInfoStream - [IW][Test worker]: incRefDeleter for NRT reader version=6 segments=_0(5.5.1):C7
[Test worker] INFO org.apache.solr.update.LoggingInfoStream - [IW][Test worker]: return reader version=6 reader=StandardDirectoryReader(segments_2:6:nrt _0(5.5.1):C7)
[Test worker] INFO org.apache.solr.update.LoggingInfoStream - [DW][Test worker]: Test worker finishFullFlush success=true
[Test worker] INFO org.apache.solr.update.LoggingInfoStream - [IW][Test worker]: getReader took 1 msec
[Test worker] INFO org.apache.solr.search.SolrIndexSearcher - Opening Searcher@405826da[core] main
[Test worker] INFO org.apache.solr.update.DirectUpdateHandler2 - end_commit_flush
[searcherExecutor-526-thread-1] INFO org.apache.solr.handler.component.SpellCheckComponent - Building spell index for spell checker: default
[searcherExecutor-526-thread-1] INFO org.apache.solr.core.SolrCore - [core] Registered new searcher Searcher@405826da[core] main{ExitableDirectoryReader(UninvertingDirectoryReader(Uninverting(_0(5.5.1):C7)))}
[searcherExecutor-526-thread-1] INFO org.apache.solr.update.LoggingInfoStream - [IW][searcherExecutor-526-thread-1]: decRefDeleter for NRT reader version=2 segments=
[Test worker] INFO org.apache.solr.update.processor.LogUpdateProcessorFactory - [core]  webapp=null path=/update params={commit=true&softCommit=false&waitSearcher=true}{commit=} 0 85
[Test worker] INFO org.apache.solr.core.SolrCore.Request - [core]  webapp=null path=/select params={q=some&fl=*,score&qf=dynamic_single_none_color^1.0+dynamic_single_none_title^1.0&defType=edismax&fq=_type_:asset&start=0&rows=10} hits=0 status=0 QTime=1
[Test worker] INFO org.apache.solr.core.SolrCore.Request - [core]  webapp=null path=/select params={q=some&fl=*,score&qf=dynamic_single_none_color^1.0+dynamic_single_none_title^1.0&defType=edismax&fq=_type_:marker&start=0&rows=10} hits=0 status=0 QTime=0
[Test worker] INFO org.apache.solr.core.SolrCore.Request - [core]  webapp=null path=/select params={q=(*+AND+_type_:asset)+OR+_query_:"{!parent+which%3D_type_:asset}(_type_:marker+AND+(*))"&fl=*,score&qf=dynamic_single_none_color^1.0+dynamic_single_none_title^1.0&defType=edismax&fq=(%2B_type_:asset+%2Bdynamic_single_facet_string_color:"blue")+OR+({!parent+which%3D'_type_:asset'+v%3D'_type_:marker+AND+dynamic_single_facet_string_color:"blue"'})&facet=true&facet.mincount=1&facet.limit=10&json.facet={parent_facet:{type:terms,field:_id_,limit:999999999,mincount:1,sort:{index:asc},domain:{blockParent:"_type_:asset"},facet:{children_facet:{type:query,q:"%2B_type_:marker+%2B(dynamic_single_facet_string_color:blue)+AND+*",domain:{blockChildren:"_type_:asset"}}}}}&start=0&rows=10} hits=3 status=0 QTime=2
[Test worker] INFO org.apache.solr.core.SolrCore.Request - [core]  webapp=null path=/select params={q=(*+AND+_type_:asset)+AND+_query_:"{!parent+which%3D_type_:asset}(_type_:marker+AND+(*))"&fl=*,score&qf=dynamic_single_none_color^1.0+dynamic_single_none_title^1.0&defType=edismax&fq=(%2B_type_:asset+%2Bdynamic_single_facet_string_color:"blue")+AND+({!parent+which%3D'_type_:asset'+v%3D'_type_:marker+AND+dynamic_single_facet_string_color:"blue"'})&facet=true&facet.mincount=1&facet.limit=10&json.facet={parent_facet:{type:terms,field:_id_,limit:999999999,mincount:1,sort:{index:asc},domain:{blockParent:"_type_:asset"},facet:{children_facet:{type:query,q:"%2B_type_:marker+%2B(dynamic_single_facet_string_color:blue)+AND+*",domain:{blockChildren:"_type_:asset"}}}}}&start=0&rows=10} hits=1 status=0 QTime=1
[Test worker] INFO org.apache.solr.core.SolrCore.Request - [core]  webapp=null path=/select params={q=(1+AND+_type_:asset)+OR+_query_:"{!parent+which%3D_type_:asset}(_type_:marker+AND+(*))"&fl=*,score&qf=dynamic_single_none_color^1.0+dynamic_single_none_title^1.0&defType=edismax&fq=(%2B_type_:asset+%2Bdynamic_single_facet_string_color:"blue")+OR+({!parent+which%3D'_type_:asset'+v%3D'_type_:marker+AND+dynamic_single_facet_string_color:"red"'})&facet=true&facet.mincount=1&facet.limit=10&json.facet={parent_facet:{type:terms,field:_id_,limit:999999999,mincount:1,sort:{index:asc},domain:{blockParent:"_type_:asset"},facet:{children_facet:{type:query,q:"%2B_type_:marker+%2B(dynamic_single_facet_string_color:red)+AND+1",domain:{blockChildren:"_type_:asset"}}}}}&start=0&rows=10} hits=3 status=0 QTime=2
[Test worker] INFO org.apache.solr.core.CoreContainer - Shutting down CoreContainer instance=1572795258
[coreCloseExecutor-531-thread-1] INFO org.apache.solr.core.SolrCore - [core]  CLOSING SolrCore org.apache.solr.core.SolrCore@21bf3214
[coreCloseExecutor-531-thread-1] INFO org.apache.solr.update.DirectUpdateHandler2 - closing DirectUpdateHandler2{commits=1,autocommit maxTime=15000ms,autocommits=0,soft autocommits=0,optimizes=0,rollbacks=0,expungeDeletes=0,docsPending=0,adds=0,deletesById=0,deletesByQuery=0,errors=0,cumulative_adds=4,cumulative_deletesById=0,cumulative_deletesByQuery=0,cumulative_errors=0,transaction_logs_total_size=889,transaction_logs_total_number=1}
[coreCloseExecutor-531-thread-1] INFO org.apache.solr.update.SolrCoreState - Closing SolrCoreState
[coreCloseExecutor-531-thread-1] INFO org.apache.solr.update.DefaultSolrCoreState - SolrCoreState ref count has reached 0 - closing IndexWriter
[coreCloseExecutor-531-thread-1] INFO org.apache.solr.update.DefaultSolrCoreState - closing IndexWriter with IndexWriterCloser
[coreCloseExecutor-531-thread-1] INFO org.apache.solr.update.LoggingInfoStream - [IW][coreCloseExecutor-531-thread-1]: now flush at close
[coreCloseExecutor-531-thread-1] INFO org.apache.solr.update.LoggingInfoStream - [IW][coreCloseExecutor-531-thread-1]:   start flush: applyAllDeletes=true
[coreCloseExecutor-531-thread-1] INFO org.apache.solr.update.LoggingInfoStream - [IW][coreCloseExecutor-531-thread-1]:   index before flush _0(5.5.1):C7
[coreCloseExecutor-531-thread-1] INFO org.apache.solr.update.LoggingInfoStream - [DW][coreCloseExecutor-531-thread-1]: startFullFlush
[coreCloseExecutor-531-thread-1] INFO org.apache.solr.update.LoggingInfoStream - [DW][coreCloseExecutor-531-thread-1]: coreCloseExecutor-531-thread-1 finishFullFlush success=true
[coreCloseExecutor-531-thread-1] INFO org.apache.solr.update.LoggingInfoStream - [IW][coreCloseExecutor-531-thread-1]: apply all deletes during flush
[coreCloseExecutor-531-thread-1] INFO org.apache.solr.update.LoggingInfoStream - [IW][coreCloseExecutor-531-thread-1]: now apply all deletes for all segments maxDoc=7
[coreCloseExecutor-531-thread-1] INFO org.apache.solr.update.LoggingInfoStream - [BD][coreCloseExecutor-531-thread-1]: applyDeletes: open segment readers took 0 msec
[coreCloseExecutor-531-thread-1] INFO org.apache.solr.update.LoggingInfoStream - [BD][coreCloseExecutor-531-thread-1]: applyDeletes: no segments; skipping
[coreCloseExecutor-531-thread-1] INFO org.apache.solr.update.LoggingInfoStream - [BD][coreCloseExecutor-531-thread-1]: prune sis=segments_2: _0(5.5.1):C7 minGen=3 packetCount=0
[coreCloseExecutor-531-thread-1] INFO org.apache.solr.update.LoggingInfoStream - [MS][coreCloseExecutor-531-thread-1]: updateMergeThreads ioThrottle=true targetMBPerSec=10240.0 MB/sec
[coreCloseExecutor-531-thread-1] INFO org.apache.solr.update.LoggingInfoStream - [MS][coreCloseExecutor-531-thread-1]: now merge
[coreCloseExecutor-531-thread-1] INFO org.apache.solr.update.LoggingInfoStream - [MS][coreCloseExecutor-531-thread-1]:   index: _0(5.5.1):C7
[coreCloseExecutor-531-thread-1] INFO org.apache.solr.update.LoggingInfoStream - [MS][coreCloseExecutor-531-thread-1]:   no more merges pending; now return
[coreCloseExecutor-531-thread-1] INFO org.apache.solr.update.LoggingInfoStream - [IW][coreCloseExecutor-531-thread-1]: waitForMerges
[coreCloseExecutor-531-thread-1] INFO org.apache.solr.update.LoggingInfoStream - [IW][coreCloseExecutor-531-thread-1]: waitForMerges done
[coreCloseExecutor-531-thread-1] INFO org.apache.solr.update.LoggingInfoStream - [IW][coreCloseExecutor-531-thread-1]: commit: start
[coreCloseExecutor-531-thread-1] INFO org.apache.solr.update.LoggingInfoStream - [IW][coreCloseExecutor-531-thread-1]: commit: enter lock
[coreCloseExecutor-531-thread-1] INFO org.apache.solr.update.LoggingInfoStream - [IW][coreCloseExecutor-531-thread-1]: commit: now prepare
[coreCloseExecutor-531-thread-1] INFO org.apache.solr.update.LoggingInfoStream - [IW][coreCloseExecutor-531-thread-1]: prepareCommit: flush
[coreCloseExecutor-531-thread-1] INFO org.apache.solr.update.LoggingInfoStream - [IW][coreCloseExecutor-531-thread-1]:   index before flush _0(5.5.1):C7
[coreCloseExecutor-531-thread-1] INFO org.apache.solr.update.LoggingInfoStream - [DW][coreCloseExecutor-531-thread-1]: startFullFlush
[coreCloseExecutor-531-thread-1] INFO org.apache.solr.update.LoggingInfoStream - [IW][coreCloseExecutor-531-thread-1]: apply all deletes during flush
[coreCloseExecutor-531-thread-1] INFO org.apache.solr.update.LoggingInfoStream - [IW][coreCloseExecutor-531-thread-1]: now apply all deletes for all segments maxDoc=7
[coreCloseExecutor-531-thread-1] INFO org.apache.solr.update.LoggingInfoStream - [BD][coreCloseExecutor-531-thread-1]: applyDeletes: open segment readers took 0 msec
[coreCloseExecutor-531-thread-1] INFO org.apache.solr.update.LoggingInfoStream - [BD][coreCloseExecutor-531-thread-1]: applyDeletes: no segments; skipping
[coreCloseExecutor-531-thread-1] INFO org.apache.solr.update.LoggingInfoStream - [BD][coreCloseExecutor-531-thread-1]: prune sis=segments_2: _0(5.5.1):C7 minGen=3 packetCount=0
[coreCloseExecutor-531-thread-1] INFO org.apache.solr.update.LoggingInfoStream - [DW][coreCloseExecutor-531-thread-1]: coreCloseExecutor-531-thread-1 finishFullFlush success=true
[coreCloseExecutor-531-thread-1] INFO org.apache.solr.update.LoggingInfoStream - [IW][coreCloseExecutor-531-thread-1]: startCommit(): start
[coreCloseExecutor-531-thread-1] INFO org.apache.solr.update.LoggingInfoStream - [IW][coreCloseExecutor-531-thread-1]:   skip startCommit(): no changes pending
[coreCloseExecutor-531-thread-1] INFO org.apache.solr.update.LoggingInfoStream - [IW][coreCloseExecutor-531-thread-1]: commit: pendingCommit == null; skip
[coreCloseExecutor-531-thread-1] INFO org.apache.solr.update.LoggingInfoStream - [IW][coreCloseExecutor-531-thread-1]: commit: took 0.1 msec
[coreCloseExecutor-531-thread-1] INFO org.apache.solr.update.LoggingInfoStream - [IW][coreCloseExecutor-531-thread-1]: commit: done
[coreCloseExecutor-531-thread-1] INFO org.apache.solr.update.LoggingInfoStream - [IW][coreCloseExecutor-531-thread-1]: rollback
[coreCloseExecutor-531-thread-1] INFO org.apache.solr.update.LoggingInfoStream - [IW][coreCloseExecutor-531-thread-1]: all running merges have aborted
[coreCloseExecutor-531-thread-1] INFO org.apache.solr.update.LoggingInfoStream - [IW][coreCloseExecutor-531-thread-1]: rollback: done finish merges
[coreCloseExecutor-531-thread-1] INFO org.apache.solr.update.LoggingInfoStream - [DW][coreCloseExecutor-531-thread-1]: abort
[coreCloseExecutor-531-thread-1] INFO org.apache.solr.update.LoggingInfoStream - [DW][coreCloseExecutor-531-thread-1]: done abort success=true
[coreCloseExecutor-531-thread-1] INFO org.apache.solr.update.LoggingInfoStream - [IW][coreCloseExecutor-531-thread-1]: rollback: infos=_0(5.5.1):C7
[coreCloseExecutor-531-thread-1] INFO org.apache.solr.update.LoggingInfoStream - [IFD][coreCloseExecutor-531-thread-1]: now checkpoint "_0(5.5.1):C7" [1 segments ; isCommit = false]
[coreCloseExecutor-531-thread-1] INFO org.apache.solr.update.LoggingInfoStream - [IFD][coreCloseExecutor-531-thread-1]: 0 msec to checkpoint
[coreCloseExecutor-531-thread-1] INFO org.apache.solr.core.SolrCore - [core] Closing main searcher on request.
[coreCloseExecutor-531-thread-1] INFO org.apache.solr.core.CachingDirectoryFactory - Closing NRTCachingDirectoryFactory - 2 directories currently being tracked
[coreCloseExecutor-531-thread-1] INFO org.apache.solr.core.CachingDirectoryFactory - looking to close /tmp/solr-home8288667206474285054/core/data/index [CachedDir<<refCount=0;path=/tmp/solr-home8288667206474285054/core/data/index;done=false>>]
[coreCloseExecutor-531-thread-1] INFO org.apache.solr.core.CachingDirectoryFactory - Closing directory: /tmp/solr-home8288667206474285054/core/data/index
[coreCloseExecutor-531-thread-1] INFO org.apache.solr.core.CachingDirectoryFactory - looking to close /tmp/solr-home8288667206474285054/core/data [CachedDir<<refCount=0;path=/tmp/solr-home8288667206474285054/core/data;done=false>>]
[coreCloseExecutor-531-thread-1] INFO org.apache.solr.core.CachingDirectoryFactory - Closing directory: /tmp/solr-home8288667206474285054/core/data
[Test worker] INFO com.rbmhtechnology.vind.solr.SolrSearchServer - No server provider of type class com.rbmhtechnology.vind.solr.EmbeddedSolrServerProvider found in classpath for server com.rbmhtechnology.vind.solr.SolrSearchServer
[Test worker] INFO com.rbmhtechnology.vind.solr.SolrSearchServer - No server provider of type class com.rbmhtechnology.vind.solr.EmbeddedSolrServerProvider found in classpath for server com.rbmhtechnology.vind.solr.SolrSearchServer
[Test worker] INFO org.apache.solr.core.SolrResourceLoader - new SolrResourceLoader for directory: '/tmp/solr-home251537920304143574'
[Test worker] INFO org.apache.solr.core.SolrResourceLoader - JNDI not configured for solr (NoInitialContextEx)
[Test worker] INFO org.apache.solr.core.SolrResourceLoader - solr home defaulted to 'solr/' (could not find system property or JNDI)
[Test worker] INFO org.apache.solr.core.SolrXmlConfig - Loading container configuration from /tmp/solr-home251537920304143574/solr.xml
[Test worker] INFO org.apache.solr.core.CorePropertiesLocator - Config-defined core root directory: /tmp/solr-home251537920304143574
[Test worker] INFO org.apache.solr.core.CoreContainer - New CoreContainer 1033731081
[Test worker] INFO org.apache.solr.core.CoreContainer - Loading cores into CoreContainer [instanceDir=/tmp/solr-home251537920304143574]
[Test worker] WARN org.apache.solr.core.CoreContainer - Couldn't add files from /tmp/solr-home251537920304143574/lib to classpath: /tmp/solr-home251537920304143574/lib
[Test worker] INFO org.apache.solr.handler.component.HttpShardHandlerFactory - created with socketTimeout : 120000,connTimeout : 15000,maxConnectionsPerHost : 20,maxConnections : 10000,corePoolSize : 0,maximumPoolSize : 2147483647,maxThreadIdleTime : 5,sizeOfQueue : -1,fairnessPolicy : false,useRetries : false,
[Test worker] INFO org.apache.solr.update.UpdateShardHandler - Creating UpdateShardHandler HTTP client with params: socketTimeout=600000&connTimeout=60000&retry=true
[Test worker] INFO org.apache.solr.logging.LogWatcher - SLF4J impl is org.slf4j.impl.SimpleLoggerFactory
[Test worker] INFO org.apache.solr.logging.LogWatcher - No LogWatcher configured
[Test worker] INFO org.apache.solr.core.CoreContainer - Security conf doesn't exist. Skipping setup for authorization module.
[Test worker] INFO org.apache.solr.core.CoreContainer - No authentication plugin used.
[Test worker] INFO org.apache.solr.core.CorePropertiesLocator - Looking for core definitions underneath /tmp/solr-home251537920304143574
[Test worker] INFO org.apache.solr.core.CoreDescriptor - Created CoreDescriptor: {runtimeLib=false, name=core, config=solrconfig.xml, loadOnStartup=true, schema=schema.xml, configSetProperties=configsetprops.json, transient=false, dataDir=data/}
[Test worker] INFO org.apache.solr.core.CorePropertiesLocator - Found core core in /tmp/solr-home251537920304143574/core
[Test worker] INFO org.apache.solr.core.CorePropertiesLocator - Found 1 core definitions
[coreLoadExecutor-538-thread-1] INFO org.apache.solr.core.SolrResourceLoader - new SolrResourceLoader for directory: '/tmp/solr-home251537920304143574/core'
[coreLoadExecutor-538-thread-1] INFO org.apache.solr.core.SolrResourceLoader - JNDI not configured for solr (NoInitialContextEx)
[coreLoadExecutor-538-thread-1] INFO org.apache.solr.core.SolrResourceLoader - solr home defaulted to 'solr/' (could not find system property or JNDI)
[coreLoadExecutor-538-thread-1] INFO org.apache.solr.core.SolrResourceLoader - Adding 'file:/tmp/solr-home251537920304143574/core/lib/marker-search-handler-0.3.0.jar' to classloader
[coreLoadExecutor-538-thread-1] INFO org.apache.solr.core.SolrResourceLoader - Adding 'file:/tmp/solr-home251537920304143574/core/lib/suggestion-request-handler-2.1.0.jar' to classloader
[coreLoadExecutor-538-thread-1] INFO org.apache.solr.core.SolrConfig - current version of requestparams : -1
[coreLoadExecutor-538-thread-1] INFO org.apache.solr.update.SolrIndexConfig - IndexWriter infoStream solr logging is enabled
[coreLoadExecutor-538-thread-1] INFO org.apache.solr.core.SolrConfig - Using Lucene MatchVersion: 5.5.0
[coreLoadExecutor-538-thread-1] INFO org.apache.solr.core.SolrConfig - Loaded SolrConfig: solrconfig.xml
[coreLoadExecutor-538-thread-1] INFO org.apache.solr.schema.ManagedIndexSchemaFactory - The schema is configured as managed, but managed schema resource managed-schema not found - loading non-managed schema schema.xml instead
[coreLoadExecutor-538-thread-1] INFO org.apache.solr.schema.IndexSchema - [core] Schema name=basic search lib core
[coreLoadExecutor-538-thread-1] INFO org.apache.solr.schema.IndexSchema - unique key field: _id_
[coreLoadExecutor-538-thread-1] INFO org.apache.solr.schema.ManagedIndexSchema - Upgraded to managed schema at /tmp/solr-home251537920304143574/core/conf/managed-schema
[coreLoadExecutor-538-thread-1] INFO org.apache.solr.schema.ManagedIndexSchemaFactory - After upgrading to managed schema, renamed the non-managed schema /tmp/solr-home251537920304143574/core/conf/schema.xml to /tmp/solr-home251537920304143574/core/conf/schema.xml.bak
[coreLoadExecutor-538-thread-1] INFO org.apache.solr.core.ConfigSetProperties - Did not find ConfigSet properties, assuming default properties: Can't find resource 'configsetprops.json' in classpath or '/tmp/solr-home251537920304143574/core'
[coreLoadExecutor-538-thread-1] INFO org.apache.solr.core.CoreContainer - Creating SolrCore 'core' using configuration from instancedir /tmp/solr-home251537920304143574/core
[coreLoadExecutor-538-thread-1] INFO org.apache.solr.core.SolrCore - solr.NRTCachingDirectoryFactory
[coreLoadExecutor-538-thread-1] INFO org.apache.solr.core.SolrCore - [[core] ] Opening new SolrCore at [/tmp/solr-home251537920304143574/core], dataDir=[/tmp/solr-home251537920304143574/core/data/]
[coreLoadExecutor-538-thread-1] INFO org.apache.solr.core.JmxMonitoredMap - No JMX servers found, not exposing Solr information with JMX.
[coreLoadExecutor-538-thread-1] INFO org.apache.solr.core.SchemaCodecFactory - Using default compressionMode: BEST_SPEED
[coreLoadExecutor-538-thread-1] INFO org.apache.solr.core.CachingDirectoryFactory - return new directory for /tmp/solr-home251537920304143574/core/data
[coreLoadExecutor-538-thread-1] INFO org.apache.solr.core.SolrCore - New index directory detected: old=null new=/tmp/solr-home251537920304143574/core/data/index/
[coreLoadExecutor-538-thread-1] WARN org.apache.solr.core.SolrCore - [core] Solr index directory '/tmp/solr-home251537920304143574/core/data/index' doesn't exist. Creating new index...
[coreLoadExecutor-538-thread-1] INFO org.apache.solr.core.CachingDirectoryFactory - return new directory for /tmp/solr-home251537920304143574/core/data/index
[coreLoadExecutor-538-thread-1] INFO org.apache.solr.update.LoggingInfoStream - [IFD][coreLoadExecutor-538-thread-1]: init: current segments file is "segments"; deletionPolicy=org.apache.solr.core.IndexDeletionPolicyWrapper@160316ac
[coreLoadExecutor-538-thread-1] INFO org.apache.solr.update.LoggingInfoStream - [IFD][coreLoadExecutor-538-thread-1]: now checkpoint "" [0 segments ; isCommit = false]
[coreLoadExecutor-538-thread-1] INFO org.apache.solr.update.LoggingInfoStream - [IFD][coreLoadExecutor-538-thread-1]: 0 msec to checkpoint
[coreLoadExecutor-538-thread-1] INFO org.apache.solr.update.LoggingInfoStream - [IW][coreLoadExecutor-538-thread-1]: init: create=true
[coreLoadExecutor-538-thread-1] INFO org.apache.solr.update.LoggingInfoStream - [IW][coreLoadExecutor-538-thread-1]: 
dir=NRTCachingDirectory(MMapDirectory@/tmp/solr-home251537920304143574/core/data/index lockFactory=org.apache.lucene.store.NativeFSLockFactory@2c3d74f6; maxCacheMB=48.0 maxMergeSizeMB=4.0)
index=
version=5.5.1
analyzer=org.apache.solr.update.SolrIndexConfig$DelayedSchemaAnalyzer
ramBufferSizeMB=100.0
maxBufferedDocs=-1
maxBufferedDeleteTerms=-1
mergedSegmentWarmer=null
delPolicy=org.apache.solr.core.IndexDeletionPolicyWrapper
commit=null
openMode=CREATE
similarity=org.apache.lucene.search.similarities.ClassicSimilarity
mergeScheduler=ConcurrentMergeScheduler: maxThreadCount=-1, maxMergeCount=-1, ioThrottle=true
default WRITE_LOCK_TIMEOUT=0
writeLockTimeout=0
codec=Lucene54
infoStream=org.apache.solr.update.LoggingInfoStream
mergePolicy=[TieredMergePolicy: maxMergeAtOnce=10, maxMergeAtOnceExplicit=30, maxMergedSegmentMB=5120.0, floorSegmentMB=2.0, forceMergeDeletesPctAllowed=10.0, segmentsPerTier=10.0, maxCFSSegmentSizeMB=8.796093022207999E12, noCFSRatio=0.1
indexerThreadPool=org.apache.lucene.index.DocumentsWriterPerThreadPool@7753e8e1
readerPooling=false
perThreadHardLimitMB=1945
useCompoundFile=false
commitOnClose=true
writer=org.apache.solr.update.SolrIndexWriter@1d63ead0

[coreLoadExecutor-538-thread-1] INFO org.apache.solr.update.LoggingInfoStream - [IW][coreLoadExecutor-538-thread-1]: MMapDirectory.UNMAP_SUPPORTED=true
[coreLoadExecutor-538-thread-1] INFO org.apache.solr.update.LoggingInfoStream - [IW][coreLoadExecutor-538-thread-1]: now flush at close
[coreLoadExecutor-538-thread-1] INFO org.apache.solr.update.LoggingInfoStream - [IW][coreLoadExecutor-538-thread-1]:   start flush: applyAllDeletes=true
[coreLoadExecutor-538-thread-1] INFO org.apache.solr.update.LoggingInfoStream - [IW][coreLoadExecutor-538-thread-1]:   index before flush 
[coreLoadExecutor-538-thread-1] INFO org.apache.solr.update.LoggingInfoStream - [DW][coreLoadExecutor-538-thread-1]: startFullFlush
[coreLoadExecutor-538-thread-1] INFO org.apache.solr.update.LoggingInfoStream - [DW][coreLoadExecutor-538-thread-1]: coreLoadExecutor-538-thread-1 finishFullFlush success=true
[coreLoadExecutor-538-thread-1] INFO org.apache.solr.update.LoggingInfoStream - [IW][coreLoadExecutor-538-thread-1]: apply all deletes during flush
[coreLoadExecutor-538-thread-1] INFO org.apache.solr.update.LoggingInfoStream - [IW][coreLoadExecutor-538-thread-1]: now apply all deletes for all segments maxDoc=0
[coreLoadExecutor-538-thread-1] INFO org.apache.solr.update.LoggingInfoStream - [BD][coreLoadExecutor-538-thread-1]: prune sis=segments:  minGen=9223372036854775807 packetCount=0
[coreLoadExecutor-538-thread-1] INFO org.apache.solr.update.LoggingInfoStream - [MS][coreLoadExecutor-538-thread-1]: initDynamicDefaults spins=false maxThreadCount=2 maxMergeCount=7
[coreLoadExecutor-538-thread-1] INFO org.apache.solr.update.LoggingInfoStream - [MS][coreLoadExecutor-538-thread-1]: updateMergeThreads ioThrottle=true targetMBPerSec=10240.0 MB/sec
[coreLoadExecutor-538-thread-1] INFO org.apache.solr.update.LoggingInfoStream - [MS][coreLoadExecutor-538-thread-1]: now merge
[coreLoadExecutor-538-thread-1] INFO org.apache.solr.update.LoggingInfoStream - [MS][coreLoadExecutor-538-thread-1]:   index: 
[coreLoadExecutor-538-thread-1] INFO org.apache.solr.update.LoggingInfoStream - [MS][coreLoadExecutor-538-thread-1]:   no more merges pending; now return
[coreLoadExecutor-538-thread-1] INFO org.apache.solr.update.LoggingInfoStream - [IW][coreLoadExecutor-538-thread-1]: waitForMerges
[coreLoadExecutor-538-thread-1] INFO org.apache.solr.update.LoggingInfoStream - [IW][coreLoadExecutor-538-thread-1]: waitForMerges done
[coreLoadExecutor-538-thread-1] INFO org.apache.solr.update.LoggingInfoStream - [IW][coreLoadExecutor-538-thread-1]: commit: start
[coreLoadExecutor-538-thread-1] INFO org.apache.solr.update.LoggingInfoStream - [IW][coreLoadExecutor-538-thread-1]: commit: enter lock
[coreLoadExecutor-538-thread-1] INFO org.apache.solr.update.LoggingInfoStream - [IW][coreLoadExecutor-538-thread-1]: commit: now prepare
[coreLoadExecutor-538-thread-1] INFO org.apache.solr.update.LoggingInfoStream - [IW][coreLoadExecutor-538-thread-1]: prepareCommit: flush
[coreLoadExecutor-538-thread-1] INFO org.apache.solr.update.LoggingInfoStream - [IW][coreLoadExecutor-538-thread-1]:   index before flush 
[coreLoadExecutor-538-thread-1] INFO org.apache.solr.update.LoggingInfoStream - [DW][coreLoadExecutor-538-thread-1]: startFullFlush
[coreLoadExecutor-538-thread-1] INFO org.apache.solr.update.LoggingInfoStream - [IW][coreLoadExecutor-538-thread-1]: apply all deletes during flush
[coreLoadExecutor-538-thread-1] INFO org.apache.solr.update.LoggingInfoStream - [IW][coreLoadExecutor-538-thread-1]: now apply all deletes for all segments maxDoc=0
[coreLoadExecutor-538-thread-1] INFO org.apache.solr.update.LoggingInfoStream - [BD][coreLoadExecutor-538-thread-1]: prune sis=segments:  minGen=9223372036854775807 packetCount=0
[coreLoadExecutor-538-thread-1] INFO org.apache.solr.update.LoggingInfoStream - [DW][coreLoadExecutor-538-thread-1]: coreLoadExecutor-538-thread-1 finishFullFlush success=true
[coreLoadExecutor-538-thread-1] INFO org.apache.solr.update.LoggingInfoStream - [IW][coreLoadExecutor-538-thread-1]: startCommit(): start
[coreLoadExecutor-538-thread-1] INFO org.apache.solr.update.LoggingInfoStream - [IW][coreLoadExecutor-538-thread-1]: startCommit index= changeCount=2
[coreLoadExecutor-538-thread-1] INFO org.apache.solr.update.LoggingInfoStream - [IW][coreLoadExecutor-538-thread-1]: startCommit: wrote pending segments file "pending_segments_1"
[coreLoadExecutor-538-thread-1] INFO org.apache.solr.update.LoggingInfoStream - [IW][coreLoadExecutor-538-thread-1]: done all syncs: []
[coreLoadExecutor-538-thread-1] INFO org.apache.solr.update.LoggingInfoStream - [IW][coreLoadExecutor-538-thread-1]: commit: pendingCommit != null
[coreLoadExecutor-538-thread-1] INFO org.apache.solr.update.LoggingInfoStream - [IW][coreLoadExecutor-538-thread-1]: commit: done writing segments file "segments_1"
[coreLoadExecutor-538-thread-1] INFO org.apache.solr.update.LoggingInfoStream - [IFD][coreLoadExecutor-538-thread-1]: now checkpoint "" [0 segments ; isCommit = true]
[coreLoadExecutor-538-thread-1] INFO org.apache.solr.core.SolrDeletionPolicy - SolrDeletionPolicy.onCommit: commits: num=1
	commit{dir=NRTCachingDirectory(MMapDirectory@/tmp/solr-home251537920304143574/core/data/index lockFactory=org.apache.lucene.store.NativeFSLockFactory@2c3d74f6; maxCacheMB=48.0 maxMergeSizeMB=4.0),segFN=segments_1,generation=1}
[coreLoadExecutor-538-thread-1] INFO org.apache.solr.core.SolrDeletionPolicy - newest commit generation = 1
[coreLoadExecutor-538-thread-1] INFO org.apache.solr.update.LoggingInfoStream - [IFD][coreLoadExecutor-538-thread-1]: 0 msec to checkpoint
[coreLoadExecutor-538-thread-1] INFO org.apache.solr.update.LoggingInfoStream - [IW][coreLoadExecutor-538-thread-1]: commit: took 10.2 msec
[coreLoadExecutor-538-thread-1] INFO org.apache.solr.update.LoggingInfoStream - [IW][coreLoadExecutor-538-thread-1]: commit: done
[coreLoadExecutor-538-thread-1] INFO org.apache.solr.update.LoggingInfoStream - [IW][coreLoadExecutor-538-thread-1]: rollback
[coreLoadExecutor-538-thread-1] INFO org.apache.solr.update.LoggingInfoStream - [IW][coreLoadExecutor-538-thread-1]: all running merges have aborted
[coreLoadExecutor-538-thread-1] INFO org.apache.solr.update.LoggingInfoStream - [IW][coreLoadExecutor-538-thread-1]: rollback: done finish merges
[coreLoadExecutor-538-thread-1] INFO org.apache.solr.update.LoggingInfoStream - [DW][coreLoadExecutor-538-thread-1]: abort
[coreLoadExecutor-538-thread-1] INFO org.apache.solr.update.LoggingInfoStream - [DW][coreLoadExecutor-538-thread-1]: done abort success=true
[coreLoadExecutor-538-thread-1] INFO org.apache.solr.update.LoggingInfoStream - [IW][coreLoadExecutor-538-thread-1]: rollback: infos=
[coreLoadExecutor-538-thread-1] INFO org.apache.solr.update.LoggingInfoStream - [IFD][coreLoadExecutor-538-thread-1]: now checkpoint "" [0 segments ; isCommit = false]
[coreLoadExecutor-538-thread-1] INFO org.apache.solr.update.LoggingInfoStream - [IFD][coreLoadExecutor-538-thread-1]: 0 msec to checkpoint
[OldIndexDirectoryCleanupThreadForCore-core] INFO org.apache.solr.core.SolrCore - Looking for old index directories to cleanup for core core in /tmp/solr-home251537920304143574/core/data/
[coreLoadExecutor-538-thread-1] INFO org.apache.solr.core.SolrCore - no updateRequestProcessorChain defined as default, creating implicit default
[coreLoadExecutor-538-thread-1] INFO org.apache.solr.handler.loader.XMLLoader - xsltCacheLifetimeSeconds=60
[coreLoadExecutor-538-thread-1] INFO org.apache.solr.handler.loader.XMLLoader - xsltCacheLifetimeSeconds=60
[coreLoadExecutor-538-thread-1] INFO org.apache.solr.handler.loader.XMLLoader - xsltCacheLifetimeSeconds=60
[coreLoadExecutor-538-thread-1] INFO org.apache.solr.handler.loader.XMLLoader - xsltCacheLifetimeSeconds=60
[coreLoadExecutor-538-thread-1] INFO org.apache.solr.core.RequestHandlers - Registered paths: /admin/mbeans,,/update/csv,/update/json/docs,/admin/luke,/select,/suggester,/admin/segments,/get,/admin/system,/replication,/admin/properties,/config,/schema,/admin/plugins,/admin/logging,/update/json,/admin/threads,/admin/ping,/update,/admin/file
[coreLoadExecutor-538-thread-1] INFO org.apache.solr.core.SolrCore - Using default statsCache cache: org.apache.solr.search.stats.LocalStatsCache
[coreLoadExecutor-538-thread-1] INFO org.apache.solr.update.UpdateHandler - Using UpdateLog implementation: org.apache.solr.update.UpdateLog
[coreLoadExecutor-538-thread-1] INFO org.apache.solr.update.UpdateLog - Initializing UpdateLog: dataDir= defaultSyncLevel=FLUSH numRecordsToKeep=100 maxNumLogsToKeep=10 numVersionBuckets=65536
[coreLoadExecutor-538-thread-1] INFO org.apache.solr.update.CommitTracker - Hard AutoCommit: if uncommited for 15000ms; 
[coreLoadExecutor-538-thread-1] INFO org.apache.solr.update.CommitTracker - Soft AutoCommit: disabled
[coreLoadExecutor-538-thread-1] INFO org.apache.solr.update.LoggingInfoStream - [IFD][coreLoadExecutor-538-thread-1]: init: current segments file is "segments_1"; deletionPolicy=org.apache.solr.core.IndexDeletionPolicyWrapper@160316ac
[coreLoadExecutor-538-thread-1] INFO org.apache.solr.update.LoggingInfoStream - [IFD][coreLoadExecutor-538-thread-1]: init: load commit "segments_1"
[coreLoadExecutor-538-thread-1] INFO org.apache.solr.core.SolrDeletionPolicy - SolrDeletionPolicy.onInit: commits: num=1
	commit{dir=NRTCachingDirectory(MMapDirectory@/tmp/solr-home251537920304143574/core/data/index lockFactory=org.apache.lucene.store.NativeFSLockFactory@2c3d74f6; maxCacheMB=48.0 maxMergeSizeMB=4.0),segFN=segments_1,generation=1}
[coreLoadExecutor-538-thread-1] INFO org.apache.solr.core.SolrDeletionPolicy - newest commit generation = 1
[coreLoadExecutor-538-thread-1] INFO org.apache.solr.update.LoggingInfoStream - [IFD][coreLoadExecutor-538-thread-1]: now checkpoint "" [0 segments ; isCommit = false]
[coreLoadExecutor-538-thread-1] INFO org.apache.solr.update.LoggingInfoStream - [IFD][coreLoadExecutor-538-thread-1]: 0 msec to checkpoint
[coreLoadExecutor-538-thread-1] INFO org.apache.solr.update.LoggingInfoStream - [IW][coreLoadExecutor-538-thread-1]: init: create=false
[coreLoadExecutor-538-thread-1] INFO org.apache.solr.update.LoggingInfoStream - [IW][coreLoadExecutor-538-thread-1]: 
dir=NRTCachingDirectory(MMapDirectory@/tmp/solr-home251537920304143574/core/data/index lockFactory=org.apache.lucene.store.NativeFSLockFactory@2c3d74f6; maxCacheMB=48.0 maxMergeSizeMB=4.0)
index=
version=5.5.1
analyzer=org.apache.solr.update.SolrIndexConfig$DelayedSchemaAnalyzer
ramBufferSizeMB=100.0
maxBufferedDocs=-1
maxBufferedDeleteTerms=-1
mergedSegmentWarmer=null
delPolicy=org.apache.solr.core.IndexDeletionPolicyWrapper
commit=null
openMode=APPEND
similarity=org.apache.lucene.search.similarities.ClassicSimilarity
mergeScheduler=ConcurrentMergeScheduler: maxThreadCount=-1, maxMergeCount=-1, ioThrottle=true
default WRITE_LOCK_TIMEOUT=0
writeLockTimeout=0
codec=Lucene54
infoStream=org.apache.solr.update.LoggingInfoStream
mergePolicy=[TieredMergePolicy: maxMergeAtOnce=10, maxMergeAtOnceExplicit=30, maxMergedSegmentMB=5120.0, floorSegmentMB=2.0, forceMergeDeletesPctAllowed=10.0, segmentsPerTier=10.0, maxCFSSegmentSizeMB=8.796093022207999E12, noCFSRatio=0.1
indexerThreadPool=org.apache.lucene.index.DocumentsWriterPerThreadPool@5dcd40f8
readerPooling=false
perThreadHardLimitMB=1945
useCompoundFile=false
commitOnClose=true
writer=org.apache.solr.update.SolrIndexWriter@5da10e2

[coreLoadExecutor-538-thread-1] INFO org.apache.solr.update.LoggingInfoStream - [IW][coreLoadExecutor-538-thread-1]: MMapDirectory.UNMAP_SUPPORTED=true
[coreLoadExecutor-538-thread-1] INFO org.apache.solr.update.LoggingInfoStream - [IW][coreLoadExecutor-538-thread-1]: flush at getReader
[coreLoadExecutor-538-thread-1] INFO org.apache.solr.update.LoggingInfoStream - [DW][coreLoadExecutor-538-thread-1]: startFullFlush
[coreLoadExecutor-538-thread-1] INFO org.apache.solr.update.LoggingInfoStream - [IW][coreLoadExecutor-538-thread-1]: apply all deletes during flush
[coreLoadExecutor-538-thread-1] INFO org.apache.solr.update.LoggingInfoStream - [IW][coreLoadExecutor-538-thread-1]: now apply all deletes for all segments maxDoc=0
[coreLoadExecutor-538-thread-1] INFO org.apache.solr.update.LoggingInfoStream - [BD][coreLoadExecutor-538-thread-1]: prune sis=segments_1:  minGen=9223372036854775807 packetCount=0
[coreLoadExecutor-538-thread-1] INFO org.apache.solr.update.LoggingInfoStream - [IW][coreLoadExecutor-538-thread-1]: incRefDeleter for NRT reader version=2 segments=
[coreLoadExecutor-538-thread-1] INFO org.apache.solr.update.LoggingInfoStream - [IW][coreLoadExecutor-538-thread-1]: return reader version=2 reader=StandardDirectoryReader(segments_1:2:nrt)
[coreLoadExecutor-538-thread-1] INFO org.apache.solr.update.LoggingInfoStream - [DW][coreLoadExecutor-538-thread-1]: coreLoadExecutor-538-thread-1 finishFullFlush success=true
[coreLoadExecutor-538-thread-1] INFO org.apache.solr.update.LoggingInfoStream - [IW][coreLoadExecutor-538-thread-1]: getReader took 0 msec
[coreLoadExecutor-538-thread-1] INFO org.apache.solr.search.SolrIndexSearcher - Opening Searcher@5d7bf7e[core] main
[coreLoadExecutor-538-thread-1] INFO org.apache.solr.rest.ManagedResourceStorage - File-based storage initialized to use dir: /tmp/solr-home251537920304143574/core/conf
[coreLoadExecutor-538-thread-1] INFO org.apache.solr.rest.RestManager - Initializing RestManager with initArgs: {storageDir=/tmp/solr-home251537920304143574/core/conf}
[coreLoadExecutor-538-thread-1] INFO org.apache.solr.rest.ManagedResourceStorage - Reading _rest_managed.json using file:dir=/tmp/solr-home251537920304143574/core/conf
[coreLoadExecutor-538-thread-1] INFO org.apache.solr.rest.RestManager - Initializing 0 registered ManagedResources
[coreLoadExecutor-538-thread-1] INFO org.apache.solr.handler.component.SpellCheckComponent - Initializing spell checkers
[coreLoadExecutor-538-thread-1] INFO org.apache.solr.handler.component.SpellCheckComponent - Registering newSearcher listener for spellchecker: default
[coreLoadExecutor-538-thread-1] INFO org.apache.solr.handler.component.SpellCheckComponent - No queryConverter defined, using default converter
[coreLoadExecutor-538-thread-1] INFO org.apache.solr.handler.ReplicationHandler - Commits will be reserved for  10000
[coreLoadExecutor-538-thread-1] INFO org.apache.solr.update.UpdateLog - Looking up max value of version field to seed version buckets
[searcherExecutor-539-thread-1] INFO org.apache.solr.handler.component.SpellCheckComponent - Loading spell index for spellchecker: default
[coreLoadExecutor-538-thread-1] INFO org.apache.solr.update.VersionInfo - Refreshing highest value of _version_ for 65536 version buckets from index
[coreLoadExecutor-538-thread-1] INFO org.apache.solr.update.VersionInfo - No terms found for _version_, cannot seed version bucket highest value from index
[coreLoadExecutor-538-thread-1] INFO org.apache.solr.update.UpdateLog - Could not find max version in index or recent updates, using new clock 1576087841917632512
[searcherExecutor-539-thread-1] INFO org.apache.solr.core.SolrCore - [core] Registered new searcher Searcher@5d7bf7e[core] main{ExitableDirectoryReader(UninvertingDirectoryReader())}
[coreLoadExecutor-538-thread-1] INFO org.apache.solr.update.UpdateLog - Took 1.0ms to seed version buckets with highest version 1576087841917632512
[coreLoadExecutor-538-thread-1] INFO org.apache.solr.core.CoreContainer - registering core: core
[Test worker] INFO org.apache.solr.core.SolrCore.Request - [core]  webapp=null path=/admin/ping params={} hits=0 status=0 QTime=0
[Test worker] INFO org.apache.solr.core.SolrCore.Request - [core]  webapp=null path=/admin/ping params={} status=0 QTime=0
[Test worker] INFO com.rbmhtechnology.vind.solr.SolrSearchServer - Connection to solr server successful
[Test worker] INFO org.apache.solr.core.SolrCore.Request - [core]  webapp=null path=/schema params={} status=0 QTime=0
[Test worker] INFO com.rbmhtechnology.vind.solr.SolrSearchServer - No server provider of type class com.rbmhtechnology.vind.solr.EmbeddedSolrServerProvider found in classpath for server com.rbmhtechnology.vind.solr.SolrSearchServer
[Test worker] INFO org.apache.solr.core.SolrCore.Request - [core]  webapp=null path=/suggester params={qt=/suggester&suggestion.field=dynamic_single_suggest_string_title&q=Hel&suggestion.df=suggestions&suggestion.limit=10&fq=_type_:asset&fq=dynamic_single_facet_date_created:[*+TO+2017-08-18T10:41:35.243Z]} status=0 QTime=11
[Test worker] INFO org.apache.solr.update.processor.LogUpdateProcessorFactory - [core]  webapp=null path=/update params={}{add=[1 (1576087841937555456)]} 0 2
[Test worker] INFO org.apache.solr.update.processor.LogUpdateProcessorFactory - [core]  webapp=null path=/update params={}{add=[2 (1576087841940701184)]} 0 1
[Test worker] INFO org.apache.solr.update.DirectUpdateHandler2 - start commit{,optimize=false,openSearcher=true,waitSearcher=true,expungeDeletes=false,softCommit=false,prepareCommit=false}
[Test worker] INFO org.apache.solr.update.LoggingInfoStream - [IW][Test worker]: commit: start
[Test worker] INFO org.apache.solr.update.LoggingInfoStream - [IW][Test worker]: commit: enter lock
[Test worker] INFO org.apache.solr.update.LoggingInfoStream - [IW][Test worker]: commit: now prepare
[Test worker] INFO org.apache.solr.update.LoggingInfoStream - [IW][Test worker]: prepareCommit: flush
[Test worker] INFO org.apache.solr.update.LoggingInfoStream - [IW][Test worker]:   index before flush 
[Test worker] INFO org.apache.solr.update.LoggingInfoStream - [DW][Test worker]: startFullFlush
[Test worker] INFO org.apache.solr.update.LoggingInfoStream - [DW][Test worker]: anyChanges? numDocsInRam=2 deletes=true hasTickets:false pendingChangesInFullFlush: false
[Test worker] INFO org.apache.solr.update.LoggingInfoStream - [DWFC][Test worker]: addFlushableState DocumentsWriterPerThread [pendingDeletes=gen=0 1 deleted terms (unique count=1) bytesUsed=169, segment=_0, aborted=false, numDocsInRAM=2, deleteQueue=DWDQ: [ generation: 1 ]]
[Test worker] INFO org.apache.solr.update.LoggingInfoStream - [DWPT][Test worker]: flush postings as segment _0 numDocs=2
[Test worker] INFO org.apache.solr.update.LoggingInfoStream - [IW][Test worker]: 0 msec to write norms
[Test worker] INFO org.apache.solr.update.LoggingInfoStream - [IW][Test worker]: 0 msec to write docValues
[Test worker] INFO org.apache.solr.update.LoggingInfoStream - [IW][Test worker]: 0 msec to finish stored fields
[Test worker] INFO org.apache.solr.update.LoggingInfoStream - [IW][Test worker]: 1 msec to write postings and finish vectors
[Test worker] INFO org.apache.solr.update.LoggingInfoStream - [IW][Test worker]: 0 msec to write fieldInfos
[Test worker] INFO org.apache.solr.update.LoggingInfoStream - [DWPT][Test worker]: new segment has 0 deleted docs
[Test worker] INFO org.apache.solr.update.LoggingInfoStream - [DWPT][Test worker]: new segment has no vectors; norms; docValues; prox; freqs
[Test worker] INFO org.apache.solr.update.LoggingInfoStream - [DWPT][Test worker]: flushedFiles=[_0_Lucene54_0.dvm, _0_Lucene50_0.doc, _0_Lucene50_0.tim, _0_Lucene50_0.pos, _0.nvd, _0.fdx, _0_Lucene54_0.dvd, _0_Lucene50_0.tip, _0.fdt, _0.nvm, _0.fnm]
[Test worker] INFO org.apache.solr.update.LoggingInfoStream - [DWPT][Test worker]: flushed codec=Lucene54
[Test worker] INFO org.apache.solr.update.LoggingInfoStream - [DWPT][Test worker]: flushed: segment=_0 ramUsed=0.45 MB newFlushedSize=0.006 MB docs/MB=310.919
[Test worker] INFO org.apache.solr.update.LoggingInfoStream - [DW][Test worker]: publishFlushedSegment seg-private updates=null
[Test worker] INFO org.apache.solr.update.LoggingInfoStream - [IW][Test worker]: publishFlushedSegment
[Test worker] INFO org.apache.solr.update.LoggingInfoStream - [BD][Test worker]: push deletes  2 deleted terms (unique count=2) bytesUsed=1072 segmentPrivate?=false delGen=2 packetCount=1 totBytesUsed=1072
[Test worker] INFO org.apache.solr.update.LoggingInfoStream - [IW][Test worker]: publish sets newSegment delGen=3 seg=_0(5.5.1):C2
[Test worker] INFO org.apache.solr.update.LoggingInfoStream - [IFD][Test worker]: now checkpoint "_0(5.5.1):C2" [1 segments ; isCommit = false]
[Test worker] INFO org.apache.solr.update.LoggingInfoStream - [IFD][Test worker]: 0 msec to checkpoint
[Test worker] INFO org.apache.solr.update.LoggingInfoStream - [IW][Test worker]: apply all deletes during flush
[Test worker] INFO org.apache.solr.update.LoggingInfoStream - [IW][Test worker]: now apply all deletes for all segments maxDoc=2
[Test worker] INFO org.apache.solr.update.LoggingInfoStream - [BD][Test worker]: applyDeletes: open segment readers took 0 msec
[Test worker] INFO org.apache.solr.update.LoggingInfoStream - [BD][Test worker]: applyDeletes: infos=[_0(5.5.1):C2] packetCount=1
[Test worker] INFO org.apache.solr.update.LoggingInfoStream - [BD][Test worker]: applyDeletes took 0 msec for 1 segments, 0 newly deleted docs (query deletes), 0 visited terms, allDeleted=null
[Test worker] INFO org.apache.solr.update.LoggingInfoStream - [BD][Test worker]: prune sis=segments_1: _0(5.5.1):C2 minGen=3 packetCount=1
[Test worker] INFO org.apache.solr.update.LoggingInfoStream - [BD][Test worker]: pruneDeletes: prune 1 packets; 0 packets remain
[Test worker] INFO org.apache.solr.update.LoggingInfoStream - [DW][Test worker]: Test worker finishFullFlush success=true
[Test worker] INFO org.apache.solr.update.LoggingInfoStream - [TMP][Test worker]: findMerges: 1 segments
[Test worker] INFO org.apache.solr.update.LoggingInfoStream - [TMP][Test worker]:   seg=_0(5.5.1):C2 size=0.007 MB [floored]
[Test worker] INFO org.apache.solr.update.LoggingInfoStream - [TMP][Test worker]:   allowedSegmentCount=1 vs count=1 (eligible count=1) tooBigCount=0
[Test worker] INFO org.apache.solr.update.LoggingInfoStream - [MS][Test worker]: initDynamicDefaults spins=false maxThreadCount=2 maxMergeCount=7
[Test worker] INFO org.apache.solr.update.LoggingInfoStream - [MS][Test worker]: now merge
[Test worker] INFO org.apache.solr.update.LoggingInfoStream - [MS][Test worker]:   index: _0(5.5.1):C2
[Test worker] INFO org.apache.solr.update.LoggingInfoStream - [MS][Test worker]:   no more merges pending; now return
[Test worker] INFO org.apache.solr.update.LoggingInfoStream - [IW][Test worker]: startCommit(): start
[Test worker] INFO org.apache.solr.update.LoggingInfoStream - [IW][Test worker]: startCommit index=_0(5.5.1):C2 changeCount=4
[Test worker] INFO org.apache.solr.update.LoggingInfoStream - [IW][Test worker]: startCommit: wrote pending segments file "pending_segments_2"
[Test worker] INFO org.apache.solr.update.LoggingInfoStream - [IW][Test worker]: done all syncs: [_0.si, _0_Lucene50_0.doc, _0_Lucene50_0.tim, _0_Lucene54_0.dvm, _0_Lucene50_0.pos, _0.nvd, _0.fdx, _0_Lucene54_0.dvd, _0_Lucene50_0.tip, _0.fdt, _0.nvm, _0.fnm]
[Test worker] INFO org.apache.solr.update.LoggingInfoStream - [IW][Test worker]: commit: pendingCommit != null
[Test worker] INFO org.apache.solr.update.LoggingInfoStream - [IW][Test worker]: commit: done writing segments file "segments_2"
[Test worker] INFO org.apache.solr.update.LoggingInfoStream - [IFD][Test worker]: now checkpoint "_0(5.5.1):C2" [1 segments ; isCommit = true]
[Test worker] INFO org.apache.solr.core.SolrDeletionPolicy - SolrDeletionPolicy.onCommit: commits: num=2
	commit{dir=NRTCachingDirectory(MMapDirectory@/tmp/solr-home251537920304143574/core/data/index lockFactory=org.apache.lucene.store.NativeFSLockFactory@2c3d74f6; maxCacheMB=48.0 maxMergeSizeMB=4.0),segFN=segments_1,generation=1}
	commit{dir=NRTCachingDirectory(MMapDirectory@/tmp/solr-home251537920304143574/core/data/index lockFactory=org.apache.lucene.store.NativeFSLockFactory@2c3d74f6; maxCacheMB=48.0 maxMergeSizeMB=4.0),segFN=segments_2,generation=2}
[Test worker] INFO org.apache.solr.core.SolrDeletionPolicy - newest commit generation = 2
[Test worker] INFO org.apache.solr.update.LoggingInfoStream - [IFD][Test worker]: deleteCommits: now decRef commit "segments_1"
[Test worker] INFO org.apache.solr.update.LoggingInfoStream - [IFD][Test worker]: delete "segments_1"
[Test worker] INFO org.apache.solr.update.LoggingInfoStream - [IFD][Test worker]: 0 msec to checkpoint
[Test worker] INFO org.apache.solr.update.LoggingInfoStream - [IW][Test worker]: commit: took 55.2 msec
[Test worker] INFO org.apache.solr.update.LoggingInfoStream - [IW][Test worker]: commit: done
[Test worker] INFO org.apache.solr.update.LoggingInfoStream - [IW][Test worker]: nrtIsCurrent: infoVersion matches: false; DW changes: false; BD changes: false
[Test worker] INFO org.apache.solr.update.LoggingInfoStream - [IW][Test worker]: flush at getReader
[Test worker] INFO org.apache.solr.update.LoggingInfoStream - [DW][Test worker]: startFullFlush
[Test worker] INFO org.apache.solr.update.LoggingInfoStream - [IW][Test worker]: apply all deletes during flush
[Test worker] INFO org.apache.solr.update.LoggingInfoStream - [IW][Test worker]: now apply all deletes for all segments maxDoc=2
[Test worker] INFO org.apache.solr.update.LoggingInfoStream - [BD][Test worker]: applyDeletes: open segment readers took 0 msec
[Test worker] INFO org.apache.solr.update.LoggingInfoStream - [BD][Test worker]: applyDeletes: no segments; skipping
[Test worker] INFO org.apache.solr.update.LoggingInfoStream - [BD][Test worker]: prune sis=segments_2: _0(5.5.1):C2 minGen=3 packetCount=0
[Test worker] INFO org.apache.solr.update.LoggingInfoStream - [IW][Test worker]: incRefDeleter for NRT reader version=6 segments=_0(5.5.1):C2
[Test worker] INFO org.apache.solr.update.LoggingInfoStream - [IW][Test worker]: return reader version=6 reader=StandardDirectoryReader(segments_2:6:nrt _0(5.5.1):C2)
[Test worker] INFO org.apache.solr.update.LoggingInfoStream - [DW][Test worker]: Test worker finishFullFlush success=true
[Test worker] INFO org.apache.solr.update.LoggingInfoStream - [IW][Test worker]: getReader took 1 msec
[Test worker] INFO org.apache.solr.search.SolrIndexSearcher - Opening Searcher@7e7f5[core] main
[Test worker] INFO org.apache.solr.update.DirectUpdateHandler2 - end_commit_flush
[searcherExecutor-539-thread-1] INFO org.apache.solr.handler.component.SpellCheckComponent - Building spell index for spell checker: default
[searcherExecutor-539-thread-1] INFO org.apache.solr.core.SolrCore - [core] Registered new searcher Searcher@7e7f5[core] main{ExitableDirectoryReader(UninvertingDirectoryReader(Uninverting(_0(5.5.1):C2)))}
[searcherExecutor-539-thread-1] INFO org.apache.solr.update.LoggingInfoStream - [IW][searcherExecutor-539-thread-1]: decRefDeleter for NRT reader version=2 segments=
[Test worker] INFO org.apache.solr.update.processor.LogUpdateProcessorFactory - [core]  webapp=null path=/update params={commit=true&softCommit=false&waitSearcher=true}{commit=} 0 80
[Test worker] INFO org.apache.solr.update.DirectUpdateHandler2 - start commit{,optimize=true,openSearcher=true,waitSearcher=true,expungeDeletes=false,softCommit=false,prepareCommit=false}
[Test worker] WARN org.apache.solr.update.DirectUpdateHandler2 - Starting optimize... Reading and rewriting the entire index! Use with care.
[Test worker] INFO org.apache.solr.update.LoggingInfoStream - [IW][Test worker]: forceMerge: index now _0(5.5.1):C2
[Test worker] INFO org.apache.solr.update.LoggingInfoStream - [IW][Test worker]: now flush at forceMerge
[Test worker] INFO org.apache.solr.update.LoggingInfoStream - [IW][Test worker]:   start flush: applyAllDeletes=true
[Test worker] INFO org.apache.solr.update.LoggingInfoStream - [IW][Test worker]:   index before flush _0(5.5.1):C2
[Test worker] INFO org.apache.solr.update.LoggingInfoStream - [DW][Test worker]: startFullFlush
[Test worker] INFO org.apache.solr.update.LoggingInfoStream - [DW][Test worker]: Test worker finishFullFlush success=true
[Test worker] INFO org.apache.solr.update.LoggingInfoStream - [IW][Test worker]: apply all deletes during flush
[Test worker] INFO org.apache.solr.update.LoggingInfoStream - [IW][Test worker]: now apply all deletes for all segments maxDoc=2
[Test worker] INFO org.apache.solr.update.LoggingInfoStream - [BD][Test worker]: applyDeletes: open segment readers took 0 msec
[Test worker] INFO org.apache.solr.update.LoggingInfoStream - [BD][Test worker]: applyDeletes: no segments; skipping
[Test worker] INFO org.apache.solr.update.LoggingInfoStream - [BD][Test worker]: prune sis=segments_2: _0(5.5.1):C2 minGen=3 packetCount=0
[Test worker] INFO org.apache.solr.update.LoggingInfoStream - [TMP][Test worker]: findForcedMerges maxSegmentCount=1 infos=_0(5.5.1):C2 segmentsToMerge={_0(5.5.1):C2=true}
[Test worker] INFO org.apache.solr.update.LoggingInfoStream - [TMP][Test worker]: already merged
[Test worker] INFO org.apache.solr.update.LoggingInfoStream - [MS][Test worker]: now merge
[Test worker] INFO org.apache.solr.update.LoggingInfoStream - [MS][Test worker]:   index: _0(5.5.1):C2
[Test worker] INFO org.apache.solr.update.LoggingInfoStream - [MS][Test worker]:   no more merges pending; now return
[Test worker] INFO org.apache.solr.update.DirectUpdateHandler2 - No uncommitted changes. Skipping IW.commit.
[Test worker] INFO org.apache.solr.core.SolrCore - SolrIndexSearcher has not changed - not re-opening: org.apache.solr.search.SolrIndexSearcher
[Test worker] INFO org.apache.solr.update.DirectUpdateHandler2 - end_commit_flush
[Test worker] INFO org.apache.solr.update.processor.LogUpdateProcessorFactory - [core]  webapp=null path=/update params={optimize=true&maxSegments=1&waitSearcher=true}{optimize=} 0 0
[Test worker] INFO org.apache.solr.core.SolrCore.Request - [core]  webapp=null path=/suggester params={qt=/suggester&suggestion.field=dynamic_single_suggest_string_title&suggestion.field=dynamic_multi_suggest_long_category&q=4&suggestion.df=suggestions&suggestion.limit=10&fq=_type_:asset&fq=dynamic_single_facet_date_created:[*+TO+2017-08-18T10:41:35.341Z]} status=0 QTime=3
[Test worker] INFO org.apache.solr.core.SolrCore.Request - [core]  webapp=null path=/suggester params={qt=/suggester&suggestion.field=dynamic_single_suggest_string_title&suggestion.field=dynamic_multi_suggest_long_category&q=helli&suggestion.df=suggestions&suggestion.limit=10} status=0 QTime=4
[Test worker] INFO org.apache.solr.core.CoreContainer - Shutting down CoreContainer instance=1033731081
[coreCloseExecutor-544-thread-1] INFO org.apache.solr.core.SolrCore - [core]  CLOSING SolrCore org.apache.solr.core.SolrCore@16fa175f
[coreCloseExecutor-544-thread-1] INFO org.apache.solr.update.DirectUpdateHandler2 - closing DirectUpdateHandler2{commits=1,autocommit maxTime=15000ms,autocommits=0,soft autocommits=0,optimizes=1,rollbacks=0,expungeDeletes=0,docsPending=0,adds=0,deletesById=0,deletesByQuery=0,errors=0,cumulative_adds=2,cumulative_deletesById=0,cumulative_deletesByQuery=0,cumulative_errors=0,transaction_logs_total_size=901,transaction_logs_total_number=1}
[coreCloseExecutor-544-thread-1] INFO org.apache.solr.update.SolrCoreState - Closing SolrCoreState
[coreCloseExecutor-544-thread-1] INFO org.apache.solr.update.DefaultSolrCoreState - SolrCoreState ref count has reached 0 - closing IndexWriter
[coreCloseExecutor-544-thread-1] INFO org.apache.solr.update.DefaultSolrCoreState - closing IndexWriter with IndexWriterCloser
[coreCloseExecutor-544-thread-1] INFO org.apache.solr.update.LoggingInfoStream - [IW][coreCloseExecutor-544-thread-1]: now flush at close
[coreCloseExecutor-544-thread-1] INFO org.apache.solr.update.LoggingInfoStream - [IW][coreCloseExecutor-544-thread-1]:   start flush: applyAllDeletes=true
[coreCloseExecutor-544-thread-1] INFO org.apache.solr.update.LoggingInfoStream - [IW][coreCloseExecutor-544-thread-1]:   index before flush _0(5.5.1):C2
[coreCloseExecutor-544-thread-1] INFO org.apache.solr.update.LoggingInfoStream - [DW][coreCloseExecutor-544-thread-1]: startFullFlush
[coreCloseExecutor-544-thread-1] INFO org.apache.solr.update.LoggingInfoStream - [DW][coreCloseExecutor-544-thread-1]: coreCloseExecutor-544-thread-1 finishFullFlush success=true
[coreCloseExecutor-544-thread-1] INFO org.apache.solr.update.LoggingInfoStream - [IW][coreCloseExecutor-544-thread-1]: apply all deletes during flush
[coreCloseExecutor-544-thread-1] INFO org.apache.solr.update.LoggingInfoStream - [IW][coreCloseExecutor-544-thread-1]: now apply all deletes for all segments maxDoc=2
[coreCloseExecutor-544-thread-1] INFO org.apache.solr.update.LoggingInfoStream - [BD][coreCloseExecutor-544-thread-1]: applyDeletes: open segment readers took 0 msec
[coreCloseExecutor-544-thread-1] INFO org.apache.solr.update.LoggingInfoStream - [BD][coreCloseExecutor-544-thread-1]: applyDeletes: no segments; skipping
[coreCloseExecutor-544-thread-1] INFO org.apache.solr.update.LoggingInfoStream - [BD][coreCloseExecutor-544-thread-1]: prune sis=segments_2: _0(5.5.1):C2 minGen=3 packetCount=0
[coreCloseExecutor-544-thread-1] INFO org.apache.solr.update.LoggingInfoStream - [MS][coreCloseExecutor-544-thread-1]: updateMergeThreads ioThrottle=true targetMBPerSec=10240.0 MB/sec
[coreCloseExecutor-544-thread-1] INFO org.apache.solr.update.LoggingInfoStream - [MS][coreCloseExecutor-544-thread-1]: now merge
[coreCloseExecutor-544-thread-1] INFO org.apache.solr.update.LoggingInfoStream - [MS][coreCloseExecutor-544-thread-1]:   index: _0(5.5.1):C2
[coreCloseExecutor-544-thread-1] INFO org.apache.solr.update.LoggingInfoStream - [MS][coreCloseExecutor-544-thread-1]:   no more merges pending; now return
[coreCloseExecutor-544-thread-1] INFO org.apache.solr.update.LoggingInfoStream - [IW][coreCloseExecutor-544-thread-1]: waitForMerges
[coreCloseExecutor-544-thread-1] INFO org.apache.solr.update.LoggingInfoStream - [IW][coreCloseExecutor-544-thread-1]: waitForMerges done
[coreCloseExecutor-544-thread-1] INFO org.apache.solr.update.LoggingInfoStream - [IW][coreCloseExecutor-544-thread-1]: commit: start
[coreCloseExecutor-544-thread-1] INFO org.apache.solr.update.LoggingInfoStream - [IW][coreCloseExecutor-544-thread-1]: commit: enter lock
[coreCloseExecutor-544-thread-1] INFO org.apache.solr.update.LoggingInfoStream - [IW][coreCloseExecutor-544-thread-1]: commit: now prepare
[coreCloseExecutor-544-thread-1] INFO org.apache.solr.update.LoggingInfoStream - [IW][coreCloseExecutor-544-thread-1]: prepareCommit: flush
[coreCloseExecutor-544-thread-1] INFO org.apache.solr.update.LoggingInfoStream - [IW][coreCloseExecutor-544-thread-1]:   index before flush _0(5.5.1):C2
[coreCloseExecutor-544-thread-1] INFO org.apache.solr.update.LoggingInfoStream - [DW][coreCloseExecutor-544-thread-1]: startFullFlush
[coreCloseExecutor-544-thread-1] INFO org.apache.solr.update.LoggingInfoStream - [IW][coreCloseExecutor-544-thread-1]: apply all deletes during flush
[coreCloseExecutor-544-thread-1] INFO org.apache.solr.update.LoggingInfoStream - [IW][coreCloseExecutor-544-thread-1]: now apply all deletes for all segments maxDoc=2
[coreCloseExecutor-544-thread-1] INFO org.apache.solr.update.LoggingInfoStream - [BD][coreCloseExecutor-544-thread-1]: applyDeletes: open segment readers took 0 msec
[coreCloseExecutor-544-thread-1] INFO org.apache.solr.update.LoggingInfoStream - [BD][coreCloseExecutor-544-thread-1]: applyDeletes: no segments; skipping
[coreCloseExecutor-544-thread-1] INFO org.apache.solr.update.LoggingInfoStream - [BD][coreCloseExecutor-544-thread-1]: prune sis=segments_2: _0(5.5.1):C2 minGen=3 packetCount=0
[coreCloseExecutor-544-thread-1] INFO org.apache.solr.update.LoggingInfoStream - [DW][coreCloseExecutor-544-thread-1]: coreCloseExecutor-544-thread-1 finishFullFlush success=true
[coreCloseExecutor-544-thread-1] INFO org.apache.solr.update.LoggingInfoStream - [IW][coreCloseExecutor-544-thread-1]: startCommit(): start
[coreCloseExecutor-544-thread-1] INFO org.apache.solr.update.LoggingInfoStream - [IW][coreCloseExecutor-544-thread-1]:   skip startCommit(): no changes pending
[coreCloseExecutor-544-thread-1] INFO org.apache.solr.update.LoggingInfoStream - [IW][coreCloseExecutor-544-thread-1]: commit: pendingCommit == null; skip
[coreCloseExecutor-544-thread-1] INFO org.apache.solr.update.LoggingInfoStream - [IW][coreCloseExecutor-544-thread-1]: commit: took 0.1 msec
[coreCloseExecutor-544-thread-1] INFO org.apache.solr.update.LoggingInfoStream - [IW][coreCloseExecutor-544-thread-1]: commit: done
[coreCloseExecutor-544-thread-1] INFO org.apache.solr.update.LoggingInfoStream - [IW][coreCloseExecutor-544-thread-1]: rollback
[coreCloseExecutor-544-thread-1] INFO org.apache.solr.update.LoggingInfoStream - [IW][coreCloseExecutor-544-thread-1]: all running merges have aborted
[coreCloseExecutor-544-thread-1] INFO org.apache.solr.update.LoggingInfoStream - [IW][coreCloseExecutor-544-thread-1]: rollback: done finish merges
[coreCloseExecutor-544-thread-1] INFO org.apache.solr.update.LoggingInfoStream - [DW][coreCloseExecutor-544-thread-1]: abort
[coreCloseExecutor-544-thread-1] INFO org.apache.solr.update.LoggingInfoStream - [DW][coreCloseExecutor-544-thread-1]: done abort success=true
[coreCloseExecutor-544-thread-1] INFO org.apache.solr.update.LoggingInfoStream - [IW][coreCloseExecutor-544-thread-1]: rollback: infos=_0(5.5.1):C2
[coreCloseExecutor-544-thread-1] INFO org.apache.solr.update.LoggingInfoStream - [IFD][coreCloseExecutor-544-thread-1]: now checkpoint "_0(5.5.1):C2" [1 segments ; isCommit = false]
[coreCloseExecutor-544-thread-1] INFO org.apache.solr.update.LoggingInfoStream - [IFD][coreCloseExecutor-544-thread-1]: 0 msec to checkpoint
[coreCloseExecutor-544-thread-1] INFO org.apache.solr.core.SolrCore - [core] Closing main searcher on request.
[coreCloseExecutor-544-thread-1] INFO org.apache.solr.core.CachingDirectoryFactory - Closing NRTCachingDirectoryFactory - 2 directories currently being tracked
[coreCloseExecutor-544-thread-1] INFO org.apache.solr.core.CachingDirectoryFactory - looking to close /tmp/solr-home251537920304143574/core/data [CachedDir<<refCount=0;path=/tmp/solr-home251537920304143574/core/data;done=false>>]
[coreCloseExecutor-544-thread-1] INFO org.apache.solr.core.CachingDirectoryFactory - Closing directory: /tmp/solr-home251537920304143574/core/data
[coreCloseExecutor-544-thread-1] INFO org.apache.solr.core.CachingDirectoryFactory - looking to close /tmp/solr-home251537920304143574/core/data/index [CachedDir<<refCount=0;path=/tmp/solr-home251537920304143574/core/data/index;done=false>>]
[coreCloseExecutor-544-thread-1] INFO org.apache.solr.core.CachingDirectoryFactory - Closing directory: /tmp/solr-home251537920304143574/core/data/index
]]></system-err>
</testsuite>
