<?xml version="1.0" encoding="UTF-8"?>
<testsuite name="com.rbmhtechnology.vind.annotations.AnnotationsTest" tests="1" skipped="0" failures="0" errors="0" timestamp="2017-08-18T16:41:14" hostname="kang" time="0.02">
  <properties/>
  <testcase name="testAnnotations" classname="com.rbmhtechnology.vind.annotations.AnnotationsTest" time="0.02"/>
  <system-out><![CDATA[]]></system-out>
  <system-err><![CDATA[]]></system-err>
</testsuite>
