<?xml version="1.0" encoding="UTF-8"?>
<testsuite name="com.rbmhtechnology.vind.report.ReportingSearchServerTest" tests="2" skipped="0" failures="0" errors="0" timestamp="2017-08-18T16:41:38" hostname="kang" time="1.937">
  <properties/>
  <testcase name="testSuggestionQueryReportingWithSessionAndLogger" classname="com.rbmhtechnology.vind.report.ReportingSearchServerTest" time="1.579"/>
  <testcase name="testSuggestionQueryReporting" classname="com.rbmhtechnology.vind.report.ReportingSearchServerTest" time="0.357"/>
  <system-out><![CDATA[]]></system-out>
  <system-err><![CDATA[[Test worker] INFO com.rbmhtechnology.vind.configure.SearchConfiguration - Trying to load configurations file from System properties var 'vind.properties.file':...
[Test worker] INFO com.rbmhtechnology.vind.configure.SearchConfiguration - configurations file from System properties
[Test worker] INFO com.rbmhtechnology.vind.configure.SearchConfiguration - Trying to load custom configurations from file 'vind.properties':...
[Test worker] INFO com.rbmhtechnology.vind.configure.SearchConfiguration - Not found configurations file path in System properties, using default values
[Test worker] INFO com.rbmhtechnology.vind.solr.SolrSearchServer - No server provider of type class com.rbmhtechnology.vind.solr.EmbeddedSolrServerProvider found in classpath for server com.rbmhtechnology.vind.solr.SolrSearchServer
[Test worker] INFO com.rbmhtechnology.vind.solr.SolrSearchServer - No server provider of type class com.rbmhtechnology.vind.solr.EmbeddedSolrServerProvider found in classpath for server com.rbmhtechnology.vind.solr.SolrSearchServer
[Test worker] INFO org.apache.solr.core.SolrResourceLoader - new SolrResourceLoader for directory: '/tmp/solr-home7225681805687211888'
[Test worker] INFO org.apache.solr.core.SolrResourceLoader - JNDI not configured for solr (NoInitialContextEx)
[Test worker] INFO org.apache.solr.core.SolrResourceLoader - solr home defaulted to 'solr/' (could not find system property or JNDI)
[Test worker] INFO org.apache.solr.core.SolrXmlConfig - Loading container configuration from /tmp/solr-home7225681805687211888/solr.xml
[Test worker] INFO org.apache.solr.core.CorePropertiesLocator - Config-defined core root directory: /tmp/solr-home7225681805687211888
[Test worker] INFO org.apache.solr.core.CoreContainer - New CoreContainer 802930982
[Test worker] INFO org.apache.solr.core.CoreContainer - Loading cores into CoreContainer [instanceDir=/tmp/solr-home7225681805687211888]
[Test worker] WARN org.apache.solr.core.CoreContainer - Couldn't add files from /tmp/solr-home7225681805687211888/lib to classpath: /tmp/solr-home7225681805687211888/lib
[Test worker] INFO org.apache.solr.handler.component.HttpShardHandlerFactory - created with socketTimeout : 120000,connTimeout : 15000,maxConnectionsPerHost : 20,maxConnections : 10000,corePoolSize : 0,maximumPoolSize : 2147483647,maxThreadIdleTime : 5,sizeOfQueue : -1,fairnessPolicy : false,useRetries : false,
[Test worker] INFO org.apache.solr.update.UpdateShardHandler - Creating UpdateShardHandler HTTP client with params: socketTimeout=600000&connTimeout=60000&retry=true
[Test worker] INFO org.apache.solr.logging.LogWatcher - SLF4J impl is org.slf4j.impl.SimpleLoggerFactory
[Test worker] INFO org.apache.solr.logging.LogWatcher - No LogWatcher configured
[Test worker] INFO org.apache.solr.core.CoreContainer - Security conf doesn't exist. Skipping setup for authorization module.
[Test worker] INFO org.apache.solr.core.CoreContainer - No authentication plugin used.
[Test worker] INFO org.apache.solr.core.CorePropertiesLocator - Looking for core definitions underneath /tmp/solr-home7225681805687211888
[Test worker] INFO org.apache.solr.core.CoreDescriptor - Created CoreDescriptor: {runtimeLib=false, name=core, config=solrconfig.xml, loadOnStartup=true, schema=schema.xml, configSetProperties=configsetprops.json, transient=false, dataDir=data/}
[Test worker] INFO org.apache.solr.core.CorePropertiesLocator - Found core core in /tmp/solr-home7225681805687211888/core
[Test worker] INFO org.apache.solr.core.CorePropertiesLocator - Found 1 core definitions
[coreLoadExecutor-6-thread-1] INFO org.apache.solr.core.SolrResourceLoader - new SolrResourceLoader for directory: '/tmp/solr-home7225681805687211888/core'
[coreLoadExecutor-6-thread-1] INFO org.apache.solr.core.SolrResourceLoader - JNDI not configured for solr (NoInitialContextEx)
[coreLoadExecutor-6-thread-1] INFO org.apache.solr.core.SolrResourceLoader - solr home defaulted to 'solr/' (could not find system property or JNDI)
[coreLoadExecutor-6-thread-1] INFO org.apache.solr.core.SolrResourceLoader - Adding 'file:/tmp/solr-home7225681805687211888/core/lib/marker-search-handler-0.3.0.jar' to classloader
[coreLoadExecutor-6-thread-1] INFO org.apache.solr.core.SolrResourceLoader - Adding 'file:/tmp/solr-home7225681805687211888/core/lib/suggestion-request-handler-2.1.0.jar' to classloader
[coreLoadExecutor-6-thread-1] INFO org.apache.solr.core.SolrConfig - current version of requestparams : -1
[coreLoadExecutor-6-thread-1] INFO org.apache.solr.update.SolrIndexConfig - IndexWriter infoStream solr logging is enabled
[coreLoadExecutor-6-thread-1] INFO org.apache.solr.core.SolrConfig - Using Lucene MatchVersion: 5.5.0
[coreLoadExecutor-6-thread-1] INFO org.apache.solr.core.SolrConfig - Loaded SolrConfig: solrconfig.xml
[coreLoadExecutor-6-thread-1] INFO org.apache.solr.schema.ManagedIndexSchemaFactory - The schema is configured as managed, but managed schema resource managed-schema not found - loading non-managed schema schema.xml instead
[coreLoadExecutor-6-thread-1] INFO org.apache.solr.schema.IndexSchema - [core] Schema name=basic search lib core
[coreLoadExecutor-6-thread-1] INFO org.apache.solr.schema.IndexSchema - unique key field: _id_
[coreLoadExecutor-6-thread-1] INFO org.apache.solr.schema.ManagedIndexSchema - Upgraded to managed schema at /tmp/solr-home7225681805687211888/core/conf/managed-schema
[coreLoadExecutor-6-thread-1] INFO org.apache.solr.schema.ManagedIndexSchemaFactory - After upgrading to managed schema, renamed the non-managed schema /tmp/solr-home7225681805687211888/core/conf/schema.xml to /tmp/solr-home7225681805687211888/core/conf/schema.xml.bak
[coreLoadExecutor-6-thread-1] INFO org.apache.solr.core.ConfigSetProperties - Did not find ConfigSet properties, assuming default properties: Can't find resource 'configsetprops.json' in classpath or '/tmp/solr-home7225681805687211888/core'
[coreLoadExecutor-6-thread-1] INFO org.apache.solr.core.CoreContainer - Creating SolrCore 'core' using configuration from instancedir /tmp/solr-home7225681805687211888/core
[coreLoadExecutor-6-thread-1] INFO org.apache.solr.core.SolrCore - solr.NRTCachingDirectoryFactory
[coreLoadExecutor-6-thread-1] INFO org.apache.solr.core.SolrCore - [[core] ] Opening new SolrCore at [/tmp/solr-home7225681805687211888/core], dataDir=[/tmp/solr-home7225681805687211888/core/data/]
[coreLoadExecutor-6-thread-1] INFO org.apache.solr.core.JmxMonitoredMap - No JMX servers found, not exposing Solr information with JMX.
[coreLoadExecutor-6-thread-1] INFO org.apache.solr.core.SchemaCodecFactory - Using default compressionMode: BEST_SPEED
[coreLoadExecutor-6-thread-1] INFO org.apache.solr.core.CachingDirectoryFactory - return new directory for /tmp/solr-home7225681805687211888/core/data
[coreLoadExecutor-6-thread-1] INFO org.apache.solr.core.SolrCore - New index directory detected: old=null new=/tmp/solr-home7225681805687211888/core/data/index/
[coreLoadExecutor-6-thread-1] WARN org.apache.solr.core.SolrCore - [core] Solr index directory '/tmp/solr-home7225681805687211888/core/data/index' doesn't exist. Creating new index...
[coreLoadExecutor-6-thread-1] INFO org.apache.solr.core.CachingDirectoryFactory - return new directory for /tmp/solr-home7225681805687211888/core/data/index
[coreLoadExecutor-6-thread-1] INFO org.apache.solr.update.LoggingInfoStream - [IFD][coreLoadExecutor-6-thread-1]: init: current segments file is "segments"; deletionPolicy=org.apache.solr.core.IndexDeletionPolicyWrapper@8853d11
[coreLoadExecutor-6-thread-1] INFO org.apache.solr.update.LoggingInfoStream - [IFD][coreLoadExecutor-6-thread-1]: now checkpoint "" [0 segments ; isCommit = false]
[coreLoadExecutor-6-thread-1] INFO org.apache.solr.update.LoggingInfoStream - [IFD][coreLoadExecutor-6-thread-1]: 0 msec to checkpoint
[coreLoadExecutor-6-thread-1] INFO org.apache.solr.update.LoggingInfoStream - [IW][coreLoadExecutor-6-thread-1]: init: create=true
[coreLoadExecutor-6-thread-1] INFO org.apache.solr.update.LoggingInfoStream - [IW][coreLoadExecutor-6-thread-1]: 
dir=NRTCachingDirectory(MMapDirectory@/tmp/solr-home7225681805687211888/core/data/index lockFactory=org.apache.lucene.store.NativeFSLockFactory@7e48e3d1; maxCacheMB=48.0 maxMergeSizeMB=4.0)
index=
version=5.5.1
analyzer=org.apache.solr.update.SolrIndexConfig$DelayedSchemaAnalyzer
ramBufferSizeMB=100.0
maxBufferedDocs=-1
maxBufferedDeleteTerms=-1
mergedSegmentWarmer=null
delPolicy=org.apache.solr.core.IndexDeletionPolicyWrapper
commit=null
openMode=CREATE
similarity=org.apache.lucene.search.similarities.ClassicSimilarity
mergeScheduler=ConcurrentMergeScheduler: maxThreadCount=-1, maxMergeCount=-1, ioThrottle=true
default WRITE_LOCK_TIMEOUT=0
writeLockTimeout=0
codec=Lucene54
infoStream=org.apache.solr.update.LoggingInfoStream
mergePolicy=[TieredMergePolicy: maxMergeAtOnce=10, maxMergeAtOnceExplicit=30, maxMergedSegmentMB=5120.0, floorSegmentMB=2.0, forceMergeDeletesPctAllowed=10.0, segmentsPerTier=10.0, maxCFSSegmentSizeMB=8.796093022207999E12, noCFSRatio=0.1
indexerThreadPool=org.apache.lucene.index.DocumentsWriterPerThreadPool@65568d16
readerPooling=false
perThreadHardLimitMB=1945
useCompoundFile=false
commitOnClose=true
writer=org.apache.solr.update.SolrIndexWriter@441a5918

[coreLoadExecutor-6-thread-1] INFO org.apache.solr.update.LoggingInfoStream - [IW][coreLoadExecutor-6-thread-1]: MMapDirectory.UNMAP_SUPPORTED=true
[coreLoadExecutor-6-thread-1] INFO org.apache.solr.update.LoggingInfoStream - [IW][coreLoadExecutor-6-thread-1]: now flush at close
[coreLoadExecutor-6-thread-1] INFO org.apache.solr.update.LoggingInfoStream - [IW][coreLoadExecutor-6-thread-1]:   start flush: applyAllDeletes=true
[coreLoadExecutor-6-thread-1] INFO org.apache.solr.update.LoggingInfoStream - [IW][coreLoadExecutor-6-thread-1]:   index before flush 
[coreLoadExecutor-6-thread-1] INFO org.apache.solr.update.LoggingInfoStream - [DW][coreLoadExecutor-6-thread-1]: startFullFlush
[coreLoadExecutor-6-thread-1] INFO org.apache.solr.update.LoggingInfoStream - [DW][coreLoadExecutor-6-thread-1]: coreLoadExecutor-6-thread-1 finishFullFlush success=true
[coreLoadExecutor-6-thread-1] INFO org.apache.solr.update.LoggingInfoStream - [IW][coreLoadExecutor-6-thread-1]: apply all deletes during flush
[coreLoadExecutor-6-thread-1] INFO org.apache.solr.update.LoggingInfoStream - [IW][coreLoadExecutor-6-thread-1]: now apply all deletes for all segments maxDoc=0
[coreLoadExecutor-6-thread-1] INFO org.apache.solr.update.LoggingInfoStream - [BD][coreLoadExecutor-6-thread-1]: prune sis=segments:  minGen=9223372036854775807 packetCount=0
[coreLoadExecutor-6-thread-1] INFO org.apache.solr.update.LoggingInfoStream - [MS][coreLoadExecutor-6-thread-1]: initDynamicDefaults spins=false maxThreadCount=2 maxMergeCount=7
[coreLoadExecutor-6-thread-1] INFO org.apache.solr.update.LoggingInfoStream - [MS][coreLoadExecutor-6-thread-1]: updateMergeThreads ioThrottle=true targetMBPerSec=10240.0 MB/sec
[coreLoadExecutor-6-thread-1] INFO org.apache.solr.update.LoggingInfoStream - [MS][coreLoadExecutor-6-thread-1]: now merge
[coreLoadExecutor-6-thread-1] INFO org.apache.solr.update.LoggingInfoStream - [MS][coreLoadExecutor-6-thread-1]:   index: 
[coreLoadExecutor-6-thread-1] INFO org.apache.solr.update.LoggingInfoStream - [MS][coreLoadExecutor-6-thread-1]:   no more merges pending; now return
[coreLoadExecutor-6-thread-1] INFO org.apache.solr.update.LoggingInfoStream - [IW][coreLoadExecutor-6-thread-1]: waitForMerges
[coreLoadExecutor-6-thread-1] INFO org.apache.solr.update.LoggingInfoStream - [IW][coreLoadExecutor-6-thread-1]: waitForMerges done
[coreLoadExecutor-6-thread-1] INFO org.apache.solr.update.LoggingInfoStream - [IW][coreLoadExecutor-6-thread-1]: commit: start
[coreLoadExecutor-6-thread-1] INFO org.apache.solr.update.LoggingInfoStream - [IW][coreLoadExecutor-6-thread-1]: commit: enter lock
[coreLoadExecutor-6-thread-1] INFO org.apache.solr.update.LoggingInfoStream - [IW][coreLoadExecutor-6-thread-1]: commit: now prepare
[coreLoadExecutor-6-thread-1] INFO org.apache.solr.update.LoggingInfoStream - [IW][coreLoadExecutor-6-thread-1]: prepareCommit: flush
[coreLoadExecutor-6-thread-1] INFO org.apache.solr.update.LoggingInfoStream - [IW][coreLoadExecutor-6-thread-1]:   index before flush 
[coreLoadExecutor-6-thread-1] INFO org.apache.solr.update.LoggingInfoStream - [DW][coreLoadExecutor-6-thread-1]: startFullFlush
[coreLoadExecutor-6-thread-1] INFO org.apache.solr.update.LoggingInfoStream - [IW][coreLoadExecutor-6-thread-1]: apply all deletes during flush
[coreLoadExecutor-6-thread-1] INFO org.apache.solr.update.LoggingInfoStream - [IW][coreLoadExecutor-6-thread-1]: now apply all deletes for all segments maxDoc=0
[coreLoadExecutor-6-thread-1] INFO org.apache.solr.update.LoggingInfoStream - [BD][coreLoadExecutor-6-thread-1]: prune sis=segments:  minGen=9223372036854775807 packetCount=0
[coreLoadExecutor-6-thread-1] INFO org.apache.solr.update.LoggingInfoStream - [DW][coreLoadExecutor-6-thread-1]: coreLoadExecutor-6-thread-1 finishFullFlush success=true
[coreLoadExecutor-6-thread-1] INFO org.apache.solr.update.LoggingInfoStream - [IW][coreLoadExecutor-6-thread-1]: startCommit(): start
[coreLoadExecutor-6-thread-1] INFO org.apache.solr.update.LoggingInfoStream - [IW][coreLoadExecutor-6-thread-1]: startCommit index= changeCount=2
[coreLoadExecutor-6-thread-1] INFO org.apache.solr.update.LoggingInfoStream - [IW][coreLoadExecutor-6-thread-1]: startCommit: wrote pending segments file "pending_segments_1"
[coreLoadExecutor-6-thread-1] INFO org.apache.solr.update.LoggingInfoStream - [IW][coreLoadExecutor-6-thread-1]: done all syncs: []
[coreLoadExecutor-6-thread-1] INFO org.apache.solr.update.LoggingInfoStream - [IW][coreLoadExecutor-6-thread-1]: commit: pendingCommit != null
[coreLoadExecutor-6-thread-1] INFO org.apache.solr.update.LoggingInfoStream - [IW][coreLoadExecutor-6-thread-1]: commit: done writing segments file "segments_1"
[coreLoadExecutor-6-thread-1] INFO org.apache.solr.update.LoggingInfoStream - [IFD][coreLoadExecutor-6-thread-1]: now checkpoint "" [0 segments ; isCommit = true]
[coreLoadExecutor-6-thread-1] INFO org.apache.solr.core.SolrDeletionPolicy - SolrDeletionPolicy.onCommit: commits: num=1
	commit{dir=NRTCachingDirectory(MMapDirectory@/tmp/solr-home7225681805687211888/core/data/index lockFactory=org.apache.lucene.store.NativeFSLockFactory@7e48e3d1; maxCacheMB=48.0 maxMergeSizeMB=4.0),segFN=segments_1,generation=1}
[coreLoadExecutor-6-thread-1] INFO org.apache.solr.core.SolrDeletionPolicy - newest commit generation = 1
[coreLoadExecutor-6-thread-1] INFO org.apache.solr.update.LoggingInfoStream - [IFD][coreLoadExecutor-6-thread-1]: 2 msec to checkpoint
[coreLoadExecutor-6-thread-1] INFO org.apache.solr.update.LoggingInfoStream - [IW][coreLoadExecutor-6-thread-1]: commit: took 21.2 msec
[coreLoadExecutor-6-thread-1] INFO org.apache.solr.update.LoggingInfoStream - [IW][coreLoadExecutor-6-thread-1]: commit: done
[coreLoadExecutor-6-thread-1] INFO org.apache.solr.update.LoggingInfoStream - [IW][coreLoadExecutor-6-thread-1]: rollback
[coreLoadExecutor-6-thread-1] INFO org.apache.solr.update.LoggingInfoStream - [IW][coreLoadExecutor-6-thread-1]: all running merges have aborted
[coreLoadExecutor-6-thread-1] INFO org.apache.solr.update.LoggingInfoStream - [IW][coreLoadExecutor-6-thread-1]: rollback: done finish merges
[coreLoadExecutor-6-thread-1] INFO org.apache.solr.update.LoggingInfoStream - [DW][coreLoadExecutor-6-thread-1]: abort
[coreLoadExecutor-6-thread-1] INFO org.apache.solr.update.LoggingInfoStream - [DW][coreLoadExecutor-6-thread-1]: done abort success=true
[coreLoadExecutor-6-thread-1] INFO org.apache.solr.update.LoggingInfoStream - [IW][coreLoadExecutor-6-thread-1]: rollback: infos=
[coreLoadExecutor-6-thread-1] INFO org.apache.solr.update.LoggingInfoStream - [IFD][coreLoadExecutor-6-thread-1]: now checkpoint "" [0 segments ; isCommit = false]
[coreLoadExecutor-6-thread-1] INFO org.apache.solr.update.LoggingInfoStream - [IFD][coreLoadExecutor-6-thread-1]: 0 msec to checkpoint
[OldIndexDirectoryCleanupThreadForCore-core] INFO org.apache.solr.core.SolrCore - Looking for old index directories to cleanup for core core in /tmp/solr-home7225681805687211888/core/data/
[coreLoadExecutor-6-thread-1] INFO org.apache.solr.core.SolrCore - no updateRequestProcessorChain defined as default, creating implicit default
[coreLoadExecutor-6-thread-1] INFO org.apache.solr.handler.loader.XMLLoader - xsltCacheLifetimeSeconds=60
[coreLoadExecutor-6-thread-1] INFO org.apache.solr.handler.loader.XMLLoader - xsltCacheLifetimeSeconds=60
[coreLoadExecutor-6-thread-1] INFO org.apache.solr.handler.loader.XMLLoader - xsltCacheLifetimeSeconds=60
[coreLoadExecutor-6-thread-1] INFO org.apache.solr.handler.loader.XMLLoader - xsltCacheLifetimeSeconds=60
[coreLoadExecutor-6-thread-1] INFO org.apache.solr.core.RequestHandlers - Registered paths: /admin/mbeans,,/update/csv,/update/json/docs,/admin/luke,/select,/suggester,/admin/segments,/get,/admin/system,/replication,/admin/properties,/config,/schema,/admin/plugins,/admin/logging,/update/json,/admin/threads,/admin/ping,/update,/admin/file
[coreLoadExecutor-6-thread-1] INFO org.apache.solr.core.SolrCore - Using default statsCache cache: org.apache.solr.search.stats.LocalStatsCache
[coreLoadExecutor-6-thread-1] INFO org.apache.solr.update.UpdateHandler - Using UpdateLog implementation: org.apache.solr.update.UpdateLog
[coreLoadExecutor-6-thread-1] INFO org.apache.solr.update.UpdateLog - Initializing UpdateLog: dataDir= defaultSyncLevel=FLUSH numRecordsToKeep=100 maxNumLogsToKeep=10 numVersionBuckets=65536
[coreLoadExecutor-6-thread-1] INFO org.apache.solr.update.CommitTracker - Hard AutoCommit: if uncommited for 15000ms; 
[coreLoadExecutor-6-thread-1] INFO org.apache.solr.update.CommitTracker - Soft AutoCommit: disabled
[coreLoadExecutor-6-thread-1] INFO org.apache.solr.update.LoggingInfoStream - [IFD][coreLoadExecutor-6-thread-1]: init: current segments file is "segments_1"; deletionPolicy=org.apache.solr.core.IndexDeletionPolicyWrapper@8853d11
[coreLoadExecutor-6-thread-1] INFO org.apache.solr.update.LoggingInfoStream - [IFD][coreLoadExecutor-6-thread-1]: init: load commit "segments_1"
[coreLoadExecutor-6-thread-1] INFO org.apache.solr.core.SolrDeletionPolicy - SolrDeletionPolicy.onInit: commits: num=1
	commit{dir=NRTCachingDirectory(MMapDirectory@/tmp/solr-home7225681805687211888/core/data/index lockFactory=org.apache.lucene.store.NativeFSLockFactory@7e48e3d1; maxCacheMB=48.0 maxMergeSizeMB=4.0),segFN=segments_1,generation=1}
[coreLoadExecutor-6-thread-1] INFO org.apache.solr.core.SolrDeletionPolicy - newest commit generation = 1
[coreLoadExecutor-6-thread-1] INFO org.apache.solr.update.LoggingInfoStream - [IFD][coreLoadExecutor-6-thread-1]: now checkpoint "" [0 segments ; isCommit = false]
[coreLoadExecutor-6-thread-1] INFO org.apache.solr.update.LoggingInfoStream - [IFD][coreLoadExecutor-6-thread-1]: 0 msec to checkpoint
[coreLoadExecutor-6-thread-1] INFO org.apache.solr.update.LoggingInfoStream - [IW][coreLoadExecutor-6-thread-1]: init: create=false
[coreLoadExecutor-6-thread-1] INFO org.apache.solr.update.LoggingInfoStream - [IW][coreLoadExecutor-6-thread-1]: 
dir=NRTCachingDirectory(MMapDirectory@/tmp/solr-home7225681805687211888/core/data/index lockFactory=org.apache.lucene.store.NativeFSLockFactory@7e48e3d1; maxCacheMB=48.0 maxMergeSizeMB=4.0)
index=
version=5.5.1
analyzer=org.apache.solr.update.SolrIndexConfig$DelayedSchemaAnalyzer
ramBufferSizeMB=100.0
maxBufferedDocs=-1
maxBufferedDeleteTerms=-1
mergedSegmentWarmer=null
delPolicy=org.apache.solr.core.IndexDeletionPolicyWrapper
commit=null
openMode=APPEND
similarity=org.apache.lucene.search.similarities.ClassicSimilarity
mergeScheduler=ConcurrentMergeScheduler: maxThreadCount=-1, maxMergeCount=-1, ioThrottle=true
default WRITE_LOCK_TIMEOUT=0
writeLockTimeout=0
codec=Lucene54
infoStream=org.apache.solr.update.LoggingInfoStream
mergePolicy=[TieredMergePolicy: maxMergeAtOnce=10, maxMergeAtOnceExplicit=30, maxMergedSegmentMB=5120.0, floorSegmentMB=2.0, forceMergeDeletesPctAllowed=10.0, segmentsPerTier=10.0, maxCFSSegmentSizeMB=8.796093022207999E12, noCFSRatio=0.1
indexerThreadPool=org.apache.lucene.index.DocumentsWriterPerThreadPool@6336a49e
readerPooling=false
perThreadHardLimitMB=1945
useCompoundFile=false
commitOnClose=true
writer=org.apache.solr.update.SolrIndexWriter@7a30ed8c

[coreLoadExecutor-6-thread-1] INFO org.apache.solr.update.LoggingInfoStream - [IW][coreLoadExecutor-6-thread-1]: MMapDirectory.UNMAP_SUPPORTED=true
[coreLoadExecutor-6-thread-1] INFO org.apache.solr.update.LoggingInfoStream - [IW][coreLoadExecutor-6-thread-1]: flush at getReader
[coreLoadExecutor-6-thread-1] INFO org.apache.solr.update.LoggingInfoStream - [DW][coreLoadExecutor-6-thread-1]: startFullFlush
[coreLoadExecutor-6-thread-1] INFO org.apache.solr.update.LoggingInfoStream - [IW][coreLoadExecutor-6-thread-1]: apply all deletes during flush
[coreLoadExecutor-6-thread-1] INFO org.apache.solr.update.LoggingInfoStream - [IW][coreLoadExecutor-6-thread-1]: now apply all deletes for all segments maxDoc=0
[coreLoadExecutor-6-thread-1] INFO org.apache.solr.update.LoggingInfoStream - [BD][coreLoadExecutor-6-thread-1]: prune sis=segments_1:  minGen=9223372036854775807 packetCount=0
[coreLoadExecutor-6-thread-1] INFO org.apache.solr.update.LoggingInfoStream - [IW][coreLoadExecutor-6-thread-1]: incRefDeleter for NRT reader version=2 segments=
[coreLoadExecutor-6-thread-1] INFO org.apache.solr.update.LoggingInfoStream - [IW][coreLoadExecutor-6-thread-1]: return reader version=2 reader=StandardDirectoryReader(segments_1:2:nrt)
[coreLoadExecutor-6-thread-1] INFO org.apache.solr.update.LoggingInfoStream - [DW][coreLoadExecutor-6-thread-1]: coreLoadExecutor-6-thread-1 finishFullFlush success=true
[coreLoadExecutor-6-thread-1] INFO org.apache.solr.update.LoggingInfoStream - [IW][coreLoadExecutor-6-thread-1]: getReader took 1 msec
[coreLoadExecutor-6-thread-1] INFO org.apache.solr.search.SolrIndexSearcher - Opening Searcher@7c82c9fd[core] main
[coreLoadExecutor-6-thread-1] INFO org.apache.solr.rest.ManagedResourceStorage - File-based storage initialized to use dir: /tmp/solr-home7225681805687211888/core/conf
[coreLoadExecutor-6-thread-1] INFO org.apache.solr.rest.RestManager - Initializing RestManager with initArgs: {storageDir=/tmp/solr-home7225681805687211888/core/conf}
[coreLoadExecutor-6-thread-1] INFO org.apache.solr.rest.ManagedResourceStorage - Reading _rest_managed.json using file:dir=/tmp/solr-home7225681805687211888/core/conf
[coreLoadExecutor-6-thread-1] INFO org.apache.solr.rest.RestManager - Initializing 0 registered ManagedResources
[coreLoadExecutor-6-thread-1] INFO org.apache.solr.handler.component.SpellCheckComponent - Initializing spell checkers
[coreLoadExecutor-6-thread-1] INFO org.apache.solr.handler.component.SpellCheckComponent - Registering newSearcher listener for spellchecker: default
[coreLoadExecutor-6-thread-1] INFO org.apache.solr.handler.component.SpellCheckComponent - No queryConverter defined, using default converter
[coreLoadExecutor-6-thread-1] INFO org.apache.solr.handler.ReplicationHandler - Commits will be reserved for  10000
[searcherExecutor-7-thread-1] INFO org.apache.solr.handler.component.SpellCheckComponent - Loading spell index for spellchecker: default
[searcherExecutor-7-thread-1] INFO org.apache.solr.core.SolrCore - [core] Registered new searcher Searcher@7c82c9fd[core] main{ExitableDirectoryReader(UninvertingDirectoryReader())}
[coreLoadExecutor-6-thread-1] INFO org.apache.solr.update.UpdateLog - Looking up max value of version field to seed version buckets
[coreLoadExecutor-6-thread-1] INFO org.apache.solr.update.VersionInfo - Refreshing highest value of _version_ for 65536 version buckets from index
[coreLoadExecutor-6-thread-1] INFO org.apache.solr.update.VersionInfo - No terms found for _version_, cannot seed version bucket highest value from index
[coreLoadExecutor-6-thread-1] INFO org.apache.solr.update.UpdateLog - Could not find max version in index or recent updates, using new clock 1576087847157366784
[coreLoadExecutor-6-thread-1] INFO org.apache.solr.update.UpdateLog - Took 5.0ms to seed version buckets with highest version 1576087847157366784
[coreLoadExecutor-6-thread-1] INFO org.apache.solr.core.CoreContainer - registering core: core
[Test worker] INFO org.apache.solr.core.SolrCore.Request - [core]  webapp=null path=/admin/ping params={} hits=0 status=0 QTime=23
[Test worker] INFO org.apache.solr.core.SolrCore.Request - [core]  webapp=null path=/admin/ping params={} status=0 QTime=23
[Test worker] INFO com.rbmhtechnology.vind.solr.SolrSearchServer - Connection to solr server successful
[Test worker] INFO org.apache.solr.core.SolrCore.Request - [core]  webapp=null path=/schema params={} status=0 QTime=0
[Test worker] INFO com.rbmhtechnology.vind.solr.SolrSearchServer - No server provider of type class com.rbmhtechnology.vind.solr.EmbeddedSolrServerProvider found in classpath for server com.rbmhtechnology.vind.solr.SolrSearchServer
[Test worker] INFO org.apache.solr.core.SolrCore.Request - [core]  webapp=null path=/select params={q=*&fl=*,score&df=text&fq=_type_:asset&start=0&rows=10} hits=0 status=0 QTime=12
[Test worker] INFO org.apache.solr.core.SolrCore.Request - [core]  webapp=null path=/select params={q=Hello+World&fl=*,score&df=text&fq=_type_:asset&start=0&rows=10} hits=0 status=0 QTime=14
[Test worker] INFO org.apache.solr.core.CoreContainer - Shutting down CoreContainer instance=802930982
[coreCloseExecutor-12-thread-1] INFO org.apache.solr.core.SolrCore - [core]  CLOSING SolrCore org.apache.solr.core.SolrCore@13487206
[coreCloseExecutor-12-thread-1] INFO org.apache.solr.update.DirectUpdateHandler2 - closing DirectUpdateHandler2{commits=0,autocommit maxTime=15000ms,autocommits=0,soft autocommits=0,optimizes=0,rollbacks=0,expungeDeletes=0,docsPending=0,adds=0,deletesById=0,deletesByQuery=0,errors=0,cumulative_adds=0,cumulative_deletesById=0,cumulative_deletesByQuery=0,cumulative_errors=0,transaction_logs_total_size=0,transaction_logs_total_number=0}
[coreCloseExecutor-12-thread-1] INFO org.apache.solr.update.SolrCoreState - Closing SolrCoreState
[coreCloseExecutor-12-thread-1] INFO org.apache.solr.update.DefaultSolrCoreState - SolrCoreState ref count has reached 0 - closing IndexWriter
[coreCloseExecutor-12-thread-1] INFO org.apache.solr.update.DefaultSolrCoreState - closing IndexWriter with IndexWriterCloser
[coreCloseExecutor-12-thread-1] INFO org.apache.solr.update.LoggingInfoStream - [IW][coreCloseExecutor-12-thread-1]: now flush at close
[coreCloseExecutor-12-thread-1] INFO org.apache.solr.update.LoggingInfoStream - [IW][coreCloseExecutor-12-thread-1]:   start flush: applyAllDeletes=true
[coreCloseExecutor-12-thread-1] INFO org.apache.solr.update.LoggingInfoStream - [IW][coreCloseExecutor-12-thread-1]:   index before flush 
[coreCloseExecutor-12-thread-1] INFO org.apache.solr.update.LoggingInfoStream - [DW][coreCloseExecutor-12-thread-1]: startFullFlush
[coreCloseExecutor-12-thread-1] INFO org.apache.solr.update.LoggingInfoStream - [DW][coreCloseExecutor-12-thread-1]: coreCloseExecutor-12-thread-1 finishFullFlush success=true
[coreCloseExecutor-12-thread-1] INFO org.apache.solr.update.LoggingInfoStream - [IW][coreCloseExecutor-12-thread-1]: apply all deletes during flush
[coreCloseExecutor-12-thread-1] INFO org.apache.solr.update.LoggingInfoStream - [IW][coreCloseExecutor-12-thread-1]: now apply all deletes for all segments maxDoc=0
[coreCloseExecutor-12-thread-1] INFO org.apache.solr.update.LoggingInfoStream - [BD][coreCloseExecutor-12-thread-1]: prune sis=segments_1:  minGen=9223372036854775807 packetCount=0
[coreCloseExecutor-12-thread-1] INFO org.apache.solr.update.LoggingInfoStream - [MS][coreCloseExecutor-12-thread-1]: initDynamicDefaults spins=false maxThreadCount=2 maxMergeCount=7
[coreCloseExecutor-12-thread-1] INFO org.apache.solr.update.LoggingInfoStream - [MS][coreCloseExecutor-12-thread-1]: updateMergeThreads ioThrottle=true targetMBPerSec=10240.0 MB/sec
[coreCloseExecutor-12-thread-1] INFO org.apache.solr.update.LoggingInfoStream - [MS][coreCloseExecutor-12-thread-1]: now merge
[coreCloseExecutor-12-thread-1] INFO org.apache.solr.update.LoggingInfoStream - [MS][coreCloseExecutor-12-thread-1]:   index: 
[coreCloseExecutor-12-thread-1] INFO org.apache.solr.update.LoggingInfoStream - [MS][coreCloseExecutor-12-thread-1]:   no more merges pending; now return
[coreCloseExecutor-12-thread-1] INFO org.apache.solr.update.LoggingInfoStream - [IW][coreCloseExecutor-12-thread-1]: waitForMerges
[coreCloseExecutor-12-thread-1] INFO org.apache.solr.update.LoggingInfoStream - [IW][coreCloseExecutor-12-thread-1]: waitForMerges done
[coreCloseExecutor-12-thread-1] INFO org.apache.solr.update.LoggingInfoStream - [IW][coreCloseExecutor-12-thread-1]: commit: start
[coreCloseExecutor-12-thread-1] INFO org.apache.solr.update.LoggingInfoStream - [IW][coreCloseExecutor-12-thread-1]: commit: enter lock
[coreCloseExecutor-12-thread-1] INFO org.apache.solr.update.LoggingInfoStream - [IW][coreCloseExecutor-12-thread-1]: commit: now prepare
[coreCloseExecutor-12-thread-1] INFO org.apache.solr.update.LoggingInfoStream - [IW][coreCloseExecutor-12-thread-1]: prepareCommit: flush
[coreCloseExecutor-12-thread-1] INFO org.apache.solr.update.LoggingInfoStream - [IW][coreCloseExecutor-12-thread-1]:   index before flush 
[coreCloseExecutor-12-thread-1] INFO org.apache.solr.update.LoggingInfoStream - [DW][coreCloseExecutor-12-thread-1]: startFullFlush
[coreCloseExecutor-12-thread-1] INFO org.apache.solr.update.LoggingInfoStream - [IW][coreCloseExecutor-12-thread-1]: apply all deletes during flush
[coreCloseExecutor-12-thread-1] INFO org.apache.solr.update.LoggingInfoStream - [IW][coreCloseExecutor-12-thread-1]: now apply all deletes for all segments maxDoc=0
[coreCloseExecutor-12-thread-1] INFO org.apache.solr.update.LoggingInfoStream - [BD][coreCloseExecutor-12-thread-1]: prune sis=segments_1:  minGen=9223372036854775807 packetCount=0
[coreCloseExecutor-12-thread-1] INFO org.apache.solr.update.LoggingInfoStream - [DW][coreCloseExecutor-12-thread-1]: coreCloseExecutor-12-thread-1 finishFullFlush success=true
[coreCloseExecutor-12-thread-1] INFO org.apache.solr.update.LoggingInfoStream - [IW][coreCloseExecutor-12-thread-1]: startCommit(): start
[coreCloseExecutor-12-thread-1] INFO org.apache.solr.update.LoggingInfoStream - [IW][coreCloseExecutor-12-thread-1]:   skip startCommit(): no changes pending
[coreCloseExecutor-12-thread-1] INFO org.apache.solr.update.LoggingInfoStream - [IW][coreCloseExecutor-12-thread-1]: commit: pendingCommit == null; skip
[coreCloseExecutor-12-thread-1] INFO org.apache.solr.update.LoggingInfoStream - [IW][coreCloseExecutor-12-thread-1]: commit: took 0.5 msec
[coreCloseExecutor-12-thread-1] INFO org.apache.solr.update.LoggingInfoStream - [IW][coreCloseExecutor-12-thread-1]: commit: done
[coreCloseExecutor-12-thread-1] INFO org.apache.solr.update.LoggingInfoStream - [IW][coreCloseExecutor-12-thread-1]: rollback
[coreCloseExecutor-12-thread-1] INFO org.apache.solr.update.LoggingInfoStream - [IW][coreCloseExecutor-12-thread-1]: all running merges have aborted
[coreCloseExecutor-12-thread-1] INFO org.apache.solr.update.LoggingInfoStream - [IW][coreCloseExecutor-12-thread-1]: rollback: done finish merges
[coreCloseExecutor-12-thread-1] INFO org.apache.solr.update.LoggingInfoStream - [DW][coreCloseExecutor-12-thread-1]: abort
[coreCloseExecutor-12-thread-1] INFO org.apache.solr.update.LoggingInfoStream - [DW][coreCloseExecutor-12-thread-1]: done abort success=true
[coreCloseExecutor-12-thread-1] INFO org.apache.solr.update.LoggingInfoStream - [IW][coreCloseExecutor-12-thread-1]: rollback: infos=
[coreCloseExecutor-12-thread-1] INFO org.apache.solr.update.LoggingInfoStream - [IFD][coreCloseExecutor-12-thread-1]: now checkpoint "" [0 segments ; isCommit = false]
[coreCloseExecutor-12-thread-1] INFO org.apache.solr.update.LoggingInfoStream - [IFD][coreCloseExecutor-12-thread-1]: 0 msec to checkpoint
[coreCloseExecutor-12-thread-1] INFO org.apache.solr.core.SolrCore - [core] Closing main searcher on request.
[coreCloseExecutor-12-thread-1] INFO org.apache.solr.core.CachingDirectoryFactory - Closing NRTCachingDirectoryFactory - 2 directories currently being tracked
[coreCloseExecutor-12-thread-1] INFO org.apache.solr.core.CachingDirectoryFactory - looking to close /tmp/solr-home7225681805687211888/core/data/index [CachedDir<<refCount=0;path=/tmp/solr-home7225681805687211888/core/data/index;done=false>>]
[coreCloseExecutor-12-thread-1] INFO org.apache.solr.core.CachingDirectoryFactory - Closing directory: /tmp/solr-home7225681805687211888/core/data/index
[coreCloseExecutor-12-thread-1] INFO org.apache.solr.core.CachingDirectoryFactory - looking to close /tmp/solr-home7225681805687211888/core/data [CachedDir<<refCount=0;path=/tmp/solr-home7225681805687211888/core/data;done=false>>]
[coreCloseExecutor-12-thread-1] INFO org.apache.solr.core.CachingDirectoryFactory - Closing directory: /tmp/solr-home7225681805687211888/core/data
[Test worker] INFO com.rbmhtechnology.vind.solr.SolrSearchServer - No server provider of type class com.rbmhtechnology.vind.solr.EmbeddedSolrServerProvider found in classpath for server com.rbmhtechnology.vind.solr.SolrSearchServer
[Test worker] INFO com.rbmhtechnology.vind.solr.SolrSearchServer - No server provider of type class com.rbmhtechnology.vind.solr.EmbeddedSolrServerProvider found in classpath for server com.rbmhtechnology.vind.solr.SolrSearchServer
[Test worker] INFO org.apache.solr.core.SolrResourceLoader - new SolrResourceLoader for directory: '/tmp/solr-home6040695726733616634'
[Test worker] INFO org.apache.solr.core.SolrResourceLoader - JNDI not configured for solr (NoInitialContextEx)
[Test worker] INFO org.apache.solr.core.SolrResourceLoader - solr home defaulted to 'solr/' (could not find system property or JNDI)
[Test worker] INFO org.apache.solr.core.SolrXmlConfig - Loading container configuration from /tmp/solr-home6040695726733616634/solr.xml
[Test worker] INFO org.apache.solr.core.CorePropertiesLocator - Config-defined core root directory: /tmp/solr-home6040695726733616634
[Test worker] INFO org.apache.solr.core.CoreContainer - New CoreContainer 1187670153
[Test worker] INFO org.apache.solr.core.CoreContainer - Loading cores into CoreContainer [instanceDir=/tmp/solr-home6040695726733616634]
[Test worker] WARN org.apache.solr.core.CoreContainer - Couldn't add files from /tmp/solr-home6040695726733616634/lib to classpath: /tmp/solr-home6040695726733616634/lib
[Test worker] INFO org.apache.solr.handler.component.HttpShardHandlerFactory - created with socketTimeout : 120000,connTimeout : 15000,maxConnectionsPerHost : 20,maxConnections : 10000,corePoolSize : 0,maximumPoolSize : 2147483647,maxThreadIdleTime : 5,sizeOfQueue : -1,fairnessPolicy : false,useRetries : false,
[Test worker] INFO org.apache.solr.update.UpdateShardHandler - Creating UpdateShardHandler HTTP client with params: socketTimeout=600000&connTimeout=60000&retry=true
[Test worker] INFO org.apache.solr.logging.LogWatcher - SLF4J impl is org.slf4j.impl.SimpleLoggerFactory
[Test worker] INFO org.apache.solr.logging.LogWatcher - No LogWatcher configured
[Test worker] INFO org.apache.solr.core.CoreContainer - Security conf doesn't exist. Skipping setup for authorization module.
[Test worker] INFO org.apache.solr.core.CoreContainer - No authentication plugin used.
[Test worker] INFO org.apache.solr.core.CorePropertiesLocator - Looking for core definitions underneath /tmp/solr-home6040695726733616634
[Test worker] INFO org.apache.solr.core.CoreDescriptor - Created CoreDescriptor: {runtimeLib=false, name=core, config=solrconfig.xml, loadOnStartup=true, schema=schema.xml, configSetProperties=configsetprops.json, transient=false, dataDir=data/}
[Test worker] INFO org.apache.solr.core.CorePropertiesLocator - Found core core in /tmp/solr-home6040695726733616634/core
[Test worker] INFO org.apache.solr.core.CorePropertiesLocator - Found 1 core definitions
[coreLoadExecutor-19-thread-1] INFO org.apache.solr.core.SolrResourceLoader - new SolrResourceLoader for directory: '/tmp/solr-home6040695726733616634/core'
[coreLoadExecutor-19-thread-1] INFO org.apache.solr.core.SolrResourceLoader - JNDI not configured for solr (NoInitialContextEx)
[coreLoadExecutor-19-thread-1] INFO org.apache.solr.core.SolrResourceLoader - solr home defaulted to 'solr/' (could not find system property or JNDI)
[coreLoadExecutor-19-thread-1] INFO org.apache.solr.core.SolrResourceLoader - Adding 'file:/tmp/solr-home6040695726733616634/core/lib/marker-search-handler-0.3.0.jar' to classloader
[coreLoadExecutor-19-thread-1] INFO org.apache.solr.core.SolrResourceLoader - Adding 'file:/tmp/solr-home6040695726733616634/core/lib/suggestion-request-handler-2.1.0.jar' to classloader
[coreLoadExecutor-19-thread-1] INFO org.apache.solr.core.SolrConfig - current version of requestparams : -1
[coreLoadExecutor-19-thread-1] INFO org.apache.solr.update.SolrIndexConfig - IndexWriter infoStream solr logging is enabled
[coreLoadExecutor-19-thread-1] INFO org.apache.solr.core.SolrConfig - Using Lucene MatchVersion: 5.5.0
[coreLoadExecutor-19-thread-1] INFO org.apache.solr.core.SolrConfig - Loaded SolrConfig: solrconfig.xml
[coreLoadExecutor-19-thread-1] INFO org.apache.solr.schema.ManagedIndexSchemaFactory - The schema is configured as managed, but managed schema resource managed-schema not found - loading non-managed schema schema.xml instead
[coreLoadExecutor-19-thread-1] INFO org.apache.solr.schema.IndexSchema - [core] Schema name=basic search lib core
[coreLoadExecutor-19-thread-1] INFO org.apache.solr.schema.IndexSchema - unique key field: _id_
[coreLoadExecutor-19-thread-1] INFO org.apache.solr.schema.ManagedIndexSchema - Upgraded to managed schema at /tmp/solr-home6040695726733616634/core/conf/managed-schema
[coreLoadExecutor-19-thread-1] INFO org.apache.solr.schema.ManagedIndexSchemaFactory - After upgrading to managed schema, renamed the non-managed schema /tmp/solr-home6040695726733616634/core/conf/schema.xml to /tmp/solr-home6040695726733616634/core/conf/schema.xml.bak
[coreLoadExecutor-19-thread-1] INFO org.apache.solr.core.ConfigSetProperties - Did not find ConfigSet properties, assuming default properties: Can't find resource 'configsetprops.json' in classpath or '/tmp/solr-home6040695726733616634/core'
[coreLoadExecutor-19-thread-1] INFO org.apache.solr.core.CoreContainer - Creating SolrCore 'core' using configuration from instancedir /tmp/solr-home6040695726733616634/core
[coreLoadExecutor-19-thread-1] INFO org.apache.solr.core.SolrCore - solr.NRTCachingDirectoryFactory
[coreLoadExecutor-19-thread-1] INFO org.apache.solr.core.SolrCore - [[core] ] Opening new SolrCore at [/tmp/solr-home6040695726733616634/core], dataDir=[/tmp/solr-home6040695726733616634/core/data/]
[coreLoadExecutor-19-thread-1] INFO org.apache.solr.core.JmxMonitoredMap - No JMX servers found, not exposing Solr information with JMX.
[coreLoadExecutor-19-thread-1] INFO org.apache.solr.core.SchemaCodecFactory - Using default compressionMode: BEST_SPEED
[coreLoadExecutor-19-thread-1] INFO org.apache.solr.core.CachingDirectoryFactory - return new directory for /tmp/solr-home6040695726733616634/core/data
[coreLoadExecutor-19-thread-1] INFO org.apache.solr.core.SolrCore - New index directory detected: old=null new=/tmp/solr-home6040695726733616634/core/data/index/
[coreLoadExecutor-19-thread-1] WARN org.apache.solr.core.SolrCore - [core] Solr index directory '/tmp/solr-home6040695726733616634/core/data/index' doesn't exist. Creating new index...
[coreLoadExecutor-19-thread-1] INFO org.apache.solr.core.CachingDirectoryFactory - return new directory for /tmp/solr-home6040695726733616634/core/data/index
[coreLoadExecutor-19-thread-1] INFO org.apache.solr.update.LoggingInfoStream - [IFD][coreLoadExecutor-19-thread-1]: init: current segments file is "segments"; deletionPolicy=org.apache.solr.core.IndexDeletionPolicyWrapper@3340357e
[coreLoadExecutor-19-thread-1] INFO org.apache.solr.update.LoggingInfoStream - [IFD][coreLoadExecutor-19-thread-1]: now checkpoint "" [0 segments ; isCommit = false]
[coreLoadExecutor-19-thread-1] INFO org.apache.solr.update.LoggingInfoStream - [IFD][coreLoadExecutor-19-thread-1]: 0 msec to checkpoint
[coreLoadExecutor-19-thread-1] INFO org.apache.solr.update.LoggingInfoStream - [IW][coreLoadExecutor-19-thread-1]: init: create=true
[coreLoadExecutor-19-thread-1] INFO org.apache.solr.update.LoggingInfoStream - [IW][coreLoadExecutor-19-thread-1]: 
dir=NRTCachingDirectory(MMapDirectory@/tmp/solr-home6040695726733616634/core/data/index lockFactory=org.apache.lucene.store.NativeFSLockFactory@7e48e3d1; maxCacheMB=48.0 maxMergeSizeMB=4.0)
index=
version=5.5.1
analyzer=org.apache.solr.update.SolrIndexConfig$DelayedSchemaAnalyzer
ramBufferSizeMB=100.0
maxBufferedDocs=-1
maxBufferedDeleteTerms=-1
mergedSegmentWarmer=null
delPolicy=org.apache.solr.core.IndexDeletionPolicyWrapper
commit=null
openMode=CREATE
similarity=org.apache.lucene.search.similarities.ClassicSimilarity
mergeScheduler=ConcurrentMergeScheduler: maxThreadCount=-1, maxMergeCount=-1, ioThrottle=true
default WRITE_LOCK_TIMEOUT=0
writeLockTimeout=0
codec=Lucene54
infoStream=org.apache.solr.update.LoggingInfoStream
mergePolicy=[TieredMergePolicy: maxMergeAtOnce=10, maxMergeAtOnceExplicit=30, maxMergedSegmentMB=5120.0, floorSegmentMB=2.0, forceMergeDeletesPctAllowed=10.0, segmentsPerTier=10.0, maxCFSSegmentSizeMB=8.796093022207999E12, noCFSRatio=0.1
indexerThreadPool=org.apache.lucene.index.DocumentsWriterPerThreadPool@308c7197
readerPooling=false
perThreadHardLimitMB=1945
useCompoundFile=false
commitOnClose=true
writer=org.apache.solr.update.SolrIndexWriter@691704a

[coreLoadExecutor-19-thread-1] INFO org.apache.solr.update.LoggingInfoStream - [IW][coreLoadExecutor-19-thread-1]: MMapDirectory.UNMAP_SUPPORTED=true
[coreLoadExecutor-19-thread-1] INFO org.apache.solr.update.LoggingInfoStream - [IW][coreLoadExecutor-19-thread-1]: now flush at close
[coreLoadExecutor-19-thread-1] INFO org.apache.solr.update.LoggingInfoStream - [IW][coreLoadExecutor-19-thread-1]:   start flush: applyAllDeletes=true
[coreLoadExecutor-19-thread-1] INFO org.apache.solr.update.LoggingInfoStream - [IW][coreLoadExecutor-19-thread-1]:   index before flush 
[coreLoadExecutor-19-thread-1] INFO org.apache.solr.update.LoggingInfoStream - [DW][coreLoadExecutor-19-thread-1]: startFullFlush
[coreLoadExecutor-19-thread-1] INFO org.apache.solr.update.LoggingInfoStream - [DW][coreLoadExecutor-19-thread-1]: coreLoadExecutor-19-thread-1 finishFullFlush success=true
[coreLoadExecutor-19-thread-1] INFO org.apache.solr.update.LoggingInfoStream - [IW][coreLoadExecutor-19-thread-1]: apply all deletes during flush
[coreLoadExecutor-19-thread-1] INFO org.apache.solr.update.LoggingInfoStream - [IW][coreLoadExecutor-19-thread-1]: now apply all deletes for all segments maxDoc=0
[coreLoadExecutor-19-thread-1] INFO org.apache.solr.update.LoggingInfoStream - [BD][coreLoadExecutor-19-thread-1]: prune sis=segments:  minGen=9223372036854775807 packetCount=0
[coreLoadExecutor-19-thread-1] INFO org.apache.solr.update.LoggingInfoStream - [MS][coreLoadExecutor-19-thread-1]: initDynamicDefaults spins=false maxThreadCount=2 maxMergeCount=7
[coreLoadExecutor-19-thread-1] INFO org.apache.solr.update.LoggingInfoStream - [MS][coreLoadExecutor-19-thread-1]: updateMergeThreads ioThrottle=true targetMBPerSec=10240.0 MB/sec
[coreLoadExecutor-19-thread-1] INFO org.apache.solr.update.LoggingInfoStream - [MS][coreLoadExecutor-19-thread-1]: now merge
[coreLoadExecutor-19-thread-1] INFO org.apache.solr.update.LoggingInfoStream - [MS][coreLoadExecutor-19-thread-1]:   index: 
[coreLoadExecutor-19-thread-1] INFO org.apache.solr.update.LoggingInfoStream - [MS][coreLoadExecutor-19-thread-1]:   no more merges pending; now return
[coreLoadExecutor-19-thread-1] INFO org.apache.solr.update.LoggingInfoStream - [IW][coreLoadExecutor-19-thread-1]: waitForMerges
[coreLoadExecutor-19-thread-1] INFO org.apache.solr.update.LoggingInfoStream - [IW][coreLoadExecutor-19-thread-1]: waitForMerges done
[coreLoadExecutor-19-thread-1] INFO org.apache.solr.update.LoggingInfoStream - [IW][coreLoadExecutor-19-thread-1]: commit: start
[coreLoadExecutor-19-thread-1] INFO org.apache.solr.update.LoggingInfoStream - [IW][coreLoadExecutor-19-thread-1]: commit: enter lock
[coreLoadExecutor-19-thread-1] INFO org.apache.solr.update.LoggingInfoStream - [IW][coreLoadExecutor-19-thread-1]: commit: now prepare
[coreLoadExecutor-19-thread-1] INFO org.apache.solr.update.LoggingInfoStream - [IW][coreLoadExecutor-19-thread-1]: prepareCommit: flush
[coreLoadExecutor-19-thread-1] INFO org.apache.solr.update.LoggingInfoStream - [IW][coreLoadExecutor-19-thread-1]:   index before flush 
[coreLoadExecutor-19-thread-1] INFO org.apache.solr.update.LoggingInfoStream - [DW][coreLoadExecutor-19-thread-1]: startFullFlush
[coreLoadExecutor-19-thread-1] INFO org.apache.solr.update.LoggingInfoStream - [IW][coreLoadExecutor-19-thread-1]: apply all deletes during flush
[coreLoadExecutor-19-thread-1] INFO org.apache.solr.update.LoggingInfoStream - [IW][coreLoadExecutor-19-thread-1]: now apply all deletes for all segments maxDoc=0
[coreLoadExecutor-19-thread-1] INFO org.apache.solr.update.LoggingInfoStream - [BD][coreLoadExecutor-19-thread-1]: prune sis=segments:  minGen=9223372036854775807 packetCount=0
[coreLoadExecutor-19-thread-1] INFO org.apache.solr.update.LoggingInfoStream - [DW][coreLoadExecutor-19-thread-1]: coreLoadExecutor-19-thread-1 finishFullFlush success=true
[coreLoadExecutor-19-thread-1] INFO org.apache.solr.update.LoggingInfoStream - [IW][coreLoadExecutor-19-thread-1]: startCommit(): start
[coreLoadExecutor-19-thread-1] INFO org.apache.solr.update.LoggingInfoStream - [IW][coreLoadExecutor-19-thread-1]: startCommit index= changeCount=2
[coreLoadExecutor-19-thread-1] INFO org.apache.solr.update.LoggingInfoStream - [IW][coreLoadExecutor-19-thread-1]: startCommit: wrote pending segments file "pending_segments_1"
[coreLoadExecutor-19-thread-1] INFO org.apache.solr.update.LoggingInfoStream - [IW][coreLoadExecutor-19-thread-1]: done all syncs: []
[coreLoadExecutor-19-thread-1] INFO org.apache.solr.update.LoggingInfoStream - [IW][coreLoadExecutor-19-thread-1]: commit: pendingCommit != null
[coreLoadExecutor-19-thread-1] INFO org.apache.solr.update.LoggingInfoStream - [IW][coreLoadExecutor-19-thread-1]: commit: done writing segments file "segments_1"
[coreLoadExecutor-19-thread-1] INFO org.apache.solr.update.LoggingInfoStream - [IFD][coreLoadExecutor-19-thread-1]: now checkpoint "" [0 segments ; isCommit = true]
[coreLoadExecutor-19-thread-1] INFO org.apache.solr.core.SolrDeletionPolicy - SolrDeletionPolicy.onCommit: commits: num=1
	commit{dir=NRTCachingDirectory(MMapDirectory@/tmp/solr-home6040695726733616634/core/data/index lockFactory=org.apache.lucene.store.NativeFSLockFactory@7e48e3d1; maxCacheMB=48.0 maxMergeSizeMB=4.0),segFN=segments_1,generation=1}
[coreLoadExecutor-19-thread-1] INFO org.apache.solr.core.SolrDeletionPolicy - newest commit generation = 1
[coreLoadExecutor-19-thread-1] INFO org.apache.solr.update.LoggingInfoStream - [IFD][coreLoadExecutor-19-thread-1]: 0 msec to checkpoint
[coreLoadExecutor-19-thread-1] INFO org.apache.solr.update.LoggingInfoStream - [IW][coreLoadExecutor-19-thread-1]: commit: took 8.5 msec
[coreLoadExecutor-19-thread-1] INFO org.apache.solr.update.LoggingInfoStream - [IW][coreLoadExecutor-19-thread-1]: commit: done
[coreLoadExecutor-19-thread-1] INFO org.apache.solr.update.LoggingInfoStream - [IW][coreLoadExecutor-19-thread-1]: rollback
[coreLoadExecutor-19-thread-1] INFO org.apache.solr.update.LoggingInfoStream - [IW][coreLoadExecutor-19-thread-1]: all running merges have aborted
[coreLoadExecutor-19-thread-1] INFO org.apache.solr.update.LoggingInfoStream - [IW][coreLoadExecutor-19-thread-1]: rollback: done finish merges
[coreLoadExecutor-19-thread-1] INFO org.apache.solr.update.LoggingInfoStream - [DW][coreLoadExecutor-19-thread-1]: abort
[coreLoadExecutor-19-thread-1] INFO org.apache.solr.update.LoggingInfoStream - [DW][coreLoadExecutor-19-thread-1]: done abort success=true
[coreLoadExecutor-19-thread-1] INFO org.apache.solr.update.LoggingInfoStream - [IW][coreLoadExecutor-19-thread-1]: rollback: infos=
[coreLoadExecutor-19-thread-1] INFO org.apache.solr.update.LoggingInfoStream - [IFD][coreLoadExecutor-19-thread-1]: now checkpoint "" [0 segments ; isCommit = false]
[coreLoadExecutor-19-thread-1] INFO org.apache.solr.update.LoggingInfoStream - [IFD][coreLoadExecutor-19-thread-1]: 0 msec to checkpoint
[OldIndexDirectoryCleanupThreadForCore-core] INFO org.apache.solr.core.SolrCore - Looking for old index directories to cleanup for core core in /tmp/solr-home6040695726733616634/core/data/
[coreLoadExecutor-19-thread-1] INFO org.apache.solr.core.SolrCore - no updateRequestProcessorChain defined as default, creating implicit default
[coreLoadExecutor-19-thread-1] INFO org.apache.solr.handler.loader.XMLLoader - xsltCacheLifetimeSeconds=60
[coreLoadExecutor-19-thread-1] INFO org.apache.solr.handler.loader.XMLLoader - xsltCacheLifetimeSeconds=60
[coreLoadExecutor-19-thread-1] INFO org.apache.solr.handler.loader.XMLLoader - xsltCacheLifetimeSeconds=60
[coreLoadExecutor-19-thread-1] INFO org.apache.solr.handler.loader.XMLLoader - xsltCacheLifetimeSeconds=60
[coreLoadExecutor-19-thread-1] INFO org.apache.solr.core.RequestHandlers - Registered paths: /admin/mbeans,,/update/csv,/update/json/docs,/admin/luke,/select,/suggester,/admin/segments,/get,/admin/system,/replication,/admin/properties,/config,/schema,/admin/plugins,/admin/logging,/update/json,/admin/threads,/admin/ping,/update,/admin/file
[coreLoadExecutor-19-thread-1] INFO org.apache.solr.core.SolrCore - Using default statsCache cache: org.apache.solr.search.stats.LocalStatsCache
[coreLoadExecutor-19-thread-1] INFO org.apache.solr.update.UpdateHandler - Using UpdateLog implementation: org.apache.solr.update.UpdateLog
[coreLoadExecutor-19-thread-1] INFO org.apache.solr.update.UpdateLog - Initializing UpdateLog: dataDir= defaultSyncLevel=FLUSH numRecordsToKeep=100 maxNumLogsToKeep=10 numVersionBuckets=65536
[coreLoadExecutor-19-thread-1] INFO org.apache.solr.update.CommitTracker - Hard AutoCommit: if uncommited for 15000ms; 
[coreLoadExecutor-19-thread-1] INFO org.apache.solr.update.CommitTracker - Soft AutoCommit: disabled
[coreLoadExecutor-19-thread-1] INFO org.apache.solr.update.LoggingInfoStream - [IFD][coreLoadExecutor-19-thread-1]: init: current segments file is "segments_1"; deletionPolicy=org.apache.solr.core.IndexDeletionPolicyWrapper@3340357e
[coreLoadExecutor-19-thread-1] INFO org.apache.solr.update.LoggingInfoStream - [IFD][coreLoadExecutor-19-thread-1]: init: load commit "segments_1"
[coreLoadExecutor-19-thread-1] INFO org.apache.solr.core.SolrDeletionPolicy - SolrDeletionPolicy.onInit: commits: num=1
	commit{dir=NRTCachingDirectory(MMapDirectory@/tmp/solr-home6040695726733616634/core/data/index lockFactory=org.apache.lucene.store.NativeFSLockFactory@7e48e3d1; maxCacheMB=48.0 maxMergeSizeMB=4.0),segFN=segments_1,generation=1}
[coreLoadExecutor-19-thread-1] INFO org.apache.solr.core.SolrDeletionPolicy - newest commit generation = 1
[coreLoadExecutor-19-thread-1] INFO org.apache.solr.update.LoggingInfoStream - [IFD][coreLoadExecutor-19-thread-1]: now checkpoint "" [0 segments ; isCommit = false]
[coreLoadExecutor-19-thread-1] INFO org.apache.solr.update.LoggingInfoStream - [IFD][coreLoadExecutor-19-thread-1]: 0 msec to checkpoint
[coreLoadExecutor-19-thread-1] INFO org.apache.solr.update.LoggingInfoStream - [IW][coreLoadExecutor-19-thread-1]: init: create=false
[coreLoadExecutor-19-thread-1] INFO org.apache.solr.update.LoggingInfoStream - [IW][coreLoadExecutor-19-thread-1]: 
dir=NRTCachingDirectory(MMapDirectory@/tmp/solr-home6040695726733616634/core/data/index lockFactory=org.apache.lucene.store.NativeFSLockFactory@7e48e3d1; maxCacheMB=48.0 maxMergeSizeMB=4.0)
index=
version=5.5.1
analyzer=org.apache.solr.update.SolrIndexConfig$DelayedSchemaAnalyzer
ramBufferSizeMB=100.0
maxBufferedDocs=-1
maxBufferedDeleteTerms=-1
mergedSegmentWarmer=null
delPolicy=org.apache.solr.core.IndexDeletionPolicyWrapper
commit=null
openMode=APPEND
similarity=org.apache.lucene.search.similarities.ClassicSimilarity
mergeScheduler=ConcurrentMergeScheduler: maxThreadCount=-1, maxMergeCount=-1, ioThrottle=true
default WRITE_LOCK_TIMEOUT=0
writeLockTimeout=0
codec=Lucene54
infoStream=org.apache.solr.update.LoggingInfoStream
mergePolicy=[TieredMergePolicy: maxMergeAtOnce=10, maxMergeAtOnceExplicit=30, maxMergedSegmentMB=5120.0, floorSegmentMB=2.0, forceMergeDeletesPctAllowed=10.0, segmentsPerTier=10.0, maxCFSSegmentSizeMB=8.796093022207999E12, noCFSRatio=0.1
indexerThreadPool=org.apache.lucene.index.DocumentsWriterPerThreadPool@6486074f
readerPooling=false
perThreadHardLimitMB=1945
useCompoundFile=false
commitOnClose=true
writer=org.apache.solr.update.SolrIndexWriter@728d013e

[coreLoadExecutor-19-thread-1] INFO org.apache.solr.update.LoggingInfoStream - [IW][coreLoadExecutor-19-thread-1]: MMapDirectory.UNMAP_SUPPORTED=true
[coreLoadExecutor-19-thread-1] INFO org.apache.solr.update.LoggingInfoStream - [IW][coreLoadExecutor-19-thread-1]: flush at getReader
[coreLoadExecutor-19-thread-1] INFO org.apache.solr.update.LoggingInfoStream - [DW][coreLoadExecutor-19-thread-1]: startFullFlush
[coreLoadExecutor-19-thread-1] INFO org.apache.solr.update.LoggingInfoStream - [IW][coreLoadExecutor-19-thread-1]: apply all deletes during flush
[coreLoadExecutor-19-thread-1] INFO org.apache.solr.update.LoggingInfoStream - [IW][coreLoadExecutor-19-thread-1]: now apply all deletes for all segments maxDoc=0
[coreLoadExecutor-19-thread-1] INFO org.apache.solr.update.LoggingInfoStream - [BD][coreLoadExecutor-19-thread-1]: prune sis=segments_1:  minGen=9223372036854775807 packetCount=0
[coreLoadExecutor-19-thread-1] INFO org.apache.solr.update.LoggingInfoStream - [IW][coreLoadExecutor-19-thread-1]: incRefDeleter for NRT reader version=2 segments=
[coreLoadExecutor-19-thread-1] INFO org.apache.solr.update.LoggingInfoStream - [IW][coreLoadExecutor-19-thread-1]: return reader version=2 reader=StandardDirectoryReader(segments_1:2:nrt)
[coreLoadExecutor-19-thread-1] INFO org.apache.solr.update.LoggingInfoStream - [DW][coreLoadExecutor-19-thread-1]: coreLoadExecutor-19-thread-1 finishFullFlush success=true
[coreLoadExecutor-19-thread-1] INFO org.apache.solr.update.LoggingInfoStream - [IW][coreLoadExecutor-19-thread-1]: getReader took 0 msec
[coreLoadExecutor-19-thread-1] INFO org.apache.solr.search.SolrIndexSearcher - Opening Searcher@6c6b23d3[core] main
[coreLoadExecutor-19-thread-1] INFO org.apache.solr.rest.ManagedResourceStorage - File-based storage initialized to use dir: /tmp/solr-home6040695726733616634/core/conf
[coreLoadExecutor-19-thread-1] INFO org.apache.solr.rest.RestManager - Initializing RestManager with initArgs: {storageDir=/tmp/solr-home6040695726733616634/core/conf}
[coreLoadExecutor-19-thread-1] INFO org.apache.solr.rest.ManagedResourceStorage - Reading _rest_managed.json using file:dir=/tmp/solr-home6040695726733616634/core/conf
[coreLoadExecutor-19-thread-1] INFO org.apache.solr.rest.RestManager - Initializing 0 registered ManagedResources
[coreLoadExecutor-19-thread-1] INFO org.apache.solr.handler.component.SpellCheckComponent - Initializing spell checkers
[coreLoadExecutor-19-thread-1] INFO org.apache.solr.handler.component.SpellCheckComponent - Registering newSearcher listener for spellchecker: default
[coreLoadExecutor-19-thread-1] INFO org.apache.solr.handler.component.SpellCheckComponent - No queryConverter defined, using default converter
[coreLoadExecutor-19-thread-1] INFO org.apache.solr.handler.ReplicationHandler - Commits will be reserved for  10000
[coreLoadExecutor-19-thread-1] INFO org.apache.solr.update.UpdateLog - Looking up max value of version field to seed version buckets
[searcherExecutor-20-thread-1] INFO org.apache.solr.handler.component.SpellCheckComponent - Loading spell index for spellchecker: default
[coreLoadExecutor-19-thread-1] INFO org.apache.solr.update.VersionInfo - Refreshing highest value of _version_ for 65536 version buckets from index
[coreLoadExecutor-19-thread-1] INFO org.apache.solr.update.VersionInfo - No terms found for _version_, cannot seed version bucket highest value from index
[coreLoadExecutor-19-thread-1] INFO org.apache.solr.update.UpdateLog - Could not find max version in index or recent updates, using new clock 1576087847793852416
[searcherExecutor-20-thread-1] INFO org.apache.solr.core.SolrCore - [core] Registered new searcher Searcher@6c6b23d3[core] main{ExitableDirectoryReader(UninvertingDirectoryReader())}
[coreLoadExecutor-19-thread-1] INFO org.apache.solr.update.UpdateLog - Took 2.0ms to seed version buckets with highest version 1576087847793852416
[coreLoadExecutor-19-thread-1] INFO org.apache.solr.core.CoreContainer - registering core: core
[Test worker] INFO org.apache.solr.core.SolrCore.Request - [core]  webapp=null path=/admin/ping params={} hits=0 status=0 QTime=0
[Test worker] INFO org.apache.solr.core.SolrCore.Request - [core]  webapp=null path=/admin/ping params={} status=0 QTime=0
[Test worker] INFO com.rbmhtechnology.vind.solr.SolrSearchServer - Connection to solr server successful
[Test worker] INFO org.apache.solr.core.SolrCore.Request - [core]  webapp=null path=/schema params={} status=0 QTime=0
[Test worker] INFO com.rbmhtechnology.vind.solr.SolrSearchServer - No server provider of type class com.rbmhtechnology.vind.solr.EmbeddedSolrServerProvider found in classpath for server com.rbmhtechnology.vind.solr.SolrSearchServer
[Test worker] INFO org.apache.solr.core.CoreContainer - Shutting down CoreContainer instance=1187670153
[coreCloseExecutor-25-thread-1] INFO org.apache.solr.core.SolrCore - [core]  CLOSING SolrCore org.apache.solr.core.SolrCore@7d01df95
[coreCloseExecutor-25-thread-1] INFO org.apache.solr.update.DirectUpdateHandler2 - closing DirectUpdateHandler2{commits=0,autocommit maxTime=15000ms,autocommits=0,soft autocommits=0,optimizes=0,rollbacks=0,expungeDeletes=0,docsPending=0,adds=0,deletesById=0,deletesByQuery=0,errors=0,cumulative_adds=0,cumulative_deletesById=0,cumulative_deletesByQuery=0,cumulative_errors=0,transaction_logs_total_size=0,transaction_logs_total_number=0}
[coreCloseExecutor-25-thread-1] INFO org.apache.solr.update.SolrCoreState - Closing SolrCoreState
[coreCloseExecutor-25-thread-1] INFO org.apache.solr.update.DefaultSolrCoreState - SolrCoreState ref count has reached 0 - closing IndexWriter
[coreCloseExecutor-25-thread-1] INFO org.apache.solr.update.DefaultSolrCoreState - closing IndexWriter with IndexWriterCloser
[coreCloseExecutor-25-thread-1] INFO org.apache.solr.update.LoggingInfoStream - [IW][coreCloseExecutor-25-thread-1]: now flush at close
[coreCloseExecutor-25-thread-1] INFO org.apache.solr.update.LoggingInfoStream - [IW][coreCloseExecutor-25-thread-1]:   start flush: applyAllDeletes=true
[coreCloseExecutor-25-thread-1] INFO org.apache.solr.update.LoggingInfoStream - [IW][coreCloseExecutor-25-thread-1]:   index before flush 
[coreCloseExecutor-25-thread-1] INFO org.apache.solr.update.LoggingInfoStream - [DW][coreCloseExecutor-25-thread-1]: startFullFlush
[coreCloseExecutor-25-thread-1] INFO org.apache.solr.update.LoggingInfoStream - [DW][coreCloseExecutor-25-thread-1]: coreCloseExecutor-25-thread-1 finishFullFlush success=true
[coreCloseExecutor-25-thread-1] INFO org.apache.solr.update.LoggingInfoStream - [IW][coreCloseExecutor-25-thread-1]: apply all deletes during flush
[coreCloseExecutor-25-thread-1] INFO org.apache.solr.update.LoggingInfoStream - [IW][coreCloseExecutor-25-thread-1]: now apply all deletes for all segments maxDoc=0
[coreCloseExecutor-25-thread-1] INFO org.apache.solr.update.LoggingInfoStream - [BD][coreCloseExecutor-25-thread-1]: prune sis=segments_1:  minGen=9223372036854775807 packetCount=0
[coreCloseExecutor-25-thread-1] INFO org.apache.solr.update.LoggingInfoStream - [MS][coreCloseExecutor-25-thread-1]: initDynamicDefaults spins=false maxThreadCount=2 maxMergeCount=7
[coreCloseExecutor-25-thread-1] INFO org.apache.solr.update.LoggingInfoStream - [MS][coreCloseExecutor-25-thread-1]: updateMergeThreads ioThrottle=true targetMBPerSec=10240.0 MB/sec
[coreCloseExecutor-25-thread-1] INFO org.apache.solr.update.LoggingInfoStream - [MS][coreCloseExecutor-25-thread-1]: now merge
[coreCloseExecutor-25-thread-1] INFO org.apache.solr.update.LoggingInfoStream - [MS][coreCloseExecutor-25-thread-1]:   index: 
[coreCloseExecutor-25-thread-1] INFO org.apache.solr.update.LoggingInfoStream - [MS][coreCloseExecutor-25-thread-1]:   no more merges pending; now return
[coreCloseExecutor-25-thread-1] INFO org.apache.solr.update.LoggingInfoStream - [IW][coreCloseExecutor-25-thread-1]: waitForMerges
[coreCloseExecutor-25-thread-1] INFO org.apache.solr.update.LoggingInfoStream - [IW][coreCloseExecutor-25-thread-1]: waitForMerges done
[coreCloseExecutor-25-thread-1] INFO org.apache.solr.update.LoggingInfoStream - [IW][coreCloseExecutor-25-thread-1]: commit: start
[coreCloseExecutor-25-thread-1] INFO org.apache.solr.update.LoggingInfoStream - [IW][coreCloseExecutor-25-thread-1]: commit: enter lock
[coreCloseExecutor-25-thread-1] INFO org.apache.solr.update.LoggingInfoStream - [IW][coreCloseExecutor-25-thread-1]: commit: now prepare
[coreCloseExecutor-25-thread-1] INFO org.apache.solr.update.LoggingInfoStream - [IW][coreCloseExecutor-25-thread-1]: prepareCommit: flush
[coreCloseExecutor-25-thread-1] INFO org.apache.solr.update.LoggingInfoStream - [IW][coreCloseExecutor-25-thread-1]:   index before flush 
[coreCloseExecutor-25-thread-1] INFO org.apache.solr.update.LoggingInfoStream - [DW][coreCloseExecutor-25-thread-1]: startFullFlush
[coreCloseExecutor-25-thread-1] INFO org.apache.solr.update.LoggingInfoStream - [IW][coreCloseExecutor-25-thread-1]: apply all deletes during flush
[coreCloseExecutor-25-thread-1] INFO org.apache.solr.update.LoggingInfoStream - [IW][coreCloseExecutor-25-thread-1]: now apply all deletes for all segments maxDoc=0
[coreCloseExecutor-25-thread-1] INFO org.apache.solr.update.LoggingInfoStream - [BD][coreCloseExecutor-25-thread-1]: prune sis=segments_1:  minGen=9223372036854775807 packetCount=0
[coreCloseExecutor-25-thread-1] INFO org.apache.solr.update.LoggingInfoStream - [DW][coreCloseExecutor-25-thread-1]: coreCloseExecutor-25-thread-1 finishFullFlush success=true
[coreCloseExecutor-25-thread-1] INFO org.apache.solr.update.LoggingInfoStream - [IW][coreCloseExecutor-25-thread-1]: startCommit(): start
[coreCloseExecutor-25-thread-1] INFO org.apache.solr.update.LoggingInfoStream - [IW][coreCloseExecutor-25-thread-1]:   skip startCommit(): no changes pending
[coreCloseExecutor-25-thread-1] INFO org.apache.solr.update.LoggingInfoStream - [IW][coreCloseExecutor-25-thread-1]: commit: pendingCommit == null; skip
[coreCloseExecutor-25-thread-1] INFO org.apache.solr.update.LoggingInfoStream - [IW][coreCloseExecutor-25-thread-1]: commit: took 0.4 msec
[coreCloseExecutor-25-thread-1] INFO org.apache.solr.update.LoggingInfoStream - [IW][coreCloseExecutor-25-thread-1]: commit: done
[coreCloseExecutor-25-thread-1] INFO org.apache.solr.update.LoggingInfoStream - [IW][coreCloseExecutor-25-thread-1]: rollback
[coreCloseExecutor-25-thread-1] INFO org.apache.solr.update.LoggingInfoStream - [IW][coreCloseExecutor-25-thread-1]: all running merges have aborted
[coreCloseExecutor-25-thread-1] INFO org.apache.solr.update.LoggingInfoStream - [IW][coreCloseExecutor-25-thread-1]: rollback: done finish merges
[coreCloseExecutor-25-thread-1] INFO org.apache.solr.update.LoggingInfoStream - [DW][coreCloseExecutor-25-thread-1]: abort
[coreCloseExecutor-25-thread-1] INFO org.apache.solr.update.LoggingInfoStream - [DW][coreCloseExecutor-25-thread-1]: done abort success=true
[coreCloseExecutor-25-thread-1] INFO org.apache.solr.update.LoggingInfoStream - [IW][coreCloseExecutor-25-thread-1]: rollback: infos=
[coreCloseExecutor-25-thread-1] INFO org.apache.solr.update.LoggingInfoStream - [IFD][coreCloseExecutor-25-thread-1]: now checkpoint "" [0 segments ; isCommit = false]
[coreCloseExecutor-25-thread-1] INFO org.apache.solr.update.LoggingInfoStream - [IFD][coreCloseExecutor-25-thread-1]: 0 msec to checkpoint
[coreCloseExecutor-25-thread-1] INFO org.apache.solr.core.SolrCore - [core] Closing main searcher on request.
[coreCloseExecutor-25-thread-1] INFO org.apache.solr.core.CachingDirectoryFactory - Closing NRTCachingDirectoryFactory - 2 directories currently being tracked
[coreCloseExecutor-25-thread-1] INFO org.apache.solr.core.CachingDirectoryFactory - looking to close /tmp/solr-home6040695726733616634/core/data/index [CachedDir<<refCount=0;path=/tmp/solr-home6040695726733616634/core/data/index;done=false>>]
[coreCloseExecutor-25-thread-1] INFO org.apache.solr.core.CachingDirectoryFactory - Closing directory: /tmp/solr-home6040695726733616634/core/data/index
[coreCloseExecutor-25-thread-1] INFO org.apache.solr.core.CachingDirectoryFactory - looking to close /tmp/solr-home6040695726733616634/core/data [CachedDir<<refCount=0;path=/tmp/solr-home6040695726733616634/core/data;done=false>>]
[coreCloseExecutor-25-thread-1] INFO org.apache.solr.core.CachingDirectoryFactory - Closing directory: /tmp/solr-home6040695726733616634/core/data
]]></system-err>
</testsuite>
